<?xml version="1.0" encoding="UTF-8"?>
<testsuites tests="3" failures="0" errors="0" skipped="0">
  <testsuite timestamp="2025-10-05T22:03:28" time="136.677" tests="3" failures="0" errors="0" skipped="0">
    <properties>
      <property name="specId" value="0"/>
      <property name="suiteName" value="Sanity Tests"/>
      <property name="capabilities" value="chrome.140_0_7339_208.windows"/>
      <property name="file" value="file:///D:/a/1/s/test/specs/General/sanity.spec.js"/>
    </properties>
    <testcase classname="chrome.140_0_7339_208.windows.Sanity_Tests" name="Should open Funding Asset page" time="27.804">
      <system-out><![CDATA[
COMMAND: POST /session/eca819b7e1dd5faecc22bf643d4d332c/execute/async - {"script":"<script> [21 bytes]","args":[{"selector":{"controlType":"sap.m.GenericTile","properties":{"header":"Funding Asset"}},"wdio_ui5_key":"sapm.GenericTile{\"header\":\"Funding Asset\"}"}]}
RESULT: {"script":"<script> [21 bytes]","args":[{"selector":{"controlType":"sap.m.GenericTile","properties":{"header":"Funding Asset"}},"wdio_ui5_key":"sapm.GenericTile{\"header\":\"Funding Asset\"}"}]}
RESULT: undefined
COMMAND: POST /session/eca819b7e1dd5faecc22bf643d4d332c/element - {"using":"xpath","value":"//*[@id=\"__tile53\"]"}
RESULT: {"using":"xpath","value":"//*[@id=\"__tile53\"]"}
COMMAND: POST /session/eca819b7e1dd5faecc22bf643d4d332c/element/f.DF7ADB9ECAE5DA10AB5525ED866A203E.d.730B1B428198ED13E4CCF223CC13F1CF.e.71/click - {}
RESULT: {}
COMMAND: GET /session/eca819b7e1dd5faecc22bf643d4d332c/screenshot - {}
RESULT: {}
RESULT: undefined
COMMAND: POST /session/eca819b7e1dd5faecc22bf643d4d332c/element - {"using":"xpath","value":"//*[@id=\"__tile53\"]"}
RESULT: {"using":"xpath","value":"//*[@id=\"__tile53\"]"}
COMMAND: POST /session/eca819b7e1dd5faecc22bf643d4d332c/element/f.DF7ADB9ECAE5DA10AB5525ED866A203E.d.730B1B428198ED13E4CCF223CC13F1CF.e.181/click - {}
RESULT: undefined
COMMAND: POST /session/eca819b7e1dd5faecc22bf643d4d332c/element - {"using":"xpath","value":"//*[@id=\"__tile53\"]"}
RESULT: {"using":"xpath","value":"//*[@id=\"__tile53\"]"}
COMMAND: POST /session/eca819b7e1dd5faecc22bf643d4d332c/element/f.DF7ADB9ECAE5DA10AB5525ED866A203E.d.730B1B428198ED13E4CCF223CC13F1CF.e.181/click - {}
COMMAND: POST /session/eca819b7e1dd5faecc22bf643d4d332c/execute/async - {"script":"<script> [21 bytes]","args":[{"selector":{"id":"shellAppTitle"},"wdio_ui5_key":"shellAppTitle"}]}
RESULT: {"script":"<script> [21 bytes]","args":[{"selector":{"id":"shellAppTitle"},"wdio_ui5_key":"shellAppTitle"}]}
RESULT: undefined
COMMAND: POST /session/eca819b7e1dd5faecc22bf643d4d332c/execute/async - {"script":"<script> [21 bytes]","args":[{"element-6066-11e4-a52e-4f735466cecf":"f.DF7ADB9ECAE5DA10AB5525ED866A203E.d.730B1B428198ED13E4CCF223CC13F1CF.e.214"},"getTitle",[]]}
RESULT: {"script":"<script> [21 bytes]","args":[{"element-6066-11e4-a52e-4f735466cecf":"f.DF7ADB9ECAE5DA10AB5525ED866A203E.d.730B1B428198ED13E4CCF223CC13F1CF.e.214"},"getTitle",[]]}
COMMAND: POST /session/eca819b7e1dd5faecc22bf643d4d332c/execute/async - {"script":"<script> [21 bytes]","args":[{"selector":{"id":"backBtn"},"wdio_ui5_key":"backBtn"}]}
RESULT: {"script":"<script> [21 bytes]","args":[{"selector":{"id":"backBtn"},"wdio_ui5_key":"backBtn"}]}
RESULT: undefined
COMMAND: POST /session/eca819b7e1dd5faecc22bf643d4d332c/element - {"using":"xpath","value":"//*[@id=\"backBtn\"]"}
RESULT: {"using":"xpath","value":"//*[@id=\"backBtn\"]"}
COMMAND: POST /session/eca819b7e1dd5faecc22bf643d4d332c/element/f.DF7ADB9ECAE5DA10AB5525ED866A203E.d.730B1B428198ED13E4CCF223CC13F1CF.e.215/click - {}
RESULT: {}
COMMAND: GET /session/eca819b7e1dd5faecc22bf643d4d332c/screenshot - {}
RESULT: {}
COMMAND: GET /session/eca819b7e1dd5faecc22bf643d4d332c/screenshot - {}
]]></system-out>
    </testcase>
    <testcase classname="chrome.140_0_7339_208.windows.Sanity_Tests" name="Should open Funding Debtor page" time="25.476">
      <system-out><![CDATA[
COMMAND: POST /session/eca819b7e1dd5faecc22bf643d4d332c/execute/async - {"script":"<script> [21 bytes]","args":[{"selector":{"controlType":"sap.m.GenericTile","properties":{"header":"Funding Debtor"}},"wdio_ui5_key":"sapm.GenericTile{\"header\":\"Funding Debtor\"}"}]}
RESULT: {}
RESULT: {"script":"<script> [21 bytes]","args":[{"selector":{"controlType":"sap.m.GenericTile","properties":{"header":"Funding Debtor"}},"wdio_ui5_key":"sapm.GenericTile{\"header\":\"Funding Debtor\"}"}]}
RESULT: undefined
COMMAND: POST /session/eca819b7e1dd5faecc22bf643d4d332c/element - {"using":"xpath","value":"//*[@id=\"__tile54\"]"}
RESULT: {"using":"xpath","value":"//*[@id=\"__tile54\"]"}
COMMAND: POST /session/eca819b7e1dd5faecc22bf643d4d332c/element/f.DF7ADB9ECAE5DA10AB5525ED866A203E.d.730B1B428198ED13E4CCF223CC13F1CF.e.220/click - {}
RESULT: {}
COMMAND: GET /session/eca819b7e1dd5faecc22bf643d4d332c/screenshot - {}
RESULT: {}
RESULT: undefined
COMMAND: POST /session/eca819b7e1dd5faecc22bf643d4d332c/element - {"using":"xpath","value":"//*[@id=\"__tile54\"]"}
RESULT: {"using":"xpath","value":"//*[@id=\"__tile54\"]"}
COMMAND: POST /session/eca819b7e1dd5faecc22bf643d4d332c/element/f.DF7ADB9ECAE5DA10AB5525ED866A203E.d.730B1B428198ED13E4CCF223CC13F1CF.e.307/click - {}
RESULT: undefined
COMMAND: POST /session/eca819b7e1dd5faecc22bf643d4d332c/element - {"using":"xpath","value":"//*[@id=\"__tile54\"]"}
RESULT: {"using":"xpath","value":"//*[@id=\"__tile54\"]"}
COMMAND: POST /session/eca819b7e1dd5faecc22bf643d4d332c/element/f.DF7ADB9ECAE5DA10AB5525ED866A203E.d.730B1B428198ED13E4CCF223CC13F1CF.e.307/click - {}
RESULT: undefined
COMMAND: POST /session/eca819b7e1dd5faecc22bf643d4d332c/execute/async - {"script":"<script> [21 bytes]","args":[{"element-6066-11e4-a52e-4f735466cecf":"f.DF7ADB9ECAE5DA10AB5525ED866A203E.d.730B1B428198ED13E4CCF223CC13F1CF.e.214"},"getTitle",[]]}
RESULT: {"script":"<script> [21 bytes]","args":[{"element-6066-11e4-a52e-4f735466cecf":"f.DF7ADB9ECAE5DA10AB5525ED866A203E.d.730B1B428198ED13E4CCF223CC13F1CF.e.214"},"getTitle",[]]}
RESULT: undefined
COMMAND: POST /session/eca819b7e1dd5faecc22bf643d4d332c/element/f.DF7ADB9ECAE5DA10AB5525ED866A203E.d.730B1B428198ED13E4CCF223CC13F1CF.e.215/click - {}
RESULT: {}
COMMAND: GET /session/eca819b7e1dd5faecc22bf643d4d332c/screenshot - {}
RESULT: {}
COMMAND: GET /session/eca819b7e1dd5faecc22bf643d4d332c/screenshot - {}
]]></system-out>
    </testcase>
    <testcase classname="chrome.140_0_7339_208.windows.Sanity_Tests" name="Should open Asset Warehouse page" time="26.607">
      <system-out><![CDATA[
COMMAND: POST /session/eca819b7e1dd5faecc22bf643d4d332c/execute/async - {"script":"<script> [21 bytes]","args":[{"selector":{"controlType":"sap.m.GenericTile","properties":{"header":"Asset Warehouse"}},"wdio_ui5_key":"sapm.GenericTile{\"header\":\"Asset Warehouse\"}"}]}
RESULT: {}
RESULT: {"script":"<script> [21 bytes]","args":[{"selector":{"controlType":"sap.m.GenericTile","properties":{"header":"Asset Warehouse"}},"wdio_ui5_key":"sapm.GenericTile{\"header\":\"Asset Warehouse\"}"}]}
RESULT: undefined
COMMAND: POST /session/eca819b7e1dd5faecc22bf643d4d332c/element - {"using":"xpath","value":"//*[@id=\"__tile55\"]"}
RESULT: {"using":"xpath","value":"//*[@id=\"__tile55\"]"}
COMMAND: POST /session/eca819b7e1dd5faecc22bf643d4d332c/element/f.DF7ADB9ECAE5DA10AB5525ED866A203E.d.730B1B428198ED13E4CCF223CC13F1CF.e.313/click - {}
RESULT: {}
COMMAND: GET /session/eca819b7e1dd5faecc22bf643d4d332c/screenshot - {}
RESULT: {}
RESULT: undefined
COMMAND: POST /session/eca819b7e1dd5faecc22bf643d4d332c/element - {"using":"xpath","value":"//*[@id=\"__tile55\"]"}
RESULT: {"using":"xpath","value":"//*[@id=\"__tile55\"]"}
COMMAND: POST /session/eca819b7e1dd5faecc22bf643d4d332c/element/f.DF7ADB9ECAE5DA10AB5525ED866A203E.d.730B1B428198ED13E4CCF223CC13F1CF.e.432/click - {}
RESULT: undefined
COMMAND: POST /session/eca819b7e1dd5faecc22bf643d4d332c/element - {"using":"xpath","value":"//*[@id=\"__tile55\"]"}
RESULT: {"using":"xpath","value":"//*[@id=\"__tile55\"]"}
COMMAND: POST /session/eca819b7e1dd5faecc22bf643d4d332c/element/f.DF7ADB9ECAE5DA10AB5525ED866A203E.d.730B1B428198ED13E4CCF223CC13F1CF.e.432/click - {}
RESULT: undefined
COMMAND: POST /session/eca819b7e1dd5faecc22bf643d4d332c/execute/async - {"script":"<script> [21 bytes]","args":[{"element-6066-11e4-a52e-4f735466cecf":"f.DF7ADB9ECAE5DA10AB5525ED866A203E.d.730B1B428198ED13E4CCF223CC13F1CF.e.214"},"getTitle",[]]}
RESULT: {"script":"<script> [21 bytes]","args":[{"element-6066-11e4-a52e-4f735466cecf":"f.DF7ADB9ECAE5DA10AB5525ED866A203E.d.730B1B428198ED13E4CCF223CC13F1CF.e.214"},"getTitle",[]]}
RESULT: undefined
COMMAND: POST /session/eca819b7e1dd5faecc22bf643d4d332c/element/f.DF7ADB9ECAE5DA10AB5525ED866A203E.d.730B1B428198ED13E4CCF223CC13F1CF.e.215/click - {}
COMMAND: POST /session/eca819b7e1dd5faecc22bf643d4d332c/element - {"using":"xpath","value":"//*[@id=\"backBtn\"]"}
RESULT: {"using":"xpath","value":"//*[@id=\"backBtn\"]"}
COMMAND: POST /session/eca819b7e1dd5faecc22bf643d4d332c/element/f.DF7ADB9ECAE5DA10AB5525ED866A203E.d.730B1B428198ED13E4CCF223CC13F1CF.e.215/click - {}
COMMAND: POST /session/eca819b7e1dd5faecc22bf643d4d332c/element - {"using":"xpath","value":"//*[@id=\"backBtn\"]"}
RESULT: {"using":"xpath","value":"//*[@id=\"backBtn\"]"}
COMMAND: POST /session/eca819b7e1dd5faecc22bf643d4d332c/element/f.DF7ADB9ECAE5DA10AB5525ED866A203E.d.730B1B428198ED13E4CCF223CC13F1CF.e.439/click - {}
RESULT: {}
COMMAND: GET /session/eca819b7e1dd5faecc22bf643d4d332c/screenshot - {}
RESULT: {}
COMMAND: GET /session/eca819b7e1dd5faecc22bf643d4d332c/screenshot - {}
COMMAND: DELETE /session/eca819b7e1dd5faecc22bf643d4d332c - {}
RESULT: {}
RESULT: {}
]]></system-out>
    </testcase>
  </testsuite>
</testsuites>