<?xml version="1.0" encoding="UTF-8"?>
<testsuites tests="7" failures="2" errors="2" skipped="2">
  <testsuite timestamp="2025-09-30T22:26:33" time="179.692" tests="7" failures="2" errors="2" skipped="2">
    <properties>
      <property name="specId" value="0"/>
      <property name="suiteName" value="Funding Program"/>
      <property name="capabilities" value="chrome.140_0_7339_186.windows"/>
      <property name="file" value="file:///D:/a/1/s/test/specs/BusinessObjects/FundingProgram.spec.js"/>
    </properties>
    <testcase classname="chrome.140_0_7339_186.windows.Funding_Program" name="Should create Program" time="26.619">
      <system-out><![CDATA[
COMMAND: POST /session/e11efdad1668c18cd1f30e3f70c19fa7/execute/async - {"script":"<script> [21 bytes]","args":[{"selector":{"controlType":"sap.m.GenericTile","properties":{"header":"Funding Program"}},"wdio_ui5_key":"sapm.GenericTile{\"header\":\"Funding Program\"}"}]}
RESULT: {"script":"<script> [21 bytes]","args":[{"selector":{"controlType":"sap.m.GenericTile","properties":{"header":"Funding Program"}},"wdio_ui5_key":"sapm.GenericTile{\"header\":\"Funding Program\"}"}]}
RESULT: undefined
COMMAND: POST /session/e11efdad1668c18cd1f30e3f70c19fa7/element - {"using":"xpath","value":"//*[@id=\"__tile30\"]"}
RESULT: {"using":"xpath","value":"//*[@id=\"__tile30\"]"}
COMMAND: POST /session/e11efdad1668c18cd1f30e3f70c19fa7/element/f.E6E58AF1024E860701E2AF88726AAEBB.d.46EC10D287A76239681C8A154E5BE810.e.69/click - {}
RESULT: {}
COMMAND: POST /session/e11efdad1668c18cd1f30e3f70c19fa7/execute/async - {"script":"<script> [21 bytes]","args":[{"selector":{"id":"rfm.programui::xRFMxCU_ProgramList--fe::table::allTab::LineItem::StandardAction::Create","controlType":"sap.m.Button"},"wdio_ui5_key":"rfmprogramui::xRFMxCU_ProgramList--fe::table::allTab::LineItem::StandardAction::Createsap.m.Button"}]}
COMMAND: GET /session/e11efdad1668c18cd1f30e3f70c19fa7/screenshot - {}
RESULT: {"script":"<script> [21 bytes]","args":[{"selector":{"id":"rfm.programui::xRFMxCU_ProgramList--fe::table::allTab::LineItem::StandardAction::Create","controlType":"sap.m.Button"},"wdio_ui5_key":"rfmprogramui::xRFMxCU_ProgramList--fe::table::allTab::LineItem::StandardAction::Createsap.m.Button"}]}
RESULT: undefined
COMMAND: POST /session/e11efdad1668c18cd1f30e3f70c19fa7/element - {"using":"xpath","value":"//*[@id=\"rfm.programui::xRFMxCU_ProgramList--fe::table::allTab::LineItem::StandardAction::Create\"]"}
RESULT: {}
RESULT: {"using":"xpath","value":"//*[@id=\"rfm.programui::xRFMxCU_ProgramList--fe::table::allTab::LineItem::StandardAction::Create\"]"}
COMMAND: POST /session/e11efdad1668c18cd1f30e3f70c19fa7/element/f.E6E58AF1024E860701E2AF88726AAEBB.d.46EC10D287A76239681C8A154E5BE810.e.195/click - {}
RESULT: {}
COMMAND: POST /session/e11efdad1668c18cd1f30e3f70c19fa7/execute/async - {"script":"<script> [21 bytes]","args":[{"selector":{"id":"CreateDialog::xRFMxCU_ProgramType::FundingScope-inner-vhi","searchOpenDialogs":true},"wdio_ui5_key":"CreateDialogxRFMxCU_ProgramType::FundingScope-inner-vhi"}]}
COMMAND: GET /session/e11efdad1668c18cd1f30e3f70c19fa7/screenshot - {}
RESULT: {"script":"<script> [21 bytes]","args":[{"selector":{"id":"CreateDialog::xRFMxCU_ProgramType::FundingScope-inner-vhi","searchOpenDialogs":true},"wdio_ui5_key":"CreateDialogxRFMxCU_ProgramType::FundingScope-inner-vhi"}]}
RESULT: undefined
COMMAND: POST /session/e11efdad1668c18cd1f30e3f70c19fa7/element - {"using":"xpath","value":"//*[@id=\"CreateDialog::xRFMxCU_ProgramType::FundingScope-inner-vhi\"]"}
RESULT: {}
RESULT: {"using":"xpath","value":"//*[@id=\"CreateDialog::xRFMxCU_ProgramType::FundingScope-inner-vhi\"]"}
COMMAND: POST /session/e11efdad1668c18cd1f30e3f70c19fa7/element/f.E6E58AF1024E860701E2AF88726AAEBB.d.46EC10D287A76239681C8A154E5BE810.e.297/click - {}
RESULT: {}
COMMAND: POST /session/e11efdad1668c18cd1f30e3f70c19fa7/execute/async - {"script":"<script> [21 bytes]","args":[{"selector":{"controlType":"sap.fe.macros.controls.FieldWrapper","viewName":"sap.fe.templates.ObjectPage.ObjectPage","viewId":"rfm.programui::xRFMxCU_ProgramObjectPage","searchOpenDialogs":true,"ancestor":{"controlType":"sap.m.ColumnListItem","viewName":"sap.fe.templates.ObjectPage.ObjectPage","viewId":"rfm.programui::xRFMxCU_ProgramObjectPage","bindingPath":{"path":"/xRFMxCH_FundingScope($uid=id-1741785288444-920)"},"ancestor":{"id":"FundingScope::VH::Popover::qualifier::::SuggestTable","searchOpenDialogs":true}}},"wdio_ui5_key":"sapfe.templates.ObjectPage.ObjectPagesap.fe.macros.controls.FieldWrapper{\"controlType\":\"sap.m.ColumnListItem\",\"viewName\":\"sap.fe.templates.ObjectPage.ObjectPage\",\"viewId\":\"rfm.programui::xRFMxCU_ProgramObjectPage\",\"bindingPath\":{\"path\":\"/xRFMxCH_FundingScope($uid=id-1741785288444-920)\"},\"ancestor\":{\"id\":\"FundingScope::VH::Popover::qualifier::::SuggestTable\",\"searchOpenDialogs\":true}}"}]}
COMMAND: GET /session/e11efdad1668c18cd1f30e3f70c19fa7/screenshot - {}
RESULT: {"script":"<script> [21 bytes]","args":[{"selector":{"controlType":"sap.fe.macros.controls.FieldWrapper","viewName":"sap.fe.templates.ObjectPage.ObjectPage","viewId":"rfm.programui::xRFMxCU_ProgramObjectPage","searchOpenDialogs":true,"ancestor":{"controlType":"sap.m.ColumnListItem","viewName":"sap.fe.templates.ObjectPage.ObjectPage","viewId":"rfm.programui::xRFMxCU_ProgramObjectPage","bindingPath":{"path":"/xRFMxCH_FundingScope($uid=id-1741785288444-920)"},"ancestor":{"id":"FundingScope::VH::Popover::qualifier::::SuggestTable","searchOpenDialogs":true}}},"wdio_ui5_key":"sapfe.templates.ObjectPage.ObjectPagesap.fe.macros.controls.FieldWrapper{\"controlType\":\"sap.m.ColumnListItem\",\"viewName\":\"sap.fe.templates.ObjectPage.ObjectPage\",\"viewId\":\"rfm.programui::xRFMxCU_ProgramObjectPage\",\"bindingPath\":{\"path\":\"/xRFMxCH_FundingScope($uid=id-1741785288444-920)\"},\"ancestor\":{\"id\":\"FundingScope::VH::Popover::qualifier::::SuggestTable\",\"searchOpenDialogs\":true}}"}]}
RESULT: undefined
COMMAND: POST /session/e11efdad1668c18cd1f30e3f70c19fa7/execute/async - {"script":"<script> [21 bytes]","args":[{"selector":{"id":"CreateDialog::xRFMxCU_ProgramType::ValidFrom-inner","searchOpenDialogs":true,"interaction":{"idSuffix":"inner"}},"wdio_ui5_key":"CreateDialogxRFMxCU_ProgramType::ValidFrom-inner"}]}
RESULT: {}
RESULT: {"script":"<script> [21 bytes]","args":[{"selector":{"id":"CreateDialog::xRFMxCU_ProgramType::ValidFrom-inner","searchOpenDialogs":true,"interaction":{"idSuffix":"inner"}},"wdio_ui5_key":"CreateDialogxRFMxCU_ProgramType::ValidFrom-inner"}]}
RESULT: undefined
COMMAND: POST /session/e11efdad1668c18cd1f30e3f70c19fa7/execute/async - {"script":"<script> [21 bytes]","args":[{"element-6066-11e4-a52e-4f735466cecf":"f.E6E58AF1024E860701E2AF88726AAEBB.d.46EC10D287A76239681C8A154E5BE810.e.284"},"setValue",["2025-02-28"]]}
RESULT: {"script":"<script> [21 bytes]","args":[{"element-6066-11e4-a52e-4f735466cecf":"f.E6E58AF1024E860701E2AF88726AAEBB.d.46EC10D287A76239681C8A154E5BE810.e.284"},"setValue",["2025-02-28"]]}
COMMAND: POST /session/e11efdad1668c18cd1f30e3f70c19fa7/execute/async - {"script":"<script> [21 bytes]","args":[{"selector":{"id":"CreateDialog::xRFMxCU_ProgramType::PortfolioId-inner-vhi","searchOpenDialogs":true},"wdio_ui5_key":"CreateDialogxRFMxCU_ProgramType::PortfolioId-inner-vhi"}]}
RESULT: {"script":"<script> [21 bytes]","args":[{"selector":{"id":"CreateDialog::xRFMxCU_ProgramType::PortfolioId-inner-vhi","searchOpenDialogs":true},"wdio_ui5_key":"CreateDialogxRFMxCU_ProgramType::PortfolioId-inner-vhi"}]}
RESULT: undefined
COMMAND: POST /session/e11efdad1668c18cd1f30e3f70c19fa7/element - {"using":"xpath","value":"//*[@id=\"CreateDialog::xRFMxCU_ProgramType::PortfolioId-inner-vhi\"]"}
RESULT: {"using":"xpath","value":"//*[@id=\"CreateDialog::xRFMxCU_ProgramType::PortfolioId-inner-vhi\"]"}
COMMAND: POST /session/e11efdad1668c18cd1f30e3f70c19fa7/element/f.E6E58AF1024E860701E2AF88726AAEBB.d.46EC10D287A76239681C8A154E5BE810.e.300/click - {}
RESULT: {}
COMMAND: POST /session/e11efdad1668c18cd1f30e3f70c19fa7/execute/async - {"script":"<script> [21 bytes]","args":[{"selector":{"controlType":"sap.fe.macros.controls.FieldWrapper","viewName":"sap.fe.templates.ObjectPage.ObjectPage","viewId":"rfm.programui::xRFMxCU_ProgramObjectPage","searchOpenDialogs":true,"ancestor":{"controlType":"sap.m.ColumnListItem","viewName":"sap.fe.templates.ObjectPage.ObjectPage","viewId":"rfm.programui::xRFMxCU_ProgramObjectPage","bindingPath":{"path":"/xRFMxCH_FundingName($uid=id-1741785191019-900)"},"ancestor":{"id":"PortfolioId::VH::Popover::qualifier::::SuggestTable","searchOpenDialogs":true}}},"wdio_ui5_key":"sapfe.templates.ObjectPage.ObjectPagesap.fe.macros.controls.FieldWrapper{\"controlType\":\"sap.m.ColumnListItem\",\"viewName\":\"sap.fe.templates.ObjectPage.ObjectPage\",\"viewId\":\"rfm.programui::xRFMxCU_ProgramObjectPage\",\"bindingPath\":{\"path\":\"/xRFMxCH_FundingName($uid=id-1741785191019-900)\"},\"ancestor\":{\"id\":\"PortfolioId::VH::Popover::qualifier::::SuggestTable\",\"searchOpenDialogs\":true}}"}]}
COMMAND: GET /session/e11efdad1668c18cd1f30e3f70c19fa7/screenshot - {}
RESULT: {"script":"<script> [21 bytes]","args":[{"selector":{"controlType":"sap.fe.macros.controls.FieldWrapper","viewName":"sap.fe.templates.ObjectPage.ObjectPage","viewId":"rfm.programui::xRFMxCU_ProgramObjectPage","searchOpenDialogs":true,"ancestor":{"controlType":"sap.m.ColumnListItem","viewName":"sap.fe.templates.ObjectPage.ObjectPage","viewId":"rfm.programui::xRFMxCU_ProgramObjectPage","bindingPath":{"path":"/xRFMxCH_FundingName($uid=id-1741785191019-900)"},"ancestor":{"id":"PortfolioId::VH::Popover::qualifier::::SuggestTable","searchOpenDialogs":true}}},"wdio_ui5_key":"sapfe.templates.ObjectPage.ObjectPagesap.fe.macros.controls.FieldWrapper{\"controlType\":\"sap.m.ColumnListItem\",\"viewName\":\"sap.fe.templates.ObjectPage.ObjectPage\",\"viewId\":\"rfm.programui::xRFMxCU_ProgramObjectPage\",\"bindingPath\":{\"path\":\"/xRFMxCH_FundingName($uid=id-1741785191019-900)\"},\"ancestor\":{\"id\":\"PortfolioId::VH::Popover::qualifier::::SuggestTable\",\"searchOpenDialogs\":true}}"}]}
RESULT: undefined
RESULT: {}
COMMAND: POST /session/e11efdad1668c18cd1f30e3f70c19fa7/execute/async - {"script":"<script> [21 bytes]","args":[{"selector":{"controlType":"sap.m.Button","viewName":"sap.fe.templates.ObjectPage.ObjectPage","viewId":"rfm.programui::xRFMxCU_ProgramObjectPage","properties":{"text":"Continue"},"searchOpenDialogs":true,"interaction":{"idSuffix":"BDI-content"}},"wdio_ui5_key":"sapfe.templates.ObjectPage.ObjectPagesap.m.Button{\"text\":\"Continue\"}"}]}
RESULT: {"script":"<script> [21 bytes]","args":[{"selector":{"controlType":"sap.m.Button","viewName":"sap.fe.templates.ObjectPage.ObjectPage","viewId":"rfm.programui::xRFMxCU_ProgramObjectPage","properties":{"text":"Continue"},"searchOpenDialogs":true,"interaction":{"idSuffix":"BDI-content"}},"wdio_ui5_key":"sapfe.templates.ObjectPage.ObjectPagesap.m.Button{\"text\":\"Continue\"}"}]}
RESULT: undefined
COMMAND: POST /session/e11efdad1668c18cd1f30e3f70c19fa7/element - {"using":"xpath","value":"//*[@id=\"__button198\"]"}
RESULT: {"using":"xpath","value":"//*[@id=\"__button198\"]"}
COMMAND: POST /session/e11efdad1668c18cd1f30e3f70c19fa7/element/f.E6E58AF1024E860701E2AF88726AAEBB.d.46EC10D287A76239681C8A154E5BE810.e.303/click - {}
RESULT: {}
COMMAND: POST /session/e11efdad1668c18cd1f30e3f70c19fa7/execute/async - {"script":"<script> [21 bytes]","args":[{"selector":{"id":"rfm.programui::xRFMxCU_ProgramObjectPage--fe::CustomSubSection::CustomDetailsSection--fe::FormContainer::FieldGroup::basicData1::FormElement::DataField::Currency::Field-edit-inner","interaction":{"idSuffix":"inner"}},"wdio_ui5_key":"rfmprogramui::xRFMxCU_ProgramObjectPage--fe::CustomSubSection::CustomDetailsSection--fe::FormContainer::FieldGroup::basicData1::FormElement::DataField::Currency::Field-edit-inner"}]}
COMMAND: GET /session/e11efdad1668c18cd1f30e3f70c19fa7/screenshot - {}
RESULT: {"script":"<script> [21 bytes]","args":[{"selector":{"id":"rfm.programui::xRFMxCU_ProgramObjectPage--fe::CustomSubSection::CustomDetailsSection--fe::FormContainer::FieldGroup::basicData1::FormElement::DataField::Currency::Field-edit-inner","interaction":{"idSuffix":"inner"}},"wdio_ui5_key":"rfmprogramui::xRFMxCU_ProgramObjectPage--fe::CustomSubSection::CustomDetailsSection--fe::FormContainer::FieldGroup::basicData1::FormElement::DataField::Currency::Field-edit-inner"}]}
RESULT: undefined
COMMAND: POST /session/e11efdad1668c18cd1f30e3f70c19fa7/execute/async - {"script":"<script> [21 bytes]","args":[{"selector":{"id":"rfm.programui::xRFMxCU_ProgramObjectPage--fe::CustomSubSection::CustomDetailsSection--fe::FormContainer::FieldGroup::basicData1::FormElement::DataField::ValidTo::Field-edit","interaction":{"idSuffix":"inner"}},"wdio_ui5_key":"rfmprogramui::xRFMxCU_ProgramObjectPage--fe::CustomSubSection::CustomDetailsSection--fe::FormContainer::FieldGroup::basicData1::FormElement::DataField::ValidTo::Field-edit"}]}
RESULT: {}
RESULT: {"script":"<script> [21 bytes]","args":[{"selector":{"id":"rfm.programui::xRFMxCU_ProgramObjectPage--fe::CustomSubSection::CustomDetailsSection--fe::FormContainer::FieldGroup::basicData1::FormElement::DataField::ValidTo::Field-edit","interaction":{"idSuffix":"inner"}},"wdio_ui5_key":"rfmprogramui::xRFMxCU_ProgramObjectPage--fe::CustomSubSection::CustomDetailsSection--fe::FormContainer::FieldGroup::basicData1::FormElement::DataField::ValidTo::Field-edit"}]}
RESULT: undefined
COMMAND: POST /session/e11efdad1668c18cd1f30e3f70c19fa7/execute/async - {"script":"<script> [21 bytes]","args":[{"selector":{"id":"rfm.programui::xRFMxCU_ProgramObjectPage--fe::CustomSubSection::CustomDetailsSection--fe::FormContainer::FieldGroup::basicData2::FormElement::DataField::CompanyCode::Field-edit-inner","interaction":{"idSuffix":"inner"}},"wdio_ui5_key":"rfmprogramui::xRFMxCU_ProgramObjectPage--fe::CustomSubSection::CustomDetailsSection--fe::FormContainer::FieldGroup::basicData2::FormElement::DataField::CompanyCode::Field-edit-inner"}]}
RESULT: {"script":"<script> [21 bytes]","args":[{"selector":{"id":"rfm.programui::xRFMxCU_ProgramObjectPage--fe::CustomSubSection::CustomDetailsSection--fe::FormContainer::FieldGroup::basicData2::FormElement::DataField::CompanyCode::Field-edit-inner","interaction":{"idSuffix":"inner"}},"wdio_ui5_key":"rfmprogramui::xRFMxCU_ProgramObjectPage--fe::CustomSubSection::CustomDetailsSection--fe::FormContainer::FieldGroup::basicData2::FormElement::DataField::CompanyCode::Field-edit-inner"}]}
RESULT: undefined
COMMAND: POST /session/e11efdad1668c18cd1f30e3f70c19fa7/execute/async - {"script":"<script> [21 bytes]","args":[{"selector":{"id":"rfm.programui::xRFMxCU_ProgramObjectPage--fe::ObjectPage-anchBar-rfm.programui::xRFMxCU_ProgramObjectPage--fe::EditableHeaderSection-anchor","interaction":{"idSuffix":"text"}},"wdio_ui5_key":"rfmprogramui::xRFMxCU_ProgramObjectPage--fe::ObjectPage-anchBar-rfm.programui::xRFMxCU_ProgramObjectPage--fe::EditableHeaderSection-anchor"}]}
RESULT: {"script":"<script> [21 bytes]","args":[{"selector":{"id":"rfm.programui::xRFMxCU_ProgramObjectPage--fe::ObjectPage-anchBar-rfm.programui::xRFMxCU_ProgramObjectPage--fe::EditableHeaderSection-anchor","interaction":{"idSuffix":"text"}},"wdio_ui5_key":"rfmprogramui::xRFMxCU_ProgramObjectPage--fe::ObjectPage-anchBar-rfm.programui::xRFMxCU_ProgramObjectPage--fe::EditableHeaderSection-anchor"}]}
RESULT: undefined
COMMAND: POST /session/e11efdad1668c18cd1f30e3f70c19fa7/execute/async - {"script":"<script> [21 bytes]","args":[{"selector":{"id":"rfm.programui::xRFMxCU_ProgramObjectPage--fe::HeaderFacet::FormContainer::headerFieldsGP1::FormElement::DataField::Name::Field-edit","interaction":{"idSuffix":"inner"}},"wdio_ui5_key":"rfmprogramui::xRFMxCU_ProgramObjectPage--fe::HeaderFacet::FormContainer::headerFieldsGP1::FormElement::DataField::Name::Field-edit"}]}
RESULT: {"script":"<script> [21 bytes]","args":[{"selector":{"id":"rfm.programui::xRFMxCU_ProgramObjectPage--fe::HeaderFacet::FormContainer::headerFieldsGP1::FormElement::DataField::Name::Field-edit","interaction":{"idSuffix":"inner"}},"wdio_ui5_key":"rfmprogramui::xRFMxCU_ProgramObjectPage--fe::HeaderFacet::FormContainer::headerFieldsGP1::FormElement::DataField::Name::Field-edit"}]}
RESULT: undefined
COMMAND: POST /session/e11efdad1668c18cd1f30e3f70c19fa7/execute/async - {"script":"<script> [21 bytes]","args":[{"selector":{"id":"rfm.programui::xRFMxCU_ProgramObjectPage--fe::FooterBar::StandardAction::Save","interaction":{"idSuffix":"BDI-content"}},"wdio_ui5_key":"rfmprogramui::xRFMxCU_ProgramObjectPage--fe::FooterBar::StandardAction::Save"}]}
RESULT: {"script":"<script> [21 bytes]","args":[{"selector":{"id":"rfm.programui::xRFMxCU_ProgramObjectPage--fe::FooterBar::StandardAction::Save","interaction":{"idSuffix":"BDI-content"}},"wdio_ui5_key":"rfmprogramui::xRFMxCU_ProgramObjectPage--fe::FooterBar::StandardAction::Save"}]}
RESULT: undefined
COMMAND: POST /session/e11efdad1668c18cd1f30e3f70c19fa7/execute/async - {"script":"<script> [21 bytes]","args":[{"selector":{"id":"rfm.programui::xRFMxCU_ProgramObjectPage--fe::HeaderFacet::Form::headerFieldsGP1::DataField::ProgramId::Field-content"},"wdio_ui5_key":"rfmprogramui::xRFMxCU_ProgramObjectPage--fe::HeaderFacet::Form::headerFieldsGP1::DataField::ProgramId::Field-content"}]}
RESULT: {"script":"<script> [21 bytes]","args":[{"selector":{"id":"rfm.programui::xRFMxCU_ProgramObjectPage--fe::HeaderFacet::Form::headerFieldsGP1::DataField::ProgramId::Field-content"},"wdio_ui5_key":"rfmprogramui::xRFMxCU_ProgramObjectPage--fe::HeaderFacet::Form::headerFieldsGP1::DataField::ProgramId::Field-content"}]}
RESULT: undefined
COMMAND: POST /session/e11efdad1668c18cd1f30e3f70c19fa7/execute/async - {"script":"<script> [21 bytes]","args":[{"selector":{"id":"rfm.programui::xRFMxCU_ProgramObjectPage--fe::FooterBar::MessageButton-img"},"wdio_ui5_key":"rfmprogramui::xRFMxCU_ProgramObjectPage--fe::FooterBar::MessageButton-img"}]}
RESULT: {"script":"<script> [21 bytes]","args":[{"selector":{"id":"rfm.programui::xRFMxCU_ProgramObjectPage--fe::FooterBar::MessageButton-img"},"wdio_ui5_key":"rfmprogramui::xRFMxCU_ProgramObjectPage--fe::FooterBar::MessageButton-img"}]}
RESULT: undefined
COMMAND: GET /session/e11efdad1668c18cd1f30e3f70c19fa7/screenshot - {}
]]></system-out>
    </testcase>
    <testcase classname="chrome.140_0_7339_186.windows.Funding_Program" name="Should filter created Program" time="17.709">
      <system-out><![CDATA[
COMMAND: POST /session/e11efdad1668c18cd1f30e3f70c19fa7/execute/async - {"script":"<script> [21 bytes]","args":[{"selector":{"id":"rfm.programui::xRFMxCU_ProgramObjectPage--fe::FCLStandardAction::Close-img"},"wdio_ui5_key":"rfmprogramui::xRFMxCU_ProgramObjectPage--fe::FCLStandardAction::Close-img"}]}
RESULT: {}
RESULT: {"script":"<script> [21 bytes]","args":[{"selector":{"id":"rfm.programui::xRFMxCU_ProgramObjectPage--fe::FCLStandardAction::Close-img"},"wdio_ui5_key":"rfmprogramui::xRFMxCU_ProgramObjectPage--fe::FCLStandardAction::Close-img"}]}
RESULT: undefined
COMMAND: POST /session/e11efdad1668c18cd1f30e3f70c19fa7/element - {"using":"xpath","value":"//*[@id=\"rfm.programui::xRFMxCU_ProgramObjectPage--fe::FCLStandardAction::Close-img\"]"}
RESULT: {"using":"xpath","value":"//*[@id=\"rfm.programui::xRFMxCU_ProgramObjectPage--fe::FCLStandardAction::Close-img\"]"}
COMMAND: POST /session/e11efdad1668c18cd1f30e3f70c19fa7/element/f.E6E58AF1024E860701E2AF88726AAEBB.d.46EC10D287A76239681C8A154E5BE810.e.304/click - {}
COMMAND: POST /session/e11efdad1668c18cd1f30e3f70c19fa7/execute/async - {"script":"<script> [21 bytes]","args":[{"selector":{"id":"rfm.programui::xRFMxCU_ProgramList--fe::FilterBar::xRFMxCU_Program::FilterField::ProgramId-inner","interaction":{"idSuffix":"inner"}},"wdio_ui5_key":"rfmprogramui::xRFMxCU_ProgramList--fe::FilterBar::xRFMxCU_Program::FilterField::ProgramId-inner"}]}
RESULT: {"script":"<script> [21 bytes]","args":[{"selector":{"id":"rfm.programui::xRFMxCU_ProgramList--fe::FilterBar::xRFMxCU_Program::FilterField::ProgramId-inner","interaction":{"idSuffix":"inner"}},"wdio_ui5_key":"rfmprogramui::xRFMxCU_ProgramList--fe::FilterBar::xRFMxCU_Program::FilterField::ProgramId-inner"}]}
RESULT: undefined
COMMAND: POST /session/e11efdad1668c18cd1f30e3f70c19fa7/execute/async - {"script":"<script> [20 bytes]","args":[{"selector":{"id":"rfm.programui::xRFMxCU_ProgramList--fe::FilterBar::xRFMxCU_Program::FilterField::ProgramId-inner","interaction":{"idSuffix":"inner"}},"clearTextFirst":true,"interactionType":"ENTER_TEXT"}]}
RESULT: {"script":"<script> [20 bytes]","args":[{"selector":{"id":"rfm.programui::xRFMxCU_ProgramList--fe::FilterBar::xRFMxCU_Program::FilterField::ProgramId-inner","interaction":{"idSuffix":"inner"}},"clearTextFirst":true,"interactionType":"ENTER_TEXT"}]}
COMMAND: POST /session/e11efdad1668c18cd1f30e3f70c19fa7/execute/async - {"script":"<script> [21 bytes]","args":[{"selector":{"id":"rfm.programui::xRFMxCU_ProgramList--fe::FilterBar::xRFMxCU_Program-btnSearch","interaction":{"idSuffix":"BDI-content"}},"wdio_ui5_key":"rfmprogramui::xRFMxCU_ProgramList--fe::FilterBar::xRFMxCU_Program-btnSearch"}]}
RESULT: {"script":"<script> [21 bytes]","args":[{"selector":{"id":"rfm.programui::xRFMxCU_ProgramList--fe::FilterBar::xRFMxCU_Program-btnSearch","interaction":{"idSuffix":"BDI-content"}},"wdio_ui5_key":"rfmprogramui::xRFMxCU_ProgramList--fe::FilterBar::xRFMxCU_Program-btnSearch"}]}
RESULT: undefined
COMMAND: POST /session/e11efdad1668c18cd1f30e3f70c19fa7/element - {"using":"xpath","value":"//*[@id=\"rfm.programui::xRFMxCU_ProgramList--fe::FilterBar::xRFMxCU_Program-btnSearch\"]"}
RESULT: {"using":"xpath","value":"//*[@id=\"rfm.programui::xRFMxCU_ProgramList--fe::FilterBar::xRFMxCU_Program-btnSearch\"]"}
COMMAND: POST /session/e11efdad1668c18cd1f30e3f70c19fa7/element/f.E6E58AF1024E860701E2AF88726AAEBB.d.46EC10D287A76239681C8A154E5BE810.e.307/click - {}
COMMAND: POST /session/e11efdad1668c18cd1f30e3f70c19fa7/execute/async - {"script":"<script> [21 bytes]","args":[{"selector":{"controlType":"sap.m.Text","viewName":"sap.fe.templates.ListReport.ListReport","viewId":"rfm.programui::xRFMxCU_ProgramList","bindingPath":{"path":"/xRFMxCU_Program(ProgramId='undefined',IsActiveEntity=true)","propertyPath":"ProgramId"}},"wdio_ui5_key":"sapfe.templates.ListReport.ListReportsap.m.Text{\"path\":\"/xRFMxCU_Program(ProgramId='undefined',IsActiveEntity=true)\",\"propertyPath\":\"ProgramId\"}"}]}
RESULT: {"script":"<script> [21 bytes]","args":[{"selector":{"controlType":"sap.m.Text","viewName":"sap.fe.templates.ListReport.ListReport","viewId":"rfm.programui::xRFMxCU_ProgramList","bindingPath":{"path":"/xRFMxCU_Program(ProgramId='undefined',IsActiveEntity=true)","propertyPath":"ProgramId"}},"wdio_ui5_key":"sapfe.templates.ListReport.ListReportsap.m.Text{\"path\":\"/xRFMxCU_Program(ProgramId='undefined',IsActiveEntity=true)\",\"propertyPath\":\"ProgramId\"}"}]}
RESULT: undefined
COMMAND: GET /session/e11efdad1668c18cd1f30e3f70c19fa7/screenshot - {}
]]></system-out>
    </testcase>
    <testcase classname="chrome.140_0_7339_186.windows.Funding_Program" name="Should navigate to object page" time="42.348">
      <system-out><![CDATA[
COMMAND: POST /session/e11efdad1668c18cd1f30e3f70c19fa7/execute/async - {"script":"<script> [21 bytes]","args":[{"selector":{"controlType":"sap.ui.core.Icon","viewName":"sap.fe.templates.ListReport.ListReport","viewId":"rfm.programui::xRFMxCU_ProgramList","properties":{"src":{"regex":{"source":"navigation\\-right\\-arrow"}}},"ancestor":{"id":"rfm.programui::xRFMxCU_ProgramList--fe::table::allTab::LineItem-innerTable-rows-row0"}},"wdio_ui5_key":"sapfe.templates.ListReport.ListReportsap.ui.core.Icon{\"src\":{\"regex\":{\"source\":\"navigation\\\\-right\\\\-arrow\"}}}{\"id\":\"rfm.programui::xRFMxCU_ProgramList--fe::table::allTab::LineItem-innerTable-rows-row0\"}"}]}
RESULT: {}
RESULT: {"script":"<script> [21 bytes]","args":[{"selector":{"controlType":"sap.ui.core.Icon","viewName":"sap.fe.templates.ListReport.ListReport","viewId":"rfm.programui::xRFMxCU_ProgramList","properties":{"src":{"regex":{"source":"navigation\\-right\\-arrow"}}},"ancestor":{"id":"rfm.programui::xRFMxCU_ProgramList--fe::table::allTab::LineItem-innerTable-rows-row0"}},"wdio_ui5_key":"sapfe.templates.ListReport.ListReportsap.ui.core.Icon{\"src\":{\"regex\":{\"source\":\"navigation\\\\-right\\\\-arrow\"}}}{\"id\":\"rfm.programui::xRFMxCU_ProgramList--fe::table::allTab::LineItem-innerTable-rows-row0\"}"}]}
RESULT: undefined
COMMAND: POST /session/e11efdad1668c18cd1f30e3f70c19fa7/element - {"using":"xpath","value":"//*[@id=\"__action0-__clone174-icon0\"]"}
RESULT: {"using":"xpath","value":"//*[@id=\"__action0-__clone174-icon0\"]"}
COMMAND: POST /session/e11efdad1668c18cd1f30e3f70c19fa7/element/f.E6E58AF1024E860701E2AF88726AAEBB.d.46EC10D287A76239681C8A154E5BE810.e.308/click - {}
COMMAND: POST /session/e11efdad1668c18cd1f30e3f70c19fa7/execute/async - {"script":"<script> [21 bytes]","args":[{"selector":{"id":"rfm.programui::xRFMxCU_ProgramObjectPage--fe::FCLStandardAction::FullScreen","interaction":{"idSuffix":"inner"}},"wdio_ui5_key":"rfmprogramui::xRFMxCU_ProgramObjectPage--fe::FCLStandardAction::FullScreen"}]}
RESULT: {"script":"<script> [21 bytes]","args":[{"selector":{"id":"rfm.programui::xRFMxCU_ProgramObjectPage--fe::FCLStandardAction::FullScreen","interaction":{"idSuffix":"inner"}},"wdio_ui5_key":"rfmprogramui::xRFMxCU_ProgramObjectPage--fe::FCLStandardAction::FullScreen"}]}
RESULT: undefined
COMMAND: POST /session/e11efdad1668c18cd1f30e3f70c19fa7/element - {"using":"xpath","value":"//*[@id=\"rfm.programui::xRFMxCU_ProgramObjectPage--fe::FCLStandardAction::FullScreen\"]"}
RESULT: {"using":"xpath","value":"//*[@id=\"rfm.programui::xRFMxCU_ProgramObjectPage--fe::FCLStandardAction::FullScreen\"]"}
COMMAND: POST /session/e11efdad1668c18cd1f30e3f70c19fa7/element/f.E6E58AF1024E860701E2AF88726AAEBB.d.46EC10D287A76239681C8A154E5BE810.e.310/click - {}
COMMAND: POST /session/e11efdad1668c18cd1f30e3f70c19fa7/execute/async - {"script":"<script> [21 bytes]","args":[{"selector":{"id":"rfm.programui::xRFMxCU_ProgramObjectPage--fe::ObjectPage-anchBar-rfm.programui::xRFMxCU_ProgramObjectPage--fe::FacetSection::Investors-anchor"},"wdio_ui5_key":"rfmprogramui::xRFMxCU_ProgramObjectPage--fe::ObjectPage-anchBar-rfm.programui::xRFMxCU_ProgramObjectPage--fe::FacetSection::Investors-anchor"}]}
RESULT: {"script":"<script> [21 bytes]","args":[{"selector":{"id":"rfm.programui::xRFMxCU_ProgramObjectPage--fe::ObjectPage-anchBar-rfm.programui::xRFMxCU_ProgramObjectPage--fe::FacetSection::Investors-anchor"},"wdio_ui5_key":"rfmprogramui::xRFMxCU_ProgramObjectPage--fe::ObjectPage-anchBar-rfm.programui::xRFMxCU_ProgramObjectPage--fe::FacetSection::Investors-anchor"}]}
RESULT: undefined
COMMAND: POST /session/e11efdad1668c18cd1f30e3f70c19fa7/element - {"using":"xpath","value":"//*[@id=\"rfm.programui::xRFMxCU_ProgramObjectPage--fe::ObjectPage-anchBar-rfm.programui::xRFMxCU_ProgramObjectPage--fe::FacetSection::Investors-anchor\"]"}
RESULT: {"using":"xpath","value":"//*[@id=\"rfm.programui::xRFMxCU_ProgramObjectPage--fe::ObjectPage-anchBar-rfm.programui::xRFMxCU_ProgramObjectPage--fe::FacetSection::Investors-anchor\"]"}
COMMAND: POST /session/e11efdad1668c18cd1f30e3f70c19fa7/element/f.E6E58AF1024E860701E2AF88726AAEBB.d.46EC10D287A76239681C8A154E5BE810.e.311/click - {}
COMMAND: POST /session/e11efdad1668c18cd1f30e3f70c19fa7/execute/async - {"script":"<script> [21 bytes]","args":[{"selector":{"id":"rfm.programui::xRFMxCU_ProgramObjectPage--fe::ObjectPage-anchBar-rfm.programui::xRFMxCU_ProgramObjectPage--fe::FacetSection::Transactions-anchor"},"wdio_ui5_key":"rfmprogramui::xRFMxCU_ProgramObjectPage--fe::ObjectPage-anchBar-rfm.programui::xRFMxCU_ProgramObjectPage--fe::FacetSection::Transactions-anchor"}]}
RESULT: {"script":"<script> [21 bytes]","args":[{"selector":{"id":"rfm.programui::xRFMxCU_ProgramObjectPage--fe::ObjectPage-anchBar-rfm.programui::xRFMxCU_ProgramObjectPage--fe::FacetSection::Transactions-anchor"},"wdio_ui5_key":"rfmprogramui::xRFMxCU_ProgramObjectPage--fe::ObjectPage-anchBar-rfm.programui::xRFMxCU_ProgramObjectPage--fe::FacetSection::Transactions-anchor"}]}
RESULT: undefined
COMMAND: POST /session/e11efdad1668c18cd1f30e3f70c19fa7/element - {"using":"xpath","value":"//*[@id=\"rfm.programui::xRFMxCU_ProgramObjectPage--fe::ObjectPage-anchBar-rfm.programui::xRFMxCU_ProgramObjectPage--fe::FacetSection::Transactions-anchor\"]"}
RESULT: {"using":"xpath","value":"//*[@id=\"rfm.programui::xRFMxCU_ProgramObjectPage--fe::ObjectPage-anchBar-rfm.programui::xRFMxCU_ProgramObjectPage--fe::FacetSection::Transactions-anchor\"]"}
COMMAND: POST /session/e11efdad1668c18cd1f30e3f70c19fa7/element/f.E6E58AF1024E860701E2AF88726AAEBB.d.46EC10D287A76239681C8A154E5BE810.e.312/click - {}
COMMAND: POST /session/e11efdad1668c18cd1f30e3f70c19fa7/execute/async - {"script":"<script> [21 bytes]","args":[{"selector":{"id":"rfm.programui::xRFMxCU_ProgramObjectPage--fe::ObjectPage-anchBar-rfm.programui::xRFMxCU_ProgramObjectPage--fe::FacetSection::ChangeInfo-anchor"},"wdio_ui5_key":"rfmprogramui::xRFMxCU_ProgramObjectPage--fe::ObjectPage-anchBar-rfm.programui::xRFMxCU_ProgramObjectPage--fe::FacetSection::ChangeInfo-anchor"}]}
RESULT: {"script":"<script> [21 bytes]","args":[{"selector":{"id":"rfm.programui::xRFMxCU_ProgramObjectPage--fe::ObjectPage-anchBar-rfm.programui::xRFMxCU_ProgramObjectPage--fe::FacetSection::ChangeInfo-anchor"},"wdio_ui5_key":"rfmprogramui::xRFMxCU_ProgramObjectPage--fe::ObjectPage-anchBar-rfm.programui::xRFMxCU_ProgramObjectPage--fe::FacetSection::ChangeInfo-anchor"}]}
RESULT: undefined
COMMAND: POST /session/e11efdad1668c18cd1f30e3f70c19fa7/element - {"using":"xpath","value":"//*[@id=\"rfm.programui::xRFMxCU_ProgramObjectPage--fe::ObjectPage-anchBar-rfm.programui::xRFMxCU_ProgramObjectPage--fe::FacetSection::ChangeInfo-anchor\"]"}
RESULT: {"using":"xpath","value":"//*[@id=\"rfm.programui::xRFMxCU_ProgramObjectPage--fe::ObjectPage-anchBar-rfm.programui::xRFMxCU_ProgramObjectPage--fe::FacetSection::ChangeInfo-anchor\"]"}
COMMAND: POST /session/e11efdad1668c18cd1f30e3f70c19fa7/element/f.E6E58AF1024E860701E2AF88726AAEBB.d.46EC10D287A76239681C8A154E5BE810.e.313/click - {}
COMMAND: POST /session/e11efdad1668c18cd1f30e3f70c19fa7/execute/async - {"script":"<script> [21 bytes]","args":[{"selector":{"id":"rfm.programui::xRFMxCU_ProgramObjectPage--fe::ObjectPage-anchBar-rfm.programui::xRFMxCU_ProgramObjectPage--fe::CustomSection::CustomDetailsSection-anchor","interaction":{"idSuffix":"text"}},"wdio_ui5_key":"rfmprogramui::xRFMxCU_ProgramObjectPage--fe::ObjectPage-anchBar-rfm.programui::xRFMxCU_ProgramObjectPage--fe::CustomSection::CustomDetailsSection-anchor"}]}
RESULT: {"script":"<script> [21 bytes]","args":[{"selector":{"id":"rfm.programui::xRFMxCU_ProgramObjectPage--fe::ObjectPage-anchBar-rfm.programui::xRFMxCU_ProgramObjectPage--fe::CustomSection::CustomDetailsSection-anchor","interaction":{"idSuffix":"text"}},"wdio_ui5_key":"rfmprogramui::xRFMxCU_ProgramObjectPage--fe::ObjectPage-anchBar-rfm.programui::xRFMxCU_ProgramObjectPage--fe::CustomSection::CustomDetailsSection-anchor"}]}
RESULT: undefined
COMMAND: POST /session/e11efdad1668c18cd1f30e3f70c19fa7/element - {"using":"xpath","value":"//*[@id=\"rfm.programui::xRFMxCU_ProgramObjectPage--fe::ObjectPage-anchBar-rfm.programui::xRFMxCU_ProgramObjectPage--fe::CustomSection::CustomDetailsSection-anchor\"]"}
RESULT: {"using":"xpath","value":"//*[@id=\"rfm.programui::xRFMxCU_ProgramObjectPage--fe::ObjectPage-anchBar-rfm.programui::xRFMxCU_ProgramObjectPage--fe::CustomSection::CustomDetailsSection-anchor\"]"}
COMMAND: POST /session/e11efdad1668c18cd1f30e3f70c19fa7/element/f.E6E58AF1024E860701E2AF88726AAEBB.d.46EC10D287A76239681C8A154E5BE810.e.315/click - {}
COMMAND: GET /session/e11efdad1668c18cd1f30e3f70c19fa7/screenshot - {}
]]></system-out>
    </testcase>
    <testcase classname="chrome.140_0_7339_186.windows.Funding_Program" name="Should press Related Apps button and then Funding Pool navigation button" time="3.045">
      <skipped/>
      <system-out><![CDATA[
COMMAND: POST /session/e11efdad1668c18cd1f30e3f70c19fa7/execute/async - {"script":"<script> [21 bytes]","args":[{"selector":{"id":"rfm.programui::xRFMxCU_ProgramObjectPage--fe::HeaderFacet::Form::headerFieldsGP1::DataField::Name::Field-content"},"wdio_ui5_key":"rfmprogramui::xRFMxCU_ProgramObjectPage--fe::HeaderFacet::Form::headerFieldsGP1::DataField::Name::Field-content"}]}
RESULT: {"script":"<script> [21 bytes]","args":[{"selector":{"id":"rfm.programui::xRFMxCU_ProgramObjectPage--fe::HeaderFacet::Form::headerFieldsGP1::DataField::Name::Field-content"},"wdio_ui5_key":"rfmprogramui::xRFMxCU_ProgramObjectPage--fe::HeaderFacet::Form::headerFieldsGP1::DataField::Name::Field-content"}]}
RESULT: undefined
COMMAND: POST /session/e11efdad1668c18cd1f30e3f70c19fa7/execute/async - {"script":"<script> [21 bytes]","args":[{"element-6066-11e4-a52e-4f735466cecf":"f.E6E58AF1024E860701E2AF88726AAEBB.d.46EC10D287A76239681C8A154E5BE810.e.316"},"getText",[]]}
RESULT: {}
RESULT: {"script":"<script> [21 bytes]","args":[{"element-6066-11e4-a52e-4f735466cecf":"f.E6E58AF1024E860701E2AF88726AAEBB.d.46EC10D287A76239681C8A154E5BE810.e.316"},"getText",[]]}
COMMAND: POST /session/e11efdad1668c18cd1f30e3f70c19fa7/execute/async - {"script":"<script> [21 bytes]","args":[{"selector":{"id":"rfm.programui::xRFMxCU_ProgramObjectPage--fe::RelatedApps-internalBtn","interaction":{"idSuffix":"BDI-content"}},"wdio_ui5_key":"rfmprogramui::xRFMxCU_ProgramObjectPage--fe::RelatedApps-internalBtn"}]}
RESULT: {"script":"<script> [21 bytes]","args":[{"selector":{"id":"rfm.programui::xRFMxCU_ProgramObjectPage--fe::RelatedApps-internalBtn","interaction":{"idSuffix":"BDI-content"}},"wdio_ui5_key":"rfmprogramui::xRFMxCU_ProgramObjectPage--fe::RelatedApps-internalBtn"}]}
RESULT: undefined
COMMAND: POST /session/e11efdad1668c18cd1f30e3f70c19fa7/execute/async - {"script":"<script> [21 bytes]","args":[{"selector":{"controlType":"sap.ui.unified.MenuItem","viewName":"sap.fe.templates.ObjectPage.ObjectPage","viewId":"rfm.programui::xRFMxCU_ProgramObjectPage","properties":{"text":"Funding Pool"},"searchOpenDialogs":true,"interaction":{"idSuffix":"txt"}},"wdio_ui5_key":"sapfe.templates.ObjectPage.ObjectPagesap.ui.unified.MenuItem{\"text\":\"Funding Pool\"}"}]}
RESULT: {"script":"<script> [21 bytes]","args":[{"selector":{"controlType":"sap.ui.unified.MenuItem","viewName":"sap.fe.templates.ObjectPage.ObjectPage","viewId":"rfm.programui::xRFMxCU_ProgramObjectPage","properties":{"text":"Funding Pool"},"searchOpenDialogs":true,"interaction":{"idSuffix":"txt"}},"wdio_ui5_key":"sapfe.templates.ObjectPage.ObjectPagesap.ui.unified.MenuItem{\"text\":\"Funding Pool\"}"}]}
RESULT: undefined
COMMAND: POST /session/e11efdad1668c18cd1f30e3f70c19fa7/execute/async - {"script":"<script> [21 bytes]","args":[{"selector":{"id":"rfm.poolui::xRFMxCU_PoolObjectPage--fe::HeaderFacet::Form::FieldGroup::ProgramHeaderGP::DataField::ProgramPoolName::Field-content"},"wdio_ui5_key":"rfmpoolui::xRFMxCU_PoolObjectPage--fe::HeaderFacet::Form::FieldGroup::ProgramHeaderGP::DataField::ProgramPoolName::Field-content"}]}
RESULT: {"script":"<script> [21 bytes]","args":[{"selector":{"id":"rfm.poolui::xRFMxCU_PoolObjectPage--fe::HeaderFacet::Form::FieldGroup::ProgramHeaderGP::DataField::ProgramPoolName::Field-content"},"wdio_ui5_key":"rfmpoolui::xRFMxCU_PoolObjectPage--fe::HeaderFacet::Form::FieldGroup::ProgramHeaderGP::DataField::ProgramPoolName::Field-content"}]}
RESULT: undefined
COMMAND: GET /session/e11efdad1668c18cd1f30e3f70c19fa7/screenshot - {}
COMMAND: GET /session/e11efdad1668c18cd1f30e3f70c19fa7/screenshot - {}
RESULT: {}
]]></system-out>
      <system-err><![CDATA[
Error: expect(received).toEqual(expected) // deep equality

Expected: ""
Received: undefined
    at Context.<anonymous> (D:\a\1\s\test\specs\BusinessObjects\FundingProgram.spec.js:361:30)
]]></system-err>
    </testcase>
    <testcase classname="chrome.140_0_7339_186.windows.Funding_Program" name="Should press Related Apps button and then Funding Pool navigation button" time="1.118">
      <failure/>
      <error message="expect(received).toEqual(expected) // deep equality&#xA;&#xA;Expected: &quot;&quot;&#xA;Received: undefined"/>
      <system-out><![CDATA[
RESULT: undefined
COMMAND: POST /session/e11efdad1668c18cd1f30e3f70c19fa7/execute/async - {"script":"<script> [21 bytes]","args":[{"element-6066-11e4-a52e-4f735466cecf":"f.E6E58AF1024E860701E2AF88726AAEBB.d.46EC10D287A76239681C8A154E5BE810.e.316"},"getText",[]]}
RESULT: {}
RESULT: {"script":"<script> [21 bytes]","args":[{"element-6066-11e4-a52e-4f735466cecf":"f.E6E58AF1024E860701E2AF88726AAEBB.d.46EC10D287A76239681C8A154E5BE810.e.316"},"getText",[]]}
RESULT: undefined
RESULT: undefined
RESULT: undefined
COMMAND: GET /session/e11efdad1668c18cd1f30e3f70c19fa7/screenshot - {}
COMMAND: GET /session/e11efdad1668c18cd1f30e3f70c19fa7/screenshot - {}
RESULT: {}
RESULT: {}
]]></system-out>
      <system-err><![CDATA[
Error: expect(received).toEqual(expected) // deep equality

Expected: ""
Received: undefined
    at Context.<anonymous> (D:\a\1\s\test\specs\BusinessObjects\FundingProgram.spec.js:361:30)
]]></system-err>
    </testcase>
    <testcase classname="chrome.140_0_7339_186.windows.Funding_Program" name="Should navigate to Program and delete" time="20.752">
      <skipped/>
      <system-out><![CDATA[
COMMAND: POST /session/e11efdad1668c18cd1f30e3f70c19fa7/execute/async - {"script":"<script> [21 bytes]","args":[{"selector":{"id":"backBtn"},"wdio_ui5_key":"backBtn"}]}
COMMAND: GET /session/e11efdad1668c18cd1f30e3f70c19fa7/screenshot - {}
RESULT: {"script":"<script> [21 bytes]","args":[{"selector":{"id":"backBtn"},"wdio_ui5_key":"backBtn"}]}
RESULT: undefined
COMMAND: POST /session/e11efdad1668c18cd1f30e3f70c19fa7/element - {"using":"xpath","value":"//*[@id=\"backBtn\"]"}
COMMAND: POST /session/e11efdad1668c18cd1f30e3f70c19fa7/element - {"using":"xpath","value":"//*[@id=\"backBtn\"]"}
RESULT: {}
RESULT: {"using":"xpath","value":"//*[@id=\"backBtn\"]"}
COMMAND: POST /session/e11efdad1668c18cd1f30e3f70c19fa7/element/f.E6E58AF1024E860701E2AF88726AAEBB.d.46EC10D287A76239681C8A154E5BE810.e.317/click - {}
RESULT: {"using":"xpath","value":"//*[@id=\"backBtn\"]"}
COMMAND: POST /session/e11efdad1668c18cd1f30e3f70c19fa7/element/f.E6E58AF1024E860701E2AF88726AAEBB.d.46EC10D287A76239681C8A154E5BE810.e.317/click - {}
RESULT: undefined
COMMAND: POST /session/e11efdad1668c18cd1f30e3f70c19fa7/execute/async - {"script":"<script> [20 bytes]","args":[{"selector":{"id":"rfm.programui::xRFMxCU_ProgramList--fe::FilterBar::xRFMxCU_Program::FilterField::ProgramId-inner","interaction":{"idSuffix":"inner"}},"clearTextFirst":true,"interactionType":"ENTER_TEXT"}]}
RESULT: {"script":"<script> [20 bytes]","args":[{"selector":{"id":"rfm.programui::xRFMxCU_ProgramList--fe::FilterBar::xRFMxCU_Program::FilterField::ProgramId-inner","interaction":{"idSuffix":"inner"}},"clearTextFirst":true,"interactionType":"ENTER_TEXT"}]}
RESULT: undefined
COMMAND: POST /session/e11efdad1668c18cd1f30e3f70c19fa7/element - {"using":"xpath","value":"//*[@id=\"rfm.programui::xRFMxCU_ProgramList--fe::FilterBar::xRFMxCU_Program-btnSearch\"]"}
RESULT: {"using":"xpath","value":"//*[@id=\"rfm.programui::xRFMxCU_ProgramList--fe::FilterBar::xRFMxCU_Program-btnSearch\"]"}
COMMAND: POST /session/e11efdad1668c18cd1f30e3f70c19fa7/element/f.E6E58AF1024E860701E2AF88726AAEBB.d.46EC10D287A76239681C8A154E5BE810.e.307/click - {}
COMMAND: POST /session/e11efdad1668c18cd1f30e3f70c19fa7/element - {"using":"css selector","value":"div[id='rfm.programui::xRFMxCU_ProgramList--fe::table::allTab::LineItem-innerTable-rowsel0']"}
RESULT: {"using":"css selector","value":"div[id='rfm.programui::xRFMxCU_ProgramList--fe::table::allTab::LineItem-innerTable-rowsel0']"}
COMMAND: POST /session/e11efdad1668c18cd1f30e3f70c19fa7/element/f.E6E58AF1024E860701E2AF88726AAEBB.d.46EC10D287A76239681C8A154E5BE810.e.318/click - {}
COMMAND: GET /session/e11efdad1668c18cd1f30e3f70c19fa7/screenshot - {}
COMMAND: GET /session/e11efdad1668c18cd1f30e3f70c19fa7/screenshot - {}
RESULT: {}
RESULT: {}
]]></system-out>
      <system-err><![CDATA[
element click intercepted: element click intercepted: Element <div id="rfm.programui::xRFMxCU_ProgramList--fe::table::allTab::LineItem-innerTable-rowsel0" tabindex="-1" role="gridcell" aria-colindex="1" class="sapUiTableCell sapUiTableContentCell sapUiTableRowSelectionCell" style="height: 33px;" aria-selected="false">...</div> is not clickable at point (35, 547). Other element would receive the click: <div id="sap-ui-blocklayer-popup" tabindex="0" class="sapUiBLy" style="z-index: 29; visibility: visible;"></div>
  (Session info: chrome=140.0.7339.186)
    at async Context.<anonymous> (D:\a\1\s\test\specs\BusinessObjects\FundingProgram.spec.js:400:14)
]]></system-err>
    </testcase>
    <testcase classname="chrome.140_0_7339_186.windows.Funding_Program" name="Should navigate to Program and delete" time="20.465">
      <failure/>
      <error message="element click intercepted: Element &lt;div id=&quot;rfm.programui::xRFMxCU_ProgramList--fe::table::allTab::LineItem-innerTable-rowsel0&quot; tabindex=&quot;-1&quot; role=&quot;gridcell&quot; aria-colindex=&quot;1&quot; class=&quot;sapUiTableCell sapUiTableContentCell sapUiTableRowSelectionCell&quot; style=&quot;height: 33px;&quot; aria-selected=&quot;false&quot;>...&lt;/div> is not clickable at point (35, 547). Other element would receive the click: &lt;div id=&quot;sap-ui-blocklayer-popup&quot; tabindex=&quot;0&quot; class=&quot;sapUiBLy&quot; style=&quot;z-index: 29; visibility: visible;&quot;>&lt;/div>&#xA;  (Session info: chrome=140.0.7339.186)"/>
      <system-out><![CDATA[
RESULT: undefined
COMMAND: POST /session/e11efdad1668c18cd1f30e3f70c19fa7/element/f.E6E58AF1024E860701E2AF88726AAEBB.d.46EC10D287A76239681C8A154E5BE810.e.317/click - {}
COMMAND: POST /session/e11efdad1668c18cd1f30e3f70c19fa7/element/f.E6E58AF1024E860701E2AF88726AAEBB.d.46EC10D287A76239681C8A154E5BE810.e.317/click - {}
RESULT: undefined
COMMAND: POST /session/e11efdad1668c18cd1f30e3f70c19fa7/execute/async - {"script":"<script> [20 bytes]","args":[{"selector":{"id":"rfm.programui::xRFMxCU_ProgramList--fe::FilterBar::xRFMxCU_Program::FilterField::ProgramId-inner","interaction":{"idSuffix":"inner"}},"clearTextFirst":true,"interactionType":"ENTER_TEXT"}]}
RESULT: {"script":"<script> [20 bytes]","args":[{"selector":{"id":"rfm.programui::xRFMxCU_ProgramList--fe::FilterBar::xRFMxCU_Program::FilterField::ProgramId-inner","interaction":{"idSuffix":"inner"}},"clearTextFirst":true,"interactionType":"ENTER_TEXT"}]}
RESULT: undefined
COMMAND: POST /session/e11efdad1668c18cd1f30e3f70c19fa7/element - {"using":"xpath","value":"//*[@id=\"rfm.programui::xRFMxCU_ProgramList--fe::FilterBar::xRFMxCU_Program-btnSearch\"]"}
RESULT: {"using":"xpath","value":"//*[@id=\"rfm.programui::xRFMxCU_ProgramList--fe::FilterBar::xRFMxCU_Program-btnSearch\"]"}
COMMAND: POST /session/e11efdad1668c18cd1f30e3f70c19fa7/element/f.E6E58AF1024E860701E2AF88726AAEBB.d.46EC10D287A76239681C8A154E5BE810.e.307/click - {}
COMMAND: POST /session/e11efdad1668c18cd1f30e3f70c19fa7/element - {"using":"css selector","value":"div[id='rfm.programui::xRFMxCU_ProgramList--fe::table::allTab::LineItem-innerTable-rowsel0']"}
RESULT: {"using":"css selector","value":"div[id='rfm.programui::xRFMxCU_ProgramList--fe::table::allTab::LineItem-innerTable-rowsel0']"}
COMMAND: POST /session/e11efdad1668c18cd1f30e3f70c19fa7/element/f.E6E58AF1024E860701E2AF88726AAEBB.d.46EC10D287A76239681C8A154E5BE810.e.318/click - {}
COMMAND: GET /session/e11efdad1668c18cd1f30e3f70c19fa7/screenshot - {}
COMMAND: GET /session/e11efdad1668c18cd1f30e3f70c19fa7/screenshot - {}
RESULT: {}
COMMAND: DELETE /session/e11efdad1668c18cd1f30e3f70c19fa7 - {}
COMMAND: GET /session/e11efdad1668c18cd1f30e3f70c19fa7/screenshot - {}
COMMAND: GET /session/e11efdad1668c18cd1f30e3f70c19fa7/screenshot - {}
RESULT: {}
RESULT: {}
RESULT: {}
RESULT: {}
]]></system-out>
      <system-err><![CDATA[
element click intercepted: element click intercepted: Element <div id="rfm.programui::xRFMxCU_ProgramList--fe::table::allTab::LineItem-innerTable-rowsel0" tabindex="-1" role="gridcell" aria-colindex="1" class="sapUiTableCell sapUiTableContentCell sapUiTableRowSelectionCell" style="height: 33px;" aria-selected="false">...</div> is not clickable at point (35, 547). Other element would receive the click: <div id="sap-ui-blocklayer-popup" tabindex="0" class="sapUiBLy" style="z-index: 29; visibility: visible;"></div>
  (Session info: chrome=140.0.7339.186)
    at async Context.<anonymous> (D:\a\1\s\test\specs\BusinessObjects\FundingProgram.spec.js:400:14)
]]></system-err>
    </testcase>
  </testsuite>
</testsuites>