<?xml version="1.0" encoding="UTF-8"?>
<testsuites tests="3" failures="0" errors="0" skipped="0">
  <testsuite timestamp="2025-08-04T22:04:45" time="130.88" tests="3" failures="0" errors="0" skipped="0">
    <properties>
      <property name="specId" value="0"/>
      <property name="suiteName" value="Sanity Tests"/>
      <property name="capabilities" value="chrome.138_0_7204_169.windows"/>
      <property name="file" value="file:///D:/a/1/s/test/specs/General/sanity.spec.js"/>
    </properties>
    <testcase classname="chrome.138_0_7204_169.windows.Sanity_Tests" name="Should open Funding Asset page" time="26.954">
      <system-out><![CDATA[
COMMAND: POST /session/341b2b3e908ab996dd6ceb2301ddd303/execute/async - {"script":"<script> [21 bytes]","args":[{"selector":{"controlType":"sap.m.GenericTile","properties":{"header":"Funding Asset"}},"wdio_ui5_key":"sapm.GenericTile{\"header\":\"Funding Asset\"}"}]}
RESULT: {"script":"<script> [21 bytes]","args":[{"selector":{"controlType":"sap.m.GenericTile","properties":{"header":"Funding Asset"}},"wdio_ui5_key":"sapm.GenericTile{\"header\":\"Funding Asset\"}"}]}
RESULT: undefined
COMMAND: POST /session/341b2b3e908ab996dd6ceb2301ddd303/element - {"using":"xpath","value":"//*[@id=\"__tile53\"]"}
RESULT: {"using":"xpath","value":"//*[@id=\"__tile53\"]"}
COMMAND: POST /session/341b2b3e908ab996dd6ceb2301ddd303/element/f.5A5110CE5984059B6C84665C98431065.d.1EBB40E2017855B160719E8E9026FF8C.e.78/click - {}
RESULT: {}
COMMAND: GET /session/341b2b3e908ab996dd6ceb2301ddd303/screenshot - {}
RESULT: {}
RESULT: undefined
COMMAND: POST /session/341b2b3e908ab996dd6ceb2301ddd303/element - {"using":"xpath","value":"//*[@id=\"__tile53\"]"}
RESULT: {"using":"xpath","value":"//*[@id=\"__tile53\"]"}
COMMAND: POST /session/341b2b3e908ab996dd6ceb2301ddd303/element/f.5A5110CE5984059B6C84665C98431065.d.1EBB40E2017855B160719E8E9026FF8C.e.222/click - {}
RESULT: undefined
COMMAND: POST /session/341b2b3e908ab996dd6ceb2301ddd303/element - {"using":"xpath","value":"//*[@id=\"__tile53\"]"}
RESULT: {"using":"xpath","value":"//*[@id=\"__tile53\"]"}
COMMAND: POST /session/341b2b3e908ab996dd6ceb2301ddd303/element/f.5A5110CE5984059B6C84665C98431065.d.1EBB40E2017855B160719E8E9026FF8C.e.222/click - {}
COMMAND: POST /session/341b2b3e908ab996dd6ceb2301ddd303/execute/async - {"script":"<script> [21 bytes]","args":[{"selector":{"id":"shellAppTitle"},"wdio_ui5_key":"shellAppTitle"}]}
RESULT: {"script":"<script> [21 bytes]","args":[{"selector":{"id":"shellAppTitle"},"wdio_ui5_key":"shellAppTitle"}]}
RESULT: undefined
COMMAND: POST /session/341b2b3e908ab996dd6ceb2301ddd303/execute/async - {"script":"<script> [21 bytes]","args":[{"element-6066-11e4-a52e-4f735466cecf":"f.5A5110CE5984059B6C84665C98431065.d.1EBB40E2017855B160719E8E9026FF8C.e.225"},"getTitle",[]]}
RESULT: {"script":"<script> [21 bytes]","args":[{"element-6066-11e4-a52e-4f735466cecf":"f.5A5110CE5984059B6C84665C98431065.d.1EBB40E2017855B160719E8E9026FF8C.e.225"},"getTitle",[]]}
COMMAND: POST /session/341b2b3e908ab996dd6ceb2301ddd303/execute/async - {"script":"<script> [21 bytes]","args":[{"selector":{"id":"backBtn"},"wdio_ui5_key":"backBtn"}]}
RESULT: {"script":"<script> [21 bytes]","args":[{"selector":{"id":"backBtn"},"wdio_ui5_key":"backBtn"}]}
RESULT: undefined
COMMAND: POST /session/341b2b3e908ab996dd6ceb2301ddd303/element - {"using":"xpath","value":"//*[@id=\"backBtn\"]"}
RESULT: {"using":"xpath","value":"//*[@id=\"backBtn\"]"}
COMMAND: POST /session/341b2b3e908ab996dd6ceb2301ddd303/element/f.5A5110CE5984059B6C84665C98431065.d.1EBB40E2017855B160719E8E9026FF8C.e.226/click - {}
RESULT: {}
COMMAND: GET /session/341b2b3e908ab996dd6ceb2301ddd303/screenshot - {}
RESULT: {}
COMMAND: GET /session/341b2b3e908ab996dd6ceb2301ddd303/screenshot - {}
]]></system-out>
    </testcase>
    <testcase classname="chrome.138_0_7204_169.windows.Sanity_Tests" name="Should open Funding Debtor page" time="25.645">
      <system-out><![CDATA[
COMMAND: POST /session/341b2b3e908ab996dd6ceb2301ddd303/execute/async - {"script":"<script> [21 bytes]","args":[{"selector":{"controlType":"sap.m.GenericTile","properties":{"header":"Funding Debtor"}},"wdio_ui5_key":"sapm.GenericTile{\"header\":\"Funding Debtor\"}"}]}
RESULT: {}
RESULT: {"script":"<script> [21 bytes]","args":[{"selector":{"controlType":"sap.m.GenericTile","properties":{"header":"Funding Debtor"}},"wdio_ui5_key":"sapm.GenericTile{\"header\":\"Funding Debtor\"}"}]}
RESULT: undefined
COMMAND: POST /session/341b2b3e908ab996dd6ceb2301ddd303/element - {"using":"xpath","value":"//*[@id=\"__tile54\"]"}
RESULT: {"using":"xpath","value":"//*[@id=\"__tile54\"]"}
COMMAND: POST /session/341b2b3e908ab996dd6ceb2301ddd303/element/f.5A5110CE5984059B6C84665C98431065.d.1EBB40E2017855B160719E8E9026FF8C.e.230/click - {}
RESULT: {}
COMMAND: GET /session/341b2b3e908ab996dd6ceb2301ddd303/screenshot - {}
RESULT: {}
RESULT: undefined
COMMAND: POST /session/341b2b3e908ab996dd6ceb2301ddd303/element - {"using":"xpath","value":"//*[@id=\"__tile54\"]"}
RESULT: {"using":"xpath","value":"//*[@id=\"__tile54\"]"}
COMMAND: POST /session/341b2b3e908ab996dd6ceb2301ddd303/element/f.5A5110CE5984059B6C84665C98431065.d.1EBB40E2017855B160719E8E9026FF8C.e.424/click - {}
RESULT: undefined
COMMAND: POST /session/341b2b3e908ab996dd6ceb2301ddd303/element - {"using":"xpath","value":"//*[@id=\"__tile54\"]"}
RESULT: {"using":"xpath","value":"//*[@id=\"__tile54\"]"}
COMMAND: POST /session/341b2b3e908ab996dd6ceb2301ddd303/element/f.5A5110CE5984059B6C84665C98431065.d.1EBB40E2017855B160719E8E9026FF8C.e.424/click - {}
RESULT: undefined
COMMAND: POST /session/341b2b3e908ab996dd6ceb2301ddd303/execute/async - {"script":"<script> [21 bytes]","args":[{"element-6066-11e4-a52e-4f735466cecf":"f.5A5110CE5984059B6C84665C98431065.d.1EBB40E2017855B160719E8E9026FF8C.e.225"},"getTitle",[]]}
RESULT: {"script":"<script> [21 bytes]","args":[{"element-6066-11e4-a52e-4f735466cecf":"f.5A5110CE5984059B6C84665C98431065.d.1EBB40E2017855B160719E8E9026FF8C.e.225"},"getTitle",[]]}
RESULT: undefined
COMMAND: POST /session/341b2b3e908ab996dd6ceb2301ddd303/element/f.5A5110CE5984059B6C84665C98431065.d.1EBB40E2017855B160719E8E9026FF8C.e.226/click - {}
RESULT: {}
COMMAND: GET /session/341b2b3e908ab996dd6ceb2301ddd303/screenshot - {}
RESULT: {}
COMMAND: GET /session/341b2b3e908ab996dd6ceb2301ddd303/screenshot - {}
]]></system-out>
    </testcase>
    <testcase classname="chrome.138_0_7204_169.windows.Sanity_Tests" name="Should open Asset Warehouse page" time="26.083">
      <system-out><![CDATA[
COMMAND: POST /session/341b2b3e908ab996dd6ceb2301ddd303/execute/async - {"script":"<script> [21 bytes]","args":[{"selector":{"controlType":"sap.m.GenericTile","properties":{"header":"Asset Warehouse"}},"wdio_ui5_key":"sapm.GenericTile{\"header\":\"Asset Warehouse\"}"}]}
RESULT: {}
RESULT: {"script":"<script> [21 bytes]","args":[{"selector":{"controlType":"sap.m.GenericTile","properties":{"header":"Asset Warehouse"}},"wdio_ui5_key":"sapm.GenericTile{\"header\":\"Asset Warehouse\"}"}]}
RESULT: undefined
COMMAND: POST /session/341b2b3e908ab996dd6ceb2301ddd303/element - {"using":"xpath","value":"//*[@id=\"__tile55\"]"}
RESULT: {"using":"xpath","value":"//*[@id=\"__tile55\"]"}
COMMAND: POST /session/341b2b3e908ab996dd6ceb2301ddd303/element/f.5A5110CE5984059B6C84665C98431065.d.1EBB40E2017855B160719E8E9026FF8C.e.431/click - {}
RESULT: {}
COMMAND: GET /session/341b2b3e908ab996dd6ceb2301ddd303/screenshot - {}
RESULT: {}
RESULT: undefined
COMMAND: POST /session/341b2b3e908ab996dd6ceb2301ddd303/element - {"using":"xpath","value":"//*[@id=\"__tile55\"]"}
RESULT: {"using":"xpath","value":"//*[@id=\"__tile55\"]"}
COMMAND: POST /session/341b2b3e908ab996dd6ceb2301ddd303/element/f.5A5110CE5984059B6C84665C98431065.d.1EBB40E2017855B160719E8E9026FF8C.e.546/click - {}
RESULT: undefined
COMMAND: POST /session/341b2b3e908ab996dd6ceb2301ddd303/element - {"using":"xpath","value":"//*[@id=\"__tile55\"]"}
RESULT: {"using":"xpath","value":"//*[@id=\"__tile55\"]"}
COMMAND: POST /session/341b2b3e908ab996dd6ceb2301ddd303/element/f.5A5110CE5984059B6C84665C98431065.d.1EBB40E2017855B160719E8E9026FF8C.e.546/click - {}
RESULT: undefined
COMMAND: POST /session/341b2b3e908ab996dd6ceb2301ddd303/execute/async - {"script":"<script> [21 bytes]","args":[{"element-6066-11e4-a52e-4f735466cecf":"f.5A5110CE5984059B6C84665C98431065.d.1EBB40E2017855B160719E8E9026FF8C.e.225"},"getTitle",[]]}
RESULT: {"script":"<script> [21 bytes]","args":[{"element-6066-11e4-a52e-4f735466cecf":"f.5A5110CE5984059B6C84665C98431065.d.1EBB40E2017855B160719E8E9026FF8C.e.225"},"getTitle",[]]}
RESULT: undefined
COMMAND: POST /session/341b2b3e908ab996dd6ceb2301ddd303/element/f.5A5110CE5984059B6C84665C98431065.d.1EBB40E2017855B160719E8E9026FF8C.e.226/click - {}
COMMAND: POST /session/341b2b3e908ab996dd6ceb2301ddd303/element - {"using":"xpath","value":"//*[@id=\"backBtn\"]"}
RESULT: {"using":"xpath","value":"//*[@id=\"backBtn\"]"}
COMMAND: POST /session/341b2b3e908ab996dd6ceb2301ddd303/element/f.5A5110CE5984059B6C84665C98431065.d.1EBB40E2017855B160719E8E9026FF8C.e.226/click - {}
COMMAND: POST /session/341b2b3e908ab996dd6ceb2301ddd303/element - {"using":"xpath","value":"//*[@id=\"backBtn\"]"}
RESULT: {"using":"xpath","value":"//*[@id=\"backBtn\"]"}
COMMAND: POST /session/341b2b3e908ab996dd6ceb2301ddd303/element/f.5A5110CE5984059B6C84665C98431065.d.1EBB40E2017855B160719E8E9026FF8C.e.547/click - {}
RESULT: {}
COMMAND: GET /session/341b2b3e908ab996dd6ceb2301ddd303/screenshot - {}
RESULT: {}
COMMAND: GET /session/341b2b3e908ab996dd6ceb2301ddd303/screenshot - {}
COMMAND: DELETE /session/341b2b3e908ab996dd6ceb2301ddd303 - {}
RESULT: {}
RESULT: {}
]]></system-out>
    </testcase>
  </testsuite>
</testsuites>