<?xml version="1.0" encoding="UTF-8"?>
<testsuites tests="7" failures="1" errors="1" skipped="1">
  <testsuite timestamp="2025-08-10T22:39:58" time="364.583" tests="7" failures="1" errors="1" skipped="1">
    <properties>
      <property name="specId" value="0"/>
      <property name="suiteName" value="Funding Transaction"/>
      <property name="capabilities" value="chrome.138_0_7204_184.windows"/>
      <property name="file" value="file:///D:/a/1/s/test/specs/BusinessObjects/FundingTransaction.spec.js"/>
    </properties>
    <testcase classname="chrome.138_0_7204_184.windows.Funding_Transaction" name="SETUP" time="124.98">
      <system-out><![CDATA[
COMMAND: POST /session/6e6358e6a435649fcd39e4c04f43a3cc/execute/async - {"script":"<script> [21 bytes]","args":[{"selector":{"controlType":"sap.m.GenericTile","properties":{"header":"Funding Program"}},"wdio_ui5_key":"sapm.GenericTile{\"header\":\"Funding Program\"}"}]}
RESULT: {"script":"<script> [21 bytes]","args":[{"selector":{"controlType":"sap.m.GenericTile","properties":{"header":"Funding Program"}},"wdio_ui5_key":"sapm.GenericTile{\"header\":\"Funding Program\"}"}]}
RESULT: undefined
COMMAND: POST /session/6e6358e6a435649fcd39e4c04f43a3cc/element - {"using":"xpath","value":"//*[@id=\"__tile29\"]"}
RESULT: {"using":"xpath","value":"//*[@id=\"__tile29\"]"}
COMMAND: POST /session/6e6358e6a435649fcd39e4c04f43a3cc/element/f.E5E56E7A64D2CD83F4C323B9D1D28C08.d.815E6D4BCA7275C830AAC5CB9BC76DC6.e.71/click - {}
RESULT: {}
COMMAND: POST /session/6e6358e6a435649fcd39e4c04f43a3cc/execute/async - {"script":"<script> [21 bytes]","args":[{"selector":{"id":"rfm.programui::xRFMxCU_ProgramList--fe::table::allTab::LineItem::StandardAction::Create","controlType":"sap.m.Button"},"wdio_ui5_key":"rfmprogramui::xRFMxCU_ProgramList--fe::table::allTab::LineItem::StandardAction::Createsap.m.Button"}]}
COMMAND: GET /session/6e6358e6a435649fcd39e4c04f43a3cc/screenshot - {}
RESULT: {"script":"<script> [21 bytes]","args":[{"selector":{"id":"rfm.programui::xRFMxCU_ProgramList--fe::table::allTab::LineItem::StandardAction::Create","controlType":"sap.m.Button"},"wdio_ui5_key":"rfmprogramui::xRFMxCU_ProgramList--fe::table::allTab::LineItem::StandardAction::Createsap.m.Button"}]}
RESULT: undefined
COMMAND: POST /session/6e6358e6a435649fcd39e4c04f43a3cc/element - {"using":"xpath","value":"//*[@id=\"rfm.programui::xRFMxCU_ProgramList--fe::table::allTab::LineItem::StandardAction::Create\"]"}
RESULT: {}
RESULT: {"using":"xpath","value":"//*[@id=\"rfm.programui::xRFMxCU_ProgramList--fe::table::allTab::LineItem::StandardAction::Create\"]"}
COMMAND: POST /session/6e6358e6a435649fcd39e4c04f43a3cc/element/f.E5E56E7A64D2CD83F4C323B9D1D28C08.d.815E6D4BCA7275C830AAC5CB9BC76DC6.e.117/click - {}
RESULT: {}
COMMAND: POST /session/6e6358e6a435649fcd39e4c04f43a3cc/execute/async - {"script":"<script> [21 bytes]","args":[{"selector":{"id":"CreateDialog::xRFMxCU_ProgramType::FundingScope-inner","searchOpenDialogs":true,"interaction":{"idSuffix":"inner"}},"wdio_ui5_key":"CreateDialogxRFMxCU_ProgramType::FundingScope-inner"}]}
COMMAND: GET /session/6e6358e6a435649fcd39e4c04f43a3cc/screenshot - {}
RESULT: {"script":"<script> [21 bytes]","args":[{"selector":{"id":"CreateDialog::xRFMxCU_ProgramType::FundingScope-inner","searchOpenDialogs":true,"interaction":{"idSuffix":"inner"}},"wdio_ui5_key":"CreateDialogxRFMxCU_ProgramType::FundingScope-inner"}]}
RESULT: undefined
COMMAND: POST /session/6e6358e6a435649fcd39e4c04f43a3cc/execute/async - {"script":"<script> [20 bytes]","args":[{"enterText":"Total","selector":{"id":"CreateDialog::xRFMxCU_ProgramType::FundingScope-inner","searchOpenDialogs":true,"interaction":{"idSuffix":"inner"}},"clearTextFirst":true,"interactionType":"ENTER_TEXT"}]}
RESULT: {}
RESULT: {"script":"<script> [20 bytes]","args":[{"enterText":"Total","selector":{"id":"CreateDialog::xRFMxCU_ProgramType::FundingScope-inner","searchOpenDialogs":true,"interaction":{"idSuffix":"inner"}},"clearTextFirst":true,"interactionType":"ENTER_TEXT"}]}
COMMAND: POST /session/6e6358e6a435649fcd39e4c04f43a3cc/execute/async - {"script":"<script> [21 bytes]","args":[{"selector":{"id":"CreateDialog::xRFMxCU_ProgramType::ValidFrom-inner","searchOpenDialogs":true,"interaction":{"idSuffix":"inner"}},"wdio_ui5_key":"CreateDialogxRFMxCU_ProgramType::ValidFrom-inner"}]}
RESULT: {"script":"<script> [21 bytes]","args":[{"selector":{"id":"CreateDialog::xRFMxCU_ProgramType::ValidFrom-inner","searchOpenDialogs":true,"interaction":{"idSuffix":"inner"}},"wdio_ui5_key":"CreateDialogxRFMxCU_ProgramType::ValidFrom-inner"}]}
RESULT: undefined
COMMAND: POST /session/6e6358e6a435649fcd39e4c04f43a3cc/execute/async - {"script":"<script> [21 bytes]","args":[{"element-6066-11e4-a52e-4f735466cecf":"f.E5E56E7A64D2CD83F4C323B9D1D28C08.d.815E6D4BCA7275C830AAC5CB9BC76DC6.e.298"},"setValue",["2025-02-28"]]}
RESULT: {"script":"<script> [21 bytes]","args":[{"element-6066-11e4-a52e-4f735466cecf":"f.E5E56E7A64D2CD83F4C323B9D1D28C08.d.815E6D4BCA7275C830AAC5CB9BC76DC6.e.298"},"setValue",["2025-02-28"]]}
COMMAND: POST /session/6e6358e6a435649fcd39e4c04f43a3cc/execute/async - {"script":"<script> [21 bytes]","args":[{"selector":{"id":"CreateDialog::xRFMxCU_ProgramType::PortfolioId-inner","searchOpenDialogs":true,"interaction":{"idSuffix":"inner"}},"wdio_ui5_key":"CreateDialogxRFMxCU_ProgramType::PortfolioId-inner"}]}
RESULT: {"script":"<script> [21 bytes]","args":[{"selector":{"id":"CreateDialog::xRFMxCU_ProgramType::PortfolioId-inner","searchOpenDialogs":true,"interaction":{"idSuffix":"inner"}},"wdio_ui5_key":"CreateDialogxRFMxCU_ProgramType::PortfolioId-inner"}]}
RESULT: undefined
COMMAND: POST /session/6e6358e6a435649fcd39e4c04f43a3cc/execute/async - {"script":"<script> [20 bytes]","args":[{"enterText":"2","selector":{"id":"CreateDialog::xRFMxCU_ProgramType::PortfolioId-inner","searchOpenDialogs":true,"interaction":{"idSuffix":"inner"}},"clearTextFirst":true,"interactionType":"ENTER_TEXT"}]}
RESULT: {"script":"<script> [20 bytes]","args":[{"enterText":"2","selector":{"id":"CreateDialog::xRFMxCU_ProgramType::PortfolioId-inner","searchOpenDialogs":true,"interaction":{"idSuffix":"inner"}},"clearTextFirst":true,"interactionType":"ENTER_TEXT"}]}
COMMAND: POST /session/6e6358e6a435649fcd39e4c04f43a3cc/execute/async - {"script":"<script> [21 bytes]","args":[{"forceSelect":true,"selector":{"controlType":"sap.m.Button","viewName":"sap.fe.templates.ObjectPage.ObjectPage","viewId":"rfm.programui::xRFMxCU_ProgramObjectPage","properties":{"text":"Continue"},"searchOpenDialogs":true,"interaction":{"idSuffix":"BDI-content"}},"wdio_ui5_key":"sapfe.templates.ObjectPage.ObjectPagesap.m.Button{\"text\":\"Continue\"}"}]}
RESULT: {"script":"<script> [21 bytes]","args":[{"forceSelect":true,"selector":{"controlType":"sap.m.Button","viewName":"sap.fe.templates.ObjectPage.ObjectPage","viewId":"rfm.programui::xRFMxCU_ProgramObjectPage","properties":{"text":"Continue"},"searchOpenDialogs":true,"interaction":{"idSuffix":"BDI-content"}},"wdio_ui5_key":"sapfe.templates.ObjectPage.ObjectPagesap.m.Button{\"text\":\"Continue\"}"}]}
RESULT: undefined
COMMAND: POST /session/6e6358e6a435649fcd39e4c04f43a3cc/element - {"using":"xpath","value":"//*[@id=\"__button181\"]"}
RESULT: {"using":"xpath","value":"//*[@id=\"__button181\"]"}
COMMAND: POST /session/6e6358e6a435649fcd39e4c04f43a3cc/element/f.E5E56E7A64D2CD83F4C323B9D1D28C08.d.815E6D4BCA7275C830AAC5CB9BC76DC6.e.306/click - {}
RESULT: {}
COMMAND: POST /session/6e6358e6a435649fcd39e4c04f43a3cc/execute/async - {"script":"<script> [21 bytes]","args":[{"selector":{"id":"rfm.programui::xRFMxCU_ProgramObjectPage--fe::CustomSubSection::CustomDetailsSection--fe::FormContainer::FieldGroup::basicData1::FormElement::DataField::Currency::Field-edit-inner","interaction":{"idSuffix":"inner"}},"wdio_ui5_key":"rfmprogramui::xRFMxCU_ProgramObjectPage--fe::CustomSubSection::CustomDetailsSection--fe::FormContainer::FieldGroup::basicData1::FormElement::DataField::Currency::Field-edit-inner"}]}
COMMAND: GET /session/6e6358e6a435649fcd39e4c04f43a3cc/screenshot - {}
RESULT: {"script":"<script> [21 bytes]","args":[{"selector":{"id":"rfm.programui::xRFMxCU_ProgramObjectPage--fe::CustomSubSection::CustomDetailsSection--fe::FormContainer::FieldGroup::basicData1::FormElement::DataField::Currency::Field-edit-inner","interaction":{"idSuffix":"inner"}},"wdio_ui5_key":"rfmprogramui::xRFMxCU_ProgramObjectPage--fe::CustomSubSection::CustomDetailsSection--fe::FormContainer::FieldGroup::basicData1::FormElement::DataField::Currency::Field-edit-inner"}]}
RESULT: undefined
COMMAND: POST /session/6e6358e6a435649fcd39e4c04f43a3cc/execute/async - {"script":"<script> [20 bytes]","args":[{"enterText":"EUR","selector":{"id":"rfm.programui::xRFMxCU_ProgramObjectPage--fe::CustomSubSection::CustomDetailsSection--fe::FormContainer::FieldGroup::basicData1::FormElement::DataField::Currency::Field-edit-inner","interaction":{"idSuffix":"inner"}},"clearTextFirst":true,"interactionType":"ENTER_TEXT"}]}
RESULT: {}
RESULT: {"script":"<script> [20 bytes]","args":[{"enterText":"EUR","selector":{"id":"rfm.programui::xRFMxCU_ProgramObjectPage--fe::CustomSubSection::CustomDetailsSection--fe::FormContainer::FieldGroup::basicData1::FormElement::DataField::Currency::Field-edit-inner","interaction":{"idSuffix":"inner"}},"clearTextFirst":true,"interactionType":"ENTER_TEXT"}]}
COMMAND: POST /session/6e6358e6a435649fcd39e4c04f43a3cc/execute/async - {"script":"<script> [21 bytes]","args":[{"selector":{"id":"rfm.programui::xRFMxCU_ProgramObjectPage--fe::CustomSubSection::CustomDetailsSection--fe::FormContainer::FieldGroup::basicData1::FormElement::DataField::ValidTo::Field-edit","interaction":{"idSuffix":"inner"}},"wdio_ui5_key":"rfmprogramui::xRFMxCU_ProgramObjectPage--fe::CustomSubSection::CustomDetailsSection--fe::FormContainer::FieldGroup::basicData1::FormElement::DataField::ValidTo::Field-edit"}]}
RESULT: {"script":"<script> [21 bytes]","args":[{"selector":{"id":"rfm.programui::xRFMxCU_ProgramObjectPage--fe::CustomSubSection::CustomDetailsSection--fe::FormContainer::FieldGroup::basicData1::FormElement::DataField::ValidTo::Field-edit","interaction":{"idSuffix":"inner"}},"wdio_ui5_key":"rfmprogramui::xRFMxCU_ProgramObjectPage--fe::CustomSubSection::CustomDetailsSection--fe::FormContainer::FieldGroup::basicData1::FormElement::DataField::ValidTo::Field-edit"}]}
RESULT: undefined
COMMAND: POST /session/6e6358e6a435649fcd39e4c04f43a3cc/execute/async - {"script":"<script> [21 bytes]","args":[{"element-6066-11e4-a52e-4f735466cecf":"f.E5E56E7A64D2CD83F4C323B9D1D28C08.d.815E6D4BCA7275C830AAC5CB9BC76DC6.e.345"},"setValue",["2027-12-31"]]}
RESULT: {"script":"<script> [21 bytes]","args":[{"element-6066-11e4-a52e-4f735466cecf":"f.E5E56E7A64D2CD83F4C323B9D1D28C08.d.815E6D4BCA7275C830AAC5CB9BC76DC6.e.345"},"setValue",["2027-12-31"]]}
COMMAND: POST /session/6e6358e6a435649fcd39e4c04f43a3cc/execute/async - {"script":"<script> [21 bytes]","args":[{"selector":{"id":"rfm.programui::xRFMxCU_ProgramObjectPage--fe::CustomSubSection::CustomDetailsSection--fe::FormContainer::FieldGroup::basicData2::FormElement::DataField::CompanyCode::Field-edit-inner-vhi"},"wdio_ui5_key":"rfmprogramui::xRFMxCU_ProgramObjectPage--fe::CustomSubSection::CustomDetailsSection--fe::FormContainer::FieldGroup::basicData2::FormElement::DataField::CompanyCode::Field-edit-inner-vhi"}]}
RESULT: {"script":"<script> [21 bytes]","args":[{"selector":{"id":"rfm.programui::xRFMxCU_ProgramObjectPage--fe::CustomSubSection::CustomDetailsSection--fe::FormContainer::FieldGroup::basicData2::FormElement::DataField::CompanyCode::Field-edit-inner-vhi"},"wdio_ui5_key":"rfmprogramui::xRFMxCU_ProgramObjectPage--fe::CustomSubSection::CustomDetailsSection--fe::FormContainer::FieldGroup::basicData2::FormElement::DataField::CompanyCode::Field-edit-inner-vhi"}]}
RESULT: undefined
COMMAND: POST /session/6e6358e6a435649fcd39e4c04f43a3cc/element - {"using":"xpath","value":"//*[@id=\"rfm.programui::xRFMxCU_ProgramObjectPage--fe::CustomSubSection::CustomDetailsSection--fe::FormContainer::FieldGroup::basicData2::FormElement::DataField::CompanyCode::Field-edit-inner-vhi\"]"}
RESULT: {"using":"xpath","value":"//*[@id=\"rfm.programui::xRFMxCU_ProgramObjectPage--fe::CustomSubSection::CustomDetailsSection--fe::FormContainer::FieldGroup::basicData2::FormElement::DataField::CompanyCode::Field-edit-inner-vhi\"]"}
COMMAND: POST /session/6e6358e6a435649fcd39e4c04f43a3cc/element/f.E5E56E7A64D2CD83F4C323B9D1D28C08.d.815E6D4BCA7275C830AAC5CB9BC76DC6.e.355/click - {}
RESULT: {}
RESULT: undefined
COMMAND: POST /session/6e6358e6a435649fcd39e4c04f43a3cc/element - {"using":"xpath","value":"//*[@id=\"rfm.programui::xRFMxCU_ProgramObjectPage--fe::CustomSubSection::CustomDetailsSection--fe::FormContainer::FieldGroup::basicData2::FormElement::DataField::CompanyCode::Field-edit-inner-vhi\"]"}
COMMAND: GET /session/6e6358e6a435649fcd39e4c04f43a3cc/screenshot - {}
RESULT: {"using":"xpath","value":"//*[@id=\"rfm.programui::xRFMxCU_ProgramObjectPage--fe::CustomSubSection::CustomDetailsSection--fe::FormContainer::FieldGroup::basicData2::FormElement::DataField::CompanyCode::Field-edit-inner-vhi\"]"}
COMMAND: POST /session/6e6358e6a435649fcd39e4c04f43a3cc/element/f.E5E56E7A64D2CD83F4C323B9D1D28C08.d.815E6D4BCA7275C830AAC5CB9BC76DC6.e.355/click - {}
RESULT: {}
RESULT: {}
COMMAND: POST /session/6e6358e6a435649fcd39e4c04f43a3cc/execute/async - {"script":"<script> [21 bytes]","args":[{"selector":{"id":"rfm.programui::xRFMxCU_ProgramObjectPage--fe::CustomSubSection::CustomDetailsSection--DetailsFundingTypesTable-content::StandardAction::Create","interaction":{"idSuffix":"BDI-content"}},"wdio_ui5_key":"rfmprogramui::xRFMxCU_ProgramObjectPage--fe::CustomSubSection::CustomDetailsSection--DetailsFundingTypesTable-content::StandardAction::Create"}]}
COMMAND: GET /session/6e6358e6a435649fcd39e4c04f43a3cc/screenshot - {}
RESULT: {"script":"<script> [21 bytes]","args":[{"selector":{"id":"rfm.programui::xRFMxCU_ProgramObjectPage--fe::CustomSubSection::CustomDetailsSection--DetailsFundingTypesTable-content::StandardAction::Create","interaction":{"idSuffix":"BDI-content"}},"wdio_ui5_key":"rfmprogramui::xRFMxCU_ProgramObjectPage--fe::CustomSubSection::CustomDetailsSection--DetailsFundingTypesTable-content::StandardAction::Create"}]}
RESULT: undefined
COMMAND: POST /session/6e6358e6a435649fcd39e4c04f43a3cc/element - {"using":"xpath","value":"//*[@id=\"rfm.programui::xRFMxCU_ProgramObjectPage--fe::CustomSubSection::CustomDetailsSection--DetailsFundingTypesTable-content::StandardAction::Create\"]"}
RESULT: {}
RESULT: {"using":"xpath","value":"//*[@id=\"rfm.programui::xRFMxCU_ProgramObjectPage--fe::CustomSubSection::CustomDetailsSection--DetailsFundingTypesTable-content::StandardAction::Create\"]"}
COMMAND: POST /session/6e6358e6a435649fcd39e4c04f43a3cc/element/f.E5E56E7A64D2CD83F4C323B9D1D28C08.d.815E6D4BCA7275C830AAC5CB9BC76DC6.e.358/click - {}
RESULT: {}
COMMAND: POST /session/6e6358e6a435649fcd39e4c04f43a3cc/execute/async - {"script":"<script> [21 bytes]","args":[{"selector":{"id":"CreateDialog::xRFMxCU_ProgramFundingTypeType::FundingType-inner-vhi","searchOpenDialogs":true},"wdio_ui5_key":"CreateDialogxRFMxCU_ProgramFundingTypeType::FundingType-inner-vhi"}]}
COMMAND: GET /session/6e6358e6a435649fcd39e4c04f43a3cc/screenshot - {}
RESULT: {"script":"<script> [21 bytes]","args":[{"selector":{"id":"CreateDialog::xRFMxCU_ProgramFundingTypeType::FundingType-inner-vhi","searchOpenDialogs":true},"wdio_ui5_key":"CreateDialogxRFMxCU_ProgramFundingTypeType::FundingType-inner-vhi"}]}
RESULT: undefined
COMMAND: POST /session/6e6358e6a435649fcd39e4c04f43a3cc/execute/async - {"script":"<script> [21 bytes]","args":[{"selector":{"id":"CreateDialog::xRFMxCU_ProgramFundingTypeType::FundingType-inner","searchOpenDialogs":true,"interaction":{"idSuffix":"inner"}},"wdio_ui5_key":"CreateDialogxRFMxCU_ProgramFundingTypeType::FundingType-inner"}]}
RESULT: {}
RESULT: {"script":"<script> [21 bytes]","args":[{"selector":{"id":"CreateDialog::xRFMxCU_ProgramFundingTypeType::FundingType-inner","searchOpenDialogs":true,"interaction":{"idSuffix":"inner"}},"wdio_ui5_key":"CreateDialogxRFMxCU_ProgramFundingTypeType::FundingType-inner"}]}
RESULT: undefined
COMMAND: POST /session/6e6358e6a435649fcd39e4c04f43a3cc/execute/async - {"script":"<script> [20 bytes]","args":[{"enterText":"10","selector":{"id":"CreateDialog::xRFMxCU_ProgramFundingTypeType::FundingType-inner","searchOpenDialogs":true,"interaction":{"idSuffix":"inner"}},"clearTextFirst":true,"interactionType":"ENTER_TEXT"}]}
RESULT: {"script":"<script> [20 bytes]","args":[{"enterText":"10","selector":{"id":"CreateDialog::xRFMxCU_ProgramFundingTypeType::FundingType-inner","searchOpenDialogs":true,"interaction":{"idSuffix":"inner"}},"clearTextFirst":true,"interactionType":"ENTER_TEXT"}]}
COMMAND: POST /session/6e6358e6a435649fcd39e4c04f43a3cc/execute/async - {"script":"<script> [21 bytes]","args":[{"selector":{"id":"CreateDialog::xRFMxCU_Program::_AllowedFundingType-footer","searchOpenDialogs":true},"wdio_ui5_key":"CreateDialogxRFMxCU_Program::_AllowedFundingType-footer"}]}
RESULT: {"script":"<script> [21 bytes]","args":[{"selector":{"id":"CreateDialog::xRFMxCU_Program::_AllowedFundingType-footer","searchOpenDialogs":true},"wdio_ui5_key":"CreateDialogxRFMxCU_Program::_AllowedFundingType-footer"}]}
RESULT: undefined
COMMAND: POST /session/6e6358e6a435649fcd39e4c04f43a3cc/element - {"using":"xpath","value":"//*[@id=\"CreateDialog::xRFMxCU_Program::_AllowedFundingType-footer\"]"}
RESULT: {"using":"xpath","value":"//*[@id=\"CreateDialog::xRFMxCU_Program::_AllowedFundingType-footer\"]"}
COMMAND: POST /session/6e6358e6a435649fcd39e4c04f43a3cc/element/f.E5E56E7A64D2CD83F4C323B9D1D28C08.d.815E6D4BCA7275C830AAC5CB9BC76DC6.e.496/click - {}
RESULT: {}
COMMAND: POST /session/6e6358e6a435649fcd39e4c04f43a3cc/execute/async - {"script":"<script> [21 bytes]","args":[{"forceSelect":true,"selector":{"controlType":"sap.m.Button","viewName":"sap.fe.templates.ObjectPage.ObjectPage","viewId":"rfm.programui::xRFMxCU_Program__AllowedFundingTypeObjectPage","properties":{"text":"Continue"},"searchOpenDialogs":true,"interaction":{"idSuffix":"BDI-content"}},"wdio_ui5_key":"sapfe.templates.ObjectPage.ObjectPagesap.m.Button{\"text\":\"Continue\"}"}]}
COMMAND: GET /session/6e6358e6a435649fcd39e4c04f43a3cc/screenshot - {}
RESULT: {"script":"<script> [21 bytes]","args":[{"forceSelect":true,"selector":{"controlType":"sap.m.Button","viewName":"sap.fe.templates.ObjectPage.ObjectPage","viewId":"rfm.programui::xRFMxCU_Program__AllowedFundingTypeObjectPage","properties":{"text":"Continue"},"searchOpenDialogs":true,"interaction":{"idSuffix":"BDI-content"}},"wdio_ui5_key":"sapfe.templates.ObjectPage.ObjectPagesap.m.Button{\"text\":\"Continue\"}"}]}
RESULT: undefined
COMMAND: POST /session/6e6358e6a435649fcd39e4c04f43a3cc/element - {"using":"xpath","value":"//*[@id=\"__button193\"]"}
RESULT: {}
RESULT: {"using":"xpath","value":"//*[@id=\"__button193\"]"}
COMMAND: POST /session/6e6358e6a435649fcd39e4c04f43a3cc/element/f.E5E56E7A64D2CD83F4C323B9D1D28C08.d.815E6D4BCA7275C830AAC5CB9BC76DC6.e.498/click - {}
RESULT: {}
COMMAND: POST /session/6e6358e6a435649fcd39e4c04f43a3cc/execute/async - {"script":"<script> [21 bytes]","args":[{"selector":{"id":"rfm.programui::xRFMxCU_Program__AllowedFundingTypeObjectPage--fe::FooterBar::StandardAction::Apply","interaction":{"idSuffix":"BDI-content"}},"wdio_ui5_key":"rfmprogramui::xRFMxCU_Program__AllowedFundingTypeObjectPage--fe::FooterBar::StandardAction::Apply"}]}
COMMAND: GET /session/6e6358e6a435649fcd39e4c04f43a3cc/screenshot - {}
RESULT: {"script":"<script> [21 bytes]","args":[{"selector":{"id":"rfm.programui::xRFMxCU_Program__AllowedFundingTypeObjectPage--fe::FooterBar::StandardAction::Apply","interaction":{"idSuffix":"BDI-content"}},"wdio_ui5_key":"rfmprogramui::xRFMxCU_Program__AllowedFundingTypeObjectPage--fe::FooterBar::StandardAction::Apply"}]}
RESULT: undefined
COMMAND: POST /session/6e6358e6a435649fcd39e4c04f43a3cc/element - {"using":"xpath","value":"//*[@id=\"rfm.programui::xRFMxCU_Program__AllowedFundingTypeObjectPage--fe::FooterBar::StandardAction::Apply\"]"}
RESULT: {}
RESULT: {"using":"xpath","value":"//*[@id=\"rfm.programui::xRFMxCU_Program__AllowedFundingTypeObjectPage--fe::FooterBar::StandardAction::Apply\"]"}
COMMAND: POST /session/6e6358e6a435649fcd39e4c04f43a3cc/element/f.E5E56E7A64D2CD83F4C323B9D1D28C08.d.815E6D4BCA7275C830AAC5CB9BC76DC6.e.489/click - {}
RESULT: {}
COMMAND: POST /session/6e6358e6a435649fcd39e4c04f43a3cc/execute/async - {"script":"<script> [21 bytes]","args":[{"selector":{"id":"rfm.programui::xRFMxCU_ProgramObjectPage--fe::ObjectPage-anchBar-rfm.programui::xRFMxCU_ProgramObjectPage--fe::EditableHeaderSection-anchor","interaction":{"idSuffix":"text"}},"wdio_ui5_key":"rfmprogramui::xRFMxCU_ProgramObjectPage--fe::ObjectPage-anchBar-rfm.programui::xRFMxCU_ProgramObjectPage--fe::EditableHeaderSection-anchor"}]}
COMMAND: GET /session/6e6358e6a435649fcd39e4c04f43a3cc/screenshot - {}
RESULT: {"script":"<script> [21 bytes]","args":[{"selector":{"id":"rfm.programui::xRFMxCU_ProgramObjectPage--fe::ObjectPage-anchBar-rfm.programui::xRFMxCU_ProgramObjectPage--fe::EditableHeaderSection-anchor","interaction":{"idSuffix":"text"}},"wdio_ui5_key":"rfmprogramui::xRFMxCU_ProgramObjectPage--fe::ObjectPage-anchBar-rfm.programui::xRFMxCU_ProgramObjectPage--fe::EditableHeaderSection-anchor"}]}
RESULT: undefined
COMMAND: POST /session/6e6358e6a435649fcd39e4c04f43a3cc/element - {"using":"xpath","value":"//*[@id=\"rfm.programui::xRFMxCU_ProgramObjectPage--fe::ObjectPage-anchBar-rfm.programui::xRFMxCU_ProgramObjectPage--fe::EditableHeaderSection-anchor\"]"}
RESULT: {}
RESULT: {"using":"xpath","value":"//*[@id=\"rfm.programui::xRFMxCU_ProgramObjectPage--fe::ObjectPage-anchBar-rfm.programui::xRFMxCU_ProgramObjectPage--fe::EditableHeaderSection-anchor\"]"}
COMMAND: POST /session/6e6358e6a435649fcd39e4c04f43a3cc/element/f.E5E56E7A64D2CD83F4C323B9D1D28C08.d.815E6D4BCA7275C830AAC5CB9BC76DC6.e.556/click - {}
RESULT: {}
COMMAND: POST /session/6e6358e6a435649fcd39e4c04f43a3cc/execute/async - {"script":"<script> [21 bytes]","args":[{"selector":{"id":"rfm.programui::xRFMxCU_ProgramObjectPage--fe::HeaderFacet::FormContainer::headerFieldsGP1::FormElement::DataField::Name::Field-edit","interaction":{"idSuffix":"inner"}},"wdio_ui5_key":"rfmprogramui::xRFMxCU_ProgramObjectPage--fe::HeaderFacet::FormContainer::headerFieldsGP1::FormElement::DataField::Name::Field-edit"}]}
COMMAND: GET /session/6e6358e6a435649fcd39e4c04f43a3cc/screenshot - {}
RESULT: {"script":"<script> [21 bytes]","args":[{"selector":{"id":"rfm.programui::xRFMxCU_ProgramObjectPage--fe::HeaderFacet::FormContainer::headerFieldsGP1::FormElement::DataField::Name::Field-edit","interaction":{"idSuffix":"inner"}},"wdio_ui5_key":"rfmprogramui::xRFMxCU_ProgramObjectPage--fe::HeaderFacet::FormContainer::headerFieldsGP1::FormElement::DataField::Name::Field-edit"}]}
RESULT: undefined
COMMAND: POST /session/6e6358e6a435649fcd39e4c04f43a3cc/execute/async - {"script":"<script> [20 bytes]","args":[{"enterText":"WDIO_2025-08-10","selector":{"id":"rfm.programui::xRFMxCU_ProgramObjectPage--fe::HeaderFacet::FormContainer::headerFieldsGP1::FormElement::DataField::Name::Field-edit","interaction":{"idSuffix":"inner"}},"clearTextFirst":true,"interactionType":"ENTER_TEXT"}]}
RESULT: {}
RESULT: {"script":"<script> [20 bytes]","args":[{"enterText":"WDIO_2025-08-10","selector":{"id":"rfm.programui::xRFMxCU_ProgramObjectPage--fe::HeaderFacet::FormContainer::headerFieldsGP1::FormElement::DataField::Name::Field-edit","interaction":{"idSuffix":"inner"}},"clearTextFirst":true,"interactionType":"ENTER_TEXT"}]}
COMMAND: POST /session/6e6358e6a435649fcd39e4c04f43a3cc/execute/async - {"script":"<script> [21 bytes]","args":[{"selector":{"id":"rfm.programui::xRFMxCU_ProgramObjectPage--fe::FooterBar::StandardAction::Save","interaction":{"idSuffix":"BDI-content"}},"wdio_ui5_key":"rfmprogramui::xRFMxCU_ProgramObjectPage--fe::FooterBar::StandardAction::Save"}]}
RESULT: {"script":"<script> [21 bytes]","args":[{"selector":{"id":"rfm.programui::xRFMxCU_ProgramObjectPage--fe::FooterBar::StandardAction::Save","interaction":{"idSuffix":"BDI-content"}},"wdio_ui5_key":"rfmprogramui::xRFMxCU_ProgramObjectPage--fe::FooterBar::StandardAction::Save"}]}
RESULT: undefined
COMMAND: POST /session/6e6358e6a435649fcd39e4c04f43a3cc/element - {"using":"xpath","value":"//*[@id=\"rfm.programui::xRFMxCU_ProgramObjectPage--fe::FooterBar::StandardAction::Save\"]"}
RESULT: {"using":"xpath","value":"//*[@id=\"rfm.programui::xRFMxCU_ProgramObjectPage--fe::FooterBar::StandardAction::Save\"]"}
COMMAND: POST /session/6e6358e6a435649fcd39e4c04f43a3cc/element/f.E5E56E7A64D2CD83F4C323B9D1D28C08.d.815E6D4BCA7275C830AAC5CB9BC76DC6.e.411/click - {}
RESULT: {}
COMMAND: POST /session/6e6358e6a435649fcd39e4c04f43a3cc/execute/async - {"script":"<script> [21 bytes]","args":[{"selector":{"id":"rfm.programui::xRFMxCU_ProgramObjectPage--fe::HeaderFacet::Form::headerFieldsGP1::DataField::ProgramId::Field-content"},"wdio_ui5_key":"rfmprogramui::xRFMxCU_ProgramObjectPage--fe::HeaderFacet::Form::headerFieldsGP1::DataField::ProgramId::Field-content"}]}
COMMAND: GET /session/6e6358e6a435649fcd39e4c04f43a3cc/screenshot - {}
RESULT: {"script":"<script> [21 bytes]","args":[{"selector":{"id":"rfm.programui::xRFMxCU_ProgramObjectPage--fe::HeaderFacet::Form::headerFieldsGP1::DataField::ProgramId::Field-content"},"wdio_ui5_key":"rfmprogramui::xRFMxCU_ProgramObjectPage--fe::HeaderFacet::Form::headerFieldsGP1::DataField::ProgramId::Field-content"}]}
RESULT: undefined
COMMAND: POST /session/6e6358e6a435649fcd39e4c04f43a3cc/execute/async - {"script":"<script> [21 bytes]","args":[{"element-6066-11e4-a52e-4f735466cecf":"f.E5E56E7A64D2CD83F4C323B9D1D28C08.d.815E6D4BCA7275C830AAC5CB9BC76DC6.e.572"},"getText",[]]}
RESULT: {}
RESULT: {"script":"<script> [21 bytes]","args":[{"element-6066-11e4-a52e-4f735466cecf":"f.E5E56E7A64D2CD83F4C323B9D1D28C08.d.815E6D4BCA7275C830AAC5CB9BC76DC6.e.572"},"getText",[]]}
COMMAND: POST /session/6e6358e6a435649fcd39e4c04f43a3cc/execute/async - {"script":"<script> [21 bytes]","args":[{"selector":{"id":"rfm.programui::xRFMxCU_ProgramObjectPage--fe::DataFieldForAction::com.sap.gateway.srvd.rfm.ui_program.v0001.Open::com.sap.gateway.srvd.rfm.ui_program.v0001.xRFMxCU_ProgramType","interaction":{"idSuffix":"BDI-content"}},"wdio_ui5_key":"rfmprogramui::xRFMxCU_ProgramObjectPage--fe::DataFieldForAction::com.sap.gateway.srvd.rfm.ui_program.v0001.Open::com.sap.gateway.srvd.rfm.ui_program.v0001.xRFMxCU_ProgramType"}]}
RESULT: {"script":"<script> [21 bytes]","args":[{"selector":{"id":"rfm.programui::xRFMxCU_ProgramObjectPage--fe::DataFieldForAction::com.sap.gateway.srvd.rfm.ui_program.v0001.Open::com.sap.gateway.srvd.rfm.ui_program.v0001.xRFMxCU_ProgramType","interaction":{"idSuffix":"BDI-content"}},"wdio_ui5_key":"rfmprogramui::xRFMxCU_ProgramObjectPage--fe::DataFieldForAction::com.sap.gateway.srvd.rfm.ui_program.v0001.Open::com.sap.gateway.srvd.rfm.ui_program.v0001.xRFMxCU_ProgramType"}]}
RESULT: undefined
COMMAND: POST /session/6e6358e6a435649fcd39e4c04f43a3cc/element - {"using":"xpath","value":"//*[@id=\"rfm.programui::xRFMxCU_ProgramObjectPage--fe::DataFieldForAction::com.sap.gateway.srvd.rfm.ui_program.v0001.Open::com.sap.gateway.srvd.rfm.ui_program.v0001.xRFMxCU_ProgramType\"]"}
RESULT: {"using":"xpath","value":"//*[@id=\"rfm.programui::xRFMxCU_ProgramObjectPage--fe::DataFieldForAction::com.sap.gateway.srvd.rfm.ui_program.v0001.Open::com.sap.gateway.srvd.rfm.ui_program.v0001.xRFMxCU_ProgramType\"]"}
COMMAND: POST /session/6e6358e6a435649fcd39e4c04f43a3cc/element/f.E5E56E7A64D2CD83F4C323B9D1D28C08.d.815E6D4BCA7275C830AAC5CB9BC76DC6.e.337/click - {}
RESULT: {}
COMMAND: POST /session/6e6358e6a435649fcd39e4c04f43a3cc/execute/async - {"script":"<script> [21 bytes]","args":[{"selector":{"controlType":"sap.m.Button","properties":{"text":"OK"},"searchOpenDialogs":true,"interaction":{"idSuffix":"BDI-content"}},"wdio_ui5_key":"sapm.Button{\"text\":\"OK\"}"}]}
COMMAND: GET /session/6e6358e6a435649fcd39e4c04f43a3cc/screenshot - {}
RESULT: {"script":"<script> [21 bytes]","args":[{"selector":{"controlType":"sap.m.Button","properties":{"text":"OK"},"searchOpenDialogs":true,"interaction":{"idSuffix":"BDI-content"}},"wdio_ui5_key":"sapm.Button{\"text\":\"OK\"}"}]}
RESULT: undefined
COMMAND: POST /session/6e6358e6a435649fcd39e4c04f43a3cc/element - {"using":"xpath","value":"//*[@id=\"__mbox-btn-0\"]"}
RESULT: {}
RESULT: {"using":"xpath","value":"//*[@id=\"__mbox-btn-0\"]"}
COMMAND: POST /session/6e6358e6a435649fcd39e4c04f43a3cc/element/f.E5E56E7A64D2CD83F4C323B9D1D28C08.d.815E6D4BCA7275C830AAC5CB9BC76DC6.e.574/click - {}
RESULT: {}
COMMAND: POST /session/6e6358e6a435649fcd39e4c04f43a3cc/execute/async - {"script":"<script> [21 bytes]","args":[{"selector":{"id":"backBtn"},"wdio_ui5_key":"backBtn"}]}
COMMAND: GET /session/6e6358e6a435649fcd39e4c04f43a3cc/screenshot - {}
RESULT: {"script":"<script> [21 bytes]","args":[{"selector":{"id":"backBtn"},"wdio_ui5_key":"backBtn"}]}
RESULT: undefined
COMMAND: POST /session/6e6358e6a435649fcd39e4c04f43a3cc/element - {"using":"xpath","value":"//*[@id=\"backBtn\"]"}
RESULT: {}
RESULT: {"using":"xpath","value":"//*[@id=\"backBtn\"]"}
COMMAND: POST /session/6e6358e6a435649fcd39e4c04f43a3cc/element/f.E5E56E7A64D2CD83F4C323B9D1D28C08.d.815E6D4BCA7275C830AAC5CB9BC76DC6.e.579/click - {}
RESULT: {}
COMMAND: GET /session/6e6358e6a435649fcd39e4c04f43a3cc/screenshot - {}
RESULT: {}
COMMAND: POST /session/6e6358e6a435649fcd39e4c04f43a3cc/element/f.E5E56E7A64D2CD83F4C323B9D1D28C08.d.815E6D4BCA7275C830AAC5CB9BC76DC6.e.579/click - {}
COMMAND: GET /session/6e6358e6a435649fcd39e4c04f43a3cc/screenshot - {}
]]></system-out>
    </testcase>
    <testcase classname="chrome.138_0_7204_184.windows.Funding_Transaction" name="Should create Transaction" time="65.586">
      <system-out><![CDATA[
COMMAND: POST /session/6e6358e6a435649fcd39e4c04f43a3cc/execute/async - {"script":"<script> [21 bytes]","args":[{"selector":{"controlType":"sap.m.GenericTile","properties":{"header":"Funding Transaction"}},"wdio_ui5_key":"sapm.GenericTile{\"header\":\"Funding Transaction\"}"}]}
RESULT: {}
COMMAND: GET /session/6e6358e6a435649fcd39e4c04f43a3cc/screenshot - {}
RESULT: {}
RESULT: {"script":"<script> [21 bytes]","args":[{"selector":{"controlType":"sap.m.GenericTile","properties":{"header":"Funding Transaction"}},"wdio_ui5_key":"sapm.GenericTile{\"header\":\"Funding Transaction\"}"}]}
RESULT: undefined
COMMAND: POST /session/6e6358e6a435649fcd39e4c04f43a3cc/element - {"using":"xpath","value":"//*[@id=\"__tile30\"]"}
RESULT: {}
RESULT: {"using":"xpath","value":"//*[@id=\"__tile30\"]"}
COMMAND: POST /session/6e6358e6a435649fcd39e4c04f43a3cc/element/f.E5E56E7A64D2CD83F4C323B9D1D28C08.d.815E6D4BCA7275C830AAC5CB9BC76DC6.e.632/click - {}
RESULT: {}
COMMAND: POST /session/6e6358e6a435649fcd39e4c04f43a3cc/execute/async - {"script":"<script> [21 bytes]","args":[{"selector":{"id":"rfm.transactionui::xRFMxCU_TransactionList--fe::table::allTab::LineItem::StandardAction::Create","controlType":"sap.m.Button"},"wdio_ui5_key":"rfmtransactionui::xRFMxCU_TransactionList--fe::table::allTab::LineItem::StandardAction::Createsap.m.Button"}]}
COMMAND: GET /session/6e6358e6a435649fcd39e4c04f43a3cc/screenshot - {}
RESULT: {"script":"<script> [21 bytes]","args":[{"selector":{"id":"rfm.transactionui::xRFMxCU_TransactionList--fe::table::allTab::LineItem::StandardAction::Create","controlType":"sap.m.Button"},"wdio_ui5_key":"rfmtransactionui::xRFMxCU_TransactionList--fe::table::allTab::LineItem::StandardAction::Createsap.m.Button"}]}
RESULT: undefined
COMMAND: POST /session/6e6358e6a435649fcd39e4c04f43a3cc/element - {"using":"xpath","value":"//*[@id=\"rfm.transactionui::xRFMxCU_TransactionList--fe::table::allTab::LineItem::StandardAction::Create\"]"}
RESULT: {}
RESULT: {"using":"xpath","value":"//*[@id=\"rfm.transactionui::xRFMxCU_TransactionList--fe::table::allTab::LineItem::StandardAction::Create\"]"}
COMMAND: POST /session/6e6358e6a435649fcd39e4c04f43a3cc/element/f.E5E56E7A64D2CD83F4C323B9D1D28C08.d.815E6D4BCA7275C830AAC5CB9BC76DC6.e.690/click - {}
RESULT: {}
COMMAND: POST /session/6e6358e6a435649fcd39e4c04f43a3cc/execute/async - {"script":"<script> [21 bytes]","args":[{"selector":{"id":"CreateDialog::xRFMxCU_TransactionType::ProgramId-inner-vhi","searchOpenDialogs":true},"wdio_ui5_key":"CreateDialogxRFMxCU_TransactionType::ProgramId-inner-vhi"}]}
COMMAND: GET /session/6e6358e6a435649fcd39e4c04f43a3cc/screenshot - {}
RESULT: {"script":"<script> [21 bytes]","args":[{"selector":{"id":"CreateDialog::xRFMxCU_TransactionType::ProgramId-inner-vhi","searchOpenDialogs":true},"wdio_ui5_key":"CreateDialogxRFMxCU_TransactionType::ProgramId-inner-vhi"}]}
RESULT: undefined
COMMAND: POST /session/6e6358e6a435649fcd39e4c04f43a3cc/element - {"using":"xpath","value":"//*[@id=\"CreateDialog::xRFMxCU_TransactionType::ProgramId-inner-vhi\"]"}
RESULT: {}
RESULT: {"using":"xpath","value":"//*[@id=\"CreateDialog::xRFMxCU_TransactionType::ProgramId-inner-vhi\"]"}
COMMAND: POST /session/6e6358e6a435649fcd39e4c04f43a3cc/element/f.E5E56E7A64D2CD83F4C323B9D1D28C08.d.815E6D4BCA7275C830AAC5CB9BC76DC6.e.871/click - {}
RESULT: {}
COMMAND: POST /session/6e6358e6a435649fcd39e4c04f43a3cc/execute/async - {"script":"<script> [21 bytes]","args":[{"selector":{"id":"ProgramId::VH::Dialog::qualifier::-search-inner","searchOpenDialogs":true,"interaction":{"idSuffix":"I"}},"wdio_ui5_key":"ProgramIdVH::Dialog::qualifier::-search-inner"}]}
COMMAND: GET /session/6e6358e6a435649fcd39e4c04f43a3cc/screenshot - {}
RESULT: {"script":"<script> [21 bytes]","args":[{"selector":{"id":"ProgramId::VH::Dialog::qualifier::-search-inner","searchOpenDialogs":true,"interaction":{"idSuffix":"I"}},"wdio_ui5_key":"ProgramIdVH::Dialog::qualifier::-search-inner"}]}
RESULT: undefined
COMMAND: POST /session/6e6358e6a435649fcd39e4c04f43a3cc/execute/async - {"script":"<script> [20 bytes]","args":[{"enterText":"*1496*","selector":{"id":"ProgramId::VH::Dialog::qualifier::-search-inner","searchOpenDialogs":true,"interaction":{"idSuffix":"I"}},"clearTextFirst":true,"interactionType":"ENTER_TEXT"}]}
RESULT: {}
RESULT: {"script":"<script> [20 bytes]","args":[{"enterText":"*1496*","selector":{"id":"ProgramId::VH::Dialog::qualifier::-search-inner","searchOpenDialogs":true,"interaction":{"idSuffix":"I"}},"clearTextFirst":true,"interactionType":"ENTER_TEXT"}]}
COMMAND: POST /session/6e6358e6a435649fcd39e4c04f43a3cc/execute/async - {"script":"<script> [21 bytes]","args":[{"selector":{"id":"ProgramId::VH::Dialog::qualifier::::Table-innerTable-rows-row0","searchOpenDialogs":true,"interaction":{"idSuffix":"col0"}},"wdio_ui5_key":"ProgramIdVH::Dialog::qualifier::::Table-innerTable-rows-row0"}]}
RESULT: {"script":"<script> [21 bytes]","args":[{"selector":{"id":"ProgramId::VH::Dialog::qualifier::::Table-innerTable-rows-row0","searchOpenDialogs":true,"interaction":{"idSuffix":"col0"}},"wdio_ui5_key":"ProgramIdVH::Dialog::qualifier::::Table-innerTable-rows-row0"}]}
RESULT: undefined
COMMAND: POST /session/6e6358e6a435649fcd39e4c04f43a3cc/element - {"using":"xpath","value":"//*[@id=\"ProgramId::VH::Dialog::qualifier::::Table-innerTable-rows-row0\"]"}
RESULT: {"using":"xpath","value":"//*[@id=\"ProgramId::VH::Dialog::qualifier::::Table-innerTable-rows-row0\"]"}
COMMAND: POST /session/6e6358e6a435649fcd39e4c04f43a3cc/element/f.E5E56E7A64D2CD83F4C323B9D1D28C08.d.815E6D4BCA7275C830AAC5CB9BC76DC6.e.882/click - {}
RESULT: {}
COMMAND: GET /session/6e6358e6a435649fcd39e4c04f43a3cc/screenshot - {}
COMMAND: POST /session/6e6358e6a435649fcd39e4c04f43a3cc/execute/async - {"script":"<script> [21 bytes]","args":[{"selector":{"id":"CreateDialog::xRFMxCU_Transaction-footer","searchOpenDialogs":true},"wdio_ui5_key":"CreateDialogxRFMxCU_Transaction-footer"}]}
RESULT: {}
RESULT: {"script":"<script> [21 bytes]","args":[{"selector":{"id":"CreateDialog::xRFMxCU_Transaction-footer","searchOpenDialogs":true},"wdio_ui5_key":"CreateDialogxRFMxCU_Transaction-footer"}]}
RESULT: undefined
COMMAND: POST /session/6e6358e6a435649fcd39e4c04f43a3cc/element - {"using":"xpath","value":"//*[@id=\"CreateDialog::xRFMxCU_Transaction-footer\"]"}
RESULT: {"using":"xpath","value":"//*[@id=\"CreateDialog::xRFMxCU_Transaction-footer\"]"}
COMMAND: POST /session/6e6358e6a435649fcd39e4c04f43a3cc/element/f.E5E56E7A64D2CD83F4C323B9D1D28C08.d.815E6D4BCA7275C830AAC5CB9BC76DC6.e.884/click - {}
RESULT: {}
COMMAND: POST /session/6e6358e6a435649fcd39e4c04f43a3cc/execute/async - {"script":"<script> [21 bytes]","args":[{"forceSelect":true,"selector":{"controlType":"sap.m.Button","viewName":"sap.fe.templates.ObjectPage.ObjectPage","viewId":"rfm.transactionui::xRFMxCU_TransactionObjectPage","properties":{"text":"Continue"},"searchOpenDialogs":true,"interaction":{"idSuffix":"BDI-content"}},"wdio_ui5_key":"sapfe.templates.ObjectPage.ObjectPagesap.m.Button{\"text\":\"Continue\"}"}]}
COMMAND: GET /session/6e6358e6a435649fcd39e4c04f43a3cc/screenshot - {}
RESULT: {"script":"<script> [21 bytes]","args":[{"forceSelect":true,"selector":{"controlType":"sap.m.Button","viewName":"sap.fe.templates.ObjectPage.ObjectPage","viewId":"rfm.transactionui::xRFMxCU_TransactionObjectPage","properties":{"text":"Continue"},"searchOpenDialogs":true,"interaction":{"idSuffix":"BDI-content"}},"wdio_ui5_key":"sapfe.templates.ObjectPage.ObjectPagesap.m.Button{\"text\":\"Continue\"}"}]}
RESULT: undefined
COMMAND: POST /session/6e6358e6a435649fcd39e4c04f43a3cc/element - {"using":"xpath","value":"//*[@id=\"__button239\"]"}
RESULT: {}
RESULT: {"using":"xpath","value":"//*[@id=\"__button239\"]"}
COMMAND: POST /session/6e6358e6a435649fcd39e4c04f43a3cc/element/f.E5E56E7A64D2CD83F4C323B9D1D28C08.d.815E6D4BCA7275C830AAC5CB9BC76DC6.e.886/click - {}
RESULT: {}
COMMAND: POST /session/6e6358e6a435649fcd39e4c04f43a3cc/execute/async - {"script":"<script> [21 bytes]","args":[{"selector":{"id":"rfm.transactionui::xRFMxCU_TransactionObjectPage--fe::CustomSubSection::CustomDetailsSection--fe::FormContainer::FieldGroup::Term::FormElement::DataField::AssetCashflowDateFrom::Field-edit","interaction":{"idSuffix":"inner"}},"wdio_ui5_key":"rfmtransactionui::xRFMxCU_TransactionObjectPage--fe::CustomSubSection::CustomDetailsSection--fe::FormContainer::FieldGroup::Term::FormElement::DataField::AssetCashflowDateFrom::Field-edit"}]}
COMMAND: GET /session/6e6358e6a435649fcd39e4c04f43a3cc/screenshot - {}
RESULT: {"script":"<script> [21 bytes]","args":[{"selector":{"id":"rfm.transactionui::xRFMxCU_TransactionObjectPage--fe::CustomSubSection::CustomDetailsSection--fe::FormContainer::FieldGroup::Term::FormElement::DataField::AssetCashflowDateFrom::Field-edit","interaction":{"idSuffix":"inner"}},"wdio_ui5_key":"rfmtransactionui::xRFMxCU_TransactionObjectPage--fe::CustomSubSection::CustomDetailsSection--fe::FormContainer::FieldGroup::Term::FormElement::DataField::AssetCashflowDateFrom::Field-edit"}]}
RESULT: undefined
COMMAND: POST /session/6e6358e6a435649fcd39e4c04f43a3cc/execute/async - {"script":"<script> [20 bytes]","args":[{"enterText":"2025-02-28","selector":{"id":"rfm.transactionui::xRFMxCU_TransactionObjectPage--fe::CustomSubSection::CustomDetailsSection--fe::FormContainer::FieldGroup::Term::FormElement::DataField::AssetCashflowDateFrom::Field-edit","interaction":{"idSuffix":"inner"}},"clearTextFirst":true,"interactionType":"ENTER_TEXT"}]}
RESULT: {}
RESULT: {"script":"<script> [20 bytes]","args":[{"enterText":"2025-02-28","selector":{"id":"rfm.transactionui::xRFMxCU_TransactionObjectPage--fe::CustomSubSection::CustomDetailsSection--fe::FormContainer::FieldGroup::Term::FormElement::DataField::AssetCashflowDateFrom::Field-edit","interaction":{"idSuffix":"inner"}},"clearTextFirst":true,"interactionType":"ENTER_TEXT"}]}
COMMAND: POST /session/6e6358e6a435649fcd39e4c04f43a3cc/execute/async - {"script":"<script> [21 bytes]","args":[{"selector":{"id":"rfm.transactionui::xRFMxCU_TransactionObjectPage--fe::CustomSubSection::CustomDetailsSection--fe::FormContainer::FieldGroup::Term::FormElement::DataField::AssetCashflowDateTo::Field-edit","interaction":{"idSuffix":"inner"}},"wdio_ui5_key":"rfmtransactionui::xRFMxCU_TransactionObjectPage--fe::CustomSubSection::CustomDetailsSection--fe::FormContainer::FieldGroup::Term::FormElement::DataField::AssetCashflowDateTo::Field-edit"}]}
RESULT: {"script":"<script> [21 bytes]","args":[{"selector":{"id":"rfm.transactionui::xRFMxCU_TransactionObjectPage--fe::CustomSubSection::CustomDetailsSection--fe::FormContainer::FieldGroup::Term::FormElement::DataField::AssetCashflowDateTo::Field-edit","interaction":{"idSuffix":"inner"}},"wdio_ui5_key":"rfmtransactionui::xRFMxCU_TransactionObjectPage--fe::CustomSubSection::CustomDetailsSection--fe::FormContainer::FieldGroup::Term::FormElement::DataField::AssetCashflowDateTo::Field-edit"}]}
RESULT: undefined
COMMAND: POST /session/6e6358e6a435649fcd39e4c04f43a3cc/execute/async - {"script":"<script> [20 bytes]","args":[{"enterText":"2025-03-28","selector":{"id":"rfm.transactionui::xRFMxCU_TransactionObjectPage--fe::CustomSubSection::CustomDetailsSection--fe::FormContainer::FieldGroup::Term::FormElement::DataField::AssetCashflowDateTo::Field-edit","interaction":{"idSuffix":"inner"}},"clearTextFirst":true,"interactionType":"ENTER_TEXT"}]}
RESULT: {"script":"<script> [20 bytes]","args":[{"enterText":"2025-03-28","selector":{"id":"rfm.transactionui::xRFMxCU_TransactionObjectPage--fe::CustomSubSection::CustomDetailsSection--fe::FormContainer::FieldGroup::Term::FormElement::DataField::AssetCashflowDateTo::Field-edit","interaction":{"idSuffix":"inner"}},"clearTextFirst":true,"interactionType":"ENTER_TEXT"}]}
COMMAND: POST /session/6e6358e6a435649fcd39e4c04f43a3cc/execute/async - {"script":"<script> [21 bytes]","args":[{"selector":{"id":"rfm.transactionui::xRFMxCU_TransactionObjectPage--fe::ObjectPage-anchBar-rfm.transactionui::xRFMxCU_TransactionObjectPage--fe::EditableHeaderSection-anchor","interaction":{"idSuffix":"text"}},"wdio_ui5_key":"rfmtransactionui::xRFMxCU_TransactionObjectPage--fe::ObjectPage-anchBar-rfm.transactionui::xRFMxCU_TransactionObjectPage--fe::EditableHeaderSection-anchor"}]}
RESULT: {"script":"<script> [21 bytes]","args":[{"selector":{"id":"rfm.transactionui::xRFMxCU_TransactionObjectPage--fe::ObjectPage-anchBar-rfm.transactionui::xRFMxCU_TransactionObjectPage--fe::EditableHeaderSection-anchor","interaction":{"idSuffix":"text"}},"wdio_ui5_key":"rfmtransactionui::xRFMxCU_TransactionObjectPage--fe::ObjectPage-anchBar-rfm.transactionui::xRFMxCU_TransactionObjectPage--fe::EditableHeaderSection-anchor"}]}
RESULT: undefined
COMMAND: POST /session/6e6358e6a435649fcd39e4c04f43a3cc/element - {"using":"xpath","value":"//*[@id=\"rfm.transactionui::xRFMxCU_TransactionObjectPage--fe::ObjectPage-anchBar-rfm.transactionui::xRFMxCU_TransactionObjectPage--fe::EditableHeaderSection-anchor\"]"}
RESULT: {"using":"xpath","value":"//*[@id=\"rfm.transactionui::xRFMxCU_TransactionObjectPage--fe::ObjectPage-anchBar-rfm.transactionui::xRFMxCU_TransactionObjectPage--fe::EditableHeaderSection-anchor\"]"}
COMMAND: POST /session/6e6358e6a435649fcd39e4c04f43a3cc/element/f.E5E56E7A64D2CD83F4C323B9D1D28C08.d.815E6D4BCA7275C830AAC5CB9BC76DC6.e.948/click - {}
RESULT: {}
COMMAND: POST /session/6e6358e6a435649fcd39e4c04f43a3cc/execute/async - {"script":"<script> [21 bytes]","args":[{"selector":{"id":"rfm.transactionui::xRFMxCU_TransactionObjectPage--fe::HeaderFacet::FormContainer::headerFieldsGP1::FormElement::DataField::Name::Field-edit","interaction":{"idSuffix":"inner"}},"wdio_ui5_key":"rfmtransactionui::xRFMxCU_TransactionObjectPage--fe::HeaderFacet::FormContainer::headerFieldsGP1::FormElement::DataField::Name::Field-edit"}]}
COMMAND: GET /session/6e6358e6a435649fcd39e4c04f43a3cc/screenshot - {}
RESULT: {"script":"<script> [21 bytes]","args":[{"selector":{"id":"rfm.transactionui::xRFMxCU_TransactionObjectPage--fe::HeaderFacet::FormContainer::headerFieldsGP1::FormElement::DataField::Name::Field-edit","interaction":{"idSuffix":"inner"}},"wdio_ui5_key":"rfmtransactionui::xRFMxCU_TransactionObjectPage--fe::HeaderFacet::FormContainer::headerFieldsGP1::FormElement::DataField::Name::Field-edit"}]}
RESULT: undefined
COMMAND: POST /session/6e6358e6a435649fcd39e4c04f43a3cc/execute/async - {"script":"<script> [20 bytes]","args":[{"enterText":"WDIO_2025-08-10","selector":{"id":"rfm.transactionui::xRFMxCU_TransactionObjectPage--fe::HeaderFacet::FormContainer::headerFieldsGP1::FormElement::DataField::Name::Field-edit","interaction":{"idSuffix":"inner"}},"clearTextFirst":true,"interactionType":"ENTER_TEXT"}]}
RESULT: {}
RESULT: {"script":"<script> [20 bytes]","args":[{"enterText":"WDIO_2025-08-10","selector":{"id":"rfm.transactionui::xRFMxCU_TransactionObjectPage--fe::HeaderFacet::FormContainer::headerFieldsGP1::FormElement::DataField::Name::Field-edit","interaction":{"idSuffix":"inner"}},"clearTextFirst":true,"interactionType":"ENTER_TEXT"}]}
COMMAND: POST /session/6e6358e6a435649fcd39e4c04f43a3cc/execute/async - {"script":"<script> [21 bytes]","args":[{"selector":{"id":"rfm.transactionui::xRFMxCU_TransactionObjectPage--fe::FooterBar::StandardAction::Save","interaction":{"idSuffix":"BDI-content"}},"wdio_ui5_key":"rfmtransactionui::xRFMxCU_TransactionObjectPage--fe::FooterBar::StandardAction::Save"}]}
RESULT: {"script":"<script> [21 bytes]","args":[{"selector":{"id":"rfm.transactionui::xRFMxCU_TransactionObjectPage--fe::FooterBar::StandardAction::Save","interaction":{"idSuffix":"BDI-content"}},"wdio_ui5_key":"rfmtransactionui::xRFMxCU_TransactionObjectPage--fe::FooterBar::StandardAction::Save"}]}
RESULT: undefined
COMMAND: POST /session/6e6358e6a435649fcd39e4c04f43a3cc/element - {"using":"xpath","value":"//*[@id=\"rfm.transactionui::xRFMxCU_TransactionObjectPage--fe::FooterBar::StandardAction::Save\"]"}
RESULT: {"using":"xpath","value":"//*[@id=\"rfm.transactionui::xRFMxCU_TransactionObjectPage--fe::FooterBar::StandardAction::Save\"]"}
COMMAND: POST /session/6e6358e6a435649fcd39e4c04f43a3cc/element/f.E5E56E7A64D2CD83F4C323B9D1D28C08.d.815E6D4BCA7275C830AAC5CB9BC76DC6.e.957/click - {}
RESULT: {}
COMMAND: POST /session/6e6358e6a435649fcd39e4c04f43a3cc/execute/async - {"script":"<script> [21 bytes]","args":[{"selector":{"id":"rfm.transactionui::xRFMxCU_TransactionObjectPage--fe::FooterBar::MessageButton-img"},"wdio_ui5_key":"rfmtransactionui::xRFMxCU_TransactionObjectPage--fe::FooterBar::MessageButton-img"}]}
COMMAND: GET /session/6e6358e6a435649fcd39e4c04f43a3cc/screenshot - {}
RESULT: {"script":"<script> [21 bytes]","args":[{"selector":{"id":"rfm.transactionui::xRFMxCU_TransactionObjectPage--fe::FooterBar::MessageButton-img"},"wdio_ui5_key":"rfmtransactionui::xRFMxCU_TransactionObjectPage--fe::FooterBar::MessageButton-img"}]}
RESULT: undefined
COMMAND: GET /session/6e6358e6a435649fcd39e4c04f43a3cc/screenshot - {}
]]></system-out>
    </testcase>
    <testcase classname="chrome.138_0_7204_184.windows.Funding_Transaction" name="Should filter created Transaction" time="15.441">
      <system-out><![CDATA[
COMMAND: POST /session/6e6358e6a435649fcd39e4c04f43a3cc/execute/async - {"script":"<script> [21 bytes]","args":[{"selector":{"id":"rfm.transactionui::xRFMxCU_TransactionObjectPage--fe::FCLStandardAction::Close-img"},"wdio_ui5_key":"rfmtransactionui::xRFMxCU_TransactionObjectPage--fe::FCLStandardAction::Close-img"}]}
RESULT: {}
RESULT: {}
RESULT: {"script":"<script> [21 bytes]","args":[{"selector":{"id":"rfm.transactionui::xRFMxCU_TransactionObjectPage--fe::FCLStandardAction::Close-img"},"wdio_ui5_key":"rfmtransactionui::xRFMxCU_TransactionObjectPage--fe::FCLStandardAction::Close-img"}]}
RESULT: undefined
COMMAND: POST /session/6e6358e6a435649fcd39e4c04f43a3cc/element - {"using":"xpath","value":"//*[@id=\"rfm.transactionui::xRFMxCU_TransactionObjectPage--fe::FCLStandardAction::Close-img\"]"}
RESULT: {"using":"xpath","value":"//*[@id=\"rfm.transactionui::xRFMxCU_TransactionObjectPage--fe::FCLStandardAction::Close-img\"]"}
COMMAND: POST /session/6e6358e6a435649fcd39e4c04f43a3cc/element/f.E5E56E7A64D2CD83F4C323B9D1D28C08.d.815E6D4BCA7275C830AAC5CB9BC76DC6.e.973/click - {}
RESULT: {}
COMMAND: POST /session/6e6358e6a435649fcd39e4c04f43a3cc/execute/async - {"script":"<script> [21 bytes]","args":[{"selector":{"id":"rfm.transactionui::xRFMxCU_TransactionList--fe::FilterBar::xRFMxCU_Transaction::FilterField::Name-inner","interaction":{"idSuffix":"inner"}},"wdio_ui5_key":"rfmtransactionui::xRFMxCU_TransactionList--fe::FilterBar::xRFMxCU_Transaction::FilterField::Name-inner"}]}
COMMAND: GET /session/6e6358e6a435649fcd39e4c04f43a3cc/screenshot - {}
RESULT: {"script":"<script> [21 bytes]","args":[{"selector":{"id":"rfm.transactionui::xRFMxCU_TransactionList--fe::FilterBar::xRFMxCU_Transaction::FilterField::Name-inner","interaction":{"idSuffix":"inner"}},"wdio_ui5_key":"rfmtransactionui::xRFMxCU_TransactionList--fe::FilterBar::xRFMxCU_Transaction::FilterField::Name-inner"}]}
RESULT: undefined
COMMAND: POST /session/6e6358e6a435649fcd39e4c04f43a3cc/execute/async - {"script":"<script> [20 bytes]","args":[{"enterText":"WDIO_2025-08-10","selector":{"id":"rfm.transactionui::xRFMxCU_TransactionList--fe::FilterBar::xRFMxCU_Transaction::FilterField::Name-inner","interaction":{"idSuffix":"inner"}},"clearTextFirst":true,"interactionType":"ENTER_TEXT"}]}
RESULT: {}
RESULT: {"script":"<script> [20 bytes]","args":[{"enterText":"WDIO_2025-08-10","selector":{"id":"rfm.transactionui::xRFMxCU_TransactionList--fe::FilterBar::xRFMxCU_Transaction::FilterField::Name-inner","interaction":{"idSuffix":"inner"}},"clearTextFirst":true,"interactionType":"ENTER_TEXT"}]}
COMMAND: POST /session/6e6358e6a435649fcd39e4c04f43a3cc/execute/async - {"script":"<script> [21 bytes]","args":[{"selector":{"id":"rfm.transactionui::xRFMxCU_TransactionList--fe::FilterBar::xRFMxCU_Transaction-btnSearch","interaction":{"idSuffix":"BDI-content"}},"wdio_ui5_key":"rfmtransactionui::xRFMxCU_TransactionList--fe::FilterBar::xRFMxCU_Transaction-btnSearch"}]}
RESULT: {"script":"<script> [21 bytes]","args":[{"selector":{"id":"rfm.transactionui::xRFMxCU_TransactionList--fe::FilterBar::xRFMxCU_Transaction-btnSearch","interaction":{"idSuffix":"BDI-content"}},"wdio_ui5_key":"rfmtransactionui::xRFMxCU_TransactionList--fe::FilterBar::xRFMxCU_Transaction-btnSearch"}]}
RESULT: undefined
COMMAND: POST /session/6e6358e6a435649fcd39e4c04f43a3cc/element - {"using":"xpath","value":"//*[@id=\"rfm.transactionui::xRFMxCU_TransactionList--fe::FilterBar::xRFMxCU_Transaction-btnSearch\"]"}
RESULT: {"using":"xpath","value":"//*[@id=\"rfm.transactionui::xRFMxCU_TransactionList--fe::FilterBar::xRFMxCU_Transaction-btnSearch\"]"}
COMMAND: POST /session/6e6358e6a435649fcd39e4c04f43a3cc/element/f.E5E56E7A64D2CD83F4C323B9D1D28C08.d.815E6D4BCA7275C830AAC5CB9BC76DC6.e.1030/click - {}
RESULT: {}
COMMAND: GET /session/6e6358e6a435649fcd39e4c04f43a3cc/screenshot - {}
RESULT: {}
COMMAND: POST /session/6e6358e6a435649fcd39e4c04f43a3cc/execute/async - {"script":"<script> [21 bytes]","args":[{"selector":{"controlType":"sap.m.Text","viewName":"sap.fe.templates.ListReport.ListReport","viewId":"rfm.transactionui::xRFMxCU_TransactionList","bindingPath":{"propertyPath":"Name"}},"wdio_ui5_key":"sapfe.templates.ListReport.ListReportsap.m.Text{\"propertyPath\":\"Name\"}"}]}
RESULT: {"script":"<script> [21 bytes]","args":[{"selector":{"controlType":"sap.m.Text","viewName":"sap.fe.templates.ListReport.ListReport","viewId":"rfm.transactionui::xRFMxCU_TransactionList","bindingPath":{"propertyPath":"Name"}},"wdio_ui5_key":"sapfe.templates.ListReport.ListReportsap.m.Text{\"propertyPath\":\"Name\"}"}]}
RESULT: undefined
COMMAND: POST /session/6e6358e6a435649fcd39e4c04f43a3cc/execute/async - {"script":"<script> [21 bytes]","args":[{"element-6066-11e4-a52e-4f735466cecf":"f.E5E56E7A64D2CD83F4C323B9D1D28C08.d.815E6D4BCA7275C830AAC5CB9BC76DC6.e.1072"},"getText",[]]}
RESULT: {"script":"<script> [21 bytes]","args":[{"element-6066-11e4-a52e-4f735466cecf":"f.E5E56E7A64D2CD83F4C323B9D1D28C08.d.815E6D4BCA7275C830AAC5CB9BC76DC6.e.1072"},"getText",[]]}
COMMAND: GET /session/6e6358e6a435649fcd39e4c04f43a3cc/screenshot - {}
]]></system-out>
    </testcase>
    <testcase classname="chrome.138_0_7204_184.windows.Funding_Transaction" name="Should navigate to object page" time="46.596">
      <system-out><![CDATA[
COMMAND: POST /session/6e6358e6a435649fcd39e4c04f43a3cc/execute/async - {"script":"<script> [21 bytes]","args":[{"selector":{"controlType":"sap.ui.core.Icon","viewName":"sap.fe.templates.ListReport.ListReport","viewId":"rfm.transactionui::xRFMxCU_TransactionList","properties":{"src":{"regex":{"source":"navigation\\-right\\-arrow"}}},"ancestor":{"id":"rfm.transactionui::xRFMxCU_TransactionList--fe::table::allTab::LineItem-innerTable-rows-row0"}},"wdio_ui5_key":"sapfe.templates.ListReport.ListReportsap.ui.core.Icon{\"src\":{\"regex\":{\"source\":\"navigation\\\\-right\\\\-arrow\"}}}{\"id\":\"rfm.transactionui::xRFMxCU_TransactionList--fe::table::allTab::LineItem-innerTable-rows-row0\"}"}]}
RESULT: {}
RESULT: {"script":"<script> [21 bytes]","args":[{"selector":{"controlType":"sap.ui.core.Icon","viewName":"sap.fe.templates.ListReport.ListReport","viewId":"rfm.transactionui::xRFMxCU_TransactionList","properties":{"src":{"regex":{"source":"navigation\\-right\\-arrow"}}},"ancestor":{"id":"rfm.transactionui::xRFMxCU_TransactionList--fe::table::allTab::LineItem-innerTable-rows-row0"}},"wdio_ui5_key":"sapfe.templates.ListReport.ListReportsap.ui.core.Icon{\"src\":{\"regex\":{\"source\":\"navigation\\\\-right\\\\-arrow\"}}}{\"id\":\"rfm.transactionui::xRFMxCU_TransactionList--fe::table::allTab::LineItem-innerTable-rows-row0\"}"}]}
RESULT: undefined
COMMAND: POST /session/6e6358e6a435649fcd39e4c04f43a3cc/element - {"using":"xpath","value":"//*[@id=\"__action9-__clone512-icon0\"]"}
RESULT: {"using":"xpath","value":"//*[@id=\"__action9-__clone512-icon0\"]"}
COMMAND: POST /session/6e6358e6a435649fcd39e4c04f43a3cc/element/f.E5E56E7A64D2CD83F4C323B9D1D28C08.d.815E6D4BCA7275C830AAC5CB9BC76DC6.e.1073/click - {}
RESULT: {}
COMMAND: GET /session/6e6358e6a435649fcd39e4c04f43a3cc/screenshot - {}
RESULT: {}
COMMAND: POST /session/6e6358e6a435649fcd39e4c04f43a3cc/execute/async - {"script":"<script> [21 bytes]","args":[{"selector":{"id":"rfm.transactionui::xRFMxCU_TransactionObjectPage--fe::FCLStandardAction::FullScreen","interaction":{"idSuffix":"inner"}},"wdio_ui5_key":"rfmtransactionui::xRFMxCU_TransactionObjectPage--fe::FCLStandardAction::FullScreen"}]}
RESULT: {"script":"<script> [21 bytes]","args":[{"selector":{"id":"rfm.transactionui::xRFMxCU_TransactionObjectPage--fe::FCLStandardAction::FullScreen","interaction":{"idSuffix":"inner"}},"wdio_ui5_key":"rfmtransactionui::xRFMxCU_TransactionObjectPage--fe::FCLStandardAction::FullScreen"}]}
RESULT: undefined
COMMAND: POST /session/6e6358e6a435649fcd39e4c04f43a3cc/element - {"using":"xpath","value":"//*[@id=\"rfm.transactionui::xRFMxCU_TransactionObjectPage--fe::FCLStandardAction::FullScreen\"]"}
RESULT: {"using":"xpath","value":"//*[@id=\"rfm.transactionui::xRFMxCU_TransactionObjectPage--fe::FCLStandardAction::FullScreen\"]"}
COMMAND: POST /session/6e6358e6a435649fcd39e4c04f43a3cc/element/f.E5E56E7A64D2CD83F4C323B9D1D28C08.d.815E6D4BCA7275C830AAC5CB9BC76DC6.e.1075/click - {}
RESULT: {}
COMMAND: GET /session/6e6358e6a435649fcd39e4c04f43a3cc/screenshot - {}
RESULT: {}
COMMAND: POST /session/6e6358e6a435649fcd39e4c04f43a3cc/execute/async - {"script":"<script> [21 bytes]","args":[{"selector":{"id":"rfm.transactionui::xRFMxCU_TransactionObjectPage--fe::ObjectPage-anchBar-rfm.transactionui::xRFMxCU_TransactionObjectPage--fe::FacetSection::ProgramDetails-anchor"},"wdio_ui5_key":"rfmtransactionui::xRFMxCU_TransactionObjectPage--fe::ObjectPage-anchBar-rfm.transactionui::xRFMxCU_TransactionObjectPage--fe::FacetSection::ProgramDetails-anchor"}]}
RESULT: {"script":"<script> [21 bytes]","args":[{"selector":{"id":"rfm.transactionui::xRFMxCU_TransactionObjectPage--fe::ObjectPage-anchBar-rfm.transactionui::xRFMxCU_TransactionObjectPage--fe::FacetSection::ProgramDetails-anchor"},"wdio_ui5_key":"rfmtransactionui::xRFMxCU_TransactionObjectPage--fe::ObjectPage-anchBar-rfm.transactionui::xRFMxCU_TransactionObjectPage--fe::FacetSection::ProgramDetails-anchor"}]}
RESULT: undefined
COMMAND: POST /session/6e6358e6a435649fcd39e4c04f43a3cc/element - {"using":"xpath","value":"//*[@id=\"rfm.transactionui::xRFMxCU_TransactionObjectPage--fe::ObjectPage-anchBar-rfm.transactionui::xRFMxCU_TransactionObjectPage--fe::FacetSection::ProgramDetails-anchor\"]"}
RESULT: {"using":"xpath","value":"//*[@id=\"rfm.transactionui::xRFMxCU_TransactionObjectPage--fe::ObjectPage-anchBar-rfm.transactionui::xRFMxCU_TransactionObjectPage--fe::FacetSection::ProgramDetails-anchor\"]"}
COMMAND: POST /session/6e6358e6a435649fcd39e4c04f43a3cc/element/f.E5E56E7A64D2CD83F4C323B9D1D28C08.d.815E6D4BCA7275C830AAC5CB9BC76DC6.e.1191/click - {}
RESULT: {}
COMMAND: GET /session/6e6358e6a435649fcd39e4c04f43a3cc/screenshot - {}
RESULT: {}
COMMAND: POST /session/6e6358e6a435649fcd39e4c04f43a3cc/execute/async - {"script":"<script> [21 bytes]","args":[{"selector":{"id":"rfm.transactionui::xRFMxCU_TransactionObjectPage--fe::ObjectPage-anchBar-rfm.transactionui::xRFMxCU_TransactionObjectPage--fe::FacetSection::TransactionAssetKF-anchor"},"wdio_ui5_key":"rfmtransactionui::xRFMxCU_TransactionObjectPage--fe::ObjectPage-anchBar-rfm.transactionui::xRFMxCU_TransactionObjectPage--fe::FacetSection::TransactionAssetKF-anchor"}]}
RESULT: {"script":"<script> [21 bytes]","args":[{"selector":{"id":"rfm.transactionui::xRFMxCU_TransactionObjectPage--fe::ObjectPage-anchBar-rfm.transactionui::xRFMxCU_TransactionObjectPage--fe::FacetSection::TransactionAssetKF-anchor"},"wdio_ui5_key":"rfmtransactionui::xRFMxCU_TransactionObjectPage--fe::ObjectPage-anchBar-rfm.transactionui::xRFMxCU_TransactionObjectPage--fe::FacetSection::TransactionAssetKF-anchor"}]}
RESULT: undefined
COMMAND: POST /session/6e6358e6a435649fcd39e4c04f43a3cc/element - {"using":"xpath","value":"//*[@id=\"rfm.transactionui::xRFMxCU_TransactionObjectPage--fe::ObjectPage-anchBar-rfm.transactionui::xRFMxCU_TransactionObjectPage--fe::FacetSection::TransactionAssetKF-anchor\"]"}
RESULT: {"using":"xpath","value":"//*[@id=\"rfm.transactionui::xRFMxCU_TransactionObjectPage--fe::ObjectPage-anchBar-rfm.transactionui::xRFMxCU_TransactionObjectPage--fe::FacetSection::TransactionAssetKF-anchor\"]"}
COMMAND: POST /session/6e6358e6a435649fcd39e4c04f43a3cc/element/f.E5E56E7A64D2CD83F4C323B9D1D28C08.d.815E6D4BCA7275C830AAC5CB9BC76DC6.e.1193/click - {}
RESULT: {}
COMMAND: GET /session/6e6358e6a435649fcd39e4c04f43a3cc/screenshot - {}
RESULT: {}
COMMAND: POST /session/6e6358e6a435649fcd39e4c04f43a3cc/execute/async - {"script":"<script> [21 bytes]","args":[{"selector":{"id":"rfm.transactionui::xRFMxCU_TransactionObjectPage--fe::ObjectPage-anchBar-rfm.transactionui::xRFMxCU_TransactionObjectPage--fe::FacetSection::FundingScopeCollection-anchor"},"wdio_ui5_key":"rfmtransactionui::xRFMxCU_TransactionObjectPage--fe::ObjectPage-anchBar-rfm.transactionui::xRFMxCU_TransactionObjectPage--fe::FacetSection::FundingScopeCollection-anchor"}]}
RESULT: {"script":"<script> [21 bytes]","args":[{"selector":{"id":"rfm.transactionui::xRFMxCU_TransactionObjectPage--fe::ObjectPage-anchBar-rfm.transactionui::xRFMxCU_TransactionObjectPage--fe::FacetSection::FundingScopeCollection-anchor"},"wdio_ui5_key":"rfmtransactionui::xRFMxCU_TransactionObjectPage--fe::ObjectPage-anchBar-rfm.transactionui::xRFMxCU_TransactionObjectPage--fe::FacetSection::FundingScopeCollection-anchor"}]}
RESULT: undefined
COMMAND: POST /session/6e6358e6a435649fcd39e4c04f43a3cc/element - {"using":"xpath","value":"//*[@id=\"rfm.transactionui::xRFMxCU_TransactionObjectPage--fe::ObjectPage-anchBar-rfm.transactionui::xRFMxCU_TransactionObjectPage--fe::FacetSection::FundingScopeCollection-anchor\"]"}
RESULT: {"using":"xpath","value":"//*[@id=\"rfm.transactionui::xRFMxCU_TransactionObjectPage--fe::ObjectPage-anchBar-rfm.transactionui::xRFMxCU_TransactionObjectPage--fe::FacetSection::FundingScopeCollection-anchor\"]"}
COMMAND: POST /session/6e6358e6a435649fcd39e4c04f43a3cc/element/f.E5E56E7A64D2CD83F4C323B9D1D28C08.d.815E6D4BCA7275C830AAC5CB9BC76DC6.e.1197/click - {}
RESULT: {}
COMMAND: GET /session/6e6358e6a435649fcd39e4c04f43a3cc/screenshot - {}
RESULT: {}
COMMAND: POST /session/6e6358e6a435649fcd39e4c04f43a3cc/execute/async - {"script":"<script> [21 bytes]","args":[{"selector":{"id":"rfm.transactionui::xRFMxCU_TransactionObjectPage--fe::ObjectPage-anchBar-rfm.transactionui::xRFMxCU_TransactionObjectPage--fe::FacetSection::Partner-anchor"},"wdio_ui5_key":"rfmtransactionui::xRFMxCU_TransactionObjectPage--fe::ObjectPage-anchBar-rfm.transactionui::xRFMxCU_TransactionObjectPage--fe::FacetSection::Partner-anchor"}]}
RESULT: {"script":"<script> [21 bytes]","args":[{"selector":{"id":"rfm.transactionui::xRFMxCU_TransactionObjectPage--fe::ObjectPage-anchBar-rfm.transactionui::xRFMxCU_TransactionObjectPage--fe::FacetSection::Partner-anchor"},"wdio_ui5_key":"rfmtransactionui::xRFMxCU_TransactionObjectPage--fe::ObjectPage-anchBar-rfm.transactionui::xRFMxCU_TransactionObjectPage--fe::FacetSection::Partner-anchor"}]}
RESULT: undefined
COMMAND: POST /session/6e6358e6a435649fcd39e4c04f43a3cc/element - {"using":"xpath","value":"//*[@id=\"rfm.transactionui::xRFMxCU_TransactionObjectPage--fe::ObjectPage-anchBar-rfm.transactionui::xRFMxCU_TransactionObjectPage--fe::FacetSection::Partner-anchor\"]"}
RESULT: {"using":"xpath","value":"//*[@id=\"rfm.transactionui::xRFMxCU_TransactionObjectPage--fe::ObjectPage-anchBar-rfm.transactionui::xRFMxCU_TransactionObjectPage--fe::FacetSection::Partner-anchor\"]"}
COMMAND: POST /session/6e6358e6a435649fcd39e4c04f43a3cc/element/f.E5E56E7A64D2CD83F4C323B9D1D28C08.d.815E6D4BCA7275C830AAC5CB9BC76DC6.e.1201/click - {}
RESULT: {}
COMMAND: GET /session/6e6358e6a435649fcd39e4c04f43a3cc/screenshot - {}
RESULT: {}
COMMAND: POST /session/6e6358e6a435649fcd39e4c04f43a3cc/execute/async - {"script":"<script> [21 bytes]","args":[{"selector":{"id":"rfm.transactionui::xRFMxCU_TransactionObjectPage--fe::ObjectPage-anchBar-rfm.transactionui::xRFMxCU_TransactionObjectPage--fe::FacetSection::BusinessOperations-anchor"},"wdio_ui5_key":"rfmtransactionui::xRFMxCU_TransactionObjectPage--fe::ObjectPage-anchBar-rfm.transactionui::xRFMxCU_TransactionObjectPage--fe::FacetSection::BusinessOperations-anchor"}]}
RESULT: {"script":"<script> [21 bytes]","args":[{"selector":{"id":"rfm.transactionui::xRFMxCU_TransactionObjectPage--fe::ObjectPage-anchBar-rfm.transactionui::xRFMxCU_TransactionObjectPage--fe::FacetSection::BusinessOperations-anchor"},"wdio_ui5_key":"rfmtransactionui::xRFMxCU_TransactionObjectPage--fe::ObjectPage-anchBar-rfm.transactionui::xRFMxCU_TransactionObjectPage--fe::FacetSection::BusinessOperations-anchor"}]}
RESULT: undefined
COMMAND: POST /session/6e6358e6a435649fcd39e4c04f43a3cc/element - {"using":"xpath","value":"//*[@id=\"rfm.transactionui::xRFMxCU_TransactionObjectPage--fe::ObjectPage-anchBar-rfm.transactionui::xRFMxCU_TransactionObjectPage--fe::FacetSection::BusinessOperations-anchor\"]"}
RESULT: {"using":"xpath","value":"//*[@id=\"rfm.transactionui::xRFMxCU_TransactionObjectPage--fe::ObjectPage-anchBar-rfm.transactionui::xRFMxCU_TransactionObjectPage--fe::FacetSection::BusinessOperations-anchor\"]"}
COMMAND: POST /session/6e6358e6a435649fcd39e4c04f43a3cc/element/f.E5E56E7A64D2CD83F4C323B9D1D28C08.d.815E6D4BCA7275C830AAC5CB9BC76DC6.e.1205/click - {}
RESULT: {}
COMMAND: GET /session/6e6358e6a435649fcd39e4c04f43a3cc/screenshot - {}
RESULT: {}
COMMAND: POST /session/6e6358e6a435649fcd39e4c04f43a3cc/execute/async - {"script":"<script> [21 bytes]","args":[{"selector":{"id":"rfm.transactionui::xRFMxCU_TransactionObjectPage--fe::ObjectPage-anchBar-rfm.transactionui::xRFMxCU_TransactionObjectPage--fe::FacetSection::TransactionPoolKFCollection-anchor"},"wdio_ui5_key":"rfmtransactionui::xRFMxCU_TransactionObjectPage--fe::ObjectPage-anchBar-rfm.transactionui::xRFMxCU_TransactionObjectPage--fe::FacetSection::TransactionPoolKFCollection-anchor"}]}
RESULT: {"script":"<script> [21 bytes]","args":[{"selector":{"id":"rfm.transactionui::xRFMxCU_TransactionObjectPage--fe::ObjectPage-anchBar-rfm.transactionui::xRFMxCU_TransactionObjectPage--fe::FacetSection::TransactionPoolKFCollection-anchor"},"wdio_ui5_key":"rfmtransactionui::xRFMxCU_TransactionObjectPage--fe::ObjectPage-anchBar-rfm.transactionui::xRFMxCU_TransactionObjectPage--fe::FacetSection::TransactionPoolKFCollection-anchor"}]}
RESULT: undefined
COMMAND: POST /session/6e6358e6a435649fcd39e4c04f43a3cc/element - {"using":"xpath","value":"//*[@id=\"rfm.transactionui::xRFMxCU_TransactionObjectPage--fe::ObjectPage-anchBar-rfm.transactionui::xRFMxCU_TransactionObjectPage--fe::FacetSection::TransactionPoolKFCollection-anchor\"]"}
RESULT: {"using":"xpath","value":"//*[@id=\"rfm.transactionui::xRFMxCU_TransactionObjectPage--fe::ObjectPage-anchBar-rfm.transactionui::xRFMxCU_TransactionObjectPage--fe::FacetSection::TransactionPoolKFCollection-anchor\"]"}
COMMAND: POST /session/6e6358e6a435649fcd39e4c04f43a3cc/element/f.E5E56E7A64D2CD83F4C323B9D1D28C08.d.815E6D4BCA7275C830AAC5CB9BC76DC6.e.1208/click - {}
RESULT: {}
COMMAND: GET /session/6e6358e6a435649fcd39e4c04f43a3cc/screenshot - {}
RESULT: {}
COMMAND: POST /session/6e6358e6a435649fcd39e4c04f43a3cc/execute/async - {"script":"<script> [21 bytes]","args":[{"selector":{"id":"rfm.transactionui::xRFMxCU_TransactionObjectPage--fe::ObjectPage-anchBar-rfm.transactionui::xRFMxCU_TransactionObjectPage--fe::FacetSection::ChangeInfo-anchor"},"wdio_ui5_key":"rfmtransactionui::xRFMxCU_TransactionObjectPage--fe::ObjectPage-anchBar-rfm.transactionui::xRFMxCU_TransactionObjectPage--fe::FacetSection::ChangeInfo-anchor"}]}
RESULT: {"script":"<script> [21 bytes]","args":[{"selector":{"id":"rfm.transactionui::xRFMxCU_TransactionObjectPage--fe::ObjectPage-anchBar-rfm.transactionui::xRFMxCU_TransactionObjectPage--fe::FacetSection::ChangeInfo-anchor"},"wdio_ui5_key":"rfmtransactionui::xRFMxCU_TransactionObjectPage--fe::ObjectPage-anchBar-rfm.transactionui::xRFMxCU_TransactionObjectPage--fe::FacetSection::ChangeInfo-anchor"}]}
RESULT: undefined
COMMAND: POST /session/6e6358e6a435649fcd39e4c04f43a3cc/element - {"using":"xpath","value":"//*[@id=\"rfm.transactionui::xRFMxCU_TransactionObjectPage--fe::ObjectPage-anchBar-rfm.transactionui::xRFMxCU_TransactionObjectPage--fe::FacetSection::ChangeInfo-anchor\"]"}
RESULT: {"using":"xpath","value":"//*[@id=\"rfm.transactionui::xRFMxCU_TransactionObjectPage--fe::ObjectPage-anchBar-rfm.transactionui::xRFMxCU_TransactionObjectPage--fe::FacetSection::ChangeInfo-anchor\"]"}
COMMAND: POST /session/6e6358e6a435649fcd39e4c04f43a3cc/element/f.E5E56E7A64D2CD83F4C323B9D1D28C08.d.815E6D4BCA7275C830AAC5CB9BC76DC6.e.1225/click - {}
RESULT: {}
COMMAND: GET /session/6e6358e6a435649fcd39e4c04f43a3cc/screenshot - {}
RESULT: {}
COMMAND: POST /session/6e6358e6a435649fcd39e4c04f43a3cc/execute/async - {"script":"<script> [21 bytes]","args":[{"selector":{"id":"rfm.transactionui::xRFMxCU_TransactionObjectPage--fe::ObjectPage-anchBar-rfm.transactionui::xRFMxCU_TransactionObjectPage--fe::CustomSection::CustomDetailsSection-anchor","interaction":{"idSuffix":"text"}},"wdio_ui5_key":"rfmtransactionui::xRFMxCU_TransactionObjectPage--fe::ObjectPage-anchBar-rfm.transactionui::xRFMxCU_TransactionObjectPage--fe::CustomSection::CustomDetailsSection-anchor"}]}
RESULT: {"script":"<script> [21 bytes]","args":[{"selector":{"id":"rfm.transactionui::xRFMxCU_TransactionObjectPage--fe::ObjectPage-anchBar-rfm.transactionui::xRFMxCU_TransactionObjectPage--fe::CustomSection::CustomDetailsSection-anchor","interaction":{"idSuffix":"text"}},"wdio_ui5_key":"rfmtransactionui::xRFMxCU_TransactionObjectPage--fe::ObjectPage-anchBar-rfm.transactionui::xRFMxCU_TransactionObjectPage--fe::CustomSection::CustomDetailsSection-anchor"}]}
RESULT: undefined
COMMAND: POST /session/6e6358e6a435649fcd39e4c04f43a3cc/element - {"using":"xpath","value":"//*[@id=\"rfm.transactionui::xRFMxCU_TransactionObjectPage--fe::ObjectPage-anchBar-rfm.transactionui::xRFMxCU_TransactionObjectPage--fe::CustomSection::CustomDetailsSection-anchor\"]"}
RESULT: {"using":"xpath","value":"//*[@id=\"rfm.transactionui::xRFMxCU_TransactionObjectPage--fe::ObjectPage-anchBar-rfm.transactionui::xRFMxCU_TransactionObjectPage--fe::CustomSection::CustomDetailsSection-anchor\"]"}
COMMAND: POST /session/6e6358e6a435649fcd39e4c04f43a3cc/element/f.E5E56E7A64D2CD83F4C323B9D1D28C08.d.815E6D4BCA7275C830AAC5CB9BC76DC6.e.1228/click - {}
RESULT: {}
COMMAND: GET /session/6e6358e6a435649fcd39e4c04f43a3cc/screenshot - {}
]]></system-out>
    </testcase>
    <testcase classname="chrome.138_0_7204_184.windows.Funding_Transaction" name="Should press Related Apps button and then Funding Pool navigation button" time="2.055">
      <skipped/>
      <system-out><![CDATA[
COMMAND: POST /session/6e6358e6a435649fcd39e4c04f43a3cc/execute/async - {"script":"<script> [21 bytes]","args":[{"selector":{"id":"rfm.transactionui::xRFMxCU_TransactionObjectPage--fe::HeaderFacet::Form::headerFieldsGP1::DataField::Name::Field-content"},"wdio_ui5_key":"rfmtransactionui::xRFMxCU_TransactionObjectPage--fe::HeaderFacet::Form::headerFieldsGP1::DataField::Name::Field-content"}]}
COMMAND: GET /session/6e6358e6a435649fcd39e4c04f43a3cc/screenshot - {}
RESULT: {}
RESULT: {"script":"<script> [21 bytes]","args":[{"selector":{"id":"rfm.transactionui::xRFMxCU_TransactionObjectPage--fe::HeaderFacet::Form::headerFieldsGP1::DataField::Name::Field-content"},"wdio_ui5_key":"rfmtransactionui::xRFMxCU_TransactionObjectPage--fe::HeaderFacet::Form::headerFieldsGP1::DataField::Name::Field-content"}]}
RESULT: undefined
COMMAND: GET /session/6e6358e6a435649fcd39e4c04f43a3cc/screenshot - {}
COMMAND: GET /session/6e6358e6a435649fcd39e4c04f43a3cc/screenshot - {}
RESULT: {}
RESULT: {}
RESULT: {}
]]></system-out>
      <system-err><![CDATA[
Error: Name before navigation is undefined
    at Context.<anonymous> (D:\a\1\s\test\specs\BusinessObjects\FundingTransaction.spec.js:535:19)
]]></system-err>
    </testcase>
    <testcase classname="chrome.138_0_7204_184.windows.Funding_Transaction" name="Should press Related Apps button and then Funding Pool navigation button" time="0.255">
      <failure/>
      <error message="Name before navigation is undefined"/>
      <system-out><![CDATA[
RESULT: undefined
COMMAND: GET /session/6e6358e6a435649fcd39e4c04f43a3cc/screenshot - {}
COMMAND: GET /session/6e6358e6a435649fcd39e4c04f43a3cc/screenshot - {}
RESULT: {}
]]></system-out>
      <system-err><![CDATA[
Error: Name before navigation is undefined
    at Context.<anonymous> (D:\a\1\s\test\specs\BusinessObjects\FundingTransaction.spec.js:535:19)
]]></system-err>
    </testcase>
    <testcase classname="chrome.138_0_7204_184.windows.Funding_Transaction" name="Should navigate to Transaction and delete" time="35.023">
      <system-out><![CDATA[
COMMAND: GET /session/6e6358e6a435649fcd39e4c04f43a3cc/screenshot - {}
RESULT: undefined
COMMAND: POST /session/6e6358e6a435649fcd39e4c04f43a3cc/element/f.E5E56E7A64D2CD83F4C323B9D1D28C08.d.815E6D4BCA7275C830AAC5CB9BC76DC6.e.579/click - {}
RESULT: {}
RESULT: {}
RESULT: {}
COMMAND: GET /session/6e6358e6a435649fcd39e4c04f43a3cc/screenshot - {}
RESULT: {}
RESULT: undefined
COMMAND: POST /session/6e6358e6a435649fcd39e4c04f43a3cc/element - {"using":"xpath","value":"//*[@id=\"__tile30\"]"}
RESULT: {"using":"xpath","value":"//*[@id=\"__tile30\"]"}
COMMAND: POST /session/6e6358e6a435649fcd39e4c04f43a3cc/element/f.E5E56E7A64D2CD83F4C323B9D1D28C08.d.815E6D4BCA7275C830AAC5CB9BC76DC6.e.1238/click - {}
RESULT: {}
RESULT: undefined
COMMAND: POST /session/6e6358e6a435649fcd39e4c04f43a3cc/execute/async - {"script":"<script> [20 bytes]","args":[{"enterText":"WDIO_2025-08-10","selector":{"id":"rfm.transactionui::xRFMxCU_TransactionList--fe::FilterBar::xRFMxCU_Transaction::FilterField::Name-inner","interaction":{"idSuffix":"inner"}},"clearTextFirst":true,"interactionType":"ENTER_TEXT"}]}
COMMAND: GET /session/6e6358e6a435649fcd39e4c04f43a3cc/screenshot - {}
RESULT: {"script":"<script> [20 bytes]","args":[{"enterText":"WDIO_2025-08-10","selector":{"id":"rfm.transactionui::xRFMxCU_TransactionList--fe::FilterBar::xRFMxCU_Transaction::FilterField::Name-inner","interaction":{"idSuffix":"inner"}},"clearTextFirst":true,"interactionType":"ENTER_TEXT"}]}
RESULT: {}
RESULT: undefined
COMMAND: POST /session/6e6358e6a435649fcd39e4c04f43a3cc/element - {"using":"xpath","value":"//*[@id=\"rfm.transactionui::xRFMxCU_TransactionList--fe::FilterBar::xRFMxCU_Transaction-btnSearch\"]"}
RESULT: {"using":"xpath","value":"//*[@id=\"rfm.transactionui::xRFMxCU_TransactionList--fe::FilterBar::xRFMxCU_Transaction-btnSearch\"]"}
COMMAND: POST /session/6e6358e6a435649fcd39e4c04f43a3cc/element/f.E5E56E7A64D2CD83F4C323B9D1D28C08.d.815E6D4BCA7275C830AAC5CB9BC76DC6.e.1437/click - {}
RESULT: {}
COMMAND: GET /session/6e6358e6a435649fcd39e4c04f43a3cc/screenshot - {}
RESULT: {}
COMMAND: POST /session/6e6358e6a435649fcd39e4c04f43a3cc/execute/async - {"script":"<script> [21 bytes]","args":[{"selector":{"controlType":"sap.ui.core.Icon","viewName":"sap.fe.templates.ListReport.ListReport","viewId":"rfm.transactionui::xRFMxCU_TransactionList","properties":{"src":{"regex":{"source":"border"}}}},"wdio_ui5_key":"sapfe.templates.ListReport.ListReportsap.ui.core.Icon{\"src\":{\"regex\":{\"source\":\"border\"}}}"}]}
RESULT: {"script":"<script> [21 bytes]","args":[{"selector":{"controlType":"sap.ui.core.Icon","viewName":"sap.fe.templates.ListReport.ListReport","viewId":"rfm.transactionui::xRFMxCU_TransactionList","properties":{"src":{"regex":{"source":"border"}}}},"wdio_ui5_key":"sapfe.templates.ListReport.ListReportsap.ui.core.Icon{\"src\":{\"regex\":{\"source\":\"border\"}}}"}]}
RESULT: undefined
COMMAND: POST /session/6e6358e6a435649fcd39e4c04f43a3cc/element - {"using":"xpath","value":"//*[@id=\"__icon42\"]"}
RESULT: {"using":"xpath","value":"//*[@id=\"__icon42\"]"}
COMMAND: POST /session/6e6358e6a435649fcd39e4c04f43a3cc/element/f.E5E56E7A64D2CD83F4C323B9D1D28C08.d.815E6D4BCA7275C830AAC5CB9BC76DC6.e.1441/click - {}
RESULT: {}
COMMAND: GET /session/6e6358e6a435649fcd39e4c04f43a3cc/screenshot - {}
RESULT: {}
COMMAND: POST /session/6e6358e6a435649fcd39e4c04f43a3cc/execute/async - {"script":"<script> [21 bytes]","args":[{"selector":{"id":"rfm.transactionui::xRFMxCU_TransactionList--fe::table::allTab::LineItem::StandardAction::Delete","interaction":{"idSuffix":"content"}},"wdio_ui5_key":"rfmtransactionui::xRFMxCU_TransactionList--fe::table::allTab::LineItem::StandardAction::Delete"}]}
RESULT: {"script":"<script> [21 bytes]","args":[{"selector":{"id":"rfm.transactionui::xRFMxCU_TransactionList--fe::table::allTab::LineItem::StandardAction::Delete","interaction":{"idSuffix":"content"}},"wdio_ui5_key":"rfmtransactionui::xRFMxCU_TransactionList--fe::table::allTab::LineItem::StandardAction::Delete"}]}
RESULT: undefined
COMMAND: POST /session/6e6358e6a435649fcd39e4c04f43a3cc/element - {"using":"xpath","value":"//*[@id=\"rfm.transactionui::xRFMxCU_TransactionList--fe::table::allTab::LineItem::StandardAction::Delete\"]"}
RESULT: {"using":"xpath","value":"//*[@id=\"rfm.transactionui::xRFMxCU_TransactionList--fe::table::allTab::LineItem::StandardAction::Delete\"]"}
COMMAND: POST /session/6e6358e6a435649fcd39e4c04f43a3cc/element/f.E5E56E7A64D2CD83F4C323B9D1D28C08.d.815E6D4BCA7275C830AAC5CB9BC76DC6.e.1287/click - {}
RESULT: {}
COMMAND: POST /session/6e6358e6a435649fcd39e4c04f43a3cc/execute/async - {"script":"<script> [21 bytes]","args":[{"selector":{"controlType":"sap.m.Button","properties":{"text":"Delete"},"searchOpenDialogs":true,"interaction":{"idSuffix":"BDI-content"}},"wdio_ui5_key":"sapm.Button{\"text\":\"Delete\"}"}]}
COMMAND: GET /session/6e6358e6a435649fcd39e4c04f43a3cc/screenshot - {}
RESULT: {"script":"<script> [21 bytes]","args":[{"selector":{"controlType":"sap.m.Button","properties":{"text":"Delete"},"searchOpenDialogs":true,"interaction":{"idSuffix":"BDI-content"}},"wdio_ui5_key":"sapm.Button{\"text\":\"Delete\"}"}]}
RESULT: undefined
COMMAND: POST /session/6e6358e6a435649fcd39e4c04f43a3cc/element - {"using":"xpath","value":"//*[@id=\"__button269\"]"}
RESULT: {}
RESULT: {"using":"xpath","value":"//*[@id=\"__button269\"]"}
COMMAND: POST /session/6e6358e6a435649fcd39e4c04f43a3cc/element/f.E5E56E7A64D2CD83F4C323B9D1D28C08.d.815E6D4BCA7275C830AAC5CB9BC76DC6.e.1445/click - {}
RESULT: {}
COMMAND: GET /session/6e6358e6a435649fcd39e4c04f43a3cc/screenshot - {}
RESULT: {}
RESULT: undefined
COMMAND: POST /session/6e6358e6a435649fcd39e4c04f43a3cc/element - {"using":"xpath","value":"//*[@id=\"rfm.transactionui::xRFMxCU_TransactionList--fe::FilterBar::xRFMxCU_Transaction-btnSearch\"]"}
RESULT: {"using":"xpath","value":"//*[@id=\"rfm.transactionui::xRFMxCU_TransactionList--fe::FilterBar::xRFMxCU_Transaction-btnSearch\"]"}
COMMAND: POST /session/6e6358e6a435649fcd39e4c04f43a3cc/element/f.E5E56E7A64D2CD83F4C323B9D1D28C08.d.815E6D4BCA7275C830AAC5CB9BC76DC6.e.1437/click - {}
RESULT: {}
COMMAND: POST /session/6e6358e6a435649fcd39e4c04f43a3cc/execute/async - {"script":"<script> [21 bytes]","args":[{"selector":{"controlType":"sap.m.Title","viewName":"sap.fe.templates.ListReport.ListReport","viewId":"rfm.transactionui::xRFMxCU_TransactionList","properties":{"text":"No data found"}},"wdio_ui5_key":"sapfe.templates.ListReport.ListReportsap.m.Title{\"text\":\"No data found\"}"}]}
COMMAND: GET /session/6e6358e6a435649fcd39e4c04f43a3cc/screenshot - {}
RESULT: {"script":"<script> [21 bytes]","args":[{"selector":{"controlType":"sap.m.Title","viewName":"sap.fe.templates.ListReport.ListReport","viewId":"rfm.transactionui::xRFMxCU_TransactionList","properties":{"text":"No data found"}},"wdio_ui5_key":"sapfe.templates.ListReport.ListReportsap.m.Title{\"text\":\"No data found\"}"}]}
RESULT: undefined
COMMAND: POST /session/6e6358e6a435649fcd39e4c04f43a3cc/execute/async - {"script":"<script> [21 bytes]","args":[{"element-6066-11e4-a52e-4f735466cecf":"f.E5E56E7A64D2CD83F4C323B9D1D28C08.d.815E6D4BCA7275C830AAC5CB9BC76DC6.e.1451"},"getText",[]]}
RESULT: {}
RESULT: {"script":"<script> [21 bytes]","args":[{"element-6066-11e4-a52e-4f735466cecf":"f.E5E56E7A64D2CD83F4C323B9D1D28C08.d.815E6D4BCA7275C830AAC5CB9BC76DC6.e.1451"},"getText",[]]}
COMMAND: GET /session/6e6358e6a435649fcd39e4c04f43a3cc/screenshot - {}
COMMAND: DELETE /session/6e6358e6a435649fcd39e4c04f43a3cc - {}
COMMAND: GET /session/6e6358e6a435649fcd39e4c04f43a3cc/screenshot - {}
RESULT: {}
RESULT: {}
]]></system-out>
    </testcase>
  </testsuite>
</testsuites>