<?xml version="1.0" encoding="UTF-8"?>
<testsuites tests="3" failures="0" errors="0" skipped="0">
  <testsuite timestamp="2025-09-01T22:03:34" time="150.328" tests="3" failures="0" errors="0" skipped="0">
    <properties>
      <property name="specId" value="0"/>
      <property name="suiteName" value="Sanity Tests"/>
      <property name="capabilities" value="chrome.139_0_7258_139.windows"/>
      <property name="file" value="file:///D:/a/1/s/test/specs/General/sanity.spec.js"/>
    </properties>
    <testcase classname="chrome.139_0_7258_139.windows.Sanity_Tests" name="Should open Funding Asset page" time="41.899">
      <system-out><![CDATA[
COMMAND: POST /session/de452c40ddec3ac82c50054529908bbe/execute/async - {"script":"<script> [21 bytes]","args":[{"selector":{"controlType":"sap.m.GenericTile","properties":{"header":"Funding Asset"}},"wdio_ui5_key":"sapm.GenericTile{\"header\":\"Funding Asset\"}"}]}
RESULT: {"script":"<script> [21 bytes]","args":[{"selector":{"controlType":"sap.m.GenericTile","properties":{"header":"Funding Asset"}},"wdio_ui5_key":"sapm.GenericTile{\"header\":\"Funding Asset\"}"}]}
RESULT: undefined
COMMAND: POST /session/de452c40ddec3ac82c50054529908bbe/element - {"using":"xpath","value":"//*[@id=\"__tile53\"]"}
RESULT: {"using":"xpath","value":"//*[@id=\"__tile53\"]"}
COMMAND: POST /session/de452c40ddec3ac82c50054529908bbe/element/f.D4E276A97321715CAC95E5E7038E5400.d.CE10DEBF8AE1097A3F5C582EEF56670D.e.75/click - {}
RESULT: {}
COMMAND: GET /session/de452c40ddec3ac82c50054529908bbe/screenshot - {}
RESULT: {}
RESULT: undefined
COMMAND: POST /session/de452c40ddec3ac82c50054529908bbe/element - {"using":"xpath","value":"//*[@id=\"__tile53\"]"}
RESULT: {"using":"xpath","value":"//*[@id=\"__tile53\"]"}
COMMAND: POST /session/de452c40ddec3ac82c50054529908bbe/element/f.D4E276A97321715CAC95E5E7038E5400.d.CE10DEBF8AE1097A3F5C582EEF56670D.e.75/click - {}
RESULT: {}
RESULT: undefined
COMMAND: POST /session/de452c40ddec3ac82c50054529908bbe/element - {"using":"xpath","value":"//*[@id=\"__tile53\"]"}
COMMAND: GET /session/de452c40ddec3ac82c50054529908bbe/screenshot - {}
RESULT: {"using":"xpath","value":"//*[@id=\"__tile53\"]"}
COMMAND: POST /session/de452c40ddec3ac82c50054529908bbe/element/f.D4E276A97321715CAC95E5E7038E5400.d.CE10DEBF8AE1097A3F5C582EEF56670D.e.75/click - {}
RESULT: {}
RESULT: {}
COMMAND: GET /session/de452c40ddec3ac82c50054529908bbe/screenshot - {}
RESULT: {}
COMMAND: POST /session/de452c40ddec3ac82c50054529908bbe/execute/async - {"script":"<script> [21 bytes]","args":[{"selector":{"id":"shellAppTitle"},"wdio_ui5_key":"shellAppTitle"}]}
RESULT: {"script":"<script> [21 bytes]","args":[{"selector":{"id":"shellAppTitle"},"wdio_ui5_key":"shellAppTitle"}]}
RESULT: undefined
COMMAND: POST /session/de452c40ddec3ac82c50054529908bbe/execute/async - {"script":"<script> [21 bytes]","args":[{"element-6066-11e4-a52e-4f735466cecf":"f.D4E276A97321715CAC95E5E7038E5400.d.CE10DEBF8AE1097A3F5C582EEF56670D.e.182"},"getTitle",[]]}
RESULT: {"script":"<script> [21 bytes]","args":[{"element-6066-11e4-a52e-4f735466cecf":"f.D4E276A97321715CAC95E5E7038E5400.d.CE10DEBF8AE1097A3F5C582EEF56670D.e.182"},"getTitle",[]]}
COMMAND: POST /session/de452c40ddec3ac82c50054529908bbe/execute/async - {"script":"<script> [21 bytes]","args":[{"selector":{"id":"backBtn"},"wdio_ui5_key":"backBtn"}]}
RESULT: {"script":"<script> [21 bytes]","args":[{"selector":{"id":"backBtn"},"wdio_ui5_key":"backBtn"}]}
RESULT: undefined
COMMAND: POST /session/de452c40ddec3ac82c50054529908bbe/element - {"using":"xpath","value":"//*[@id=\"backBtn\"]"}
RESULT: {"using":"xpath","value":"//*[@id=\"backBtn\"]"}
COMMAND: POST /session/de452c40ddec3ac82c50054529908bbe/element/f.D4E276A97321715CAC95E5E7038E5400.d.CE10DEBF8AE1097A3F5C582EEF56670D.e.183/click - {}
RESULT: {}
COMMAND: GET /session/de452c40ddec3ac82c50054529908bbe/screenshot - {}
RESULT: {}
COMMAND: GET /session/de452c40ddec3ac82c50054529908bbe/screenshot - {}
]]></system-out>
    </testcase>
    <testcase classname="chrome.139_0_7258_139.windows.Sanity_Tests" name="Should open Funding Debtor page" time="28.835">
      <system-out><![CDATA[
COMMAND: POST /session/de452c40ddec3ac82c50054529908bbe/execute/async - {"script":"<script> [21 bytes]","args":[{"selector":{"controlType":"sap.m.GenericTile","properties":{"header":"Funding Debtor"}},"wdio_ui5_key":"sapm.GenericTile{\"header\":\"Funding Debtor\"}"}]}
RESULT: {}
RESULT: {"script":"<script> [21 bytes]","args":[{"selector":{"controlType":"sap.m.GenericTile","properties":{"header":"Funding Debtor"}},"wdio_ui5_key":"sapm.GenericTile{\"header\":\"Funding Debtor\"}"}]}
RESULT: undefined
COMMAND: POST /session/de452c40ddec3ac82c50054529908bbe/element - {"using":"xpath","value":"//*[@id=\"__tile54\"]"}
RESULT: {"using":"xpath","value":"//*[@id=\"__tile54\"]"}
COMMAND: POST /session/de452c40ddec3ac82c50054529908bbe/element/f.D4E276A97321715CAC95E5E7038E5400.d.CE10DEBF8AE1097A3F5C582EEF56670D.e.188/click - {}
RESULT: {}
COMMAND: GET /session/de452c40ddec3ac82c50054529908bbe/screenshot - {}
RESULT: {}
RESULT: undefined
COMMAND: POST /session/de452c40ddec3ac82c50054529908bbe/element - {"using":"xpath","value":"//*[@id=\"__tile54\"]"}
RESULT: {"using":"xpath","value":"//*[@id=\"__tile54\"]"}
COMMAND: POST /session/de452c40ddec3ac82c50054529908bbe/element/f.D4E276A97321715CAC95E5E7038E5400.d.CE10DEBF8AE1097A3F5C582EEF56670D.e.188/click - {}
COMMAND: POST /session/de452c40ddec3ac82c50054529908bbe/element - {"using":"xpath","value":"//*[@id=\"__tile54\"]"}
RESULT: {"using":"xpath","value":"//*[@id=\"__tile54\"]"}
COMMAND: POST /session/de452c40ddec3ac82c50054529908bbe/element/f.D4E276A97321715CAC95E5E7038E5400.d.CE10DEBF8AE1097A3F5C582EEF56670D.e.188/click - {}
COMMAND: POST /session/de452c40ddec3ac82c50054529908bbe/element - {"using":"xpath","value":"//*[@id=\"__tile54\"]"}
RESULT: {"using":"xpath","value":"//*[@id=\"__tile54\"]"}
COMMAND: POST /session/de452c40ddec3ac82c50054529908bbe/element/f.D4E276A97321715CAC95E5E7038E5400.d.CE10DEBF8AE1097A3F5C582EEF56670D.e.275/click - {}
RESULT: undefined
COMMAND: POST /session/de452c40ddec3ac82c50054529908bbe/element - {"using":"xpath","value":"//*[@id=\"__tile54\"]"}
RESULT: {"using":"xpath","value":"//*[@id=\"__tile54\"]"}
COMMAND: POST /session/de452c40ddec3ac82c50054529908bbe/element/f.D4E276A97321715CAC95E5E7038E5400.d.CE10DEBF8AE1097A3F5C582EEF56670D.e.275/click - {}
RESULT: undefined
COMMAND: POST /session/de452c40ddec3ac82c50054529908bbe/execute/async - {"script":"<script> [21 bytes]","args":[{"element-6066-11e4-a52e-4f735466cecf":"f.D4E276A97321715CAC95E5E7038E5400.d.CE10DEBF8AE1097A3F5C582EEF56670D.e.182"},"getTitle",[]]}
RESULT: {"script":"<script> [21 bytes]","args":[{"element-6066-11e4-a52e-4f735466cecf":"f.D4E276A97321715CAC95E5E7038E5400.d.CE10DEBF8AE1097A3F5C582EEF56670D.e.182"},"getTitle",[]]}
RESULT: undefined
COMMAND: POST /session/de452c40ddec3ac82c50054529908bbe/element/f.D4E276A97321715CAC95E5E7038E5400.d.CE10DEBF8AE1097A3F5C582EEF56670D.e.183/click - {}
RESULT: {}
COMMAND: GET /session/de452c40ddec3ac82c50054529908bbe/screenshot - {}
RESULT: {}
COMMAND: GET /session/de452c40ddec3ac82c50054529908bbe/screenshot - {}
]]></system-out>
    </testcase>
    <testcase classname="chrome.139_0_7258_139.windows.Sanity_Tests" name="Should open Asset Warehouse page" time="30.666">
      <system-out><![CDATA[
COMMAND: POST /session/de452c40ddec3ac82c50054529908bbe/execute/async - {"script":"<script> [21 bytes]","args":[{"selector":{"controlType":"sap.m.GenericTile","properties":{"header":"Asset Warehouse"}},"wdio_ui5_key":"sapm.GenericTile{\"header\":\"Asset Warehouse\"}"}]}
RESULT: {}
RESULT: {"script":"<script> [21 bytes]","args":[{"selector":{"controlType":"sap.m.GenericTile","properties":{"header":"Asset Warehouse"}},"wdio_ui5_key":"sapm.GenericTile{\"header\":\"Asset Warehouse\"}"}]}
RESULT: undefined
COMMAND: POST /session/de452c40ddec3ac82c50054529908bbe/element - {"using":"xpath","value":"//*[@id=\"__tile55\"]"}
RESULT: {"using":"xpath","value":"//*[@id=\"__tile55\"]"}
COMMAND: POST /session/de452c40ddec3ac82c50054529908bbe/element/f.D4E276A97321715CAC95E5E7038E5400.d.CE10DEBF8AE1097A3F5C582EEF56670D.e.281/click - {}
RESULT: {}
COMMAND: GET /session/de452c40ddec3ac82c50054529908bbe/screenshot - {}
RESULT: {}
RESULT: undefined
COMMAND: POST /session/de452c40ddec3ac82c50054529908bbe/element - {"using":"xpath","value":"//*[@id=\"__tile55\"]"}
RESULT: {"using":"xpath","value":"//*[@id=\"__tile55\"]"}
COMMAND: POST /session/de452c40ddec3ac82c50054529908bbe/element/f.D4E276A97321715CAC95E5E7038E5400.d.CE10DEBF8AE1097A3F5C582EEF56670D.e.326/click - {}
RESULT: undefined
COMMAND: POST /session/de452c40ddec3ac82c50054529908bbe/element - {"using":"xpath","value":"//*[@id=\"__tile55\"]"}
RESULT: {"using":"xpath","value":"//*[@id=\"__tile55\"]"}
COMMAND: POST /session/de452c40ddec3ac82c50054529908bbe/element/f.D4E276A97321715CAC95E5E7038E5400.d.CE10DEBF8AE1097A3F5C582EEF56670D.e.326/click - {}
RESULT: undefined
COMMAND: POST /session/de452c40ddec3ac82c50054529908bbe/execute/async - {"script":"<script> [21 bytes]","args":[{"element-6066-11e4-a52e-4f735466cecf":"f.D4E276A97321715CAC95E5E7038E5400.d.CE10DEBF8AE1097A3F5C582EEF56670D.e.182"},"getTitle",[]]}
RESULT: {"script":"<script> [21 bytes]","args":[{"element-6066-11e4-a52e-4f735466cecf":"f.D4E276A97321715CAC95E5E7038E5400.d.CE10DEBF8AE1097A3F5C582EEF56670D.e.182"},"getTitle",[]]}
RESULT: undefined
COMMAND: POST /session/de452c40ddec3ac82c50054529908bbe/element/f.D4E276A97321715CAC95E5E7038E5400.d.CE10DEBF8AE1097A3F5C582EEF56670D.e.183/click - {}
COMMAND: POST /session/de452c40ddec3ac82c50054529908bbe/element - {"using":"xpath","value":"//*[@id=\"backBtn\"]"}
RESULT: {"using":"xpath","value":"//*[@id=\"backBtn\"]"}
COMMAND: POST /session/de452c40ddec3ac82c50054529908bbe/element/f.D4E276A97321715CAC95E5E7038E5400.d.CE10DEBF8AE1097A3F5C582EEF56670D.e.183/click - {}
COMMAND: POST /session/de452c40ddec3ac82c50054529908bbe/element - {"using":"xpath","value":"//*[@id=\"backBtn\"]"}
RESULT: {"using":"xpath","value":"//*[@id=\"backBtn\"]"}
COMMAND: POST /session/de452c40ddec3ac82c50054529908bbe/element/f.D4E276A97321715CAC95E5E7038E5400.d.CE10DEBF8AE1097A3F5C582EEF56670D.e.362/click - {}
RESULT: {}
COMMAND: GET /session/de452c40ddec3ac82c50054529908bbe/screenshot - {}
RESULT: {}
COMMAND: GET /session/de452c40ddec3ac82c50054529908bbe/screenshot - {}
COMMAND: DELETE /session/de452c40ddec3ac82c50054529908bbe - {}
RESULT: {}
RESULT: {}
]]></system-out>
    </testcase>
  </testsuite>
</testsuites>