<?xml version="1.0" encoding="UTF-8"?>
<testsuites tests="5" failures="0" errors="0" skipped="0">
  <testsuite timestamp="2025-08-05T22:32:36" time="226.616" tests="5" failures="0" errors="0" skipped="0">
    <properties>
      <property name="specId" value="0"/>
      <property name="suiteName" value="Funding Program"/>
      <property name="capabilities" value="chrome.138_0_7204_169.windows"/>
      <property name="file" value="file:///D:/a/1/s/test/specs/BusinessObjects/FundingProgram.spec.js"/>
    </properties>
    <testcase classname="chrome.138_0_7204_169.windows.Funding_Program" name="Should create Program" time="96.089">
      <system-out><![CDATA[
COMMAND: POST /session/44de10efc4dc00a5c1abc2b586cdc3c0/execute/async - {"script":"<script> [21 bytes]","args":[{"selector":{"controlType":"sap.m.GenericTile","properties":{"header":"Funding Program"}},"wdio_ui5_key":"sapm.GenericTile{\"header\":\"Funding Program\"}"}]}
RESULT: {"script":"<script> [21 bytes]","args":[{"selector":{"controlType":"sap.m.GenericTile","properties":{"header":"Funding Program"}},"wdio_ui5_key":"sapm.GenericTile{\"header\":\"Funding Program\"}"}]}
RESULT: undefined
COMMAND: POST /session/44de10efc4dc00a5c1abc2b586cdc3c0/element - {"using":"xpath","value":"//*[@id=\"__tile29\"]"}
RESULT: {"using":"xpath","value":"//*[@id=\"__tile29\"]"}
COMMAND: POST /session/44de10efc4dc00a5c1abc2b586cdc3c0/element/f.72C55597521039F7C14C7A07659E10C7.d.AA079974DD9CD6420ACA35DD54D69C96.e.77/click - {}
RESULT: {}
COMMAND: POST /session/44de10efc4dc00a5c1abc2b586cdc3c0/execute/async - {"script":"<script> [21 bytes]","args":[{"selector":{"id":"rfm.programui::xRFMxCU_ProgramList--fe::table::allTab::LineItem::StandardAction::Create","controlType":"sap.m.Button"},"wdio_ui5_key":"rfmprogramui::xRFMxCU_ProgramList--fe::table::allTab::LineItem::StandardAction::Createsap.m.Button"}]}
COMMAND: GET /session/44de10efc4dc00a5c1abc2b586cdc3c0/screenshot - {}
RESULT: {"script":"<script> [21 bytes]","args":[{"selector":{"id":"rfm.programui::xRFMxCU_ProgramList--fe::table::allTab::LineItem::StandardAction::Create","controlType":"sap.m.Button"},"wdio_ui5_key":"rfmprogramui::xRFMxCU_ProgramList--fe::table::allTab::LineItem::StandardAction::Createsap.m.Button"}]}
RESULT: undefined
COMMAND: POST /session/44de10efc4dc00a5c1abc2b586cdc3c0/element - {"using":"xpath","value":"//*[@id=\"rfm.programui::xRFMxCU_ProgramList--fe::table::allTab::LineItem::StandardAction::Create\"]"}
RESULT: {}
RESULT: {"using":"xpath","value":"//*[@id=\"rfm.programui::xRFMxCU_ProgramList--fe::table::allTab::LineItem::StandardAction::Create\"]"}
COMMAND: POST /session/44de10efc4dc00a5c1abc2b586cdc3c0/element/f.72C55597521039F7C14C7A07659E10C7.d.AA079974DD9CD6420ACA35DD54D69C96.e.142/click - {}
RESULT: {}
COMMAND: POST /session/44de10efc4dc00a5c1abc2b586cdc3c0/execute/async - {"script":"<script> [21 bytes]","args":[{"selector":{"id":"CreateDialog::xRFMxCU_ProgramType::FundingScope-inner-vhi","searchOpenDialogs":true},"wdio_ui5_key":"CreateDialogxRFMxCU_ProgramType::FundingScope-inner-vhi"}]}
COMMAND: GET /session/44de10efc4dc00a5c1abc2b586cdc3c0/screenshot - {}
RESULT: {"script":"<script> [21 bytes]","args":[{"selector":{"id":"CreateDialog::xRFMxCU_ProgramType::FundingScope-inner-vhi","searchOpenDialogs":true},"wdio_ui5_key":"CreateDialogxRFMxCU_ProgramType::FundingScope-inner-vhi"}]}
RESULT: undefined
COMMAND: POST /session/44de10efc4dc00a5c1abc2b586cdc3c0/element - {"using":"xpath","value":"//*[@id=\"CreateDialog::xRFMxCU_ProgramType::FundingScope-inner-vhi\"]"}
RESULT: {}
RESULT: {"using":"xpath","value":"//*[@id=\"CreateDialog::xRFMxCU_ProgramType::FundingScope-inner-vhi\"]"}
COMMAND: POST /session/44de10efc4dc00a5c1abc2b586cdc3c0/element/f.72C55597521039F7C14C7A07659E10C7.d.AA079974DD9CD6420ACA35DD54D69C96.e.299/click - {}
RESULT: {}
COMMAND: POST /session/44de10efc4dc00a5c1abc2b586cdc3c0/execute/async - {"script":"<script> [21 bytes]","args":[{"selector":{"controlType":"sap.fe.macros.controls.FieldWrapper","viewName":"sap.fe.templates.ObjectPage.ObjectPage","viewId":"rfm.programui::xRFMxCU_ProgramObjectPage","searchOpenDialogs":true,"ancestor":{"controlType":"sap.m.ColumnListItem","viewName":"sap.fe.templates.ObjectPage.ObjectPage","viewId":"rfm.programui::xRFMxCU_ProgramObjectPage","bindingPath":{"path":"/xRFMxCH_FundingScope($uid=id-1741785288444-920)"},"ancestor":{"id":"FundingScope::VH::Popover::qualifier::::SuggestTable","searchOpenDialogs":true}}},"wdio_ui5_key":"sapfe.templates.ObjectPage.ObjectPagesap.fe.macros.controls.FieldWrapper{\"controlType\":\"sap.m.ColumnListItem\",\"viewName\":\"sap.fe.templates.ObjectPage.ObjectPage\",\"viewId\":\"rfm.programui::xRFMxCU_ProgramObjectPage\",\"bindingPath\":{\"path\":\"/xRFMxCH_FundingScope($uid=id-1741785288444-920)\"},\"ancestor\":{\"id\":\"FundingScope::VH::Popover::qualifier::::SuggestTable\",\"searchOpenDialogs\":true}}"}]}
COMMAND: GET /session/44de10efc4dc00a5c1abc2b586cdc3c0/screenshot - {}
RESULT: {"script":"<script> [21 bytes]","args":[{"selector":{"controlType":"sap.fe.macros.controls.FieldWrapper","viewName":"sap.fe.templates.ObjectPage.ObjectPage","viewId":"rfm.programui::xRFMxCU_ProgramObjectPage","searchOpenDialogs":true,"ancestor":{"controlType":"sap.m.ColumnListItem","viewName":"sap.fe.templates.ObjectPage.ObjectPage","viewId":"rfm.programui::xRFMxCU_ProgramObjectPage","bindingPath":{"path":"/xRFMxCH_FundingScope($uid=id-1741785288444-920)"},"ancestor":{"id":"FundingScope::VH::Popover::qualifier::::SuggestTable","searchOpenDialogs":true}}},"wdio_ui5_key":"sapfe.templates.ObjectPage.ObjectPagesap.fe.macros.controls.FieldWrapper{\"controlType\":\"sap.m.ColumnListItem\",\"viewName\":\"sap.fe.templates.ObjectPage.ObjectPage\",\"viewId\":\"rfm.programui::xRFMxCU_ProgramObjectPage\",\"bindingPath\":{\"path\":\"/xRFMxCH_FundingScope($uid=id-1741785288444-920)\"},\"ancestor\":{\"id\":\"FundingScope::VH::Popover::qualifier::::SuggestTable\",\"searchOpenDialogs\":true}}"}]}
RESULT: undefined
COMMAND: POST /session/44de10efc4dc00a5c1abc2b586cdc3c0/execute/async - {"script":"<script> [21 bytes]","args":[{"selector":{"id":"CreateDialog::xRFMxCU_ProgramType::ValidFrom-inner","searchOpenDialogs":true,"interaction":{"idSuffix":"inner"}},"wdio_ui5_key":"CreateDialogxRFMxCU_ProgramType::ValidFrom-inner"}]}
RESULT: {}
RESULT: {"script":"<script> [21 bytes]","args":[{"selector":{"id":"CreateDialog::xRFMxCU_ProgramType::ValidFrom-inner","searchOpenDialogs":true,"interaction":{"idSuffix":"inner"}},"wdio_ui5_key":"CreateDialogxRFMxCU_ProgramType::ValidFrom-inner"}]}
RESULT: undefined
COMMAND: POST /session/44de10efc4dc00a5c1abc2b586cdc3c0/execute/async - {"script":"<script> [21 bytes]","args":[{"element-6066-11e4-a52e-4f735466cecf":"f.72C55597521039F7C14C7A07659E10C7.d.AA079974DD9CD6420ACA35DD54D69C96.e.293"},"setValue",["2025-02-28"]]}
RESULT: {"script":"<script> [21 bytes]","args":[{"element-6066-11e4-a52e-4f735466cecf":"f.72C55597521039F7C14C7A07659E10C7.d.AA079974DD9CD6420ACA35DD54D69C96.e.293"},"setValue",["2025-02-28"]]}
COMMAND: POST /session/44de10efc4dc00a5c1abc2b586cdc3c0/execute/async - {"script":"<script> [21 bytes]","args":[{"selector":{"id":"CreateDialog::xRFMxCU_ProgramType::PortfolioId-inner-vhi","searchOpenDialogs":true},"wdio_ui5_key":"CreateDialogxRFMxCU_ProgramType::PortfolioId-inner-vhi"}]}
RESULT: {"script":"<script> [21 bytes]","args":[{"selector":{"id":"CreateDialog::xRFMxCU_ProgramType::PortfolioId-inner-vhi","searchOpenDialogs":true},"wdio_ui5_key":"CreateDialogxRFMxCU_ProgramType::PortfolioId-inner-vhi"}]}
RESULT: undefined
COMMAND: POST /session/44de10efc4dc00a5c1abc2b586cdc3c0/element - {"using":"xpath","value":"//*[@id=\"CreateDialog::xRFMxCU_ProgramType::PortfolioId-inner-vhi\"]"}
RESULT: {"using":"xpath","value":"//*[@id=\"CreateDialog::xRFMxCU_ProgramType::PortfolioId-inner-vhi\"]"}
COMMAND: POST /session/44de10efc4dc00a5c1abc2b586cdc3c0/element/f.72C55597521039F7C14C7A07659E10C7.d.AA079974DD9CD6420ACA35DD54D69C96.e.302/click - {}
RESULT: {}
COMMAND: POST /session/44de10efc4dc00a5c1abc2b586cdc3c0/execute/async - {"script":"<script> [21 bytes]","args":[{"selector":{"controlType":"sap.fe.macros.controls.FieldWrapper","viewName":"sap.fe.templates.ObjectPage.ObjectPage","viewId":"rfm.programui::xRFMxCU_ProgramObjectPage","searchOpenDialogs":true,"ancestor":{"controlType":"sap.m.ColumnListItem","viewName":"sap.fe.templates.ObjectPage.ObjectPage","viewId":"rfm.programui::xRFMxCU_ProgramObjectPage","bindingPath":{"path":"/xRFMxCH_FundingName($uid=id-1741785191019-900)"},"ancestor":{"id":"PortfolioId::VH::Popover::qualifier::::SuggestTable","searchOpenDialogs":true}}},"wdio_ui5_key":"sapfe.templates.ObjectPage.ObjectPagesap.fe.macros.controls.FieldWrapper{\"controlType\":\"sap.m.ColumnListItem\",\"viewName\":\"sap.fe.templates.ObjectPage.ObjectPage\",\"viewId\":\"rfm.programui::xRFMxCU_ProgramObjectPage\",\"bindingPath\":{\"path\":\"/xRFMxCH_FundingName($uid=id-1741785191019-900)\"},\"ancestor\":{\"id\":\"PortfolioId::VH::Popover::qualifier::::SuggestTable\",\"searchOpenDialogs\":true}}"}]}
COMMAND: GET /session/44de10efc4dc00a5c1abc2b586cdc3c0/screenshot - {}
RESULT: {"script":"<script> [21 bytes]","args":[{"selector":{"controlType":"sap.fe.macros.controls.FieldWrapper","viewName":"sap.fe.templates.ObjectPage.ObjectPage","viewId":"rfm.programui::xRFMxCU_ProgramObjectPage","searchOpenDialogs":true,"ancestor":{"controlType":"sap.m.ColumnListItem","viewName":"sap.fe.templates.ObjectPage.ObjectPage","viewId":"rfm.programui::xRFMxCU_ProgramObjectPage","bindingPath":{"path":"/xRFMxCH_FundingName($uid=id-1741785191019-900)"},"ancestor":{"id":"PortfolioId::VH::Popover::qualifier::::SuggestTable","searchOpenDialogs":true}}},"wdio_ui5_key":"sapfe.templates.ObjectPage.ObjectPagesap.fe.macros.controls.FieldWrapper{\"controlType\":\"sap.m.ColumnListItem\",\"viewName\":\"sap.fe.templates.ObjectPage.ObjectPage\",\"viewId\":\"rfm.programui::xRFMxCU_ProgramObjectPage\",\"bindingPath\":{\"path\":\"/xRFMxCH_FundingName($uid=id-1741785191019-900)\"},\"ancestor\":{\"id\":\"PortfolioId::VH::Popover::qualifier::::SuggestTable\",\"searchOpenDialogs\":true}}"}]}
RESULT: undefined
RESULT: {}
COMMAND: POST /session/44de10efc4dc00a5c1abc2b586cdc3c0/execute/async - {"script":"<script> [21 bytes]","args":[{"selector":{"controlType":"sap.m.Button","viewName":"sap.fe.templates.ObjectPage.ObjectPage","viewId":"rfm.programui::xRFMxCU_ProgramObjectPage","properties":{"text":"Continue"},"searchOpenDialogs":true,"interaction":{"idSuffix":"BDI-content"}},"wdio_ui5_key":"sapfe.templates.ObjectPage.ObjectPagesap.m.Button{\"text\":\"Continue\"}"}]}
RESULT: {"script":"<script> [21 bytes]","args":[{"selector":{"controlType":"sap.m.Button","viewName":"sap.fe.templates.ObjectPage.ObjectPage","viewId":"rfm.programui::xRFMxCU_ProgramObjectPage","properties":{"text":"Continue"},"searchOpenDialogs":true,"interaction":{"idSuffix":"BDI-content"}},"wdio_ui5_key":"sapfe.templates.ObjectPage.ObjectPagesap.m.Button{\"text\":\"Continue\"}"}]}
RESULT: undefined
COMMAND: POST /session/44de10efc4dc00a5c1abc2b586cdc3c0/element - {"using":"xpath","value":"//*[@id=\"__button187\"]"}
RESULT: {"using":"xpath","value":"//*[@id=\"__button187\"]"}
COMMAND: POST /session/44de10efc4dc00a5c1abc2b586cdc3c0/element/f.72C55597521039F7C14C7A07659E10C7.d.AA079974DD9CD6420ACA35DD54D69C96.e.306/click - {}
RESULT: {}
COMMAND: POST /session/44de10efc4dc00a5c1abc2b586cdc3c0/execute/async - {"script":"<script> [21 bytes]","args":[{"selector":{"id":"rfm.programui::xRFMxCU_ProgramObjectPage--fe::CustomSubSection::CustomDetailsSection--fe::FormContainer::FieldGroup::basicData1::FormElement::DataField::Currency::Field-edit-inner","interaction":{"idSuffix":"inner"}},"wdio_ui5_key":"rfmprogramui::xRFMxCU_ProgramObjectPage--fe::CustomSubSection::CustomDetailsSection--fe::FormContainer::FieldGroup::basicData1::FormElement::DataField::Currency::Field-edit-inner"}]}
COMMAND: GET /session/44de10efc4dc00a5c1abc2b586cdc3c0/screenshot - {}
RESULT: {"script":"<script> [21 bytes]","args":[{"selector":{"id":"rfm.programui::xRFMxCU_ProgramObjectPage--fe::CustomSubSection::CustomDetailsSection--fe::FormContainer::FieldGroup::basicData1::FormElement::DataField::Currency::Field-edit-inner","interaction":{"idSuffix":"inner"}},"wdio_ui5_key":"rfmprogramui::xRFMxCU_ProgramObjectPage--fe::CustomSubSection::CustomDetailsSection--fe::FormContainer::FieldGroup::basicData1::FormElement::DataField::Currency::Field-edit-inner"}]}
RESULT: undefined
COMMAND: POST /session/44de10efc4dc00a5c1abc2b586cdc3c0/execute/async - {"script":"<script> [20 bytes]","args":[{"enterText":"EUR","selector":{"id":"rfm.programui::xRFMxCU_ProgramObjectPage--fe::CustomSubSection::CustomDetailsSection--fe::FormContainer::FieldGroup::basicData1::FormElement::DataField::Currency::Field-edit-inner","interaction":{"idSuffix":"inner"}},"clearTextFirst":true,"interactionType":"ENTER_TEXT"}]}
RESULT: {}
RESULT: {"script":"<script> [20 bytes]","args":[{"enterText":"EUR","selector":{"id":"rfm.programui::xRFMxCU_ProgramObjectPage--fe::CustomSubSection::CustomDetailsSection--fe::FormContainer::FieldGroup::basicData1::FormElement::DataField::Currency::Field-edit-inner","interaction":{"idSuffix":"inner"}},"clearTextFirst":true,"interactionType":"ENTER_TEXT"}]}
COMMAND: POST /session/44de10efc4dc00a5c1abc2b586cdc3c0/execute/async - {"script":"<script> [21 bytes]","args":[{"selector":{"id":"rfm.programui::xRFMxCU_ProgramObjectPage--fe::CustomSubSection::CustomDetailsSection--fe::FormContainer::FieldGroup::basicData1::FormElement::DataField::ValidTo::Field-edit","interaction":{"idSuffix":"inner"}},"wdio_ui5_key":"rfmprogramui::xRFMxCU_ProgramObjectPage--fe::CustomSubSection::CustomDetailsSection--fe::FormContainer::FieldGroup::basicData1::FormElement::DataField::ValidTo::Field-edit"}]}
RESULT: {"script":"<script> [21 bytes]","args":[{"selector":{"id":"rfm.programui::xRFMxCU_ProgramObjectPage--fe::CustomSubSection::CustomDetailsSection--fe::FormContainer::FieldGroup::basicData1::FormElement::DataField::ValidTo::Field-edit","interaction":{"idSuffix":"inner"}},"wdio_ui5_key":"rfmprogramui::xRFMxCU_ProgramObjectPage--fe::CustomSubSection::CustomDetailsSection--fe::FormContainer::FieldGroup::basicData1::FormElement::DataField::ValidTo::Field-edit"}]}
RESULT: undefined
COMMAND: POST /session/44de10efc4dc00a5c1abc2b586cdc3c0/execute/async - {"script":"<script> [21 bytes]","args":[{"element-6066-11e4-a52e-4f735466cecf":"f.72C55597521039F7C14C7A07659E10C7.d.AA079974DD9CD6420ACA35DD54D69C96.e.352"},"setValue",["2025-03-28"]]}
RESULT: {"script":"<script> [21 bytes]","args":[{"element-6066-11e4-a52e-4f735466cecf":"f.72C55597521039F7C14C7A07659E10C7.d.AA079974DD9CD6420ACA35DD54D69C96.e.352"},"setValue",["2025-03-28"]]}
COMMAND: POST /session/44de10efc4dc00a5c1abc2b586cdc3c0/execute/async - {"script":"<script> [21 bytes]","args":[{"selector":{"id":"rfm.programui::xRFMxCU_ProgramObjectPage--fe::CustomSubSection::CustomDetailsSection--fe::FormContainer::FieldGroup::basicData2::FormElement::DataField::CompanyCode::Field-edit-inner","interaction":{"idSuffix":"inner"}},"wdio_ui5_key":"rfmprogramui::xRFMxCU_ProgramObjectPage--fe::CustomSubSection::CustomDetailsSection--fe::FormContainer::FieldGroup::basicData2::FormElement::DataField::CompanyCode::Field-edit-inner"}]}
RESULT: {"script":"<script> [21 bytes]","args":[{"selector":{"id":"rfm.programui::xRFMxCU_ProgramObjectPage--fe::CustomSubSection::CustomDetailsSection--fe::FormContainer::FieldGroup::basicData2::FormElement::DataField::CompanyCode::Field-edit-inner","interaction":{"idSuffix":"inner"}},"wdio_ui5_key":"rfmprogramui::xRFMxCU_ProgramObjectPage--fe::CustomSubSection::CustomDetailsSection--fe::FormContainer::FieldGroup::basicData2::FormElement::DataField::CompanyCode::Field-edit-inner"}]}
RESULT: undefined
COMMAND: POST /session/44de10efc4dc00a5c1abc2b586cdc3c0/execute/async - {"script":"<script> [20 bytes]","args":[{"enterText":"0001","selector":{"id":"rfm.programui::xRFMxCU_ProgramObjectPage--fe::CustomSubSection::CustomDetailsSection--fe::FormContainer::FieldGroup::basicData2::FormElement::DataField::CompanyCode::Field-edit-inner","interaction":{"idSuffix":"inner"}},"clearTextFirst":true,"interactionType":"ENTER_TEXT"}]}
RESULT: {"script":"<script> [20 bytes]","args":[{"enterText":"0001","selector":{"id":"rfm.programui::xRFMxCU_ProgramObjectPage--fe::CustomSubSection::CustomDetailsSection--fe::FormContainer::FieldGroup::basicData2::FormElement::DataField::CompanyCode::Field-edit-inner","interaction":{"idSuffix":"inner"}},"clearTextFirst":true,"interactionType":"ENTER_TEXT"}]}
COMMAND: POST /session/44de10efc4dc00a5c1abc2b586cdc3c0/execute/async - {"script":"<script> [21 bytes]","args":[{"selector":{"id":"rfm.programui::xRFMxCU_ProgramObjectPage--fe::ObjectPage-anchBar-rfm.programui::xRFMxCU_ProgramObjectPage--fe::EditableHeaderSection-anchor","interaction":{"idSuffix":"text"}},"wdio_ui5_key":"rfmprogramui::xRFMxCU_ProgramObjectPage--fe::ObjectPage-anchBar-rfm.programui::xRFMxCU_ProgramObjectPage--fe::EditableHeaderSection-anchor"}]}
RESULT: {"script":"<script> [21 bytes]","args":[{"selector":{"id":"rfm.programui::xRFMxCU_ProgramObjectPage--fe::ObjectPage-anchBar-rfm.programui::xRFMxCU_ProgramObjectPage--fe::EditableHeaderSection-anchor","interaction":{"idSuffix":"text"}},"wdio_ui5_key":"rfmprogramui::xRFMxCU_ProgramObjectPage--fe::ObjectPage-anchBar-rfm.programui::xRFMxCU_ProgramObjectPage--fe::EditableHeaderSection-anchor"}]}
RESULT: undefined
COMMAND: POST /session/44de10efc4dc00a5c1abc2b586cdc3c0/element - {"using":"xpath","value":"//*[@id=\"rfm.programui::xRFMxCU_ProgramObjectPage--fe::ObjectPage-anchBar-rfm.programui::xRFMxCU_ProgramObjectPage--fe::EditableHeaderSection-anchor\"]"}
RESULT: {"using":"xpath","value":"//*[@id=\"rfm.programui::xRFMxCU_ProgramObjectPage--fe::ObjectPage-anchBar-rfm.programui::xRFMxCU_ProgramObjectPage--fe::EditableHeaderSection-anchor\"]"}
COMMAND: POST /session/44de10efc4dc00a5c1abc2b586cdc3c0/element/f.72C55597521039F7C14C7A07659E10C7.d.AA079974DD9CD6420ACA35DD54D69C96.e.362/click - {}
RESULT: {}
COMMAND: POST /session/44de10efc4dc00a5c1abc2b586cdc3c0/execute/async - {"script":"<script> [21 bytes]","args":[{"selector":{"id":"rfm.programui::xRFMxCU_ProgramObjectPage--fe::HeaderFacet::FormContainer::headerFieldsGP1::FormElement::DataField::Name::Field-edit","interaction":{"idSuffix":"inner"}},"wdio_ui5_key":"rfmprogramui::xRFMxCU_ProgramObjectPage--fe::HeaderFacet::FormContainer::headerFieldsGP1::FormElement::DataField::Name::Field-edit"}]}
COMMAND: GET /session/44de10efc4dc00a5c1abc2b586cdc3c0/screenshot - {}
RESULT: {"script":"<script> [21 bytes]","args":[{"selector":{"id":"rfm.programui::xRFMxCU_ProgramObjectPage--fe::HeaderFacet::FormContainer::headerFieldsGP1::FormElement::DataField::Name::Field-edit","interaction":{"idSuffix":"inner"}},"wdio_ui5_key":"rfmprogramui::xRFMxCU_ProgramObjectPage--fe::HeaderFacet::FormContainer::headerFieldsGP1::FormElement::DataField::Name::Field-edit"}]}
RESULT: undefined
COMMAND: POST /session/44de10efc4dc00a5c1abc2b586cdc3c0/execute/async - {"script":"<script> [20 bytes]","args":[{"enterText":"WDIO_2025-08-05","selector":{"id":"rfm.programui::xRFMxCU_ProgramObjectPage--fe::HeaderFacet::FormContainer::headerFieldsGP1::FormElement::DataField::Name::Field-edit","interaction":{"idSuffix":"inner"}},"clearTextFirst":true,"interactionType":"ENTER_TEXT"}]}
RESULT: {}
RESULT: {"script":"<script> [20 bytes]","args":[{"enterText":"WDIO_2025-08-05","selector":{"id":"rfm.programui::xRFMxCU_ProgramObjectPage--fe::HeaderFacet::FormContainer::headerFieldsGP1::FormElement::DataField::Name::Field-edit","interaction":{"idSuffix":"inner"}},"clearTextFirst":true,"interactionType":"ENTER_TEXT"}]}
COMMAND: POST /session/44de10efc4dc00a5c1abc2b586cdc3c0/execute/async - {"script":"<script> [21 bytes]","args":[{"selector":{"id":"rfm.programui::xRFMxCU_ProgramObjectPage--fe::FooterBar::StandardAction::Save","interaction":{"idSuffix":"BDI-content"}},"wdio_ui5_key":"rfmprogramui::xRFMxCU_ProgramObjectPage--fe::FooterBar::StandardAction::Save"}]}
RESULT: {"script":"<script> [21 bytes]","args":[{"selector":{"id":"rfm.programui::xRFMxCU_ProgramObjectPage--fe::FooterBar::StandardAction::Save","interaction":{"idSuffix":"BDI-content"}},"wdio_ui5_key":"rfmprogramui::xRFMxCU_ProgramObjectPage--fe::FooterBar::StandardAction::Save"}]}
RESULT: undefined
COMMAND: POST /session/44de10efc4dc00a5c1abc2b586cdc3c0/element - {"using":"xpath","value":"//*[@id=\"rfm.programui::xRFMxCU_ProgramObjectPage--fe::FooterBar::StandardAction::Save\"]"}
RESULT: {"using":"xpath","value":"//*[@id=\"rfm.programui::xRFMxCU_ProgramObjectPage--fe::FooterBar::StandardAction::Save\"]"}
COMMAND: POST /session/44de10efc4dc00a5c1abc2b586cdc3c0/element/f.72C55597521039F7C14C7A07659E10C7.d.AA079974DD9CD6420ACA35DD54D69C96.e.369/click - {}
RESULT: {}
COMMAND: POST /session/44de10efc4dc00a5c1abc2b586cdc3c0/execute/async - {"script":"<script> [21 bytes]","args":[{"selector":{"id":"rfm.programui::xRFMxCU_ProgramObjectPage--fe::HeaderFacet::Form::headerFieldsGP1::DataField::ProgramId::Field-content"},"wdio_ui5_key":"rfmprogramui::xRFMxCU_ProgramObjectPage--fe::HeaderFacet::Form::headerFieldsGP1::DataField::ProgramId::Field-content"}]}
COMMAND: GET /session/44de10efc4dc00a5c1abc2b586cdc3c0/screenshot - {}
RESULT: {"script":"<script> [21 bytes]","args":[{"selector":{"id":"rfm.programui::xRFMxCU_ProgramObjectPage--fe::HeaderFacet::Form::headerFieldsGP1::DataField::ProgramId::Field-content"},"wdio_ui5_key":"rfmprogramui::xRFMxCU_ProgramObjectPage--fe::HeaderFacet::Form::headerFieldsGP1::DataField::ProgramId::Field-content"}]}
RESULT: undefined
COMMAND: POST /session/44de10efc4dc00a5c1abc2b586cdc3c0/execute/async - {"script":"<script> [21 bytes]","args":[{"element-6066-11e4-a52e-4f735466cecf":"f.72C55597521039F7C14C7A07659E10C7.d.AA079974DD9CD6420ACA35DD54D69C96.e.384"},"getText",[]]}
RESULT: {}
RESULT: {"script":"<script> [21 bytes]","args":[{"element-6066-11e4-a52e-4f735466cecf":"f.72C55597521039F7C14C7A07659E10C7.d.AA079974DD9CD6420ACA35DD54D69C96.e.384"},"getText",[]]}
COMMAND: POST /session/44de10efc4dc00a5c1abc2b586cdc3c0/execute/async - {"script":"<script> [21 bytes]","args":[{"selector":{"id":"rfm.programui::xRFMxCU_ProgramObjectPage--fe::FooterBar::MessageButton-img"},"wdio_ui5_key":"rfmprogramui::xRFMxCU_ProgramObjectPage--fe::FooterBar::MessageButton-img"}]}
RESULT: {"script":"<script> [21 bytes]","args":[{"selector":{"id":"rfm.programui::xRFMxCU_ProgramObjectPage--fe::FooterBar::MessageButton-img"},"wdio_ui5_key":"rfmprogramui::xRFMxCU_ProgramObjectPage--fe::FooterBar::MessageButton-img"}]}
RESULT: undefined
COMMAND: GET /session/44de10efc4dc00a5c1abc2b586cdc3c0/screenshot - {}
]]></system-out>
    </testcase>
    <testcase classname="chrome.138_0_7204_169.windows.Funding_Program" name="Should filter created Program" time="11.928">
      <system-out><![CDATA[
COMMAND: POST /session/44de10efc4dc00a5c1abc2b586cdc3c0/execute/async - {"script":"<script> [21 bytes]","args":[{"selector":{"id":"rfm.programui::xRFMxCU_ProgramObjectPage--fe::FCLStandardAction::Close-img"},"wdio_ui5_key":"rfmprogramui::xRFMxCU_ProgramObjectPage--fe::FCLStandardAction::Close-img"}]}
RESULT: {}
RESULT: {"script":"<script> [21 bytes]","args":[{"selector":{"id":"rfm.programui::xRFMxCU_ProgramObjectPage--fe::FCLStandardAction::Close-img"},"wdio_ui5_key":"rfmprogramui::xRFMxCU_ProgramObjectPage--fe::FCLStandardAction::Close-img"}]}
RESULT: undefined
COMMAND: POST /session/44de10efc4dc00a5c1abc2b586cdc3c0/element - {"using":"xpath","value":"//*[@id=\"rfm.programui::xRFMxCU_ProgramObjectPage--fe::FCLStandardAction::Close-img\"]"}
RESULT: {"using":"xpath","value":"//*[@id=\"rfm.programui::xRFMxCU_ProgramObjectPage--fe::FCLStandardAction::Close-img\"]"}
COMMAND: POST /session/44de10efc4dc00a5c1abc2b586cdc3c0/element/f.72C55597521039F7C14C7A07659E10C7.d.AA079974DD9CD6420ACA35DD54D69C96.e.385/click - {}
RESULT: {}
COMMAND: POST /session/44de10efc4dc00a5c1abc2b586cdc3c0/execute/async - {"script":"<script> [21 bytes]","args":[{"selector":{"id":"rfm.programui::xRFMxCU_ProgramList--fe::FilterBar::xRFMxCU_Program::FilterField::ProgramId-inner","interaction":{"idSuffix":"inner"}},"wdio_ui5_key":"rfmprogramui::xRFMxCU_ProgramList--fe::FilterBar::xRFMxCU_Program::FilterField::ProgramId-inner"}]}
COMMAND: GET /session/44de10efc4dc00a5c1abc2b586cdc3c0/screenshot - {}
RESULT: {"script":"<script> [21 bytes]","args":[{"selector":{"id":"rfm.programui::xRFMxCU_ProgramList--fe::FilterBar::xRFMxCU_Program::FilterField::ProgramId-inner","interaction":{"idSuffix":"inner"}},"wdio_ui5_key":"rfmprogramui::xRFMxCU_ProgramList--fe::FilterBar::xRFMxCU_Program::FilterField::ProgramId-inner"}]}
RESULT: undefined
COMMAND: POST /session/44de10efc4dc00a5c1abc2b586cdc3c0/execute/async - {"script":"<script> [20 bytes]","args":[{"enterText":"1351","selector":{"id":"rfm.programui::xRFMxCU_ProgramList--fe::FilterBar::xRFMxCU_Program::FilterField::ProgramId-inner","interaction":{"idSuffix":"inner"}},"clearTextFirst":true,"interactionType":"ENTER_TEXT"}]}
RESULT: {}
RESULT: {"script":"<script> [20 bytes]","args":[{"enterText":"1351","selector":{"id":"rfm.programui::xRFMxCU_ProgramList--fe::FilterBar::xRFMxCU_Program::FilterField::ProgramId-inner","interaction":{"idSuffix":"inner"}},"clearTextFirst":true,"interactionType":"ENTER_TEXT"}]}
COMMAND: POST /session/44de10efc4dc00a5c1abc2b586cdc3c0/execute/async - {"script":"<script> [21 bytes]","args":[{"selector":{"id":"rfm.programui::xRFMxCU_ProgramList--fe::FilterBar::xRFMxCU_Program-btnSearch","interaction":{"idSuffix":"BDI-content"}},"wdio_ui5_key":"rfmprogramui::xRFMxCU_ProgramList--fe::FilterBar::xRFMxCU_Program-btnSearch"}]}
RESULT: {"script":"<script> [21 bytes]","args":[{"selector":{"id":"rfm.programui::xRFMxCU_ProgramList--fe::FilterBar::xRFMxCU_Program-btnSearch","interaction":{"idSuffix":"BDI-content"}},"wdio_ui5_key":"rfmprogramui::xRFMxCU_ProgramList--fe::FilterBar::xRFMxCU_Program-btnSearch"}]}
RESULT: undefined
COMMAND: POST /session/44de10efc4dc00a5c1abc2b586cdc3c0/element - {"using":"xpath","value":"//*[@id=\"rfm.programui::xRFMxCU_ProgramList--fe::FilterBar::xRFMxCU_Program-btnSearch\"]"}
RESULT: {"using":"xpath","value":"//*[@id=\"rfm.programui::xRFMxCU_ProgramList--fe::FilterBar::xRFMxCU_Program-btnSearch\"]"}
COMMAND: POST /session/44de10efc4dc00a5c1abc2b586cdc3c0/element/f.72C55597521039F7C14C7A07659E10C7.d.AA079974DD9CD6420ACA35DD54D69C96.e.441/click - {}
RESULT: {}
COMMAND: GET /session/44de10efc4dc00a5c1abc2b586cdc3c0/screenshot - {}
RESULT: {}
COMMAND: POST /session/44de10efc4dc00a5c1abc2b586cdc3c0/execute/async - {"script":"<script> [21 bytes]","args":[{"selector":{"controlType":"sap.m.Text","viewName":"sap.fe.templates.ListReport.ListReport","viewId":"rfm.programui::xRFMxCU_ProgramList","bindingPath":{"path":"/xRFMxCU_Program(ProgramId='1351',IsActiveEntity=true)","propertyPath":"ProgramId"}},"wdio_ui5_key":"sapfe.templates.ListReport.ListReportsap.m.Text{\"path\":\"/xRFMxCU_Program(ProgramId='1351',IsActiveEntity=true)\",\"propertyPath\":\"ProgramId\"}"}]}
RESULT: {"script":"<script> [21 bytes]","args":[{"selector":{"controlType":"sap.m.Text","viewName":"sap.fe.templates.ListReport.ListReport","viewId":"rfm.programui::xRFMxCU_ProgramList","bindingPath":{"path":"/xRFMxCU_Program(ProgramId='1351',IsActiveEntity=true)","propertyPath":"ProgramId"}},"wdio_ui5_key":"sapfe.templates.ListReport.ListReportsap.m.Text{\"path\":\"/xRFMxCU_Program(ProgramId='1351',IsActiveEntity=true)\",\"propertyPath\":\"ProgramId\"}"}]}
RESULT: undefined
COMMAND: POST /session/44de10efc4dc00a5c1abc2b586cdc3c0/execute/async - {"script":"<script> [21 bytes]","args":[{"element-6066-11e4-a52e-4f735466cecf":"f.72C55597521039F7C14C7A07659E10C7.d.AA079974DD9CD6420ACA35DD54D69C96.e.480"},"getText",[]]}
RESULT: {"script":"<script> [21 bytes]","args":[{"element-6066-11e4-a52e-4f735466cecf":"f.72C55597521039F7C14C7A07659E10C7.d.AA079974DD9CD6420ACA35DD54D69C96.e.480"},"getText",[]]}
COMMAND: GET /session/44de10efc4dc00a5c1abc2b586cdc3c0/screenshot - {}
]]></system-out>
    </testcase>
    <testcase classname="chrome.138_0_7204_169.windows.Funding_Program" name="Should navigate to object page" time="24.077">
      <system-out><![CDATA[
COMMAND: POST /session/44de10efc4dc00a5c1abc2b586cdc3c0/execute/async - {"script":"<script> [21 bytes]","args":[{"selector":{"controlType":"sap.ui.core.Icon","viewName":"sap.fe.templates.ListReport.ListReport","viewId":"rfm.programui::xRFMxCU_ProgramList","properties":{"src":{"regex":{"source":"navigation\\-right\\-arrow"}}},"ancestor":{"id":"rfm.programui::xRFMxCU_ProgramList--fe::table::allTab::LineItem-innerTable-rows-row0"}},"wdio_ui5_key":"sapfe.templates.ListReport.ListReportsap.ui.core.Icon{\"src\":{\"regex\":{\"source\":\"navigation\\\\-right\\\\-arrow\"}}}{\"id\":\"rfm.programui::xRFMxCU_ProgramList--fe::table::allTab::LineItem-innerTable-rows-row0\"}"}]}
RESULT: {}
RESULT: {"script":"<script> [21 bytes]","args":[{"selector":{"controlType":"sap.ui.core.Icon","viewName":"sap.fe.templates.ListReport.ListReport","viewId":"rfm.programui::xRFMxCU_ProgramList","properties":{"src":{"regex":{"source":"navigation\\-right\\-arrow"}}},"ancestor":{"id":"rfm.programui::xRFMxCU_ProgramList--fe::table::allTab::LineItem-innerTable-rows-row0"}},"wdio_ui5_key":"sapfe.templates.ListReport.ListReportsap.ui.core.Icon{\"src\":{\"regex\":{\"source\":\"navigation\\\\-right\\\\-arrow\"}}}{\"id\":\"rfm.programui::xRFMxCU_ProgramList--fe::table::allTab::LineItem-innerTable-rows-row0\"}"}]}
RESULT: undefined
COMMAND: POST /session/44de10efc4dc00a5c1abc2b586cdc3c0/element - {"using":"xpath","value":"//*[@id=\"__action0-__clone154-icon0\"]"}
RESULT: {"using":"xpath","value":"//*[@id=\"__action0-__clone154-icon0\"]"}
COMMAND: POST /session/44de10efc4dc00a5c1abc2b586cdc3c0/element/f.72C55597521039F7C14C7A07659E10C7.d.AA079974DD9CD6420ACA35DD54D69C96.e.481/click - {}
RESULT: {}
COMMAND: GET /session/44de10efc4dc00a5c1abc2b586cdc3c0/screenshot - {}
RESULT: {}
COMMAND: POST /session/44de10efc4dc00a5c1abc2b586cdc3c0/execute/async - {"script":"<script> [21 bytes]","args":[{"selector":{"id":"rfm.programui::xRFMxCU_ProgramObjectPage--fe::FCLStandardAction::FullScreen","interaction":{"idSuffix":"inner"}},"wdio_ui5_key":"rfmprogramui::xRFMxCU_ProgramObjectPage--fe::FCLStandardAction::FullScreen"}]}
RESULT: {"script":"<script> [21 bytes]","args":[{"selector":{"id":"rfm.programui::xRFMxCU_ProgramObjectPage--fe::FCLStandardAction::FullScreen","interaction":{"idSuffix":"inner"}},"wdio_ui5_key":"rfmprogramui::xRFMxCU_ProgramObjectPage--fe::FCLStandardAction::FullScreen"}]}
RESULT: undefined
COMMAND: POST /session/44de10efc4dc00a5c1abc2b586cdc3c0/element - {"using":"xpath","value":"//*[@id=\"rfm.programui::xRFMxCU_ProgramObjectPage--fe::FCLStandardAction::FullScreen\"]"}
RESULT: {"using":"xpath","value":"//*[@id=\"rfm.programui::xRFMxCU_ProgramObjectPage--fe::FCLStandardAction::FullScreen\"]"}
COMMAND: POST /session/44de10efc4dc00a5c1abc2b586cdc3c0/element/f.72C55597521039F7C14C7A07659E10C7.d.AA079974DD9CD6420ACA35DD54D69C96.e.483/click - {}
RESULT: {}
COMMAND: GET /session/44de10efc4dc00a5c1abc2b586cdc3c0/screenshot - {}
RESULT: {}
COMMAND: POST /session/44de10efc4dc00a5c1abc2b586cdc3c0/execute/async - {"script":"<script> [21 bytes]","args":[{"selector":{"id":"rfm.programui::xRFMxCU_ProgramObjectPage--fe::ObjectPage-anchBar-rfm.programui::xRFMxCU_ProgramObjectPage--fe::FacetSection::Investors-anchor"},"wdio_ui5_key":"rfmprogramui::xRFMxCU_ProgramObjectPage--fe::ObjectPage-anchBar-rfm.programui::xRFMxCU_ProgramObjectPage--fe::FacetSection::Investors-anchor"}]}
RESULT: {"script":"<script> [21 bytes]","args":[{"selector":{"id":"rfm.programui::xRFMxCU_ProgramObjectPage--fe::ObjectPage-anchBar-rfm.programui::xRFMxCU_ProgramObjectPage--fe::FacetSection::Investors-anchor"},"wdio_ui5_key":"rfmprogramui::xRFMxCU_ProgramObjectPage--fe::ObjectPage-anchBar-rfm.programui::xRFMxCU_ProgramObjectPage--fe::FacetSection::Investors-anchor"}]}
RESULT: undefined
COMMAND: POST /session/44de10efc4dc00a5c1abc2b586cdc3c0/element - {"using":"xpath","value":"//*[@id=\"rfm.programui::xRFMxCU_ProgramObjectPage--fe::ObjectPage-anchBar-rfm.programui::xRFMxCU_ProgramObjectPage--fe::FacetSection::Investors-anchor\"]"}
RESULT: {"using":"xpath","value":"//*[@id=\"rfm.programui::xRFMxCU_ProgramObjectPage--fe::ObjectPage-anchBar-rfm.programui::xRFMxCU_ProgramObjectPage--fe::FacetSection::Investors-anchor\"]"}
COMMAND: POST /session/44de10efc4dc00a5c1abc2b586cdc3c0/element/f.72C55597521039F7C14C7A07659E10C7.d.AA079974DD9CD6420ACA35DD54D69C96.e.607/click - {}
RESULT: {}
COMMAND: GET /session/44de10efc4dc00a5c1abc2b586cdc3c0/screenshot - {}
RESULT: {}
COMMAND: POST /session/44de10efc4dc00a5c1abc2b586cdc3c0/execute/async - {"script":"<script> [21 bytes]","args":[{"selector":{"id":"rfm.programui::xRFMxCU_ProgramObjectPage--fe::ObjectPage-anchBar-rfm.programui::xRFMxCU_ProgramObjectPage--fe::FacetSection::Transactions-anchor"},"wdio_ui5_key":"rfmprogramui::xRFMxCU_ProgramObjectPage--fe::ObjectPage-anchBar-rfm.programui::xRFMxCU_ProgramObjectPage--fe::FacetSection::Transactions-anchor"}]}
RESULT: {"script":"<script> [21 bytes]","args":[{"selector":{"id":"rfm.programui::xRFMxCU_ProgramObjectPage--fe::ObjectPage-anchBar-rfm.programui::xRFMxCU_ProgramObjectPage--fe::FacetSection::Transactions-anchor"},"wdio_ui5_key":"rfmprogramui::xRFMxCU_ProgramObjectPage--fe::ObjectPage-anchBar-rfm.programui::xRFMxCU_ProgramObjectPage--fe::FacetSection::Transactions-anchor"}]}
RESULT: undefined
COMMAND: POST /session/44de10efc4dc00a5c1abc2b586cdc3c0/element - {"using":"xpath","value":"//*[@id=\"rfm.programui::xRFMxCU_ProgramObjectPage--fe::ObjectPage-anchBar-rfm.programui::xRFMxCU_ProgramObjectPage--fe::FacetSection::Transactions-anchor\"]"}
RESULT: {"using":"xpath","value":"//*[@id=\"rfm.programui::xRFMxCU_ProgramObjectPage--fe::ObjectPage-anchBar-rfm.programui::xRFMxCU_ProgramObjectPage--fe::FacetSection::Transactions-anchor\"]"}
COMMAND: POST /session/44de10efc4dc00a5c1abc2b586cdc3c0/element/f.72C55597521039F7C14C7A07659E10C7.d.AA079974DD9CD6420ACA35DD54D69C96.e.613/click - {}
RESULT: {}
COMMAND: GET /session/44de10efc4dc00a5c1abc2b586cdc3c0/screenshot - {}
RESULT: {}
COMMAND: POST /session/44de10efc4dc00a5c1abc2b586cdc3c0/execute/async - {"script":"<script> [21 bytes]","args":[{"selector":{"id":"rfm.programui::xRFMxCU_ProgramObjectPage--fe::ObjectPage-anchBar-rfm.programui::xRFMxCU_ProgramObjectPage--fe::FacetSection::ChangeInfo-anchor"},"wdio_ui5_key":"rfmprogramui::xRFMxCU_ProgramObjectPage--fe::ObjectPage-anchBar-rfm.programui::xRFMxCU_ProgramObjectPage--fe::FacetSection::ChangeInfo-anchor"}]}
RESULT: {"script":"<script> [21 bytes]","args":[{"selector":{"id":"rfm.programui::xRFMxCU_ProgramObjectPage--fe::ObjectPage-anchBar-rfm.programui::xRFMxCU_ProgramObjectPage--fe::FacetSection::ChangeInfo-anchor"},"wdio_ui5_key":"rfmprogramui::xRFMxCU_ProgramObjectPage--fe::ObjectPage-anchBar-rfm.programui::xRFMxCU_ProgramObjectPage--fe::FacetSection::ChangeInfo-anchor"}]}
RESULT: undefined
COMMAND: POST /session/44de10efc4dc00a5c1abc2b586cdc3c0/element - {"using":"xpath","value":"//*[@id=\"rfm.programui::xRFMxCU_ProgramObjectPage--fe::ObjectPage-anchBar-rfm.programui::xRFMxCU_ProgramObjectPage--fe::FacetSection::ChangeInfo-anchor\"]"}
RESULT: {"using":"xpath","value":"//*[@id=\"rfm.programui::xRFMxCU_ProgramObjectPage--fe::ObjectPage-anchBar-rfm.programui::xRFMxCU_ProgramObjectPage--fe::FacetSection::ChangeInfo-anchor\"]"}
COMMAND: POST /session/44de10efc4dc00a5c1abc2b586cdc3c0/element/f.72C55597521039F7C14C7A07659E10C7.d.AA079974DD9CD6420ACA35DD54D69C96.e.618/click - {}
RESULT: {}
COMMAND: GET /session/44de10efc4dc00a5c1abc2b586cdc3c0/screenshot - {}
RESULT: {}
COMMAND: POST /session/44de10efc4dc00a5c1abc2b586cdc3c0/execute/async - {"script":"<script> [21 bytes]","args":[{"selector":{"id":"rfm.programui::xRFMxCU_ProgramObjectPage--fe::ObjectPage-anchBar-rfm.programui::xRFMxCU_ProgramObjectPage--fe::CustomSection::CustomDetailsSection-anchor","interaction":{"idSuffix":"text"}},"wdio_ui5_key":"rfmprogramui::xRFMxCU_ProgramObjectPage--fe::ObjectPage-anchBar-rfm.programui::xRFMxCU_ProgramObjectPage--fe::CustomSection::CustomDetailsSection-anchor"}]}
RESULT: {"script":"<script> [21 bytes]","args":[{"selector":{"id":"rfm.programui::xRFMxCU_ProgramObjectPage--fe::ObjectPage-anchBar-rfm.programui::xRFMxCU_ProgramObjectPage--fe::CustomSection::CustomDetailsSection-anchor","interaction":{"idSuffix":"text"}},"wdio_ui5_key":"rfmprogramui::xRFMxCU_ProgramObjectPage--fe::ObjectPage-anchBar-rfm.programui::xRFMxCU_ProgramObjectPage--fe::CustomSection::CustomDetailsSection-anchor"}]}
RESULT: undefined
COMMAND: POST /session/44de10efc4dc00a5c1abc2b586cdc3c0/element - {"using":"xpath","value":"//*[@id=\"rfm.programui::xRFMxCU_ProgramObjectPage--fe::ObjectPage-anchBar-rfm.programui::xRFMxCU_ProgramObjectPage--fe::CustomSection::CustomDetailsSection-anchor\"]"}
RESULT: {"using":"xpath","value":"//*[@id=\"rfm.programui::xRFMxCU_ProgramObjectPage--fe::ObjectPage-anchBar-rfm.programui::xRFMxCU_ProgramObjectPage--fe::CustomSection::CustomDetailsSection-anchor\"]"}
COMMAND: POST /session/44de10efc4dc00a5c1abc2b586cdc3c0/element/f.72C55597521039F7C14C7A07659E10C7.d.AA079974DD9CD6420ACA35DD54D69C96.e.621/click - {}
RESULT: {}
COMMAND: GET /session/44de10efc4dc00a5c1abc2b586cdc3c0/screenshot - {}
COMMAND: GET /session/44de10efc4dc00a5c1abc2b586cdc3c0/screenshot - {}
]]></system-out>
    </testcase>
    <testcase classname="chrome.138_0_7204_169.windows.Funding_Program" name="Should press Related Apps button and then Funding Pool navigation button" time="16.303">
      <system-out><![CDATA[
COMMAND: POST /session/44de10efc4dc00a5c1abc2b586cdc3c0/execute/async - {"script":"<script> [21 bytes]","args":[{"selector":{"id":"rfm.programui::xRFMxCU_ProgramObjectPage--fe::HeaderFacet::Form::headerFieldsGP1::DataField::Name::Field-content"},"wdio_ui5_key":"rfmprogramui::xRFMxCU_ProgramObjectPage--fe::HeaderFacet::Form::headerFieldsGP1::DataField::Name::Field-content"}]}
RESULT: {}
RESULT: {}
RESULT: {"script":"<script> [21 bytes]","args":[{"selector":{"id":"rfm.programui::xRFMxCU_ProgramObjectPage--fe::HeaderFacet::Form::headerFieldsGP1::DataField::Name::Field-content"},"wdio_ui5_key":"rfmprogramui::xRFMxCU_ProgramObjectPage--fe::HeaderFacet::Form::headerFieldsGP1::DataField::Name::Field-content"}]}
RESULT: undefined
COMMAND: POST /session/44de10efc4dc00a5c1abc2b586cdc3c0/execute/async - {"script":"<script> [21 bytes]","args":[{"element-6066-11e4-a52e-4f735466cecf":"f.72C55597521039F7C14C7A07659E10C7.d.AA079974DD9CD6420ACA35DD54D69C96.e.541"},"getText",[]]}
RESULT: {"script":"<script> [21 bytes]","args":[{"element-6066-11e4-a52e-4f735466cecf":"f.72C55597521039F7C14C7A07659E10C7.d.AA079974DD9CD6420ACA35DD54D69C96.e.541"},"getText",[]]}
COMMAND: POST /session/44de10efc4dc00a5c1abc2b586cdc3c0/execute/async - {"script":"<script> [21 bytes]","args":[{"selector":{"id":"rfm.programui::xRFMxCU_ProgramObjectPage--fe::RelatedApps-internalBtn","interaction":{"idSuffix":"BDI-content"}},"wdio_ui5_key":"rfmprogramui::xRFMxCU_ProgramObjectPage--fe::RelatedApps-internalBtn"}]}
RESULT: {"script":"<script> [21 bytes]","args":[{"selector":{"id":"rfm.programui::xRFMxCU_ProgramObjectPage--fe::RelatedApps-internalBtn","interaction":{"idSuffix":"BDI-content"}},"wdio_ui5_key":"rfmprogramui::xRFMxCU_ProgramObjectPage--fe::RelatedApps-internalBtn"}]}
RESULT: undefined
COMMAND: POST /session/44de10efc4dc00a5c1abc2b586cdc3c0/element - {"using":"xpath","value":"//*[@id=\"rfm.programui::xRFMxCU_ProgramObjectPage--fe::RelatedApps-internalBtn\"]"}
RESULT: {"using":"xpath","value":"//*[@id=\"rfm.programui::xRFMxCU_ProgramObjectPage--fe::RelatedApps-internalBtn\"]"}
COMMAND: POST /session/44de10efc4dc00a5c1abc2b586cdc3c0/element/f.72C55597521039F7C14C7A07659E10C7.d.AA079974DD9CD6420ACA35DD54D69C96.e.499/click - {}
RESULT: {}
COMMAND: POST /session/44de10efc4dc00a5c1abc2b586cdc3c0/execute/async - {"script":"<script> [21 bytes]","args":[{"selector":{"controlType":"sap.ui.unified.MenuItem","viewName":"sap.fe.templates.ObjectPage.ObjectPage","viewId":"rfm.programui::xRFMxCU_ProgramObjectPage","properties":{"text":"Funding Pool"},"searchOpenDialogs":true,"interaction":{"idSuffix":"txt"}},"wdio_ui5_key":"sapfe.templates.ObjectPage.ObjectPagesap.ui.unified.MenuItem{\"text\":\"Funding Pool\"}"}]}
COMMAND: GET /session/44de10efc4dc00a5c1abc2b586cdc3c0/screenshot - {}
RESULT: {"script":"<script> [21 bytes]","args":[{"selector":{"controlType":"sap.ui.unified.MenuItem","viewName":"sap.fe.templates.ObjectPage.ObjectPage","viewId":"rfm.programui::xRFMxCU_ProgramObjectPage","properties":{"text":"Funding Pool"},"searchOpenDialogs":true,"interaction":{"idSuffix":"txt"}},"wdio_ui5_key":"sapfe.templates.ObjectPage.ObjectPagesap.ui.unified.MenuItem{\"text\":\"Funding Pool\"}"}]}
RESULT: undefined
COMMAND: POST /session/44de10efc4dc00a5c1abc2b586cdc3c0/element - {"using":"xpath","value":"//*[@id=\"__item60-__menu21-1-unifiedmenu\"]"}
RESULT: {}
RESULT: {"using":"xpath","value":"//*[@id=\"__item60-__menu21-1-unifiedmenu\"]"}
COMMAND: POST /session/44de10efc4dc00a5c1abc2b586cdc3c0/element/f.72C55597521039F7C14C7A07659E10C7.d.AA079974DD9CD6420ACA35DD54D69C96.e.627/click - {}
RESULT: {}
COMMAND: POST /session/44de10efc4dc00a5c1abc2b586cdc3c0/execute/async - {"script":"<script> [21 bytes]","args":[{"selector":{"id":"rfm.poolui::xRFMxCU_PoolObjectPage--fe::HeaderFacet::Form::FieldGroup::ProgramHeaderGP::DataField::ProgramPoolName::Field-content"},"wdio_ui5_key":"rfmpoolui::xRFMxCU_PoolObjectPage--fe::HeaderFacet::Form::FieldGroup::ProgramHeaderGP::DataField::ProgramPoolName::Field-content"}]}
COMMAND: GET /session/44de10efc4dc00a5c1abc2b586cdc3c0/screenshot - {}
RESULT: {"script":"<script> [21 bytes]","args":[{"selector":{"id":"rfm.poolui::xRFMxCU_PoolObjectPage--fe::HeaderFacet::Form::FieldGroup::ProgramHeaderGP::DataField::ProgramPoolName::Field-content"},"wdio_ui5_key":"rfmpoolui::xRFMxCU_PoolObjectPage--fe::HeaderFacet::Form::FieldGroup::ProgramHeaderGP::DataField::ProgramPoolName::Field-content"}]}
RESULT: undefined
COMMAND: POST /session/44de10efc4dc00a5c1abc2b586cdc3c0/execute/async - {"script":"<script> [21 bytes]","args":[{"element-6066-11e4-a52e-4f735466cecf":"f.72C55597521039F7C14C7A07659E10C7.d.AA079974DD9CD6420ACA35DD54D69C96.e.789"},"getText",[]]}
RESULT: {}
RESULT: {"script":"<script> [21 bytes]","args":[{"element-6066-11e4-a52e-4f735466cecf":"f.72C55597521039F7C14C7A07659E10C7.d.AA079974DD9CD6420ACA35DD54D69C96.e.789"},"getText",[]]}
COMMAND: GET /session/44de10efc4dc00a5c1abc2b586cdc3c0/screenshot - {}
]]></system-out>
    </testcase>
    <testcase classname="chrome.138_0_7204_169.windows.Funding_Program" name="Should navigate to Program and delete" time="24.693">
      <system-out><![CDATA[
COMMAND: POST /session/44de10efc4dc00a5c1abc2b586cdc3c0/execute/async - {"script":"<script> [21 bytes]","args":[{"selector":{"id":"backBtn"},"wdio_ui5_key":"backBtn"}]}
RESULT: {}
RESULT: {"script":"<script> [21 bytes]","args":[{"selector":{"id":"backBtn"},"wdio_ui5_key":"backBtn"}]}
RESULT: undefined
COMMAND: POST /session/44de10efc4dc00a5c1abc2b586cdc3c0/element - {"using":"xpath","value":"//*[@id=\"backBtn\"]"}
COMMAND: POST /session/44de10efc4dc00a5c1abc2b586cdc3c0/element - {"using":"xpath","value":"//*[@id=\"backBtn\"]"}
RESULT: {"using":"xpath","value":"//*[@id=\"backBtn\"]"}
COMMAND: POST /session/44de10efc4dc00a5c1abc2b586cdc3c0/element/f.72C55597521039F7C14C7A07659E10C7.d.AA079974DD9CD6420ACA35DD54D69C96.e.790/click - {}
RESULT: {"using":"xpath","value":"//*[@id=\"backBtn\"]"}
COMMAND: POST /session/44de10efc4dc00a5c1abc2b586cdc3c0/element/f.72C55597521039F7C14C7A07659E10C7.d.AA079974DD9CD6420ACA35DD54D69C96.e.790/click - {}
RESULT: {}
COMMAND: GET /session/44de10efc4dc00a5c1abc2b586cdc3c0/screenshot - {}
RESULT: {}
COMMAND: GET /session/44de10efc4dc00a5c1abc2b586cdc3c0/screenshot - {}
RESULT: {}
RESULT: {}
RESULT: undefined
COMMAND: POST /session/44de10efc4dc00a5c1abc2b586cdc3c0/execute/async - {"script":"<script> [20 bytes]","args":[{"enterText":"1351","selector":{"id":"rfm.programui::xRFMxCU_ProgramList--fe::FilterBar::xRFMxCU_Program::FilterField::ProgramId-inner","interaction":{"idSuffix":"inner"}},"clearTextFirst":true,"interactionType":"ENTER_TEXT"}]}
RESULT: {"script":"<script> [20 bytes]","args":[{"enterText":"1351","selector":{"id":"rfm.programui::xRFMxCU_ProgramList--fe::FilterBar::xRFMxCU_Program::FilterField::ProgramId-inner","interaction":{"idSuffix":"inner"}},"clearTextFirst":true,"interactionType":"ENTER_TEXT"}]}
RESULT: undefined
COMMAND: POST /session/44de10efc4dc00a5c1abc2b586cdc3c0/element - {"using":"xpath","value":"//*[@id=\"rfm.programui::xRFMxCU_ProgramList--fe::FilterBar::xRFMxCU_Program-btnSearch\"]"}
RESULT: {"using":"xpath","value":"//*[@id=\"rfm.programui::xRFMxCU_ProgramList--fe::FilterBar::xRFMxCU_Program-btnSearch\"]"}
COMMAND: POST /session/44de10efc4dc00a5c1abc2b586cdc3c0/element/f.72C55597521039F7C14C7A07659E10C7.d.AA079974DD9CD6420ACA35DD54D69C96.e.1000/click - {}
RESULT: {}
COMMAND: POST /session/44de10efc4dc00a5c1abc2b586cdc3c0/element - {"using":"css selector","value":"div[id='rfm.programui::xRFMxCU_ProgramList--fe::table::allTab::LineItem-innerTable-rowsel0']"}
COMMAND: GET /session/44de10efc4dc00a5c1abc2b586cdc3c0/screenshot - {}
RESULT: {"using":"css selector","value":"div[id='rfm.programui::xRFMxCU_ProgramList--fe::table::allTab::LineItem-innerTable-rowsel0']"}
COMMAND: POST /session/44de10efc4dc00a5c1abc2b586cdc3c0/element/f.72C55597521039F7C14C7A07659E10C7.d.AA079974DD9CD6420ACA35DD54D69C96.e.1013/click - {}
RESULT: {}
RESULT: {}
COMMAND: POST /session/44de10efc4dc00a5c1abc2b586cdc3c0/execute/async - {"script":"<script> [21 bytes]","args":[{"selector":{"id":"rfm.programui::xRFMxCU_ProgramList--fe::table::allTab::LineItem::StandardAction::Delete","interaction":{"idSuffix":"content"}},"wdio_ui5_key":"rfmprogramui::xRFMxCU_ProgramList--fe::table::allTab::LineItem::StandardAction::Delete"}]}
COMMAND: GET /session/44de10efc4dc00a5c1abc2b586cdc3c0/screenshot - {}
RESULT: {"script":"<script> [21 bytes]","args":[{"selector":{"id":"rfm.programui::xRFMxCU_ProgramList--fe::table::allTab::LineItem::StandardAction::Delete","interaction":{"idSuffix":"content"}},"wdio_ui5_key":"rfmprogramui::xRFMxCU_ProgramList--fe::table::allTab::LineItem::StandardAction::Delete"}]}
RESULT: undefined
COMMAND: POST /session/44de10efc4dc00a5c1abc2b586cdc3c0/element - {"using":"xpath","value":"//*[@id=\"rfm.programui::xRFMxCU_ProgramList--fe::table::allTab::LineItem::StandardAction::Delete\"]"}
RESULT: {}
RESULT: {"using":"xpath","value":"//*[@id=\"rfm.programui::xRFMxCU_ProgramList--fe::table::allTab::LineItem::StandardAction::Delete\"]"}
COMMAND: POST /session/44de10efc4dc00a5c1abc2b586cdc3c0/element/f.72C55597521039F7C14C7A07659E10C7.d.AA079974DD9CD6420ACA35DD54D69C96.e.972/click - {}
RESULT: {}
COMMAND: POST /session/44de10efc4dc00a5c1abc2b586cdc3c0/execute/async - {"script":"<script> [21 bytes]","args":[{"selector":{"controlType":"sap.m.Button","properties":{"text":"Delete"},"searchOpenDialogs":true,"interaction":{"idSuffix":"BDI-content"}},"wdio_ui5_key":"sapm.Button{\"text\":\"Delete\"}"}]}
COMMAND: GET /session/44de10efc4dc00a5c1abc2b586cdc3c0/screenshot - {}
RESULT: {"script":"<script> [21 bytes]","args":[{"selector":{"controlType":"sap.m.Button","properties":{"text":"Delete"},"searchOpenDialogs":true,"interaction":{"idSuffix":"BDI-content"}},"wdio_ui5_key":"sapm.Button{\"text\":\"Delete\"}"}]}
RESULT: undefined
COMMAND: POST /session/44de10efc4dc00a5c1abc2b586cdc3c0/element - {"using":"xpath","value":"//*[@id=\"__button242\"]"}
RESULT: {}
RESULT: {"using":"xpath","value":"//*[@id=\"__button242\"]"}
COMMAND: POST /session/44de10efc4dc00a5c1abc2b586cdc3c0/element/f.72C55597521039F7C14C7A07659E10C7.d.AA079974DD9CD6420ACA35DD54D69C96.e.1038/click - {}
RESULT: {}
COMMAND: GET /session/44de10efc4dc00a5c1abc2b586cdc3c0/screenshot - {}
COMMAND: POST /session/44de10efc4dc00a5c1abc2b586cdc3c0/execute/async - {"script":"<script> [21 bytes]","args":[{"selector":{"controlType":"sap.m.Title","viewName":"sap.fe.templates.ListReport.ListReport","viewId":"rfm.programui::xRFMxCU_ProgramList","properties":{"text":"No data found"}},"wdio_ui5_key":"sapfe.templates.ListReport.ListReportsap.m.Title{\"text\":\"No data found\"}"}]}
RESULT: {}
RESULT: {"script":"<script> [21 bytes]","args":[{"selector":{"controlType":"sap.m.Title","viewName":"sap.fe.templates.ListReport.ListReport","viewId":"rfm.programui::xRFMxCU_ProgramList","properties":{"text":"No data found"}},"wdio_ui5_key":"sapfe.templates.ListReport.ListReportsap.m.Title{\"text\":\"No data found\"}"}]}
RESULT: undefined
COMMAND: POST /session/44de10efc4dc00a5c1abc2b586cdc3c0/execute/async - {"script":"<script> [21 bytes]","args":[{"element-6066-11e4-a52e-4f735466cecf":"f.72C55597521039F7C14C7A07659E10C7.d.AA079974DD9CD6420ACA35DD54D69C96.e.1079"},"getText",[]]}
RESULT: {"script":"<script> [21 bytes]","args":[{"element-6066-11e4-a52e-4f735466cecf":"f.72C55597521039F7C14C7A07659E10C7.d.AA079974DD9CD6420ACA35DD54D69C96.e.1079"},"getText",[]]}
COMMAND: GET /session/44de10efc4dc00a5c1abc2b586cdc3c0/screenshot - {}
COMMAND: DELETE /session/44de10efc4dc00a5c1abc2b586cdc3c0 - {}
RESULT: {}
RESULT: {}
]]></system-out>
    </testcase>
  </testsuite>
</testsuites>