<?xml version="1.0" encoding="UTF-8"?>
<testsuites tests="3" failures="0" errors="0" skipped="0">
  <testsuite timestamp="2025-10-06T22:03:17" time="152.868" tests="3" failures="0" errors="0" skipped="0">
    <properties>
      <property name="specId" value="0"/>
      <property name="suiteName" value="Sanity Tests"/>
      <property name="capabilities" value="chrome.140_0_7339_208.windows"/>
      <property name="file" value="file:///D:/a/1/s/test/specs/General/sanity.spec.js"/>
    </properties>
    <testcase classname="chrome.140_0_7339_208.windows.Sanity_Tests" name="Should open Funding Asset page" time="38.765">
      <system-out><![CDATA[
COMMAND: POST /session/a3fb825ea0bf37e7be3ceb2307ae80c1/execute/async - {"script":"<script> [21 bytes]","args":[{"selector":{"controlType":"sap.m.GenericTile","properties":{"header":"Funding Asset"}},"wdio_ui5_key":"sapm.GenericTile{\"header\":\"Funding Asset\"}"}]}
RESULT: {"script":"<script> [21 bytes]","args":[{"selector":{"controlType":"sap.m.GenericTile","properties":{"header":"Funding Asset"}},"wdio_ui5_key":"sapm.GenericTile{\"header\":\"Funding Asset\"}"}]}
RESULT: undefined
COMMAND: POST /session/a3fb825ea0bf37e7be3ceb2307ae80c1/element - {"using":"xpath","value":"//*[@id=\"__tile51\"]"}
RESULT: {"using":"xpath","value":"//*[@id=\"__tile51\"]"}
COMMAND: POST /session/a3fb825ea0bf37e7be3ceb2307ae80c1/element/f.0DB0A7FBC5E225CCCD279681F2C6BA05.d.C40474E8D17D5708DD081F45A191C789.e.68/click - {}
RESULT: {}
COMMAND: GET /session/a3fb825ea0bf37e7be3ceb2307ae80c1/screenshot - {}
RESULT: {}
RESULT: undefined
COMMAND: POST /session/a3fb825ea0bf37e7be3ceb2307ae80c1/element - {"using":"xpath","value":"//*[@id=\"__tile51\"]"}
RESULT: {"using":"xpath","value":"//*[@id=\"__tile51\"]"}
COMMAND: POST /session/a3fb825ea0bf37e7be3ceb2307ae80c1/element/f.0DB0A7FBC5E225CCCD279681F2C6BA05.d.C40474E8D17D5708DD081F45A191C789.e.68/click - {}
RESULT: undefined
COMMAND: POST /session/a3fb825ea0bf37e7be3ceb2307ae80c1/element - {"using":"xpath","value":"//*[@id=\"__tile51\"]"}
RESULT: {"using":"xpath","value":"//*[@id=\"__tile51\"]"}
COMMAND: POST /session/a3fb825ea0bf37e7be3ceb2307ae80c1/element/f.0DB0A7FBC5E225CCCD279681F2C6BA05.d.C40474E8D17D5708DD081F45A191C789.e.68/click - {}
COMMAND: POST /session/a3fb825ea0bf37e7be3ceb2307ae80c1/execute/async - {"script":"<script> [21 bytes]","args":[{"selector":{"id":"shellAppTitle"},"wdio_ui5_key":"shellAppTitle"}]}
RESULT: {"script":"<script> [21 bytes]","args":[{"selector":{"id":"shellAppTitle"},"wdio_ui5_key":"shellAppTitle"}]}
RESULT: undefined
COMMAND: POST /session/a3fb825ea0bf37e7be3ceb2307ae80c1/execute/async - {"script":"<script> [21 bytes]","args":[{"element-6066-11e4-a52e-4f735466cecf":"f.0DB0A7FBC5E225CCCD279681F2C6BA05.d.C40474E8D17D5708DD081F45A191C789.e.212"},"getTitle",[]]}
RESULT: {"script":"<script> [21 bytes]","args":[{"element-6066-11e4-a52e-4f735466cecf":"f.0DB0A7FBC5E225CCCD279681F2C6BA05.d.C40474E8D17D5708DD081F45A191C789.e.212"},"getTitle",[]]}
COMMAND: POST /session/a3fb825ea0bf37e7be3ceb2307ae80c1/execute/async - {"script":"<script> [21 bytes]","args":[{"selector":{"id":"backBtn"},"wdio_ui5_key":"backBtn"}]}
RESULT: {"script":"<script> [21 bytes]","args":[{"selector":{"id":"backBtn"},"wdio_ui5_key":"backBtn"}]}
RESULT: undefined
COMMAND: POST /session/a3fb825ea0bf37e7be3ceb2307ae80c1/element - {"using":"xpath","value":"//*[@id=\"backBtn\"]"}
RESULT: {"using":"xpath","value":"//*[@id=\"backBtn\"]"}
COMMAND: POST /session/a3fb825ea0bf37e7be3ceb2307ae80c1/element/f.0DB0A7FBC5E225CCCD279681F2C6BA05.d.C40474E8D17D5708DD081F45A191C789.e.213/click - {}
RESULT: {}
COMMAND: GET /session/a3fb825ea0bf37e7be3ceb2307ae80c1/screenshot - {}
RESULT: {}
COMMAND: GET /session/a3fb825ea0bf37e7be3ceb2307ae80c1/screenshot - {}
]]></system-out>
    </testcase>
    <testcase classname="chrome.140_0_7339_208.windows.Sanity_Tests" name="Should open Funding Debtor page" time="25.459">
      <system-out><![CDATA[
COMMAND: POST /session/a3fb825ea0bf37e7be3ceb2307ae80c1/execute/async - {"script":"<script> [21 bytes]","args":[{"selector":{"controlType":"sap.m.GenericTile","properties":{"header":"Funding Debtor"}},"wdio_ui5_key":"sapm.GenericTile{\"header\":\"Funding Debtor\"}"}]}
RESULT: {}
RESULT: {"script":"<script> [21 bytes]","args":[{"selector":{"controlType":"sap.m.GenericTile","properties":{"header":"Funding Debtor"}},"wdio_ui5_key":"sapm.GenericTile{\"header\":\"Funding Debtor\"}"}]}
RESULT: undefined
COMMAND: POST /session/a3fb825ea0bf37e7be3ceb2307ae80c1/element - {"using":"xpath","value":"//*[@id=\"__tile52\"]"}
RESULT: {"using":"xpath","value":"//*[@id=\"__tile52\"]"}
COMMAND: POST /session/a3fb825ea0bf37e7be3ceb2307ae80c1/element/f.0DB0A7FBC5E225CCCD279681F2C6BA05.d.C40474E8D17D5708DD081F45A191C789.e.218/click - {}
RESULT: {}
COMMAND: GET /session/a3fb825ea0bf37e7be3ceb2307ae80c1/screenshot - {}
RESULT: {}
RESULT: undefined
COMMAND: POST /session/a3fb825ea0bf37e7be3ceb2307ae80c1/element - {"using":"xpath","value":"//*[@id=\"__tile52\"]"}
RESULT: {"using":"xpath","value":"//*[@id=\"__tile52\"]"}
COMMAND: POST /session/a3fb825ea0bf37e7be3ceb2307ae80c1/element/f.0DB0A7FBC5E225CCCD279681F2C6BA05.d.C40474E8D17D5708DD081F45A191C789.e.307/click - {}
RESULT: undefined
COMMAND: POST /session/a3fb825ea0bf37e7be3ceb2307ae80c1/element - {"using":"xpath","value":"//*[@id=\"__tile52\"]"}
RESULT: {"using":"xpath","value":"//*[@id=\"__tile52\"]"}
COMMAND: POST /session/a3fb825ea0bf37e7be3ceb2307ae80c1/element/f.0DB0A7FBC5E225CCCD279681F2C6BA05.d.C40474E8D17D5708DD081F45A191C789.e.307/click - {}
RESULT: undefined
COMMAND: POST /session/a3fb825ea0bf37e7be3ceb2307ae80c1/execute/async - {"script":"<script> [21 bytes]","args":[{"element-6066-11e4-a52e-4f735466cecf":"f.0DB0A7FBC5E225CCCD279681F2C6BA05.d.C40474E8D17D5708DD081F45A191C789.e.212"},"getTitle",[]]}
RESULT: {"script":"<script> [21 bytes]","args":[{"element-6066-11e4-a52e-4f735466cecf":"f.0DB0A7FBC5E225CCCD279681F2C6BA05.d.C40474E8D17D5708DD081F45A191C789.e.212"},"getTitle",[]]}
RESULT: undefined
COMMAND: POST /session/a3fb825ea0bf37e7be3ceb2307ae80c1/element/f.0DB0A7FBC5E225CCCD279681F2C6BA05.d.C40474E8D17D5708DD081F45A191C789.e.213/click - {}
RESULT: {}
COMMAND: GET /session/a3fb825ea0bf37e7be3ceb2307ae80c1/screenshot - {}
RESULT: {}
COMMAND: GET /session/a3fb825ea0bf37e7be3ceb2307ae80c1/screenshot - {}
]]></system-out>
    </testcase>
    <testcase classname="chrome.140_0_7339_208.windows.Sanity_Tests" name="Should open Asset Warehouse page" time="28.014">
      <system-out><![CDATA[
COMMAND: POST /session/a3fb825ea0bf37e7be3ceb2307ae80c1/execute/async - {"script":"<script> [21 bytes]","args":[{"selector":{"controlType":"sap.m.GenericTile","properties":{"header":"Asset Warehouse"}},"wdio_ui5_key":"sapm.GenericTile{\"header\":\"Asset Warehouse\"}"}]}
RESULT: {}
RESULT: {"script":"<script> [21 bytes]","args":[{"selector":{"controlType":"sap.m.GenericTile","properties":{"header":"Asset Warehouse"}},"wdio_ui5_key":"sapm.GenericTile{\"header\":\"Asset Warehouse\"}"}]}
RESULT: undefined
COMMAND: POST /session/a3fb825ea0bf37e7be3ceb2307ae80c1/element - {"using":"xpath","value":"//*[@id=\"__tile53\"]"}
RESULT: {"using":"xpath","value":"//*[@id=\"__tile53\"]"}
COMMAND: POST /session/a3fb825ea0bf37e7be3ceb2307ae80c1/element/f.0DB0A7FBC5E225CCCD279681F2C6BA05.d.C40474E8D17D5708DD081F45A191C789.e.312/click - {}
RESULT: {}
COMMAND: GET /session/a3fb825ea0bf37e7be3ceb2307ae80c1/screenshot - {}
RESULT: {}
RESULT: undefined
COMMAND: POST /session/a3fb825ea0bf37e7be3ceb2307ae80c1/element - {"using":"xpath","value":"//*[@id=\"__tile53\"]"}
RESULT: {"using":"xpath","value":"//*[@id=\"__tile53\"]"}
COMMAND: POST /session/a3fb825ea0bf37e7be3ceb2307ae80c1/element/f.0DB0A7FBC5E225CCCD279681F2C6BA05.d.C40474E8D17D5708DD081F45A191C789.e.314/click - {}
RESULT: undefined
COMMAND: POST /session/a3fb825ea0bf37e7be3ceb2307ae80c1/element - {"using":"xpath","value":"//*[@id=\"__tile53\"]"}
RESULT: {"using":"xpath","value":"//*[@id=\"__tile53\"]"}
COMMAND: POST /session/a3fb825ea0bf37e7be3ceb2307ae80c1/element/f.0DB0A7FBC5E225CCCD279681F2C6BA05.d.C40474E8D17D5708DD081F45A191C789.e.314/click - {}
RESULT: undefined
COMMAND: POST /session/a3fb825ea0bf37e7be3ceb2307ae80c1/execute/async - {"script":"<script> [21 bytes]","args":[{"element-6066-11e4-a52e-4f735466cecf":"f.0DB0A7FBC5E225CCCD279681F2C6BA05.d.C40474E8D17D5708DD081F45A191C789.e.212"},"getTitle",[]]}
RESULT: {"script":"<script> [21 bytes]","args":[{"element-6066-11e4-a52e-4f735466cecf":"f.0DB0A7FBC5E225CCCD279681F2C6BA05.d.C40474E8D17D5708DD081F45A191C789.e.212"},"getTitle",[]]}
RESULT: undefined
COMMAND: POST /session/a3fb825ea0bf37e7be3ceb2307ae80c1/element/f.0DB0A7FBC5E225CCCD279681F2C6BA05.d.C40474E8D17D5708DD081F45A191C789.e.213/click - {}
COMMAND: POST /session/a3fb825ea0bf37e7be3ceb2307ae80c1/element - {"using":"xpath","value":"//*[@id=\"backBtn\"]"}
RESULT: {"using":"xpath","value":"//*[@id=\"backBtn\"]"}
COMMAND: POST /session/a3fb825ea0bf37e7be3ceb2307ae80c1/element/f.0DB0A7FBC5E225CCCD279681F2C6BA05.d.C40474E8D17D5708DD081F45A191C789.e.213/click - {}
COMMAND: POST /session/a3fb825ea0bf37e7be3ceb2307ae80c1/element - {"using":"xpath","value":"//*[@id=\"backBtn\"]"}
RESULT: {"using":"xpath","value":"//*[@id=\"backBtn\"]"}
COMMAND: POST /session/a3fb825ea0bf37e7be3ceb2307ae80c1/element/f.0DB0A7FBC5E225CCCD279681F2C6BA05.d.C40474E8D17D5708DD081F45A191C789.e.378/click - {}
RESULT: {}
COMMAND: GET /session/a3fb825ea0bf37e7be3ceb2307ae80c1/screenshot - {}
RESULT: {}
COMMAND: GET /session/a3fb825ea0bf37e7be3ceb2307ae80c1/screenshot - {}
COMMAND: DELETE /session/a3fb825ea0bf37e7be3ceb2307ae80c1 - {}
RESULT: {}
RESULT: {}
]]></system-out>
    </testcase>
  </testsuite>
</testsuites>