<?xml version="1.0" encoding="UTF-8"?>
<testsuites tests="7" failures="0" errors="0" skipped="0">
  <testsuite timestamp="2025-08-05T00:18:49" time="216.403" tests="7" failures="0" errors="0" skipped="0">
    <properties>
      <property name="specId" value="0"/>
      <property name="suiteName" value="Selection Rules"/>
      <property name="capabilities" value="chrome.138_0_7204_169.windows"/>
      <property name="file" value="file:///D:/a/1/s/test/specs/BusinessObjects/SelectionRules.spec.js"/>
    </properties>
    <testcase classname="chrome.138_0_7204_169.windows.Selection_Rules" name="Should create Program" time="75.372">
      <system-out><![CDATA[
COMMAND: POST /session/aa0351c8e555b619c84935239d167455/execute/async - {"script":"<script> [21 bytes]","args":[{"selector":{"controlType":"sap.m.GenericTile","properties":{"header":"Funding Program"}},"wdio_ui5_key":"sapm.GenericTile{\"header\":\"Funding Program\"}"}]}
RESULT: {"script":"<script> [21 bytes]","args":[{"selector":{"controlType":"sap.m.GenericTile","properties":{"header":"Funding Program"}},"wdio_ui5_key":"sapm.GenericTile{\"header\":\"Funding Program\"}"}]}
RESULT: undefined
COMMAND: POST /session/aa0351c8e555b619c84935239d167455/element - {"using":"xpath","value":"//*[@id=\"__tile29\"]"}
RESULT: {"using":"xpath","value":"//*[@id=\"__tile29\"]"}
COMMAND: POST /session/aa0351c8e555b619c84935239d167455/element/f.215DAA1011DB20A6A827E7FB81526F1A.d.6ABD1557629A50659E65147E7CDA8109.e.79/click - {}
RESULT: {}
COMMAND: POST /session/aa0351c8e555b619c84935239d167455/execute/async - {"script":"<script> [21 bytes]","args":[{"selector":{"id":"rfm.programui::xRFMxCU_ProgramList--fe::table::allTab::LineItem::StandardAction::Create","controlType":"sap.m.Button"},"wdio_ui5_key":"rfmprogramui::xRFMxCU_ProgramList--fe::table::allTab::LineItem::StandardAction::Createsap.m.Button"}]}
COMMAND: GET /session/aa0351c8e555b619c84935239d167455/screenshot - {}
RESULT: {"script":"<script> [21 bytes]","args":[{"selector":{"id":"rfm.programui::xRFMxCU_ProgramList--fe::table::allTab::LineItem::StandardAction::Create","controlType":"sap.m.Button"},"wdio_ui5_key":"rfmprogramui::xRFMxCU_ProgramList--fe::table::allTab::LineItem::StandardAction::Createsap.m.Button"}]}
RESULT: undefined
COMMAND: POST /session/aa0351c8e555b619c84935239d167455/element - {"using":"xpath","value":"//*[@id=\"rfm.programui::xRFMxCU_ProgramList--fe::table::allTab::LineItem::StandardAction::Create\"]"}
RESULT: {}
RESULT: {"using":"xpath","value":"//*[@id=\"rfm.programui::xRFMxCU_ProgramList--fe::table::allTab::LineItem::StandardAction::Create\"]"}
COMMAND: POST /session/aa0351c8e555b619c84935239d167455/element/f.215DAA1011DB20A6A827E7FB81526F1A.d.6ABD1557629A50659E65147E7CDA8109.e.144/click - {}
RESULT: {}
COMMAND: POST /session/aa0351c8e555b619c84935239d167455/execute/async - {"script":"<script> [21 bytes]","args":[{"selector":{"id":"CreateDialog::xRFMxCU_ProgramType::FundingScope-inner","searchOpenDialogs":true,"interaction":{"idSuffix":"inner"}},"wdio_ui5_key":"CreateDialogxRFMxCU_ProgramType::FundingScope-inner"}]}
COMMAND: GET /session/aa0351c8e555b619c84935239d167455/screenshot - {}
RESULT: {"script":"<script> [21 bytes]","args":[{"selector":{"id":"CreateDialog::xRFMxCU_ProgramType::FundingScope-inner","searchOpenDialogs":true,"interaction":{"idSuffix":"inner"}},"wdio_ui5_key":"CreateDialogxRFMxCU_ProgramType::FundingScope-inner"}]}
RESULT: undefined
COMMAND: POST /session/aa0351c8e555b619c84935239d167455/execute/async - {"script":"<script> [20 bytes]","args":[{"enterText":"Installment","selector":{"id":"CreateDialog::xRFMxCU_ProgramType::FundingScope-inner","searchOpenDialogs":true,"interaction":{"idSuffix":"inner"}},"clearTextFirst":true,"interactionType":"ENTER_TEXT"}]}
RESULT: {}
RESULT: {"script":"<script> [20 bytes]","args":[{"enterText":"Installment","selector":{"id":"CreateDialog::xRFMxCU_ProgramType::FundingScope-inner","searchOpenDialogs":true,"interaction":{"idSuffix":"inner"}},"clearTextFirst":true,"interactionType":"ENTER_TEXT"}]}
COMMAND: POST /session/aa0351c8e555b619c84935239d167455/execute/async - {"script":"<script> [21 bytes]","args":[{"selector":{"id":"CreateDialog::xRFMxCU_ProgramType::ValidFrom-inner","searchOpenDialogs":true,"interaction":{"idSuffix":"inner"}},"wdio_ui5_key":"CreateDialogxRFMxCU_ProgramType::ValidFrom-inner"}]}
RESULT: {"script":"<script> [21 bytes]","args":[{"selector":{"id":"CreateDialog::xRFMxCU_ProgramType::ValidFrom-inner","searchOpenDialogs":true,"interaction":{"idSuffix":"inner"}},"wdio_ui5_key":"CreateDialogxRFMxCU_ProgramType::ValidFrom-inner"}]}
RESULT: undefined
COMMAND: POST /session/aa0351c8e555b619c84935239d167455/execute/async - {"script":"<script> [21 bytes]","args":[{"element-6066-11e4-a52e-4f735466cecf":"f.215DAA1011DB20A6A827E7FB81526F1A.d.6ABD1557629A50659E65147E7CDA8109.e.291"},"setValue",["2025-01-01"]]}
RESULT: {"script":"<script> [21 bytes]","args":[{"element-6066-11e4-a52e-4f735466cecf":"f.215DAA1011DB20A6A827E7FB81526F1A.d.6ABD1557629A50659E65147E7CDA8109.e.291"},"setValue",["2025-01-01"]]}
COMMAND: POST /session/aa0351c8e555b619c84935239d167455/execute/async - {"script":"<script> [21 bytes]","args":[{"selector":{"id":"CreateDialog::xRFMxCU_ProgramType::PortfolioId-inner","searchOpenDialogs":true,"interaction":{"idSuffix":"inner"}},"wdio_ui5_key":"CreateDialogxRFMxCU_ProgramType::PortfolioId-inner"}]}
RESULT: {"script":"<script> [21 bytes]","args":[{"selector":{"id":"CreateDialog::xRFMxCU_ProgramType::PortfolioId-inner","searchOpenDialogs":true,"interaction":{"idSuffix":"inner"}},"wdio_ui5_key":"CreateDialogxRFMxCU_ProgramType::PortfolioId-inner"}]}
RESULT: undefined
COMMAND: POST /session/aa0351c8e555b619c84935239d167455/execute/async - {"script":"<script> [20 bytes]","args":[{"enterText":"1","selector":{"id":"CreateDialog::xRFMxCU_ProgramType::PortfolioId-inner","searchOpenDialogs":true,"interaction":{"idSuffix":"inner"}},"clearTextFirst":true,"interactionType":"ENTER_TEXT"}]}
RESULT: {"script":"<script> [20 bytes]","args":[{"enterText":"1","selector":{"id":"CreateDialog::xRFMxCU_ProgramType::PortfolioId-inner","searchOpenDialogs":true,"interaction":{"idSuffix":"inner"}},"clearTextFirst":true,"interactionType":"ENTER_TEXT"}]}
COMMAND: POST /session/aa0351c8e555b619c84935239d167455/execute/async - {"script":"<script> [21 bytes]","args":[{"selector":{"controlType":"sap.m.Button","viewName":"sap.fe.templates.ObjectPage.ObjectPage","viewId":"rfm.programui::xRFMxCU_ProgramObjectPage","properties":{"text":"Continue"},"searchOpenDialogs":true,"interaction":{"idSuffix":"BDI-content"}},"wdio_ui5_key":"sapfe.templates.ObjectPage.ObjectPagesap.m.Button{\"text\":\"Continue\"}"}]}
RESULT: {"script":"<script> [21 bytes]","args":[{"selector":{"controlType":"sap.m.Button","viewName":"sap.fe.templates.ObjectPage.ObjectPage","viewId":"rfm.programui::xRFMxCU_ProgramObjectPage","properties":{"text":"Continue"},"searchOpenDialogs":true,"interaction":{"idSuffix":"BDI-content"}},"wdio_ui5_key":"sapfe.templates.ObjectPage.ObjectPagesap.m.Button{\"text\":\"Continue\"}"}]}
RESULT: undefined
COMMAND: POST /session/aa0351c8e555b619c84935239d167455/element - {"using":"xpath","value":"//*[@id=\"__button187\"]"}
RESULT: {"using":"xpath","value":"//*[@id=\"__button187\"]"}
COMMAND: POST /session/aa0351c8e555b619c84935239d167455/element/f.215DAA1011DB20A6A827E7FB81526F1A.d.6ABD1557629A50659E65147E7CDA8109.e.301/click - {}
RESULT: {}
COMMAND: POST /session/aa0351c8e555b619c84935239d167455/execute/async - {"script":"<script> [21 bytes]","args":[{"selector":{"id":"rfm.programui::xRFMxCU_ProgramObjectPage--fe::CustomSubSection::CustomDetailsSection--fe::FormContainer::FieldGroup::basicData1::FormElement::DataField::Currency::Field-edit-inner","interaction":{"idSuffix":"inner"}},"wdio_ui5_key":"rfmprogramui::xRFMxCU_ProgramObjectPage--fe::CustomSubSection::CustomDetailsSection--fe::FormContainer::FieldGroup::basicData1::FormElement::DataField::Currency::Field-edit-inner"}]}
COMMAND: GET /session/aa0351c8e555b619c84935239d167455/screenshot - {}
RESULT: {"script":"<script> [21 bytes]","args":[{"selector":{"id":"rfm.programui::xRFMxCU_ProgramObjectPage--fe::CustomSubSection::CustomDetailsSection--fe::FormContainer::FieldGroup::basicData1::FormElement::DataField::Currency::Field-edit-inner","interaction":{"idSuffix":"inner"}},"wdio_ui5_key":"rfmprogramui::xRFMxCU_ProgramObjectPage--fe::CustomSubSection::CustomDetailsSection--fe::FormContainer::FieldGroup::basicData1::FormElement::DataField::Currency::Field-edit-inner"}]}
RESULT: undefined
COMMAND: POST /session/aa0351c8e555b619c84935239d167455/execute/async - {"script":"<script> [20 bytes]","args":[{"enterText":"EUR","selector":{"id":"rfm.programui::xRFMxCU_ProgramObjectPage--fe::CustomSubSection::CustomDetailsSection--fe::FormContainer::FieldGroup::basicData1::FormElement::DataField::Currency::Field-edit-inner","interaction":{"idSuffix":"inner"}},"clearTextFirst":true,"interactionType":"ENTER_TEXT"}]}
RESULT: {}
RESULT: {"script":"<script> [20 bytes]","args":[{"enterText":"EUR","selector":{"id":"rfm.programui::xRFMxCU_ProgramObjectPage--fe::CustomSubSection::CustomDetailsSection--fe::FormContainer::FieldGroup::basicData1::FormElement::DataField::Currency::Field-edit-inner","interaction":{"idSuffix":"inner"}},"clearTextFirst":true,"interactionType":"ENTER_TEXT"}]}
COMMAND: POST /session/aa0351c8e555b619c84935239d167455/execute/async - {"script":"<script> [21 bytes]","args":[{"selector":{"id":"rfm.programui::xRFMxCU_ProgramObjectPage--fe::CustomSubSection::CustomDetailsSection--fe::FormContainer::FieldGroup::basicData1::FormElement::DataField::Volume::Field-edit-inner","interaction":{"idSuffix":"inner"}},"wdio_ui5_key":"rfmprogramui::xRFMxCU_ProgramObjectPage--fe::CustomSubSection::CustomDetailsSection--fe::FormContainer::FieldGroup::basicData1::FormElement::DataField::Volume::Field-edit-inner"}]}
RESULT: {"script":"<script> [21 bytes]","args":[{"selector":{"id":"rfm.programui::xRFMxCU_ProgramObjectPage--fe::CustomSubSection::CustomDetailsSection--fe::FormContainer::FieldGroup::basicData1::FormElement::DataField::Volume::Field-edit-inner","interaction":{"idSuffix":"inner"}},"wdio_ui5_key":"rfmprogramui::xRFMxCU_ProgramObjectPage--fe::CustomSubSection::CustomDetailsSection--fe::FormContainer::FieldGroup::basicData1::FormElement::DataField::Volume::Field-edit-inner"}]}
RESULT: undefined
COMMAND: POST /session/aa0351c8e555b619c84935239d167455/execute/async - {"script":"<script> [20 bytes]","args":[{"enterText":"1,000,000,000.00","selector":{"id":"rfm.programui::xRFMxCU_ProgramObjectPage--fe::CustomSubSection::CustomDetailsSection--fe::FormContainer::FieldGroup::basicData1::FormElement::DataField::Volume::Field-edit-inner","interaction":{"idSuffix":"inner"}},"clearTextFirst":true,"interactionType":"ENTER_TEXT"}]}
RESULT: {"script":"<script> [20 bytes]","args":[{"enterText":"1,000,000,000.00","selector":{"id":"rfm.programui::xRFMxCU_ProgramObjectPage--fe::CustomSubSection::CustomDetailsSection--fe::FormContainer::FieldGroup::basicData1::FormElement::DataField::Volume::Field-edit-inner","interaction":{"idSuffix":"inner"}},"clearTextFirst":true,"interactionType":"ENTER_TEXT"}]}
COMMAND: POST /session/aa0351c8e555b619c84935239d167455/execute/async - {"script":"<script> [21 bytes]","args":[{"selector":{"id":"rfm.programui::xRFMxCU_ProgramObjectPage--fe::CustomSubSection::CustomDetailsSection--fe::FormContainer::FieldGroup::basicData1::FormElement::DataField::ValidTo::Field-edit","interaction":{"idSuffix":"inner"}},"wdio_ui5_key":"rfmprogramui::xRFMxCU_ProgramObjectPage--fe::CustomSubSection::CustomDetailsSection--fe::FormContainer::FieldGroup::basicData1::FormElement::DataField::ValidTo::Field-edit"}]}
RESULT: {"script":"<script> [21 bytes]","args":[{"selector":{"id":"rfm.programui::xRFMxCU_ProgramObjectPage--fe::CustomSubSection::CustomDetailsSection--fe::FormContainer::FieldGroup::basicData1::FormElement::DataField::ValidTo::Field-edit","interaction":{"idSuffix":"inner"}},"wdio_ui5_key":"rfmprogramui::xRFMxCU_ProgramObjectPage--fe::CustomSubSection::CustomDetailsSection--fe::FormContainer::FieldGroup::basicData1::FormElement::DataField::ValidTo::Field-edit"}]}
RESULT: undefined
COMMAND: POST /session/aa0351c8e555b619c84935239d167455/execute/async - {"script":"<script> [21 bytes]","args":[{"element-6066-11e4-a52e-4f735466cecf":"f.215DAA1011DB20A6A827E7FB81526F1A.d.6ABD1557629A50659E65147E7CDA8109.e.340"},"setValue",["2027-12-31"]]}
RESULT: {"script":"<script> [21 bytes]","args":[{"element-6066-11e4-a52e-4f735466cecf":"f.215DAA1011DB20A6A827E7FB81526F1A.d.6ABD1557629A50659E65147E7CDA8109.e.340"},"setValue",["2027-12-31"]]}
COMMAND: POST /session/aa0351c8e555b619c84935239d167455/execute/async - {"script":"<script> [21 bytes]","args":[{"selector":{"id":"rfm.programui::xRFMxCU_ProgramObjectPage--fe::CustomSubSection::CustomDetailsSection--fe::FormContainer::FieldGroup::basicData2::FormElement::DataField::CompanyCode::Field-edit-inner","interaction":{"idSuffix":"inner"}},"wdio_ui5_key":"rfmprogramui::xRFMxCU_ProgramObjectPage--fe::CustomSubSection::CustomDetailsSection--fe::FormContainer::FieldGroup::basicData2::FormElement::DataField::CompanyCode::Field-edit-inner"}]}
RESULT: {"script":"<script> [21 bytes]","args":[{"selector":{"id":"rfm.programui::xRFMxCU_ProgramObjectPage--fe::CustomSubSection::CustomDetailsSection--fe::FormContainer::FieldGroup::basicData2::FormElement::DataField::CompanyCode::Field-edit-inner","interaction":{"idSuffix":"inner"}},"wdio_ui5_key":"rfmprogramui::xRFMxCU_ProgramObjectPage--fe::CustomSubSection::CustomDetailsSection--fe::FormContainer::FieldGroup::basicData2::FormElement::DataField::CompanyCode::Field-edit-inner"}]}
RESULT: undefined
COMMAND: POST /session/aa0351c8e555b619c84935239d167455/execute/async - {"script":"<script> [20 bytes]","args":[{"enterText":"BearingPoint (0001)","selector":{"id":"rfm.programui::xRFMxCU_ProgramObjectPage--fe::CustomSubSection::CustomDetailsSection--fe::FormContainer::FieldGroup::basicData2::FormElement::DataField::CompanyCode::Field-edit-inner","interaction":{"idSuffix":"inner"}},"clearTextFirst":true,"interactionType":"ENTER_TEXT"}]}
RESULT: {"script":"<script> [20 bytes]","args":[{"enterText":"BearingPoint (0001)","selector":{"id":"rfm.programui::xRFMxCU_ProgramObjectPage--fe::CustomSubSection::CustomDetailsSection--fe::FormContainer::FieldGroup::basicData2::FormElement::DataField::CompanyCode::Field-edit-inner","interaction":{"idSuffix":"inner"}},"clearTextFirst":true,"interactionType":"ENTER_TEXT"}]}
COMMAND: POST /session/aa0351c8e555b619c84935239d167455/execute/async - {"script":"<script> [21 bytes]","args":[{"selector":{"id":"rfm.programui::xRFMxCU_ProgramObjectPage--fe::CustomSubSection::CustomDetailsSection--DetailsFundingTypesTable-content::StandardAction::Create","interaction":{"idSuffix":"BDI-content"}},"wdio_ui5_key":"rfmprogramui::xRFMxCU_ProgramObjectPage--fe::CustomSubSection::CustomDetailsSection--DetailsFundingTypesTable-content::StandardAction::Create"}]}
RESULT: {"script":"<script> [21 bytes]","args":[{"selector":{"id":"rfm.programui::xRFMxCU_ProgramObjectPage--fe::CustomSubSection::CustomDetailsSection--DetailsFundingTypesTable-content::StandardAction::Create","interaction":{"idSuffix":"BDI-content"}},"wdio_ui5_key":"rfmprogramui::xRFMxCU_ProgramObjectPage--fe::CustomSubSection::CustomDetailsSection--DetailsFundingTypesTable-content::StandardAction::Create"}]}
RESULT: undefined
COMMAND: POST /session/aa0351c8e555b619c84935239d167455/element - {"using":"xpath","value":"//*[@id=\"rfm.programui::xRFMxCU_ProgramObjectPage--fe::CustomSubSection::CustomDetailsSection--DetailsFundingTypesTable-content::StandardAction::Create\"]"}
RESULT: {"using":"xpath","value":"//*[@id=\"rfm.programui::xRFMxCU_ProgramObjectPage--fe::CustomSubSection::CustomDetailsSection--DetailsFundingTypesTable-content::StandardAction::Create\"]"}
COMMAND: POST /session/aa0351c8e555b619c84935239d167455/element/f.215DAA1011DB20A6A827E7FB81526F1A.d.6ABD1557629A50659E65147E7CDA8109.e.351/click - {}
RESULT: {}
COMMAND: POST /session/aa0351c8e555b619c84935239d167455/execute/async - {"script":"<script> [21 bytes]","args":[{"selector":{"id":"CreateDialog::xRFMxCU_ProgramFundingTypeType::FundingType-inner","searchOpenDialogs":true,"interaction":{"idSuffix":"inner"}},"wdio_ui5_key":"CreateDialogxRFMxCU_ProgramFundingTypeType::FundingType-inner"}]}
COMMAND: GET /session/aa0351c8e555b619c84935239d167455/screenshot - {}
RESULT: {"script":"<script> [21 bytes]","args":[{"selector":{"id":"CreateDialog::xRFMxCU_ProgramFundingTypeType::FundingType-inner","searchOpenDialogs":true,"interaction":{"idSuffix":"inner"}},"wdio_ui5_key":"CreateDialogxRFMxCU_ProgramFundingTypeType::FundingType-inner"}]}
RESULT: undefined
COMMAND: POST /session/aa0351c8e555b619c84935239d167455/execute/async - {"script":"<script> [20 bytes]","args":[{"enterText":"30","selector":{"id":"CreateDialog::xRFMxCU_ProgramFundingTypeType::FundingType-inner","searchOpenDialogs":true,"interaction":{"idSuffix":"inner"}},"clearTextFirst":true,"interactionType":"ENTER_TEXT"}]}
RESULT: {}
RESULT: {"script":"<script> [20 bytes]","args":[{"enterText":"30","selector":{"id":"CreateDialog::xRFMxCU_ProgramFundingTypeType::FundingType-inner","searchOpenDialogs":true,"interaction":{"idSuffix":"inner"}},"clearTextFirst":true,"interactionType":"ENTER_TEXT"}]}
COMMAND: POST /session/aa0351c8e555b619c84935239d167455/execute/async - {"script":"<script> [21 bytes]","args":[{"selector":{"id":"CreateDialog::xRFMxCU_Program::_AllowedFundingType-footer","searchOpenDialogs":true},"wdio_ui5_key":"CreateDialogxRFMxCU_Program::_AllowedFundingType-footer"}]}
RESULT: {"script":"<script> [21 bytes]","args":[{"selector":{"id":"CreateDialog::xRFMxCU_Program::_AllowedFundingType-footer","searchOpenDialogs":true},"wdio_ui5_key":"CreateDialogxRFMxCU_Program::_AllowedFundingType-footer"}]}
RESULT: undefined
COMMAND: POST /session/aa0351c8e555b619c84935239d167455/element - {"using":"xpath","value":"//*[@id=\"CreateDialog::xRFMxCU_Program::_AllowedFundingType-footer\"]"}
RESULT: {"using":"xpath","value":"//*[@id=\"CreateDialog::xRFMxCU_Program::_AllowedFundingType-footer\"]"}
COMMAND: POST /session/aa0351c8e555b619c84935239d167455/element/f.215DAA1011DB20A6A827E7FB81526F1A.d.6ABD1557629A50659E65147E7CDA8109.e.499/click - {}
RESULT: {}
RESULT: undefined
COMMAND: POST /session/aa0351c8e555b619c84935239d167455/execute/async - {"script":"<script> [21 bytes]","args":[{"element-6066-11e4-a52e-4f735466cecf":"f.215DAA1011DB20A6A827E7FB81526F1A.d.6ABD1557629A50659E65147E7CDA8109.e.300"},"getEnabled",[]]}
COMMAND: GET /session/aa0351c8e555b619c84935239d167455/screenshot - {}
COMMAND: POST /session/aa0351c8e555b619c84935239d167455/execute/async - {"script":"<script> [21 bytes]","args":[{"selector":{"controlType":"sap.m.Button","viewName":"sap.fe.templates.ObjectPage.ObjectPage","viewId":"rfm.programui::xRFMxCU_ProgramObjectPage","properties":{"text":"Continue"},"searchOpenDialogs":true,"interaction":{"idSuffix":"BDI-content"}},"wdio_ui5_key":"sapfe.templates.ObjectPage.ObjectPagesap.m.Button{\"text\":\"Continue\"}"}]}
RESULT: {}
RESULT: {"script":"<script> [21 bytes]","args":[{"selector":{"controlType":"sap.m.Button","viewName":"sap.fe.templates.ObjectPage.ObjectPage","viewId":"rfm.programui::xRFMxCU_ProgramObjectPage","properties":{"text":"Continue"},"searchOpenDialogs":true,"interaction":{"idSuffix":"BDI-content"}},"wdio_ui5_key":"sapfe.templates.ObjectPage.ObjectPagesap.m.Button{\"text\":\"Continue\"}"}]}
COMMAND: POST /session/aa0351c8e555b619c84935239d167455/execute/async - {"script":"<script> [21 bytes]","args":[{"element-6066-11e4-a52e-4f735466cecf":"f.215DAA1011DB20A6A827E7FB81526F1A.d.6ABD1557629A50659E65147E7CDA8109.e.500"},"getEnabled",[]]}
RESULT: {"script":"<script> [21 bytes]","args":[{"element-6066-11e4-a52e-4f735466cecf":"f.215DAA1011DB20A6A827E7FB81526F1A.d.6ABD1557629A50659E65147E7CDA8109.e.500"},"getEnabled",[]]}
COMMAND: POST /session/aa0351c8e555b619c84935239d167455/execute/async - {"script":"<script> [21 bytes]","args":[{"element-6066-11e4-a52e-4f735466cecf":"f.215DAA1011DB20A6A827E7FB81526F1A.d.6ABD1557629A50659E65147E7CDA8109.e.300"},"getEnabled",[]]}
COMMAND: POST /session/aa0351c8e555b619c84935239d167455/execute/async - {"script":"<script> [21 bytes]","args":[{"selector":{"controlType":"sap.m.Button","viewName":"sap.fe.templates.ObjectPage.ObjectPage","viewId":"rfm.programui::xRFMxCU_ProgramObjectPage","properties":{"text":"Continue"},"searchOpenDialogs":true,"interaction":{"idSuffix":"BDI-content"}},"wdio_ui5_key":"sapfe.templates.ObjectPage.ObjectPagesap.m.Button{\"text\":\"Continue\"}"}]}
RESULT: {"script":"<script> [21 bytes]","args":[{"selector":{"controlType":"sap.m.Button","viewName":"sap.fe.templates.ObjectPage.ObjectPage","viewId":"rfm.programui::xRFMxCU_ProgramObjectPage","properties":{"text":"Continue"},"searchOpenDialogs":true,"interaction":{"idSuffix":"BDI-content"}},"wdio_ui5_key":"sapfe.templates.ObjectPage.ObjectPagesap.m.Button{\"text\":\"Continue\"}"}]}
COMMAND: POST /session/aa0351c8e555b619c84935239d167455/execute/async - {"script":"<script> [21 bytes]","args":[{"element-6066-11e4-a52e-4f735466cecf":"f.215DAA1011DB20A6A827E7FB81526F1A.d.6ABD1557629A50659E65147E7CDA8109.e.500"},"getEnabled",[]]}
RESULT: {"script":"<script> [21 bytes]","args":[{"element-6066-11e4-a52e-4f735466cecf":"f.215DAA1011DB20A6A827E7FB81526F1A.d.6ABD1557629A50659E65147E7CDA8109.e.500"},"getEnabled",[]]}
COMMAND: POST /session/aa0351c8e555b619c84935239d167455/element - {"using":"xpath","value":"//*[@id=\"__button199\"]"}
RESULT: {"using":"xpath","value":"//*[@id=\"__button199\"]"}
COMMAND: POST /session/aa0351c8e555b619c84935239d167455/element/f.215DAA1011DB20A6A827E7FB81526F1A.d.6ABD1557629A50659E65147E7CDA8109.e.501/click - {}
RESULT: {}
COMMAND: POST /session/aa0351c8e555b619c84935239d167455/execute/async - {"script":"<script> [21 bytes]","args":[{"selector":{"id":"rfm.programui::xRFMxCU_Program__AllowedFundingTypeObjectPage--fe::FooterBar::StandardAction::Apply","interaction":{"idSuffix":"BDI-content"}},"wdio_ui5_key":"rfmprogramui::xRFMxCU_Program__AllowedFundingTypeObjectPage--fe::FooterBar::StandardAction::Apply"}]}
COMMAND: GET /session/aa0351c8e555b619c84935239d167455/screenshot - {}
RESULT: {"script":"<script> [21 bytes]","args":[{"selector":{"id":"rfm.programui::xRFMxCU_Program__AllowedFundingTypeObjectPage--fe::FooterBar::StandardAction::Apply","interaction":{"idSuffix":"BDI-content"}},"wdio_ui5_key":"rfmprogramui::xRFMxCU_Program__AllowedFundingTypeObjectPage--fe::FooterBar::StandardAction::Apply"}]}
RESULT: undefined
COMMAND: POST /session/aa0351c8e555b619c84935239d167455/element - {"using":"xpath","value":"//*[@id=\"rfm.programui::xRFMxCU_Program__AllowedFundingTypeObjectPage--fe::FooterBar::StandardAction::Apply\"]"}
RESULT: {}
RESULT: {"using":"xpath","value":"//*[@id=\"rfm.programui::xRFMxCU_Program__AllowedFundingTypeObjectPage--fe::FooterBar::StandardAction::Apply\"]"}
COMMAND: POST /session/aa0351c8e555b619c84935239d167455/element/f.215DAA1011DB20A6A827E7FB81526F1A.d.6ABD1557629A50659E65147E7CDA8109.e.492/click - {}
RESULT: {}
COMMAND: POST /session/aa0351c8e555b619c84935239d167455/execute/async - {"script":"<script> [21 bytes]","args":[{"selector":{"id":"rfm.programui::xRFMxCU_ProgramObjectPage--fe::ObjectPage-anchBar-rfm.programui::xRFMxCU_ProgramObjectPage--fe::EditableHeaderSection-anchor","interaction":{"idSuffix":"text"}},"wdio_ui5_key":"rfmprogramui::xRFMxCU_ProgramObjectPage--fe::ObjectPage-anchBar-rfm.programui::xRFMxCU_ProgramObjectPage--fe::EditableHeaderSection-anchor"}]}
COMMAND: GET /session/aa0351c8e555b619c84935239d167455/screenshot - {}
RESULT: {"script":"<script> [21 bytes]","args":[{"selector":{"id":"rfm.programui::xRFMxCU_ProgramObjectPage--fe::ObjectPage-anchBar-rfm.programui::xRFMxCU_ProgramObjectPage--fe::EditableHeaderSection-anchor","interaction":{"idSuffix":"text"}},"wdio_ui5_key":"rfmprogramui::xRFMxCU_ProgramObjectPage--fe::ObjectPage-anchBar-rfm.programui::xRFMxCU_ProgramObjectPage--fe::EditableHeaderSection-anchor"}]}
RESULT: undefined
COMMAND: POST /session/aa0351c8e555b619c84935239d167455/element - {"using":"xpath","value":"//*[@id=\"rfm.programui::xRFMxCU_ProgramObjectPage--fe::ObjectPage-anchBar-rfm.programui::xRFMxCU_ProgramObjectPage--fe::EditableHeaderSection-anchor\"]"}
RESULT: {}
RESULT: {"using":"xpath","value":"//*[@id=\"rfm.programui::xRFMxCU_ProgramObjectPage--fe::ObjectPage-anchBar-rfm.programui::xRFMxCU_ProgramObjectPage--fe::EditableHeaderSection-anchor\"]"}
COMMAND: POST /session/aa0351c8e555b619c84935239d167455/element/f.215DAA1011DB20A6A827E7FB81526F1A.d.6ABD1557629A50659E65147E7CDA8109.e.552/click - {}
RESULT: {}
COMMAND: POST /session/aa0351c8e555b619c84935239d167455/execute/async - {"script":"<script> [21 bytes]","args":[{"selector":{"id":"rfm.programui::xRFMxCU_ProgramObjectPage--fe::HeaderFacet::FormContainer::headerFieldsGP1::FormElement::DataField::Name::Field-edit","interaction":{"idSuffix":"inner"}},"wdio_ui5_key":"rfmprogramui::xRFMxCU_ProgramObjectPage--fe::HeaderFacet::FormContainer::headerFieldsGP1::FormElement::DataField::Name::Field-edit"}]}
COMMAND: GET /session/aa0351c8e555b619c84935239d167455/screenshot - {}
RESULT: {"script":"<script> [21 bytes]","args":[{"selector":{"id":"rfm.programui::xRFMxCU_ProgramObjectPage--fe::HeaderFacet::FormContainer::headerFieldsGP1::FormElement::DataField::Name::Field-edit","interaction":{"idSuffix":"inner"}},"wdio_ui5_key":"rfmprogramui::xRFMxCU_ProgramObjectPage--fe::HeaderFacet::FormContainer::headerFieldsGP1::FormElement::DataField::Name::Field-edit"}]}
RESULT: undefined
COMMAND: POST /session/aa0351c8e555b619c84935239d167455/execute/async - {"script":"<script> [20 bytes]","args":[{"enterText":"WDIO_SelectionRules_2025-08-05","selector":{"id":"rfm.programui::xRFMxCU_ProgramObjectPage--fe::HeaderFacet::FormContainer::headerFieldsGP1::FormElement::DataField::Name::Field-edit","interaction":{"idSuffix":"inner"}},"clearTextFirst":true,"interactionType":"ENTER_TEXT"}]}
RESULT: {}
RESULT: {"script":"<script> [20 bytes]","args":[{"enterText":"WDIO_SelectionRules_2025-08-05","selector":{"id":"rfm.programui::xRFMxCU_ProgramObjectPage--fe::HeaderFacet::FormContainer::headerFieldsGP1::FormElement::DataField::Name::Field-edit","interaction":{"idSuffix":"inner"}},"clearTextFirst":true,"interactionType":"ENTER_TEXT"}]}
COMMAND: POST /session/aa0351c8e555b619c84935239d167455/execute/async - {"script":"<script> [21 bytes]","args":[{"selector":{"id":"rfm.programui::xRFMxCU_ProgramObjectPage--fe::FooterBar::StandardAction::Save","interaction":{"idSuffix":"BDI-content"}},"wdio_ui5_key":"rfmprogramui::xRFMxCU_ProgramObjectPage--fe::FooterBar::StandardAction::Save"}]}
RESULT: {"script":"<script> [21 bytes]","args":[{"selector":{"id":"rfm.programui::xRFMxCU_ProgramObjectPage--fe::FooterBar::StandardAction::Save","interaction":{"idSuffix":"BDI-content"}},"wdio_ui5_key":"rfmprogramui::xRFMxCU_ProgramObjectPage--fe::FooterBar::StandardAction::Save"}]}
RESULT: undefined
COMMAND: POST /session/aa0351c8e555b619c84935239d167455/element - {"using":"xpath","value":"//*[@id=\"rfm.programui::xRFMxCU_ProgramObjectPage--fe::FooterBar::StandardAction::Save\"]"}
RESULT: {"using":"xpath","value":"//*[@id=\"rfm.programui::xRFMxCU_ProgramObjectPage--fe::FooterBar::StandardAction::Save\"]"}
COMMAND: POST /session/aa0351c8e555b619c84935239d167455/element/f.215DAA1011DB20A6A827E7FB81526F1A.d.6ABD1557629A50659E65147E7CDA8109.e.406/click - {}
RESULT: {}
COMMAND: POST /session/aa0351c8e555b619c84935239d167455/execute/async - {"script":"<script> [21 bytes]","args":[{"selector":{"id":"rfm.programui::xRFMxCU_ProgramObjectPage--fe::HeaderFacet::Form::headerFieldsGP1::DataField::ProgramId::Field-content"},"wdio_ui5_key":"rfmprogramui::xRFMxCU_ProgramObjectPage--fe::HeaderFacet::Form::headerFieldsGP1::DataField::ProgramId::Field-content"}]}
COMMAND: GET /session/aa0351c8e555b619c84935239d167455/screenshot - {}
RESULT: {"script":"<script> [21 bytes]","args":[{"selector":{"id":"rfm.programui::xRFMxCU_ProgramObjectPage--fe::HeaderFacet::Form::headerFieldsGP1::DataField::ProgramId::Field-content"},"wdio_ui5_key":"rfmprogramui::xRFMxCU_ProgramObjectPage--fe::HeaderFacet::Form::headerFieldsGP1::DataField::ProgramId::Field-content"}]}
RESULT: undefined
COMMAND: POST /session/aa0351c8e555b619c84935239d167455/execute/async - {"script":"<script> [21 bytes]","args":[{"element-6066-11e4-a52e-4f735466cecf":"f.215DAA1011DB20A6A827E7FB81526F1A.d.6ABD1557629A50659E65147E7CDA8109.e.568"},"getText",[]]}
RESULT: {}
RESULT: {"script":"<script> [21 bytes]","args":[{"element-6066-11e4-a52e-4f735466cecf":"f.215DAA1011DB20A6A827E7FB81526F1A.d.6ABD1557629A50659E65147E7CDA8109.e.568"},"getText",[]]}
COMMAND: POST /session/aa0351c8e555b619c84935239d167455/execute/async - {"script":"<script> [21 bytes]","args":[{"selector":{"id":"rfm.programui::xRFMxCU_ProgramObjectPage--fe::DataFieldForAction::com.sap.gateway.srvd.rfm.ui_program.v0001.Open::com.sap.gateway.srvd.rfm.ui_program.v0001.xRFMxCU_ProgramType","interaction":{"idSuffix":"BDI-content"}},"wdio_ui5_key":"rfmprogramui::xRFMxCU_ProgramObjectPage--fe::DataFieldForAction::com.sap.gateway.srvd.rfm.ui_program.v0001.Open::com.sap.gateway.srvd.rfm.ui_program.v0001.xRFMxCU_ProgramType"}]}
RESULT: {"script":"<script> [21 bytes]","args":[{"selector":{"id":"rfm.programui::xRFMxCU_ProgramObjectPage--fe::DataFieldForAction::com.sap.gateway.srvd.rfm.ui_program.v0001.Open::com.sap.gateway.srvd.rfm.ui_program.v0001.xRFMxCU_ProgramType","interaction":{"idSuffix":"BDI-content"}},"wdio_ui5_key":"rfmprogramui::xRFMxCU_ProgramObjectPage--fe::DataFieldForAction::com.sap.gateway.srvd.rfm.ui_program.v0001.Open::com.sap.gateway.srvd.rfm.ui_program.v0001.xRFMxCU_ProgramType"}]}
RESULT: undefined
COMMAND: POST /session/aa0351c8e555b619c84935239d167455/element - {"using":"xpath","value":"//*[@id=\"rfm.programui::xRFMxCU_ProgramObjectPage--fe::DataFieldForAction::com.sap.gateway.srvd.rfm.ui_program.v0001.Open::com.sap.gateway.srvd.rfm.ui_program.v0001.xRFMxCU_ProgramType\"]"}
RESULT: {"using":"xpath","value":"//*[@id=\"rfm.programui::xRFMxCU_ProgramObjectPage--fe::DataFieldForAction::com.sap.gateway.srvd.rfm.ui_program.v0001.Open::com.sap.gateway.srvd.rfm.ui_program.v0001.xRFMxCU_ProgramType\"]"}
COMMAND: POST /session/aa0351c8e555b619c84935239d167455/element/f.215DAA1011DB20A6A827E7FB81526F1A.d.6ABD1557629A50659E65147E7CDA8109.e.332/click - {}
RESULT: {}
COMMAND: POST /session/aa0351c8e555b619c84935239d167455/execute/async - {"script":"<script> [21 bytes]","args":[{"selector":{"controlType":"sap.m.Button","properties":{"text":"OK"},"searchOpenDialogs":true,"interaction":{"idSuffix":"BDI-content"}},"wdio_ui5_key":"sapm.Button{\"text\":\"OK\"}"}]}
COMMAND: GET /session/aa0351c8e555b619c84935239d167455/screenshot - {}
RESULT: {"script":"<script> [21 bytes]","args":[{"selector":{"controlType":"sap.m.Button","properties":{"text":"OK"},"searchOpenDialogs":true,"interaction":{"idSuffix":"BDI-content"}},"wdio_ui5_key":"sapm.Button{\"text\":\"OK\"}"}]}
RESULT: undefined
COMMAND: POST /session/aa0351c8e555b619c84935239d167455/element - {"using":"xpath","value":"//*[@id=\"__mbox-btn-0\"]"}
RESULT: {}
RESULT: {"using":"xpath","value":"//*[@id=\"__mbox-btn-0\"]"}
COMMAND: POST /session/aa0351c8e555b619c84935239d167455/element/f.215DAA1011DB20A6A827E7FB81526F1A.d.6ABD1557629A50659E65147E7CDA8109.e.571/click - {}
RESULT: {}
COMMAND: POST /session/aa0351c8e555b619c84935239d167455/execute/async - {"script":"<script> [21 bytes]","args":[{"selector":{"id":"backBtn"},"wdio_ui5_key":"backBtn"}]}
COMMAND: GET /session/aa0351c8e555b619c84935239d167455/screenshot - {}
RESULT: {"script":"<script> [21 bytes]","args":[{"selector":{"id":"backBtn"},"wdio_ui5_key":"backBtn"}]}
RESULT: undefined
COMMAND: POST /session/aa0351c8e555b619c84935239d167455/element - {"using":"xpath","value":"//*[@id=\"backBtn\"]"}
RESULT: {}
RESULT: {"using":"xpath","value":"//*[@id=\"backBtn\"]"}
COMMAND: POST /session/aa0351c8e555b619c84935239d167455/element/f.215DAA1011DB20A6A827E7FB81526F1A.d.6ABD1557629A50659E65147E7CDA8109.e.576/click - {}
RESULT: {}
COMMAND: GET /session/aa0351c8e555b619c84935239d167455/screenshot - {}
RESULT: {}
COMMAND: POST /session/aa0351c8e555b619c84935239d167455/element/f.215DAA1011DB20A6A827E7FB81526F1A.d.6ABD1557629A50659E65147E7CDA8109.e.576/click - {}
COMMAND: GET /session/aa0351c8e555b619c84935239d167455/screenshot - {}
]]></system-out>
    </testcase>
    <testcase classname="chrome.138_0_7204_169.windows.Selection_Rules" name="Should filter created Program" time="17.584">
      <system-out><![CDATA[
COMMAND: POST /session/aa0351c8e555b619c84935239d167455/execute/async - {"script":"<script> [21 bytes]","args":[{"selector":{"controlType":"sap.m.GenericTile","properties":{"header":"Funding Pool"}},"wdio_ui5_key":"sapm.GenericTile{\"header\":\"Funding Pool\"}"}]}
RESULT: {}
COMMAND: GET /session/aa0351c8e555b619c84935239d167455/screenshot - {}
RESULT: {}
RESULT: {"script":"<script> [21 bytes]","args":[{"selector":{"controlType":"sap.m.GenericTile","properties":{"header":"Funding Pool"}},"wdio_ui5_key":"sapm.GenericTile{\"header\":\"Funding Pool\"}"}]}
RESULT: undefined
COMMAND: POST /session/aa0351c8e555b619c84935239d167455/element - {"using":"xpath","value":"//*[@id=\"__tile57\"]"}
RESULT: {}
RESULT: {"using":"xpath","value":"//*[@id=\"__tile57\"]"}
COMMAND: POST /session/aa0351c8e555b619c84935239d167455/element/f.215DAA1011DB20A6A827E7FB81526F1A.d.6ABD1557629A50659E65147E7CDA8109.e.666/click - {}
RESULT: {}
RESULT: undefined
COMMAND: POST /session/aa0351c8e555b619c84935239d167455/element - {"using":"xpath","value":"//*[@id=\"__tile57\"]"}
COMMAND: GET /session/aa0351c8e555b619c84935239d167455/screenshot - {}
RESULT: {"using":"xpath","value":"//*[@id=\"__tile57\"]"}
COMMAND: POST /session/aa0351c8e555b619c84935239d167455/element/f.215DAA1011DB20A6A827E7FB81526F1A.d.6ABD1557629A50659E65147E7CDA8109.e.666/click - {}
RESULT: {}
RESULT: {}
COMMAND: POST /session/aa0351c8e555b619c84935239d167455/execute/async - {"script":"<script> [21 bytes]","args":[{"selector":{"id":"rfm.poolui::xRFMxCU_PoolList--fe::FilterBar::xRFMxCU_Pool::FilterField::OwnerId-inner","interaction":{"idSuffix":"inner"}},"wdio_ui5_key":"rfmpoolui::xRFMxCU_PoolList--fe::FilterBar::xRFMxCU_Pool::FilterField::OwnerId-inner"}]}
COMMAND: GET /session/aa0351c8e555b619c84935239d167455/screenshot - {}
RESULT: {"script":"<script> [21 bytes]","args":[{"selector":{"id":"rfm.poolui::xRFMxCU_PoolList--fe::FilterBar::xRFMxCU_Pool::FilterField::OwnerId-inner","interaction":{"idSuffix":"inner"}},"wdio_ui5_key":"rfmpoolui::xRFMxCU_PoolList--fe::FilterBar::xRFMxCU_Pool::FilterField::OwnerId-inner"}]}
RESULT: undefined
COMMAND: POST /session/aa0351c8e555b619c84935239d167455/execute/async - {"script":"<script> [20 bytes]","args":[{"enterText":"1338","selector":{"id":"rfm.poolui::xRFMxCU_PoolList--fe::FilterBar::xRFMxCU_Pool::FilterField::OwnerId-inner","interaction":{"idSuffix":"inner"}},"clearTextFirst":true,"interactionType":"ENTER_TEXT"}]}
RESULT: {}
RESULT: {"script":"<script> [20 bytes]","args":[{"enterText":"1338","selector":{"id":"rfm.poolui::xRFMxCU_PoolList--fe::FilterBar::xRFMxCU_Pool::FilterField::OwnerId-inner","interaction":{"idSuffix":"inner"}},"clearTextFirst":true,"interactionType":"ENTER_TEXT"}]}
COMMAND: POST /session/aa0351c8e555b619c84935239d167455/execute/async - {"script":"<script> [21 bytes]","args":[{"selector":{"id":"rfm.poolui::xRFMxCU_PoolList--fe::FilterBar::xRFMxCU_Pool::FilterField::OwnerCategory-inner","interaction":{"idSuffix":"inner"}},"wdio_ui5_key":"rfmpoolui::xRFMxCU_PoolList--fe::FilterBar::xRFMxCU_Pool::FilterField::OwnerCategory-inner"}]}
RESULT: {"script":"<script> [21 bytes]","args":[{"selector":{"id":"rfm.poolui::xRFMxCU_PoolList--fe::FilterBar::xRFMxCU_Pool::FilterField::OwnerCategory-inner","interaction":{"idSuffix":"inner"}},"wdio_ui5_key":"rfmpoolui::xRFMxCU_PoolList--fe::FilterBar::xRFMxCU_Pool::FilterField::OwnerCategory-inner"}]}
RESULT: undefined
COMMAND: POST /session/aa0351c8e555b619c84935239d167455/execute/async - {"script":"<script> [20 bytes]","args":[{"enterText":"Funding Program","selector":{"id":"rfm.poolui::xRFMxCU_PoolList--fe::FilterBar::xRFMxCU_Pool::FilterField::OwnerCategory-inner","interaction":{"idSuffix":"inner"}},"clearTextFirst":true,"interactionType":"ENTER_TEXT"}]}
RESULT: {"script":"<script> [20 bytes]","args":[{"enterText":"Funding Program","selector":{"id":"rfm.poolui::xRFMxCU_PoolList--fe::FilterBar::xRFMxCU_Pool::FilterField::OwnerCategory-inner","interaction":{"idSuffix":"inner"}},"clearTextFirst":true,"interactionType":"ENTER_TEXT"}]}
COMMAND: POST /session/aa0351c8e555b619c84935239d167455/execute/async - {"script":"<script> [21 bytes]","args":[{"selector":{"id":"rfm.poolui::xRFMxCU_PoolList--fe::FilterBar::xRFMxCU_Pool-btnSearch","interaction":{"idSuffix":"BDI-content"}},"wdio_ui5_key":"rfmpoolui::xRFMxCU_PoolList--fe::FilterBar::xRFMxCU_Pool-btnSearch"}]}
RESULT: {"script":"<script> [21 bytes]","args":[{"selector":{"id":"rfm.poolui::xRFMxCU_PoolList--fe::FilterBar::xRFMxCU_Pool-btnSearch","interaction":{"idSuffix":"BDI-content"}},"wdio_ui5_key":"rfmpoolui::xRFMxCU_PoolList--fe::FilterBar::xRFMxCU_Pool-btnSearch"}]}
RESULT: undefined
COMMAND: POST /session/aa0351c8e555b619c84935239d167455/element - {"using":"xpath","value":"//*[@id=\"rfm.poolui::xRFMxCU_PoolList--fe::FilterBar::xRFMxCU_Pool-btnSearch\"]"}
RESULT: {"using":"xpath","value":"//*[@id=\"rfm.poolui::xRFMxCU_PoolList--fe::FilterBar::xRFMxCU_Pool-btnSearch\"]"}
COMMAND: POST /session/aa0351c8e555b619c84935239d167455/element/f.215DAA1011DB20A6A827E7FB81526F1A.d.6ABD1557629A50659E65147E7CDA8109.e.870/click - {}
RESULT: {}
COMMAND: POST /session/aa0351c8e555b619c84935239d167455/execute/async - {"script":"<script> [21 bytes]","args":[{"selector":{"id":"rfm.poolui::xRFMxCU_PoolList--fe::table::allTab::LineItem-innerTable-rows-row0"},"wdio_ui5_key":"rfmpoolui::xRFMxCU_PoolList--fe::table::allTab::LineItem-innerTable-rows-row0"}]}
COMMAND: GET /session/aa0351c8e555b619c84935239d167455/screenshot - {}
RESULT: {"script":"<script> [21 bytes]","args":[{"selector":{"id":"rfm.poolui::xRFMxCU_PoolList--fe::table::allTab::LineItem-innerTable-rows-row0"},"wdio_ui5_key":"rfmpoolui::xRFMxCU_PoolList--fe::table::allTab::LineItem-innerTable-rows-row0"}]}
RESULT: undefined
COMMAND: POST /session/aa0351c8e555b619c84935239d167455/element - {"using":"xpath","value":"//*[@id=\"rfm.poolui::xRFMxCU_PoolList--fe::table::allTab::LineItem-innerTable-rows-row0\"]"}
RESULT: {}
RESULT: {"using":"xpath","value":"//*[@id=\"rfm.poolui::xRFMxCU_PoolList--fe::table::allTab::LineItem-innerTable-rows-row0\"]"}
COMMAND: POST /session/aa0351c8e555b619c84935239d167455/element/f.215DAA1011DB20A6A827E7FB81526F1A.d.6ABD1557629A50659E65147E7CDA8109.e.872/click - {}
RESULT: {}
RESULT: undefined
COMMAND: POST /session/aa0351c8e555b619c84935239d167455/execute/async - {"script":"<script> [21 bytes]","args":[{"element-6066-11e4-a52e-4f735466cecf":"f.215DAA1011DB20A6A827E7FB81526F1A.d.6ABD1557629A50659E65147E7CDA8109.e.872"},"getBindingContext",[]]}
COMMAND: GET /session/aa0351c8e555b619c84935239d167455/screenshot - {}
RESULT: {"script":"<script> [21 bytes]","args":[{"element-6066-11e4-a52e-4f735466cecf":"f.215DAA1011DB20A6A827E7FB81526F1A.d.6ABD1557629A50659E65147E7CDA8109.e.872"},"getBindingContext",[]]}
COMMAND: POST /session/aa0351c8e555b619c84935239d167455/execute/async - {"script":"<script> [21 bytes]","args":["96034fa9-ac2f-418b-b63e-076591a8e3f5","getPath",[]]}
RESULT: {}
RESULT: {"script":"<script> [21 bytes]","args":["96034fa9-ac2f-418b-b63e-076591a8e3f5","getPath",[]]}
COMMAND: POST /session/aa0351c8e555b619c84935239d167455/execute/async - {"script":"<script> [21 bytes]","args":[{"selector":{"controlType":"sap.m.Text","viewName":"sap.fe.templates.ListReport.ListReport","viewId":"rfm.poolui::xRFMxCU_PoolList","bindingPath":{"path":"/xRFMxCU_Pool(4e4439c8-6b75-1fd0-9cb2-42ed3fefbbf0)","propertyPath":"OwnerId"}},"wdio_ui5_key":"sapfe.templates.ListReport.ListReportsap.m.Text{\"path\":\"/xRFMxCU_Pool(4e4439c8-6b75-1fd0-9cb2-42ed3fefbbf0)\",\"propertyPath\":\"OwnerId\"}"}]}
RESULT: {"script":"<script> [21 bytes]","args":[{"selector":{"controlType":"sap.m.Text","viewName":"sap.fe.templates.ListReport.ListReport","viewId":"rfm.poolui::xRFMxCU_PoolList","bindingPath":{"path":"/xRFMxCU_Pool(4e4439c8-6b75-1fd0-9cb2-42ed3fefbbf0)","propertyPath":"OwnerId"}},"wdio_ui5_key":"sapfe.templates.ListReport.ListReportsap.m.Text{\"path\":\"/xRFMxCU_Pool(4e4439c8-6b75-1fd0-9cb2-42ed3fefbbf0)\",\"propertyPath\":\"OwnerId\"}"}]}
RESULT: undefined
COMMAND: POST /session/aa0351c8e555b619c84935239d167455/execute/async - {"script":"<script> [21 bytes]","args":[{"element-6066-11e4-a52e-4f735466cecf":"f.215DAA1011DB20A6A827E7FB81526F1A.d.6ABD1557629A50659E65147E7CDA8109.e.873"},"getText",[]]}
RESULT: {"script":"<script> [21 bytes]","args":[{"element-6066-11e4-a52e-4f735466cecf":"f.215DAA1011DB20A6A827E7FB81526F1A.d.6ABD1557629A50659E65147E7CDA8109.e.873"},"getText",[]]}
COMMAND: POST /session/aa0351c8e555b619c84935239d167455/execute/async - {"script":"<script> [21 bytes]","args":[{"selector":{"controlType":"sap.ui.core.Icon","viewName":"sap.fe.templates.ListReport.ListReport","viewId":"rfm.poolui::xRFMxCU_PoolList","properties":{"src":{"regex":{"source":"navigation\\-right\\-arrow"}}}},"wdio_ui5_key":"sapfe.templates.ListReport.ListReportsap.ui.core.Icon{\"src\":{\"regex\":{\"source\":\"navigation\\\\-right\\\\-arrow\"}}}"}]}
RESULT: {"script":"<script> [21 bytes]","args":[{"selector":{"controlType":"sap.ui.core.Icon","viewName":"sap.fe.templates.ListReport.ListReport","viewId":"rfm.poolui::xRFMxCU_PoolList","properties":{"src":{"regex":{"source":"navigation\\-right\\-arrow"}}}},"wdio_ui5_key":"sapfe.templates.ListReport.ListReportsap.ui.core.Icon{\"src\":{\"regex\":{\"source\":\"navigation\\\\-right\\\\-arrow\"}}}"}]}
RESULT: undefined
COMMAND: POST /session/aa0351c8e555b619c84935239d167455/element - {"using":"xpath","value":"//*[@id=\"__action9-__clone383-icon0\"]"}
RESULT: {"using":"xpath","value":"//*[@id=\"__action9-__clone383-icon0\"]"}
COMMAND: POST /session/aa0351c8e555b619c84935239d167455/element/f.215DAA1011DB20A6A827E7FB81526F1A.d.6ABD1557629A50659E65147E7CDA8109.e.874/click - {}
RESULT: {}
COMMAND: GET /session/aa0351c8e555b619c84935239d167455/screenshot - {}
]]></system-out>
    </testcase>
    <testcase classname="chrome.138_0_7204_169.windows.Selection_Rules" name="Should check navigation to selection rules" time="6.518">
      <system-out><![CDATA[
COMMAND: POST /session/aa0351c8e555b619c84935239d167455/execute/async - {"script":"<script> [21 bytes]","args":[{"selector":{"id":"rfm.poolui::xRFMxCU_PoolObjectPage--fe::DataFieldForIntentBasedNavigation::SelectionRule::manage","interaction":{"idSuffix":"content"}},"wdio_ui5_key":"rfmpoolui::xRFMxCU_PoolObjectPage--fe::DataFieldForIntentBasedNavigation::SelectionRule::manage"}]}
COMMAND: GET /session/aa0351c8e555b619c84935239d167455/screenshot - {}
RESULT: {}
RESULT: {"script":"<script> [21 bytes]","args":[{"selector":{"id":"rfm.poolui::xRFMxCU_PoolObjectPage--fe::DataFieldForIntentBasedNavigation::SelectionRule::manage","interaction":{"idSuffix":"content"}},"wdio_ui5_key":"rfmpoolui::xRFMxCU_PoolObjectPage--fe::DataFieldForIntentBasedNavigation::SelectionRule::manage"}]}
RESULT: undefined
COMMAND: POST /session/aa0351c8e555b619c84935239d167455/element - {"using":"xpath","value":"//*[@id=\"rfm.poolui::xRFMxCU_PoolObjectPage--fe::DataFieldForIntentBasedNavigation::SelectionRule::manage\"]"}
RESULT: {}
RESULT: {"using":"xpath","value":"//*[@id=\"rfm.poolui::xRFMxCU_PoolObjectPage--fe::DataFieldForIntentBasedNavigation::SelectionRule::manage\"]"}
COMMAND: POST /session/aa0351c8e555b619c84935239d167455/element/f.215DAA1011DB20A6A827E7FB81526F1A.d.6ABD1557629A50659E65147E7CDA8109.e.910/click - {}
RESULT: {}
COMMAND: POST /session/aa0351c8e555b619c84935239d167455/execute/async - {"script":"<script> [21 bytes]","args":[{"selector":{"id":"shellAppTitle"},"wdio_ui5_key":"shellAppTitle"}]}
COMMAND: GET /session/aa0351c8e555b619c84935239d167455/screenshot - {}
RESULT: {"script":"<script> [21 bytes]","args":[{"selector":{"id":"shellAppTitle"},"wdio_ui5_key":"shellAppTitle"}]}
RESULT: undefined
COMMAND: POST /session/aa0351c8e555b619c84935239d167455/execute/async - {"script":"<script> [21 bytes]","args":[{"element-6066-11e4-a52e-4f735466cecf":"f.215DAA1011DB20A6A827E7FB81526F1A.d.6ABD1557629A50659E65147E7CDA8109.e.935"},"getTitle",[]]}
RESULT: {}
RESULT: {"script":"<script> [21 bytes]","args":[{"element-6066-11e4-a52e-4f735466cecf":"f.215DAA1011DB20A6A827E7FB81526F1A.d.6ABD1557629A50659E65147E7CDA8109.e.935"},"getTitle",[]]}
COMMAND: GET /session/aa0351c8e555b619c84935239d167455/screenshot - {}
]]></system-out>
    </testcase>
    <testcase classname="chrome.138_0_7204_169.windows.Selection_Rules" name="Should check the addition of master data fields" time="5.649">
      <system-out><![CDATA[
COMMAND: POST /session/aa0351c8e555b619c84935239d167455/execute/async - {"script":"<script> [21 bytes]","args":[{"selector":{"controlType":"sap.m.Button","viewName":"rfm.selectionruleui.view.SelectionRule","viewId":"application-SelectionRule-manage-component---SelectionRule","bindingPath":{"path":"","propertyPath":"/AppScenario","modelName":"localModel"},"interaction":{"idSuffix":"BDI-content"}},"wdio_ui5_key":"rfmselectionruleui.view.SelectionRulesap.m.Button{\"path\":\"\",\"propertyPath\":\"/AppScenario\",\"modelName\":\"localModel\"}"}]}
RESULT: {}
RESULT: {"script":"<script> [21 bytes]","args":[{"selector":{"controlType":"sap.m.Button","viewName":"rfm.selectionruleui.view.SelectionRule","viewId":"application-SelectionRule-manage-component---SelectionRule","bindingPath":{"path":"","propertyPath":"/AppScenario","modelName":"localModel"},"interaction":{"idSuffix":"BDI-content"}},"wdio_ui5_key":"rfmselectionruleui.view.SelectionRulesap.m.Button{\"path\":\"\",\"propertyPath\":\"/AppScenario\",\"modelName\":\"localModel\"}"}]}
RESULT: undefined
COMMAND: POST /session/aa0351c8e555b619c84935239d167455/element - {"using":"xpath","value":"//*[@id=\"__button225\"]"}
RESULT: {"using":"xpath","value":"//*[@id=\"__button225\"]"}
COMMAND: POST /session/aa0351c8e555b619c84935239d167455/element/f.215DAA1011DB20A6A827E7FB81526F1A.d.6ABD1557629A50659E65147E7CDA8109.e.937/click - {}
RESULT: {}
COMMAND: POST /session/aa0351c8e555b619c84935239d167455/execute/async - {"script":"<script> [21 bytes]","args":[{"selector":{"controlType":"sap.m.CheckBox","viewName":"rfm.selectionruleui.view.SelectionRule","viewId":"application-SelectionRule-manage-component---SelectionRule","properties":{"editable":true},"searchOpenDialogs":true,"ancestor":{"controlType":"sap.m.StandardTreeItem","viewName":"rfm.selectionruleui.view.SelectionRule","viewId":"application-SelectionRule-manage-component---SelectionRule","bindingPath":{"modelName":"localModel","path":"/MasterDataFields/0/nodes/1"},"ancestor":{"id":"application-SelectionRule-manage-component---SelectionRule--idMasterDataTree","searchOpenDialogs":true}},"interaction":{"idSuffix":"CbBg"}},"wdio_ui5_key":"rfmselectionruleui.view.SelectionRulesap.m.CheckBox{\"editable\":true}{\"controlType\":\"sap.m.StandardTreeItem\",\"viewName\":\"rfm.selectionruleui.view.SelectionRule\",\"viewId\":\"application-SelectionRule-manage-component---SelectionRule\",\"bindingPath\":{\"modelName\":\"localModel\",\"path\":\"/MasterDataFields/0/nodes/1\"},\"ancestor\":{\"id\":\"application-SelectionRule-manage-component---SelectionRule--idMasterDataTree\",\"searchOpenDialogs\":true}}"}]}
COMMAND: GET /session/aa0351c8e555b619c84935239d167455/screenshot - {}
RESULT: {"script":"<script> [21 bytes]","args":[{"selector":{"controlType":"sap.m.CheckBox","viewName":"rfm.selectionruleui.view.SelectionRule","viewId":"application-SelectionRule-manage-component---SelectionRule","properties":{"editable":true},"searchOpenDialogs":true,"ancestor":{"controlType":"sap.m.StandardTreeItem","viewName":"rfm.selectionruleui.view.SelectionRule","viewId":"application-SelectionRule-manage-component---SelectionRule","bindingPath":{"modelName":"localModel","path":"/MasterDataFields/0/nodes/1"},"ancestor":{"id":"application-SelectionRule-manage-component---SelectionRule--idMasterDataTree","searchOpenDialogs":true}},"interaction":{"idSuffix":"CbBg"}},"wdio_ui5_key":"rfmselectionruleui.view.SelectionRulesap.m.CheckBox{\"editable\":true}{\"controlType\":\"sap.m.StandardTreeItem\",\"viewName\":\"rfm.selectionruleui.view.SelectionRule\",\"viewId\":\"application-SelectionRule-manage-component---SelectionRule\",\"bindingPath\":{\"modelName\":\"localModel\",\"path\":\"/MasterDataFields/0/nodes/1\"},\"ancestor\":{\"id\":\"application-SelectionRule-manage-component---SelectionRule--idMasterDataTree\",\"searchOpenDialogs\":true}}"}]}
RESULT: undefined
COMMAND: POST /session/aa0351c8e555b619c84935239d167455/element - {"using":"xpath","value":"//*[@id=\"__item141-application-SelectionRule-manage-component---SelectionRule--idMasterDataTree-2-selectMulti\"]"}
RESULT: {}
RESULT: {"using":"xpath","value":"//*[@id=\"__item141-application-SelectionRule-manage-component---SelectionRule--idMasterDataTree-2-selectMulti\"]"}
COMMAND: POST /session/aa0351c8e555b619c84935239d167455/element/f.215DAA1011DB20A6A827E7FB81526F1A.d.6ABD1557629A50659E65147E7CDA8109.e.975/click - {}
RESULT: {}
COMMAND: POST /session/aa0351c8e555b619c84935239d167455/execute/async - {"script":"<script> [21 bytes]","args":[{"selector":{"controlType":"sap.m.Button","viewName":"rfm.selectionruleui.view.SelectionRule","viewId":"application-SelectionRule-manage-component---SelectionRule","i18NText":{"propertyName":"text","key":"add"},"searchOpenDialogs":true,"interaction":{"idSuffix":"BDI-content"}},"wdio_ui5_key":"rfmselectionruleui.view.SelectionRulesap.m.Button{\"propertyName\":\"text\",\"key\":\"add\"}"}]}
COMMAND: GET /session/aa0351c8e555b619c84935239d167455/screenshot - {}
RESULT: {"script":"<script> [21 bytes]","args":[{"selector":{"controlType":"sap.m.Button","viewName":"rfm.selectionruleui.view.SelectionRule","viewId":"application-SelectionRule-manage-component---SelectionRule","i18NText":{"propertyName":"text","key":"add"},"searchOpenDialogs":true,"interaction":{"idSuffix":"BDI-content"}},"wdio_ui5_key":"rfmselectionruleui.view.SelectionRulesap.m.Button{\"propertyName\":\"text\",\"key\":\"add\"}"}]}
RESULT: undefined
COMMAND: POST /session/aa0351c8e555b619c84935239d167455/element - {"using":"xpath","value":"//*[@id=\"__button232\"]"}
RESULT: {}
RESULT: {"using":"xpath","value":"//*[@id=\"__button232\"]"}
COMMAND: POST /session/aa0351c8e555b619c84935239d167455/element/f.215DAA1011DB20A6A827E7FB81526F1A.d.6ABD1557629A50659E65147E7CDA8109.e.977/click - {}
RESULT: {}
COMMAND: POST /session/aa0351c8e555b619c84935239d167455/execute/async - {"script":"<script> [21 bytes]","args":[{"selector":{"controlType":"sap.m.Text","viewName":"rfm.selectionruleui.view.SelectionRule","viewId":"application-SelectionRule-manage-component---SelectionRule","bindingPath":{"path":"/Data/MasterDataRule/Clauses/0/Clauses/0","propertyPath":"FieldDescription","modelName":"treeModel"}},"wdio_ui5_key":"rfmselectionruleui.view.SelectionRulesap.m.Text{\"path\":\"/Data/MasterDataRule/Clauses/0/Clauses/0\",\"propertyPath\":\"FieldDescription\",\"modelName\":\"treeModel\"}"}]}
COMMAND: GET /session/aa0351c8e555b619c84935239d167455/screenshot - {}
RESULT: {"script":"<script> [21 bytes]","args":[{"selector":{"controlType":"sap.m.Text","viewName":"rfm.selectionruleui.view.SelectionRule","viewId":"application-SelectionRule-manage-component---SelectionRule","bindingPath":{"path":"/Data/MasterDataRule/Clauses/0/Clauses/0","propertyPath":"FieldDescription","modelName":"treeModel"}},"wdio_ui5_key":"rfmselectionruleui.view.SelectionRulesap.m.Text{\"path\":\"/Data/MasterDataRule/Clauses/0/Clauses/0\",\"propertyPath\":\"FieldDescription\",\"modelName\":\"treeModel\"}"}]}
RESULT: undefined
COMMAND: POST /session/aa0351c8e555b619c84935239d167455/execute/async - {"script":"<script> [21 bytes]","args":[{"element-6066-11e4-a52e-4f735466cecf":"f.215DAA1011DB20A6A827E7FB81526F1A.d.6ABD1557629A50659E65147E7CDA8109.e.978"},"getText",[]]}
RESULT: {}
RESULT: {"script":"<script> [21 bytes]","args":[{"element-6066-11e4-a52e-4f735466cecf":"f.215DAA1011DB20A6A827E7FB81526F1A.d.6ABD1557629A50659E65147E7CDA8109.e.978"},"getText",[]]}
COMMAND: GET /session/aa0351c8e555b619c84935239d167455/screenshot - {}
]]></system-out>
    </testcase>
    <testcase classname="chrome.138_0_7204_169.windows.Selection_Rules" name="Should check the update of master data fields" time="9.247">
      <system-out><![CDATA[
COMMAND: POST /session/aa0351c8e555b619c84935239d167455/execute/async - {"script":"<script> [21 bytes]","args":[{"selector":{"controlType":"sap.ui.core.Icon","viewName":"rfm.selectionruleui.view.SelectionRule","viewId":"application-SelectionRule-manage-component---SelectionRule","properties":{"src":{"regex":{"source":"edit"}}}},"wdio_ui5_key":"rfmselectionruleui.view.SelectionRulesap.ui.core.Icon{\"src\":{\"regex\":{\"source\":\"edit\"}}}"}]}
RESULT: {}
RESULT: {"script":"<script> [21 bytes]","args":[{"selector":{"controlType":"sap.ui.core.Icon","viewName":"rfm.selectionruleui.view.SelectionRule","viewId":"application-SelectionRule-manage-component---SelectionRule","properties":{"src":{"regex":{"source":"edit"}}}},"wdio_ui5_key":"rfmselectionruleui.view.SelectionRulesap.ui.core.Icon{\"src\":{\"regex\":{\"source\":\"edit\"}}}"}]}
RESULT: undefined
COMMAND: POST /session/aa0351c8e555b619c84935239d167455/element - {"using":"xpath","value":"//*[@id=\"__button226-__clone710-img\"]"}
RESULT: {"using":"xpath","value":"//*[@id=\"__button226-__clone710-img\"]"}
COMMAND: POST /session/aa0351c8e555b619c84935239d167455/element/f.215DAA1011DB20A6A827E7FB81526F1A.d.6ABD1557629A50659E65147E7CDA8109.e.980/click - {}
RESULT: {}
COMMAND: POST /session/aa0351c8e555b619c84935239d167455/execute/async - {"script":"<script> [21 bytes]","args":[{"selector":{"controlType":"sap.m.Input","viewName":"rfm.selectionruleui.view.SelectionRule","viewId":"application-SelectionRule-manage-component---SelectionRule","bindingPath":{"path":"/Rules/0","propertyPath":"LowValue","modelName":"localModel"},"searchOpenDialogs":true,"interaction":{"idSuffix":"inner"}},"wdio_ui5_key":"rfmselectionruleui.view.SelectionRulesap.m.Input{\"path\":\"/Rules/0\",\"propertyPath\":\"LowValue\",\"modelName\":\"localModel\"}"}]}
COMMAND: GET /session/aa0351c8e555b619c84935239d167455/screenshot - {}
RESULT: {"script":"<script> [21 bytes]","args":[{"selector":{"controlType":"sap.m.Input","viewName":"rfm.selectionruleui.view.SelectionRule","viewId":"application-SelectionRule-manage-component---SelectionRule","bindingPath":{"path":"/Rules/0","propertyPath":"LowValue","modelName":"localModel"},"searchOpenDialogs":true,"interaction":{"idSuffix":"inner"}},"wdio_ui5_key":"rfmselectionruleui.view.SelectionRulesap.m.Input{\"path\":\"/Rules/0\",\"propertyPath\":\"LowValue\",\"modelName\":\"localModel\"}"}]}
RESULT: undefined
COMMAND: POST /session/aa0351c8e555b619c84935239d167455/execute/async - {"script":"<script> [20 bytes]","args":[{"enterText":"1000","selector":{"controlType":"sap.m.Input","viewName":"rfm.selectionruleui.view.SelectionRule","viewId":"application-SelectionRule-manage-component---SelectionRule","bindingPath":{"path":"/Rules/0","propertyPath":"LowValue","modelName":"localModel"},"searchOpenDialogs":true,"interaction":{"idSuffix":"inner"}},"clearTextFirst":true,"interactionType":"ENTER_TEXT"}]}
RESULT: {}
RESULT: {"script":"<script> [20 bytes]","args":[{"enterText":"1000","selector":{"controlType":"sap.m.Input","viewName":"rfm.selectionruleui.view.SelectionRule","viewId":"application-SelectionRule-manage-component---SelectionRule","bindingPath":{"path":"/Rules/0","propertyPath":"LowValue","modelName":"localModel"},"searchOpenDialogs":true,"interaction":{"idSuffix":"inner"}},"clearTextFirst":true,"interactionType":"ENTER_TEXT"}]}
COMMAND: POST /session/aa0351c8e555b619c84935239d167455/execute/async - {"script":"<script> [21 bytes]","args":[{"selector":{"controlType":"sap.m.Input","viewName":"rfm.selectionruleui.view.SelectionRule","viewId":"application-SelectionRule-manage-component---SelectionRule","bindingPath":{"path":"/Rules/0","propertyPath":"HighValue","modelName":"localModel"},"searchOpenDialogs":true,"interaction":{"idSuffix":"inner"}},"wdio_ui5_key":"rfmselectionruleui.view.SelectionRulesap.m.Input{\"path\":\"/Rules/0\",\"propertyPath\":\"HighValue\",\"modelName\":\"localModel\"}"}]}
RESULT: {"script":"<script> [21 bytes]","args":[{"selector":{"controlType":"sap.m.Input","viewName":"rfm.selectionruleui.view.SelectionRule","viewId":"application-SelectionRule-manage-component---SelectionRule","bindingPath":{"path":"/Rules/0","propertyPath":"HighValue","modelName":"localModel"},"searchOpenDialogs":true,"interaction":{"idSuffix":"inner"}},"wdio_ui5_key":"rfmselectionruleui.view.SelectionRulesap.m.Input{\"path\":\"/Rules/0\",\"propertyPath\":\"HighValue\",\"modelName\":\"localModel\"}"}]}
RESULT: undefined
COMMAND: POST /session/aa0351c8e555b619c84935239d167455/execute/async - {"script":"<script> [20 bytes]","args":[{"enterText":"20000","selector":{"controlType":"sap.m.Input","viewName":"rfm.selectionruleui.view.SelectionRule","viewId":"application-SelectionRule-manage-component---SelectionRule","bindingPath":{"path":"/Rules/0","propertyPath":"HighValue","modelName":"localModel"},"searchOpenDialogs":true,"interaction":{"idSuffix":"inner"}},"clearTextFirst":true,"interactionType":"ENTER_TEXT"}]}
RESULT: {"script":"<script> [20 bytes]","args":[{"enterText":"20000","selector":{"controlType":"sap.m.Input","viewName":"rfm.selectionruleui.view.SelectionRule","viewId":"application-SelectionRule-manage-component---SelectionRule","bindingPath":{"path":"/Rules/0","propertyPath":"HighValue","modelName":"localModel"},"searchOpenDialogs":true,"interaction":{"idSuffix":"inner"}},"clearTextFirst":true,"interactionType":"ENTER_TEXT"}]}
COMMAND: POST /session/aa0351c8e555b619c84935239d167455/execute/async - {"script":"<script> [21 bytes]","args":[{"selector":{"controlType":"sap.m.Button","viewName":"rfm.selectionruleui.view.SelectionRule","viewId":"application-SelectionRule-manage-component---SelectionRule","i18NText":{"propertyName":"text","key":"update"},"searchOpenDialogs":true,"interaction":{"idSuffix":"BDI-content"}},"wdio_ui5_key":"rfmselectionruleui.view.SelectionRulesap.m.Button{\"propertyName\":\"text\",\"key\":\"update\"}"}]}
RESULT: {"script":"<script> [21 bytes]","args":[{"selector":{"controlType":"sap.m.Button","viewName":"rfm.selectionruleui.view.SelectionRule","viewId":"application-SelectionRule-manage-component---SelectionRule","i18NText":{"propertyName":"text","key":"update"},"searchOpenDialogs":true,"interaction":{"idSuffix":"BDI-content"}},"wdio_ui5_key":"rfmselectionruleui.view.SelectionRulesap.m.Button{\"propertyName\":\"text\",\"key\":\"update\"}"}]}
RESULT: undefined
COMMAND: POST /session/aa0351c8e555b619c84935239d167455/element - {"using":"xpath","value":"//*[@id=\"__button235\"]"}
RESULT: {"using":"xpath","value":"//*[@id=\"__button235\"]"}
COMMAND: POST /session/aa0351c8e555b619c84935239d167455/element/f.215DAA1011DB20A6A827E7FB81526F1A.d.6ABD1557629A50659E65147E7CDA8109.e.991/click - {}
RESULT: {}
COMMAND: POST /session/aa0351c8e555b619c84935239d167455/execute/async - {"script":"<script> [21 bytes]","args":[{"selector":{"controlType":"sap.m.Text","viewName":"rfm.selectionruleui.view.SelectionRule","viewId":"application-SelectionRule-manage-component---SelectionRule","bindingPath":{"path":"/Data/MasterDataRule/Clauses/0/Clauses/0","propertyPath":"LowValue","modelName":"treeModel"}},"wdio_ui5_key":"rfmselectionruleui.view.SelectionRulesap.m.Text{\"path\":\"/Data/MasterDataRule/Clauses/0/Clauses/0\",\"propertyPath\":\"LowValue\",\"modelName\":\"treeModel\"}"}]}
COMMAND: GET /session/aa0351c8e555b619c84935239d167455/screenshot - {}
RESULT: {"script":"<script> [21 bytes]","args":[{"selector":{"controlType":"sap.m.Text","viewName":"rfm.selectionruleui.view.SelectionRule","viewId":"application-SelectionRule-manage-component---SelectionRule","bindingPath":{"path":"/Data/MasterDataRule/Clauses/0/Clauses/0","propertyPath":"LowValue","modelName":"treeModel"}},"wdio_ui5_key":"rfmselectionruleui.view.SelectionRulesap.m.Text{\"path\":\"/Data/MasterDataRule/Clauses/0/Clauses/0\",\"propertyPath\":\"LowValue\",\"modelName\":\"treeModel\"}"}]}
RESULT: undefined
COMMAND: POST /session/aa0351c8e555b619c84935239d167455/execute/async - {"script":"<script> [21 bytes]","args":[{"element-6066-11e4-a52e-4f735466cecf":"f.215DAA1011DB20A6A827E7FB81526F1A.d.6ABD1557629A50659E65147E7CDA8109.e.992"},"getText",[]]}
RESULT: {}
RESULT: {"script":"<script> [21 bytes]","args":[{"element-6066-11e4-a52e-4f735466cecf":"f.215DAA1011DB20A6A827E7FB81526F1A.d.6ABD1557629A50659E65147E7CDA8109.e.992"},"getText",[]]}
COMMAND: POST /session/aa0351c8e555b619c84935239d167455/execute/async - {"script":"<script> [21 bytes]","args":[{"selector":{"controlType":"sap.m.Text","viewName":"rfm.selectionruleui.view.SelectionRule","viewId":"application-SelectionRule-manage-component---SelectionRule","bindingPath":{"path":"/Data/MasterDataRule/Clauses/0/Clauses/0","propertyPath":"HighValue","modelName":"treeModel"}},"wdio_ui5_key":"rfmselectionruleui.view.SelectionRulesap.m.Text{\"path\":\"/Data/MasterDataRule/Clauses/0/Clauses/0\",\"propertyPath\":\"HighValue\",\"modelName\":\"treeModel\"}"}]}
RESULT: {"script":"<script> [21 bytes]","args":[{"selector":{"controlType":"sap.m.Text","viewName":"rfm.selectionruleui.view.SelectionRule","viewId":"application-SelectionRule-manage-component---SelectionRule","bindingPath":{"path":"/Data/MasterDataRule/Clauses/0/Clauses/0","propertyPath":"HighValue","modelName":"treeModel"}},"wdio_ui5_key":"rfmselectionruleui.view.SelectionRulesap.m.Text{\"path\":\"/Data/MasterDataRule/Clauses/0/Clauses/0\",\"propertyPath\":\"HighValue\",\"modelName\":\"treeModel\"}"}]}
RESULT: undefined
COMMAND: POST /session/aa0351c8e555b619c84935239d167455/execute/async - {"script":"<script> [21 bytes]","args":[{"element-6066-11e4-a52e-4f735466cecf":"f.215DAA1011DB20A6A827E7FB81526F1A.d.6ABD1557629A50659E65147E7CDA8109.e.993"},"getText",[]]}
RESULT: {"script":"<script> [21 bytes]","args":[{"element-6066-11e4-a52e-4f735466cecf":"f.215DAA1011DB20A6A827E7FB81526F1A.d.6ABD1557629A50659E65147E7CDA8109.e.993"},"getText",[]]}
COMMAND: GET /session/aa0351c8e555b619c84935239d167455/screenshot - {}
]]></system-out>
    </testcase>
    <testcase classname="chrome.138_0_7204_169.windows.Selection_Rules" name="Should check deletion of master data fields" time="6.535">
      <system-out><![CDATA[
RESULT: undefined
COMMAND: POST /session/aa0351c8e555b619c84935239d167455/element - {"using":"xpath","value":"//*[@id=\"__button226-__clone710-img\"]"}
RESULT: {}
RESULT: {"using":"xpath","value":"//*[@id=\"__button226-__clone710-img\"]"}
COMMAND: POST /session/aa0351c8e555b619c84935239d167455/element/f.215DAA1011DB20A6A827E7FB81526F1A.d.6ABD1557629A50659E65147E7CDA8109.e.980/click - {}
RESULT: {}
COMMAND: POST /session/aa0351c8e555b619c84935239d167455/execute/async - {"script":"<script> [21 bytes]","args":[{"selector":{"controlType":"sap.m.Button","viewName":"rfm.selectionruleui.view.SelectionRule","viewId":"application-SelectionRule-manage-component---SelectionRule","properties":{"type":"Transparent"},"searchOpenDialogs":true,"interaction":{"idSuffix":"inner"}},"wdio_ui5_key":"rfmselectionruleui.view.SelectionRulesap.m.Button{\"type\":\"Transparent\"}"}]}
COMMAND: GET /session/aa0351c8e555b619c84935239d167455/screenshot - {}
RESULT: {"script":"<script> [21 bytes]","args":[{"selector":{"controlType":"sap.m.Button","viewName":"rfm.selectionruleui.view.SelectionRule","viewId":"application-SelectionRule-manage-component---SelectionRule","properties":{"type":"Transparent"},"searchOpenDialogs":true,"interaction":{"idSuffix":"inner"}},"wdio_ui5_key":"rfmselectionruleui.view.SelectionRulesap.m.Button{\"type\":\"Transparent\"}"}]}
RESULT: undefined
COMMAND: POST /session/aa0351c8e555b619c84935239d167455/element - {"using":"xpath","value":"//*[@id=\"__item147-imgDel\"]"}
RESULT: {}
RESULT: {"using":"xpath","value":"//*[@id=\"__item147-imgDel\"]"}
COMMAND: POST /session/aa0351c8e555b619c84935239d167455/element/f.215DAA1011DB20A6A827E7FB81526F1A.d.6ABD1557629A50659E65147E7CDA8109.e.1001/click - {}
RESULT: {}
COMMAND: POST /session/aa0351c8e555b619c84935239d167455/execute/async - {"script":"<script> [21 bytes]","args":[{"forceSelect":true,"selector":{"controlType":"sap.m.Button","viewName":"rfm.selectionruleui.view.SelectionRule","viewId":"application-SelectionRule-manage-component---SelectionRule","i18NText":{"propertyName":"text","key":"update"},"searchOpenDialogs":true,"interaction":{"idSuffix":"inner"}},"wdio_ui5_key":"rfmselectionruleui.view.SelectionRulesap.m.Button{\"propertyName\":\"text\",\"key\":\"update\"}"}]}
COMMAND: GET /session/aa0351c8e555b619c84935239d167455/screenshot - {}
RESULT: {"script":"<script> [21 bytes]","args":[{"forceSelect":true,"selector":{"controlType":"sap.m.Button","viewName":"rfm.selectionruleui.view.SelectionRule","viewId":"application-SelectionRule-manage-component---SelectionRule","i18NText":{"propertyName":"text","key":"update"},"searchOpenDialogs":true,"interaction":{"idSuffix":"inner"}},"wdio_ui5_key":"rfmselectionruleui.view.SelectionRulesap.m.Button{\"propertyName\":\"text\",\"key\":\"update\"}"}]}
RESULT: undefined
COMMAND: POST /session/aa0351c8e555b619c84935239d167455/element - {"using":"xpath","value":"//*[@id=\"__button238\"]"}
RESULT: {}
RESULT: {"using":"xpath","value":"//*[@id=\"__button238\"]"}
COMMAND: POST /session/aa0351c8e555b619c84935239d167455/element/f.215DAA1011DB20A6A827E7FB81526F1A.d.6ABD1557629A50659E65147E7CDA8109.e.1004/click - {}
RESULT: {}
COMMAND: POST /session/aa0351c8e555b619c84935239d167455/execute/async - {"script":"<script> [21 bytes]","args":[{"selector":{"controlType":"sap.m.Button","viewName":"rfm.selectionruleui.view.SelectionRule","viewId":"application-SelectionRule-manage-component---SelectionRule","i18NText":{"propertyName":"text","key":"save"},"interaction":{"idSuffix":"content"}},"wdio_ui5_key":"rfmselectionruleui.view.SelectionRulesap.m.Button{\"propertyName\":\"text\",\"key\":\"save\"}"}]}
COMMAND: GET /session/aa0351c8e555b619c84935239d167455/screenshot - {}
RESULT: {"script":"<script> [21 bytes]","args":[{"selector":{"controlType":"sap.m.Button","viewName":"rfm.selectionruleui.view.SelectionRule","viewId":"application-SelectionRule-manage-component---SelectionRule","i18NText":{"propertyName":"text","key":"save"},"interaction":{"idSuffix":"content"}},"wdio_ui5_key":"rfmselectionruleui.view.SelectionRulesap.m.Button{\"propertyName\":\"text\",\"key\":\"save\"}"}]}
RESULT: undefined
COMMAND: POST /session/aa0351c8e555b619c84935239d167455/element - {"using":"xpath","value":"//*[@id=\"__button224\"]"}
RESULT: {}
RESULT: {"using":"xpath","value":"//*[@id=\"__button224\"]"}
COMMAND: POST /session/aa0351c8e555b619c84935239d167455/element/f.215DAA1011DB20A6A827E7FB81526F1A.d.6ABD1557629A50659E65147E7CDA8109.e.929/click - {}
RESULT: {}
RESULT: undefined
COMMAND: POST /session/aa0351c8e555b619c84935239d167455/execute/async - {"script":"<script> [21 bytes]","args":[{"element-6066-11e4-a52e-4f735466cecf":"f.215DAA1011DB20A6A827E7FB81526F1A.d.6ABD1557629A50659E65147E7CDA8109.e.978"},"getText",[]]}
COMMAND: GET /session/aa0351c8e555b619c84935239d167455/screenshot - {}
RESULT: {"script":"<script> [21 bytes]","args":[{"element-6066-11e4-a52e-4f735466cecf":"f.215DAA1011DB20A6A827E7FB81526F1A.d.6ABD1557629A50659E65147E7CDA8109.e.978"},"getText",[]]}
COMMAND: GET /session/aa0351c8e555b619c84935239d167455/screenshot - {}
]]></system-out>
    </testcase>
    <testcase classname="chrome.138_0_7204_169.windows.Selection_Rules" name="Should check Save action" time="13.622">
      <system-out><![CDATA[
RESULT: undefined
COMMAND: POST /session/aa0351c8e555b619c84935239d167455/element - {"using":"xpath","value":"//*[@id=\"__button225\"]"}
RESULT: {}
RESULT: {}
RESULT: {"using":"xpath","value":"//*[@id=\"__button225\"]"}
COMMAND: POST /session/aa0351c8e555b619c84935239d167455/element/f.215DAA1011DB20A6A827E7FB81526F1A.d.6ABD1557629A50659E65147E7CDA8109.e.937/click - {}
RESULT: {}
COMMAND: POST /session/aa0351c8e555b619c84935239d167455/execute/async - {"script":"<script> [21 bytes]","args":[{"forceSelect":true,"selector":{"controlType":"sap.m.CheckBox","viewName":"rfm.selectionruleui.view.SelectionRule","viewId":"application-SelectionRule-manage-component---SelectionRule","properties":{"editable":true},"searchOpenDialogs":true,"ancestor":{"controlType":"sap.m.StandardTreeItem","viewName":"rfm.selectionruleui.view.SelectionRule","viewId":"application-SelectionRule-manage-component---SelectionRule","bindingPath":{"modelName":"localModel","path":"/MasterDataFields/0/nodes/1"},"ancestor":{"id":"application-SelectionRule-manage-component---SelectionRule--idMasterDataTree","searchOpenDialogs":true}},"interaction":{"idSuffix":"CbBg"}},"wdio_ui5_key":"rfmselectionruleui.view.SelectionRulesap.m.CheckBox{\"editable\":true}{\"controlType\":\"sap.m.StandardTreeItem\",\"viewName\":\"rfm.selectionruleui.view.SelectionRule\",\"viewId\":\"application-SelectionRule-manage-component---SelectionRule\",\"bindingPath\":{\"modelName\":\"localModel\",\"path\":\"/MasterDataFields/0/nodes/1\"},\"ancestor\":{\"id\":\"application-SelectionRule-manage-component---SelectionRule--idMasterDataTree\",\"searchOpenDialogs\":true}}"}]}
COMMAND: GET /session/aa0351c8e555b619c84935239d167455/screenshot - {}
RESULT: {"script":"<script> [21 bytes]","args":[{"forceSelect":true,"selector":{"controlType":"sap.m.CheckBox","viewName":"rfm.selectionruleui.view.SelectionRule","viewId":"application-SelectionRule-manage-component---SelectionRule","properties":{"editable":true},"searchOpenDialogs":true,"ancestor":{"controlType":"sap.m.StandardTreeItem","viewName":"rfm.selectionruleui.view.SelectionRule","viewId":"application-SelectionRule-manage-component---SelectionRule","bindingPath":{"modelName":"localModel","path":"/MasterDataFields/0/nodes/1"},"ancestor":{"id":"application-SelectionRule-manage-component---SelectionRule--idMasterDataTree","searchOpenDialogs":true}},"interaction":{"idSuffix":"CbBg"}},"wdio_ui5_key":"rfmselectionruleui.view.SelectionRulesap.m.CheckBox{\"editable\":true}{\"controlType\":\"sap.m.StandardTreeItem\",\"viewName\":\"rfm.selectionruleui.view.SelectionRule\",\"viewId\":\"application-SelectionRule-manage-component---SelectionRule\",\"bindingPath\":{\"modelName\":\"localModel\",\"path\":\"/MasterDataFields/0/nodes/1\"},\"ancestor\":{\"id\":\"application-SelectionRule-manage-component---SelectionRule--idMasterDataTree\",\"searchOpenDialogs\":true}}"}]}
RESULT: undefined
COMMAND: POST /session/aa0351c8e555b619c84935239d167455/element - {"using":"xpath","value":"//*[@id=\"__item148-application-SelectionRule-manage-component---SelectionRule--idMasterDataTree-2-selectMulti\"]"}
RESULT: {}
RESULT: {"using":"xpath","value":"//*[@id=\"__item148-application-SelectionRule-manage-component---SelectionRule--idMasterDataTree-2-selectMulti\"]"}
COMMAND: POST /session/aa0351c8e555b619c84935239d167455/element/f.215DAA1011DB20A6A827E7FB81526F1A.d.6ABD1557629A50659E65147E7CDA8109.e.1045/click - {}
RESULT: {}
COMMAND: POST /session/aa0351c8e555b619c84935239d167455/execute/async - {"script":"<script> [21 bytes]","args":[{"forceSelect":true,"selector":{"controlType":"sap.m.Button","viewName":"rfm.selectionruleui.view.SelectionRule","viewId":"application-SelectionRule-manage-component---SelectionRule","i18NText":{"propertyName":"text","key":"add"},"searchOpenDialogs":true,"interaction":{"idSuffix":"BDI-content"}},"wdio_ui5_key":"rfmselectionruleui.view.SelectionRulesap.m.Button{\"propertyName\":\"text\",\"key\":\"add\"}"}]}
COMMAND: GET /session/aa0351c8e555b619c84935239d167455/screenshot - {}
RESULT: {"script":"<script> [21 bytes]","args":[{"forceSelect":true,"selector":{"controlType":"sap.m.Button","viewName":"rfm.selectionruleui.view.SelectionRule","viewId":"application-SelectionRule-manage-component---SelectionRule","i18NText":{"propertyName":"text","key":"add"},"searchOpenDialogs":true,"interaction":{"idSuffix":"BDI-content"}},"wdio_ui5_key":"rfmselectionruleui.view.SelectionRulesap.m.Button{\"propertyName\":\"text\",\"key\":\"add\"}"}]}
RESULT: undefined
COMMAND: POST /session/aa0351c8e555b619c84935239d167455/element - {"using":"xpath","value":"//*[@id=\"__button242\"]"}
RESULT: {}
RESULT: {"using":"xpath","value":"//*[@id=\"__button242\"]"}
COMMAND: POST /session/aa0351c8e555b619c84935239d167455/element/f.215DAA1011DB20A6A827E7FB81526F1A.d.6ABD1557629A50659E65147E7CDA8109.e.1047/click - {}
RESULT: {}
RESULT: undefined
COMMAND: POST /session/aa0351c8e555b619c84935239d167455/execute/async - {"script":"<script> [21 bytes]","args":[{"element-6066-11e4-a52e-4f735466cecf":"f.215DAA1011DB20A6A827E7FB81526F1A.d.6ABD1557629A50659E65147E7CDA8109.e.978"},"getText",[]]}
COMMAND: GET /session/aa0351c8e555b619c84935239d167455/screenshot - {}
RESULT: {"script":"<script> [21 bytes]","args":[{"element-6066-11e4-a52e-4f735466cecf":"f.215DAA1011DB20A6A827E7FB81526F1A.d.6ABD1557629A50659E65147E7CDA8109.e.978"},"getText",[]]}
RESULT: undefined
COMMAND: POST /session/aa0351c8e555b619c84935239d167455/element - {"using":"xpath","value":"//*[@id=\"__button226-__clone710-img\"]"}
RESULT: {}
RESULT: {"using":"xpath","value":"//*[@id=\"__button226-__clone710-img\"]"}
COMMAND: POST /session/aa0351c8e555b619c84935239d167455/element/f.215DAA1011DB20A6A827E7FB81526F1A.d.6ABD1557629A50659E65147E7CDA8109.e.980/click - {}
RESULT: {}
RESULT: undefined
COMMAND: POST /session/aa0351c8e555b619c84935239d167455/execute/async - {"script":"<script> [20 bytes]","args":[{"enterText":"1000","selector":{"controlType":"sap.m.Input","viewName":"rfm.selectionruleui.view.SelectionRule","viewId":"application-SelectionRule-manage-component---SelectionRule","bindingPath":{"path":"/Rules/0","propertyPath":"LowValue","modelName":"localModel"},"searchOpenDialogs":true,"interaction":{"idSuffix":"inner"}},"clearTextFirst":true,"interactionType":"ENTER_TEXT"}]}
COMMAND: GET /session/aa0351c8e555b619c84935239d167455/screenshot - {}
RESULT: {"script":"<script> [20 bytes]","args":[{"enterText":"1000","selector":{"controlType":"sap.m.Input","viewName":"rfm.selectionruleui.view.SelectionRule","viewId":"application-SelectionRule-manage-component---SelectionRule","bindingPath":{"path":"/Rules/0","propertyPath":"LowValue","modelName":"localModel"},"searchOpenDialogs":true,"interaction":{"idSuffix":"inner"}},"clearTextFirst":true,"interactionType":"ENTER_TEXT"}]}
RESULT: undefined
COMMAND: POST /session/aa0351c8e555b619c84935239d167455/execute/async - {"script":"<script> [20 bytes]","args":[{"enterText":"20000","selector":{"controlType":"sap.m.Input","viewName":"rfm.selectionruleui.view.SelectionRule","viewId":"application-SelectionRule-manage-component---SelectionRule","bindingPath":{"path":"/Rules/0","propertyPath":"HighValue","modelName":"localModel"},"searchOpenDialogs":true,"interaction":{"idSuffix":"inner"}},"clearTextFirst":true,"interactionType":"ENTER_TEXT"}]}
RESULT: {}
RESULT: {"script":"<script> [20 bytes]","args":[{"enterText":"20000","selector":{"controlType":"sap.m.Input","viewName":"rfm.selectionruleui.view.SelectionRule","viewId":"application-SelectionRule-manage-component---SelectionRule","bindingPath":{"path":"/Rules/0","propertyPath":"HighValue","modelName":"localModel"},"searchOpenDialogs":true,"interaction":{"idSuffix":"inner"}},"clearTextFirst":true,"interactionType":"ENTER_TEXT"}]}
COMMAND: POST /session/aa0351c8e555b619c84935239d167455/execute/async - {"script":"<script> [21 bytes]","args":[{"forceSelect":true,"selector":{"controlType":"sap.m.Button","viewName":"rfm.selectionruleui.view.SelectionRule","viewId":"application-SelectionRule-manage-component---SelectionRule","i18NText":{"propertyName":"text","key":"update"},"searchOpenDialogs":true,"interaction":{"idSuffix":"BDI-content"}},"wdio_ui5_key":"rfmselectionruleui.view.SelectionRulesap.m.Button{\"propertyName\":\"text\",\"key\":\"update\"}"}]}
RESULT: {"script":"<script> [21 bytes]","args":[{"forceSelect":true,"selector":{"controlType":"sap.m.Button","viewName":"rfm.selectionruleui.view.SelectionRule","viewId":"application-SelectionRule-manage-component---SelectionRule","i18NText":{"propertyName":"text","key":"update"},"searchOpenDialogs":true,"interaction":{"idSuffix":"BDI-content"}},"wdio_ui5_key":"rfmselectionruleui.view.SelectionRulesap.m.Button{\"propertyName\":\"text\",\"key\":\"update\"}"}]}
RESULT: undefined
COMMAND: POST /session/aa0351c8e555b619c84935239d167455/element - {"using":"xpath","value":"//*[@id=\"__button245\"]"}
RESULT: {"using":"xpath","value":"//*[@id=\"__button245\"]"}
COMMAND: POST /session/aa0351c8e555b619c84935239d167455/element/f.215DAA1011DB20A6A827E7FB81526F1A.d.6ABD1557629A50659E65147E7CDA8109.e.1055/click - {}
RESULT: {}
COMMAND: POST /session/aa0351c8e555b619c84935239d167455/execute/async - {"script":"<script> [21 bytes]","args":[{"forceSelect":true,"selector":{"controlType":"sap.m.Button","viewName":"rfm.selectionruleui.view.SelectionRule","viewId":"application-SelectionRule-manage-component---SelectionRule","i18NText":{"propertyName":"text","key":"save"},"interaction":{"idSuffix":"content"}},"wdio_ui5_key":"rfmselectionruleui.view.SelectionRulesap.m.Button{\"propertyName\":\"text\",\"key\":\"save\"}"}]}
COMMAND: GET /session/aa0351c8e555b619c84935239d167455/screenshot - {}
RESULT: {"script":"<script> [21 bytes]","args":[{"forceSelect":true,"selector":{"controlType":"sap.m.Button","viewName":"rfm.selectionruleui.view.SelectionRule","viewId":"application-SelectionRule-manage-component---SelectionRule","i18NText":{"propertyName":"text","key":"save"},"interaction":{"idSuffix":"content"}},"wdio_ui5_key":"rfmselectionruleui.view.SelectionRulesap.m.Button{\"propertyName\":\"text\",\"key\":\"save\"}"}]}
RESULT: undefined
COMMAND: POST /session/aa0351c8e555b619c84935239d167455/element - {"using":"xpath","value":"//*[@id=\"__button224\"]"}
RESULT: {}
RESULT: {"using":"xpath","value":"//*[@id=\"__button224\"]"}
COMMAND: POST /session/aa0351c8e555b619c84935239d167455/element/f.215DAA1011DB20A6A827E7FB81526F1A.d.6ABD1557629A50659E65147E7CDA8109.e.929/click - {}
RESULT: {}
RESULT: undefined
COMMAND: POST /session/aa0351c8e555b619c84935239d167455/execute/async - {"script":"<script> [21 bytes]","args":[{"element-6066-11e4-a52e-4f735466cecf":"f.215DAA1011DB20A6A827E7FB81526F1A.d.6ABD1557629A50659E65147E7CDA8109.e.978"},"getText",[]]}
COMMAND: GET /session/aa0351c8e555b619c84935239d167455/screenshot - {}
RESULT: {"script":"<script> [21 bytes]","args":[{"element-6066-11e4-a52e-4f735466cecf":"f.215DAA1011DB20A6A827E7FB81526F1A.d.6ABD1557629A50659E65147E7CDA8109.e.978"},"getText",[]]}
COMMAND: GET /session/aa0351c8e555b619c84935239d167455/screenshot - {}
COMMAND: DELETE /session/aa0351c8e555b619c84935239d167455 - {}
RESULT: {}
RESULT: {}
RESULT: {}
]]></system-out>
    </testcase>
  </testsuite>
</testsuites>