<?xml version="1.0" encoding="UTF-8"?>
<testsuites tests="12" failures="0" errors="0" skipped="0">
  <testsuite timestamp="2025-08-06T22:53:12" time="1253.012" tests="12" failures="0" errors="0" skipped="0">
    <properties>
      <property name="specId" value="0"/>
      <property name="suiteName" value="Buyback"/>
      <property name="capabilities" value="chrome.138_0_7204_169.windows"/>
      <property name="file" value="file:///D:/a/1/s/test/specs/BusinessOperations/Buyback.spec.js"/>
    </properties>
    <testcase classname="chrome.138_0_7204_169.windows.Buyback" name="Should create Program" time="158.89">
      <system-out><![CDATA[
COMMAND: POST /session/17f8a147d1f0e687b23e3ab093a7eb5a/execute/async - {"script":"<script> [21 bytes]","args":[{"selector":{"controlType":"sap.m.GenericTile","properties":{"header":"Funding Program"}},"wdio_ui5_key":"sapm.GenericTile{\"header\":\"Funding Program\"}"}]}
RESULT: {"script":"<script> [21 bytes]","args":[{"selector":{"controlType":"sap.m.GenericTile","properties":{"header":"Funding Program"}},"wdio_ui5_key":"sapm.GenericTile{\"header\":\"Funding Program\"}"}]}
RESULT: undefined
COMMAND: POST /session/17f8a147d1f0e687b23e3ab093a7eb5a/element - {"using":"xpath","value":"//*[@id=\"__tile29\"]"}
RESULT: {"using":"xpath","value":"//*[@id=\"__tile29\"]"}
COMMAND: POST /session/17f8a147d1f0e687b23e3ab093a7eb5a/element/f.A20B243DB8CAE8823476B95BA6BC73CC.d.528B125B8C22184889DA46A3BFF16576.e.78/click - {}
RESULT: {}
COMMAND: POST /session/17f8a147d1f0e687b23e3ab093a7eb5a/execute/async - {"script":"<script> [21 bytes]","args":[{"selector":{"id":"rfm.programui::xRFMxCU_ProgramList--fe::table::allTab::LineItem::StandardAction::Create","controlType":"sap.m.Button"},"wdio_ui5_key":"rfmprogramui::xRFMxCU_ProgramList--fe::table::allTab::LineItem::StandardAction::Createsap.m.Button"}]}
COMMAND: GET /session/17f8a147d1f0e687b23e3ab093a7eb5a/screenshot - {}
RESULT: {"script":"<script> [21 bytes]","args":[{"selector":{"id":"rfm.programui::xRFMxCU_ProgramList--fe::table::allTab::LineItem::StandardAction::Create","controlType":"sap.m.Button"},"wdio_ui5_key":"rfmprogramui::xRFMxCU_ProgramList--fe::table::allTab::LineItem::StandardAction::Createsap.m.Button"}]}
RESULT: undefined
COMMAND: POST /session/17f8a147d1f0e687b23e3ab093a7eb5a/element - {"using":"xpath","value":"//*[@id=\"rfm.programui::xRFMxCU_ProgramList--fe::table::allTab::LineItem::StandardAction::Create\"]"}
RESULT: {}
RESULT: {"using":"xpath","value":"//*[@id=\"rfm.programui::xRFMxCU_ProgramList--fe::table::allTab::LineItem::StandardAction::Create\"]"}
COMMAND: POST /session/17f8a147d1f0e687b23e3ab093a7eb5a/element/f.A20B243DB8CAE8823476B95BA6BC73CC.d.528B125B8C22184889DA46A3BFF16576.e.143/click - {}
RESULT: {}
COMMAND: GET /session/17f8a147d1f0e687b23e3ab093a7eb5a/screenshot - {}
RESULT: {}
COMMAND: POST /session/17f8a147d1f0e687b23e3ab093a7eb5a/execute/async - {"script":"<script> [21 bytes]","args":[{"selector":{"id":"CreateDialog::xRFMxCU_ProgramType::FundingScope-inner","searchOpenDialogs":true,"interaction":{"idSuffix":"inner"}},"wdio_ui5_key":"CreateDialogxRFMxCU_ProgramType::FundingScope-inner"}]}
RESULT: {"script":"<script> [21 bytes]","args":[{"selector":{"id":"CreateDialog::xRFMxCU_ProgramType::FundingScope-inner","searchOpenDialogs":true,"interaction":{"idSuffix":"inner"}},"wdio_ui5_key":"CreateDialogxRFMxCU_ProgramType::FundingScope-inner"}]}
RESULT: undefined
COMMAND: POST /session/17f8a147d1f0e687b23e3ab093a7eb5a/execute/async - {"script":"<script> [20 bytes]","args":[{"enterText":"Total","selector":{"id":"CreateDialog::xRFMxCU_ProgramType::FundingScope-inner","searchOpenDialogs":true,"interaction":{"idSuffix":"inner"}},"clearTextFirst":true,"interactionType":"ENTER_TEXT"}]}
RESULT: {"script":"<script> [20 bytes]","args":[{"enterText":"Total","selector":{"id":"CreateDialog::xRFMxCU_ProgramType::FundingScope-inner","searchOpenDialogs":true,"interaction":{"idSuffix":"inner"}},"clearTextFirst":true,"interactionType":"ENTER_TEXT"}]}
COMMAND: POST /session/17f8a147d1f0e687b23e3ab093a7eb5a/execute/async - {"script":"<script> [21 bytes]","args":[{"selector":{"id":"CreateDialog::xRFMxCU_ProgramType::ValidFrom-inner","searchOpenDialogs":true,"interaction":{"idSuffix":"inner"}},"wdio_ui5_key":"CreateDialogxRFMxCU_ProgramType::ValidFrom-inner"}]}
RESULT: {"script":"<script> [21 bytes]","args":[{"selector":{"id":"CreateDialog::xRFMxCU_ProgramType::ValidFrom-inner","searchOpenDialogs":true,"interaction":{"idSuffix":"inner"}},"wdio_ui5_key":"CreateDialogxRFMxCU_ProgramType::ValidFrom-inner"}]}
RESULT: undefined
COMMAND: POST /session/17f8a147d1f0e687b23e3ab093a7eb5a/execute/async - {"script":"<script> [20 bytes]","args":[{"enterText":"2025-01-01","selector":{"id":"CreateDialog::xRFMxCU_ProgramType::ValidFrom-inner","searchOpenDialogs":true,"interaction":{"idSuffix":"inner"}},"clearTextFirst":true,"interactionType":"ENTER_TEXT"}]}
RESULT: {"script":"<script> [20 bytes]","args":[{"enterText":"2025-01-01","selector":{"id":"CreateDialog::xRFMxCU_ProgramType::ValidFrom-inner","searchOpenDialogs":true,"interaction":{"idSuffix":"inner"}},"clearTextFirst":true,"interactionType":"ENTER_TEXT"}]}
COMMAND: POST /session/17f8a147d1f0e687b23e3ab093a7eb5a/execute/async - {"script":"<script> [21 bytes]","args":[{"selector":{"id":"CreateDialog::xRFMxCU_ProgramType::PortfolioId-inner","searchOpenDialogs":true,"interaction":{"idSuffix":"inner"}},"wdio_ui5_key":"CreateDialogxRFMxCU_ProgramType::PortfolioId-inner"}]}
RESULT: {"script":"<script> [21 bytes]","args":[{"selector":{"id":"CreateDialog::xRFMxCU_ProgramType::PortfolioId-inner","searchOpenDialogs":true,"interaction":{"idSuffix":"inner"}},"wdio_ui5_key":"CreateDialogxRFMxCU_ProgramType::PortfolioId-inner"}]}
RESULT: undefined
COMMAND: POST /session/17f8a147d1f0e687b23e3ab093a7eb5a/execute/async - {"script":"<script> [20 bytes]","args":[{"enterText":"1","selector":{"id":"CreateDialog::xRFMxCU_ProgramType::PortfolioId-inner","searchOpenDialogs":true,"interaction":{"idSuffix":"inner"}},"clearTextFirst":true,"interactionType":"ENTER_TEXT"}]}
RESULT: {"script":"<script> [20 bytes]","args":[{"enterText":"1","selector":{"id":"CreateDialog::xRFMxCU_ProgramType::PortfolioId-inner","searchOpenDialogs":true,"interaction":{"idSuffix":"inner"}},"clearTextFirst":true,"interactionType":"ENTER_TEXT"}]}
COMMAND: POST /session/17f8a147d1f0e687b23e3ab093a7eb5a/execute/async - {"script":"<script> [21 bytes]","args":[{"selector":{"controlType":"sap.m.Button","viewName":"sap.fe.templates.ObjectPage.ObjectPage","viewId":"rfm.programui::xRFMxCU_ProgramObjectPage","properties":{"text":"Continue"},"searchOpenDialogs":true,"interaction":{"idSuffix":"BDI-content"}},"wdio_ui5_key":"sapfe.templates.ObjectPage.ObjectPagesap.m.Button{\"text\":\"Continue\"}"}]}
RESULT: {"script":"<script> [21 bytes]","args":[{"selector":{"controlType":"sap.m.Button","viewName":"sap.fe.templates.ObjectPage.ObjectPage","viewId":"rfm.programui::xRFMxCU_ProgramObjectPage","properties":{"text":"Continue"},"searchOpenDialogs":true,"interaction":{"idSuffix":"BDI-content"}},"wdio_ui5_key":"sapfe.templates.ObjectPage.ObjectPagesap.m.Button{\"text\":\"Continue\"}"}]}
RESULT: undefined
COMMAND: POST /session/17f8a147d1f0e687b23e3ab093a7eb5a/element - {"using":"xpath","value":"//*[@id=\"__button187\"]"}
RESULT: {"using":"xpath","value":"//*[@id=\"__button187\"]"}
COMMAND: POST /session/17f8a147d1f0e687b23e3ab093a7eb5a/element/f.A20B243DB8CAE8823476B95BA6BC73CC.d.528B125B8C22184889DA46A3BFF16576.e.303/click - {}
RESULT: {}
COMMAND: GET /session/17f8a147d1f0e687b23e3ab093a7eb5a/screenshot - {}
RESULT: {}
COMMAND: POST /session/17f8a147d1f0e687b23e3ab093a7eb5a/execute/async - {"script":"<script> [21 bytes]","args":[{"selector":{"id":"rfm.programui::xRFMxCU_ProgramObjectPage--fe::CustomSubSection::CustomDetailsSection--fe::FormContainer::FieldGroup::basicData1::FormElement::DataField::Currency::Field-edit-inner","interaction":{"idSuffix":"inner"}},"wdio_ui5_key":"rfmprogramui::xRFMxCU_ProgramObjectPage--fe::CustomSubSection::CustomDetailsSection--fe::FormContainer::FieldGroup::basicData1::FormElement::DataField::Currency::Field-edit-inner"}]}
RESULT: {"script":"<script> [21 bytes]","args":[{"selector":{"id":"rfm.programui::xRFMxCU_ProgramObjectPage--fe::CustomSubSection::CustomDetailsSection--fe::FormContainer::FieldGroup::basicData1::FormElement::DataField::Currency::Field-edit-inner","interaction":{"idSuffix":"inner"}},"wdio_ui5_key":"rfmprogramui::xRFMxCU_ProgramObjectPage--fe::CustomSubSection::CustomDetailsSection--fe::FormContainer::FieldGroup::basicData1::FormElement::DataField::Currency::Field-edit-inner"}]}
RESULT: undefined
COMMAND: POST /session/17f8a147d1f0e687b23e3ab093a7eb5a/execute/async - {"script":"<script> [20 bytes]","args":[{"enterText":"EUR","selector":{"id":"rfm.programui::xRFMxCU_ProgramObjectPage--fe::CustomSubSection::CustomDetailsSection--fe::FormContainer::FieldGroup::basicData1::FormElement::DataField::Currency::Field-edit-inner","interaction":{"idSuffix":"inner"}},"clearTextFirst":true,"interactionType":"ENTER_TEXT"}]}
RESULT: {"script":"<script> [20 bytes]","args":[{"enterText":"EUR","selector":{"id":"rfm.programui::xRFMxCU_ProgramObjectPage--fe::CustomSubSection::CustomDetailsSection--fe::FormContainer::FieldGroup::basicData1::FormElement::DataField::Currency::Field-edit-inner","interaction":{"idSuffix":"inner"}},"clearTextFirst":true,"interactionType":"ENTER_TEXT"}]}
COMMAND: POST /session/17f8a147d1f0e687b23e3ab093a7eb5a/execute/async - {"script":"<script> [21 bytes]","args":[{"selector":{"id":"rfm.programui::xRFMxCU_ProgramObjectPage--fe::CustomSubSection::CustomDetailsSection--fe::FormContainer::FieldGroup::basicData1::FormElement::DataField::Volume::Field-edit-inner","interaction":{"idSuffix":"inner"}},"wdio_ui5_key":"rfmprogramui::xRFMxCU_ProgramObjectPage--fe::CustomSubSection::CustomDetailsSection--fe::FormContainer::FieldGroup::basicData1::FormElement::DataField::Volume::Field-edit-inner"}]}
RESULT: {"script":"<script> [21 bytes]","args":[{"selector":{"id":"rfm.programui::xRFMxCU_ProgramObjectPage--fe::CustomSubSection::CustomDetailsSection--fe::FormContainer::FieldGroup::basicData1::FormElement::DataField::Volume::Field-edit-inner","interaction":{"idSuffix":"inner"}},"wdio_ui5_key":"rfmprogramui::xRFMxCU_ProgramObjectPage--fe::CustomSubSection::CustomDetailsSection--fe::FormContainer::FieldGroup::basicData1::FormElement::DataField::Volume::Field-edit-inner"}]}
RESULT: undefined
COMMAND: POST /session/17f8a147d1f0e687b23e3ab093a7eb5a/execute/async - {"script":"<script> [20 bytes]","args":[{"enterText":"1,000,000,000.00","selector":{"id":"rfm.programui::xRFMxCU_ProgramObjectPage--fe::CustomSubSection::CustomDetailsSection--fe::FormContainer::FieldGroup::basicData1::FormElement::DataField::Volume::Field-edit-inner","interaction":{"idSuffix":"inner"}},"clearTextFirst":true,"interactionType":"ENTER_TEXT"}]}
RESULT: {"script":"<script> [20 bytes]","args":[{"enterText":"1,000,000,000.00","selector":{"id":"rfm.programui::xRFMxCU_ProgramObjectPage--fe::CustomSubSection::CustomDetailsSection--fe::FormContainer::FieldGroup::basicData1::FormElement::DataField::Volume::Field-edit-inner","interaction":{"idSuffix":"inner"}},"clearTextFirst":true,"interactionType":"ENTER_TEXT"}]}
COMMAND: POST /session/17f8a147d1f0e687b23e3ab093a7eb5a/execute/async - {"script":"<script> [21 bytes]","args":[{"selector":{"id":"rfm.programui::xRFMxCU_ProgramObjectPage--fe::CustomSubSection::CustomDetailsSection--fe::FormContainer::FieldGroup::basicData1::FormElement::DataField::ValidTo::Field-edit","interaction":{"idSuffix":"inner"}},"wdio_ui5_key":"rfmprogramui::xRFMxCU_ProgramObjectPage--fe::CustomSubSection::CustomDetailsSection--fe::FormContainer::FieldGroup::basicData1::FormElement::DataField::ValidTo::Field-edit"}]}
RESULT: {"script":"<script> [21 bytes]","args":[{"selector":{"id":"rfm.programui::xRFMxCU_ProgramObjectPage--fe::CustomSubSection::CustomDetailsSection--fe::FormContainer::FieldGroup::basicData1::FormElement::DataField::ValidTo::Field-edit","interaction":{"idSuffix":"inner"}},"wdio_ui5_key":"rfmprogramui::xRFMxCU_ProgramObjectPage--fe::CustomSubSection::CustomDetailsSection--fe::FormContainer::FieldGroup::basicData1::FormElement::DataField::ValidTo::Field-edit"}]}
RESULT: undefined
COMMAND: POST /session/17f8a147d1f0e687b23e3ab093a7eb5a/execute/async - {"script":"<script> [20 bytes]","args":[{"enterText":"2027-12-31","selector":{"id":"rfm.programui::xRFMxCU_ProgramObjectPage--fe::CustomSubSection::CustomDetailsSection--fe::FormContainer::FieldGroup::basicData1::FormElement::DataField::ValidTo::Field-edit","interaction":{"idSuffix":"inner"}},"clearTextFirst":true,"interactionType":"ENTER_TEXT"}]}
RESULT: {"script":"<script> [20 bytes]","args":[{"enterText":"2027-12-31","selector":{"id":"rfm.programui::xRFMxCU_ProgramObjectPage--fe::CustomSubSection::CustomDetailsSection--fe::FormContainer::FieldGroup::basicData1::FormElement::DataField::ValidTo::Field-edit","interaction":{"idSuffix":"inner"}},"clearTextFirst":true,"interactionType":"ENTER_TEXT"}]}
COMMAND: POST /session/17f8a147d1f0e687b23e3ab093a7eb5a/execute/async - {"script":"<script> [21 bytes]","args":[{"selector":{"id":"rfm.programui::xRFMxCU_ProgramObjectPage--fe::CustomSubSection::CustomDetailsSection--fe::FormContainer::FieldGroup::basicData2::FormElement::DataField::CompanyCode::Field-edit-inner","interaction":{"idSuffix":"inner"}},"wdio_ui5_key":"rfmprogramui::xRFMxCU_ProgramObjectPage--fe::CustomSubSection::CustomDetailsSection--fe::FormContainer::FieldGroup::basicData2::FormElement::DataField::CompanyCode::Field-edit-inner"}]}
RESULT: {"script":"<script> [21 bytes]","args":[{"selector":{"id":"rfm.programui::xRFMxCU_ProgramObjectPage--fe::CustomSubSection::CustomDetailsSection--fe::FormContainer::FieldGroup::basicData2::FormElement::DataField::CompanyCode::Field-edit-inner","interaction":{"idSuffix":"inner"}},"wdio_ui5_key":"rfmprogramui::xRFMxCU_ProgramObjectPage--fe::CustomSubSection::CustomDetailsSection--fe::FormContainer::FieldGroup::basicData2::FormElement::DataField::CompanyCode::Field-edit-inner"}]}
RESULT: undefined
COMMAND: POST /session/17f8a147d1f0e687b23e3ab093a7eb5a/execute/async - {"script":"<script> [20 bytes]","args":[{"enterText":"BearingPoint (0001)","selector":{"id":"rfm.programui::xRFMxCU_ProgramObjectPage--fe::CustomSubSection::CustomDetailsSection--fe::FormContainer::FieldGroup::basicData2::FormElement::DataField::CompanyCode::Field-edit-inner","interaction":{"idSuffix":"inner"}},"clearTextFirst":true,"interactionType":"ENTER_TEXT"}]}
RESULT: {"script":"<script> [20 bytes]","args":[{"enterText":"BearingPoint (0001)","selector":{"id":"rfm.programui::xRFMxCU_ProgramObjectPage--fe::CustomSubSection::CustomDetailsSection--fe::FormContainer::FieldGroup::basicData2::FormElement::DataField::CompanyCode::Field-edit-inner","interaction":{"idSuffix":"inner"}},"clearTextFirst":true,"interactionType":"ENTER_TEXT"}]}
COMMAND: POST /session/17f8a147d1f0e687b23e3ab093a7eb5a/execute/async - {"script":"<script> [21 bytes]","args":[{"selector":{"id":"rfm.programui::xRFMxCU_ProgramObjectPage--fe::CustomSubSection::CustomDetailsSection--DetailsFundingTypesTable-content::StandardAction::Create","interaction":{"idSuffix":"BDI-content"}},"wdio_ui5_key":"rfmprogramui::xRFMxCU_ProgramObjectPage--fe::CustomSubSection::CustomDetailsSection--DetailsFundingTypesTable-content::StandardAction::Create"}]}
RESULT: {"script":"<script> [21 bytes]","args":[{"selector":{"id":"rfm.programui::xRFMxCU_ProgramObjectPage--fe::CustomSubSection::CustomDetailsSection--DetailsFundingTypesTable-content::StandardAction::Create","interaction":{"idSuffix":"BDI-content"}},"wdio_ui5_key":"rfmprogramui::xRFMxCU_ProgramObjectPage--fe::CustomSubSection::CustomDetailsSection--DetailsFundingTypesTable-content::StandardAction::Create"}]}
RESULT: undefined
COMMAND: POST /session/17f8a147d1f0e687b23e3ab093a7eb5a/element - {"using":"xpath","value":"//*[@id=\"rfm.programui::xRFMxCU_ProgramObjectPage--fe::CustomSubSection::CustomDetailsSection--DetailsFundingTypesTable-content::StandardAction::Create\"]"}
RESULT: {"using":"xpath","value":"//*[@id=\"rfm.programui::xRFMxCU_ProgramObjectPage--fe::CustomSubSection::CustomDetailsSection--DetailsFundingTypesTable-content::StandardAction::Create\"]"}
COMMAND: POST /session/17f8a147d1f0e687b23e3ab093a7eb5a/element/f.A20B243DB8CAE8823476B95BA6BC73CC.d.528B125B8C22184889DA46A3BFF16576.e.358/click - {}
RESULT: {}
COMMAND: POST /session/17f8a147d1f0e687b23e3ab093a7eb5a/execute/async - {"script":"<script> [21 bytes]","args":[{"selector":{"id":"CreateDialog::xRFMxCU_ProgramFundingTypeType::FundingType-inner","searchOpenDialogs":true,"interaction":{"idSuffix":"inner"}},"wdio_ui5_key":"CreateDialogxRFMxCU_ProgramFundingTypeType::FundingType-inner"}]}
COMMAND: GET /session/17f8a147d1f0e687b23e3ab093a7eb5a/screenshot - {}
RESULT: {"script":"<script> [21 bytes]","args":[{"selector":{"id":"CreateDialog::xRFMxCU_ProgramFundingTypeType::FundingType-inner","searchOpenDialogs":true,"interaction":{"idSuffix":"inner"}},"wdio_ui5_key":"CreateDialogxRFMxCU_ProgramFundingTypeType::FundingType-inner"}]}
RESULT: undefined
COMMAND: POST /session/17f8a147d1f0e687b23e3ab093a7eb5a/execute/async - {"script":"<script> [20 bytes]","args":[{"enterText":"External Funding (40)","selector":{"id":"CreateDialog::xRFMxCU_ProgramFundingTypeType::FundingType-inner","searchOpenDialogs":true,"interaction":{"idSuffix":"inner"}},"clearTextFirst":true,"interactionType":"ENTER_TEXT"}]}
RESULT: {}
RESULT: {"script":"<script> [20 bytes]","args":[{"enterText":"External Funding (40)","selector":{"id":"CreateDialog::xRFMxCU_ProgramFundingTypeType::FundingType-inner","searchOpenDialogs":true,"interaction":{"idSuffix":"inner"}},"clearTextFirst":true,"interactionType":"ENTER_TEXT"}]}
COMMAND: POST /session/17f8a147d1f0e687b23e3ab093a7eb5a/execute/async - {"script":"<script> [21 bytes]","args":[{"selector":{"id":"CreateDialog::xRFMxCU_Program::_AllowedFundingType-footer","searchOpenDialogs":true},"wdio_ui5_key":"CreateDialogxRFMxCU_Program::_AllowedFundingType-footer"}]}
RESULT: {"script":"<script> [21 bytes]","args":[{"selector":{"id":"CreateDialog::xRFMxCU_Program::_AllowedFundingType-footer","searchOpenDialogs":true},"wdio_ui5_key":"CreateDialogxRFMxCU_Program::_AllowedFundingType-footer"}]}
RESULT: undefined
COMMAND: POST /session/17f8a147d1f0e687b23e3ab093a7eb5a/element - {"using":"xpath","value":"//*[@id=\"CreateDialog::xRFMxCU_Program::_AllowedFundingType-footer\"]"}
RESULT: {"using":"xpath","value":"//*[@id=\"CreateDialog::xRFMxCU_Program::_AllowedFundingType-footer\"]"}
COMMAND: POST /session/17f8a147d1f0e687b23e3ab093a7eb5a/element/f.A20B243DB8CAE8823476B95BA6BC73CC.d.528B125B8C22184889DA46A3BFF16576.e.501/click - {}
RESULT: {}
COMMAND: GET /session/17f8a147d1f0e687b23e3ab093a7eb5a/screenshot - {}
RESULT: {}
COMMAND: POST /session/17f8a147d1f0e687b23e3ab093a7eb5a/execute/async - {"script":"<script> [21 bytes]","args":[{"forceSelect":true,"selector":{"controlType":"sap.m.Button","viewName":"sap.fe.templates.ObjectPage.ObjectPage","viewId":"rfm.programui::xRFMxCU_Program__AllowedFundingTypeObjectPage","properties":{"text":"Continue"},"searchOpenDialogs":true,"interaction":{"idSuffix":"content"}},"wdio_ui5_key":"sapfe.templates.ObjectPage.ObjectPagesap.m.Button{\"text\":\"Continue\"}"}]}
RESULT: {"script":"<script> [21 bytes]","args":[{"forceSelect":true,"selector":{"controlType":"sap.m.Button","viewName":"sap.fe.templates.ObjectPage.ObjectPage","viewId":"rfm.programui::xRFMxCU_Program__AllowedFundingTypeObjectPage","properties":{"text":"Continue"},"searchOpenDialogs":true,"interaction":{"idSuffix":"content"}},"wdio_ui5_key":"sapfe.templates.ObjectPage.ObjectPagesap.m.Button{\"text\":\"Continue\"}"}]}
RESULT: undefined
COMMAND: POST /session/17f8a147d1f0e687b23e3ab093a7eb5a/element - {"using":"xpath","value":"//*[@id=\"__button199\"]"}
RESULT: {"using":"xpath","value":"//*[@id=\"__button199\"]"}
COMMAND: POST /session/17f8a147d1f0e687b23e3ab093a7eb5a/element/f.A20B243DB8CAE8823476B95BA6BC73CC.d.528B125B8C22184889DA46A3BFF16576.e.503/click - {}
RESULT: {}
COMMAND: GET /session/17f8a147d1f0e687b23e3ab093a7eb5a/screenshot - {}
RESULT: {}
COMMAND: POST /session/17f8a147d1f0e687b23e3ab093a7eb5a/execute/async - {"script":"<script> [21 bytes]","args":[{"selector":{"id":"rfm.programui::xRFMxCU_Program__AllowedFundingTypeObjectPage--fe::FooterBar::_fc"},"wdio_ui5_key":"rfmprogramui::xRFMxCU_Program__AllowedFundingTypeObjectPage--fe::FooterBar::_fc"}]}
RESULT: {"script":"<script> [21 bytes]","args":[{"selector":{"id":"rfm.programui::xRFMxCU_Program__AllowedFundingTypeObjectPage--fe::FooterBar::_fc"},"wdio_ui5_key":"rfmprogramui::xRFMxCU_Program__AllowedFundingTypeObjectPage--fe::FooterBar::_fc"}]}
RESULT: undefined
COMMAND: POST /session/17f8a147d1f0e687b23e3ab093a7eb5a/element - {"using":"xpath","value":"//*[@id=\"rfm.programui::xRFMxCU_Program__AllowedFundingTypeObjectPage--fe::FooterBar::_fc\"]"}
RESULT: {"using":"xpath","value":"//*[@id=\"rfm.programui::xRFMxCU_Program__AllowedFundingTypeObjectPage--fe::FooterBar::_fc\"]"}
COMMAND: POST /session/17f8a147d1f0e687b23e3ab093a7eb5a/element/f.A20B243DB8CAE8823476B95BA6BC73CC.d.528B125B8C22184889DA46A3BFF16576.e.510/click - {}
RESULT: {}
COMMAND: GET /session/17f8a147d1f0e687b23e3ab093a7eb5a/screenshot - {}
RESULT: {}
COMMAND: POST /session/17f8a147d1f0e687b23e3ab093a7eb5a/execute/async - {"script":"<script> [21 bytes]","args":[{"forceSelect":true,"selector":{"id":"rfm.programui::xRFMxCU_Program__AllowedFundingTypeObjectPage--fe::FooterBar::StandardAction::Apply"},"wdio_ui5_key":"rfmprogramui::xRFMxCU_Program__AllowedFundingTypeObjectPage--fe::FooterBar::StandardAction::Apply"}]}
RESULT: {"script":"<script> [21 bytes]","args":[{"forceSelect":true,"selector":{"id":"rfm.programui::xRFMxCU_Program__AllowedFundingTypeObjectPage--fe::FooterBar::StandardAction::Apply"},"wdio_ui5_key":"rfmprogramui::xRFMxCU_Program__AllowedFundingTypeObjectPage--fe::FooterBar::StandardAction::Apply"}]}
RESULT: undefined
COMMAND: POST /session/17f8a147d1f0e687b23e3ab093a7eb5a/element - {"using":"xpath","value":"//*[@id=\"rfm.programui::xRFMxCU_Program__AllowedFundingTypeObjectPage--fe::FooterBar::StandardAction::Apply\"]"}
RESULT: {"using":"xpath","value":"//*[@id=\"rfm.programui::xRFMxCU_Program__AllowedFundingTypeObjectPage--fe::FooterBar::StandardAction::Apply\"]"}
COMMAND: POST /session/17f8a147d1f0e687b23e3ab093a7eb5a/element/f.A20B243DB8CAE8823476B95BA6BC73CC.d.528B125B8C22184889DA46A3BFF16576.e.491/click - {}
RESULT: {}
COMMAND: GET /session/17f8a147d1f0e687b23e3ab093a7eb5a/screenshot - {}
RESULT: {}
COMMAND: POST /session/17f8a147d1f0e687b23e3ab093a7eb5a/execute/async - {"script":"<script> [21 bytes]","args":[{"selector":{"id":"rfm.programui::xRFMxCU_ProgramObjectPage--fe::ObjectPage-anchBar-rfm.programui::xRFMxCU_ProgramObjectPage--fe::EditableHeaderSection-anchor","interaction":{"idSuffix":"text"}},"wdio_ui5_key":"rfmprogramui::xRFMxCU_ProgramObjectPage--fe::ObjectPage-anchBar-rfm.programui::xRFMxCU_ProgramObjectPage--fe::EditableHeaderSection-anchor"}]}
RESULT: {"script":"<script> [21 bytes]","args":[{"selector":{"id":"rfm.programui::xRFMxCU_ProgramObjectPage--fe::ObjectPage-anchBar-rfm.programui::xRFMxCU_ProgramObjectPage--fe::EditableHeaderSection-anchor","interaction":{"idSuffix":"text"}},"wdio_ui5_key":"rfmprogramui::xRFMxCU_ProgramObjectPage--fe::ObjectPage-anchBar-rfm.programui::xRFMxCU_ProgramObjectPage--fe::EditableHeaderSection-anchor"}]}
RESULT: undefined
COMMAND: POST /session/17f8a147d1f0e687b23e3ab093a7eb5a/element - {"using":"xpath","value":"//*[@id=\"rfm.programui::xRFMxCU_ProgramObjectPage--fe::ObjectPage-anchBar-rfm.programui::xRFMxCU_ProgramObjectPage--fe::EditableHeaderSection-anchor\"]"}
RESULT: {"using":"xpath","value":"//*[@id=\"rfm.programui::xRFMxCU_ProgramObjectPage--fe::ObjectPage-anchBar-rfm.programui::xRFMxCU_ProgramObjectPage--fe::EditableHeaderSection-anchor\"]"}
COMMAND: POST /session/17f8a147d1f0e687b23e3ab093a7eb5a/element/f.A20B243DB8CAE8823476B95BA6BC73CC.d.528B125B8C22184889DA46A3BFF16576.e.561/click - {}
RESULT: {}
COMMAND: GET /session/17f8a147d1f0e687b23e3ab093a7eb5a/screenshot - {}
RESULT: {}
COMMAND: POST /session/17f8a147d1f0e687b23e3ab093a7eb5a/execute/async - {"script":"<script> [21 bytes]","args":[{"selector":{"id":"rfm.programui::xRFMxCU_ProgramObjectPage--fe::HeaderFacet::FormContainer::headerFieldsGP1::FormElement::DataField::Name::Field-edit","interaction":{"idSuffix":"inner"}},"wdio_ui5_key":"rfmprogramui::xRFMxCU_ProgramObjectPage--fe::HeaderFacet::FormContainer::headerFieldsGP1::FormElement::DataField::Name::Field-edit"}]}
RESULT: {"script":"<script> [21 bytes]","args":[{"selector":{"id":"rfm.programui::xRFMxCU_ProgramObjectPage--fe::HeaderFacet::FormContainer::headerFieldsGP1::FormElement::DataField::Name::Field-edit","interaction":{"idSuffix":"inner"}},"wdio_ui5_key":"rfmprogramui::xRFMxCU_ProgramObjectPage--fe::HeaderFacet::FormContainer::headerFieldsGP1::FormElement::DataField::Name::Field-edit"}]}
RESULT: undefined
COMMAND: POST /session/17f8a147d1f0e687b23e3ab093a7eb5a/execute/async - {"script":"<script> [20 bytes]","args":[{"enterText":"WDIO_Buyback_2025-08-06_22-53-00","selector":{"id":"rfm.programui::xRFMxCU_ProgramObjectPage--fe::HeaderFacet::FormContainer::headerFieldsGP1::FormElement::DataField::Name::Field-edit","interaction":{"idSuffix":"inner"}},"clearTextFirst":true,"interactionType":"ENTER_TEXT"}]}
RESULT: {"script":"<script> [20 bytes]","args":[{"enterText":"WDIO_Buyback_2025-08-06_22-53-00","selector":{"id":"rfm.programui::xRFMxCU_ProgramObjectPage--fe::HeaderFacet::FormContainer::headerFieldsGP1::FormElement::DataField::Name::Field-edit","interaction":{"idSuffix":"inner"}},"clearTextFirst":true,"interactionType":"ENTER_TEXT"}]}
COMMAND: POST /session/17f8a147d1f0e687b23e3ab093a7eb5a/execute/async - {"script":"<script> [21 bytes]","args":[{"selector":{"id":"rfm.programui::xRFMxCU_ProgramObjectPage--fe::FooterBar::StandardAction::Save","interaction":{"idSuffix":"BDI-content"}},"wdio_ui5_key":"rfmprogramui::xRFMxCU_ProgramObjectPage--fe::FooterBar::StandardAction::Save"}]}
RESULT: {"script":"<script> [21 bytes]","args":[{"selector":{"id":"rfm.programui::xRFMxCU_ProgramObjectPage--fe::FooterBar::StandardAction::Save","interaction":{"idSuffix":"BDI-content"}},"wdio_ui5_key":"rfmprogramui::xRFMxCU_ProgramObjectPage--fe::FooterBar::StandardAction::Save"}]}
RESULT: undefined
COMMAND: POST /session/17f8a147d1f0e687b23e3ab093a7eb5a/element - {"using":"xpath","value":"//*[@id=\"rfm.programui::xRFMxCU_ProgramObjectPage--fe::FooterBar::StandardAction::Save\"]"}
RESULT: {"using":"xpath","value":"//*[@id=\"rfm.programui::xRFMxCU_ProgramObjectPage--fe::FooterBar::StandardAction::Save\"]"}
COMMAND: POST /session/17f8a147d1f0e687b23e3ab093a7eb5a/element/f.A20B243DB8CAE8823476B95BA6BC73CC.d.528B125B8C22184889DA46A3BFF16576.e.416/click - {}
RESULT: {}
COMMAND: POST /session/17f8a147d1f0e687b23e3ab093a7eb5a/execute/async - {"script":"<script> [21 bytes]","args":[{"selector":{"id":"rfm.programui::xRFMxCU_ProgramObjectPage--fe::HeaderFacet::Form::headerFieldsGP1::DataField::ProgramId::Field-content"},"wdio_ui5_key":"rfmprogramui::xRFMxCU_ProgramObjectPage--fe::HeaderFacet::Form::headerFieldsGP1::DataField::ProgramId::Field-content"}]}
COMMAND: GET /session/17f8a147d1f0e687b23e3ab093a7eb5a/screenshot - {}
RESULT: {"script":"<script> [21 bytes]","args":[{"selector":{"id":"rfm.programui::xRFMxCU_ProgramObjectPage--fe::HeaderFacet::Form::headerFieldsGP1::DataField::ProgramId::Field-content"},"wdio_ui5_key":"rfmprogramui::xRFMxCU_ProgramObjectPage--fe::HeaderFacet::Form::headerFieldsGP1::DataField::ProgramId::Field-content"}]}
RESULT: undefined
COMMAND: POST /session/17f8a147d1f0e687b23e3ab093a7eb5a/execute/async - {"script":"<script> [21 bytes]","args":[{"element-6066-11e4-a52e-4f735466cecf":"f.A20B243DB8CAE8823476B95BA6BC73CC.d.528B125B8C22184889DA46A3BFF16576.e.577"},"getText",[]]}
RESULT: {}
RESULT: {"script":"<script> [21 bytes]","args":[{"element-6066-11e4-a52e-4f735466cecf":"f.A20B243DB8CAE8823476B95BA6BC73CC.d.528B125B8C22184889DA46A3BFF16576.e.577"},"getText",[]]}
COMMAND: POST /session/17f8a147d1f0e687b23e3ab093a7eb5a/execute/async - {"script":"<script> [21 bytes]","args":[{"selector":{"id":"rfm.programui::xRFMxCU_ProgramObjectPage--fe::DataFieldForAction::com.sap.gateway.srvd.rfm.ui_program.v0001.Open::com.sap.gateway.srvd.rfm.ui_program.v0001.xRFMxCU_ProgramType","interaction":{"idSuffix":"BDI-content"}},"wdio_ui5_key":"rfmprogramui::xRFMxCU_ProgramObjectPage--fe::DataFieldForAction::com.sap.gateway.srvd.rfm.ui_program.v0001.Open::com.sap.gateway.srvd.rfm.ui_program.v0001.xRFMxCU_ProgramType"}]}
RESULT: {"script":"<script> [21 bytes]","args":[{"selector":{"id":"rfm.programui::xRFMxCU_ProgramObjectPage--fe::DataFieldForAction::com.sap.gateway.srvd.rfm.ui_program.v0001.Open::com.sap.gateway.srvd.rfm.ui_program.v0001.xRFMxCU_ProgramType","interaction":{"idSuffix":"BDI-content"}},"wdio_ui5_key":"rfmprogramui::xRFMxCU_ProgramObjectPage--fe::DataFieldForAction::com.sap.gateway.srvd.rfm.ui_program.v0001.Open::com.sap.gateway.srvd.rfm.ui_program.v0001.xRFMxCU_ProgramType"}]}
RESULT: undefined
COMMAND: POST /session/17f8a147d1f0e687b23e3ab093a7eb5a/element - {"using":"xpath","value":"//*[@id=\"rfm.programui::xRFMxCU_ProgramObjectPage--fe::DataFieldForAction::com.sap.gateway.srvd.rfm.ui_program.v0001.Open::com.sap.gateway.srvd.rfm.ui_program.v0001.xRFMxCU_ProgramType\"]"}
RESULT: {"using":"xpath","value":"//*[@id=\"rfm.programui::xRFMxCU_ProgramObjectPage--fe::DataFieldForAction::com.sap.gateway.srvd.rfm.ui_program.v0001.Open::com.sap.gateway.srvd.rfm.ui_program.v0001.xRFMxCU_ProgramType\"]"}
COMMAND: POST /session/17f8a147d1f0e687b23e3ab093a7eb5a/element/f.A20B243DB8CAE8823476B95BA6BC73CC.d.528B125B8C22184889DA46A3BFF16576.e.334/click - {}
RESULT: {}
COMMAND: GET /session/17f8a147d1f0e687b23e3ab093a7eb5a/screenshot - {}
RESULT: {}
COMMAND: POST /session/17f8a147d1f0e687b23e3ab093a7eb5a/execute/async - {"script":"<script> [21 bytes]","args":[{"selector":{"controlType":"sap.m.Button","properties":{"text":"OK"},"searchOpenDialogs":true,"interaction":{"idSuffix":"BDI-content"}},"wdio_ui5_key":"sapm.Button{\"text\":\"OK\"}"}]}
RESULT: {"script":"<script> [21 bytes]","args":[{"selector":{"controlType":"sap.m.Button","properties":{"text":"OK"},"searchOpenDialogs":true,"interaction":{"idSuffix":"BDI-content"}},"wdio_ui5_key":"sapm.Button{\"text\":\"OK\"}"}]}
RESULT: undefined
COMMAND: POST /session/17f8a147d1f0e687b23e3ab093a7eb5a/element - {"using":"xpath","value":"//*[@id=\"__mbox-btn-0\"]"}
RESULT: {"using":"xpath","value":"//*[@id=\"__mbox-btn-0\"]"}
COMMAND: POST /session/17f8a147d1f0e687b23e3ab093a7eb5a/element/f.A20B243DB8CAE8823476B95BA6BC73CC.d.528B125B8C22184889DA46A3BFF16576.e.579/click - {}
RESULT: {}
COMMAND: POST /session/17f8a147d1f0e687b23e3ab093a7eb5a/execute/async - {"script":"<script> [21 bytes]","args":[{"selector":{"id":"backBtn"},"wdio_ui5_key":"backBtn"}]}
COMMAND: GET /session/17f8a147d1f0e687b23e3ab093a7eb5a/screenshot - {}
RESULT: {"script":"<script> [21 bytes]","args":[{"selector":{"id":"backBtn"},"wdio_ui5_key":"backBtn"}]}
RESULT: undefined
COMMAND: POST /session/17f8a147d1f0e687b23e3ab093a7eb5a/element - {"using":"xpath","value":"//*[@id=\"backBtn\"]"}
RESULT: {}
RESULT: {"using":"xpath","value":"//*[@id=\"backBtn\"]"}
COMMAND: POST /session/17f8a147d1f0e687b23e3ab093a7eb5a/element/f.A20B243DB8CAE8823476B95BA6BC73CC.d.528B125B8C22184889DA46A3BFF16576.e.584/click - {}
RESULT: {}
COMMAND: GET /session/17f8a147d1f0e687b23e3ab093a7eb5a/screenshot - {}
RESULT: {}
COMMAND: POST /session/17f8a147d1f0e687b23e3ab093a7eb5a/element/f.A20B243DB8CAE8823476B95BA6BC73CC.d.528B125B8C22184889DA46A3BFF16576.e.584/click - {}
COMMAND: GET /session/17f8a147d1f0e687b23e3ab093a7eb5a/screenshot - {}
]]></system-out>
    </testcase>
    <testcase classname="chrome.138_0_7204_169.windows.Buyback" name="Should create asset 1" time="231.41">
      <system-out><![CDATA[
RESULT: {}
COMMAND: GET /session/17f8a147d1f0e687b23e3ab093a7eb5a/screenshot - {}
RESULT: {}
RESULT: {}
COMMAND: POST /session/17f8a147d1f0e687b23e3ab093a7eb5a/execute/async - {"script":"<script> [21 bytes]","args":[{"selector":{"controlType":"sap.m.GenericTile","properties":{"header":"Funding Asset"}},"wdio_ui5_key":"sapm.GenericTile{\"header\":\"Funding Asset\"}"}]}
RESULT: {"script":"<script> [21 bytes]","args":[{"selector":{"controlType":"sap.m.GenericTile","properties":{"header":"Funding Asset"}},"wdio_ui5_key":"sapm.GenericTile{\"header\":\"Funding Asset\"}"}]}
RESULT: undefined
COMMAND: POST /session/17f8a147d1f0e687b23e3ab093a7eb5a/element - {"using":"xpath","value":"//*[@id=\"__tile53\"]"}
RESULT: {"using":"xpath","value":"//*[@id=\"__tile53\"]"}
COMMAND: POST /session/17f8a147d1f0e687b23e3ab093a7eb5a/element/f.A20B243DB8CAE8823476B95BA6BC73CC.d.528B125B8C22184889DA46A3BFF16576.e.638/click - {}
RESULT: {}
COMMAND: POST /session/17f8a147d1f0e687b23e3ab093a7eb5a/execute/async - {"script":"<script> [21 bytes]","args":[{"selector":{"id":"rfm.assetui::xRFMxCU_AssetList--fe::table::allTab::LineItem::StandardAction::Create","controlType":"sap.m.Button"},"wdio_ui5_key":"rfmassetui::xRFMxCU_AssetList--fe::table::allTab::LineItem::StandardAction::Createsap.m.Button"}]}
COMMAND: GET /session/17f8a147d1f0e687b23e3ab093a7eb5a/screenshot - {}
RESULT: {"script":"<script> [21 bytes]","args":[{"selector":{"id":"rfm.assetui::xRFMxCU_AssetList--fe::table::allTab::LineItem::StandardAction::Create","controlType":"sap.m.Button"},"wdio_ui5_key":"rfmassetui::xRFMxCU_AssetList--fe::table::allTab::LineItem::StandardAction::Createsap.m.Button"}]}
RESULT: undefined
COMMAND: POST /session/17f8a147d1f0e687b23e3ab093a7eb5a/element - {"using":"xpath","value":"//*[@id=\"rfm.assetui::xRFMxCU_AssetList--fe::table::allTab::LineItem::StandardAction::Create\"]"}
RESULT: {}
RESULT: {"using":"xpath","value":"//*[@id=\"rfm.assetui::xRFMxCU_AssetList--fe::table::allTab::LineItem::StandardAction::Create\"]"}
COMMAND: POST /session/17f8a147d1f0e687b23e3ab093a7eb5a/element/f.A20B243DB8CAE8823476B95BA6BC73CC.d.528B125B8C22184889DA46A3BFF16576.e.747/click - {}
RESULT: {}
COMMAND: GET /session/17f8a147d1f0e687b23e3ab093a7eb5a/screenshot - {}
COMMAND: POST /session/17f8a147d1f0e687b23e3ab093a7eb5a/execute/async - {"script":"<script> [21 bytes]","args":[{"selector":{"id":"CreateDialog::xRFMxCU_AssetType::AssetIdExtern-inner","controlType":"sap.ui.mdc.field.FieldInput","searchOpenDialogs":true},"wdio_ui5_key":"CreateDialogxRFMxCU_AssetType::AssetIdExtern-innersap.ui.mdc.field.FieldInput"}]}
RESULT: {}
RESULT: {"script":"<script> [21 bytes]","args":[{"selector":{"id":"CreateDialog::xRFMxCU_AssetType::AssetIdExtern-inner","controlType":"sap.ui.mdc.field.FieldInput","searchOpenDialogs":true},"wdio_ui5_key":"CreateDialogxRFMxCU_AssetType::AssetIdExtern-innersap.ui.mdc.field.FieldInput"}]}
RESULT: undefined
COMMAND: POST /session/17f8a147d1f0e687b23e3ab093a7eb5a/execute/async - {"script":"<script> [21 bytes]","args":[{"element-6066-11e4-a52e-4f735466cecf":"f.A20B243DB8CAE8823476B95BA6BC73CC.d.528B125B8C22184889DA46A3BFF16576.e.841"},"setValue",["WDIO_Buyback_2025-08-06_22-53-00"]]}
RESULT: {"script":"<script> [21 bytes]","args":[{"element-6066-11e4-a52e-4f735466cecf":"f.A20B243DB8CAE8823476B95BA6BC73CC.d.528B125B8C22184889DA46A3BFF16576.e.841"},"setValue",["WDIO_Buyback_2025-08-06_22-53-00"]]}
COMMAND: POST /session/17f8a147d1f0e687b23e3ab093a7eb5a/execute/async - {"script":"<script> [21 bytes]","args":[{"selector":{"id":"CreateDialog::xRFMxCU_AssetType::ExternalSystem-inner","searchOpenDialogs":true,"interaction":{"idSuffix":"inner"}},"wdio_ui5_key":"CreateDialogxRFMxCU_AssetType::ExternalSystem-inner"}]}
RESULT: {"script":"<script> [21 bytes]","args":[{"selector":{"id":"CreateDialog::xRFMxCU_AssetType::ExternalSystem-inner","searchOpenDialogs":true,"interaction":{"idSuffix":"inner"}},"wdio_ui5_key":"CreateDialogxRFMxCU_AssetType::ExternalSystem-inner"}]}
RESULT: undefined
COMMAND: POST /session/17f8a147d1f0e687b23e3ab093a7eb5a/execute/async - {"script":"<script> [20 bytes]","args":[{"enterText":"Test","selector":{"id":"CreateDialog::xRFMxCU_AssetType::ExternalSystem-inner","searchOpenDialogs":true,"interaction":{"idSuffix":"inner"}},"clearTextFirst":true,"interactionType":"ENTER_TEXT"}]}
RESULT: {"script":"<script> [20 bytes]","args":[{"enterText":"Test","selector":{"id":"CreateDialog::xRFMxCU_AssetType::ExternalSystem-inner","searchOpenDialogs":true,"interaction":{"idSuffix":"inner"}},"clearTextFirst":true,"interactionType":"ENTER_TEXT"}]}
COMMAND: POST /session/17f8a147d1f0e687b23e3ab093a7eb5a/execute/async - {"script":"<script> [21 bytes]","args":[{"selector":{"id":"CreateDialog::xRFMxCU_AssetType::InitiationDate-inner","controlType":"sap.m.DatePicker","searchOpenDialogs":true},"wdio_ui5_key":"CreateDialogxRFMxCU_AssetType::InitiationDate-innersap.m.DatePicker"}]}
RESULT: {"script":"<script> [21 bytes]","args":[{"selector":{"id":"CreateDialog::xRFMxCU_AssetType::InitiationDate-inner","controlType":"sap.m.DatePicker","searchOpenDialogs":true},"wdio_ui5_key":"CreateDialogxRFMxCU_AssetType::InitiationDate-innersap.m.DatePicker"}]}
RESULT: undefined
COMMAND: POST /session/17f8a147d1f0e687b23e3ab093a7eb5a/execute/async - {"script":"<script> [21 bytes]","args":[{"element-6066-11e4-a52e-4f735466cecf":"f.A20B243DB8CAE8823476B95BA6BC73CC.d.528B125B8C22184889DA46A3BFF16576.e.842"},"setValue",["2025-01-01"]]}
RESULT: {"script":"<script> [21 bytes]","args":[{"element-6066-11e4-a52e-4f735466cecf":"f.A20B243DB8CAE8823476B95BA6BC73CC.d.528B125B8C22184889DA46A3BFF16576.e.842"},"setValue",["2025-01-01"]]}
COMMAND: POST /session/17f8a147d1f0e687b23e3ab093a7eb5a/execute/async - {"script":"<script> [21 bytes]","args":[{"selector":{"id":"CreateDialog::xRFMxCU_AssetType::ClosingDate-inner","controlType":"sap.m.DatePicker","searchOpenDialogs":true},"wdio_ui5_key":"CreateDialogxRFMxCU_AssetType::ClosingDate-innersap.m.DatePicker"}]}
RESULT: {"script":"<script> [21 bytes]","args":[{"selector":{"id":"CreateDialog::xRFMxCU_AssetType::ClosingDate-inner","controlType":"sap.m.DatePicker","searchOpenDialogs":true},"wdio_ui5_key":"CreateDialogxRFMxCU_AssetType::ClosingDate-innersap.m.DatePicker"}]}
RESULT: undefined
COMMAND: POST /session/17f8a147d1f0e687b23e3ab093a7eb5a/execute/async - {"script":"<script> [21 bytes]","args":[{"element-6066-11e4-a52e-4f735466cecf":"f.A20B243DB8CAE8823476B95BA6BC73CC.d.528B125B8C22184889DA46A3BFF16576.e.843"},"setValue",["2027-12-31"]]}
RESULT: {"script":"<script> [21 bytes]","args":[{"element-6066-11e4-a52e-4f735466cecf":"f.A20B243DB8CAE8823476B95BA6BC73CC.d.528B125B8C22184889DA46A3BFF16576.e.843"},"setValue",["2027-12-31"]]}
COMMAND: POST /session/17f8a147d1f0e687b23e3ab093a7eb5a/execute/async - {"script":"<script> [21 bytes]","args":[{"forceSelect":true,"selector":{"controlType":"sap.m.Button","properties":{"text":"Continue"},"searchOpenDialogs":true},"wdio_ui5_key":"sapm.Button{\"text\":\"Continue\"}"}]}
RESULT: {"script":"<script> [21 bytes]","args":[{"forceSelect":true,"selector":{"controlType":"sap.m.Button","properties":{"text":"Continue"},"searchOpenDialogs":true},"wdio_ui5_key":"sapm.Button{\"text\":\"Continue\"}"}]}
RESULT: undefined
COMMAND: POST /session/17f8a147d1f0e687b23e3ab093a7eb5a/execute/async - {"script":"<script> [21 bytes]","args":[{"selector":{"id":"__button233"}}]}
RESULT: {"script":"<script> [21 bytes]","args":[{"selector":{"id":"__button233"}}]}
COMMAND: POST /session/17f8a147d1f0e687b23e3ab093a7eb5a/execute/async - {"script":"<script> [21 bytes]","args":[{"element-6066-11e4-a52e-4f735466cecf":"f.A20B243DB8CAE8823476B95BA6BC73CC.d.528B125B8C22184889DA46A3BFF16576.e.856"},"getVisible",[]]}
RESULT: {"script":"<script> [21 bytes]","args":[{"element-6066-11e4-a52e-4f735466cecf":"f.A20B243DB8CAE8823476B95BA6BC73CC.d.528B125B8C22184889DA46A3BFF16576.e.856"},"getVisible",[]]}
COMMAND: POST /session/17f8a147d1f0e687b23e3ab093a7eb5a/execute/async - {"script":"<script> [21 bytes]","args":[{"selector":{"id":"__button233"}}]}
RESULT: {"script":"<script> [21 bytes]","args":[{"selector":{"id":"__button233"}}]}
COMMAND: POST /session/17f8a147d1f0e687b23e3ab093a7eb5a/execute/async - {"script":"<script> [21 bytes]","args":[{"element-6066-11e4-a52e-4f735466cecf":"f.A20B243DB8CAE8823476B95BA6BC73CC.d.528B125B8C22184889DA46A3BFF16576.e.856"},"getEnabled",[]]}
RESULT: {"script":"<script> [21 bytes]","args":[{"element-6066-11e4-a52e-4f735466cecf":"f.A20B243DB8CAE8823476B95BA6BC73CC.d.528B125B8C22184889DA46A3BFF16576.e.856"},"getEnabled",[]]}
COMMAND: POST /session/17f8a147d1f0e687b23e3ab093a7eb5a/element - {"using":"xpath","value":"//*[@id=\"__button233\"]"}
RESULT: {"using":"xpath","value":"//*[@id=\"__button233\"]"}
COMMAND: POST /session/17f8a147d1f0e687b23e3ab093a7eb5a/element/f.A20B243DB8CAE8823476B95BA6BC73CC.d.528B125B8C22184889DA46A3BFF16576.e.856/click - {}
RESULT: {}
COMMAND: POST /session/17f8a147d1f0e687b23e3ab093a7eb5a/execute/async - {"script":"<script> [21 bytes]","args":[{"selector":{"id":"rfm.assetui::xRFMxCU_AssetObjectPage--fe::FCLStandardAction::FullScreen","interaction":{"idSuffix":"inner"}},"wdio_ui5_key":"rfmassetui::xRFMxCU_AssetObjectPage--fe::FCLStandardAction::FullScreen"}]}
COMMAND: GET /session/17f8a147d1f0e687b23e3ab093a7eb5a/screenshot - {}
RESULT: {"script":"<script> [21 bytes]","args":[{"selector":{"id":"rfm.assetui::xRFMxCU_AssetObjectPage--fe::FCLStandardAction::FullScreen","interaction":{"idSuffix":"inner"}},"wdio_ui5_key":"rfmassetui::xRFMxCU_AssetObjectPage--fe::FCLStandardAction::FullScreen"}]}
RESULT: undefined
COMMAND: POST /session/17f8a147d1f0e687b23e3ab093a7eb5a/element - {"using":"xpath","value":"//*[@id=\"rfm.assetui::xRFMxCU_AssetObjectPage--fe::FCLStandardAction::FullScreen\"]"}
RESULT: {}
RESULT: {"using":"xpath","value":"//*[@id=\"rfm.assetui::xRFMxCU_AssetObjectPage--fe::FCLStandardAction::FullScreen\"]"}
COMMAND: POST /session/17f8a147d1f0e687b23e3ab093a7eb5a/element/f.A20B243DB8CAE8823476B95BA6BC73CC.d.528B125B8C22184889DA46A3BFF16576.e.924/click - {}
RESULT: {}
COMMAND: POST /session/17f8a147d1f0e687b23e3ab093a7eb5a/execute/async - {"script":"<script> [21 bytes]","args":[{"selector":{"id":"rfm.assetui::xRFMxCU_AssetObjectPage--fe::FormContainer::FieldGroup::detailsFieldsGP1::FormElement::DataFieldWithIntentBasedNavigation::PartnerId::Debtor::Manage::Field-edit","interaction":{"idSuffix":"inner"}},"wdio_ui5_key":"rfmassetui::xRFMxCU_AssetObjectPage--fe::FormContainer::FieldGroup::detailsFieldsGP1::FormElement::DataFieldWithIntentBasedNavigation::PartnerId::Debtor::Manage::Field-edit"}]}
COMMAND: GET /session/17f8a147d1f0e687b23e3ab093a7eb5a/screenshot - {}
RESULT: {"script":"<script> [21 bytes]","args":[{"selector":{"id":"rfm.assetui::xRFMxCU_AssetObjectPage--fe::FormContainer::FieldGroup::detailsFieldsGP1::FormElement::DataFieldWithIntentBasedNavigation::PartnerId::Debtor::Manage::Field-edit","interaction":{"idSuffix":"inner"}},"wdio_ui5_key":"rfmassetui::xRFMxCU_AssetObjectPage--fe::FormContainer::FieldGroup::detailsFieldsGP1::FormElement::DataFieldWithIntentBasedNavigation::PartnerId::Debtor::Manage::Field-edit"}]}
RESULT: undefined
COMMAND: POST /session/17f8a147d1f0e687b23e3ab093a7eb5a/execute/async - {"script":"<script> [20 bytes]","args":[{"enterText":"117009960","selector":{"id":"rfm.assetui::xRFMxCU_AssetObjectPage--fe::FormContainer::FieldGroup::detailsFieldsGP1::FormElement::DataFieldWithIntentBasedNavigation::PartnerId::Debtor::Manage::Field-edit","interaction":{"idSuffix":"inner"}},"clearTextFirst":true,"interactionType":"ENTER_TEXT"}]}
RESULT: {}
RESULT: {"script":"<script> [20 bytes]","args":[{"enterText":"117009960","selector":{"id":"rfm.assetui::xRFMxCU_AssetObjectPage--fe::FormContainer::FieldGroup::detailsFieldsGP1::FormElement::DataFieldWithIntentBasedNavigation::PartnerId::Debtor::Manage::Field-edit","interaction":{"idSuffix":"inner"}},"clearTextFirst":true,"interactionType":"ENTER_TEXT"}]}
COMMAND: POST /session/17f8a147d1f0e687b23e3ab093a7eb5a/execute/async - {"script":"<script> [21 bytes]","args":[{"selector":{"id":"rfm.assetui::xRFMxCU_AssetObjectPage--fe::FormContainer::FieldGroup::detailsFieldsGP1::FormElement::DataField::NominalValue::Field-edit-inner","interaction":{"idSuffix":"inner"}},"wdio_ui5_key":"rfmassetui::xRFMxCU_AssetObjectPage--fe::FormContainer::FieldGroup::detailsFieldsGP1::FormElement::DataField::NominalValue::Field-edit-inner"}]}
RESULT: {"script":"<script> [21 bytes]","args":[{"selector":{"id":"rfm.assetui::xRFMxCU_AssetObjectPage--fe::FormContainer::FieldGroup::detailsFieldsGP1::FormElement::DataField::NominalValue::Field-edit-inner","interaction":{"idSuffix":"inner"}},"wdio_ui5_key":"rfmassetui::xRFMxCU_AssetObjectPage--fe::FormContainer::FieldGroup::detailsFieldsGP1::FormElement::DataField::NominalValue::Field-edit-inner"}]}
RESULT: undefined
COMMAND: POST /session/17f8a147d1f0e687b23e3ab093a7eb5a/execute/async - {"script":"<script> [20 bytes]","args":[{"enterText":"47,611.20","selector":{"id":"rfm.assetui::xRFMxCU_AssetObjectPage--fe::FormContainer::FieldGroup::detailsFieldsGP1::FormElement::DataField::NominalValue::Field-edit-inner","interaction":{"idSuffix":"inner"}},"clearTextFirst":true,"interactionType":"ENTER_TEXT"}]}
RESULT: {"script":"<script> [20 bytes]","args":[{"enterText":"47,611.20","selector":{"id":"rfm.assetui::xRFMxCU_AssetObjectPage--fe::FormContainer::FieldGroup::detailsFieldsGP1::FormElement::DataField::NominalValue::Field-edit-inner","interaction":{"idSuffix":"inner"}},"clearTextFirst":true,"interactionType":"ENTER_TEXT"}]}
COMMAND: POST /session/17f8a147d1f0e687b23e3ab093a7eb5a/execute/async - {"script":"<script> [21 bytes]","args":[{"selector":{"id":"rfm.assetui::xRFMxCU_AssetObjectPage--fe::FormContainer::FieldGroup::detailsFieldsGP1::FormElement::DataField::NominalValue::Field-edit-inner-unit","interaction":{"idSuffix":"inner"}},"wdio_ui5_key":"rfmassetui::xRFMxCU_AssetObjectPage--fe::FormContainer::FieldGroup::detailsFieldsGP1::FormElement::DataField::NominalValue::Field-edit-inner-unit"}]}
RESULT: {"script":"<script> [21 bytes]","args":[{"selector":{"id":"rfm.assetui::xRFMxCU_AssetObjectPage--fe::FormContainer::FieldGroup::detailsFieldsGP1::FormElement::DataField::NominalValue::Field-edit-inner-unit","interaction":{"idSuffix":"inner"}},"wdio_ui5_key":"rfmassetui::xRFMxCU_AssetObjectPage--fe::FormContainer::FieldGroup::detailsFieldsGP1::FormElement::DataField::NominalValue::Field-edit-inner-unit"}]}
RESULT: undefined
COMMAND: POST /session/17f8a147d1f0e687b23e3ab093a7eb5a/execute/async - {"script":"<script> [20 bytes]","args":[{"enterText":"EUR","selector":{"id":"rfm.assetui::xRFMxCU_AssetObjectPage--fe::FormContainer::FieldGroup::detailsFieldsGP1::FormElement::DataField::NominalValue::Field-edit-inner-unit","interaction":{"idSuffix":"inner"}},"clearTextFirst":true,"interactionType":"ENTER_TEXT"}]}
RESULT: {"script":"<script> [20 bytes]","args":[{"enterText":"EUR","selector":{"id":"rfm.assetui::xRFMxCU_AssetObjectPage--fe::FormContainer::FieldGroup::detailsFieldsGP1::FormElement::DataField::NominalValue::Field-edit-inner-unit","interaction":{"idSuffix":"inner"}},"clearTextFirst":true,"interactionType":"ENTER_TEXT"}]}
COMMAND: POST /session/17f8a147d1f0e687b23e3ab093a7eb5a/execute/async - {"script":"<script> [21 bytes]","args":[{"selector":{"id":"rfm.assetui::xRFMxCU_AssetObjectPage--fe::FormContainer::FieldGroup::detailsFieldsGP2::FormElement::DataField::AssetCategory::Field-edit-inner","interaction":{"idSuffix":"inner"}},"wdio_ui5_key":"rfmassetui::xRFMxCU_AssetObjectPage--fe::FormContainer::FieldGroup::detailsFieldsGP2::FormElement::DataField::AssetCategory::Field-edit-inner"}]}
RESULT: {"script":"<script> [21 bytes]","args":[{"selector":{"id":"rfm.assetui::xRFMxCU_AssetObjectPage--fe::FormContainer::FieldGroup::detailsFieldsGP2::FormElement::DataField::AssetCategory::Field-edit-inner","interaction":{"idSuffix":"inner"}},"wdio_ui5_key":"rfmassetui::xRFMxCU_AssetObjectPage--fe::FormContainer::FieldGroup::detailsFieldsGP2::FormElement::DataField::AssetCategory::Field-edit-inner"}]}
RESULT: undefined
COMMAND: POST /session/17f8a147d1f0e687b23e3ab093a7eb5a/execute/async - {"script":"<script> [20 bytes]","args":[{"enterText":"Leasing","selector":{"id":"rfm.assetui::xRFMxCU_AssetObjectPage--fe::FormContainer::FieldGroup::detailsFieldsGP2::FormElement::DataField::AssetCategory::Field-edit-inner","interaction":{"idSuffix":"inner"}},"clearTextFirst":true,"interactionType":"ENTER_TEXT"}]}
RESULT: {"script":"<script> [20 bytes]","args":[{"enterText":"Leasing","selector":{"id":"rfm.assetui::xRFMxCU_AssetObjectPage--fe::FormContainer::FieldGroup::detailsFieldsGP2::FormElement::DataField::AssetCategory::Field-edit-inner","interaction":{"idSuffix":"inner"}},"clearTextFirst":true,"interactionType":"ENTER_TEXT"}]}
COMMAND: POST /session/17f8a147d1f0e687b23e3ab093a7eb5a/execute/async - {"script":"<script> [21 bytes]","args":[{"selector":{"id":"rfm.assetui::xRFMxCU_AssetObjectPage--fe::FormContainer::FieldGroup::detailsFieldsGP2::FormElement::DataField::ContractType::Field-edit-inner","interaction":{"idSuffix":"inner"}},"wdio_ui5_key":"rfmassetui::xRFMxCU_AssetObjectPage--fe::FormContainer::FieldGroup::detailsFieldsGP2::FormElement::DataField::ContractType::Field-edit-inner"}]}
RESULT: {"script":"<script> [21 bytes]","args":[{"selector":{"id":"rfm.assetui::xRFMxCU_AssetObjectPage--fe::FormContainer::FieldGroup::detailsFieldsGP2::FormElement::DataField::ContractType::Field-edit-inner","interaction":{"idSuffix":"inner"}},"wdio_ui5_key":"rfmassetui::xRFMxCU_AssetObjectPage--fe::FormContainer::FieldGroup::detailsFieldsGP2::FormElement::DataField::ContractType::Field-edit-inner"}]}
RESULT: undefined
COMMAND: POST /session/17f8a147d1f0e687b23e3ab093a7eb5a/execute/async - {"script":"<script> [20 bytes]","args":[{"enterText":"Operating Lease (100)","selector":{"id":"rfm.assetui::xRFMxCU_AssetObjectPage--fe::FormContainer::FieldGroup::detailsFieldsGP2::FormElement::DataField::ContractType::Field-edit-inner","interaction":{"idSuffix":"inner"}},"clearTextFirst":true,"interactionType":"ENTER_TEXT"}]}
RESULT: {"script":"<script> [20 bytes]","args":[{"enterText":"Operating Lease (100)","selector":{"id":"rfm.assetui::xRFMxCU_AssetObjectPage--fe::FormContainer::FieldGroup::detailsFieldsGP2::FormElement::DataField::ContractType::Field-edit-inner","interaction":{"idSuffix":"inner"}},"clearTextFirst":true,"interactionType":"ENTER_TEXT"}]}
COMMAND: POST /session/17f8a147d1f0e687b23e3ab093a7eb5a/execute/async - {"script":"<script> [21 bytes]","args":[{"selector":{"id":"rfm.assetui::xRFMxCU_AssetObjectPage--fe::FormContainer::FieldGroup::detailsFieldsGP2::FormElement::DataField::Status::Field-edit-inner","interaction":{"idSuffix":"inner"}},"wdio_ui5_key":"rfmassetui::xRFMxCU_AssetObjectPage--fe::FormContainer::FieldGroup::detailsFieldsGP2::FormElement::DataField::Status::Field-edit-inner"}]}
RESULT: {"script":"<script> [21 bytes]","args":[{"selector":{"id":"rfm.assetui::xRFMxCU_AssetObjectPage--fe::FormContainer::FieldGroup::detailsFieldsGP2::FormElement::DataField::Status::Field-edit-inner","interaction":{"idSuffix":"inner"}},"wdio_ui5_key":"rfmassetui::xRFMxCU_AssetObjectPage--fe::FormContainer::FieldGroup::detailsFieldsGP2::FormElement::DataField::Status::Field-edit-inner"}]}
RESULT: undefined
COMMAND: POST /session/17f8a147d1f0e687b23e3ab093a7eb5a/execute/async - {"script":"<script> [20 bytes]","args":[{"enterText":"Active","selector":{"id":"rfm.assetui::xRFMxCU_AssetObjectPage--fe::FormContainer::FieldGroup::detailsFieldsGP2::FormElement::DataField::Status::Field-edit-inner","interaction":{"idSuffix":"inner"}},"clearTextFirst":true,"interactionType":"ENTER_TEXT"}]}
RESULT: {"script":"<script> [20 bytes]","args":[{"enterText":"Active","selector":{"id":"rfm.assetui::xRFMxCU_AssetObjectPage--fe::FormContainer::FieldGroup::detailsFieldsGP2::FormElement::DataField::Status::Field-edit-inner","interaction":{"idSuffix":"inner"}},"clearTextFirst":true,"interactionType":"ENTER_TEXT"}]}
COMMAND: POST /session/17f8a147d1f0e687b23e3ab093a7eb5a/execute/async - {"script":"<script> [21 bytes]","args":[{"selector":{"id":"rfm.assetui::xRFMxCU_AssetObjectPage--fe::ObjectPage-anchBar-rfm.assetui::xRFMxCU_AssetObjectPage--fe::FacetSection::CashFlowCollection-anchor","interaction":{"idSuffix":"text"}},"wdio_ui5_key":"rfmassetui::xRFMxCU_AssetObjectPage--fe::ObjectPage-anchBar-rfm.assetui::xRFMxCU_AssetObjectPage--fe::FacetSection::CashFlowCollection-anchor"}]}
RESULT: {"script":"<script> [21 bytes]","args":[{"selector":{"id":"rfm.assetui::xRFMxCU_AssetObjectPage--fe::ObjectPage-anchBar-rfm.assetui::xRFMxCU_AssetObjectPage--fe::FacetSection::CashFlowCollection-anchor","interaction":{"idSuffix":"text"}},"wdio_ui5_key":"rfmassetui::xRFMxCU_AssetObjectPage--fe::ObjectPage-anchBar-rfm.assetui::xRFMxCU_AssetObjectPage--fe::FacetSection::CashFlowCollection-anchor"}]}
RESULT: undefined
COMMAND: POST /session/17f8a147d1f0e687b23e3ab093a7eb5a/element - {"using":"xpath","value":"//*[@id=\"rfm.assetui::xRFMxCU_AssetObjectPage--fe::ObjectPage-anchBar-rfm.assetui::xRFMxCU_AssetObjectPage--fe::FacetSection::CashFlowCollection-anchor\"]"}
RESULT: {"using":"xpath","value":"//*[@id=\"rfm.assetui::xRFMxCU_AssetObjectPage--fe::ObjectPage-anchBar-rfm.assetui::xRFMxCU_AssetObjectPage--fe::FacetSection::CashFlowCollection-anchor\"]"}
COMMAND: POST /session/17f8a147d1f0e687b23e3ab093a7eb5a/element/f.A20B243DB8CAE8823476B95BA6BC73CC.d.528B125B8C22184889DA46A3BFF16576.e.1004/click - {}
RESULT: {}
COMMAND: GET /session/17f8a147d1f0e687b23e3ab093a7eb5a/screenshot - {}
RESULT: {}
COMMAND: POST /session/17f8a147d1f0e687b23e3ab093a7eb5a/execute/async - {"script":"<script> [21 bytes]","args":[{"selector":{"id":"rfm.assetui::xRFMxCU_AssetObjectPage--fe::FacetSubSection::PlannedCFCollection"},"wdio_ui5_key":"rfmassetui::xRFMxCU_AssetObjectPage--fe::FacetSubSection::PlannedCFCollection"}]}
RESULT: {"script":"<script> [21 bytes]","args":[{"selector":{"id":"rfm.assetui::xRFMxCU_AssetObjectPage--fe::FacetSubSection::PlannedCFCollection"},"wdio_ui5_key":"rfmassetui::xRFMxCU_AssetObjectPage--fe::FacetSubSection::PlannedCFCollection"}]}
RESULT: undefined
COMMAND: POST /session/17f8a147d1f0e687b23e3ab093a7eb5a/element - {"using":"xpath","value":"//*[@id=\"rfm.assetui::xRFMxCU_AssetObjectPage--fe::FacetSubSection::PlannedCFCollection\"]"}
RESULT: {"using":"xpath","value":"//*[@id=\"rfm.assetui::xRFMxCU_AssetObjectPage--fe::FacetSubSection::PlannedCFCollection\"]"}
COMMAND: POST /session/17f8a147d1f0e687b23e3ab093a7eb5a/element/f.A20B243DB8CAE8823476B95BA6BC73CC.d.528B125B8C22184889DA46A3BFF16576.e.1048/click - {}
RESULT: {}
COMMAND: POST /session/17f8a147d1f0e687b23e3ab093a7eb5a/execute/async - {"script":"<script> [21 bytes]","args":[{"selector":{"id":"rfm.assetui::xRFMxCU_AssetObjectPage--fe::table::_AssetCashflow::LineItem::StandardAction::Create","interaction":{"idSuffix":"BDI-content"}},"wdio_ui5_key":"rfmassetui::xRFMxCU_AssetObjectPage--fe::table::_AssetCashflow::LineItem::StandardAction::Create"}]}
COMMAND: GET /session/17f8a147d1f0e687b23e3ab093a7eb5a/screenshot - {}
RESULT: {"script":"<script> [21 bytes]","args":[{"selector":{"id":"rfm.assetui::xRFMxCU_AssetObjectPage--fe::table::_AssetCashflow::LineItem::StandardAction::Create","interaction":{"idSuffix":"BDI-content"}},"wdio_ui5_key":"rfmassetui::xRFMxCU_AssetObjectPage--fe::table::_AssetCashflow::LineItem::StandardAction::Create"}]}
RESULT: undefined
COMMAND: POST /session/17f8a147d1f0e687b23e3ab093a7eb5a/element - {"using":"xpath","value":"//*[@id=\"rfm.assetui::xRFMxCU_AssetObjectPage--fe::table::_AssetCashflow::LineItem::StandardAction::Create\"]"}
RESULT: {}
RESULT: {"using":"xpath","value":"//*[@id=\"rfm.assetui::xRFMxCU_AssetObjectPage--fe::table::_AssetCashflow::LineItem::StandardAction::Create\"]"}
COMMAND: POST /session/17f8a147d1f0e687b23e3ab093a7eb5a/element/f.A20B243DB8CAE8823476B95BA6BC73CC.d.528B125B8C22184889DA46A3BFF16576.e.1005/click - {}
RESULT: {}
COMMAND: GET /session/17f8a147d1f0e687b23e3ab093a7eb5a/screenshot - {}
COMMAND: POST /session/17f8a147d1f0e687b23e3ab093a7eb5a/execute/async - {"script":"<script> [21 bytes]","args":[{"selector":{"id":"CreateDialog::xRFMxCU_AssetCashflowType::CashflowPartType-inner","searchOpenDialogs":true,"interaction":{"idSuffix":"inner"}},"wdio_ui5_key":"CreateDialogxRFMxCU_AssetCashflowType::CashflowPartType-inner"}]}
RESULT: {}
RESULT: {"script":"<script> [21 bytes]","args":[{"selector":{"id":"CreateDialog::xRFMxCU_AssetCashflowType::CashflowPartType-inner","searchOpenDialogs":true,"interaction":{"idSuffix":"inner"}},"wdio_ui5_key":"CreateDialogxRFMxCU_AssetCashflowType::CashflowPartType-inner"}]}
RESULT: undefined
COMMAND: POST /session/17f8a147d1f0e687b23e3ab093a7eb5a/execute/async - {"script":"<script> [20 bytes]","args":[{"enterText":"Interest","selector":{"id":"CreateDialog::xRFMxCU_AssetCashflowType::CashflowPartType-inner","searchOpenDialogs":true,"interaction":{"idSuffix":"inner"}},"clearTextFirst":true,"interactionType":"ENTER_TEXT"}]}
RESULT: {"script":"<script> [20 bytes]","args":[{"enterText":"Interest","selector":{"id":"CreateDialog::xRFMxCU_AssetCashflowType::CashflowPartType-inner","searchOpenDialogs":true,"interaction":{"idSuffix":"inner"}},"clearTextFirst":true,"interactionType":"ENTER_TEXT"}]}
COMMAND: POST /session/17f8a147d1f0e687b23e3ab093a7eb5a/execute/async - {"script":"<script> [21 bytes]","args":[{"selector":{"id":"CreateDialog::xRFMxCU_AssetCashflowType::DueDate-inner","searchOpenDialogs":true,"interaction":{"idSuffix":"inner"}},"wdio_ui5_key":"CreateDialogxRFMxCU_AssetCashflowType::DueDate-inner"}]}
RESULT: {"script":"<script> [21 bytes]","args":[{"selector":{"id":"CreateDialog::xRFMxCU_AssetCashflowType::DueDate-inner","searchOpenDialogs":true,"interaction":{"idSuffix":"inner"}},"wdio_ui5_key":"CreateDialogxRFMxCU_AssetCashflowType::DueDate-inner"}]}
RESULT: undefined
COMMAND: POST /session/17f8a147d1f0e687b23e3ab093a7eb5a/execute/async - {"script":"<script> [20 bytes]","args":[{"enterText":"2025-01-01","selector":{"id":"CreateDialog::xRFMxCU_AssetCashflowType::DueDate-inner","searchOpenDialogs":true,"interaction":{"idSuffix":"inner"}},"clearTextFirst":true,"interactionType":"ENTER_TEXT"}]}
RESULT: {"script":"<script> [20 bytes]","args":[{"enterText":"2025-01-01","selector":{"id":"CreateDialog::xRFMxCU_AssetCashflowType::DueDate-inner","searchOpenDialogs":true,"interaction":{"idSuffix":"inner"}},"clearTextFirst":true,"interactionType":"ENTER_TEXT"}]}
COMMAND: POST /session/17f8a147d1f0e687b23e3ab093a7eb5a/execute/async - {"script":"<script> [21 bytes]","args":[{"forceSelect":true,"selector":{"controlType":"sap.m.Button","viewName":"sap.fe.templates.ObjectPage.ObjectPage","viewId":"rfm.assetui::xRFMxCU_Asset__AssetCashflowObjectPage","properties":{"text":"Continue"},"searchOpenDialogs":true},"wdio_ui5_key":"sapfe.templates.ObjectPage.ObjectPagesap.m.Button{\"text\":\"Continue\"}"}]}
RESULT: {"script":"<script> [21 bytes]","args":[{"forceSelect":true,"selector":{"controlType":"sap.m.Button","viewName":"sap.fe.templates.ObjectPage.ObjectPage","viewId":"rfm.assetui::xRFMxCU_Asset__AssetCashflowObjectPage","properties":{"text":"Continue"},"searchOpenDialogs":true},"wdio_ui5_key":"sapfe.templates.ObjectPage.ObjectPagesap.m.Button{\"text\":\"Continue\"}"}]}
RESULT: undefined
COMMAND: POST /session/17f8a147d1f0e687b23e3ab093a7eb5a/execute/async - {"script":"<script> [21 bytes]","args":[{"selector":{"id":"__button246"}}]}
RESULT: {"script":"<script> [21 bytes]","args":[{"selector":{"id":"__button246"}}]}
COMMAND: POST /session/17f8a147d1f0e687b23e3ab093a7eb5a/execute/async - {"script":"<script> [21 bytes]","args":[{"element-6066-11e4-a52e-4f735466cecf":"f.A20B243DB8CAE8823476B95BA6BC73CC.d.528B125B8C22184889DA46A3BFF16576.e.1110"},"getEnabled",[]]}
RESULT: {"script":"<script> [21 bytes]","args":[{"element-6066-11e4-a52e-4f735466cecf":"f.A20B243DB8CAE8823476B95BA6BC73CC.d.528B125B8C22184889DA46A3BFF16576.e.1110"},"getEnabled",[]]}
COMMAND: POST /session/17f8a147d1f0e687b23e3ab093a7eb5a/element - {"using":"xpath","value":"//*[@id=\"__button246\"]"}
RESULT: {"using":"xpath","value":"//*[@id=\"__button246\"]"}
COMMAND: POST /session/17f8a147d1f0e687b23e3ab093a7eb5a/element/f.A20B243DB8CAE8823476B95BA6BC73CC.d.528B125B8C22184889DA46A3BFF16576.e.1110/click - {}
RESULT: {}
COMMAND: GET /session/17f8a147d1f0e687b23e3ab093a7eb5a/screenshot - {}
RESULT: {}
COMMAND: POST /session/17f8a147d1f0e687b23e3ab093a7eb5a/execute/async - {"script":"<script> [21 bytes]","args":[{"selector":{"id":"rfm.assetui::xRFMxCU_Asset__AssetCashflowObjectPage--fe::FormContainer::CashFlow::FormElement::DataField::Amount::Field-edit-inner","interaction":{"idSuffix":"inner"}},"wdio_ui5_key":"rfmassetui::xRFMxCU_Asset__AssetCashflowObjectPage--fe::FormContainer::CashFlow::FormElement::DataField::Amount::Field-edit-inner"}]}
RESULT: {"script":"<script> [21 bytes]","args":[{"selector":{"id":"rfm.assetui::xRFMxCU_Asset__AssetCashflowObjectPage--fe::FormContainer::CashFlow::FormElement::DataField::Amount::Field-edit-inner","interaction":{"idSuffix":"inner"}},"wdio_ui5_key":"rfmassetui::xRFMxCU_Asset__AssetCashflowObjectPage--fe::FormContainer::CashFlow::FormElement::DataField::Amount::Field-edit-inner"}]}
RESULT: undefined
COMMAND: POST /session/17f8a147d1f0e687b23e3ab093a7eb5a/execute/async - {"script":"<script> [20 bytes]","args":[{"enterText":"141.77","selector":{"id":"rfm.assetui::xRFMxCU_Asset__AssetCashflowObjectPage--fe::FormContainer::CashFlow::FormElement::DataField::Amount::Field-edit-inner","interaction":{"idSuffix":"inner"}},"clearTextFirst":true,"interactionType":"ENTER_TEXT"}]}
RESULT: {"script":"<script> [20 bytes]","args":[{"enterText":"141.77","selector":{"id":"rfm.assetui::xRFMxCU_Asset__AssetCashflowObjectPage--fe::FormContainer::CashFlow::FormElement::DataField::Amount::Field-edit-inner","interaction":{"idSuffix":"inner"}},"clearTextFirst":true,"interactionType":"ENTER_TEXT"}]}
COMMAND: POST /session/17f8a147d1f0e687b23e3ab093a7eb5a/execute/async - {"script":"<script> [21 bytes]","args":[{"selector":{"id":"rfm.assetui::xRFMxCU_Asset__AssetCashflowObjectPage--fe::FormContainer::CashFlow::FormElement::DataField::Amount::Field-edit-inner-unit-vhi"},"wdio_ui5_key":"rfmassetui::xRFMxCU_Asset__AssetCashflowObjectPage--fe::FormContainer::CashFlow::FormElement::DataField::Amount::Field-edit-inner-unit-vhi"}]}
RESULT: {"script":"<script> [21 bytes]","args":[{"selector":{"id":"rfm.assetui::xRFMxCU_Asset__AssetCashflowObjectPage--fe::FormContainer::CashFlow::FormElement::DataField::Amount::Field-edit-inner-unit-vhi"},"wdio_ui5_key":"rfmassetui::xRFMxCU_Asset__AssetCashflowObjectPage--fe::FormContainer::CashFlow::FormElement::DataField::Amount::Field-edit-inner-unit-vhi"}]}
RESULT: undefined
COMMAND: POST /session/17f8a147d1f0e687b23e3ab093a7eb5a/element - {"using":"xpath","value":"//*[@id=\"rfm.assetui::xRFMxCU_Asset__AssetCashflowObjectPage--fe::FormContainer::CashFlow::FormElement::DataField::Amount::Field-edit-inner-unit-vhi\"]"}
RESULT: {"using":"xpath","value":"//*[@id=\"rfm.assetui::xRFMxCU_Asset__AssetCashflowObjectPage--fe::FormContainer::CashFlow::FormElement::DataField::Amount::Field-edit-inner-unit-vhi\"]"}
COMMAND: POST /session/17f8a147d1f0e687b23e3ab093a7eb5a/element/f.A20B243DB8CAE8823476B95BA6BC73CC.d.528B125B8C22184889DA46A3BFF16576.e.1128/click - {}
RESULT: {}
COMMAND: POST /session/17f8a147d1f0e687b23e3ab093a7eb5a/execute/async - {"script":"<script> [21 bytes]","args":[{"selector":{"id":"rfm.assetui::xRFMxCU_Asset__AssetCashflowObjectPage--fe::FormContainer::CashFlow::FieldValueHelp::_AssetCashflow::Amount::_AssetCashflow::Currency::Dialog::qualifier::-search-inner","searchOpenDialogs":true,"interaction":{"idSuffix":"I"}},"wdio_ui5_key":"rfmassetui::xRFMxCU_Asset__AssetCashflowObjectPage--fe::FormContainer::CashFlow::FieldValueHelp::_AssetCashflow::Amount::_AssetCashflow::Currency::Dialog::qualifier::-search-inner"}]}
COMMAND: GET /session/17f8a147d1f0e687b23e3ab093a7eb5a/screenshot - {}
RESULT: {"script":"<script> [21 bytes]","args":[{"selector":{"id":"rfm.assetui::xRFMxCU_Asset__AssetCashflowObjectPage--fe::FormContainer::CashFlow::FieldValueHelp::_AssetCashflow::Amount::_AssetCashflow::Currency::Dialog::qualifier::-search-inner","searchOpenDialogs":true,"interaction":{"idSuffix":"I"}},"wdio_ui5_key":"rfmassetui::xRFMxCU_Asset__AssetCashflowObjectPage--fe::FormContainer::CashFlow::FieldValueHelp::_AssetCashflow::Amount::_AssetCashflow::Currency::Dialog::qualifier::-search-inner"}]}
RESULT: undefined
COMMAND: POST /session/17f8a147d1f0e687b23e3ab093a7eb5a/execute/async - {"script":"<script> [20 bytes]","args":[{"enterText":"EUR","selector":{"id":"rfm.assetui::xRFMxCU_Asset__AssetCashflowObjectPage--fe::FormContainer::CashFlow::FieldValueHelp::_AssetCashflow::Amount::_AssetCashflow::Currency::Dialog::qualifier::-search-inner","searchOpenDialogs":true,"interaction":{"idSuffix":"I"}},"clearTextFirst":true,"interactionType":"ENTER_TEXT"}]}
RESULT: {}
RESULT: {"script":"<script> [20 bytes]","args":[{"enterText":"EUR","selector":{"id":"rfm.assetui::xRFMxCU_Asset__AssetCashflowObjectPage--fe::FormContainer::CashFlow::FieldValueHelp::_AssetCashflow::Amount::_AssetCashflow::Currency::Dialog::qualifier::-search-inner","searchOpenDialogs":true,"interaction":{"idSuffix":"I"}},"clearTextFirst":true,"interactionType":"ENTER_TEXT"}]}
COMMAND: POST /session/17f8a147d1f0e687b23e3ab093a7eb5a/execute/async - {"script":"<script> [21 bytes]","args":[{"selector":{"id":"rfm.assetui::xRFMxCU_Asset__AssetCashflowObjectPage--fe::FormContainer::CashFlow::FieldValueHelp::_AssetCashflow::Amount::_AssetCashflow::Currency::Dialog::qualifier::::Table-innerTable-rows-row0","searchOpenDialogs":true,"interaction":{"idSuffix":"col0"}},"wdio_ui5_key":"rfmassetui::xRFMxCU_Asset__AssetCashflowObjectPage--fe::FormContainer::CashFlow::FieldValueHelp::_AssetCashflow::Amount::_AssetCashflow::Currency::Dialog::qualifier::::Table-innerTable-rows-row0"}]}
RESULT: {"script":"<script> [21 bytes]","args":[{"selector":{"id":"rfm.assetui::xRFMxCU_Asset__AssetCashflowObjectPage--fe::FormContainer::CashFlow::FieldValueHelp::_AssetCashflow::Amount::_AssetCashflow::Currency::Dialog::qualifier::::Table-innerTable-rows-row0","searchOpenDialogs":true,"interaction":{"idSuffix":"col0"}},"wdio_ui5_key":"rfmassetui::xRFMxCU_Asset__AssetCashflowObjectPage--fe::FormContainer::CashFlow::FieldValueHelp::_AssetCashflow::Amount::_AssetCashflow::Currency::Dialog::qualifier::::Table-innerTable-rows-row0"}]}
RESULT: undefined
COMMAND: POST /session/17f8a147d1f0e687b23e3ab093a7eb5a/element - {"using":"xpath","value":"//*[@id=\"rfm.assetui::xRFMxCU_Asset__AssetCashflowObjectPage--fe::FormContainer::CashFlow::FieldValueHelp::_AssetCashflow::Amount::_AssetCashflow::Currency::Dialog::qualifier::::Table-innerTable-rows-row0\"]"}
RESULT: {"using":"xpath","value":"//*[@id=\"rfm.assetui::xRFMxCU_Asset__AssetCashflowObjectPage--fe::FormContainer::CashFlow::FieldValueHelp::_AssetCashflow::Amount::_AssetCashflow::Currency::Dialog::qualifier::::Table-innerTable-rows-row0\"]"}
COMMAND: POST /session/17f8a147d1f0e687b23e3ab093a7eb5a/element/f.A20B243DB8CAE8823476B95BA6BC73CC.d.528B125B8C22184889DA46A3BFF16576.e.1140/click - {}
RESULT: {}
COMMAND: POST /session/17f8a147d1f0e687b23e3ab093a7eb5a/execute/async - {"script":"<script> [21 bytes]","args":[{"forceSelect":true,"selector":{"id":"rfm.assetui::xRFMxCU_Asset__AssetCashflowObjectPage--fe::FooterBar::StandardAction::Apply","interaction":{"idSuffix":"BDI-content"}},"wdio_ui5_key":"rfmassetui::xRFMxCU_Asset__AssetCashflowObjectPage--fe::FooterBar::StandardAction::Apply"}]}
COMMAND: GET /session/17f8a147d1f0e687b23e3ab093a7eb5a/screenshot - {}
RESULT: {"script":"<script> [21 bytes]","args":[{"forceSelect":true,"selector":{"id":"rfm.assetui::xRFMxCU_Asset__AssetCashflowObjectPage--fe::FooterBar::StandardAction::Apply","interaction":{"idSuffix":"BDI-content"}},"wdio_ui5_key":"rfmassetui::xRFMxCU_Asset__AssetCashflowObjectPage--fe::FooterBar::StandardAction::Apply"}]}
RESULT: undefined
COMMAND: POST /session/17f8a147d1f0e687b23e3ab093a7eb5a/element - {"using":"xpath","value":"//*[@id=\"rfm.assetui::xRFMxCU_Asset__AssetCashflowObjectPage--fe::FooterBar::StandardAction::Apply\"]"}
RESULT: {}
RESULT: {"using":"xpath","value":"//*[@id=\"rfm.assetui::xRFMxCU_Asset__AssetCashflowObjectPage--fe::FooterBar::StandardAction::Apply\"]"}
COMMAND: POST /session/17f8a147d1f0e687b23e3ab093a7eb5a/element/f.A20B243DB8CAE8823476B95BA6BC73CC.d.528B125B8C22184889DA46A3BFF16576.e.1103/click - {}
RESULT: {}
COMMAND: GET /session/17f8a147d1f0e687b23e3ab093a7eb5a/screenshot - {}
RESULT: {}
COMMAND: POST /session/17f8a147d1f0e687b23e3ab093a7eb5a/execute/async - {"script":"<script> [21 bytes]","args":[{"selector":{"id":"rfm.assetui::xRFMxCU_AssetObjectPage--fe::FooterBar::StandardAction::Save","controlType":"sap.m.Button"},"wdio_ui5_key":"rfmassetui::xRFMxCU_AssetObjectPage--fe::FooterBar::StandardAction::Savesap.m.Button"}]}
RESULT: {"script":"<script> [21 bytes]","args":[{"selector":{"id":"rfm.assetui::xRFMxCU_AssetObjectPage--fe::FooterBar::StandardAction::Save","controlType":"sap.m.Button"},"wdio_ui5_key":"rfmassetui::xRFMxCU_AssetObjectPage--fe::FooterBar::StandardAction::Savesap.m.Button"}]}
RESULT: undefined
COMMAND: POST /session/17f8a147d1f0e687b23e3ab093a7eb5a/element - {"using":"xpath","value":"//*[@id=\"rfm.assetui::xRFMxCU_AssetObjectPage--fe::FooterBar::StandardAction::Save\"]"}
RESULT: {"using":"xpath","value":"//*[@id=\"rfm.assetui::xRFMxCU_AssetObjectPage--fe::FooterBar::StandardAction::Save\"]"}
COMMAND: POST /session/17f8a147d1f0e687b23e3ab093a7eb5a/element/f.A20B243DB8CAE8823476B95BA6BC73CC.d.528B125B8C22184889DA46A3BFF16576.e.965/click - {}
RESULT: {}
COMMAND: GET /session/17f8a147d1f0e687b23e3ab093a7eb5a/screenshot - {}
RESULT: {}
COMMAND: POST /session/17f8a147d1f0e687b23e3ab093a7eb5a/execute/async - {"script":"<script> [21 bytes]","args":[{"selector":{"id":"rfm.assetui::xRFMxCU_AssetObjectPage--fe::StandardAction::Edit","interaction":{"idSuffix":"content"}},"wdio_ui5_key":"rfmassetui::xRFMxCU_AssetObjectPage--fe::StandardAction::Edit"}]}
RESULT: {"script":"<script> [21 bytes]","args":[{"selector":{"id":"rfm.assetui::xRFMxCU_AssetObjectPage--fe::StandardAction::Edit","interaction":{"idSuffix":"content"}},"wdio_ui5_key":"rfmassetui::xRFMxCU_AssetObjectPage--fe::StandardAction::Edit"}]}
RESULT: undefined
COMMAND: POST /session/17f8a147d1f0e687b23e3ab093a7eb5a/element - {"using":"xpath","value":"//*[@id=\"rfm.assetui::xRFMxCU_AssetObjectPage--fe::StandardAction::Edit\"]"}
RESULT: {"using":"xpath","value":"//*[@id=\"rfm.assetui::xRFMxCU_AssetObjectPage--fe::StandardAction::Edit\"]"}
COMMAND: POST /session/17f8a147d1f0e687b23e3ab093a7eb5a/element/f.A20B243DB8CAE8823476B95BA6BC73CC.d.528B125B8C22184889DA46A3BFF16576.e.1284/click - {}
RESULT: {}
RESULT: undefined
COMMAND: POST /session/17f8a147d1f0e687b23e3ab093a7eb5a/element - {"using":"xpath","value":"//*[@id=\"rfm.assetui::xRFMxCU_AssetObjectPage--fe::ObjectPage-anchBar-rfm.assetui::xRFMxCU_AssetObjectPage--fe::FacetSection::CashFlowCollection-anchor\"]"}
COMMAND: GET /session/17f8a147d1f0e687b23e3ab093a7eb5a/screenshot - {}
RESULT: {"using":"xpath","value":"//*[@id=\"rfm.assetui::xRFMxCU_AssetObjectPage--fe::ObjectPage-anchBar-rfm.assetui::xRFMxCU_AssetObjectPage--fe::FacetSection::CashFlowCollection-anchor\"]"}
COMMAND: POST /session/17f8a147d1f0e687b23e3ab093a7eb5a/element/f.A20B243DB8CAE8823476B95BA6BC73CC.d.528B125B8C22184889DA46A3BFF16576.e.1288/click - {}
RESULT: {}
RESULT: {}
RESULT: undefined
COMMAND: POST /session/17f8a147d1f0e687b23e3ab093a7eb5a/element - {"using":"xpath","value":"//*[@id=\"rfm.assetui::xRFMxCU_AssetObjectPage--fe::table::_AssetCashflow::LineItem::StandardAction::Create\"]"}
COMMAND: GET /session/17f8a147d1f0e687b23e3ab093a7eb5a/screenshot - {}
RESULT: {"using":"xpath","value":"//*[@id=\"rfm.assetui::xRFMxCU_AssetObjectPage--fe::table::_AssetCashflow::LineItem::StandardAction::Create\"]"}
COMMAND: POST /session/17f8a147d1f0e687b23e3ab093a7eb5a/element/f.A20B243DB8CAE8823476B95BA6BC73CC.d.528B125B8C22184889DA46A3BFF16576.e.1289/click - {}
RESULT: {}
RESULT: {}
COMMAND: GET /session/17f8a147d1f0e687b23e3ab093a7eb5a/screenshot - {}
RESULT: {}
RESULT: undefined
COMMAND: POST /session/17f8a147d1f0e687b23e3ab093a7eb5a/execute/async - {"script":"<script> [20 bytes]","args":[{"enterText":"Principal","selector":{"id":"CreateDialog::xRFMxCU_AssetCashflowType::CashflowPartType-inner","searchOpenDialogs":true,"interaction":{"idSuffix":"inner"}},"clearTextFirst":true,"interactionType":"ENTER_TEXT"}]}
RESULT: {"script":"<script> [20 bytes]","args":[{"enterText":"Principal","selector":{"id":"CreateDialog::xRFMxCU_AssetCashflowType::CashflowPartType-inner","searchOpenDialogs":true,"interaction":{"idSuffix":"inner"}},"clearTextFirst":true,"interactionType":"ENTER_TEXT"}]}
RESULT: undefined
COMMAND: POST /session/17f8a147d1f0e687b23e3ab093a7eb5a/execute/async - {"script":"<script> [20 bytes]","args":[{"enterText":"2025-01-01","selector":{"id":"CreateDialog::xRFMxCU_AssetCashflowType::DueDate-inner","searchOpenDialogs":true,"interaction":{"idSuffix":"inner"}},"clearTextFirst":true,"interactionType":"ENTER_TEXT"}]}
RESULT: {"script":"<script> [20 bytes]","args":[{"enterText":"2025-01-01","selector":{"id":"CreateDialog::xRFMxCU_AssetCashflowType::DueDate-inner","searchOpenDialogs":true,"interaction":{"idSuffix":"inner"}},"clearTextFirst":true,"interactionType":"ENTER_TEXT"}]}
COMMAND: POST /session/17f8a147d1f0e687b23e3ab093a7eb5a/execute/async - {"script":"<script> [21 bytes]","args":[{"selector":{"id":"CreateDialog::xRFMxCU_Asset::_AssetCashflow-footer","searchOpenDialogs":true},"wdio_ui5_key":"CreateDialogxRFMxCU_Asset::_AssetCashflow-footer"}]}
RESULT: {"script":"<script> [21 bytes]","args":[{"selector":{"id":"CreateDialog::xRFMxCU_Asset::_AssetCashflow-footer","searchOpenDialogs":true},"wdio_ui5_key":"CreateDialogxRFMxCU_Asset::_AssetCashflow-footer"}]}
RESULT: undefined
COMMAND: POST /session/17f8a147d1f0e687b23e3ab093a7eb5a/execute/async - {"script":"<script> [21 bytes]","args":[{"element-6066-11e4-a52e-4f735466cecf":"f.A20B243DB8CAE8823476B95BA6BC73CC.d.528B125B8C22184889DA46A3BFF16576.e.1337"},"getEnabled",[]]}
RESULT: {"script":"<script> [21 bytes]","args":[{"element-6066-11e4-a52e-4f735466cecf":"f.A20B243DB8CAE8823476B95BA6BC73CC.d.528B125B8C22184889DA46A3BFF16576.e.1337"},"getEnabled",[]]}
COMMAND: POST /session/17f8a147d1f0e687b23e3ab093a7eb5a/element - {"using":"xpath","value":"//*[@id=\"CreateDialog::xRFMxCU_Asset::_AssetCashflow-footer\"]"}
RESULT: {"using":"xpath","value":"//*[@id=\"CreateDialog::xRFMxCU_Asset::_AssetCashflow-footer\"]"}
COMMAND: POST /session/17f8a147d1f0e687b23e3ab093a7eb5a/element/f.A20B243DB8CAE8823476B95BA6BC73CC.d.528B125B8C22184889DA46A3BFF16576.e.1337/click - {}
RESULT: {}
COMMAND: GET /session/17f8a147d1f0e687b23e3ab093a7eb5a/screenshot - {}
RESULT: {}
COMMAND: POST /session/17f8a147d1f0e687b23e3ab093a7eb5a/execute/async - {"script":"<script> [21 bytes]","args":[{"forceSelect":true,"selector":{"controlType":"sap.m.Button","properties":{"text":"Continue"},"searchOpenDialogs":true},"wdio_ui5_key":"sapm.Button{\"text\":\"Continue\"}"}]}
RESULT: {"script":"<script> [21 bytes]","args":[{"forceSelect":true,"selector":{"controlType":"sap.m.Button","properties":{"text":"Continue"},"searchOpenDialogs":true},"wdio_ui5_key":"sapm.Button{\"text\":\"Continue\"}"}]}
RESULT: undefined
COMMAND: POST /session/17f8a147d1f0e687b23e3ab093a7eb5a/execute/async - {"script":"<script> [21 bytes]","args":[{"selector":{"id":"__button248"}}]}
RESULT: {"script":"<script> [21 bytes]","args":[{"selector":{"id":"__button248"}}]}
COMMAND: POST /session/17f8a147d1f0e687b23e3ab093a7eb5a/execute/async - {"script":"<script> [21 bytes]","args":[{"element-6066-11e4-a52e-4f735466cecf":"f.A20B243DB8CAE8823476B95BA6BC73CC.d.528B125B8C22184889DA46A3BFF16576.e.1338"},"getVisible",[]]}
RESULT: {"script":"<script> [21 bytes]","args":[{"element-6066-11e4-a52e-4f735466cecf":"f.A20B243DB8CAE8823476B95BA6BC73CC.d.528B125B8C22184889DA46A3BFF16576.e.1338"},"getVisible",[]]}
COMMAND: POST /session/17f8a147d1f0e687b23e3ab093a7eb5a/execute/async - {"script":"<script> [21 bytes]","args":[{"selector":{"id":"__button248"}}]}
RESULT: {"script":"<script> [21 bytes]","args":[{"selector":{"id":"__button248"}}]}
COMMAND: POST /session/17f8a147d1f0e687b23e3ab093a7eb5a/execute/async - {"script":"<script> [21 bytes]","args":[{"element-6066-11e4-a52e-4f735466cecf":"f.A20B243DB8CAE8823476B95BA6BC73CC.d.528B125B8C22184889DA46A3BFF16576.e.1338"},"getEnabled",[]]}
RESULT: {"script":"<script> [21 bytes]","args":[{"element-6066-11e4-a52e-4f735466cecf":"f.A20B243DB8CAE8823476B95BA6BC73CC.d.528B125B8C22184889DA46A3BFF16576.e.1338"},"getEnabled",[]]}
COMMAND: POST /session/17f8a147d1f0e687b23e3ab093a7eb5a/execute/async - {"script":"<script> [21 bytes]","args":[{"selector":{"id":"__button248"}}]}
RESULT: {"script":"<script> [21 bytes]","args":[{"selector":{"id":"__button248"}}]}
COMMAND: POST /session/17f8a147d1f0e687b23e3ab093a7eb5a/execute/async - {"script":"<script> [21 bytes]","args":[{"element-6066-11e4-a52e-4f735466cecf":"f.A20B243DB8CAE8823476B95BA6BC73CC.d.528B125B8C22184889DA46A3BFF16576.e.1338"},"focus",[]]}
RESULT: {"script":"<script> [21 bytes]","args":[{"element-6066-11e4-a52e-4f735466cecf":"f.A20B243DB8CAE8823476B95BA6BC73CC.d.528B125B8C22184889DA46A3BFF16576.e.1338"},"focus",[]]}
COMMAND: POST /session/17f8a147d1f0e687b23e3ab093a7eb5a/element - {"using":"xpath","value":"//*[@id=\"__button248\"]"}
RESULT: {"using":"xpath","value":"//*[@id=\"__button248\"]"}
COMMAND: POST /session/17f8a147d1f0e687b23e3ab093a7eb5a/element/f.A20B243DB8CAE8823476B95BA6BC73CC.d.528B125B8C22184889DA46A3BFF16576.e.1338/click - {}
RESULT: {}
COMMAND: GET /session/17f8a147d1f0e687b23e3ab093a7eb5a/screenshot - {}
RESULT: {}
RESULT: undefined
COMMAND: POST /session/17f8a147d1f0e687b23e3ab093a7eb5a/execute/async - {"script":"<script> [20 bytes]","args":[{"enterText":"1,445.27","selector":{"id":"rfm.assetui::xRFMxCU_Asset__AssetCashflowObjectPage--fe::FormContainer::CashFlow::FormElement::DataField::Amount::Field-edit-inner","interaction":{"idSuffix":"inner"}},"clearTextFirst":true,"interactionType":"ENTER_TEXT"}]}
RESULT: {"script":"<script> [20 bytes]","args":[{"enterText":"1,445.27","selector":{"id":"rfm.assetui::xRFMxCU_Asset__AssetCashflowObjectPage--fe::FormContainer::CashFlow::FormElement::DataField::Amount::Field-edit-inner","interaction":{"idSuffix":"inner"}},"clearTextFirst":true,"interactionType":"ENTER_TEXT"}]}
COMMAND: POST /session/17f8a147d1f0e687b23e3ab093a7eb5a/execute/async - {"script":"<script> [21 bytes]","args":[{"selector":{"id":"rfm.assetui::xRFMxCU_Asset__AssetCashflowObjectPage--fe::FormContainer::CashFlow::FormElement::DataField::Amount::Field-edit-inner-unit","interaction":{"idSuffix":"inner"}},"wdio_ui5_key":"rfmassetui::xRFMxCU_Asset__AssetCashflowObjectPage--fe::FormContainer::CashFlow::FormElement::DataField::Amount::Field-edit-inner-unit"}]}
RESULT: {"script":"<script> [21 bytes]","args":[{"selector":{"id":"rfm.assetui::xRFMxCU_Asset__AssetCashflowObjectPage--fe::FormContainer::CashFlow::FormElement::DataField::Amount::Field-edit-inner-unit","interaction":{"idSuffix":"inner"}},"wdio_ui5_key":"rfmassetui::xRFMxCU_Asset__AssetCashflowObjectPage--fe::FormContainer::CashFlow::FormElement::DataField::Amount::Field-edit-inner-unit"}]}
RESULT: undefined
COMMAND: POST /session/17f8a147d1f0e687b23e3ab093a7eb5a/execute/async - {"script":"<script> [20 bytes]","args":[{"enterText":"EUR","selector":{"id":"rfm.assetui::xRFMxCU_Asset__AssetCashflowObjectPage--fe::FormContainer::CashFlow::FormElement::DataField::Amount::Field-edit-inner-unit","interaction":{"idSuffix":"inner"}},"clearTextFirst":true,"interactionType":"ENTER_TEXT"}]}
RESULT: {"script":"<script> [20 bytes]","args":[{"enterText":"EUR","selector":{"id":"rfm.assetui::xRFMxCU_Asset__AssetCashflowObjectPage--fe::FormContainer::CashFlow::FormElement::DataField::Amount::Field-edit-inner-unit","interaction":{"idSuffix":"inner"}},"clearTextFirst":true,"interactionType":"ENTER_TEXT"}]}
COMMAND: POST /session/17f8a147d1f0e687b23e3ab093a7eb5a/execute/async - {"script":"<script> [21 bytes]","args":[{"forceSelect":true,"selector":{"id":"rfm.assetui::xRFMxCU_Asset__AssetCashflowObjectPage--fe::FooterBar::StandardAction::Apply","interaction":{"idSuffix":"content"}},"wdio_ui5_key":"rfmassetui::xRFMxCU_Asset__AssetCashflowObjectPage--fe::FooterBar::StandardAction::Apply"}]}
RESULT: {"script":"<script> [21 bytes]","args":[{"forceSelect":true,"selector":{"id":"rfm.assetui::xRFMxCU_Asset__AssetCashflowObjectPage--fe::FooterBar::StandardAction::Apply","interaction":{"idSuffix":"content"}},"wdio_ui5_key":"rfmassetui::xRFMxCU_Asset__AssetCashflowObjectPage--fe::FooterBar::StandardAction::Apply"}]}
RESULT: undefined
COMMAND: POST /session/17f8a147d1f0e687b23e3ab093a7eb5a/element - {"using":"xpath","value":"//*[@id=\"rfm.assetui::xRFMxCU_Asset__AssetCashflowObjectPage--fe::FooterBar::StandardAction::Apply\"]"}
RESULT: {"using":"xpath","value":"//*[@id=\"rfm.assetui::xRFMxCU_Asset__AssetCashflowObjectPage--fe::FooterBar::StandardAction::Apply\"]"}
COMMAND: POST /session/17f8a147d1f0e687b23e3ab093a7eb5a/element/f.A20B243DB8CAE8823476B95BA6BC73CC.d.528B125B8C22184889DA46A3BFF16576.e.1333/click - {}
RESULT: {}
COMMAND: GET /session/17f8a147d1f0e687b23e3ab093a7eb5a/screenshot - {}
RESULT: {}
RESULT: undefined
COMMAND: POST /session/17f8a147d1f0e687b23e3ab093a7eb5a/element/f.A20B243DB8CAE8823476B95BA6BC73CC.d.528B125B8C22184889DA46A3BFF16576.e.965/click - {}
COMMAND: POST /session/17f8a147d1f0e687b23e3ab093a7eb5a/element - {"using":"xpath","value":"//*[@id=\"rfm.assetui::xRFMxCU_AssetObjectPage--fe::FooterBar::StandardAction::Save\"]"}
RESULT: {"using":"xpath","value":"//*[@id=\"rfm.assetui::xRFMxCU_AssetObjectPage--fe::FooterBar::StandardAction::Save\"]"}
COMMAND: POST /session/17f8a147d1f0e687b23e3ab093a7eb5a/element/f.A20B243DB8CAE8823476B95BA6BC73CC.d.528B125B8C22184889DA46A3BFF16576.e.965/click - {}
COMMAND: POST /session/17f8a147d1f0e687b23e3ab093a7eb5a/element - {"using":"xpath","value":"//*[@id=\"rfm.assetui::xRFMxCU_AssetObjectPage--fe::FooterBar::StandardAction::Save\"]"}
RESULT: {"using":"xpath","value":"//*[@id=\"rfm.assetui::xRFMxCU_AssetObjectPage--fe::FooterBar::StandardAction::Save\"]"}
COMMAND: POST /session/17f8a147d1f0e687b23e3ab093a7eb5a/element/f.A20B243DB8CAE8823476B95BA6BC73CC.d.528B125B8C22184889DA46A3BFF16576.e.1372/click - {}
RESULT: {}
COMMAND: GET /session/17f8a147d1f0e687b23e3ab093a7eb5a/screenshot - {}
RESULT: {}
COMMAND: POST /session/17f8a147d1f0e687b23e3ab093a7eb5a/execute/async - {"script":"<script> [21 bytes]","args":[{"selector":{"id":"rfm.assetui::xRFMxCU_AssetObjectPage--fe::FooterBar::MessageButton-img"},"wdio_ui5_key":"rfmassetui::xRFMxCU_AssetObjectPage--fe::FooterBar::MessageButton-img"}]}
RESULT: {"script":"<script> [21 bytes]","args":[{"selector":{"id":"rfm.assetui::xRFMxCU_AssetObjectPage--fe::FooterBar::MessageButton-img"},"wdio_ui5_key":"rfmassetui::xRFMxCU_AssetObjectPage--fe::FooterBar::MessageButton-img"}]}
RESULT: undefined
COMMAND: POST /session/17f8a147d1f0e687b23e3ab093a7eb5a/execute/async - {"script":"<script> [21 bytes]","args":[{"selector":{"id":"rfm.assetui::xRFMxCU_AssetObjectPage--fe::ObjectPage-anchBar-rfm.assetui::xRFMxCU_AssetObjectPage--fe::FacetSection::Object-anchor"},"wdio_ui5_key":"rfmassetui::xRFMxCU_AssetObjectPage--fe::ObjectPage-anchBar-rfm.assetui::xRFMxCU_AssetObjectPage--fe::FacetSection::Object-anchor"}]}
RESULT: {"script":"<script> [21 bytes]","args":[{"selector":{"id":"rfm.assetui::xRFMxCU_AssetObjectPage--fe::ObjectPage-anchBar-rfm.assetui::xRFMxCU_AssetObjectPage--fe::FacetSection::Object-anchor"},"wdio_ui5_key":"rfmassetui::xRFMxCU_AssetObjectPage--fe::ObjectPage-anchBar-rfm.assetui::xRFMxCU_AssetObjectPage--fe::FacetSection::Object-anchor"}]}
RESULT: undefined
COMMAND: POST /session/17f8a147d1f0e687b23e3ab093a7eb5a/element - {"using":"xpath","value":"//*[@id=\"rfm.assetui::xRFMxCU_AssetObjectPage--fe::ObjectPage-anchBar-rfm.assetui::xRFMxCU_AssetObjectPage--fe::FacetSection::Object-anchor\"]"}
RESULT: {"using":"xpath","value":"//*[@id=\"rfm.assetui::xRFMxCU_AssetObjectPage--fe::ObjectPage-anchBar-rfm.assetui::xRFMxCU_AssetObjectPage--fe::FacetSection::Object-anchor\"]"}
COMMAND: POST /session/17f8a147d1f0e687b23e3ab093a7eb5a/element/f.A20B243DB8CAE8823476B95BA6BC73CC.d.528B125B8C22184889DA46A3BFF16576.e.1381/click - {}
RESULT: {}
COMMAND: GET /session/17f8a147d1f0e687b23e3ab093a7eb5a/screenshot - {}
RESULT: {}
COMMAND: GET /session/17f8a147d1f0e687b23e3ab093a7eb5a/url - {}
RESULT: {}
RESULT: undefined
COMMAND: POST /session/17f8a147d1f0e687b23e3ab093a7eb5a/element/f.A20B243DB8CAE8823476B95BA6BC73CC.d.528B125B8C22184889DA46A3BFF16576.e.584/click - {}
COMMAND: GET /session/17f8a147d1f0e687b23e3ab093a7eb5a/screenshot - {}
COMMAND: POST /session/17f8a147d1f0e687b23e3ab093a7eb5a/element/f.A20B243DB8CAE8823476B95BA6BC73CC.d.528B125B8C22184889DA46A3BFF16576.e.584/click - {}
COMMAND: POST /session/17f8a147d1f0e687b23e3ab093a7eb5a/element/f.A20B243DB8CAE8823476B95BA6BC73CC.d.528B125B8C22184889DA46A3BFF16576.e.584/click - {}
COMMAND: GET /session/17f8a147d1f0e687b23e3ab093a7eb5a/screenshot - {}
]]></system-out>
    </testcase>
    <testcase classname="chrome.138_0_7204_169.windows.Buyback" name="Should create asset 2" time="194.925">
      <system-out><![CDATA[
RESULT: {}
COMMAND: GET /session/17f8a147d1f0e687b23e3ab093a7eb5a/screenshot - {}
RESULT: {}
COMMAND: POST /session/17f8a147d1f0e687b23e3ab093a7eb5a/element - {"using":"xpath","value":"//*[@id=\"backBtn\"]"}
COMMAND: POST /session/17f8a147d1f0e687b23e3ab093a7eb5a/element - {"using":"xpath","value":"//*[@id=\"backBtn\"]"}
RESULT: {"using":"xpath","value":"//*[@id=\"backBtn\"]"}
COMMAND: POST /session/17f8a147d1f0e687b23e3ab093a7eb5a/elements - {"using":"xpath","value":"//*[@id=\"backBtn\"]"}
RESULT: {}
RESULT: {}
RESULT: {"using":"xpath","value":"//*[@id=\"backBtn\"]"}
COMMAND: POST /session/17f8a147d1f0e687b23e3ab093a7eb5a/elements - {"using":"xpath","value":"//*[@id=\"backBtn\"]"}
RESULT: {"using":"xpath","value":"//*[@id=\"backBtn\"]"}
RESULT: {"using":"xpath","value":"//*[@id=\"backBtn\"]"}
COMMAND: POST /session/17f8a147d1f0e687b23e3ab093a7eb5a/elements - {"using":"xpath","value":"//*[@id=\"backBtn\"]"}
RESULT: {"using":"xpath","value":"//*[@id=\"backBtn\"]"}
COMMAND: POST /session/17f8a147d1f0e687b23e3ab093a7eb5a/elements - {"using":"xpath","value":"//*[@id=\"backBtn\"]"}
RESULT: {"using":"xpath","value":"//*[@id=\"backBtn\"]"}
COMMAND: POST /session/17f8a147d1f0e687b23e3ab093a7eb5a/elements - {"using":"xpath","value":"//*[@id=\"backBtn\"]"}
RESULT: {"using":"xpath","value":"//*[@id=\"backBtn\"]"}
COMMAND: POST /session/17f8a147d1f0e687b23e3ab093a7eb5a/elements - {"using":"xpath","value":"//*[@id=\"backBtn\"]"}
RESULT: {"using":"xpath","value":"//*[@id=\"backBtn\"]"}
COMMAND: POST /session/17f8a147d1f0e687b23e3ab093a7eb5a/elements - {"using":"xpath","value":"//*[@id=\"backBtn\"]"}
RESULT: {"using":"xpath","value":"//*[@id=\"backBtn\"]"}
COMMAND: POST /session/17f8a147d1f0e687b23e3ab093a7eb5a/elements - {"using":"xpath","value":"//*[@id=\"backBtn\"]"}
RESULT: {"using":"xpath","value":"//*[@id=\"backBtn\"]"}
COMMAND: POST /session/17f8a147d1f0e687b23e3ab093a7eb5a/elements - {"using":"xpath","value":"//*[@id=\"backBtn\"]"}
RESULT: {"using":"xpath","value":"//*[@id=\"backBtn\"]"}
COMMAND: POST /session/17f8a147d1f0e687b23e3ab093a7eb5a/elements - {"using":"xpath","value":"//*[@id=\"backBtn\"]"}
RESULT: {"using":"xpath","value":"//*[@id=\"backBtn\"]"}
COMMAND: POST /session/17f8a147d1f0e687b23e3ab093a7eb5a/elements - {"using":"xpath","value":"//*[@id=\"backBtn\"]"}
RESULT: {"using":"xpath","value":"//*[@id=\"backBtn\"]"}
COMMAND: POST /session/17f8a147d1f0e687b23e3ab093a7eb5a/elements - {"using":"xpath","value":"//*[@id=\"backBtn\"]"}
RESULT: {"using":"xpath","value":"//*[@id=\"backBtn\"]"}
COMMAND: POST /session/17f8a147d1f0e687b23e3ab093a7eb5a/elements - {"using":"xpath","value":"//*[@id=\"backBtn\"]"}
RESULT: {"using":"xpath","value":"//*[@id=\"backBtn\"]"}
COMMAND: POST /session/17f8a147d1f0e687b23e3ab093a7eb5a/elements - {"using":"xpath","value":"//*[@id=\"backBtn\"]"}
RESULT: {"using":"xpath","value":"//*[@id=\"backBtn\"]"}
RESULT: undefined
COMMAND: POST /session/17f8a147d1f0e687b23e3ab093a7eb5a/element - {"using":"xpath","value":"//*[@id=\"__tile53\"]"}
COMMAND: POST /session/17f8a147d1f0e687b23e3ab093a7eb5a/elements - {"using":"xpath","value":"//*[@id=\"backBtn\"]"}
RESULT: {"using":"xpath","value":"//*[@id=\"__tile53\"]"}
COMMAND: POST /session/17f8a147d1f0e687b23e3ab093a7eb5a/element/f.A20B243DB8CAE8823476B95BA6BC73CC.d.528B125B8C22184889DA46A3BFF16576.e.1399/click - {}
COMMAND: POST /session/17f8a147d1f0e687b23e3ab093a7eb5a/elements - {"using":"xpath","value":"//*[@id=\"backBtn\"]"}
RESULT: {"using":"xpath","value":"//*[@id=\"backBtn\"]"}
RESULT: {}
COMMAND: GET /session/17f8a147d1f0e687b23e3ab093a7eb5a/screenshot - {}
RESULT: {"using":"xpath","value":"//*[@id=\"backBtn\"]"}
COMMAND: POST /session/17f8a147d1f0e687b23e3ab093a7eb5a/elements - {"using":"xpath","value":"//*[@id=\"backBtn\"]"}
COMMAND: POST /session/17f8a147d1f0e687b23e3ab093a7eb5a/elements - {"using":"xpath","value":"//*[@id=\"backBtn\"]"}
RESULT: {}
RESULT: {"using":"xpath","value":"//*[@id=\"backBtn\"]"}
RESULT: {"using":"xpath","value":"//*[@id=\"backBtn\"]"}
COMMAND: POST /session/17f8a147d1f0e687b23e3ab093a7eb5a/elements - {"using":"xpath","value":"//*[@id=\"backBtn\"]"}
COMMAND: POST /session/17f8a147d1f0e687b23e3ab093a7eb5a/elements - {"using":"xpath","value":"//*[@id=\"backBtn\"]"}
RESULT: {"using":"xpath","value":"//*[@id=\"backBtn\"]"}
RESULT: {"using":"xpath","value":"//*[@id=\"backBtn\"]"}
COMMAND: POST /session/17f8a147d1f0e687b23e3ab093a7eb5a/elements - {"using":"xpath","value":"//*[@id=\"backBtn\"]"}
COMMAND: POST /session/17f8a147d1f0e687b23e3ab093a7eb5a/elements - {"using":"xpath","value":"//*[@id=\"backBtn\"]"}
RESULT: {"using":"xpath","value":"//*[@id=\"backBtn\"]"}
COMMAND: POST /session/17f8a147d1f0e687b23e3ab093a7eb5a/element - {"using":"xpath","value":"//*[@id=\"backBtn\"]"}
RESULT: {"using":"xpath","value":"//*[@id=\"backBtn\"]"}
COMMAND: POST /session/17f8a147d1f0e687b23e3ab093a7eb5a/element - {"using":"xpath","value":"//*[@id=\"backBtn\"]"}
RESULT: {"using":"xpath","value":"//*[@id=\"backBtn\"]"}
COMMAND: POST /session/17f8a147d1f0e687b23e3ab093a7eb5a/element/f.A20B243DB8CAE8823476B95BA6BC73CC.d.528B125B8C22184889DA46A3BFF16576.e.584/click - {}
RESULT: {"using":"xpath","value":"//*[@id=\"backBtn\"]"}
COMMAND: POST /session/17f8a147d1f0e687b23e3ab093a7eb5a/element/f.A20B243DB8CAE8823476B95BA6BC73CC.d.528B125B8C22184889DA46A3BFF16576.e.584/click - {}
COMMAND: POST /session/17f8a147d1f0e687b23e3ab093a7eb5a/element - {"using":"xpath","value":"//*[@id=\"backBtn\"]"}
COMMAND: POST /session/17f8a147d1f0e687b23e3ab093a7eb5a/element - {"using":"xpath","value":"//*[@id=\"backBtn\"]"}
RESULT: {"using":"xpath","value":"//*[@id=\"backBtn\"]"}
COMMAND: POST /session/17f8a147d1f0e687b23e3ab093a7eb5a/element/f.A20B243DB8CAE8823476B95BA6BC73CC.d.528B125B8C22184889DA46A3BFF16576.e.1558/click - {}
RESULT: {"using":"xpath","value":"//*[@id=\"backBtn\"]"}
COMMAND: POST /session/17f8a147d1f0e687b23e3ab093a7eb5a/element/f.A20B243DB8CAE8823476B95BA6BC73CC.d.528B125B8C22184889DA46A3BFF16576.e.1558/click - {}
RESULT: {}
RESULT: {}
RESULT: undefined
COMMAND: POST /session/17f8a147d1f0e687b23e3ab093a7eb5a/element - {"using":"xpath","value":"//*[@id=\"__tile53\"]"}
COMMAND: GET /session/17f8a147d1f0e687b23e3ab093a7eb5a/screenshot - {}
COMMAND: GET /session/17f8a147d1f0e687b23e3ab093a7eb5a/screenshot - {}
RESULT: {"using":"xpath","value":"//*[@id=\"__tile53\"]"}
COMMAND: POST /session/17f8a147d1f0e687b23e3ab093a7eb5a/element/f.A20B243DB8CAE8823476B95BA6BC73CC.d.528B125B8C22184889DA46A3BFF16576.e.1561/click - {}
RESULT: {}
RESULT: {}
RESULT: {}
COMMAND: GET /session/17f8a147d1f0e687b23e3ab093a7eb5a/screenshot - {}
RESULT: {}
COMMAND: POST /session/17f8a147d1f0e687b23e3ab093a7eb5a/execute/async - {"script":"<script> [21 bytes]","args":[{"forceSelect":true,"selector":{"id":"rfm.assetui::xRFMxCU_AssetList--fe::table::allTab::LineItem::StandardAction::Create","interaction":{"idSuffix":"BDI-content"}},"wdio_ui5_key":"rfmassetui::xRFMxCU_AssetList--fe::table::allTab::LineItem::StandardAction::Create"}]}
RESULT: {"script":"<script> [21 bytes]","args":[{"forceSelect":true,"selector":{"id":"rfm.assetui::xRFMxCU_AssetList--fe::table::allTab::LineItem::StandardAction::Create","interaction":{"idSuffix":"BDI-content"}},"wdio_ui5_key":"rfmassetui::xRFMxCU_AssetList--fe::table::allTab::LineItem::StandardAction::Create"}]}
RESULT: undefined
COMMAND: POST /session/17f8a147d1f0e687b23e3ab093a7eb5a/element - {"using":"xpath","value":"//*[@id=\"rfm.assetui::xRFMxCU_AssetList--fe::table::allTab::LineItem::StandardAction::Create\"]"}
RESULT: {"using":"xpath","value":"//*[@id=\"rfm.assetui::xRFMxCU_AssetList--fe::table::allTab::LineItem::StandardAction::Create\"]"}
COMMAND: POST /session/17f8a147d1f0e687b23e3ab093a7eb5a/element/f.A20B243DB8CAE8823476B95BA6BC73CC.d.528B125B8C22184889DA46A3BFF16576.e.1619/click - {}
RESULT: {}
COMMAND: GET /session/17f8a147d1f0e687b23e3ab093a7eb5a/screenshot - {}
RESULT: {}
RESULT: undefined
COMMAND: POST /session/17f8a147d1f0e687b23e3ab093a7eb5a/execute/async - {"script":"<script> [21 bytes]","args":[{"element-6066-11e4-a52e-4f735466cecf":"f.A20B243DB8CAE8823476B95BA6BC73CC.d.528B125B8C22184889DA46A3BFF16576.e.841"},"setValue",["WDIO_Buyback2_2025-08-06_22-53-00"]]}
COMMAND: POST /session/17f8a147d1f0e687b23e3ab093a7eb5a/execute/async - {"script":"<script> [21 bytes]","args":[{"selector":{"id":"CreateDialog::xRFMxCU_AssetType::AssetIdExtern-inner","controlType":"sap.ui.mdc.field.FieldInput","searchOpenDialogs":true},"wdio_ui5_key":"CreateDialogxRFMxCU_AssetType::AssetIdExtern-innersap.ui.mdc.field.FieldInput"}]}
RESULT: {"script":"<script> [21 bytes]","args":[{"selector":{"id":"CreateDialog::xRFMxCU_AssetType::AssetIdExtern-inner","controlType":"sap.ui.mdc.field.FieldInput","searchOpenDialogs":true},"wdio_ui5_key":"CreateDialogxRFMxCU_AssetType::AssetIdExtern-innersap.ui.mdc.field.FieldInput"}]}
COMMAND: POST /session/17f8a147d1f0e687b23e3ab093a7eb5a/execute/async - {"script":"<script> [21 bytes]","args":[{"element-6066-11e4-a52e-4f735466cecf":"f.A20B243DB8CAE8823476B95BA6BC73CC.d.528B125B8C22184889DA46A3BFF16576.e.1802"},"setValue",["WDIO_Buyback2_2025-08-06_22-53-00"]]}
RESULT: {"script":"<script> [21 bytes]","args":[{"element-6066-11e4-a52e-4f735466cecf":"f.A20B243DB8CAE8823476B95BA6BC73CC.d.528B125B8C22184889DA46A3BFF16576.e.1802"},"setValue",["WDIO_Buyback2_2025-08-06_22-53-00"]]}
RESULT: undefined
COMMAND: POST /session/17f8a147d1f0e687b23e3ab093a7eb5a/execute/async - {"script":"<script> [20 bytes]","args":[{"enterText":"Test","selector":{"id":"CreateDialog::xRFMxCU_AssetType::ExternalSystem-inner","searchOpenDialogs":true,"interaction":{"idSuffix":"inner"}},"clearTextFirst":true,"interactionType":"ENTER_TEXT"}]}
RESULT: {"script":"<script> [20 bytes]","args":[{"enterText":"Test","selector":{"id":"CreateDialog::xRFMxCU_AssetType::ExternalSystem-inner","searchOpenDialogs":true,"interaction":{"idSuffix":"inner"}},"clearTextFirst":true,"interactionType":"ENTER_TEXT"}]}
RESULT: undefined
COMMAND: POST /session/17f8a147d1f0e687b23e3ab093a7eb5a/execute/async - {"script":"<script> [21 bytes]","args":[{"element-6066-11e4-a52e-4f735466cecf":"f.A20B243DB8CAE8823476B95BA6BC73CC.d.528B125B8C22184889DA46A3BFF16576.e.842"},"setValue",["2025-01-01"]]}
COMMAND: POST /session/17f8a147d1f0e687b23e3ab093a7eb5a/execute/async - {"script":"<script> [21 bytes]","args":[{"selector":{"id":"CreateDialog::xRFMxCU_AssetType::InitiationDate-inner","controlType":"sap.m.DatePicker","searchOpenDialogs":true},"wdio_ui5_key":"CreateDialogxRFMxCU_AssetType::InitiationDate-innersap.m.DatePicker"}]}
RESULT: {"script":"<script> [21 bytes]","args":[{"selector":{"id":"CreateDialog::xRFMxCU_AssetType::InitiationDate-inner","controlType":"sap.m.DatePicker","searchOpenDialogs":true},"wdio_ui5_key":"CreateDialogxRFMxCU_AssetType::InitiationDate-innersap.m.DatePicker"}]}
COMMAND: POST /session/17f8a147d1f0e687b23e3ab093a7eb5a/execute/async - {"script":"<script> [21 bytes]","args":[{"element-6066-11e4-a52e-4f735466cecf":"f.A20B243DB8CAE8823476B95BA6BC73CC.d.528B125B8C22184889DA46A3BFF16576.e.1803"},"setValue",["2025-01-01"]]}
RESULT: {"script":"<script> [21 bytes]","args":[{"element-6066-11e4-a52e-4f735466cecf":"f.A20B243DB8CAE8823476B95BA6BC73CC.d.528B125B8C22184889DA46A3BFF16576.e.1803"},"setValue",["2025-01-01"]]}
RESULT: undefined
COMMAND: POST /session/17f8a147d1f0e687b23e3ab093a7eb5a/execute/async - {"script":"<script> [21 bytes]","args":[{"element-6066-11e4-a52e-4f735466cecf":"f.A20B243DB8CAE8823476B95BA6BC73CC.d.528B125B8C22184889DA46A3BFF16576.e.843"},"setValue",["2027-12-31"]]}
COMMAND: POST /session/17f8a147d1f0e687b23e3ab093a7eb5a/execute/async - {"script":"<script> [21 bytes]","args":[{"selector":{"id":"CreateDialog::xRFMxCU_AssetType::ClosingDate-inner","controlType":"sap.m.DatePicker","searchOpenDialogs":true},"wdio_ui5_key":"CreateDialogxRFMxCU_AssetType::ClosingDate-innersap.m.DatePicker"}]}
RESULT: {"script":"<script> [21 bytes]","args":[{"selector":{"id":"CreateDialog::xRFMxCU_AssetType::ClosingDate-inner","controlType":"sap.m.DatePicker","searchOpenDialogs":true},"wdio_ui5_key":"CreateDialogxRFMxCU_AssetType::ClosingDate-innersap.m.DatePicker"}]}
COMMAND: POST /session/17f8a147d1f0e687b23e3ab093a7eb5a/execute/async - {"script":"<script> [21 bytes]","args":[{"element-6066-11e4-a52e-4f735466cecf":"f.A20B243DB8CAE8823476B95BA6BC73CC.d.528B125B8C22184889DA46A3BFF16576.e.1804"},"setValue",["2027-12-31"]]}
RESULT: {"script":"<script> [21 bytes]","args":[{"element-6066-11e4-a52e-4f735466cecf":"f.A20B243DB8CAE8823476B95BA6BC73CC.d.528B125B8C22184889DA46A3BFF16576.e.1804"},"setValue",["2027-12-31"]]}
COMMAND: POST /session/17f8a147d1f0e687b23e3ab093a7eb5a/execute/async - {"script":"<script> [21 bytes]","args":[{"selector":{"id":"CreateDialog::xRFMxCU_Asset-footer","searchOpenDialogs":true},"wdio_ui5_key":"CreateDialogxRFMxCU_Asset-footer"}]}
RESULT: {"script":"<script> [21 bytes]","args":[{"selector":{"id":"CreateDialog::xRFMxCU_Asset-footer","searchOpenDialogs":true},"wdio_ui5_key":"CreateDialogxRFMxCU_Asset-footer"}]}
RESULT: undefined
COMMAND: POST /session/17f8a147d1f0e687b23e3ab093a7eb5a/element - {"using":"xpath","value":"//*[@id=\"CreateDialog::xRFMxCU_Asset-footer\"]"}
RESULT: {"using":"xpath","value":"//*[@id=\"CreateDialog::xRFMxCU_Asset-footer\"]"}
COMMAND: POST /session/17f8a147d1f0e687b23e3ab093a7eb5a/element/f.A20B243DB8CAE8823476B95BA6BC73CC.d.528B125B8C22184889DA46A3BFF16576.e.1835/click - {}
RESULT: {}
COMMAND: POST /session/17f8a147d1f0e687b23e3ab093a7eb5a/execute/async - {"script":"<script> [21 bytes]","args":[{"forceSelect":true,"selector":{"controlType":"sap.m.Button","viewName":"sap.fe.templates.ObjectPage.ObjectPage","viewId":"rfm.assetui::xRFMxCU_AssetObjectPage","properties":{"text":"Continue"},"searchOpenDialogs":true},"wdio_ui5_key":"sapfe.templates.ObjectPage.ObjectPagesap.m.Button{\"text\":\"Continue\"}"}]}
COMMAND: GET /session/17f8a147d1f0e687b23e3ab093a7eb5a/screenshot - {}
RESULT: {"script":"<script> [21 bytes]","args":[{"forceSelect":true,"selector":{"controlType":"sap.m.Button","viewName":"sap.fe.templates.ObjectPage.ObjectPage","viewId":"rfm.assetui::xRFMxCU_AssetObjectPage","properties":{"text":"Continue"},"searchOpenDialogs":true},"wdio_ui5_key":"sapfe.templates.ObjectPage.ObjectPagesap.m.Button{\"text\":\"Continue\"}"}]}
RESULT: undefined
COMMAND: POST /session/17f8a147d1f0e687b23e3ab093a7eb5a/element - {"using":"xpath","value":"//*[@id=\"__button291\"]"}
RESULT: {}
RESULT: {"using":"xpath","value":"//*[@id=\"__button291\"]"}
COMMAND: POST /session/17f8a147d1f0e687b23e3ab093a7eb5a/element/f.A20B243DB8CAE8823476B95BA6BC73CC.d.528B125B8C22184889DA46A3BFF16576.e.1836/click - {}
RESULT: {}
COMMAND: GET /session/17f8a147d1f0e687b23e3ab093a7eb5a/screenshot - {}
RESULT: {}
RESULT: undefined
COMMAND: POST /session/17f8a147d1f0e687b23e3ab093a7eb5a/element - {"using":"xpath","value":"//*[@id=\"rfm.assetui::xRFMxCU_AssetObjectPage--fe::FCLStandardAction::FullScreen\"]"}
RESULT: {"using":"xpath","value":"//*[@id=\"rfm.assetui::xRFMxCU_AssetObjectPage--fe::FCLStandardAction::FullScreen\"]"}
COMMAND: POST /session/17f8a147d1f0e687b23e3ab093a7eb5a/element/f.A20B243DB8CAE8823476B95BA6BC73CC.d.528B125B8C22184889DA46A3BFF16576.e.1886/click - {}
RESULT: {}
COMMAND: GET /session/17f8a147d1f0e687b23e3ab093a7eb5a/screenshot - {}
RESULT: {}
RESULT: undefined
COMMAND: POST /session/17f8a147d1f0e687b23e3ab093a7eb5a/execute/async - {"script":"<script> [20 bytes]","args":[{"enterText":"117009960","selector":{"id":"rfm.assetui::xRFMxCU_AssetObjectPage--fe::FormContainer::FieldGroup::detailsFieldsGP1::FormElement::DataFieldWithIntentBasedNavigation::PartnerId::Debtor::Manage::Field-edit","interaction":{"idSuffix":"inner"}},"clearTextFirst":true,"interactionType":"ENTER_TEXT"}]}
RESULT: {"script":"<script> [20 bytes]","args":[{"enterText":"117009960","selector":{"id":"rfm.assetui::xRFMxCU_AssetObjectPage--fe::FormContainer::FieldGroup::detailsFieldsGP1::FormElement::DataFieldWithIntentBasedNavigation::PartnerId::Debtor::Manage::Field-edit","interaction":{"idSuffix":"inner"}},"clearTextFirst":true,"interactionType":"ENTER_TEXT"}]}
RESULT: undefined
COMMAND: POST /session/17f8a147d1f0e687b23e3ab093a7eb5a/execute/async - {"script":"<script> [20 bytes]","args":[{"enterText":"19,765.44","selector":{"id":"rfm.assetui::xRFMxCU_AssetObjectPage--fe::FormContainer::FieldGroup::detailsFieldsGP1::FormElement::DataField::NominalValue::Field-edit-inner","interaction":{"idSuffix":"inner"}},"clearTextFirst":true,"interactionType":"ENTER_TEXT"}]}
RESULT: {"script":"<script> [20 bytes]","args":[{"enterText":"19,765.44","selector":{"id":"rfm.assetui::xRFMxCU_AssetObjectPage--fe::FormContainer::FieldGroup::detailsFieldsGP1::FormElement::DataField::NominalValue::Field-edit-inner","interaction":{"idSuffix":"inner"}},"clearTextFirst":true,"interactionType":"ENTER_TEXT"}]}
RESULT: undefined
COMMAND: POST /session/17f8a147d1f0e687b23e3ab093a7eb5a/execute/async - {"script":"<script> [20 bytes]","args":[{"enterText":"EUR","selector":{"id":"rfm.assetui::xRFMxCU_AssetObjectPage--fe::FormContainer::FieldGroup::detailsFieldsGP1::FormElement::DataField::NominalValue::Field-edit-inner-unit","interaction":{"idSuffix":"inner"}},"clearTextFirst":true,"interactionType":"ENTER_TEXT"}]}
RESULT: {"script":"<script> [20 bytes]","args":[{"enterText":"EUR","selector":{"id":"rfm.assetui::xRFMxCU_AssetObjectPage--fe::FormContainer::FieldGroup::detailsFieldsGP1::FormElement::DataField::NominalValue::Field-edit-inner-unit","interaction":{"idSuffix":"inner"}},"clearTextFirst":true,"interactionType":"ENTER_TEXT"}]}
RESULT: undefined
COMMAND: POST /session/17f8a147d1f0e687b23e3ab093a7eb5a/execute/async - {"script":"<script> [20 bytes]","args":[{"enterText":"Leasing","selector":{"id":"rfm.assetui::xRFMxCU_AssetObjectPage--fe::FormContainer::FieldGroup::detailsFieldsGP2::FormElement::DataField::AssetCategory::Field-edit-inner","interaction":{"idSuffix":"inner"}},"clearTextFirst":true,"interactionType":"ENTER_TEXT"}]}
RESULT: {"script":"<script> [20 bytes]","args":[{"enterText":"Leasing","selector":{"id":"rfm.assetui::xRFMxCU_AssetObjectPage--fe::FormContainer::FieldGroup::detailsFieldsGP2::FormElement::DataField::AssetCategory::Field-edit-inner","interaction":{"idSuffix":"inner"}},"clearTextFirst":true,"interactionType":"ENTER_TEXT"}]}
RESULT: undefined
COMMAND: POST /session/17f8a147d1f0e687b23e3ab093a7eb5a/execute/async - {"script":"<script> [20 bytes]","args":[{"enterText":"2","selector":{"id":"rfm.assetui::xRFMxCU_AssetObjectPage--fe::FormContainer::FieldGroup::detailsFieldsGP2::FormElement::DataField::ContractType::Field-edit-inner","interaction":{"idSuffix":"inner"}},"clearTextFirst":true,"interactionType":"ENTER_TEXT"}]}
RESULT: {"script":"<script> [20 bytes]","args":[{"enterText":"2","selector":{"id":"rfm.assetui::xRFMxCU_AssetObjectPage--fe::FormContainer::FieldGroup::detailsFieldsGP2::FormElement::DataField::ContractType::Field-edit-inner","interaction":{"idSuffix":"inner"}},"clearTextFirst":true,"interactionType":"ENTER_TEXT"}]}
RESULT: undefined
COMMAND: POST /session/17f8a147d1f0e687b23e3ab093a7eb5a/execute/async - {"script":"<script> [20 bytes]","args":[{"enterText":"Active","selector":{"id":"rfm.assetui::xRFMxCU_AssetObjectPage--fe::FormContainer::FieldGroup::detailsFieldsGP2::FormElement::DataField::Status::Field-edit-inner","interaction":{"idSuffix":"inner"}},"clearTextFirst":true,"interactionType":"ENTER_TEXT"}]}
RESULT: {"script":"<script> [20 bytes]","args":[{"enterText":"Active","selector":{"id":"rfm.assetui::xRFMxCU_AssetObjectPage--fe::FormContainer::FieldGroup::detailsFieldsGP2::FormElement::DataField::Status::Field-edit-inner","interaction":{"idSuffix":"inner"}},"clearTextFirst":true,"interactionType":"ENTER_TEXT"}]}
RESULT: undefined
COMMAND: POST /session/17f8a147d1f0e687b23e3ab093a7eb5a/element - {"using":"xpath","value":"//*[@id=\"rfm.assetui::xRFMxCU_AssetObjectPage--fe::ObjectPage-anchBar-rfm.assetui::xRFMxCU_AssetObjectPage--fe::FacetSection::CashFlowCollection-anchor\"]"}
RESULT: {"using":"xpath","value":"//*[@id=\"rfm.assetui::xRFMxCU_AssetObjectPage--fe::ObjectPage-anchBar-rfm.assetui::xRFMxCU_AssetObjectPage--fe::FacetSection::CashFlowCollection-anchor\"]"}
COMMAND: POST /session/17f8a147d1f0e687b23e3ab093a7eb5a/element/f.A20B243DB8CAE8823476B95BA6BC73CC.d.528B125B8C22184889DA46A3BFF16576.e.1946/click - {}
RESULT: {}
COMMAND: GET /session/17f8a147d1f0e687b23e3ab093a7eb5a/screenshot - {}
RESULT: {}
RESULT: undefined
COMMAND: POST /session/17f8a147d1f0e687b23e3ab093a7eb5a/element - {"using":"xpath","value":"//*[@id=\"rfm.assetui::xRFMxCU_AssetObjectPage--fe::FacetSubSection::PlannedCFCollection\"]"}
RESULT: {"using":"xpath","value":"//*[@id=\"rfm.assetui::xRFMxCU_AssetObjectPage--fe::FacetSubSection::PlannedCFCollection\"]"}
COMMAND: POST /session/17f8a147d1f0e687b23e3ab093a7eb5a/element/f.A20B243DB8CAE8823476B95BA6BC73CC.d.528B125B8C22184889DA46A3BFF16576.e.1991/click - {}
RESULT: {}
RESULT: undefined
COMMAND: POST /session/17f8a147d1f0e687b23e3ab093a7eb5a/element - {"using":"xpath","value":"//*[@id=\"rfm.assetui::xRFMxCU_AssetObjectPage--fe::table::_AssetCashflow::LineItem::StandardAction::Create\"]"}
COMMAND: GET /session/17f8a147d1f0e687b23e3ab093a7eb5a/screenshot - {}
RESULT: {"using":"xpath","value":"//*[@id=\"rfm.assetui::xRFMxCU_AssetObjectPage--fe::table::_AssetCashflow::LineItem::StandardAction::Create\"]"}
COMMAND: POST /session/17f8a147d1f0e687b23e3ab093a7eb5a/element/f.A20B243DB8CAE8823476B95BA6BC73CC.d.528B125B8C22184889DA46A3BFF16576.e.1947/click - {}
RESULT: {}
RESULT: {}
COMMAND: GET /session/17f8a147d1f0e687b23e3ab093a7eb5a/screenshot - {}
RESULT: {}
RESULT: undefined
COMMAND: POST /session/17f8a147d1f0e687b23e3ab093a7eb5a/execute/async - {"script":"<script> [20 bytes]","args":[{"enterText":"Interest","selector":{"id":"CreateDialog::xRFMxCU_AssetCashflowType::CashflowPartType-inner","searchOpenDialogs":true,"interaction":{"idSuffix":"inner"}},"clearTextFirst":true,"interactionType":"ENTER_TEXT"}]}
RESULT: {"script":"<script> [20 bytes]","args":[{"enterText":"Interest","selector":{"id":"CreateDialog::xRFMxCU_AssetCashflowType::CashflowPartType-inner","searchOpenDialogs":true,"interaction":{"idSuffix":"inner"}},"clearTextFirst":true,"interactionType":"ENTER_TEXT"}]}
RESULT: undefined
COMMAND: POST /session/17f8a147d1f0e687b23e3ab093a7eb5a/execute/async - {"script":"<script> [20 bytes]","args":[{"enterText":"2025-01-01","selector":{"id":"CreateDialog::xRFMxCU_AssetCashflowType::DueDate-inner","searchOpenDialogs":true,"interaction":{"idSuffix":"inner"}},"clearTextFirst":true,"interactionType":"ENTER_TEXT"}]}
RESULT: {"script":"<script> [20 bytes]","args":[{"enterText":"2025-01-01","selector":{"id":"CreateDialog::xRFMxCU_AssetCashflowType::DueDate-inner","searchOpenDialogs":true,"interaction":{"idSuffix":"inner"}},"clearTextFirst":true,"interactionType":"ENTER_TEXT"}]}
RESULT: undefined
COMMAND: POST /session/17f8a147d1f0e687b23e3ab093a7eb5a/element - {"using":"xpath","value":"//*[@id=\"CreateDialog::xRFMxCU_Asset::_AssetCashflow-footer\"]"}
RESULT: {"using":"xpath","value":"//*[@id=\"CreateDialog::xRFMxCU_Asset::_AssetCashflow-footer\"]"}
COMMAND: POST /session/17f8a147d1f0e687b23e3ab093a7eb5a/element/f.A20B243DB8CAE8823476B95BA6BC73CC.d.528B125B8C22184889DA46A3BFF16576.e.2042/click - {}
RESULT: {}
COMMAND: POST /session/17f8a147d1f0e687b23e3ab093a7eb5a/execute/async - {"script":"<script> [21 bytes]","args":[{"forceSelect":true,"selector":{"controlType":"sap.m.Button","viewName":"sap.fe.templates.ObjectPage.ObjectPage","viewId":"rfm.assetui::xRFMxCU_Asset__AssetCashflowObjectPage","properties":{"text":"Continue"},"searchOpenDialogs":true,"interaction":{"idSuffix":"content"}},"wdio_ui5_key":"sapfe.templates.ObjectPage.ObjectPagesap.m.Button{\"text\":\"Continue\"}"}]}
COMMAND: GET /session/17f8a147d1f0e687b23e3ab093a7eb5a/screenshot - {}
RESULT: {"script":"<script> [21 bytes]","args":[{"forceSelect":true,"selector":{"controlType":"sap.m.Button","viewName":"sap.fe.templates.ObjectPage.ObjectPage","viewId":"rfm.assetui::xRFMxCU_Asset__AssetCashflowObjectPage","properties":{"text":"Continue"},"searchOpenDialogs":true,"interaction":{"idSuffix":"content"}},"wdio_ui5_key":"sapfe.templates.ObjectPage.ObjectPagesap.m.Button{\"text\":\"Continue\"}"}]}
RESULT: undefined
COMMAND: POST /session/17f8a147d1f0e687b23e3ab093a7eb5a/element - {"using":"xpath","value":"//*[@id=\"__button304\"]"}
RESULT: {}
RESULT: {"using":"xpath","value":"//*[@id=\"__button304\"]"}
COMMAND: POST /session/17f8a147d1f0e687b23e3ab093a7eb5a/element/f.A20B243DB8CAE8823476B95BA6BC73CC.d.528B125B8C22184889DA46A3BFF16576.e.2044/click - {}
RESULT: {}
COMMAND: GET /session/17f8a147d1f0e687b23e3ab093a7eb5a/screenshot - {}
RESULT: {}
RESULT: undefined
COMMAND: POST /session/17f8a147d1f0e687b23e3ab093a7eb5a/execute/async - {"script":"<script> [20 bytes]","args":[{"enterText":"19.49","selector":{"id":"rfm.assetui::xRFMxCU_Asset__AssetCashflowObjectPage--fe::FormContainer::CashFlow::FormElement::DataField::Amount::Field-edit-inner","interaction":{"idSuffix":"inner"}},"clearTextFirst":true,"interactionType":"ENTER_TEXT"}]}
RESULT: {"script":"<script> [20 bytes]","args":[{"enterText":"19.49","selector":{"id":"rfm.assetui::xRFMxCU_Asset__AssetCashflowObjectPage--fe::FormContainer::CashFlow::FormElement::DataField::Amount::Field-edit-inner","interaction":{"idSuffix":"inner"}},"clearTextFirst":true,"interactionType":"ENTER_TEXT"}]}
RESULT: undefined
COMMAND: POST /session/17f8a147d1f0e687b23e3ab093a7eb5a/element - {"using":"xpath","value":"//*[@id=\"rfm.assetui::xRFMxCU_Asset__AssetCashflowObjectPage--fe::FormContainer::CashFlow::FormElement::DataField::Amount::Field-edit-inner-unit-vhi\"]"}
RESULT: {"using":"xpath","value":"//*[@id=\"rfm.assetui::xRFMxCU_Asset__AssetCashflowObjectPage--fe::FormContainer::CashFlow::FormElement::DataField::Amount::Field-edit-inner-unit-vhi\"]"}
COMMAND: POST /session/17f8a147d1f0e687b23e3ab093a7eb5a/element/f.A20B243DB8CAE8823476B95BA6BC73CC.d.528B125B8C22184889DA46A3BFF16576.e.2062/click - {}
RESULT: {}
RESULT: undefined
COMMAND: POST /session/17f8a147d1f0e687b23e3ab093a7eb5a/execute/async - {"script":"<script> [20 bytes]","args":[{"enterText":"EUR","selector":{"id":"rfm.assetui::xRFMxCU_Asset__AssetCashflowObjectPage--fe::FormContainer::CashFlow::FieldValueHelp::_AssetCashflow::Amount::_AssetCashflow::Currency::Dialog::qualifier::-search-inner","searchOpenDialogs":true,"interaction":{"idSuffix":"I"}},"clearTextFirst":true,"interactionType":"ENTER_TEXT"}]}
COMMAND: GET /session/17f8a147d1f0e687b23e3ab093a7eb5a/screenshot - {}
RESULT: {"script":"<script> [20 bytes]","args":[{"enterText":"EUR","selector":{"id":"rfm.assetui::xRFMxCU_Asset__AssetCashflowObjectPage--fe::FormContainer::CashFlow::FieldValueHelp::_AssetCashflow::Amount::_AssetCashflow::Currency::Dialog::qualifier::-search-inner","searchOpenDialogs":true,"interaction":{"idSuffix":"I"}},"clearTextFirst":true,"interactionType":"ENTER_TEXT"}]}
RESULT: undefined
COMMAND: POST /session/17f8a147d1f0e687b23e3ab093a7eb5a/element - {"using":"xpath","value":"//*[@id=\"rfm.assetui::xRFMxCU_Asset__AssetCashflowObjectPage--fe::FormContainer::CashFlow::FieldValueHelp::_AssetCashflow::Amount::_AssetCashflow::Currency::Dialog::qualifier::::Table-innerTable-rows-row0\"]"}
RESULT: {}
RESULT: {"using":"xpath","value":"//*[@id=\"rfm.assetui::xRFMxCU_Asset__AssetCashflowObjectPage--fe::FormContainer::CashFlow::FieldValueHelp::_AssetCashflow::Amount::_AssetCashflow::Currency::Dialog::qualifier::::Table-innerTable-rows-row0\"]"}
COMMAND: POST /session/17f8a147d1f0e687b23e3ab093a7eb5a/element/f.A20B243DB8CAE8823476B95BA6BC73CC.d.528B125B8C22184889DA46A3BFF16576.e.2070/click - {}
RESULT: {}
COMMAND: POST /session/17f8a147d1f0e687b23e3ab093a7eb5a/execute/async - {"script":"<script> [21 bytes]","args":[{"forceSelect":true,"selector":{"id":"rfm.assetui::xRFMxCU_Asset__AssetCashflowObjectPage--fe::FooterBar::StandardAction::Apply","interaction":{"idSuffix":"BDI-content"}},"wdio_ui5_key":"rfmassetui::xRFMxCU_Asset__AssetCashflowObjectPage--fe::FooterBar::StandardAction::Apply"}]}
COMMAND: GET /session/17f8a147d1f0e687b23e3ab093a7eb5a/screenshot - {}
RESULT: {"script":"<script> [21 bytes]","args":[{"forceSelect":true,"selector":{"id":"rfm.assetui::xRFMxCU_Asset__AssetCashflowObjectPage--fe::FooterBar::StandardAction::Apply","interaction":{"idSuffix":"BDI-content"}},"wdio_ui5_key":"rfmassetui::xRFMxCU_Asset__AssetCashflowObjectPage--fe::FooterBar::StandardAction::Apply"}]}
RESULT: undefined
COMMAND: POST /session/17f8a147d1f0e687b23e3ab093a7eb5a/element - {"using":"xpath","value":"//*[@id=\"rfm.assetui::xRFMxCU_Asset__AssetCashflowObjectPage--fe::FooterBar::StandardAction::Apply\"]"}
RESULT: {}
RESULT: {"using":"xpath","value":"//*[@id=\"rfm.assetui::xRFMxCU_Asset__AssetCashflowObjectPage--fe::FooterBar::StandardAction::Apply\"]"}
COMMAND: POST /session/17f8a147d1f0e687b23e3ab093a7eb5a/element/f.A20B243DB8CAE8823476B95BA6BC73CC.d.528B125B8C22184889DA46A3BFF16576.e.2035/click - {}
RESULT: {}
COMMAND: GET /session/17f8a147d1f0e687b23e3ab093a7eb5a/screenshot - {}
RESULT: {}
RESULT: undefined
COMMAND: POST /session/17f8a147d1f0e687b23e3ab093a7eb5a/element - {"using":"xpath","value":"//*[@id=\"rfm.assetui::xRFMxCU_AssetObjectPage--fe::table::_AssetCashflow::LineItem::StandardAction::Create\"]"}
RESULT: {"using":"xpath","value":"//*[@id=\"rfm.assetui::xRFMxCU_AssetObjectPage--fe::table::_AssetCashflow::LineItem::StandardAction::Create\"]"}
COMMAND: POST /session/17f8a147d1f0e687b23e3ab093a7eb5a/element/f.A20B243DB8CAE8823476B95BA6BC73CC.d.528B125B8C22184889DA46A3BFF16576.e.1947/click - {}
RESULT: {}
COMMAND: GET /session/17f8a147d1f0e687b23e3ab093a7eb5a/screenshot - {}
RESULT: {}
RESULT: undefined
COMMAND: POST /session/17f8a147d1f0e687b23e3ab093a7eb5a/execute/async - {"script":"<script> [20 bytes]","args":[{"enterText":"Principal","selector":{"id":"CreateDialog::xRFMxCU_AssetCashflowType::CashflowPartType-inner","searchOpenDialogs":true,"interaction":{"idSuffix":"inner"}},"clearTextFirst":true,"interactionType":"ENTER_TEXT"}]}
RESULT: {"script":"<script> [20 bytes]","args":[{"enterText":"Principal","selector":{"id":"CreateDialog::xRFMxCU_AssetCashflowType::CashflowPartType-inner","searchOpenDialogs":true,"interaction":{"idSuffix":"inner"}},"clearTextFirst":true,"interactionType":"ENTER_TEXT"}]}
RESULT: undefined
COMMAND: POST /session/17f8a147d1f0e687b23e3ab093a7eb5a/execute/async - {"script":"<script> [20 bytes]","args":[{"enterText":"2025-01-01","selector":{"id":"CreateDialog::xRFMxCU_AssetCashflowType::DueDate-inner","searchOpenDialogs":true,"interaction":{"idSuffix":"inner"}},"clearTextFirst":true,"interactionType":"ENTER_TEXT"}]}
RESULT: {"script":"<script> [20 bytes]","args":[{"enterText":"2025-01-01","selector":{"id":"CreateDialog::xRFMxCU_AssetCashflowType::DueDate-inner","searchOpenDialogs":true,"interaction":{"idSuffix":"inner"}},"clearTextFirst":true,"interactionType":"ENTER_TEXT"}]}
RESULT: undefined
COMMAND: POST /session/17f8a147d1f0e687b23e3ab093a7eb5a/element - {"using":"xpath","value":"//*[@id=\"CreateDialog::xRFMxCU_Asset::_AssetCashflow-footer\"]"}
RESULT: {"using":"xpath","value":"//*[@id=\"CreateDialog::xRFMxCU_Asset::_AssetCashflow-footer\"]"}
COMMAND: POST /session/17f8a147d1f0e687b23e3ab093a7eb5a/element/f.A20B243DB8CAE8823476B95BA6BC73CC.d.528B125B8C22184889DA46A3BFF16576.e.2102/click - {}
RESULT: {}
COMMAND: GET /session/17f8a147d1f0e687b23e3ab093a7eb5a/screenshot - {}
RESULT: {}
COMMAND: POST /session/17f8a147d1f0e687b23e3ab093a7eb5a/execute/async - {"script":"<script> [21 bytes]","args":[{"forceSelect":true,"selector":{"controlType":"sap.m.Button","viewName":"sap.fe.templates.ObjectPage.ObjectPage","viewId":"rfm.assetui::xRFMxCU_Asset__AssetCashflowObjectPage","properties":{"text":"Continue"},"searchOpenDialogs":true,"interaction":{"idSuffix":"content"}},"wdio_ui5_key":"sapfe.templates.ObjectPage.ObjectPagesap.m.Button{\"text\":\"Continue\"}"}]}
RESULT: {"script":"<script> [21 bytes]","args":[{"forceSelect":true,"selector":{"controlType":"sap.m.Button","viewName":"sap.fe.templates.ObjectPage.ObjectPage","viewId":"rfm.assetui::xRFMxCU_Asset__AssetCashflowObjectPage","properties":{"text":"Continue"},"searchOpenDialogs":true,"interaction":{"idSuffix":"content"}},"wdio_ui5_key":"sapfe.templates.ObjectPage.ObjectPagesap.m.Button{\"text\":\"Continue\"}"}]}
RESULT: undefined
COMMAND: POST /session/17f8a147d1f0e687b23e3ab093a7eb5a/element - {"using":"xpath","value":"//*[@id=\"__button306\"]"}
RESULT: {"using":"xpath","value":"//*[@id=\"__button306\"]"}
COMMAND: POST /session/17f8a147d1f0e687b23e3ab093a7eb5a/element/f.A20B243DB8CAE8823476B95BA6BC73CC.d.528B125B8C22184889DA46A3BFF16576.e.2104/click - {}
RESULT: {}
COMMAND: GET /session/17f8a147d1f0e687b23e3ab093a7eb5a/screenshot - {}
RESULT: {}
RESULT: undefined
COMMAND: POST /session/17f8a147d1f0e687b23e3ab093a7eb5a/execute/async - {"script":"<script> [20 bytes]","args":[{"enterText":"52.55","selector":{"id":"rfm.assetui::xRFMxCU_Asset__AssetCashflowObjectPage--fe::FormContainer::CashFlow::FormElement::DataField::Amount::Field-edit-inner","interaction":{"idSuffix":"inner"}},"clearTextFirst":true,"interactionType":"ENTER_TEXT"}]}
RESULT: {"script":"<script> [20 bytes]","args":[{"enterText":"52.55","selector":{"id":"rfm.assetui::xRFMxCU_Asset__AssetCashflowObjectPage--fe::FormContainer::CashFlow::FormElement::DataField::Amount::Field-edit-inner","interaction":{"idSuffix":"inner"}},"clearTextFirst":true,"interactionType":"ENTER_TEXT"}]}
RESULT: undefined
COMMAND: POST /session/17f8a147d1f0e687b23e3ab093a7eb5a/execute/async - {"script":"<script> [20 bytes]","args":[{"enterText":"EUR","selector":{"id":"rfm.assetui::xRFMxCU_Asset__AssetCashflowObjectPage--fe::FormContainer::CashFlow::FormElement::DataField::Amount::Field-edit-inner-unit","interaction":{"idSuffix":"inner"}},"clearTextFirst":true,"interactionType":"ENTER_TEXT"}]}
RESULT: {"script":"<script> [20 bytes]","args":[{"enterText":"EUR","selector":{"id":"rfm.assetui::xRFMxCU_Asset__AssetCashflowObjectPage--fe::FormContainer::CashFlow::FormElement::DataField::Amount::Field-edit-inner-unit","interaction":{"idSuffix":"inner"}},"clearTextFirst":true,"interactionType":"ENTER_TEXT"}]}
COMMAND: POST /session/17f8a147d1f0e687b23e3ab093a7eb5a/execute/async - {"script":"<script> [21 bytes]","args":[{"forceSelect":true,"selector":{"id":"rfm.assetui::xRFMxCU_Asset__AssetCashflowObjectPage--fe::FooterBar::StandardAction::Apply","interaction":{"idSuffix":"content"}},"wdio_ui5_key":"rfmassetui::xRFMxCU_Asset__AssetCashflowObjectPage--fe::FooterBar::StandardAction::Apply"}]}
RESULT: {"script":"<script> [21 bytes]","args":[{"forceSelect":true,"selector":{"id":"rfm.assetui::xRFMxCU_Asset__AssetCashflowObjectPage--fe::FooterBar::StandardAction::Apply","interaction":{"idSuffix":"content"}},"wdio_ui5_key":"rfmassetui::xRFMxCU_Asset__AssetCashflowObjectPage--fe::FooterBar::StandardAction::Apply"}]}
RESULT: undefined
COMMAND: POST /session/17f8a147d1f0e687b23e3ab093a7eb5a/element - {"using":"xpath","value":"//*[@id=\"rfm.assetui::xRFMxCU_Asset__AssetCashflowObjectPage--fe::FooterBar::StandardAction::Apply\"]"}
RESULT: {"using":"xpath","value":"//*[@id=\"rfm.assetui::xRFMxCU_Asset__AssetCashflowObjectPage--fe::FooterBar::StandardAction::Apply\"]"}
COMMAND: POST /session/17f8a147d1f0e687b23e3ab093a7eb5a/element/f.A20B243DB8CAE8823476B95BA6BC73CC.d.528B125B8C22184889DA46A3BFF16576.e.2035/click - {}
RESULT: {}
COMMAND: GET /session/17f8a147d1f0e687b23e3ab093a7eb5a/screenshot - {}
RESULT: {}
RESULT: undefined
COMMAND: POST /session/17f8a147d1f0e687b23e3ab093a7eb5a/element/f.A20B243DB8CAE8823476B95BA6BC73CC.d.528B125B8C22184889DA46A3BFF16576.e.1372/click - {}
COMMAND: POST /session/17f8a147d1f0e687b23e3ab093a7eb5a/element - {"using":"xpath","value":"//*[@id=\"rfm.assetui::xRFMxCU_AssetObjectPage--fe::FooterBar::StandardAction::Save\"]"}
RESULT: {"using":"xpath","value":"//*[@id=\"rfm.assetui::xRFMxCU_AssetObjectPage--fe::FooterBar::StandardAction::Save\"]"}
COMMAND: POST /session/17f8a147d1f0e687b23e3ab093a7eb5a/element/f.A20B243DB8CAE8823476B95BA6BC73CC.d.528B125B8C22184889DA46A3BFF16576.e.1372/click - {}
COMMAND: POST /session/17f8a147d1f0e687b23e3ab093a7eb5a/element - {"using":"xpath","value":"//*[@id=\"rfm.assetui::xRFMxCU_AssetObjectPage--fe::FooterBar::StandardAction::Save\"]"}
RESULT: {"using":"xpath","value":"//*[@id=\"rfm.assetui::xRFMxCU_AssetObjectPage--fe::FooterBar::StandardAction::Save\"]"}
COMMAND: POST /session/17f8a147d1f0e687b23e3ab093a7eb5a/element/f.A20B243DB8CAE8823476B95BA6BC73CC.d.528B125B8C22184889DA46A3BFF16576.e.1925/click - {}
RESULT: {}
COMMAND: GET /session/17f8a147d1f0e687b23e3ab093a7eb5a/screenshot - {}
RESULT: undefined
RESULT: undefined
COMMAND: POST /session/17f8a147d1f0e687b23e3ab093a7eb5a/element - {"using":"xpath","value":"//*[@id=\"rfm.assetui::xRFMxCU_AssetObjectPage--fe::ObjectPage-anchBar-rfm.assetui::xRFMxCU_AssetObjectPage--fe::FacetSection::Object-anchor\"]"}
RESULT: {}
RESULT: {"using":"xpath","value":"//*[@id=\"rfm.assetui::xRFMxCU_AssetObjectPage--fe::ObjectPage-anchBar-rfm.assetui::xRFMxCU_AssetObjectPage--fe::FacetSection::Object-anchor\"]"}
COMMAND: POST /session/17f8a147d1f0e687b23e3ab093a7eb5a/element/f.A20B243DB8CAE8823476B95BA6BC73CC.d.528B125B8C22184889DA46A3BFF16576.e.2260/click - {}
RESULT: {}
COMMAND: GET /session/17f8a147d1f0e687b23e3ab093a7eb5a/screenshot - {}
RESULT: {}
COMMAND: GET /session/17f8a147d1f0e687b23e3ab093a7eb5a/url - {}
RESULT: {}
RESULT: undefined
COMMAND: POST /session/17f8a147d1f0e687b23e3ab093a7eb5a/element/f.A20B243DB8CAE8823476B95BA6BC73CC.d.528B125B8C22184889DA46A3BFF16576.e.1558/click - {}
COMMAND: GET /session/17f8a147d1f0e687b23e3ab093a7eb5a/screenshot - {}
COMMAND: POST /session/17f8a147d1f0e687b23e3ab093a7eb5a/element/f.A20B243DB8CAE8823476B95BA6BC73CC.d.528B125B8C22184889DA46A3BFF16576.e.1558/click - {}
COMMAND: POST /session/17f8a147d1f0e687b23e3ab093a7eb5a/element/f.A20B243DB8CAE8823476B95BA6BC73CC.d.528B125B8C22184889DA46A3BFF16576.e.1558/click - {}
RESULT: {}
COMMAND: GET /session/17f8a147d1f0e687b23e3ab093a7eb5a/screenshot - {}
RESULT: {}
COMMAND: POST /session/17f8a147d1f0e687b23e3ab093a7eb5a/element - {"using":"xpath","value":"//*[@id=\"backBtn\"]"}
COMMAND: POST /session/17f8a147d1f0e687b23e3ab093a7eb5a/element - {"using":"xpath","value":"//*[@id=\"backBtn\"]"}
RESULT: {}
RESULT: {"using":"xpath","value":"//*[@id=\"backBtn\"]"}
COMMAND: POST /session/17f8a147d1f0e687b23e3ab093a7eb5a/elements - {"using":"xpath","value":"//*[@id=\"backBtn\"]"}
RESULT: {"using":"xpath","value":"//*[@id=\"backBtn\"]"}
COMMAND: POST /session/17f8a147d1f0e687b23e3ab093a7eb5a/elements - {"using":"xpath","value":"//*[@id=\"backBtn\"]"}
RESULT: {"using":"xpath","value":"//*[@id=\"backBtn\"]"}
RESULT: {"using":"xpath","value":"//*[@id=\"backBtn\"]"}
COMMAND: POST /session/17f8a147d1f0e687b23e3ab093a7eb5a/elements - {"using":"xpath","value":"//*[@id=\"backBtn\"]"}
COMMAND: POST /session/17f8a147d1f0e687b23e3ab093a7eb5a/elements - {"using":"xpath","value":"//*[@id=\"backBtn\"]"}
RESULT: {"using":"xpath","value":"//*[@id=\"backBtn\"]"}
RESULT: {"using":"xpath","value":"//*[@id=\"backBtn\"]"}
COMMAND: POST /session/17f8a147d1f0e687b23e3ab093a7eb5a/elements - {"using":"xpath","value":"//*[@id=\"backBtn\"]"}
RESULT: {"using":"xpath","value":"//*[@id=\"backBtn\"]"}
COMMAND: POST /session/17f8a147d1f0e687b23e3ab093a7eb5a/elements - {"using":"xpath","value":"//*[@id=\"backBtn\"]"}
COMMAND: GET /session/17f8a147d1f0e687b23e3ab093a7eb5a/screenshot - {}
RESULT: {"using":"xpath","value":"//*[@id=\"backBtn\"]"}
RESULT: {}
]]></system-out>
    </testcase>
    <testcase classname="chrome.138_0_7204_169.windows.Buyback" name="Should create Transaction" time="276.666">
      <system-out><![CDATA[
COMMAND: POST /session/17f8a147d1f0e687b23e3ab093a7eb5a/execute/async - {"script":"<script> [21 bytes]","args":[{"selector":{"controlType":"sap.m.GenericTile","properties":{"header":"Funding Transaction"}},"wdio_ui5_key":"sapm.GenericTile{\"header\":\"Funding Transaction\"}"}]}
COMMAND: POST /session/17f8a147d1f0e687b23e3ab093a7eb5a/elements - {"using":"xpath","value":"//*[@id=\"backBtn\"]"}
COMMAND: POST /session/17f8a147d1f0e687b23e3ab093a7eb5a/elements - {"using":"xpath","value":"//*[@id=\"backBtn\"]"}
RESULT: {"script":"<script> [21 bytes]","args":[{"selector":{"controlType":"sap.m.GenericTile","properties":{"header":"Funding Transaction"}},"wdio_ui5_key":"sapm.GenericTile{\"header\":\"Funding Transaction\"}"}]}
RESULT: undefined
COMMAND: POST /session/17f8a147d1f0e687b23e3ab093a7eb5a/element - {"using":"xpath","value":"//*[@id=\"__tile30\"]"}
RESULT: {"using":"xpath","value":"//*[@id=\"backBtn\"]"}
COMMAND: POST /session/17f8a147d1f0e687b23e3ab093a7eb5a/elements - {"using":"xpath","value":"//*[@id=\"backBtn\"]"}
RESULT: {"using":"xpath","value":"//*[@id=\"backBtn\"]"}
COMMAND: POST /session/17f8a147d1f0e687b23e3ab093a7eb5a/elements - {"using":"xpath","value":"//*[@id=\"backBtn\"]"}
RESULT: {"using":"xpath","value":"//*[@id=\"__tile30\"]"}
COMMAND: POST /session/17f8a147d1f0e687b23e3ab093a7eb5a/element/f.A20B243DB8CAE8823476B95BA6BC73CC.d.528B125B8C22184889DA46A3BFF16576.e.2286/click - {}
RESULT: {"using":"xpath","value":"//*[@id=\"backBtn\"]"}
COMMAND: POST /session/17f8a147d1f0e687b23e3ab093a7eb5a/elements - {"using":"xpath","value":"//*[@id=\"backBtn\"]"}
RESULT: {"using":"xpath","value":"//*[@id=\"backBtn\"]"}
COMMAND: POST /session/17f8a147d1f0e687b23e3ab093a7eb5a/elements - {"using":"xpath","value":"//*[@id=\"backBtn\"]"}
RESULT: {}
COMMAND: POST /session/17f8a147d1f0e687b23e3ab093a7eb5a/execute/async - {"script":"<script> [21 bytes]","args":[{"selector":{"id":"rfm.transactionui::xRFMxCU_TransactionList--fe::table::allTab::LineItem::StandardAction::Create","controlType":"sap.m.Button"},"wdio_ui5_key":"rfmtransactionui::xRFMxCU_TransactionList--fe::table::allTab::LineItem::StandardAction::Createsap.m.Button"}]}
COMMAND: GET /session/17f8a147d1f0e687b23e3ab093a7eb5a/screenshot - {}
RESULT: {"using":"xpath","value":"//*[@id=\"backBtn\"]"}
RESULT: {"using":"xpath","value":"//*[@id=\"backBtn\"]"}
COMMAND: POST /session/17f8a147d1f0e687b23e3ab093a7eb5a/elements - {"using":"xpath","value":"//*[@id=\"backBtn\"]"}
COMMAND: POST /session/17f8a147d1f0e687b23e3ab093a7eb5a/elements - {"using":"xpath","value":"//*[@id=\"backBtn\"]"}
RESULT: {"script":"<script> [21 bytes]","args":[{"selector":{"id":"rfm.transactionui::xRFMxCU_TransactionList--fe::table::allTab::LineItem::StandardAction::Create","controlType":"sap.m.Button"},"wdio_ui5_key":"rfmtransactionui::xRFMxCU_TransactionList--fe::table::allTab::LineItem::StandardAction::Createsap.m.Button"}]}
RESULT: undefined
COMMAND: POST /session/17f8a147d1f0e687b23e3ab093a7eb5a/element - {"using":"xpath","value":"//*[@id=\"rfm.transactionui::xRFMxCU_TransactionList--fe::table::allTab::LineItem::StandardAction::Create\"]"}
RESULT: {}
RESULT: {"using":"xpath","value":"//*[@id=\"backBtn\"]"}
COMMAND: POST /session/17f8a147d1f0e687b23e3ab093a7eb5a/element - {"using":"xpath","value":"//*[@id=\"backBtn\"]"}
RESULT: {"using":"xpath","value":"//*[@id=\"backBtn\"]"}
COMMAND: POST /session/17f8a147d1f0e687b23e3ab093a7eb5a/element - {"using":"xpath","value":"//*[@id=\"backBtn\"]"}
RESULT: {"using":"xpath","value":"//*[@id=\"rfm.transactionui::xRFMxCU_TransactionList--fe::table::allTab::LineItem::StandardAction::Create\"]"}
COMMAND: POST /session/17f8a147d1f0e687b23e3ab093a7eb5a/element/f.A20B243DB8CAE8823476B95BA6BC73CC.d.528B125B8C22184889DA46A3BFF16576.e.2344/click - {}
RESULT: {"using":"xpath","value":"//*[@id=\"backBtn\"]"}
COMMAND: POST /session/17f8a147d1f0e687b23e3ab093a7eb5a/element/f.A20B243DB8CAE8823476B95BA6BC73CC.d.528B125B8C22184889DA46A3BFF16576.e.1558/click - {}
RESULT: {"using":"xpath","value":"//*[@id=\"backBtn\"]"}
COMMAND: POST /session/17f8a147d1f0e687b23e3ab093a7eb5a/element/f.A20B243DB8CAE8823476B95BA6BC73CC.d.528B125B8C22184889DA46A3BFF16576.e.1558/click - {}
RESULT: {}
COMMAND: GET /session/17f8a147d1f0e687b23e3ab093a7eb5a/screenshot - {}
COMMAND: POST /session/17f8a147d1f0e687b23e3ab093a7eb5a/element - {"using":"xpath","value":"//*[@id=\"backBtn\"]"}
COMMAND: POST /session/17f8a147d1f0e687b23e3ab093a7eb5a/element - {"using":"xpath","value":"//*[@id=\"backBtn\"]"}
RESULT: {}
RESULT: {"using":"xpath","value":"//*[@id=\"backBtn\"]"}
COMMAND: POST /session/17f8a147d1f0e687b23e3ab093a7eb5a/element/f.A20B243DB8CAE8823476B95BA6BC73CC.d.528B125B8C22184889DA46A3BFF16576.e.2442/click - {}
RESULT: {"using":"xpath","value":"//*[@id=\"backBtn\"]"}
COMMAND: POST /session/17f8a147d1f0e687b23e3ab093a7eb5a/element/f.A20B243DB8CAE8823476B95BA6BC73CC.d.528B125B8C22184889DA46A3BFF16576.e.2442/click - {}
COMMAND: POST /session/17f8a147d1f0e687b23e3ab093a7eb5a/execute/async - {"script":"<script> [21 bytes]","args":[{"selector":{"id":"CreateDialog::xRFMxCU_TransactionType::ProgramId-inner-vhi","searchOpenDialogs":true},"wdio_ui5_key":"CreateDialogxRFMxCU_TransactionType::ProgramId-inner-vhi"}]}
RESULT: {"script":"<script> [21 bytes]","args":[{"selector":{"id":"CreateDialog::xRFMxCU_TransactionType::ProgramId-inner-vhi","searchOpenDialogs":true},"wdio_ui5_key":"CreateDialogxRFMxCU_TransactionType::ProgramId-inner-vhi"}]}
RESULT: undefined
COMMAND: POST /session/17f8a147d1f0e687b23e3ab093a7eb5a/element - {"using":"xpath","value":"//*[@id=\"CreateDialog::xRFMxCU_TransactionType::ProgramId-inner-vhi\"]"}
RESULT: {"using":"xpath","value":"//*[@id=\"CreateDialog::xRFMxCU_TransactionType::ProgramId-inner-vhi\"]"}
COMMAND: POST /session/17f8a147d1f0e687b23e3ab093a7eb5a/element/f.A20B243DB8CAE8823476B95BA6BC73CC.d.528B125B8C22184889DA46A3BFF16576.e.2520/click - {}
RESULT: {}
COMMAND: POST /session/17f8a147d1f0e687b23e3ab093a7eb5a/execute/async - {"script":"<script> [21 bytes]","args":[{"selector":{"id":"ProgramId::VH::Dialog::qualifier::-search-inner","searchOpenDialogs":true,"interaction":{"idSuffix":"I"}},"wdio_ui5_key":"ProgramIdVH::Dialog::qualifier::-search-inner"}]}
COMMAND: GET /session/17f8a147d1f0e687b23e3ab093a7eb5a/screenshot - {}
RESULT: {"script":"<script> [21 bytes]","args":[{"selector":{"id":"ProgramId::VH::Dialog::qualifier::-search-inner","searchOpenDialogs":true,"interaction":{"idSuffix":"I"}},"wdio_ui5_key":"ProgramIdVH::Dialog::qualifier::-search-inner"}]}
RESULT: undefined
COMMAND: POST /session/17f8a147d1f0e687b23e3ab093a7eb5a/execute/async - {"script":"<script> [20 bytes]","args":[{"enterText":"*1377*","selector":{"id":"ProgramId::VH::Dialog::qualifier::-search-inner","searchOpenDialogs":true,"interaction":{"idSuffix":"I"}},"clearTextFirst":true,"interactionType":"ENTER_TEXT"}]}
RESULT: {}
RESULT: {"script":"<script> [20 bytes]","args":[{"enterText":"*1377*","selector":{"id":"ProgramId::VH::Dialog::qualifier::-search-inner","searchOpenDialogs":true,"interaction":{"idSuffix":"I"}},"clearTextFirst":true,"interactionType":"ENTER_TEXT"}]}
COMMAND: POST /session/17f8a147d1f0e687b23e3ab093a7eb5a/execute/async - {"script":"<script> [21 bytes]","args":[{"selector":{"id":"ProgramId::VH::Dialog::qualifier::::Table-innerTable-rows-row0","searchOpenDialogs":true},"wdio_ui5_key":"ProgramIdVH::Dialog::qualifier::::Table-innerTable-rows-row0"}]}
RESULT: {"script":"<script> [21 bytes]","args":[{"selector":{"id":"ProgramId::VH::Dialog::qualifier::::Table-innerTable-rows-row0","searchOpenDialogs":true},"wdio_ui5_key":"ProgramIdVH::Dialog::qualifier::::Table-innerTable-rows-row0"}]}
RESULT: undefined
COMMAND: POST /session/17f8a147d1f0e687b23e3ab093a7eb5a/element - {"using":"xpath","value":"//*[@id=\"ProgramId::VH::Dialog::qualifier::::Table-innerTable-rows-row0\"]"}
RESULT: {"using":"xpath","value":"//*[@id=\"ProgramId::VH::Dialog::qualifier::::Table-innerTable-rows-row0\"]"}
COMMAND: POST /session/17f8a147d1f0e687b23e3ab093a7eb5a/element/f.A20B243DB8CAE8823476B95BA6BC73CC.d.528B125B8C22184889DA46A3BFF16576.e.2530/click - {}
RESULT: {}
COMMAND: GET /session/17f8a147d1f0e687b23e3ab093a7eb5a/screenshot - {}
RESULT: {}
COMMAND: POST /session/17f8a147d1f0e687b23e3ab093a7eb5a/execute/async - {"script":"<script> [21 bytes]","args":[{"selector":{"id":"CreateDialog::xRFMxCU_Transaction-footer","searchOpenDialogs":true},"wdio_ui5_key":"CreateDialogxRFMxCU_Transaction-footer"}]}
RESULT: {"script":"<script> [21 bytes]","args":[{"selector":{"id":"CreateDialog::xRFMxCU_Transaction-footer","searchOpenDialogs":true},"wdio_ui5_key":"CreateDialogxRFMxCU_Transaction-footer"}]}
RESULT: undefined
COMMAND: POST /session/17f8a147d1f0e687b23e3ab093a7eb5a/element - {"using":"xpath","value":"//*[@id=\"CreateDialog::xRFMxCU_Transaction-footer\"]"}
RESULT: {"using":"xpath","value":"//*[@id=\"CreateDialog::xRFMxCU_Transaction-footer\"]"}
COMMAND: POST /session/17f8a147d1f0e687b23e3ab093a7eb5a/element/f.A20B243DB8CAE8823476B95BA6BC73CC.d.528B125B8C22184889DA46A3BFF16576.e.2532/click - {}
RESULT: {}
COMMAND: POST /session/17f8a147d1f0e687b23e3ab093a7eb5a/execute/async - {"script":"<script> [21 bytes]","args":[{"forceSelect":true,"selector":{"controlType":"sap.m.Button","viewName":"sap.fe.templates.ObjectPage.ObjectPage","viewId":"rfm.transactionui::xRFMxCU_TransactionObjectPage","properties":{"text":"Continue"},"searchOpenDialogs":true,"interaction":{"idSuffix":"BDI-content"}},"wdio_ui5_key":"sapfe.templates.ObjectPage.ObjectPagesap.m.Button{\"text\":\"Continue\"}"}]}
COMMAND: GET /session/17f8a147d1f0e687b23e3ab093a7eb5a/screenshot - {}
RESULT: {"script":"<script> [21 bytes]","args":[{"forceSelect":true,"selector":{"controlType":"sap.m.Button","viewName":"sap.fe.templates.ObjectPage.ObjectPage","viewId":"rfm.transactionui::xRFMxCU_TransactionObjectPage","properties":{"text":"Continue"},"searchOpenDialogs":true,"interaction":{"idSuffix":"BDI-content"}},"wdio_ui5_key":"sapfe.templates.ObjectPage.ObjectPagesap.m.Button{\"text\":\"Continue\"}"}]}
RESULT: undefined
COMMAND: POST /session/17f8a147d1f0e687b23e3ab093a7eb5a/element - {"using":"xpath","value":"//*[@id=\"__button352\"]"}
RESULT: {}
RESULT: {"using":"xpath","value":"//*[@id=\"__button352\"]"}
COMMAND: POST /session/17f8a147d1f0e687b23e3ab093a7eb5a/element/f.A20B243DB8CAE8823476B95BA6BC73CC.d.528B125B8C22184889DA46A3BFF16576.e.2534/click - {}
RESULT: {}
COMMAND: GET /session/17f8a147d1f0e687b23e3ab093a7eb5a/screenshot - {}
RESULT: {}
COMMAND: POST /session/17f8a147d1f0e687b23e3ab093a7eb5a/execute/async - {"script":"<script> [21 bytes]","args":[{"selector":{"id":"rfm.transactionui::xRFMxCU_TransactionObjectPage--fe::CustomSubSection::CustomDetailsSection--fe::FormContainer::FieldGroup::Term::FormElement::DataField::AssetCashflowDateFrom::Field-edit","interaction":{"idSuffix":"inner"}},"wdio_ui5_key":"rfmtransactionui::xRFMxCU_TransactionObjectPage--fe::CustomSubSection::CustomDetailsSection--fe::FormContainer::FieldGroup::Term::FormElement::DataField::AssetCashflowDateFrom::Field-edit"}]}
RESULT: {"script":"<script> [21 bytes]","args":[{"selector":{"id":"rfm.transactionui::xRFMxCU_TransactionObjectPage--fe::CustomSubSection::CustomDetailsSection--fe::FormContainer::FieldGroup::Term::FormElement::DataField::AssetCashflowDateFrom::Field-edit","interaction":{"idSuffix":"inner"}},"wdio_ui5_key":"rfmtransactionui::xRFMxCU_TransactionObjectPage--fe::CustomSubSection::CustomDetailsSection--fe::FormContainer::FieldGroup::Term::FormElement::DataField::AssetCashflowDateFrom::Field-edit"}]}
RESULT: undefined
COMMAND: POST /session/17f8a147d1f0e687b23e3ab093a7eb5a/execute/async - {"script":"<script> [20 bytes]","args":[{"enterText":"2025-01-01","selector":{"id":"rfm.transactionui::xRFMxCU_TransactionObjectPage--fe::CustomSubSection::CustomDetailsSection--fe::FormContainer::FieldGroup::Term::FormElement::DataField::AssetCashflowDateFrom::Field-edit","interaction":{"idSuffix":"inner"}},"clearTextFirst":true,"interactionType":"ENTER_TEXT"}]}
RESULT: {"script":"<script> [20 bytes]","args":[{"enterText":"2025-01-01","selector":{"id":"rfm.transactionui::xRFMxCU_TransactionObjectPage--fe::CustomSubSection::CustomDetailsSection--fe::FormContainer::FieldGroup::Term::FormElement::DataField::AssetCashflowDateFrom::Field-edit","interaction":{"idSuffix":"inner"}},"clearTextFirst":true,"interactionType":"ENTER_TEXT"}]}
COMMAND: POST /session/17f8a147d1f0e687b23e3ab093a7eb5a/execute/async - {"script":"<script> [21 bytes]","args":[{"selector":{"id":"rfm.transactionui::xRFMxCU_TransactionObjectPage--fe::CustomSubSection::CustomDetailsSection--fe::FormContainer::FieldGroup::Term::FormElement::DataField::AssetCashflowDateTo::Field-edit","interaction":{"idSuffix":"inner"}},"wdio_ui5_key":"rfmtransactionui::xRFMxCU_TransactionObjectPage--fe::CustomSubSection::CustomDetailsSection--fe::FormContainer::FieldGroup::Term::FormElement::DataField::AssetCashflowDateTo::Field-edit"}]}
RESULT: {"script":"<script> [21 bytes]","args":[{"selector":{"id":"rfm.transactionui::xRFMxCU_TransactionObjectPage--fe::CustomSubSection::CustomDetailsSection--fe::FormContainer::FieldGroup::Term::FormElement::DataField::AssetCashflowDateTo::Field-edit","interaction":{"idSuffix":"inner"}},"wdio_ui5_key":"rfmtransactionui::xRFMxCU_TransactionObjectPage--fe::CustomSubSection::CustomDetailsSection--fe::FormContainer::FieldGroup::Term::FormElement::DataField::AssetCashflowDateTo::Field-edit"}]}
RESULT: undefined
COMMAND: POST /session/17f8a147d1f0e687b23e3ab093a7eb5a/execute/async - {"script":"<script> [20 bytes]","args":[{"enterText":"2027-12-31","selector":{"id":"rfm.transactionui::xRFMxCU_TransactionObjectPage--fe::CustomSubSection::CustomDetailsSection--fe::FormContainer::FieldGroup::Term::FormElement::DataField::AssetCashflowDateTo::Field-edit","interaction":{"idSuffix":"inner"}},"clearTextFirst":true,"interactionType":"ENTER_TEXT"}]}
RESULT: {"script":"<script> [20 bytes]","args":[{"enterText":"2027-12-31","selector":{"id":"rfm.transactionui::xRFMxCU_TransactionObjectPage--fe::CustomSubSection::CustomDetailsSection--fe::FormContainer::FieldGroup::Term::FormElement::DataField::AssetCashflowDateTo::Field-edit","interaction":{"idSuffix":"inner"}},"clearTextFirst":true,"interactionType":"ENTER_TEXT"}]}
COMMAND: POST /session/17f8a147d1f0e687b23e3ab093a7eb5a/execute/async - {"script":"<script> [21 bytes]","args":[{"selector":{"id":"rfm.transactionui::xRFMxCU_TransactionObjectPage--fe::ObjectPage-anchBar-rfm.transactionui::xRFMxCU_TransactionObjectPage--fe::EditableHeaderSection-anchor","interaction":{"idSuffix":"text"}},"wdio_ui5_key":"rfmtransactionui::xRFMxCU_TransactionObjectPage--fe::ObjectPage-anchBar-rfm.transactionui::xRFMxCU_TransactionObjectPage--fe::EditableHeaderSection-anchor"}]}
RESULT: {"script":"<script> [21 bytes]","args":[{"selector":{"id":"rfm.transactionui::xRFMxCU_TransactionObjectPage--fe::ObjectPage-anchBar-rfm.transactionui::xRFMxCU_TransactionObjectPage--fe::EditableHeaderSection-anchor","interaction":{"idSuffix":"text"}},"wdio_ui5_key":"rfmtransactionui::xRFMxCU_TransactionObjectPage--fe::ObjectPage-anchBar-rfm.transactionui::xRFMxCU_TransactionObjectPage--fe::EditableHeaderSection-anchor"}]}
RESULT: undefined
COMMAND: POST /session/17f8a147d1f0e687b23e3ab093a7eb5a/element - {"using":"xpath","value":"//*[@id=\"rfm.transactionui::xRFMxCU_TransactionObjectPage--fe::ObjectPage-anchBar-rfm.transactionui::xRFMxCU_TransactionObjectPage--fe::EditableHeaderSection-anchor\"]"}
RESULT: {"using":"xpath","value":"//*[@id=\"rfm.transactionui::xRFMxCU_TransactionObjectPage--fe::ObjectPage-anchBar-rfm.transactionui::xRFMxCU_TransactionObjectPage--fe::EditableHeaderSection-anchor\"]"}
COMMAND: POST /session/17f8a147d1f0e687b23e3ab093a7eb5a/element/f.A20B243DB8CAE8823476B95BA6BC73CC.d.528B125B8C22184889DA46A3BFF16576.e.2608/click - {}
RESULT: {}
COMMAND: GET /session/17f8a147d1f0e687b23e3ab093a7eb5a/screenshot - {}
RESULT: {}
COMMAND: POST /session/17f8a147d1f0e687b23e3ab093a7eb5a/execute/async - {"script":"<script> [21 bytes]","args":[{"selector":{"id":"rfm.transactionui::xRFMxCU_TransactionObjectPage--fe::HeaderFacet::FormContainer::headerFieldsGP1::FormElement::DataField::Name::Field-edit","interaction":{"idSuffix":"inner"}},"wdio_ui5_key":"rfmtransactionui::xRFMxCU_TransactionObjectPage--fe::HeaderFacet::FormContainer::headerFieldsGP1::FormElement::DataField::Name::Field-edit"}]}
RESULT: {"script":"<script> [21 bytes]","args":[{"selector":{"id":"rfm.transactionui::xRFMxCU_TransactionObjectPage--fe::HeaderFacet::FormContainer::headerFieldsGP1::FormElement::DataField::Name::Field-edit","interaction":{"idSuffix":"inner"}},"wdio_ui5_key":"rfmtransactionui::xRFMxCU_TransactionObjectPage--fe::HeaderFacet::FormContainer::headerFieldsGP1::FormElement::DataField::Name::Field-edit"}]}
RESULT: undefined
COMMAND: POST /session/17f8a147d1f0e687b23e3ab093a7eb5a/execute/async - {"script":"<script> [20 bytes]","args":[{"enterText":"WDIO_Buyback_2025-08-06_22-53-00","selector":{"id":"rfm.transactionui::xRFMxCU_TransactionObjectPage--fe::HeaderFacet::FormContainer::headerFieldsGP1::FormElement::DataField::Name::Field-edit","interaction":{"idSuffix":"inner"}},"clearTextFirst":true,"interactionType":"ENTER_TEXT"}]}
RESULT: {"script":"<script> [20 bytes]","args":[{"enterText":"WDIO_Buyback_2025-08-06_22-53-00","selector":{"id":"rfm.transactionui::xRFMxCU_TransactionObjectPage--fe::HeaderFacet::FormContainer::headerFieldsGP1::FormElement::DataField::Name::Field-edit","interaction":{"idSuffix":"inner"}},"clearTextFirst":true,"interactionType":"ENTER_TEXT"}]}
COMMAND: POST /session/17f8a147d1f0e687b23e3ab093a7eb5a/execute/async - {"script":"<script> [21 bytes]","args":[{"selector":{"id":"rfm.transactionui::xRFMxCU_TransactionObjectPage--fe::HeaderFacet::FormContainer::headerFieldsGP1::FormElement::DataField::TransactionId::Field-display"},"wdio_ui5_key":"rfmtransactionui::xRFMxCU_TransactionObjectPage--fe::HeaderFacet::FormContainer::headerFieldsGP1::FormElement::DataField::TransactionId::Field-display"}]}
RESULT: {"script":"<script> [21 bytes]","args":[{"selector":{"id":"rfm.transactionui::xRFMxCU_TransactionObjectPage--fe::HeaderFacet::FormContainer::headerFieldsGP1::FormElement::DataField::TransactionId::Field-display"},"wdio_ui5_key":"rfmtransactionui::xRFMxCU_TransactionObjectPage--fe::HeaderFacet::FormContainer::headerFieldsGP1::FormElement::DataField::TransactionId::Field-display"}]}
RESULT: undefined
COMMAND: POST /session/17f8a147d1f0e687b23e3ab093a7eb5a/execute/async - {"script":"<script> [21 bytes]","args":[{"element-6066-11e4-a52e-4f735466cecf":"f.A20B243DB8CAE8823476B95BA6BC73CC.d.528B125B8C22184889DA46A3BFF16576.e.2616"},"getText",[]]}
RESULT: {"script":"<script> [21 bytes]","args":[{"element-6066-11e4-a52e-4f735466cecf":"f.A20B243DB8CAE8823476B95BA6BC73CC.d.528B125B8C22184889DA46A3BFF16576.e.2616"},"getText",[]]}
COMMAND: POST /session/17f8a147d1f0e687b23e3ab093a7eb5a/execute/async - {"script":"<script> [21 bytes]","args":[{"selector":{"id":"rfm.transactionui::xRFMxCU_TransactionObjectPage--fe::ObjectPage-anchBar-rfm.transactionui::xRFMxCU_TransactionObjectPage--fe::FacetSection::FundingScopeCollection-anchor"},"wdio_ui5_key":"rfmtransactionui::xRFMxCU_TransactionObjectPage--fe::ObjectPage-anchBar-rfm.transactionui::xRFMxCU_TransactionObjectPage--fe::FacetSection::FundingScopeCollection-anchor"}]}
RESULT: {"script":"<script> [21 bytes]","args":[{"selector":{"id":"rfm.transactionui::xRFMxCU_TransactionObjectPage--fe::ObjectPage-anchBar-rfm.transactionui::xRFMxCU_TransactionObjectPage--fe::FacetSection::FundingScopeCollection-anchor"},"wdio_ui5_key":"rfmtransactionui::xRFMxCU_TransactionObjectPage--fe::ObjectPage-anchBar-rfm.transactionui::xRFMxCU_TransactionObjectPage--fe::FacetSection::FundingScopeCollection-anchor"}]}
RESULT: undefined
COMMAND: POST /session/17f8a147d1f0e687b23e3ab093a7eb5a/element - {"using":"xpath","value":"//*[@id=\"rfm.transactionui::xRFMxCU_TransactionObjectPage--fe::ObjectPage-anchBar-rfm.transactionui::xRFMxCU_TransactionObjectPage--fe::FacetSection::FundingScopeCollection-anchor\"]"}
RESULT: {"using":"xpath","value":"//*[@id=\"rfm.transactionui::xRFMxCU_TransactionObjectPage--fe::ObjectPage-anchBar-rfm.transactionui::xRFMxCU_TransactionObjectPage--fe::FacetSection::FundingScopeCollection-anchor\"]"}
COMMAND: POST /session/17f8a147d1f0e687b23e3ab093a7eb5a/element/f.A20B243DB8CAE8823476B95BA6BC73CC.d.528B125B8C22184889DA46A3BFF16576.e.2617/click - {}
RESULT: {}
COMMAND: GET /session/17f8a147d1f0e687b23e3ab093a7eb5a/screenshot - {}
RESULT: {}
COMMAND: POST /session/17f8a147d1f0e687b23e3ab093a7eb5a/execute/async - {"script":"<script> [21 bytes]","args":[{"selector":{"controlType":"sap.ui.mdc.field.FieldInput","viewName":"sap.fe.templates.ObjectPage.ObjectPage","viewId":"rfm.transactionui::xRFMxCU_TransactionObjectPage","bindingPath":{"path":"","propertyPath":"/conditions","modelName":"$field"},"ancestor":{"controlType":"sap.ui.mdc.Field","viewName":"sap.fe.templates.ObjectPage.ObjectPage","viewId":"rfm.transactionui::xRFMxCU_TransactionObjectPage","bindingPath":{"path":"/xRFMxCU_Transaction(TransactionId='872',IsActiveEntity=false)/_TransactionCFPart(TransactionId='872',CashFlowPartType='1',IsActiveEntity=false)","propertyPath":"__EntityControl/Updatable"}},"interaction":{"idSuffix":"inner"}},"wdio_ui5_key":"sapfe.templates.ObjectPage.ObjectPagesap.ui.mdc.field.FieldInput{\"path\":\"\",\"propertyPath\":\"/conditions\",\"modelName\":\"$field\"}{\"controlType\":\"sap.ui.mdc.Field\",\"viewName\":\"sap.fe.templates.ObjectPage.ObjectPage\",\"viewId\":\"rfm.transactionui::xRFMxCU_TransactionObjectPage\",\"bindingPath\":{\"path\":\"/xRFMxCU_Transaction(TransactionId='872',IsActiveEntity=false)/_TransactionCFPart(TransactionId='872',CashFlowPartType='1',IsActiveEntity=false)\",\"propertyPath\":\"__EntityControl/Updatable\"}}"}]}
RESULT: {"script":"<script> [21 bytes]","args":[{"selector":{"controlType":"sap.ui.mdc.field.FieldInput","viewName":"sap.fe.templates.ObjectPage.ObjectPage","viewId":"rfm.transactionui::xRFMxCU_TransactionObjectPage","bindingPath":{"path":"","propertyPath":"/conditions","modelName":"$field"},"ancestor":{"controlType":"sap.ui.mdc.Field","viewName":"sap.fe.templates.ObjectPage.ObjectPage","viewId":"rfm.transactionui::xRFMxCU_TransactionObjectPage","bindingPath":{"path":"/xRFMxCU_Transaction(TransactionId='872',IsActiveEntity=false)/_TransactionCFPart(TransactionId='872',CashFlowPartType='1',IsActiveEntity=false)","propertyPath":"__EntityControl/Updatable"}},"interaction":{"idSuffix":"inner"}},"wdio_ui5_key":"sapfe.templates.ObjectPage.ObjectPagesap.ui.mdc.field.FieldInput{\"path\":\"\",\"propertyPath\":\"/conditions\",\"modelName\":\"$field\"}{\"controlType\":\"sap.ui.mdc.Field\",\"viewName\":\"sap.fe.templates.ObjectPage.ObjectPage\",\"viewId\":\"rfm.transactionui::xRFMxCU_TransactionObjectPage\",\"bindingPath\":{\"path\":\"/xRFMxCU_Transaction(TransactionId='872',IsActiveEntity=false)/_TransactionCFPart(TransactionId='872',CashFlowPartType='1',IsActiveEntity=false)\",\"propertyPath\":\"__EntityControl/Updatable\"}}"}]}
RESULT: undefined
COMMAND: POST /session/17f8a147d1f0e687b23e3ab093a7eb5a/execute/async - {"script":"<script> [20 bytes]","args":[{"enterText":"Funding","selector":{"controlType":"sap.ui.mdc.field.FieldInput","viewName":"sap.fe.templates.ObjectPage.ObjectPage","viewId":"rfm.transactionui::xRFMxCU_TransactionObjectPage","bindingPath":{"path":"","propertyPath":"/conditions","modelName":"$field"},"ancestor":{"controlType":"sap.ui.mdc.Field","viewName":"sap.fe.templates.ObjectPage.ObjectPage","viewId":"rfm.transactionui::xRFMxCU_TransactionObjectPage","bindingPath":{"path":"/xRFMxCU_Transaction(TransactionId='872',IsActiveEntity=false)/_TransactionCFPart(TransactionId='872',CashFlowPartType='1',IsActiveEntity=false)","propertyPath":"__EntityControl/Updatable"}},"interaction":{"idSuffix":"inner"}},"clearTextFirst":true,"interactionType":"ENTER_TEXT"}]}
RESULT: {"script":"<script> [20 bytes]","args":[{"enterText":"Funding","selector":{"controlType":"sap.ui.mdc.field.FieldInput","viewName":"sap.fe.templates.ObjectPage.ObjectPage","viewId":"rfm.transactionui::xRFMxCU_TransactionObjectPage","bindingPath":{"path":"","propertyPath":"/conditions","modelName":"$field"},"ancestor":{"controlType":"sap.ui.mdc.Field","viewName":"sap.fe.templates.ObjectPage.ObjectPage","viewId":"rfm.transactionui::xRFMxCU_TransactionObjectPage","bindingPath":{"path":"/xRFMxCU_Transaction(TransactionId='872',IsActiveEntity=false)/_TransactionCFPart(TransactionId='872',CashFlowPartType='1',IsActiveEntity=false)","propertyPath":"__EntityControl/Updatable"}},"interaction":{"idSuffix":"inner"}},"clearTextFirst":true,"interactionType":"ENTER_TEXT"}]}
COMMAND: POST /session/17f8a147d1f0e687b23e3ab093a7eb5a/execute/async - {"script":"<script> [21 bytes]","args":[{"selector":{"id":"rfm.transactionui::xRFMxCU_TransactionObjectPage--fe::table::_TransactionCFPart::LineItem-innerTable-rows-row1","interaction":{"idSuffix":"col0"}},"wdio_ui5_key":"rfmtransactionui::xRFMxCU_TransactionObjectPage--fe::table::_TransactionCFPart::LineItem-innerTable-rows-row1"}]}
RESULT: {"script":"<script> [21 bytes]","args":[{"selector":{"id":"rfm.transactionui::xRFMxCU_TransactionObjectPage--fe::table::_TransactionCFPart::LineItem-innerTable-rows-row1","interaction":{"idSuffix":"col0"}},"wdio_ui5_key":"rfmtransactionui::xRFMxCU_TransactionObjectPage--fe::table::_TransactionCFPart::LineItem-innerTable-rows-row1"}]}
RESULT: undefined
COMMAND: POST /session/17f8a147d1f0e687b23e3ab093a7eb5a/element - {"using":"xpath","value":"//*[@id=\"rfm.transactionui::xRFMxCU_TransactionObjectPage--fe::table::_TransactionCFPart::LineItem-innerTable-rows-row1\"]"}
RESULT: {"using":"xpath","value":"//*[@id=\"rfm.transactionui::xRFMxCU_TransactionObjectPage--fe::table::_TransactionCFPart::LineItem-innerTable-rows-row1\"]"}
COMMAND: POST /session/17f8a147d1f0e687b23e3ab093a7eb5a/element/f.A20B243DB8CAE8823476B95BA6BC73CC.d.528B125B8C22184889DA46A3BFF16576.e.2634/click - {}
RESULT: {}
COMMAND: GET /session/17f8a147d1f0e687b23e3ab093a7eb5a/screenshot - {}
RESULT: {}
COMMAND: POST /session/17f8a147d1f0e687b23e3ab093a7eb5a/execute/async - {"script":"<script> [21 bytes]","args":[{"forceSelect":true,"selector":{"controlType":"sap.ui.mdc.field.FieldInput","viewName":"sap.fe.templates.ObjectPage.ObjectPage","viewId":"rfm.transactionui::xRFMxCU_TransactionObjectPage","bindingPath":{"path":"","propertyPath":"/conditions","modelName":"$field"},"ancestor":{"controlType":"sap.ui.mdc.Field","viewName":"sap.fe.templates.ObjectPage.ObjectPage","viewId":"rfm.transactionui::xRFMxCU_TransactionObjectPage","bindingPath":{"path":"/xRFMxCU_Transaction(TransactionId='872',IsActiveEntity=false)/_TransactionCFPart(TransactionId='872',CashFlowPartType='2',IsActiveEntity=false)","propertyPath":"__EntityControl/Updatable"}},"interaction":{"idSuffix":"inner"}},"wdio_ui5_key":"sapfe.templates.ObjectPage.ObjectPagesap.ui.mdc.field.FieldInput{\"path\":\"\",\"propertyPath\":\"/conditions\",\"modelName\":\"$field\"}{\"controlType\":\"sap.ui.mdc.Field\",\"viewName\":\"sap.fe.templates.ObjectPage.ObjectPage\",\"viewId\":\"rfm.transactionui::xRFMxCU_TransactionObjectPage\",\"bindingPath\":{\"path\":\"/xRFMxCU_Transaction(TransactionId='872',IsActiveEntity=false)/_TransactionCFPart(TransactionId='872',CashFlowPartType='2',IsActiveEntity=false)\",\"propertyPath\":\"__EntityControl/Updatable\"}}"}]}
RESULT: {"script":"<script> [21 bytes]","args":[{"forceSelect":true,"selector":{"controlType":"sap.ui.mdc.field.FieldInput","viewName":"sap.fe.templates.ObjectPage.ObjectPage","viewId":"rfm.transactionui::xRFMxCU_TransactionObjectPage","bindingPath":{"path":"","propertyPath":"/conditions","modelName":"$field"},"ancestor":{"controlType":"sap.ui.mdc.Field","viewName":"sap.fe.templates.ObjectPage.ObjectPage","viewId":"rfm.transactionui::xRFMxCU_TransactionObjectPage","bindingPath":{"path":"/xRFMxCU_Transaction(TransactionId='872',IsActiveEntity=false)/_TransactionCFPart(TransactionId='872',CashFlowPartType='2',IsActiveEntity=false)","propertyPath":"__EntityControl/Updatable"}},"interaction":{"idSuffix":"inner"}},"wdio_ui5_key":"sapfe.templates.ObjectPage.ObjectPagesap.ui.mdc.field.FieldInput{\"path\":\"\",\"propertyPath\":\"/conditions\",\"modelName\":\"$field\"}{\"controlType\":\"sap.ui.mdc.Field\",\"viewName\":\"sap.fe.templates.ObjectPage.ObjectPage\",\"viewId\":\"rfm.transactionui::xRFMxCU_TransactionObjectPage\",\"bindingPath\":{\"path\":\"/xRFMxCU_Transaction(TransactionId='872',IsActiveEntity=false)/_TransactionCFPart(TransactionId='872',CashFlowPartType='2',IsActiveEntity=false)\",\"propertyPath\":\"__EntityControl/Updatable\"}}"}]}
RESULT: undefined
COMMAND: POST /session/17f8a147d1f0e687b23e3ab093a7eb5a/execute/async - {"script":"<script> [20 bytes]","args":[{"enterText":"Funding","selector":{"controlType":"sap.ui.mdc.field.FieldInput","viewName":"sap.fe.templates.ObjectPage.ObjectPage","viewId":"rfm.transactionui::xRFMxCU_TransactionObjectPage","bindingPath":{"path":"","propertyPath":"/conditions","modelName":"$field"},"ancestor":{"controlType":"sap.ui.mdc.Field","viewName":"sap.fe.templates.ObjectPage.ObjectPage","viewId":"rfm.transactionui::xRFMxCU_TransactionObjectPage","bindingPath":{"path":"/xRFMxCU_Transaction(TransactionId='872',IsActiveEntity=false)/_TransactionCFPart(TransactionId='872',CashFlowPartType='2',IsActiveEntity=false)","propertyPath":"__EntityControl/Updatable"}},"interaction":{"idSuffix":"inner"}},"clearTextFirst":true,"interactionType":"ENTER_TEXT"}]}
RESULT: {"script":"<script> [20 bytes]","args":[{"enterText":"Funding","selector":{"controlType":"sap.ui.mdc.field.FieldInput","viewName":"sap.fe.templates.ObjectPage.ObjectPage","viewId":"rfm.transactionui::xRFMxCU_TransactionObjectPage","bindingPath":{"path":"","propertyPath":"/conditions","modelName":"$field"},"ancestor":{"controlType":"sap.ui.mdc.Field","viewName":"sap.fe.templates.ObjectPage.ObjectPage","viewId":"rfm.transactionui::xRFMxCU_TransactionObjectPage","bindingPath":{"path":"/xRFMxCU_Transaction(TransactionId='872',IsActiveEntity=false)/_TransactionCFPart(TransactionId='872',CashFlowPartType='2',IsActiveEntity=false)","propertyPath":"__EntityControl/Updatable"}},"interaction":{"idSuffix":"inner"}},"clearTextFirst":true,"interactionType":"ENTER_TEXT"}]}
COMMAND: POST /session/17f8a147d1f0e687b23e3ab093a7eb5a/execute/async - {"script":"<script> [21 bytes]","args":[{"selector":{"id":"rfm.transactionui::xRFMxCU_TransactionObjectPage--fe::FooterBar::StandardAction::Save","interaction":{"idSuffix":"BDI-content"}},"wdio_ui5_key":"rfmtransactionui::xRFMxCU_TransactionObjectPage--fe::FooterBar::StandardAction::Save"}]}
RESULT: {"script":"<script> [21 bytes]","args":[{"selector":{"id":"rfm.transactionui::xRFMxCU_TransactionObjectPage--fe::FooterBar::StandardAction::Save","interaction":{"idSuffix":"BDI-content"}},"wdio_ui5_key":"rfmtransactionui::xRFMxCU_TransactionObjectPage--fe::FooterBar::StandardAction::Save"}]}
RESULT: undefined
COMMAND: POST /session/17f8a147d1f0e687b23e3ab093a7eb5a/element - {"using":"xpath","value":"//*[@id=\"rfm.transactionui::xRFMxCU_TransactionObjectPage--fe::FooterBar::StandardAction::Save\"]"}
RESULT: {"using":"xpath","value":"//*[@id=\"rfm.transactionui::xRFMxCU_TransactionObjectPage--fe::FooterBar::StandardAction::Save\"]"}
COMMAND: POST /session/17f8a147d1f0e687b23e3ab093a7eb5a/element/f.A20B243DB8CAE8823476B95BA6BC73CC.d.528B125B8C22184889DA46A3BFF16576.e.2638/click - {}
RESULT: {}
COMMAND: POST /session/17f8a147d1f0e687b23e3ab093a7eb5a/execute/async - {"script":"<script> [21 bytes]","args":[{"selector":{"id":"rfm.transactionui::xRFMxCU_TransactionObjectPage--fe::FooterBar::MessageButton-img"},"wdio_ui5_key":"rfmtransactionui::xRFMxCU_TransactionObjectPage--fe::FooterBar::MessageButton-img"}]}
COMMAND: GET /session/17f8a147d1f0e687b23e3ab093a7eb5a/screenshot - {}
RESULT: {"script":"<script> [21 bytes]","args":[{"selector":{"id":"rfm.transactionui::xRFMxCU_TransactionObjectPage--fe::FooterBar::MessageButton-img"},"wdio_ui5_key":"rfmtransactionui::xRFMxCU_TransactionObjectPage--fe::FooterBar::MessageButton-img"}]}
RESULT: undefined
COMMAND: POST /session/17f8a147d1f0e687b23e3ab093a7eb5a/execute/async - {"script":"<script> [21 bytes]","args":[{"selector":{"id":"rfm.transactionui::xRFMxCU_TransactionObjectPage--fe::DataFieldForAction::com.sap.gateway.srvd.rfm.ui_transaction.v0001.Fix::com.sap.gateway.srvd.rfm.ui_transaction.v0001.xRFMxCU_TransactionType","interaction":{"idSuffix":"BDI-content"}},"wdio_ui5_key":"rfmtransactionui::xRFMxCU_TransactionObjectPage--fe::DataFieldForAction::com.sap.gateway.srvd.rfm.ui_transaction.v0001.Fix::com.sap.gateway.srvd.rfm.ui_transaction.v0001.xRFMxCU_TransactionType"}]}
RESULT: {}
RESULT: {"script":"<script> [21 bytes]","args":[{"selector":{"id":"rfm.transactionui::xRFMxCU_TransactionObjectPage--fe::DataFieldForAction::com.sap.gateway.srvd.rfm.ui_transaction.v0001.Fix::com.sap.gateway.srvd.rfm.ui_transaction.v0001.xRFMxCU_TransactionType","interaction":{"idSuffix":"BDI-content"}},"wdio_ui5_key":"rfmtransactionui::xRFMxCU_TransactionObjectPage--fe::DataFieldForAction::com.sap.gateway.srvd.rfm.ui_transaction.v0001.Fix::com.sap.gateway.srvd.rfm.ui_transaction.v0001.xRFMxCU_TransactionType"}]}
RESULT: undefined
COMMAND: POST /session/17f8a147d1f0e687b23e3ab093a7eb5a/element - {"using":"xpath","value":"//*[@id=\"rfm.transactionui::xRFMxCU_TransactionObjectPage--fe::DataFieldForAction::com.sap.gateway.srvd.rfm.ui_transaction.v0001.Fix::com.sap.gateway.srvd.rfm.ui_transaction.v0001.xRFMxCU_TransactionType\"]"}
RESULT: {"using":"xpath","value":"//*[@id=\"rfm.transactionui::xRFMxCU_TransactionObjectPage--fe::DataFieldForAction::com.sap.gateway.srvd.rfm.ui_transaction.v0001.Fix::com.sap.gateway.srvd.rfm.ui_transaction.v0001.xRFMxCU_TransactionType\"]"}
COMMAND: POST /session/17f8a147d1f0e687b23e3ab093a7eb5a/element/f.A20B243DB8CAE8823476B95BA6BC73CC.d.528B125B8C22184889DA46A3BFF16576.e.2580/click - {}
RESULT: {}
COMMAND: GET /session/17f8a147d1f0e687b23e3ab093a7eb5a/screenshot - {}
RESULT: {}
COMMAND: POST /session/17f8a147d1f0e687b23e3ab093a7eb5a/execute/async - {"script":"<script> [21 bytes]","args":[{"selector":{"controlType":"sap.m.Text","properties":{"text":"Success"},"searchOpenDialogs":true},"wdio_ui5_key":"sapm.Text{\"text\":\"Success\"}"}]}
RESULT: {"script":"<script> [21 bytes]","args":[{"selector":{"controlType":"sap.m.Text","properties":{"text":"Success"},"searchOpenDialogs":true},"wdio_ui5_key":"sapm.Text{\"text\":\"Success\"}"}]}
RESULT: undefined
COMMAND: POST /session/17f8a147d1f0e687b23e3ab093a7eb5a/execute/async - {"script":"<script> [21 bytes]","args":[{"element-6066-11e4-a52e-4f735466cecf":"f.A20B243DB8CAE8823476B95BA6BC73CC.d.528B125B8C22184889DA46A3BFF16576.e.2659"},"getText",[]]}
RESULT: {"script":"<script> [21 bytes]","args":[{"element-6066-11e4-a52e-4f735466cecf":"f.A20B243DB8CAE8823476B95BA6BC73CC.d.528B125B8C22184889DA46A3BFF16576.e.2659"},"getText",[]]}
COMMAND: POST /session/17f8a147d1f0e687b23e3ab093a7eb5a/execute/async - {"script":"<script> [21 bytes]","args":[{"forceSelect":true,"selector":{"controlType":"sap.m.Button","properties":{"text":"Close"},"searchOpenDialogs":true,"interaction":{"idSuffix":"BDI-content"}},"wdio_ui5_key":"sapm.Button{\"text\":\"Close\"}"}]}
RESULT: {"script":"<script> [21 bytes]","args":[{"forceSelect":true,"selector":{"controlType":"sap.m.Button","properties":{"text":"Close"},"searchOpenDialogs":true,"interaction":{"idSuffix":"BDI-content"}},"wdio_ui5_key":"sapm.Button{\"text\":\"Close\"}"}]}
RESULT: undefined
COMMAND: POST /session/17f8a147d1f0e687b23e3ab093a7eb5a/element - {"using":"xpath","value":"//*[@id=\"__button357\"]"}
RESULT: {"using":"xpath","value":"//*[@id=\"__button357\"]"}
COMMAND: POST /session/17f8a147d1f0e687b23e3ab093a7eb5a/element/f.A20B243DB8CAE8823476B95BA6BC73CC.d.528B125B8C22184889DA46A3BFF16576.e.2661/click - {}
RESULT: {}
COMMAND: POST /session/17f8a147d1f0e687b23e3ab093a7eb5a/execute/async - {"script":"<script> [21 bytes]","args":[{"selector":{"id":"rfm.transactionui::xRFMxCU_TransactionObjectPage--fe::DataFieldForAction::com.sap.gateway.srvd.rfm.ui_transaction.v0001.Accept::com.sap.gateway.srvd.rfm.ui_transaction.v0001.xRFMxCU_TransactionType","interaction":{"idSuffix":"BDI-content"}},"wdio_ui5_key":"rfmtransactionui::xRFMxCU_TransactionObjectPage--fe::DataFieldForAction::com.sap.gateway.srvd.rfm.ui_transaction.v0001.Accept::com.sap.gateway.srvd.rfm.ui_transaction.v0001.xRFMxCU_TransactionType"}]}
COMMAND: GET /session/17f8a147d1f0e687b23e3ab093a7eb5a/screenshot - {}
RESULT: {"script":"<script> [21 bytes]","args":[{"selector":{"id":"rfm.transactionui::xRFMxCU_TransactionObjectPage--fe::DataFieldForAction::com.sap.gateway.srvd.rfm.ui_transaction.v0001.Accept::com.sap.gateway.srvd.rfm.ui_transaction.v0001.xRFMxCU_TransactionType","interaction":{"idSuffix":"BDI-content"}},"wdio_ui5_key":"rfmtransactionui::xRFMxCU_TransactionObjectPage--fe::DataFieldForAction::com.sap.gateway.srvd.rfm.ui_transaction.v0001.Accept::com.sap.gateway.srvd.rfm.ui_transaction.v0001.xRFMxCU_TransactionType"}]}
RESULT: undefined
COMMAND: POST /session/17f8a147d1f0e687b23e3ab093a7eb5a/element - {"using":"xpath","value":"//*[@id=\"rfm.transactionui::xRFMxCU_TransactionObjectPage--fe::DataFieldForAction::com.sap.gateway.srvd.rfm.ui_transaction.v0001.Accept::com.sap.gateway.srvd.rfm.ui_transaction.v0001.xRFMxCU_TransactionType\"]"}
RESULT: {}
RESULT: {"using":"xpath","value":"//*[@id=\"rfm.transactionui::xRFMxCU_TransactionObjectPage--fe::DataFieldForAction::com.sap.gateway.srvd.rfm.ui_transaction.v0001.Accept::com.sap.gateway.srvd.rfm.ui_transaction.v0001.xRFMxCU_TransactionType\"]"}
COMMAND: POST /session/17f8a147d1f0e687b23e3ab093a7eb5a/element/f.A20B243DB8CAE8823476B95BA6BC73CC.d.528B125B8C22184889DA46A3BFF16576.e.2664/click - {}
RESULT: {}
COMMAND: GET /session/17f8a147d1f0e687b23e3ab093a7eb5a/screenshot - {}
RESULT: {}
COMMAND: POST /session/17f8a147d1f0e687b23e3ab093a7eb5a/execute/async - {"script":"<script> [21 bytes]","args":[{"selector":{"id":"rfm.transactionui::xRFMxCU_TransactionObjectPage--fe::DataFieldForAction::com.sap.gateway.srvd.rfm.ui_transaction.v0001.Fund::com.sap.gateway.srvd.rfm.ui_transaction.v0001.xRFMxCU_TransactionType","interaction":{"idSuffix":"BDI-content"}},"wdio_ui5_key":"rfmtransactionui::xRFMxCU_TransactionObjectPage--fe::DataFieldForAction::com.sap.gateway.srvd.rfm.ui_transaction.v0001.Fund::com.sap.gateway.srvd.rfm.ui_transaction.v0001.xRFMxCU_TransactionType"}]}
RESULT: {"script":"<script> [21 bytes]","args":[{"selector":{"id":"rfm.transactionui::xRFMxCU_TransactionObjectPage--fe::DataFieldForAction::com.sap.gateway.srvd.rfm.ui_transaction.v0001.Fund::com.sap.gateway.srvd.rfm.ui_transaction.v0001.xRFMxCU_TransactionType","interaction":{"idSuffix":"BDI-content"}},"wdio_ui5_key":"rfmtransactionui::xRFMxCU_TransactionObjectPage--fe::DataFieldForAction::com.sap.gateway.srvd.rfm.ui_transaction.v0001.Fund::com.sap.gateway.srvd.rfm.ui_transaction.v0001.xRFMxCU_TransactionType"}]}
RESULT: undefined
COMMAND: POST /session/17f8a147d1f0e687b23e3ab093a7eb5a/element - {"using":"xpath","value":"//*[@id=\"rfm.transactionui::xRFMxCU_TransactionObjectPage--fe::DataFieldForAction::com.sap.gateway.srvd.rfm.ui_transaction.v0001.Fund::com.sap.gateway.srvd.rfm.ui_transaction.v0001.xRFMxCU_TransactionType\"]"}
RESULT: {"using":"xpath","value":"//*[@id=\"rfm.transactionui::xRFMxCU_TransactionObjectPage--fe::DataFieldForAction::com.sap.gateway.srvd.rfm.ui_transaction.v0001.Fund::com.sap.gateway.srvd.rfm.ui_transaction.v0001.xRFMxCU_TransactionType\"]"}
COMMAND: POST /session/17f8a147d1f0e687b23e3ab093a7eb5a/element/f.A20B243DB8CAE8823476B95BA6BC73CC.d.528B125B8C22184889DA46A3BFF16576.e.2668/click - {}
RESULT: {}
COMMAND: GET /session/17f8a147d1f0e687b23e3ab093a7eb5a/screenshot - {}
RESULT: {}
COMMAND: POST /session/17f8a147d1f0e687b23e3ab093a7eb5a/execute/async - {"script":"<script> [21 bytes]","args":[{"selector":{"controlType":"sap.m.AssociativeOverflowToolbar","properties":{"active":false},"searchOpenDialogs":true},"wdio_ui5_key":"sapm.AssociativeOverflowToolbar{\"active\":false}"}]}
RESULT: {"script":"<script> [21 bytes]","args":[{"selector":{"controlType":"sap.m.AssociativeOverflowToolbar","properties":{"active":false},"searchOpenDialogs":true},"wdio_ui5_key":"sapm.AssociativeOverflowToolbar{\"active\":false}"}]}
RESULT: undefined
COMMAND: POST /session/17f8a147d1f0e687b23e3ab093a7eb5a/element - {"using":"xpath","value":"//*[@id=\"__confirm1-footer\"]"}
RESULT: {"using":"xpath","value":"//*[@id=\"__confirm1-footer\"]"}
COMMAND: POST /session/17f8a147d1f0e687b23e3ab093a7eb5a/element/f.A20B243DB8CAE8823476B95BA6BC73CC.d.528B125B8C22184889DA46A3BFF16576.e.2672/click - {}
RESULT: {}
COMMAND: GET /session/17f8a147d1f0e687b23e3ab093a7eb5a/screenshot - {}
RESULT: {}
COMMAND: POST /session/17f8a147d1f0e687b23e3ab093a7eb5a/execute/async - {"script":"<script> [21 bytes]","args":[{"forceSelect":true,"selector":{"controlType":"sap.m.Button","properties":{"text":"OK"},"searchOpenDialogs":true},"wdio_ui5_key":"sapm.Button{\"text\":\"OK\"}"}]}
RESULT: {"script":"<script> [21 bytes]","args":[{"forceSelect":true,"selector":{"controlType":"sap.m.Button","properties":{"text":"OK"},"searchOpenDialogs":true},"wdio_ui5_key":"sapm.Button{\"text\":\"OK\"}"}]}
RESULT: undefined
COMMAND: POST /session/17f8a147d1f0e687b23e3ab093a7eb5a/element - {"using":"xpath","value":"//*[@id=\"__mbox-btn-2\"]"}
RESULT: {"using":"xpath","value":"//*[@id=\"__mbox-btn-2\"]"}
COMMAND: POST /session/17f8a147d1f0e687b23e3ab093a7eb5a/element/f.A20B243DB8CAE8823476B95BA6BC73CC.d.528B125B8C22184889DA46A3BFF16576.e.2670/click - {}
RESULT: {}
COMMAND: POST /session/17f8a147d1f0e687b23e3ab093a7eb5a/element - {"using":"xpath","value":"//*[@id=\"__mbox-btn-2\"]"}
COMMAND: GET /session/17f8a147d1f0e687b23e3ab093a7eb5a/screenshot - {}
RESULT: {"using":"xpath","value":"//*[@id=\"__mbox-btn-2\"]"}
COMMAND: POST /session/17f8a147d1f0e687b23e3ab093a7eb5a/element/f.A20B243DB8CAE8823476B95BA6BC73CC.d.528B125B8C22184889DA46A3BFF16576.e.2670/click - {}
RESULT: {}
COMMAND: POST /session/17f8a147d1f0e687b23e3ab093a7eb5a/element - {"using":"xpath","value":"//*[@id=\"__mbox-btn-2\"]"}
RESULT: {"using":"xpath","value":"//*[@id=\"__mbox-btn-2\"]"}
COMMAND: POST /session/17f8a147d1f0e687b23e3ab093a7eb5a/elements - {"using":"xpath","value":"//*[@id=\"__mbox-btn-2\"]"}
RESULT: {"using":"xpath","value":"//*[@id=\"__mbox-btn-2\"]"}
COMMAND: POST /session/17f8a147d1f0e687b23e3ab093a7eb5a/elements - {"using":"xpath","value":"//*[@id=\"__mbox-btn-2\"]"}
RESULT: {"using":"xpath","value":"//*[@id=\"__mbox-btn-2\"]"}
COMMAND: POST /session/17f8a147d1f0e687b23e3ab093a7eb5a/elements - {"using":"xpath","value":"//*[@id=\"__mbox-btn-2\"]"}
RESULT: {"using":"xpath","value":"//*[@id=\"__mbox-btn-2\"]"}
COMMAND: POST /session/17f8a147d1f0e687b23e3ab093a7eb5a/elements - {"using":"xpath","value":"//*[@id=\"__mbox-btn-2\"]"}
RESULT: {"using":"xpath","value":"//*[@id=\"__mbox-btn-2\"]"}
COMMAND: POST /session/17f8a147d1f0e687b23e3ab093a7eb5a/elements - {"using":"xpath","value":"//*[@id=\"__mbox-btn-2\"]"}
RESULT: {"using":"xpath","value":"//*[@id=\"__mbox-btn-2\"]"}
COMMAND: POST /session/17f8a147d1f0e687b23e3ab093a7eb5a/elements - {"using":"xpath","value":"//*[@id=\"__mbox-btn-2\"]"}
RESULT: {"using":"xpath","value":"//*[@id=\"__mbox-btn-2\"]"}
COMMAND: POST /session/17f8a147d1f0e687b23e3ab093a7eb5a/elements - {"using":"xpath","value":"//*[@id=\"__mbox-btn-2\"]"}
RESULT: {"using":"xpath","value":"//*[@id=\"__mbox-btn-2\"]"}
COMMAND: POST /session/17f8a147d1f0e687b23e3ab093a7eb5a/elements - {"using":"xpath","value":"//*[@id=\"__mbox-btn-2\"]"}
RESULT: {"using":"xpath","value":"//*[@id=\"__mbox-btn-2\"]"}
COMMAND: POST /session/17f8a147d1f0e687b23e3ab093a7eb5a/elements - {"using":"xpath","value":"//*[@id=\"__mbox-btn-2\"]"}
RESULT: {"using":"xpath","value":"//*[@id=\"__mbox-btn-2\"]"}
COMMAND: POST /session/17f8a147d1f0e687b23e3ab093a7eb5a/elements - {"using":"xpath","value":"//*[@id=\"__mbox-btn-2\"]"}
RESULT: {"using":"xpath","value":"//*[@id=\"__mbox-btn-2\"]"}
COMMAND: POST /session/17f8a147d1f0e687b23e3ab093a7eb5a/elements - {"using":"xpath","value":"//*[@id=\"__mbox-btn-2\"]"}
RESULT: {"using":"xpath","value":"//*[@id=\"__mbox-btn-2\"]"}
COMMAND: POST /session/17f8a147d1f0e687b23e3ab093a7eb5a/elements - {"using":"xpath","value":"//*[@id=\"__mbox-btn-2\"]"}
RESULT: {"using":"xpath","value":"//*[@id=\"__mbox-btn-2\"]"}
COMMAND: POST /session/17f8a147d1f0e687b23e3ab093a7eb5a/elements - {"using":"xpath","value":"//*[@id=\"__mbox-btn-2\"]"}
RESULT: {"using":"xpath","value":"//*[@id=\"__mbox-btn-2\"]"}
COMMAND: POST /session/17f8a147d1f0e687b23e3ab093a7eb5a/elements - {"using":"xpath","value":"//*[@id=\"__mbox-btn-2\"]"}
RESULT: {"using":"xpath","value":"//*[@id=\"__mbox-btn-2\"]"}
COMMAND: POST /session/17f8a147d1f0e687b23e3ab093a7eb5a/elements - {"using":"xpath","value":"//*[@id=\"__mbox-btn-2\"]"}
RESULT: {"using":"xpath","value":"//*[@id=\"__mbox-btn-2\"]"}
COMMAND: POST /session/17f8a147d1f0e687b23e3ab093a7eb5a/elements - {"using":"xpath","value":"//*[@id=\"__mbox-btn-2\"]"}
RESULT: {"using":"xpath","value":"//*[@id=\"__mbox-btn-2\"]"}
COMMAND: POST /session/17f8a147d1f0e687b23e3ab093a7eb5a/elements - {"using":"xpath","value":"//*[@id=\"__mbox-btn-2\"]"}
RESULT: {"using":"xpath","value":"//*[@id=\"__mbox-btn-2\"]"}
COMMAND: POST /session/17f8a147d1f0e687b23e3ab093a7eb5a/elements - {"using":"xpath","value":"//*[@id=\"__mbox-btn-2\"]"}
RESULT: {"using":"xpath","value":"//*[@id=\"__mbox-btn-2\"]"}
COMMAND: POST /session/17f8a147d1f0e687b23e3ab093a7eb5a/elements - {"using":"xpath","value":"//*[@id=\"__mbox-btn-2\"]"}
RESULT: {"using":"xpath","value":"//*[@id=\"__mbox-btn-2\"]"}
COMMAND: POST /session/17f8a147d1f0e687b23e3ab093a7eb5a/elements - {"using":"xpath","value":"//*[@id=\"__mbox-btn-2\"]"}
RESULT: {"using":"xpath","value":"//*[@id=\"__mbox-btn-2\"]"}
COMMAND: POST /session/17f8a147d1f0e687b23e3ab093a7eb5a/elements - {"using":"xpath","value":"//*[@id=\"__mbox-btn-2\"]"}
RESULT: {"using":"xpath","value":"//*[@id=\"__mbox-btn-2\"]"}
COMMAND: POST /session/17f8a147d1f0e687b23e3ab093a7eb5a/elements - {"using":"xpath","value":"//*[@id=\"__mbox-btn-2\"]"}
RESULT: {"using":"xpath","value":"//*[@id=\"__mbox-btn-2\"]"}
COMMAND: POST /session/17f8a147d1f0e687b23e3ab093a7eb5a/elements - {"using":"xpath","value":"//*[@id=\"__mbox-btn-2\"]"}
RESULT: {"using":"xpath","value":"//*[@id=\"__mbox-btn-2\"]"}
COMMAND: POST /session/17f8a147d1f0e687b23e3ab093a7eb5a/elements - {"using":"xpath","value":"//*[@id=\"__mbox-btn-2\"]"}
RESULT: {"using":"xpath","value":"//*[@id=\"__mbox-btn-2\"]"}
COMMAND: POST /session/17f8a147d1f0e687b23e3ab093a7eb5a/elements - {"using":"xpath","value":"//*[@id=\"__mbox-btn-2\"]"}
RESULT: {"using":"xpath","value":"//*[@id=\"__mbox-btn-2\"]"}
COMMAND: POST /session/17f8a147d1f0e687b23e3ab093a7eb5a/elements - {"using":"xpath","value":"//*[@id=\"__mbox-btn-2\"]"}
RESULT: {"using":"xpath","value":"//*[@id=\"__mbox-btn-2\"]"}
COMMAND: POST /session/17f8a147d1f0e687b23e3ab093a7eb5a/elements - {"using":"xpath","value":"//*[@id=\"__mbox-btn-2\"]"}
RESULT: {"using":"xpath","value":"//*[@id=\"__mbox-btn-2\"]"}
COMMAND: POST /session/17f8a147d1f0e687b23e3ab093a7eb5a/elements - {"using":"xpath","value":"//*[@id=\"__mbox-btn-2\"]"}
RESULT: {"using":"xpath","value":"//*[@id=\"__mbox-btn-2\"]"}
COMMAND: POST /session/17f8a147d1f0e687b23e3ab093a7eb5a/elements - {"using":"xpath","value":"//*[@id=\"__mbox-btn-2\"]"}
RESULT: {"using":"xpath","value":"//*[@id=\"__mbox-btn-2\"]"}
COMMAND: POST /session/17f8a147d1f0e687b23e3ab093a7eb5a/elements - {"using":"xpath","value":"//*[@id=\"__mbox-btn-2\"]"}
RESULT: {"using":"xpath","value":"//*[@id=\"__mbox-btn-2\"]"}
COMMAND: POST /session/17f8a147d1f0e687b23e3ab093a7eb5a/elements - {"using":"xpath","value":"//*[@id=\"__mbox-btn-2\"]"}
RESULT: {"using":"xpath","value":"//*[@id=\"__mbox-btn-2\"]"}
COMMAND: POST /session/17f8a147d1f0e687b23e3ab093a7eb5a/elements - {"using":"xpath","value":"//*[@id=\"__mbox-btn-2\"]"}
RESULT: {"using":"xpath","value":"//*[@id=\"__mbox-btn-2\"]"}
COMMAND: POST /session/17f8a147d1f0e687b23e3ab093a7eb5a/elements - {"using":"xpath","value":"//*[@id=\"__mbox-btn-2\"]"}
RESULT: {"using":"xpath","value":"//*[@id=\"__mbox-btn-2\"]"}
COMMAND: POST /session/17f8a147d1f0e687b23e3ab093a7eb5a/elements - {"using":"xpath","value":"//*[@id=\"__mbox-btn-2\"]"}
RESULT: {"using":"xpath","value":"//*[@id=\"__mbox-btn-2\"]"}
COMMAND: POST /session/17f8a147d1f0e687b23e3ab093a7eb5a/elements - {"using":"xpath","value":"//*[@id=\"__mbox-btn-2\"]"}
RESULT: {"using":"xpath","value":"//*[@id=\"__mbox-btn-2\"]"}
COMMAND: POST /session/17f8a147d1f0e687b23e3ab093a7eb5a/elements - {"using":"xpath","value":"//*[@id=\"__mbox-btn-2\"]"}
RESULT: {"using":"xpath","value":"//*[@id=\"__mbox-btn-2\"]"}
COMMAND: POST /session/17f8a147d1f0e687b23e3ab093a7eb5a/elements - {"using":"xpath","value":"//*[@id=\"__mbox-btn-2\"]"}
RESULT: {"using":"xpath","value":"//*[@id=\"__mbox-btn-2\"]"}
COMMAND: POST /session/17f8a147d1f0e687b23e3ab093a7eb5a/elements - {"using":"xpath","value":"//*[@id=\"__mbox-btn-2\"]"}
RESULT: {"using":"xpath","value":"//*[@id=\"__mbox-btn-2\"]"}
COMMAND: POST /session/17f8a147d1f0e687b23e3ab093a7eb5a/elements - {"using":"xpath","value":"//*[@id=\"__mbox-btn-2\"]"}
RESULT: {"using":"xpath","value":"//*[@id=\"__mbox-btn-2\"]"}
COMMAND: POST /session/17f8a147d1f0e687b23e3ab093a7eb5a/elements - {"using":"xpath","value":"//*[@id=\"__mbox-btn-2\"]"}
RESULT: {"using":"xpath","value":"//*[@id=\"__mbox-btn-2\"]"}
COMMAND: POST /session/17f8a147d1f0e687b23e3ab093a7eb5a/elements - {"using":"xpath","value":"//*[@id=\"__mbox-btn-2\"]"}
RESULT: {"using":"xpath","value":"//*[@id=\"__mbox-btn-2\"]"}
COMMAND: POST /session/17f8a147d1f0e687b23e3ab093a7eb5a/elements - {"using":"xpath","value":"//*[@id=\"__mbox-btn-2\"]"}
RESULT: {"using":"xpath","value":"//*[@id=\"__mbox-btn-2\"]"}
COMMAND: POST /session/17f8a147d1f0e687b23e3ab093a7eb5a/elements - {"using":"xpath","value":"//*[@id=\"__mbox-btn-2\"]"}
RESULT: {"using":"xpath","value":"//*[@id=\"__mbox-btn-2\"]"}
COMMAND: POST /session/17f8a147d1f0e687b23e3ab093a7eb5a/elements - {"using":"xpath","value":"//*[@id=\"__mbox-btn-2\"]"}
RESULT: {"using":"xpath","value":"//*[@id=\"__mbox-btn-2\"]"}
COMMAND: POST /session/17f8a147d1f0e687b23e3ab093a7eb5a/elements - {"using":"xpath","value":"//*[@id=\"__mbox-btn-2\"]"}
RESULT: {"using":"xpath","value":"//*[@id=\"__mbox-btn-2\"]"}
COMMAND: POST /session/17f8a147d1f0e687b23e3ab093a7eb5a/elements - {"using":"xpath","value":"//*[@id=\"__mbox-btn-2\"]"}
RESULT: {"using":"xpath","value":"//*[@id=\"__mbox-btn-2\"]"}
COMMAND: POST /session/17f8a147d1f0e687b23e3ab093a7eb5a/elements - {"using":"xpath","value":"//*[@id=\"__mbox-btn-2\"]"}
RESULT: {"using":"xpath","value":"//*[@id=\"__mbox-btn-2\"]"}
COMMAND: POST /session/17f8a147d1f0e687b23e3ab093a7eb5a/elements - {"using":"xpath","value":"//*[@id=\"__mbox-btn-2\"]"}
RESULT: {"using":"xpath","value":"//*[@id=\"__mbox-btn-2\"]"}
COMMAND: POST /session/17f8a147d1f0e687b23e3ab093a7eb5a/elements - {"using":"xpath","value":"//*[@id=\"__mbox-btn-2\"]"}
RESULT: {"using":"xpath","value":"//*[@id=\"__mbox-btn-2\"]"}
COMMAND: POST /session/17f8a147d1f0e687b23e3ab093a7eb5a/elements - {"using":"xpath","value":"//*[@id=\"__mbox-btn-2\"]"}
RESULT: {"using":"xpath","value":"//*[@id=\"__mbox-btn-2\"]"}
COMMAND: POST /session/17f8a147d1f0e687b23e3ab093a7eb5a/elements - {"using":"xpath","value":"//*[@id=\"__mbox-btn-2\"]"}
RESULT: {"using":"xpath","value":"//*[@id=\"__mbox-btn-2\"]"}
COMMAND: POST /session/17f8a147d1f0e687b23e3ab093a7eb5a/elements - {"using":"xpath","value":"//*[@id=\"__mbox-btn-2\"]"}
RESULT: {"using":"xpath","value":"//*[@id=\"__mbox-btn-2\"]"}
COMMAND: POST /session/17f8a147d1f0e687b23e3ab093a7eb5a/elements - {"using":"xpath","value":"//*[@id=\"__mbox-btn-2\"]"}
RESULT: {"using":"xpath","value":"//*[@id=\"__mbox-btn-2\"]"}
COMMAND: POST /session/17f8a147d1f0e687b23e3ab093a7eb5a/elements - {"using":"xpath","value":"//*[@id=\"__mbox-btn-2\"]"}
RESULT: {"using":"xpath","value":"//*[@id=\"__mbox-btn-2\"]"}
COMMAND: POST /session/17f8a147d1f0e687b23e3ab093a7eb5a/elements - {"using":"xpath","value":"//*[@id=\"__mbox-btn-2\"]"}
RESULT: {"using":"xpath","value":"//*[@id=\"__mbox-btn-2\"]"}
COMMAND: POST /session/17f8a147d1f0e687b23e3ab093a7eb5a/elements - {"using":"xpath","value":"//*[@id=\"__mbox-btn-2\"]"}
RESULT: {"using":"xpath","value":"//*[@id=\"__mbox-btn-2\"]"}
COMMAND: POST /session/17f8a147d1f0e687b23e3ab093a7eb5a/elements - {"using":"xpath","value":"//*[@id=\"__mbox-btn-2\"]"}
RESULT: {"using":"xpath","value":"//*[@id=\"__mbox-btn-2\"]"}
COMMAND: POST /session/17f8a147d1f0e687b23e3ab093a7eb5a/elements - {"using":"xpath","value":"//*[@id=\"__mbox-btn-2\"]"}
RESULT: {"using":"xpath","value":"//*[@id=\"__mbox-btn-2\"]"}
COMMAND: POST /session/17f8a147d1f0e687b23e3ab093a7eb5a/elements - {"using":"xpath","value":"//*[@id=\"__mbox-btn-2\"]"}
RESULT: {"using":"xpath","value":"//*[@id=\"__mbox-btn-2\"]"}
COMMAND: POST /session/17f8a147d1f0e687b23e3ab093a7eb5a/elements - {"using":"xpath","value":"//*[@id=\"__mbox-btn-2\"]"}
RESULT: {"using":"xpath","value":"//*[@id=\"__mbox-btn-2\"]"}
COMMAND: POST /session/17f8a147d1f0e687b23e3ab093a7eb5a/elements - {"using":"xpath","value":"//*[@id=\"__mbox-btn-2\"]"}
RESULT: {"using":"xpath","value":"//*[@id=\"__mbox-btn-2\"]"}
COMMAND: POST /session/17f8a147d1f0e687b23e3ab093a7eb5a/elements - {"using":"xpath","value":"//*[@id=\"__mbox-btn-2\"]"}
RESULT: {"using":"xpath","value":"//*[@id=\"__mbox-btn-2\"]"}
COMMAND: POST /session/17f8a147d1f0e687b23e3ab093a7eb5a/elements - {"using":"xpath","value":"//*[@id=\"__mbox-btn-2\"]"}
RESULT: {"using":"xpath","value":"//*[@id=\"__mbox-btn-2\"]"}
COMMAND: POST /session/17f8a147d1f0e687b23e3ab093a7eb5a/elements - {"using":"xpath","value":"//*[@id=\"__mbox-btn-2\"]"}
RESULT: {"using":"xpath","value":"//*[@id=\"__mbox-btn-2\"]"}
COMMAND: POST /session/17f8a147d1f0e687b23e3ab093a7eb5a/elements - {"using":"xpath","value":"//*[@id=\"__mbox-btn-2\"]"}
RESULT: {"using":"xpath","value":"//*[@id=\"__mbox-btn-2\"]"}
COMMAND: POST /session/17f8a147d1f0e687b23e3ab093a7eb5a/elements - {"using":"xpath","value":"//*[@id=\"__mbox-btn-2\"]"}
RESULT: {"using":"xpath","value":"//*[@id=\"__mbox-btn-2\"]"}
COMMAND: POST /session/17f8a147d1f0e687b23e3ab093a7eb5a/elements - {"using":"xpath","value":"//*[@id=\"__mbox-btn-2\"]"}
RESULT: {"using":"xpath","value":"//*[@id=\"__mbox-btn-2\"]"}
COMMAND: POST /session/17f8a147d1f0e687b23e3ab093a7eb5a/elements - {"using":"xpath","value":"//*[@id=\"__mbox-btn-2\"]"}
RESULT: {"using":"xpath","value":"//*[@id=\"__mbox-btn-2\"]"}
COMMAND: POST /session/17f8a147d1f0e687b23e3ab093a7eb5a/elements - {"using":"xpath","value":"//*[@id=\"__mbox-btn-2\"]"}
RESULT: {"using":"xpath","value":"//*[@id=\"__mbox-btn-2\"]"}
COMMAND: POST /session/17f8a147d1f0e687b23e3ab093a7eb5a/elements - {"using":"xpath","value":"//*[@id=\"__mbox-btn-2\"]"}
RESULT: {"using":"xpath","value":"//*[@id=\"__mbox-btn-2\"]"}
COMMAND: POST /session/17f8a147d1f0e687b23e3ab093a7eb5a/elements - {"using":"xpath","value":"//*[@id=\"__mbox-btn-2\"]"}
RESULT: {"using":"xpath","value":"//*[@id=\"__mbox-btn-2\"]"}
COMMAND: POST /session/17f8a147d1f0e687b23e3ab093a7eb5a/elements - {"using":"xpath","value":"//*[@id=\"__mbox-btn-2\"]"}
RESULT: {"using":"xpath","value":"//*[@id=\"__mbox-btn-2\"]"}
COMMAND: POST /session/17f8a147d1f0e687b23e3ab093a7eb5a/elements - {"using":"xpath","value":"//*[@id=\"__mbox-btn-2\"]"}
RESULT: {"using":"xpath","value":"//*[@id=\"__mbox-btn-2\"]"}
COMMAND: POST /session/17f8a147d1f0e687b23e3ab093a7eb5a/elements - {"using":"xpath","value":"//*[@id=\"__mbox-btn-2\"]"}
RESULT: {"using":"xpath","value":"//*[@id=\"__mbox-btn-2\"]"}
COMMAND: POST /session/17f8a147d1f0e687b23e3ab093a7eb5a/elements - {"using":"xpath","value":"//*[@id=\"__mbox-btn-2\"]"}
RESULT: {"using":"xpath","value":"//*[@id=\"__mbox-btn-2\"]"}
COMMAND: POST /session/17f8a147d1f0e687b23e3ab093a7eb5a/elements - {"using":"xpath","value":"//*[@id=\"__mbox-btn-2\"]"}
RESULT: {"using":"xpath","value":"//*[@id=\"__mbox-btn-2\"]"}
COMMAND: POST /session/17f8a147d1f0e687b23e3ab093a7eb5a/elements - {"using":"xpath","value":"//*[@id=\"__mbox-btn-2\"]"}
RESULT: {"using":"xpath","value":"//*[@id=\"__mbox-btn-2\"]"}
COMMAND: POST /session/17f8a147d1f0e687b23e3ab093a7eb5a/elements - {"using":"xpath","value":"//*[@id=\"__mbox-btn-2\"]"}
RESULT: {"using":"xpath","value":"//*[@id=\"__mbox-btn-2\"]"}
COMMAND: POST /session/17f8a147d1f0e687b23e3ab093a7eb5a/elements - {"using":"xpath","value":"//*[@id=\"__mbox-btn-2\"]"}
RESULT: {"using":"xpath","value":"//*[@id=\"__mbox-btn-2\"]"}
COMMAND: POST /session/17f8a147d1f0e687b23e3ab093a7eb5a/elements - {"using":"xpath","value":"//*[@id=\"__mbox-btn-2\"]"}
RESULT: {"using":"xpath","value":"//*[@id=\"__mbox-btn-2\"]"}
COMMAND: POST /session/17f8a147d1f0e687b23e3ab093a7eb5a/elements - {"using":"xpath","value":"//*[@id=\"__mbox-btn-2\"]"}
RESULT: {"using":"xpath","value":"//*[@id=\"__mbox-btn-2\"]"}
COMMAND: POST /session/17f8a147d1f0e687b23e3ab093a7eb5a/elements - {"using":"xpath","value":"//*[@id=\"__mbox-btn-2\"]"}
RESULT: {"using":"xpath","value":"//*[@id=\"__mbox-btn-2\"]"}
COMMAND: POST /session/17f8a147d1f0e687b23e3ab093a7eb5a/elements - {"using":"xpath","value":"//*[@id=\"__mbox-btn-2\"]"}
RESULT: {"using":"xpath","value":"//*[@id=\"__mbox-btn-2\"]"}
COMMAND: POST /session/17f8a147d1f0e687b23e3ab093a7eb5a/elements - {"using":"xpath","value":"//*[@id=\"__mbox-btn-2\"]"}
RESULT: {"using":"xpath","value":"//*[@id=\"__mbox-btn-2\"]"}
COMMAND: POST /session/17f8a147d1f0e687b23e3ab093a7eb5a/elements - {"using":"xpath","value":"//*[@id=\"__mbox-btn-2\"]"}
RESULT: {"using":"xpath","value":"//*[@id=\"__mbox-btn-2\"]"}
COMMAND: POST /session/17f8a147d1f0e687b23e3ab093a7eb5a/elements - {"using":"xpath","value":"//*[@id=\"__mbox-btn-2\"]"}
RESULT: {"using":"xpath","value":"//*[@id=\"__mbox-btn-2\"]"}
COMMAND: POST /session/17f8a147d1f0e687b23e3ab093a7eb5a/elements - {"using":"xpath","value":"//*[@id=\"__mbox-btn-2\"]"}
RESULT: {"using":"xpath","value":"//*[@id=\"__mbox-btn-2\"]"}
COMMAND: POST /session/17f8a147d1f0e687b23e3ab093a7eb5a/elements - {"using":"xpath","value":"//*[@id=\"__mbox-btn-2\"]"}
RESULT: {"using":"xpath","value":"//*[@id=\"__mbox-btn-2\"]"}
COMMAND: POST /session/17f8a147d1f0e687b23e3ab093a7eb5a/elements - {"using":"xpath","value":"//*[@id=\"__mbox-btn-2\"]"}
RESULT: {"using":"xpath","value":"//*[@id=\"__mbox-btn-2\"]"}
COMMAND: POST /session/17f8a147d1f0e687b23e3ab093a7eb5a/elements - {"using":"xpath","value":"//*[@id=\"__mbox-btn-2\"]"}
RESULT: {"using":"xpath","value":"//*[@id=\"__mbox-btn-2\"]"}
COMMAND: POST /session/17f8a147d1f0e687b23e3ab093a7eb5a/elements - {"using":"xpath","value":"//*[@id=\"__mbox-btn-2\"]"}
RESULT: {"using":"xpath","value":"//*[@id=\"__mbox-btn-2\"]"}
COMMAND: POST /session/17f8a147d1f0e687b23e3ab093a7eb5a/elements - {"using":"xpath","value":"//*[@id=\"__mbox-btn-2\"]"}
RESULT: {"using":"xpath","value":"//*[@id=\"__mbox-btn-2\"]"}
COMMAND: POST /session/17f8a147d1f0e687b23e3ab093a7eb5a/elements - {"using":"xpath","value":"//*[@id=\"__mbox-btn-2\"]"}
RESULT: {"using":"xpath","value":"//*[@id=\"__mbox-btn-2\"]"}
COMMAND: POST /session/17f8a147d1f0e687b23e3ab093a7eb5a/elements - {"using":"xpath","value":"//*[@id=\"__mbox-btn-2\"]"}
RESULT: {"using":"xpath","value":"//*[@id=\"__mbox-btn-2\"]"}
COMMAND: POST /session/17f8a147d1f0e687b23e3ab093a7eb5a/elements - {"using":"xpath","value":"//*[@id=\"__mbox-btn-2\"]"}
RESULT: {"using":"xpath","value":"//*[@id=\"__mbox-btn-2\"]"}
COMMAND: POST /session/17f8a147d1f0e687b23e3ab093a7eb5a/elements - {"using":"xpath","value":"//*[@id=\"__mbox-btn-2\"]"}
RESULT: {"using":"xpath","value":"//*[@id=\"__mbox-btn-2\"]"}
COMMAND: POST /session/17f8a147d1f0e687b23e3ab093a7eb5a/elements - {"using":"xpath","value":"//*[@id=\"__mbox-btn-2\"]"}
RESULT: {"using":"xpath","value":"//*[@id=\"__mbox-btn-2\"]"}
COMMAND: POST /session/17f8a147d1f0e687b23e3ab093a7eb5a/elements - {"using":"xpath","value":"//*[@id=\"__mbox-btn-2\"]"}
RESULT: {"using":"xpath","value":"//*[@id=\"__mbox-btn-2\"]"}
COMMAND: POST /session/17f8a147d1f0e687b23e3ab093a7eb5a/elements - {"using":"xpath","value":"//*[@id=\"__mbox-btn-2\"]"}
RESULT: {"using":"xpath","value":"//*[@id=\"__mbox-btn-2\"]"}
COMMAND: POST /session/17f8a147d1f0e687b23e3ab093a7eb5a/elements - {"using":"xpath","value":"//*[@id=\"__mbox-btn-2\"]"}
RESULT: {"using":"xpath","value":"//*[@id=\"__mbox-btn-2\"]"}
COMMAND: POST /session/17f8a147d1f0e687b23e3ab093a7eb5a/elements - {"using":"xpath","value":"//*[@id=\"__mbox-btn-2\"]"}
RESULT: {"using":"xpath","value":"//*[@id=\"__mbox-btn-2\"]"}
COMMAND: POST /session/17f8a147d1f0e687b23e3ab093a7eb5a/elements - {"using":"xpath","value":"//*[@id=\"__mbox-btn-2\"]"}
RESULT: {"using":"xpath","value":"//*[@id=\"__mbox-btn-2\"]"}
COMMAND: POST /session/17f8a147d1f0e687b23e3ab093a7eb5a/elements - {"using":"xpath","value":"//*[@id=\"__mbox-btn-2\"]"}
RESULT: {"using":"xpath","value":"//*[@id=\"__mbox-btn-2\"]"}
COMMAND: POST /session/17f8a147d1f0e687b23e3ab093a7eb5a/elements - {"using":"xpath","value":"//*[@id=\"__mbox-btn-2\"]"}
RESULT: {"using":"xpath","value":"//*[@id=\"__mbox-btn-2\"]"}
COMMAND: POST /session/17f8a147d1f0e687b23e3ab093a7eb5a/elements - {"using":"xpath","value":"//*[@id=\"__mbox-btn-2\"]"}
RESULT: {"using":"xpath","value":"//*[@id=\"__mbox-btn-2\"]"}
COMMAND: POST /session/17f8a147d1f0e687b23e3ab093a7eb5a/elements - {"using":"xpath","value":"//*[@id=\"__mbox-btn-2\"]"}
RESULT: {"using":"xpath","value":"//*[@id=\"__mbox-btn-2\"]"}
COMMAND: POST /session/17f8a147d1f0e687b23e3ab093a7eb5a/elements - {"using":"xpath","value":"//*[@id=\"__mbox-btn-2\"]"}
RESULT: {"using":"xpath","value":"//*[@id=\"__mbox-btn-2\"]"}
COMMAND: POST /session/17f8a147d1f0e687b23e3ab093a7eb5a/elements - {"using":"xpath","value":"//*[@id=\"__mbox-btn-2\"]"}
RESULT: {"using":"xpath","value":"//*[@id=\"__mbox-btn-2\"]"}
COMMAND: POST /session/17f8a147d1f0e687b23e3ab093a7eb5a/elements - {"using":"xpath","value":"//*[@id=\"__mbox-btn-2\"]"}
RESULT: {"using":"xpath","value":"//*[@id=\"__mbox-btn-2\"]"}
COMMAND: POST /session/17f8a147d1f0e687b23e3ab093a7eb5a/elements - {"using":"xpath","value":"//*[@id=\"__mbox-btn-2\"]"}
RESULT: {"using":"xpath","value":"//*[@id=\"__mbox-btn-2\"]"}
COMMAND: POST /session/17f8a147d1f0e687b23e3ab093a7eb5a/elements - {"using":"xpath","value":"//*[@id=\"__mbox-btn-2\"]"}
RESULT: {"using":"xpath","value":"//*[@id=\"__mbox-btn-2\"]"}
COMMAND: POST /session/17f8a147d1f0e687b23e3ab093a7eb5a/elements - {"using":"xpath","value":"//*[@id=\"__mbox-btn-2\"]"}
RESULT: {"using":"xpath","value":"//*[@id=\"__mbox-btn-2\"]"}
COMMAND: POST /session/17f8a147d1f0e687b23e3ab093a7eb5a/elements - {"using":"xpath","value":"//*[@id=\"__mbox-btn-2\"]"}
RESULT: {"using":"xpath","value":"//*[@id=\"__mbox-btn-2\"]"}
COMMAND: POST /session/17f8a147d1f0e687b23e3ab093a7eb5a/elements - {"using":"xpath","value":"//*[@id=\"__mbox-btn-2\"]"}
RESULT: {"using":"xpath","value":"//*[@id=\"__mbox-btn-2\"]"}
COMMAND: POST /session/17f8a147d1f0e687b23e3ab093a7eb5a/elements - {"using":"xpath","value":"//*[@id=\"__mbox-btn-2\"]"}
RESULT: {"using":"xpath","value":"//*[@id=\"__mbox-btn-2\"]"}
COMMAND: POST /session/17f8a147d1f0e687b23e3ab093a7eb5a/elements - {"using":"xpath","value":"//*[@id=\"__mbox-btn-2\"]"}
RESULT: {"using":"xpath","value":"//*[@id=\"__mbox-btn-2\"]"}
COMMAND: POST /session/17f8a147d1f0e687b23e3ab093a7eb5a/elements - {"using":"xpath","value":"//*[@id=\"__mbox-btn-2\"]"}
RESULT: {"using":"xpath","value":"//*[@id=\"__mbox-btn-2\"]"}
COMMAND: POST /session/17f8a147d1f0e687b23e3ab093a7eb5a/elements - {"using":"xpath","value":"//*[@id=\"__mbox-btn-2\"]"}
RESULT: {"using":"xpath","value":"//*[@id=\"__mbox-btn-2\"]"}
COMMAND: POST /session/17f8a147d1f0e687b23e3ab093a7eb5a/elements - {"using":"xpath","value":"//*[@id=\"__mbox-btn-2\"]"}
RESULT: {"using":"xpath","value":"//*[@id=\"__mbox-btn-2\"]"}
COMMAND: POST /session/17f8a147d1f0e687b23e3ab093a7eb5a/elements - {"using":"xpath","value":"//*[@id=\"__mbox-btn-2\"]"}
RESULT: {"using":"xpath","value":"//*[@id=\"__mbox-btn-2\"]"}
RESULT: undefined
COMMAND: POST /session/17f8a147d1f0e687b23e3ab093a7eb5a/element/f.A20B243DB8CAE8823476B95BA6BC73CC.d.528B125B8C22184889DA46A3BFF16576.e.2442/click - {}
COMMAND: POST /session/17f8a147d1f0e687b23e3ab093a7eb5a/element/f.A20B243DB8CAE8823476B95BA6BC73CC.d.528B125B8C22184889DA46A3BFF16576.e.2442/click - {}
COMMAND: GET /session/17f8a147d1f0e687b23e3ab093a7eb5a/screenshot - {}
RESULT: {}
COMMAND: GET /session/17f8a147d1f0e687b23e3ab093a7eb5a/screenshot - {}
]]></system-out>
    </testcase>
    <testcase classname="chrome.138_0_7204_169.windows.Buyback" name="Should create a Buyback" time="161.222">
      <system-out><![CDATA[
COMMAND: POST /session/17f8a147d1f0e687b23e3ab093a7eb5a/execute/async - {"script":"<script> [21 bytes]","args":[{"selector":{"controlType":"sap.m.GenericTile","properties":{"header":"Buyback"}},"wdio_ui5_key":"sapm.GenericTile{\"header\":\"Buyback\"}"}]}
RESULT: {}
COMMAND: GET /session/17f8a147d1f0e687b23e3ab093a7eb5a/screenshot - {}
RESULT: {}
RESULT: {}
RESULT: {"script":"<script> [21 bytes]","args":[{"selector":{"controlType":"sap.m.GenericTile","properties":{"header":"Buyback"}},"wdio_ui5_key":"sapm.GenericTile{\"header\":\"Buyback\"}"}]}
RESULT: undefined
COMMAND: POST /session/17f8a147d1f0e687b23e3ab093a7eb5a/element - {"using":"xpath","value":"//*[@id=\"__tile46\"]"}
RESULT: {}
RESULT: {"using":"xpath","value":"//*[@id=\"__tile46\"]"}
COMMAND: POST /session/17f8a147d1f0e687b23e3ab093a7eb5a/element/f.A20B243DB8CAE8823476B95BA6BC73CC.d.528B125B8C22184889DA46A3BFF16576.e.2726/click - {}
RESULT: {}
COMMAND: POST /session/17f8a147d1f0e687b23e3ab093a7eb5a/execute/async - {"script":"<script> [21 bytes]","args":[{"selector":{"id":"rfm.buybackui::xRFMxCU_BuybackList--fe::table::allTab::LineItem::StandardAction::Create"},"wdio_ui5_key":"rfmbuybackui::xRFMxCU_BuybackList--fe::table::allTab::LineItem::StandardAction::Create"}]}
COMMAND: GET /session/17f8a147d1f0e687b23e3ab093a7eb5a/screenshot - {}
RESULT: {"script":"<script> [21 bytes]","args":[{"selector":{"id":"rfm.buybackui::xRFMxCU_BuybackList--fe::table::allTab::LineItem::StandardAction::Create"},"wdio_ui5_key":"rfmbuybackui::xRFMxCU_BuybackList--fe::table::allTab::LineItem::StandardAction::Create"}]}
RESULT: undefined
COMMAND: POST /session/17f8a147d1f0e687b23e3ab093a7eb5a/element - {"using":"xpath","value":"//*[@id=\"rfm.buybackui::xRFMxCU_BuybackList--fe::table::allTab::LineItem::StandardAction::Create\"]"}
RESULT: {}
RESULT: {"using":"xpath","value":"//*[@id=\"rfm.buybackui::xRFMxCU_BuybackList--fe::table::allTab::LineItem::StandardAction::Create\"]"}
COMMAND: POST /session/17f8a147d1f0e687b23e3ab093a7eb5a/element/f.A20B243DB8CAE8823476B95BA6BC73CC.d.528B125B8C22184889DA46A3BFF16576.e.2840/click - {}
RESULT: {}
COMMAND: GET /session/17f8a147d1f0e687b23e3ab093a7eb5a/screenshot - {}
COMMAND: POST /session/17f8a147d1f0e687b23e3ab093a7eb5a/execute/async - {"script":"<script> [21 bytes]","args":[{"selector":{"id":"CreateDialog::xRFMxCU_BuybackType::TransactionId-inner-vhi","searchOpenDialogs":true},"wdio_ui5_key":"CreateDialogxRFMxCU_BuybackType::TransactionId-inner-vhi"}]}
RESULT: {}
RESULT: {"script":"<script> [21 bytes]","args":[{"selector":{"id":"CreateDialog::xRFMxCU_BuybackType::TransactionId-inner-vhi","searchOpenDialogs":true},"wdio_ui5_key":"CreateDialogxRFMxCU_BuybackType::TransactionId-inner-vhi"}]}
RESULT: undefined
COMMAND: POST /session/17f8a147d1f0e687b23e3ab093a7eb5a/element - {"using":"xpath","value":"//*[@id=\"CreateDialog::xRFMxCU_BuybackType::TransactionId-inner-vhi\"]"}
RESULT: {"using":"xpath","value":"//*[@id=\"CreateDialog::xRFMxCU_BuybackType::TransactionId-inner-vhi\"]"}
COMMAND: POST /session/17f8a147d1f0e687b23e3ab093a7eb5a/element/f.A20B243DB8CAE8823476B95BA6BC73CC.d.528B125B8C22184889DA46A3BFF16576.e.2943/click - {}
RESULT: {}
COMMAND: GET /session/17f8a147d1f0e687b23e3ab093a7eb5a/screenshot - {}
COMMAND: POST /session/17f8a147d1f0e687b23e3ab093a7eb5a/execute/async - {"script":"<script> [21 bytes]","args":[{"selector":{"id":"TransactionId::VH::Dialog::qualifier::-search-inner","searchOpenDialogs":true,"interaction":{"idSuffix":"I"}},"wdio_ui5_key":"TransactionIdVH::Dialog::qualifier::-search-inner"}]}
RESULT: {}
RESULT: {"script":"<script> [21 bytes]","args":[{"selector":{"id":"TransactionId::VH::Dialog::qualifier::-search-inner","searchOpenDialogs":true,"interaction":{"idSuffix":"I"}},"wdio_ui5_key":"TransactionIdVH::Dialog::qualifier::-search-inner"}]}
RESULT: undefined
COMMAND: POST /session/17f8a147d1f0e687b23e3ab093a7eb5a/execute/async - {"script":"<script> [20 bytes]","args":[{"enterText":"872","selector":{"id":"TransactionId::VH::Dialog::qualifier::-search-inner","searchOpenDialogs":true,"interaction":{"idSuffix":"I"}},"clearTextFirst":true,"interactionType":"ENTER_TEXT"}]}
RESULT: {"script":"<script> [20 bytes]","args":[{"enterText":"872","selector":{"id":"TransactionId::VH::Dialog::qualifier::-search-inner","searchOpenDialogs":true,"interaction":{"idSuffix":"I"}},"clearTextFirst":true,"interactionType":"ENTER_TEXT"}]}
COMMAND: POST /session/17f8a147d1f0e687b23e3ab093a7eb5a/execute/async - {"script":"<script> [21 bytes]","args":[{"selector":{"controlType":"sap.fe.macros.controls.FieldWrapper","viewName":"sap.fe.templates.ObjectPage.ObjectPage","viewId":"rfm.buybackui::xRFMxCU_BuybackObjectPage","searchOpenDialogs":true,"descendant":{"controlType":"sap.m.Text","viewName":"sap.fe.templates.ObjectPage.ObjectPage","viewId":"rfm.buybackui::xRFMxCU_BuybackObjectPage","bindingPath":{"path":"/xRFMxCH_TransactionName('872')","propertyPath":"TransactionId"},"searchOpenDialogs":true}},"wdio_ui5_key":"sapfe.templates.ObjectPage.ObjectPagesap.fe.macros.controls.FieldWrapper{\"controlType\":\"sap.m.Text\",\"viewName\":\"sap.fe.templates.ObjectPage.ObjectPage\",\"viewId\":\"rfm.buybackui::xRFMxCU_BuybackObjectPage\",\"bindingPath\":{\"path\":\"/xRFMxCH_TransactionName('872')\",\"propertyPath\":\"TransactionId\"},\"searchOpenDialogs\":true}"}]}
RESULT: {"script":"<script> [21 bytes]","args":[{"selector":{"controlType":"sap.fe.macros.controls.FieldWrapper","viewName":"sap.fe.templates.ObjectPage.ObjectPage","viewId":"rfm.buybackui::xRFMxCU_BuybackObjectPage","searchOpenDialogs":true,"descendant":{"controlType":"sap.m.Text","viewName":"sap.fe.templates.ObjectPage.ObjectPage","viewId":"rfm.buybackui::xRFMxCU_BuybackObjectPage","bindingPath":{"path":"/xRFMxCH_TransactionName('872')","propertyPath":"TransactionId"},"searchOpenDialogs":true}},"wdio_ui5_key":"sapfe.templates.ObjectPage.ObjectPagesap.fe.macros.controls.FieldWrapper{\"controlType\":\"sap.m.Text\",\"viewName\":\"sap.fe.templates.ObjectPage.ObjectPage\",\"viewId\":\"rfm.buybackui::xRFMxCU_BuybackObjectPage\",\"bindingPath\":{\"path\":\"/xRFMxCH_TransactionName('872')\",\"propertyPath\":\"TransactionId\"},\"searchOpenDialogs\":true}"}]}
RESULT: undefined
COMMAND: POST /session/17f8a147d1f0e687b23e3ab093a7eb5a/element - {"using":"xpath","value":"//*[@id=\"__wrapper333-__clone3440-__clone3442\"]"}
RESULT: {"using":"xpath","value":"//*[@id=\"__wrapper333-__clone3440-__clone3442\"]"}
COMMAND: POST /session/17f8a147d1f0e687b23e3ab093a7eb5a/element/f.A20B243DB8CAE8823476B95BA6BC73CC.d.528B125B8C22184889DA46A3BFF16576.e.2952/click - {}
RESULT: {}
COMMAND: POST /session/17f8a147d1f0e687b23e3ab093a7eb5a/execute/async - {"script":"<script> [21 bytes]","args":[{"selector":{"id":"CreateDialog::xRFMxCU_BuybackType::CalculationDate-inner","searchOpenDialogs":true,"interaction":{"idSuffix":"inner"}},"wdio_ui5_key":"CreateDialogxRFMxCU_BuybackType::CalculationDate-inner"}]}
COMMAND: GET /session/17f8a147d1f0e687b23e3ab093a7eb5a/screenshot - {}
RESULT: {"script":"<script> [21 bytes]","args":[{"selector":{"id":"CreateDialog::xRFMxCU_BuybackType::CalculationDate-inner","searchOpenDialogs":true,"interaction":{"idSuffix":"inner"}},"wdio_ui5_key":"CreateDialogxRFMxCU_BuybackType::CalculationDate-inner"}]}
RESULT: undefined
COMMAND: POST /session/17f8a147d1f0e687b23e3ab093a7eb5a/execute/async - {"script":"<script> [20 bytes]","args":[{"enterText":"01/01/2025","selector":{"id":"CreateDialog::xRFMxCU_BuybackType::CalculationDate-inner","searchOpenDialogs":true,"interaction":{"idSuffix":"inner"}},"clearTextFirst":true,"interactionType":"ENTER_TEXT"}]}
RESULT: {}
RESULT: {"script":"<script> [20 bytes]","args":[{"enterText":"01/01/2025","selector":{"id":"CreateDialog::xRFMxCU_BuybackType::CalculationDate-inner","searchOpenDialogs":true,"interaction":{"idSuffix":"inner"}},"clearTextFirst":true,"interactionType":"ENTER_TEXT"}]}
COMMAND: POST /session/17f8a147d1f0e687b23e3ab093a7eb5a/execute/async - {"script":"<script> [21 bytes]","args":[{"selector":{"id":"CreateDialog::xRFMxCU_BuybackType::CalculdationDateIncluded-inner","searchOpenDialogs":true,"interaction":{"idSuffix":"inner"}},"wdio_ui5_key":"CreateDialogxRFMxCU_BuybackType::CalculdationDateIncluded-inner"}]}
RESULT: {"script":"<script> [21 bytes]","args":[{"selector":{"id":"CreateDialog::xRFMxCU_BuybackType::CalculdationDateIncluded-inner","searchOpenDialogs":true,"interaction":{"idSuffix":"inner"}},"wdio_ui5_key":"CreateDialogxRFMxCU_BuybackType::CalculdationDateIncluded-inner"}]}
RESULT: undefined
COMMAND: POST /session/17f8a147d1f0e687b23e3ab093a7eb5a/execute/async - {"script":"<script> [20 bytes]","args":[{"enterText":"Yes","selector":{"id":"CreateDialog::xRFMxCU_BuybackType::CalculdationDateIncluded-inner","searchOpenDialogs":true,"interaction":{"idSuffix":"inner"}},"clearTextFirst":true,"interactionType":"ENTER_TEXT"}]}
RESULT: {"script":"<script> [20 bytes]","args":[{"enterText":"Yes","selector":{"id":"CreateDialog::xRFMxCU_BuybackType::CalculdationDateIncluded-inner","searchOpenDialogs":true,"interaction":{"idSuffix":"inner"}},"clearTextFirst":true,"interactionType":"ENTER_TEXT"}]}
COMMAND: POST /session/17f8a147d1f0e687b23e3ab093a7eb5a/execute/async - {"script":"<script> [21 bytes]","args":[{"forceSelect":true,"selector":{"controlType":"sap.m.Button","properties":{"text":"Continue"},"searchOpenDialogs":true},"wdio_ui5_key":"sapm.Button{\"text\":\"Continue\"}"}]}
RESULT: {"script":"<script> [21 bytes]","args":[{"forceSelect":true,"selector":{"controlType":"sap.m.Button","properties":{"text":"Continue"},"searchOpenDialogs":true},"wdio_ui5_key":"sapm.Button{\"text\":\"Continue\"}"}]}
RESULT: undefined
COMMAND: POST /session/17f8a147d1f0e687b23e3ab093a7eb5a/element - {"using":"xpath","value":"//*[@id=\"__button390\"]"}
RESULT: {"using":"xpath","value":"//*[@id=\"__button390\"]"}
COMMAND: POST /session/17f8a147d1f0e687b23e3ab093a7eb5a/element/f.A20B243DB8CAE8823476B95BA6BC73CC.d.528B125B8C22184889DA46A3BFF16576.e.2956/click - {}
RESULT: {}
COMMAND: GET /session/17f8a147d1f0e687b23e3ab093a7eb5a/screenshot - {}
RESULT: {}
COMMAND: POST /session/17f8a147d1f0e687b23e3ab093a7eb5a/execute/async - {"script":"<script> [21 bytes]","args":[{"selector":{"id":"rfm.buybackui::xRFMxCU_BuybackObjectPage--fe::FormContainer::FieldGroup::buybackDetailsGP1::FormElement::DataField::DueDate::Field-edit","interaction":{"idSuffix":"inner"}},"wdio_ui5_key":"rfmbuybackui::xRFMxCU_BuybackObjectPage--fe::FormContainer::FieldGroup::buybackDetailsGP1::FormElement::DataField::DueDate::Field-edit"}]}
RESULT: {"script":"<script> [21 bytes]","args":[{"selector":{"id":"rfm.buybackui::xRFMxCU_BuybackObjectPage--fe::FormContainer::FieldGroup::buybackDetailsGP1::FormElement::DataField::DueDate::Field-edit","interaction":{"idSuffix":"inner"}},"wdio_ui5_key":"rfmbuybackui::xRFMxCU_BuybackObjectPage--fe::FormContainer::FieldGroup::buybackDetailsGP1::FormElement::DataField::DueDate::Field-edit"}]}
RESULT: undefined
COMMAND: POST /session/17f8a147d1f0e687b23e3ab093a7eb5a/execute/async - {"script":"<script> [20 bytes]","args":[{"enterText":"02/01/2025","selector":{"id":"rfm.buybackui::xRFMxCU_BuybackObjectPage--fe::FormContainer::FieldGroup::buybackDetailsGP1::FormElement::DataField::DueDate::Field-edit","interaction":{"idSuffix":"inner"}},"clearTextFirst":true,"interactionType":"ENTER_TEXT"}]}
RESULT: {"script":"<script> [20 bytes]","args":[{"enterText":"02/01/2025","selector":{"id":"rfm.buybackui::xRFMxCU_BuybackObjectPage--fe::FormContainer::FieldGroup::buybackDetailsGP1::FormElement::DataField::DueDate::Field-edit","interaction":{"idSuffix":"inner"}},"clearTextFirst":true,"interactionType":"ENTER_TEXT"}]}
COMMAND: POST /session/17f8a147d1f0e687b23e3ab093a7eb5a/execute/async - {"script":"<script> [21 bytes]","args":[{"selector":{"id":"rfm.buybackui::xRFMxCU_BuybackObjectPage--fe::FormContainer::FieldGroup::buybackDetailsGP1::FormElement::DataField::PaymentDate::Field-edit","interaction":{"idSuffix":"inner"}},"wdio_ui5_key":"rfmbuybackui::xRFMxCU_BuybackObjectPage--fe::FormContainer::FieldGroup::buybackDetailsGP1::FormElement::DataField::PaymentDate::Field-edit"}]}
RESULT: {"script":"<script> [21 bytes]","args":[{"selector":{"id":"rfm.buybackui::xRFMxCU_BuybackObjectPage--fe::FormContainer::FieldGroup::buybackDetailsGP1::FormElement::DataField::PaymentDate::Field-edit","interaction":{"idSuffix":"inner"}},"wdio_ui5_key":"rfmbuybackui::xRFMxCU_BuybackObjectPage--fe::FormContainer::FieldGroup::buybackDetailsGP1::FormElement::DataField::PaymentDate::Field-edit"}]}
RESULT: undefined
COMMAND: POST /session/17f8a147d1f0e687b23e3ab093a7eb5a/execute/async - {"script":"<script> [20 bytes]","args":[{"enterText":"02/01/2025","selector":{"id":"rfm.buybackui::xRFMxCU_BuybackObjectPage--fe::FormContainer::FieldGroup::buybackDetailsGP1::FormElement::DataField::PaymentDate::Field-edit","interaction":{"idSuffix":"inner"}},"clearTextFirst":true,"interactionType":"ENTER_TEXT"}]}
RESULT: {"script":"<script> [20 bytes]","args":[{"enterText":"02/01/2025","selector":{"id":"rfm.buybackui::xRFMxCU_BuybackObjectPage--fe::FormContainer::FieldGroup::buybackDetailsGP1::FormElement::DataField::PaymentDate::Field-edit","interaction":{"idSuffix":"inner"}},"clearTextFirst":true,"interactionType":"ENTER_TEXT"}]}
COMMAND: POST /session/17f8a147d1f0e687b23e3ab093a7eb5a/execute/async - {"script":"<script> [21 bytes]","args":[{"selector":{"id":"rfm.buybackui::xRFMxCU_BuybackObjectPage--fe::FormContainer::FieldGroup::buybackDetailsGP1::FormElement::DataField::PostDate::Field-edit","interaction":{"idSuffix":"inner"}},"wdio_ui5_key":"rfmbuybackui::xRFMxCU_BuybackObjectPage--fe::FormContainer::FieldGroup::buybackDetailsGP1::FormElement::DataField::PostDate::Field-edit"}]}
RESULT: {"script":"<script> [21 bytes]","args":[{"selector":{"id":"rfm.buybackui::xRFMxCU_BuybackObjectPage--fe::FormContainer::FieldGroup::buybackDetailsGP1::FormElement::DataField::PostDate::Field-edit","interaction":{"idSuffix":"inner"}},"wdio_ui5_key":"rfmbuybackui::xRFMxCU_BuybackObjectPage--fe::FormContainer::FieldGroup::buybackDetailsGP1::FormElement::DataField::PostDate::Field-edit"}]}
RESULT: undefined
COMMAND: POST /session/17f8a147d1f0e687b23e3ab093a7eb5a/execute/async - {"script":"<script> [20 bytes]","args":[{"enterText":"02/01/2025","selector":{"id":"rfm.buybackui::xRFMxCU_BuybackObjectPage--fe::FormContainer::FieldGroup::buybackDetailsGP1::FormElement::DataField::PostDate::Field-edit","interaction":{"idSuffix":"inner"}},"clearTextFirst":true,"interactionType":"ENTER_TEXT"}]}
RESULT: {"script":"<script> [20 bytes]","args":[{"enterText":"02/01/2025","selector":{"id":"rfm.buybackui::xRFMxCU_BuybackObjectPage--fe::FormContainer::FieldGroup::buybackDetailsGP1::FormElement::DataField::PostDate::Field-edit","interaction":{"idSuffix":"inner"}},"clearTextFirst":true,"interactionType":"ENTER_TEXT"}]}
COMMAND: POST /session/17f8a147d1f0e687b23e3ab093a7eb5a/execute/async - {"script":"<script> [21 bytes]","args":[{"selector":{"id":"rfm.buybackui::xRFMxCU_BuybackObjectPage--fe::FormContainer::FieldGroup::buybackDetailsGP1::FormElement::DataField::Purpose::Field-edit","interaction":{"idSuffix":"inner"}},"wdio_ui5_key":"rfmbuybackui::xRFMxCU_BuybackObjectPage--fe::FormContainer::FieldGroup::buybackDetailsGP1::FormElement::DataField::Purpose::Field-edit"}]}
RESULT: {"script":"<script> [21 bytes]","args":[{"selector":{"id":"rfm.buybackui::xRFMxCU_BuybackObjectPage--fe::FormContainer::FieldGroup::buybackDetailsGP1::FormElement::DataField::Purpose::Field-edit","interaction":{"idSuffix":"inner"}},"wdio_ui5_key":"rfmbuybackui::xRFMxCU_BuybackObjectPage--fe::FormContainer::FieldGroup::buybackDetailsGP1::FormElement::DataField::Purpose::Field-edit"}]}
RESULT: undefined
COMMAND: POST /session/17f8a147d1f0e687b23e3ab093a7eb5a/execute/async - {"script":"<script> [20 bytes]","args":[{"enterText":"WDIO_Buyback_2025-08-06_22-53-00","selector":{"id":"rfm.buybackui::xRFMxCU_BuybackObjectPage--fe::FormContainer::FieldGroup::buybackDetailsGP1::FormElement::DataField::Purpose::Field-edit","interaction":{"idSuffix":"inner"}},"clearTextFirst":true,"interactionType":"ENTER_TEXT"}]}
RESULT: {"script":"<script> [20 bytes]","args":[{"enterText":"WDIO_Buyback_2025-08-06_22-53-00","selector":{"id":"rfm.buybackui::xRFMxCU_BuybackObjectPage--fe::FormContainer::FieldGroup::buybackDetailsGP1::FormElement::DataField::Purpose::Field-edit","interaction":{"idSuffix":"inner"}},"clearTextFirst":true,"interactionType":"ENTER_TEXT"}]}
COMMAND: POST /session/17f8a147d1f0e687b23e3ab093a7eb5a/execute/async - {"script":"<script> [21 bytes]","args":[{"selector":{"id":"rfm.buybackui::xRFMxCU_BuybackObjectPage--fe::FormContainer::FieldGroup::buybackDetailsGP1::FormElement::DataField::InterestCalculationMethod::Field-edit-inner-vhi"},"wdio_ui5_key":"rfmbuybackui::xRFMxCU_BuybackObjectPage--fe::FormContainer::FieldGroup::buybackDetailsGP1::FormElement::DataField::InterestCalculationMethod::Field-edit-inner-vhi"}]}
RESULT: {"script":"<script> [21 bytes]","args":[{"selector":{"id":"rfm.buybackui::xRFMxCU_BuybackObjectPage--fe::FormContainer::FieldGroup::buybackDetailsGP1::FormElement::DataField::InterestCalculationMethod::Field-edit-inner-vhi"},"wdio_ui5_key":"rfmbuybackui::xRFMxCU_BuybackObjectPage--fe::FormContainer::FieldGroup::buybackDetailsGP1::FormElement::DataField::InterestCalculationMethod::Field-edit-inner-vhi"}]}
RESULT: undefined
COMMAND: POST /session/17f8a147d1f0e687b23e3ab093a7eb5a/element - {"using":"xpath","value":"//*[@id=\"rfm.buybackui::xRFMxCU_BuybackObjectPage--fe::FormContainer::FieldGroup::buybackDetailsGP1::FormElement::DataField::InterestCalculationMethod::Field-edit-inner-vhi\"]"}
RESULT: {"using":"xpath","value":"//*[@id=\"rfm.buybackui::xRFMxCU_BuybackObjectPage--fe::FormContainer::FieldGroup::buybackDetailsGP1::FormElement::DataField::InterestCalculationMethod::Field-edit-inner-vhi\"]"}
COMMAND: POST /session/17f8a147d1f0e687b23e3ab093a7eb5a/element/f.A20B243DB8CAE8823476B95BA6BC73CC.d.528B125B8C22184889DA46A3BFF16576.e.2980/click - {}
RESULT: {}
COMMAND: POST /session/17f8a147d1f0e687b23e3ab093a7eb5a/execute/async - {"script":"<script> [21 bytes]","args":[{"selector":{"id":"rfm.buybackui::xRFMxCU_BuybackObjectPage--fe::FormContainer::FieldGroup::buybackDetailsGP1::FormElement::DataField::InterestCalculationType::Field-edit-inner-vhi"},"wdio_ui5_key":"rfmbuybackui::xRFMxCU_BuybackObjectPage--fe::FormContainer::FieldGroup::buybackDetailsGP1::FormElement::DataField::InterestCalculationType::Field-edit-inner-vhi"}]}
COMMAND: GET /session/17f8a147d1f0e687b23e3ab093a7eb5a/screenshot - {}
RESULT: {"script":"<script> [21 bytes]","args":[{"selector":{"id":"rfm.buybackui::xRFMxCU_BuybackObjectPage--fe::FormContainer::FieldGroup::buybackDetailsGP1::FormElement::DataField::InterestCalculationType::Field-edit-inner-vhi"},"wdio_ui5_key":"rfmbuybackui::xRFMxCU_BuybackObjectPage--fe::FormContainer::FieldGroup::buybackDetailsGP1::FormElement::DataField::InterestCalculationType::Field-edit-inner-vhi"}]}
RESULT: undefined
COMMAND: POST /session/17f8a147d1f0e687b23e3ab093a7eb5a/element - {"using":"xpath","value":"//*[@id=\"rfm.buybackui::xRFMxCU_BuybackObjectPage--fe::FormContainer::FieldGroup::buybackDetailsGP1::FormElement::DataField::InterestCalculationType::Field-edit-inner-vhi\"]"}
RESULT: {}
RESULT: {"using":"xpath","value":"//*[@id=\"rfm.buybackui::xRFMxCU_BuybackObjectPage--fe::FormContainer::FieldGroup::buybackDetailsGP1::FormElement::DataField::InterestCalculationType::Field-edit-inner-vhi\"]"}
COMMAND: POST /session/17f8a147d1f0e687b23e3ab093a7eb5a/element/f.A20B243DB8CAE8823476B95BA6BC73CC.d.528B125B8C22184889DA46A3BFF16576.e.2981/click - {}
RESULT: {}
COMMAND: POST /session/17f8a147d1f0e687b23e3ab093a7eb5a/execute/async - {"script":"<script> [21 bytes]","args":[{"selector":{"id":"rfm.buybackui::xRFMxCU_BuybackObjectPage--fe::FooterBar::StandardAction::Save","interaction":{"idSuffix":"BDI-content"}},"wdio_ui5_key":"rfmbuybackui::xRFMxCU_BuybackObjectPage--fe::FooterBar::StandardAction::Save"}]}
COMMAND: GET /session/17f8a147d1f0e687b23e3ab093a7eb5a/screenshot - {}
RESULT: {"script":"<script> [21 bytes]","args":[{"selector":{"id":"rfm.buybackui::xRFMxCU_BuybackObjectPage--fe::FooterBar::StandardAction::Save","interaction":{"idSuffix":"BDI-content"}},"wdio_ui5_key":"rfmbuybackui::xRFMxCU_BuybackObjectPage--fe::FooterBar::StandardAction::Save"}]}
RESULT: undefined
COMMAND: POST /session/17f8a147d1f0e687b23e3ab093a7eb5a/element - {"using":"xpath","value":"//*[@id=\"rfm.buybackui::xRFMxCU_BuybackObjectPage--fe::FooterBar::StandardAction::Save\"]"}
RESULT: {}
RESULT: {"using":"xpath","value":"//*[@id=\"rfm.buybackui::xRFMxCU_BuybackObjectPage--fe::FooterBar::StandardAction::Save\"]"}
COMMAND: POST /session/17f8a147d1f0e687b23e3ab093a7eb5a/element/f.A20B243DB8CAE8823476B95BA6BC73CC.d.528B125B8C22184889DA46A3BFF16576.e.2983/click - {}
RESULT: {}
COMMAND: POST /session/17f8a147d1f0e687b23e3ab093a7eb5a/execute/async - {"script":"<script> [21 bytes]","args":[{"selector":{"id":"rfm.buybackui::xRFMxCU_BuybackObjectPage--fe::FooterBar::MessageButton-img"},"wdio_ui5_key":"rfmbuybackui::xRFMxCU_BuybackObjectPage--fe::FooterBar::MessageButton-img"}]}
COMMAND: GET /session/17f8a147d1f0e687b23e3ab093a7eb5a/screenshot - {}
RESULT: {"script":"<script> [21 bytes]","args":[{"selector":{"id":"rfm.buybackui::xRFMxCU_BuybackObjectPage--fe::FooterBar::MessageButton-img"},"wdio_ui5_key":"rfmbuybackui::xRFMxCU_BuybackObjectPage--fe::FooterBar::MessageButton-img"}]}
RESULT: undefined
COMMAND: GET /session/17f8a147d1f0e687b23e3ab093a7eb5a/url - {}
RESULT: {}
RESULT: {}
COMMAND: GET /session/17f8a147d1f0e687b23e3ab093a7eb5a/screenshot - {}
]]></system-out>
    </testcase>
    <testcase classname="chrome.138_0_7204_169.windows.Buyback" name="Should check if the right transaction is present and navigate to it" time="36.139">
      <system-out><![CDATA[
COMMAND: GET /session/17f8a147d1f0e687b23e3ab093a7eb5a/screenshot - {}
COMMAND: POST /session/17f8a147d1f0e687b23e3ab093a7eb5a/execute/async - {"script":"<script> [21 bytes]","args":[{"selector":{"id":"rfm.buybackui::xRFMxCU_BuybackObjectPage--fe::ObjectPage-anchBar-rfm.buybackui::xRFMxCU_BuybackObjectPage--fe::FacetSection::TransactionDetails-anchor"},"wdio_ui5_key":"rfmbuybackui::xRFMxCU_BuybackObjectPage--fe::ObjectPage-anchBar-rfm.buybackui::xRFMxCU_BuybackObjectPage--fe::FacetSection::TransactionDetails-anchor"}]}
RESULT: {}
RESULT: {"script":"<script> [21 bytes]","args":[{"selector":{"id":"rfm.buybackui::xRFMxCU_BuybackObjectPage--fe::ObjectPage-anchBar-rfm.buybackui::xRFMxCU_BuybackObjectPage--fe::FacetSection::TransactionDetails-anchor"},"wdio_ui5_key":"rfmbuybackui::xRFMxCU_BuybackObjectPage--fe::ObjectPage-anchBar-rfm.buybackui::xRFMxCU_BuybackObjectPage--fe::FacetSection::TransactionDetails-anchor"}]}
RESULT: undefined
COMMAND: POST /session/17f8a147d1f0e687b23e3ab093a7eb5a/element - {"using":"xpath","value":"//*[@id=\"rfm.buybackui::xRFMxCU_BuybackObjectPage--fe::ObjectPage-anchBar-rfm.buybackui::xRFMxCU_BuybackObjectPage--fe::FacetSection::TransactionDetails-anchor\"]"}
RESULT: {}
RESULT: {"using":"xpath","value":"//*[@id=\"rfm.buybackui::xRFMxCU_BuybackObjectPage--fe::ObjectPage-anchBar-rfm.buybackui::xRFMxCU_BuybackObjectPage--fe::FacetSection::TransactionDetails-anchor\"]"}
COMMAND: POST /session/17f8a147d1f0e687b23e3ab093a7eb5a/element/f.A20B243DB8CAE8823476B95BA6BC73CC.d.528B125B8C22184889DA46A3BFF16576.e.3007/click - {}
RESULT: {}
COMMAND: POST /session/17f8a147d1f0e687b23e3ab093a7eb5a/execute/async - {"script":"<script> [21 bytes]","args":[{"selector":{"id":"rfm.buybackui::xRFMxCU_BuybackObjectPage--fe::FormContainer::FieldGroup::transactionDetailsGP1::FormElement::DataFieldWithIntentBasedNavigation::TransactionId::FundingTransaction::Manage::Field-display"},"wdio_ui5_key":"rfmbuybackui::xRFMxCU_BuybackObjectPage--fe::FormContainer::FieldGroup::transactionDetailsGP1::FormElement::DataFieldWithIntentBasedNavigation::TransactionId::FundingTransaction::Manage::Field-display"}]}
COMMAND: GET /session/17f8a147d1f0e687b23e3ab093a7eb5a/screenshot - {}
RESULT: {"script":"<script> [21 bytes]","args":[{"selector":{"id":"rfm.buybackui::xRFMxCU_BuybackObjectPage--fe::FormContainer::FieldGroup::transactionDetailsGP1::FormElement::DataFieldWithIntentBasedNavigation::TransactionId::FundingTransaction::Manage::Field-display"},"wdio_ui5_key":"rfmbuybackui::xRFMxCU_BuybackObjectPage--fe::FormContainer::FieldGroup::transactionDetailsGP1::FormElement::DataFieldWithIntentBasedNavigation::TransactionId::FundingTransaction::Manage::Field-display"}]}
RESULT: undefined
COMMAND: POST /session/17f8a147d1f0e687b23e3ab093a7eb5a/execute/async - {"script":"<script> [21 bytes]","args":[{"element-6066-11e4-a52e-4f735466cecf":"f.A20B243DB8CAE8823476B95BA6BC73CC.d.528B125B8C22184889DA46A3BFF16576.e.3010"},"getText",[]]}
RESULT: {}
RESULT: {"script":"<script> [21 bytes]","args":[{"element-6066-11e4-a52e-4f735466cecf":"f.A20B243DB8CAE8823476B95BA6BC73CC.d.528B125B8C22184889DA46A3BFF16576.e.3010"},"getText",[]]}
RESULT: undefined
COMMAND: POST /session/17f8a147d1f0e687b23e3ab093a7eb5a/element - {"using":"xpath","value":"//*[@id=\"rfm.buybackui::xRFMxCU_BuybackObjectPage--fe::FormContainer::FieldGroup::transactionDetailsGP1::FormElement::DataFieldWithIntentBasedNavigation::TransactionId::FundingTransaction::Manage::Field-display\"]"}
RESULT: {"using":"xpath","value":"//*[@id=\"rfm.buybackui::xRFMxCU_BuybackObjectPage--fe::FormContainer::FieldGroup::transactionDetailsGP1::FormElement::DataFieldWithIntentBasedNavigation::TransactionId::FundingTransaction::Manage::Field-display\"]"}
COMMAND: POST /session/17f8a147d1f0e687b23e3ab093a7eb5a/element/f.A20B243DB8CAE8823476B95BA6BC73CC.d.528B125B8C22184889DA46A3BFF16576.e.3010/click - {}
RESULT: {}
COMMAND: GET /session/17f8a147d1f0e687b23e3ab093a7eb5a/screenshot - {}
RESULT: {}
COMMAND: POST /session/17f8a147d1f0e687b23e3ab093a7eb5a/execute/async - {"script":"<script> [21 bytes]","args":[{"selector":{"id":"rfm.transactionui::xRFMxCU_TransactionObjectPage--fe::HeaderFacet::Form::headerFieldsGP1::DataField::TransactionId::Field-content"},"wdio_ui5_key":"rfmtransactionui::xRFMxCU_TransactionObjectPage--fe::HeaderFacet::Form::headerFieldsGP1::DataField::TransactionId::Field-content"}]}
RESULT: {"script":"<script> [21 bytes]","args":[{"selector":{"id":"rfm.transactionui::xRFMxCU_TransactionObjectPage--fe::HeaderFacet::Form::headerFieldsGP1::DataField::TransactionId::Field-content"},"wdio_ui5_key":"rfmtransactionui::xRFMxCU_TransactionObjectPage--fe::HeaderFacet::Form::headerFieldsGP1::DataField::TransactionId::Field-content"}]}
RESULT: undefined
COMMAND: POST /session/17f8a147d1f0e687b23e3ab093a7eb5a/execute/async - {"script":"<script> [21 bytes]","args":[{"element-6066-11e4-a52e-4f735466cecf":"f.A20B243DB8CAE8823476B95BA6BC73CC.d.528B125B8C22184889DA46A3BFF16576.e.3123"},"getText",[]]}
RESULT: {"script":"<script> [21 bytes]","args":[{"element-6066-11e4-a52e-4f735466cecf":"f.A20B243DB8CAE8823476B95BA6BC73CC.d.528B125B8C22184889DA46A3BFF16576.e.3123"},"getText",[]]}
RESULT: undefined
COMMAND: POST /session/17f8a147d1f0e687b23e3ab093a7eb5a/element - {"using":"xpath","value":"//*[@id=\"backBtn\"]"}
RESULT: {"using":"xpath","value":"//*[@id=\"backBtn\"]"}
COMMAND: POST /session/17f8a147d1f0e687b23e3ab093a7eb5a/element/f.A20B243DB8CAE8823476B95BA6BC73CC.d.528B125B8C22184889DA46A3BFF16576.e.3216/click - {}
RESULT: {}
COMMAND: GET /session/17f8a147d1f0e687b23e3ab093a7eb5a/screenshot - {}
RESULT: {}
COMMAND: GET /session/17f8a147d1f0e687b23e3ab093a7eb5a/screenshot - {}
]]></system-out>
    </testcase>
    <testcase classname="chrome.138_0_7204_169.windows.Buyback" name="Should check navigation from one asset from Available Assets section" time="28.598">
      <system-out><![CDATA[
COMMAND: POST /session/17f8a147d1f0e687b23e3ab093a7eb5a/execute/async - {"script":"<script> [21 bytes]","args":[{"selector":{"id":"rfm.buybackui::xRFMxCU_BuybackObjectPage--fe::ObjectPage-anchBar-rfm.buybackui::xRFMxCU_BuybackObjectPage--fe::FacetSection::BuybackAvailableAssets-anchor"},"wdio_ui5_key":"rfmbuybackui::xRFMxCU_BuybackObjectPage--fe::ObjectPage-anchBar-rfm.buybackui::xRFMxCU_BuybackObjectPage--fe::FacetSection::BuybackAvailableAssets-anchor"}]}
RESULT: {"script":"<script> [21 bytes]","args":[{"selector":{"id":"rfm.buybackui::xRFMxCU_BuybackObjectPage--fe::ObjectPage-anchBar-rfm.buybackui::xRFMxCU_BuybackObjectPage--fe::FacetSection::BuybackAvailableAssets-anchor"},"wdio_ui5_key":"rfmbuybackui::xRFMxCU_BuybackObjectPage--fe::ObjectPage-anchBar-rfm.buybackui::xRFMxCU_BuybackObjectPage--fe::FacetSection::BuybackAvailableAssets-anchor"}]}
RESULT: undefined
COMMAND: POST /session/17f8a147d1f0e687b23e3ab093a7eb5a/element - {"using":"xpath","value":"//*[@id=\"rfm.buybackui::xRFMxCU_BuybackObjectPage--fe::ObjectPage-anchBar-rfm.buybackui::xRFMxCU_BuybackObjectPage--fe::FacetSection::BuybackAvailableAssets-anchor\"]"}
RESULT: {}
RESULT: {"using":"xpath","value":"//*[@id=\"rfm.buybackui::xRFMxCU_BuybackObjectPage--fe::ObjectPage-anchBar-rfm.buybackui::xRFMxCU_BuybackObjectPage--fe::FacetSection::BuybackAvailableAssets-anchor\"]"}
COMMAND: POST /session/17f8a147d1f0e687b23e3ab093a7eb5a/element/f.A20B243DB8CAE8823476B95BA6BC73CC.d.528B125B8C22184889DA46A3BFF16576.e.3331/click - {}
RESULT: {}
COMMAND: GET /session/17f8a147d1f0e687b23e3ab093a7eb5a/screenshot - {}
RESULT: {}
COMMAND: POST /session/17f8a147d1f0e687b23e3ab093a7eb5a/execute/async - {"script":"<script> [21 bytes]","args":[{"selector":{"controlType":"sap.m.Link","viewName":"sap.fe.templates.ObjectPage.ObjectPage","viewId":"rfm.buybackui::xRFMxCU_BuybackObjectPage","bindingPath":{"path":"/xRFMxCU_Buyback(BuybackId=4e4439c8-6b75-1fd0-9ce3-5253d576fbf0,IsActiveEntity=true)/_BuybackAvailableAsset(BuybackId=4e4439c8-6b75-1fd0-9ce3-5253d576fbf0,AssetId=bea012ec-9d16-1fe0-9ce3-299f29beca46)","propertyPath":"AssetIdExtern"}},"wdio_ui5_key":"sapfe.templates.ObjectPage.ObjectPagesap.m.Link{\"path\":\"/xRFMxCU_Buyback(BuybackId=4e4439c8-6b75-1fd0-9ce3-5253d576fbf0,IsActiveEntity=true)/_BuybackAvailableAsset(BuybackId=4e4439c8-6b75-1fd0-9ce3-5253d576fbf0,AssetId=bea012ec-9d16-1fe0-9ce3-299f29beca46)\",\"propertyPath\":\"AssetIdExtern\"}"}]}
RESULT: {"script":"<script> [21 bytes]","args":[{"selector":{"controlType":"sap.m.Link","viewName":"sap.fe.templates.ObjectPage.ObjectPage","viewId":"rfm.buybackui::xRFMxCU_BuybackObjectPage","bindingPath":{"path":"/xRFMxCU_Buyback(BuybackId=4e4439c8-6b75-1fd0-9ce3-5253d576fbf0,IsActiveEntity=true)/_BuybackAvailableAsset(BuybackId=4e4439c8-6b75-1fd0-9ce3-5253d576fbf0,AssetId=bea012ec-9d16-1fe0-9ce3-299f29beca46)","propertyPath":"AssetIdExtern"}},"wdio_ui5_key":"sapfe.templates.ObjectPage.ObjectPagesap.m.Link{\"path\":\"/xRFMxCU_Buyback(BuybackId=4e4439c8-6b75-1fd0-9ce3-5253d576fbf0,IsActiveEntity=true)/_BuybackAvailableAsset(BuybackId=4e4439c8-6b75-1fd0-9ce3-5253d576fbf0,AssetId=bea012ec-9d16-1fe0-9ce3-299f29beca46)\",\"propertyPath\":\"AssetIdExtern\"}"}]}
RESULT: undefined
COMMAND: POST /session/17f8a147d1f0e687b23e3ab093a7eb5a/execute/async - {"script":"<script> [21 bytes]","args":[{"element-6066-11e4-a52e-4f735466cecf":"f.A20B243DB8CAE8823476B95BA6BC73CC.d.528B125B8C22184889DA46A3BFF16576.e.3333"},"getText",[]]}
RESULT: {"script":"<script> [21 bytes]","args":[{"element-6066-11e4-a52e-4f735466cecf":"f.A20B243DB8CAE8823476B95BA6BC73CC.d.528B125B8C22184889DA46A3BFF16576.e.3333"},"getText",[]]}
COMMAND: POST /session/17f8a147d1f0e687b23e3ab093a7eb5a/element - {"using":"xpath","value":"//*[@id=\"__link61-__clone4072-__clone4438\"]"}
RESULT: {"using":"xpath","value":"//*[@id=\"__link61-__clone4072-__clone4438\"]"}
COMMAND: POST /session/17f8a147d1f0e687b23e3ab093a7eb5a/element/f.A20B243DB8CAE8823476B95BA6BC73CC.d.528B125B8C22184889DA46A3BFF16576.e.3333/click - {}
RESULT: {}
COMMAND: GET /session/17f8a147d1f0e687b23e3ab093a7eb5a/screenshot - {}
COMMAND: POST /session/17f8a147d1f0e687b23e3ab093a7eb5a/execute/async - {"script":"<script> [21 bytes]","args":[{"selector":{"controlType":"sap.m.Title","viewName":"sap.fe.templates.ObjectPage.ObjectPage","viewId":"rfm.assetui::xRFMxCU_AssetObjectPage","bindingPath":{"path":"/xRFMxCU_Asset(AssetId=bea012ec-9d16-1fe0-9ce3-299f29beca46,IsActiveEntity=true)","propertyPath":"AssetIdExtern"}},"wdio_ui5_key":"sapfe.templates.ObjectPage.ObjectPagesap.m.Title{\"path\":\"/xRFMxCU_Asset(AssetId=bea012ec-9d16-1fe0-9ce3-299f29beca46,IsActiveEntity=true)\",\"propertyPath\":\"AssetIdExtern\"}"}]}
RESULT: {}
RESULT: {"script":"<script> [21 bytes]","args":[{"selector":{"controlType":"sap.m.Title","viewName":"sap.fe.templates.ObjectPage.ObjectPage","viewId":"rfm.assetui::xRFMxCU_AssetObjectPage","bindingPath":{"path":"/xRFMxCU_Asset(AssetId=bea012ec-9d16-1fe0-9ce3-299f29beca46,IsActiveEntity=true)","propertyPath":"AssetIdExtern"}},"wdio_ui5_key":"sapfe.templates.ObjectPage.ObjectPagesap.m.Title{\"path\":\"/xRFMxCU_Asset(AssetId=bea012ec-9d16-1fe0-9ce3-299f29beca46,IsActiveEntity=true)\",\"propertyPath\":\"AssetIdExtern\"}"}]}
RESULT: undefined
COMMAND: POST /session/17f8a147d1f0e687b23e3ab093a7eb5a/execute/async - {"script":"<script> [21 bytes]","args":[{"element-6066-11e4-a52e-4f735466cecf":"f.A20B243DB8CAE8823476B95BA6BC73CC.d.528B125B8C22184889DA46A3BFF16576.e.3500"},"getText",[]]}
RESULT: {"script":"<script> [21 bytes]","args":[{"element-6066-11e4-a52e-4f735466cecf":"f.A20B243DB8CAE8823476B95BA6BC73CC.d.528B125B8C22184889DA46A3BFF16576.e.3500"},"getText",[]]}
RESULT: undefined
COMMAND: POST /session/17f8a147d1f0e687b23e3ab093a7eb5a/element - {"using":"xpath","value":"//*[@id=\"backBtn\"]"}
RESULT: {"using":"xpath","value":"//*[@id=\"backBtn\"]"}
COMMAND: POST /session/17f8a147d1f0e687b23e3ab093a7eb5a/element/f.A20B243DB8CAE8823476B95BA6BC73CC.d.528B125B8C22184889DA46A3BFF16576.e.3216/click - {}
RESULT: {}
COMMAND: GET /session/17f8a147d1f0e687b23e3ab093a7eb5a/screenshot - {}
]]></system-out>
    </testcase>
    <testcase classname="chrome.138_0_7204_169.windows.Buyback" name="Should check addition of Available assets to the buyback assets" time="31.823">
      <system-out><![CDATA[
RESULT: undefined
COMMAND: POST /session/17f8a147d1f0e687b23e3ab093a7eb5a/element - {"using":"xpath","value":"//*[@id=\"rfm.buybackui::xRFMxCU_BuybackObjectPage--fe::ObjectPage-anchBar-rfm.buybackui::xRFMxCU_BuybackObjectPage--fe::FacetSection::BuybackAvailableAssets-anchor\"]"}
COMMAND: GET /session/17f8a147d1f0e687b23e3ab093a7eb5a/screenshot - {}
RESULT: {}
RESULT: {"using":"xpath","value":"//*[@id=\"rfm.buybackui::xRFMxCU_BuybackObjectPage--fe::ObjectPage-anchBar-rfm.buybackui::xRFMxCU_BuybackObjectPage--fe::FacetSection::BuybackAvailableAssets-anchor\"]"}
COMMAND: POST /session/17f8a147d1f0e687b23e3ab093a7eb5a/element/f.A20B243DB8CAE8823476B95BA6BC73CC.d.528B125B8C22184889DA46A3BFF16576.e.3615/click - {}
RESULT: {}
RESULT: {}
COMMAND: GET /session/17f8a147d1f0e687b23e3ab093a7eb5a/screenshot - {}
RESULT: {}
COMMAND: POST /session/17f8a147d1f0e687b23e3ab093a7eb5a/execute/async - {"script":"<script> [21 bytes]","args":[{"selector":{"id":"rfm.buybackui::xRFMxCU_BuybackObjectPage--fe::table::_BuybackAvailableAsset::LineItem-settings-img"},"wdio_ui5_key":"rfmbuybackui::xRFMxCU_BuybackObjectPage--fe::table::_BuybackAvailableAsset::LineItem-settings-img"}]}
RESULT: {"script":"<script> [21 bytes]","args":[{"selector":{"id":"rfm.buybackui::xRFMxCU_BuybackObjectPage--fe::table::_BuybackAvailableAsset::LineItem-settings-img"},"wdio_ui5_key":"rfmbuybackui::xRFMxCU_BuybackObjectPage--fe::table::_BuybackAvailableAsset::LineItem-settings-img"}]}
RESULT: undefined
COMMAND: POST /session/17f8a147d1f0e687b23e3ab093a7eb5a/element - {"using":"xpath","value":"//*[@id=\"rfm.buybackui::xRFMxCU_BuybackObjectPage--fe::table::_BuybackAvailableAsset::LineItem-settings-img\"]"}
RESULT: {"using":"xpath","value":"//*[@id=\"rfm.buybackui::xRFMxCU_BuybackObjectPage--fe::table::_BuybackAvailableAsset::LineItem-settings-img\"]"}
COMMAND: POST /session/17f8a147d1f0e687b23e3ab093a7eb5a/element/f.A20B243DB8CAE8823476B95BA6BC73CC.d.528B125B8C22184889DA46A3BFF16576.e.3619/click - {}
RESULT: {}
COMMAND: POST /session/17f8a147d1f0e687b23e3ab093a7eb5a/execute/async - {"script":"<script> [21 bytes]","args":[{"forceSelect":true,"selector":{"controlType":"sap.m.IconTabFilter","viewName":"sap.fe.templates.ObjectPage.ObjectPage","viewId":"rfm.buybackui::xRFMxCU_BuybackObjectPage","properties":{"text":"Filter"},"searchOpenDialogs":true,"interaction":{"idSuffix":"text"}},"wdio_ui5_key":"sapfe.templates.ObjectPage.ObjectPagesap.m.IconTabFilter{\"text\":\"Filter\"}"}]}
COMMAND: GET /session/17f8a147d1f0e687b23e3ab093a7eb5a/screenshot - {}
RESULT: {"script":"<script> [21 bytes]","args":[{"forceSelect":true,"selector":{"controlType":"sap.m.IconTabFilter","viewName":"sap.fe.templates.ObjectPage.ObjectPage","viewId":"rfm.buybackui::xRFMxCU_BuybackObjectPage","properties":{"text":"Filter"},"searchOpenDialogs":true,"interaction":{"idSuffix":"text"}},"wdio_ui5_key":"sapfe.templates.ObjectPage.ObjectPagesap.m.IconTabFilter{\"text\":\"Filter\"}"}]}
RESULT: undefined
COMMAND: POST /session/17f8a147d1f0e687b23e3ab093a7eb5a/element - {"using":"xpath","value":"//*[@id=\"__filter50\"]"}
RESULT: {}
RESULT: {"using":"xpath","value":"//*[@id=\"__filter50\"]"}
COMMAND: POST /session/17f8a147d1f0e687b23e3ab093a7eb5a/element/f.A20B243DB8CAE8823476B95BA6BC73CC.d.528B125B8C22184889DA46A3BFF16576.e.3635/click - {}
RESULT: {}
COMMAND: POST /session/17f8a147d1f0e687b23e3ab093a7eb5a/execute/async - {"script":"<script> [21 bytes]","args":[{"selector":{"controlType":"sap.m.ComboBox","viewName":"sap.fe.templates.ObjectPage.ObjectPage","viewId":"rfm.buybackui::xRFMxCU_BuybackObjectPage","properties":{"valueState":"None"},"searchOpenDialogs":true,"interaction":{"idSuffix":"inner"}},"wdio_ui5_key":"sapfe.templates.ObjectPage.ObjectPagesap.m.ComboBox{\"valueState\":\"None\"}"}]}
COMMAND: GET /session/17f8a147d1f0e687b23e3ab093a7eb5a/screenshot - {}
RESULT: {"script":"<script> [21 bytes]","args":[{"selector":{"controlType":"sap.m.ComboBox","viewName":"sap.fe.templates.ObjectPage.ObjectPage","viewId":"rfm.buybackui::xRFMxCU_BuybackObjectPage","properties":{"valueState":"None"},"searchOpenDialogs":true,"interaction":{"idSuffix":"inner"}},"wdio_ui5_key":"sapfe.templates.ObjectPage.ObjectPagesap.m.ComboBox{\"valueState\":\"None\"}"}]}
RESULT: undefined
COMMAND: POST /session/17f8a147d1f0e687b23e3ab093a7eb5a/execute/async - {"script":"<script> [20 bytes]","args":[{"enterText":"Ext. Asset ID","selector":{"controlType":"sap.m.ComboBox","viewName":"sap.fe.templates.ObjectPage.ObjectPage","viewId":"rfm.buybackui::xRFMxCU_BuybackObjectPage","properties":{"valueState":"None"},"searchOpenDialogs":true,"interaction":{"idSuffix":"inner"}},"clearTextFirst":true,"interactionType":"ENTER_TEXT"}]}
RESULT: {}
RESULT: {"script":"<script> [20 bytes]","args":[{"enterText":"Ext. Asset ID","selector":{"controlType":"sap.m.ComboBox","viewName":"sap.fe.templates.ObjectPage.ObjectPage","viewId":"rfm.buybackui::xRFMxCU_BuybackObjectPage","properties":{"valueState":"None"},"searchOpenDialogs":true,"interaction":{"idSuffix":"inner"}},"clearTextFirst":true,"interactionType":"ENTER_TEXT"}]}
COMMAND: POST /session/17f8a147d1f0e687b23e3ab093a7eb5a/execute/async - {"script":"<script> [21 bytes]","args":[{"selector":{"id":"rfm.buybackui::xRFMxCU_BuybackObjectPage--fe::table::_BuybackAvailableAsset::LineItem::AdaptationFilterField::AssetIdExtern-inner","searchOpenDialogs":true,"interaction":{"idSuffix":"inner"}},"wdio_ui5_key":"rfmbuybackui::xRFMxCU_BuybackObjectPage--fe::table::_BuybackAvailableAsset::LineItem::AdaptationFilterField::AssetIdExtern-inner"}]}
RESULT: {"script":"<script> [21 bytes]","args":[{"selector":{"id":"rfm.buybackui::xRFMxCU_BuybackObjectPage--fe::table::_BuybackAvailableAsset::LineItem::AdaptationFilterField::AssetIdExtern-inner","searchOpenDialogs":true,"interaction":{"idSuffix":"inner"}},"wdio_ui5_key":"rfmbuybackui::xRFMxCU_BuybackObjectPage--fe::table::_BuybackAvailableAsset::LineItem::AdaptationFilterField::AssetIdExtern-inner"}]}
RESULT: undefined
COMMAND: POST /session/17f8a147d1f0e687b23e3ab093a7eb5a/execute/async - {"script":"<script> [20 bytes]","args":[{"enterText":"WDIO_Buyback*","selector":{"id":"rfm.buybackui::xRFMxCU_BuybackObjectPage--fe::table::_BuybackAvailableAsset::LineItem::AdaptationFilterField::AssetIdExtern-inner","searchOpenDialogs":true,"interaction":{"idSuffix":"inner"}},"clearTextFirst":true,"interactionType":"ENTER_TEXT"}]}
RESULT: {"script":"<script> [20 bytes]","args":[{"enterText":"WDIO_Buyback*","selector":{"id":"rfm.buybackui::xRFMxCU_BuybackObjectPage--fe::table::_BuybackAvailableAsset::LineItem::AdaptationFilterField::AssetIdExtern-inner","searchOpenDialogs":true,"interaction":{"idSuffix":"inner"}},"clearTextFirst":true,"interactionType":"ENTER_TEXT"}]}
COMMAND: POST /session/17f8a147d1f0e687b23e3ab093a7eb5a/execute/async - {"script":"<script> [21 bytes]","args":[{"forceSelect":true,"selector":{"controlType":"sap.m.Button","viewName":"sap.fe.templates.ObjectPage.ObjectPage","viewId":"rfm.buybackui::xRFMxCU_BuybackObjectPage","bindingPath":{"path":"","propertyPath":"/confirmText","modelName":"$p13nPopupLocalization"},"searchOpenDialogs":true,"interaction":{"idSuffix":"BDI-content"}},"wdio_ui5_key":"sapfe.templates.ObjectPage.ObjectPagesap.m.Button{\"path\":\"\",\"propertyPath\":\"/confirmText\",\"modelName\":\"$p13nPopupLocalization\"}"}]}
RESULT: {"script":"<script> [21 bytes]","args":[{"forceSelect":true,"selector":{"controlType":"sap.m.Button","viewName":"sap.fe.templates.ObjectPage.ObjectPage","viewId":"rfm.buybackui::xRFMxCU_BuybackObjectPage","bindingPath":{"path":"","propertyPath":"/confirmText","modelName":"$p13nPopupLocalization"},"searchOpenDialogs":true,"interaction":{"idSuffix":"BDI-content"}},"wdio_ui5_key":"sapfe.templates.ObjectPage.ObjectPagesap.m.Button{\"path\":\"\",\"propertyPath\":\"/confirmText\",\"modelName\":\"$p13nPopupLocalization\"}"}]}
RESULT: undefined
COMMAND: POST /session/17f8a147d1f0e687b23e3ab093a7eb5a/element - {"using":"xpath","value":"//*[@id=\"__popup1273-confirmBtn\"]"}
RESULT: {"using":"xpath","value":"//*[@id=\"__popup1273-confirmBtn\"]"}
COMMAND: POST /session/17f8a147d1f0e687b23e3ab093a7eb5a/element/f.A20B243DB8CAE8823476B95BA6BC73CC.d.528B125B8C22184889DA46A3BFF16576.e.3641/click - {}
RESULT: {}
COMMAND: GET /session/17f8a147d1f0e687b23e3ab093a7eb5a/screenshot - {}
RESULT: {}
COMMAND: POST /session/17f8a147d1f0e687b23e3ab093a7eb5a/execute/async - {"script":"<script> [21 bytes]","args":[{"selector":{"controlType":"sap.m.Link","viewName":"sap.fe.templates.ObjectPage.ObjectPage","viewId":"rfm.buybackui::xRFMxCU_BuybackObjectPage","bindingPath":{"path":"/xRFMxCU_Buyback(BuybackId=4e4439c8-6b75-1fd0-9ce3-5253d576fbf0,IsActiveEntity=true)/_BuybackAvailableAsset(BuybackId=4e4439c8-6b75-1fd0-9ce3-5253d576fbf0,AssetId=bea012ec-9d16-1fe0-9ce3-18a83ac24a46)","propertyPath":"AssetIdExtern"}},"wdio_ui5_key":"sapfe.templates.ObjectPage.ObjectPagesap.m.Link{\"path\":\"/xRFMxCU_Buyback(BuybackId=4e4439c8-6b75-1fd0-9ce3-5253d576fbf0,IsActiveEntity=true)/_BuybackAvailableAsset(BuybackId=4e4439c8-6b75-1fd0-9ce3-5253d576fbf0,AssetId=bea012ec-9d16-1fe0-9ce3-18a83ac24a46)\",\"propertyPath\":\"AssetIdExtern\"}"}]}
RESULT: {"script":"<script> [21 bytes]","args":[{"selector":{"controlType":"sap.m.Link","viewName":"sap.fe.templates.ObjectPage.ObjectPage","viewId":"rfm.buybackui::xRFMxCU_BuybackObjectPage","bindingPath":{"path":"/xRFMxCU_Buyback(BuybackId=4e4439c8-6b75-1fd0-9ce3-5253d576fbf0,IsActiveEntity=true)/_BuybackAvailableAsset(BuybackId=4e4439c8-6b75-1fd0-9ce3-5253d576fbf0,AssetId=bea012ec-9d16-1fe0-9ce3-18a83ac24a46)","propertyPath":"AssetIdExtern"}},"wdio_ui5_key":"sapfe.templates.ObjectPage.ObjectPagesap.m.Link{\"path\":\"/xRFMxCU_Buyback(BuybackId=4e4439c8-6b75-1fd0-9ce3-5253d576fbf0,IsActiveEntity=true)/_BuybackAvailableAsset(BuybackId=4e4439c8-6b75-1fd0-9ce3-5253d576fbf0,AssetId=bea012ec-9d16-1fe0-9ce3-18a83ac24a46)\",\"propertyPath\":\"AssetIdExtern\"}"}]}
RESULT: undefined
COMMAND: POST /session/17f8a147d1f0e687b23e3ab093a7eb5a/execute/async - {"script":"<script> [21 bytes]","args":[{"element-6066-11e4-a52e-4f735466cecf":"f.A20B243DB8CAE8823476B95BA6BC73CC.d.528B125B8C22184889DA46A3BFF16576.e.3651"},"getText",[]]}
RESULT: {"script":"<script> [21 bytes]","args":[{"element-6066-11e4-a52e-4f735466cecf":"f.A20B243DB8CAE8823476B95BA6BC73CC.d.528B125B8C22184889DA46A3BFF16576.e.3651"},"getText",[]]}
COMMAND: POST /session/17f8a147d1f0e687b23e3ab093a7eb5a/element - {"using":"css selector","value":"div[id='rfm.buybackui::xRFMxCU_BuybackObjectPage--fe::table::_BuybackAvailableAsset::LineItem-innerTable-rowsel0']"}
RESULT: {"using":"css selector","value":"div[id='rfm.buybackui::xRFMxCU_BuybackObjectPage--fe::table::_BuybackAvailableAsset::LineItem-innerTable-rowsel0']"}
COMMAND: POST /session/17f8a147d1f0e687b23e3ab093a7eb5a/element/f.A20B243DB8CAE8823476B95BA6BC73CC.d.528B125B8C22184889DA46A3BFF16576.e.3652/click - {}
RESULT: {}
COMMAND: POST /session/17f8a147d1f0e687b23e3ab093a7eb5a/execute/async - {"script":"<script> [21 bytes]","args":[{"selector":{"id":"rfm.buybackui::xRFMxCU_BuybackObjectPage--fe::table::_BuybackAvailableAsset::LineItem::CustomAction::AddAssetToBuybackList","interaction":{"idSuffix":"BDI-content"}},"wdio_ui5_key":"rfmbuybackui::xRFMxCU_BuybackObjectPage--fe::table::_BuybackAvailableAsset::LineItem::CustomAction::AddAssetToBuybackList"}]}
COMMAND: GET /session/17f8a147d1f0e687b23e3ab093a7eb5a/screenshot - {}
RESULT: {"script":"<script> [21 bytes]","args":[{"selector":{"id":"rfm.buybackui::xRFMxCU_BuybackObjectPage--fe::table::_BuybackAvailableAsset::LineItem::CustomAction::AddAssetToBuybackList","interaction":{"idSuffix":"BDI-content"}},"wdio_ui5_key":"rfmbuybackui::xRFMxCU_BuybackObjectPage--fe::table::_BuybackAvailableAsset::LineItem::CustomAction::AddAssetToBuybackList"}]}
RESULT: undefined
COMMAND: POST /session/17f8a147d1f0e687b23e3ab093a7eb5a/element - {"using":"xpath","value":"//*[@id=\"rfm.buybackui::xRFMxCU_BuybackObjectPage--fe::table::_BuybackAvailableAsset::LineItem::CustomAction::AddAssetToBuybackList\"]"}
RESULT: {}
RESULT: {"using":"xpath","value":"//*[@id=\"rfm.buybackui::xRFMxCU_BuybackObjectPage--fe::table::_BuybackAvailableAsset::LineItem::CustomAction::AddAssetToBuybackList\"]"}
COMMAND: POST /session/17f8a147d1f0e687b23e3ab093a7eb5a/element/f.A20B243DB8CAE8823476B95BA6BC73CC.d.528B125B8C22184889DA46A3BFF16576.e.3654/click - {}
RESULT: {}
COMMAND: POST /session/17f8a147d1f0e687b23e3ab093a7eb5a/execute/async - {"script":"<script> [21 bytes]","args":[{"selector":{"id":"rfm.buybackui::xRFMxCU_BuybackObjectPage--fe::ObjectPage-anchBar-rfm.buybackui::xRFMxCU_BuybackObjectPage--fe::FacetSection::BuybackAsset-anchor"},"wdio_ui5_key":"rfmbuybackui::xRFMxCU_BuybackObjectPage--fe::ObjectPage-anchBar-rfm.buybackui::xRFMxCU_BuybackObjectPage--fe::FacetSection::BuybackAsset-anchor"}]}
COMMAND: GET /session/17f8a147d1f0e687b23e3ab093a7eb5a/screenshot - {}
RESULT: {"script":"<script> [21 bytes]","args":[{"selector":{"id":"rfm.buybackui::xRFMxCU_BuybackObjectPage--fe::ObjectPage-anchBar-rfm.buybackui::xRFMxCU_BuybackObjectPage--fe::FacetSection::BuybackAsset-anchor"},"wdio_ui5_key":"rfmbuybackui::xRFMxCU_BuybackObjectPage--fe::ObjectPage-anchBar-rfm.buybackui::xRFMxCU_BuybackObjectPage--fe::FacetSection::BuybackAsset-anchor"}]}
RESULT: undefined
COMMAND: POST /session/17f8a147d1f0e687b23e3ab093a7eb5a/element - {"using":"xpath","value":"//*[@id=\"rfm.buybackui::xRFMxCU_BuybackObjectPage--fe::ObjectPage-anchBar-rfm.buybackui::xRFMxCU_BuybackObjectPage--fe::FacetSection::BuybackAsset-anchor\"]"}
RESULT: {}
RESULT: {"using":"xpath","value":"//*[@id=\"rfm.buybackui::xRFMxCU_BuybackObjectPage--fe::ObjectPage-anchBar-rfm.buybackui::xRFMxCU_BuybackObjectPage--fe::FacetSection::BuybackAsset-anchor\"]"}
COMMAND: POST /session/17f8a147d1f0e687b23e3ab093a7eb5a/element/f.A20B243DB8CAE8823476B95BA6BC73CC.d.528B125B8C22184889DA46A3BFF16576.e.3657/click - {}
RESULT: {}
COMMAND: GET /session/17f8a147d1f0e687b23e3ab093a7eb5a/screenshot - {}
RESULT: {}
COMMAND: POST /session/17f8a147d1f0e687b23e3ab093a7eb5a/execute/async - {"script":"<script> [21 bytes]","args":[{"selector":{"controlType":"sap.m.Link","viewName":"sap.fe.templates.ObjectPage.ObjectPage","viewId":"rfm.buybackui::xRFMxCU_BuybackObjectPage","bindingPath":{"path":"/xRFMxCU_Buyback(BuybackId=4e4439c8-6b75-1fd0-9ce3-5253d576fbf0,IsActiveEntity=true)/_BuybackAsset(BuybackId=4e4439c8-6b75-1fd0-9ce3-5253d576fbf0,AssetId=bea012ec-9d16-1fe0-9ce3-18a83ac24a46,IsActiveEntity=true)","propertyPath":"AssetIdExtern"}},"wdio_ui5_key":"sapfe.templates.ObjectPage.ObjectPagesap.m.Link{\"path\":\"/xRFMxCU_Buyback(BuybackId=4e4439c8-6b75-1fd0-9ce3-5253d576fbf0,IsActiveEntity=true)/_BuybackAsset(BuybackId=4e4439c8-6b75-1fd0-9ce3-5253d576fbf0,AssetId=bea012ec-9d16-1fe0-9ce3-18a83ac24a46,IsActiveEntity=true)\",\"propertyPath\":\"AssetIdExtern\"}"}]}
RESULT: {"script":"<script> [21 bytes]","args":[{"selector":{"controlType":"sap.m.Link","viewName":"sap.fe.templates.ObjectPage.ObjectPage","viewId":"rfm.buybackui::xRFMxCU_BuybackObjectPage","bindingPath":{"path":"/xRFMxCU_Buyback(BuybackId=4e4439c8-6b75-1fd0-9ce3-5253d576fbf0,IsActiveEntity=true)/_BuybackAsset(BuybackId=4e4439c8-6b75-1fd0-9ce3-5253d576fbf0,AssetId=bea012ec-9d16-1fe0-9ce3-18a83ac24a46,IsActiveEntity=true)","propertyPath":"AssetIdExtern"}},"wdio_ui5_key":"sapfe.templates.ObjectPage.ObjectPagesap.m.Link{\"path\":\"/xRFMxCU_Buyback(BuybackId=4e4439c8-6b75-1fd0-9ce3-5253d576fbf0,IsActiveEntity=true)/_BuybackAsset(BuybackId=4e4439c8-6b75-1fd0-9ce3-5253d576fbf0,AssetId=bea012ec-9d16-1fe0-9ce3-18a83ac24a46,IsActiveEntity=true)\",\"propertyPath\":\"AssetIdExtern\"}"}]}
RESULT: undefined
COMMAND: POST /session/17f8a147d1f0e687b23e3ab093a7eb5a/execute/async - {"script":"<script> [21 bytes]","args":[{"element-6066-11e4-a52e-4f735466cecf":"f.A20B243DB8CAE8823476B95BA6BC73CC.d.528B125B8C22184889DA46A3BFF16576.e.3659"},"getText",[]]}
RESULT: {"script":"<script> [21 bytes]","args":[{"element-6066-11e4-a52e-4f735466cecf":"f.A20B243DB8CAE8823476B95BA6BC73CC.d.528B125B8C22184889DA46A3BFF16576.e.3659"},"getText",[]]}
COMMAND: GET /session/17f8a147d1f0e687b23e3ab093a7eb5a/screenshot - {}
]]></system-out>
    </testcase>
    <testcase classname="chrome.138_0_7204_169.windows.Buyback" name="Should check navigation from one asset from Buyback Assets section" time="33.185">
      <system-out><![CDATA[
RESULT: undefined
COMMAND: POST /session/17f8a147d1f0e687b23e3ab093a7eb5a/element - {"using":"xpath","value":"//*[@id=\"rfm.buybackui::xRFMxCU_BuybackObjectPage--fe::ObjectPage-anchBar-rfm.buybackui::xRFMxCU_BuybackObjectPage--fe::FacetSection::BuybackAsset-anchor\"]"}
RESULT: {}
RESULT: {"using":"xpath","value":"//*[@id=\"rfm.buybackui::xRFMxCU_BuybackObjectPage--fe::ObjectPage-anchBar-rfm.buybackui::xRFMxCU_BuybackObjectPage--fe::FacetSection::BuybackAsset-anchor\"]"}
COMMAND: POST /session/17f8a147d1f0e687b23e3ab093a7eb5a/element/f.A20B243DB8CAE8823476B95BA6BC73CC.d.528B125B8C22184889DA46A3BFF16576.e.3657/click - {}
RESULT: {}
RESULT: undefined
COMMAND: POST /session/17f8a147d1f0e687b23e3ab093a7eb5a/execute/async - {"script":"<script> [21 bytes]","args":[{"element-6066-11e4-a52e-4f735466cecf":"f.A20B243DB8CAE8823476B95BA6BC73CC.d.528B125B8C22184889DA46A3BFF16576.e.3659"},"getText",[]]}
COMMAND: GET /session/17f8a147d1f0e687b23e3ab093a7eb5a/screenshot - {}
RESULT: {"script":"<script> [21 bytes]","args":[{"element-6066-11e4-a52e-4f735466cecf":"f.A20B243DB8CAE8823476B95BA6BC73CC.d.528B125B8C22184889DA46A3BFF16576.e.3659"},"getText",[]]}
RESULT: {}
RESULT: undefined
COMMAND: POST /session/17f8a147d1f0e687b23e3ab093a7eb5a/element - {"using":"xpath","value":"//*[@id=\"__link66-__clone4776-__clone4787\"]"}
RESULT: {"using":"xpath","value":"//*[@id=\"__link66-__clone4776-__clone4787\"]"}
COMMAND: POST /session/17f8a147d1f0e687b23e3ab093a7eb5a/element/f.A20B243DB8CAE8823476B95BA6BC73CC.d.528B125B8C22184889DA46A3BFF16576.e.3659/click - {}
RESULT: {}
COMMAND: POST /session/17f8a147d1f0e687b23e3ab093a7eb5a/execute/async - {"script":"<script> [21 bytes]","args":[{"selector":{"controlType":"sap.m.Title","viewName":"sap.fe.templates.ObjectPage.ObjectPage","viewId":"rfm.assetui::xRFMxCU_AssetObjectPage","bindingPath":{"path":"/xRFMxCU_Asset(AssetId=bea012ec-9d16-1fe0-9ce3-18a83ac24a46,IsActiveEntity=true)","propertyPath":"AssetIdExtern"}},"wdio_ui5_key":"sapfe.templates.ObjectPage.ObjectPagesap.m.Title{\"path\":\"/xRFMxCU_Asset(AssetId=bea012ec-9d16-1fe0-9ce3-18a83ac24a46,IsActiveEntity=true)\",\"propertyPath\":\"AssetIdExtern\"}"}]}
COMMAND: GET /session/17f8a147d1f0e687b23e3ab093a7eb5a/screenshot - {}
RESULT: {"script":"<script> [21 bytes]","args":[{"selector":{"controlType":"sap.m.Title","viewName":"sap.fe.templates.ObjectPage.ObjectPage","viewId":"rfm.assetui::xRFMxCU_AssetObjectPage","bindingPath":{"path":"/xRFMxCU_Asset(AssetId=bea012ec-9d16-1fe0-9ce3-18a83ac24a46,IsActiveEntity=true)","propertyPath":"AssetIdExtern"}},"wdio_ui5_key":"sapfe.templates.ObjectPage.ObjectPagesap.m.Title{\"path\":\"/xRFMxCU_Asset(AssetId=bea012ec-9d16-1fe0-9ce3-18a83ac24a46,IsActiveEntity=true)\",\"propertyPath\":\"AssetIdExtern\"}"}]}
RESULT: undefined
COMMAND: POST /session/17f8a147d1f0e687b23e3ab093a7eb5a/execute/async - {"script":"<script> [21 bytes]","args":[{"element-6066-11e4-a52e-4f735466cecf":"f.A20B243DB8CAE8823476B95BA6BC73CC.d.528B125B8C22184889DA46A3BFF16576.e.3784"},"getText",[]]}
RESULT: {}
RESULT: {"script":"<script> [21 bytes]","args":[{"element-6066-11e4-a52e-4f735466cecf":"f.A20B243DB8CAE8823476B95BA6BC73CC.d.528B125B8C22184889DA46A3BFF16576.e.3784"},"getText",[]]}
RESULT: undefined
COMMAND: POST /session/17f8a147d1f0e687b23e3ab093a7eb5a/element - {"using":"xpath","value":"//*[@id=\"backBtn\"]"}
RESULT: {"using":"xpath","value":"//*[@id=\"backBtn\"]"}
COMMAND: POST /session/17f8a147d1f0e687b23e3ab093a7eb5a/element/f.A20B243DB8CAE8823476B95BA6BC73CC.d.528B125B8C22184889DA46A3BFF16576.e.3216/click - {}
RESULT: {}
COMMAND: GET /session/17f8a147d1f0e687b23e3ab093a7eb5a/screenshot - {}
]]></system-out>
    </testcase>
    <testcase classname="chrome.138_0_7204_169.windows.Buyback" name="Should check the action Execute" time="17.023">
      <system-out><![CDATA[
COMMAND: POST /session/17f8a147d1f0e687b23e3ab093a7eb5a/execute/async - {"script":"<script> [21 bytes]","args":[{"selector":{"id":"rfm.buybackui::xRFMxCU_BuybackObjectPage--fe::ObjectPageDynamicHeaderTitle-_actionsToolbar"},"wdio_ui5_key":"rfmbuybackui::xRFMxCU_BuybackObjectPage--fe::ObjectPageDynamicHeaderTitle-_actionsToolbar"}]}
COMMAND: GET /session/17f8a147d1f0e687b23e3ab093a7eb5a/screenshot - {}
RESULT: {}
RESULT: {"script":"<script> [21 bytes]","args":[{"selector":{"id":"rfm.buybackui::xRFMxCU_BuybackObjectPage--fe::ObjectPageDynamicHeaderTitle-_actionsToolbar"},"wdio_ui5_key":"rfmbuybackui::xRFMxCU_BuybackObjectPage--fe::ObjectPageDynamicHeaderTitle-_actionsToolbar"}]}
RESULT: undefined
COMMAND: POST /session/17f8a147d1f0e687b23e3ab093a7eb5a/element - {"using":"xpath","value":"//*[@id=\"rfm.buybackui::xRFMxCU_BuybackObjectPage--fe::ObjectPageDynamicHeaderTitle-_actionsToolbar\"]"}
RESULT: {}
RESULT: {"using":"xpath","value":"//*[@id=\"rfm.buybackui::xRFMxCU_BuybackObjectPage--fe::ObjectPageDynamicHeaderTitle-_actionsToolbar\"]"}
COMMAND: POST /session/17f8a147d1f0e687b23e3ab093a7eb5a/element/f.A20B243DB8CAE8823476B95BA6BC73CC.d.528B125B8C22184889DA46A3BFF16576.e.3899/click - {}
RESULT: {}
COMMAND: POST /session/17f8a147d1f0e687b23e3ab093a7eb5a/execute/async - {"script":"<script> [21 bytes]","args":[{"selector":{"id":"rfm.buybackui::xRFMxCU_BuybackObjectPage--fe::DataFieldForAction::com.sap.gateway.srvd.rfm.ui_buyback.v0001.Execute::com.sap.gateway.srvd.rfm.ui_buyback.v0001.xRFMxCU_BuybackType","interaction":{"idSuffix":"BDI-content"}},"wdio_ui5_key":"rfmbuybackui::xRFMxCU_BuybackObjectPage--fe::DataFieldForAction::com.sap.gateway.srvd.rfm.ui_buyback.v0001.Execute::com.sap.gateway.srvd.rfm.ui_buyback.v0001.xRFMxCU_BuybackType"}]}
COMMAND: GET /session/17f8a147d1f0e687b23e3ab093a7eb5a/screenshot - {}
RESULT: {"script":"<script> [21 bytes]","args":[{"selector":{"id":"rfm.buybackui::xRFMxCU_BuybackObjectPage--fe::DataFieldForAction::com.sap.gateway.srvd.rfm.ui_buyback.v0001.Execute::com.sap.gateway.srvd.rfm.ui_buyback.v0001.xRFMxCU_BuybackType","interaction":{"idSuffix":"BDI-content"}},"wdio_ui5_key":"rfmbuybackui::xRFMxCU_BuybackObjectPage--fe::DataFieldForAction::com.sap.gateway.srvd.rfm.ui_buyback.v0001.Execute::com.sap.gateway.srvd.rfm.ui_buyback.v0001.xRFMxCU_BuybackType"}]}
RESULT: undefined
COMMAND: POST /session/17f8a147d1f0e687b23e3ab093a7eb5a/element - {"using":"xpath","value":"//*[@id=\"rfm.buybackui::xRFMxCU_BuybackObjectPage--fe::DataFieldForAction::com.sap.gateway.srvd.rfm.ui_buyback.v0001.Execute::com.sap.gateway.srvd.rfm.ui_buyback.v0001.xRFMxCU_BuybackType\"]"}
RESULT: {}
RESULT: {"using":"xpath","value":"//*[@id=\"rfm.buybackui::xRFMxCU_BuybackObjectPage--fe::DataFieldForAction::com.sap.gateway.srvd.rfm.ui_buyback.v0001.Execute::com.sap.gateway.srvd.rfm.ui_buyback.v0001.xRFMxCU_BuybackType\"]"}
COMMAND: POST /session/17f8a147d1f0e687b23e3ab093a7eb5a/element/f.A20B243DB8CAE8823476B95BA6BC73CC.d.528B125B8C22184889DA46A3BFF16576.e.3904/click - {}
RESULT: {}
COMMAND: GET /session/17f8a147d1f0e687b23e3ab093a7eb5a/screenshot - {}
RESULT: {}
COMMAND: POST /session/17f8a147d1f0e687b23e3ab093a7eb5a/execute/async - {"script":"<script> [21 bytes]","args":[{"selector":{"id":"rfm.buybackui::xRFMxCU_BuybackObjectPage--fe::ObjectPageDynamicHeaderTitle-expandBtn-img"},"wdio_ui5_key":"rfmbuybackui::xRFMxCU_BuybackObjectPage--fe::ObjectPageDynamicHeaderTitle-expandBtn-img"}]}
RESULT: {"script":"<script> [21 bytes]","args":[{"selector":{"id":"rfm.buybackui::xRFMxCU_BuybackObjectPage--fe::ObjectPageDynamicHeaderTitle-expandBtn-img"},"wdio_ui5_key":"rfmbuybackui::xRFMxCU_BuybackObjectPage--fe::ObjectPageDynamicHeaderTitle-expandBtn-img"}]}
RESULT: undefined
COMMAND: POST /session/17f8a147d1f0e687b23e3ab093a7eb5a/execute/async - {"script":"<script> [21 bytes]","args":[{"selector":{"controlType":"sap.m.ObjectStatus","viewName":"sap.fe.templates.ObjectPage.ObjectPage","viewId":"rfm.buybackui::xRFMxCU_BuybackObjectPage","bindingPath":{"path":"/xRFMxCU_Buyback(BuybackId=4e4439c8-6b75-1fd0-9ce3-5253d576fbf0,IsActiveEntity=true)","propertyPath":"com.sap.gateway.srvd.rfm.ui_buyback.v0001.xRFMxCU_BuybackType@com.sap.vocabularies.UI.v1.DataPoint#BuybackStatusDP@$ui5.fe.virtual.criticality"},"interaction":{"idSuffix":"text"}},"wdio_ui5_key":"sapfe.templates.ObjectPage.ObjectPagesap.m.ObjectStatus{\"path\":\"/xRFMxCU_Buyback(BuybackId=4e4439c8-6b75-1fd0-9ce3-5253d576fbf0,IsActiveEntity=true)\",\"propertyPath\":\"com.sap.gateway.srvd.rfm.ui_buyback.v0001.xRFMxCU_BuybackType@com.sap.vocabularies.UI.v1.DataPoint#BuybackStatusDP@$ui5.fe.virtual.criticality\"}"}]}
RESULT: {"script":"<script> [21 bytes]","args":[{"selector":{"controlType":"sap.m.ObjectStatus","viewName":"sap.fe.templates.ObjectPage.ObjectPage","viewId":"rfm.buybackui::xRFMxCU_BuybackObjectPage","bindingPath":{"path":"/xRFMxCU_Buyback(BuybackId=4e4439c8-6b75-1fd0-9ce3-5253d576fbf0,IsActiveEntity=true)","propertyPath":"com.sap.gateway.srvd.rfm.ui_buyback.v0001.xRFMxCU_BuybackType@com.sap.vocabularies.UI.v1.DataPoint#BuybackStatusDP@$ui5.fe.virtual.criticality"},"interaction":{"idSuffix":"text"}},"wdio_ui5_key":"sapfe.templates.ObjectPage.ObjectPagesap.m.ObjectStatus{\"path\":\"/xRFMxCU_Buyback(BuybackId=4e4439c8-6b75-1fd0-9ce3-5253d576fbf0,IsActiveEntity=true)\",\"propertyPath\":\"com.sap.gateway.srvd.rfm.ui_buyback.v0001.xRFMxCU_BuybackType@com.sap.vocabularies.UI.v1.DataPoint#BuybackStatusDP@$ui5.fe.virtual.criticality\"}"}]}
RESULT: undefined
COMMAND: POST /session/17f8a147d1f0e687b23e3ab093a7eb5a/execute/async - {"script":"<script> [21 bytes]","args":[{"element-6066-11e4-a52e-4f735466cecf":"f.A20B243DB8CAE8823476B95BA6BC73CC.d.528B125B8C22184889DA46A3BFF16576.e.3907"},"getText",[]]}
RESULT: {"script":"<script> [21 bytes]","args":[{"element-6066-11e4-a52e-4f735466cecf":"f.A20B243DB8CAE8823476B95BA6BC73CC.d.528B125B8C22184889DA46A3BFF16576.e.3907"},"getText",[]]}
COMMAND: GET /session/17f8a147d1f0e687b23e3ab093a7eb5a/screenshot - {}
]]></system-out>
    </testcase>
    <testcase classname="chrome.138_0_7204_169.windows.Buyback" name="Should check the action Cancel" time="7.851">
      <system-out><![CDATA[
RESULT: undefined
COMMAND: POST /session/17f8a147d1f0e687b23e3ab093a7eb5a/element - {"using":"xpath","value":"//*[@id=\"rfm.buybackui::xRFMxCU_BuybackObjectPage--fe::ObjectPageDynamicHeaderTitle-_actionsToolbar\"]"}
RESULT: {}
RESULT: {"using":"xpath","value":"//*[@id=\"rfm.buybackui::xRFMxCU_BuybackObjectPage--fe::ObjectPageDynamicHeaderTitle-_actionsToolbar\"]"}
COMMAND: POST /session/17f8a147d1f0e687b23e3ab093a7eb5a/element/f.A20B243DB8CAE8823476B95BA6BC73CC.d.528B125B8C22184889DA46A3BFF16576.e.3899/click - {}
RESULT: {}
COMMAND: POST /session/17f8a147d1f0e687b23e3ab093a7eb5a/execute/async - {"script":"<script> [21 bytes]","args":[{"selector":{"id":"rfm.buybackui::xRFMxCU_BuybackObjectPage--fe::DataFieldForAction::com.sap.gateway.srvd.rfm.ui_buyback.v0001.Cancel::com.sap.gateway.srvd.rfm.ui_buyback.v0001.xRFMxCU_BuybackType","interaction":{"idSuffix":"inner"}},"wdio_ui5_key":"rfmbuybackui::xRFMxCU_BuybackObjectPage--fe::DataFieldForAction::com.sap.gateway.srvd.rfm.ui_buyback.v0001.Cancel::com.sap.gateway.srvd.rfm.ui_buyback.v0001.xRFMxCU_BuybackType"}]}
COMMAND: GET /session/17f8a147d1f0e687b23e3ab093a7eb5a/screenshot - {}
RESULT: {"script":"<script> [21 bytes]","args":[{"selector":{"id":"rfm.buybackui::xRFMxCU_BuybackObjectPage--fe::DataFieldForAction::com.sap.gateway.srvd.rfm.ui_buyback.v0001.Cancel::com.sap.gateway.srvd.rfm.ui_buyback.v0001.xRFMxCU_BuybackType","interaction":{"idSuffix":"inner"}},"wdio_ui5_key":"rfmbuybackui::xRFMxCU_BuybackObjectPage--fe::DataFieldForAction::com.sap.gateway.srvd.rfm.ui_buyback.v0001.Cancel::com.sap.gateway.srvd.rfm.ui_buyback.v0001.xRFMxCU_BuybackType"}]}
RESULT: undefined
COMMAND: POST /session/17f8a147d1f0e687b23e3ab093a7eb5a/element - {"using":"xpath","value":"//*[@id=\"rfm.buybackui::xRFMxCU_BuybackObjectPage--fe::DataFieldForAction::com.sap.gateway.srvd.rfm.ui_buyback.v0001.Cancel::com.sap.gateway.srvd.rfm.ui_buyback.v0001.xRFMxCU_BuybackType\"]"}
RESULT: {}
RESULT: {"using":"xpath","value":"//*[@id=\"rfm.buybackui::xRFMxCU_BuybackObjectPage--fe::DataFieldForAction::com.sap.gateway.srvd.rfm.ui_buyback.v0001.Cancel::com.sap.gateway.srvd.rfm.ui_buyback.v0001.xRFMxCU_BuybackType\"]"}
COMMAND: POST /session/17f8a147d1f0e687b23e3ab093a7eb5a/element/f.A20B243DB8CAE8823476B95BA6BC73CC.d.528B125B8C22184889DA46A3BFF16576.e.3910/click - {}
RESULT: {}
COMMAND: POST /session/17f8a147d1f0e687b23e3ab093a7eb5a/execute/async - {"script":"<script> [21 bytes]","args":[{"forceSelect":true,"selector":{"controlType":"sap.m.Button","properties":{"text":"OK"},"searchOpenDialogs":true,"interaction":{"idSuffix":"content"}},"wdio_ui5_key":"sapm.Button{\"text\":\"OK\"}"}]}
COMMAND: GET /session/17f8a147d1f0e687b23e3ab093a7eb5a/screenshot - {}
RESULT: {"script":"<script> [21 bytes]","args":[{"forceSelect":true,"selector":{"controlType":"sap.m.Button","properties":{"text":"OK"},"searchOpenDialogs":true,"interaction":{"idSuffix":"content"}},"wdio_ui5_key":"sapm.Button{\"text\":\"OK\"}"}]}
RESULT: undefined
COMMAND: POST /session/17f8a147d1f0e687b23e3ab093a7eb5a/element - {"using":"xpath","value":"//*[@id=\"__mbox-btn-4\"]"}
RESULT: {}
RESULT: {"using":"xpath","value":"//*[@id=\"__mbox-btn-4\"]"}
COMMAND: POST /session/17f8a147d1f0e687b23e3ab093a7eb5a/element/f.A20B243DB8CAE8823476B95BA6BC73CC.d.528B125B8C22184889DA46A3BFF16576.e.3911/click - {}
RESULT: {}
COMMAND: GET /session/17f8a147d1f0e687b23e3ab093a7eb5a/screenshot - {}
RESULT: {}
RESULT: undefined
COMMAND: POST /session/17f8a147d1f0e687b23e3ab093a7eb5a/execute/async - {"script":"<script> [21 bytes]","args":[{"element-6066-11e4-a52e-4f735466cecf":"f.A20B243DB8CAE8823476B95BA6BC73CC.d.528B125B8C22184889DA46A3BFF16576.e.3907"},"getText",[]]}
RESULT: {"script":"<script> [21 bytes]","args":[{"element-6066-11e4-a52e-4f735466cecf":"f.A20B243DB8CAE8823476B95BA6BC73CC.d.528B125B8C22184889DA46A3BFF16576.e.3907"},"getText",[]]}
COMMAND: GET /session/17f8a147d1f0e687b23e3ab093a7eb5a/screenshot - {}
]]></system-out>
    </testcase>
    <testcase classname="chrome.138_0_7204_169.windows.Buyback" name="Should filter created Buyback" time="19.63">
      <system-out><![CDATA[
COMMAND: POST /session/17f8a147d1f0e687b23e3ab093a7eb5a/execute/async - {"script":"<script> [21 bytes]","args":[{"selector":{"id":"rfm.buybackui::xRFMxCU_BuybackObjectPage--fe::FCLStandardAction::Close","interaction":{"idSuffix":"inner"}},"wdio_ui5_key":"rfmbuybackui::xRFMxCU_BuybackObjectPage--fe::FCLStandardAction::Close"}]}
RESULT: {}
RESULT: {"script":"<script> [21 bytes]","args":[{"selector":{"id":"rfm.buybackui::xRFMxCU_BuybackObjectPage--fe::FCLStandardAction::Close","interaction":{"idSuffix":"inner"}},"wdio_ui5_key":"rfmbuybackui::xRFMxCU_BuybackObjectPage--fe::FCLStandardAction::Close"}]}
RESULT: undefined
COMMAND: POST /session/17f8a147d1f0e687b23e3ab093a7eb5a/element - {"using":"xpath","value":"//*[@id=\"rfm.buybackui::xRFMxCU_BuybackObjectPage--fe::FCLStandardAction::Close\"]"}
RESULT: {"using":"xpath","value":"//*[@id=\"rfm.buybackui::xRFMxCU_BuybackObjectPage--fe::FCLStandardAction::Close\"]"}
COMMAND: POST /session/17f8a147d1f0e687b23e3ab093a7eb5a/element/f.A20B243DB8CAE8823476B95BA6BC73CC.d.528B125B8C22184889DA46A3BFF16576.e.3917/click - {}
RESULT: {}
COMMAND: POST /session/17f8a147d1f0e687b23e3ab093a7eb5a/execute/async - {"script":"<script> [21 bytes]","args":[{"selector":{"id":"rfm.buybackui::xRFMxCU_BuybackList--fe::FilterBar::xRFMxCU_Buyback::FilterField::TransactionId-inner","interaction":{"idSuffix":"inner"}},"wdio_ui5_key":"rfmbuybackui::xRFMxCU_BuybackList--fe::FilterBar::xRFMxCU_Buyback::FilterField::TransactionId-inner"}]}
COMMAND: GET /session/17f8a147d1f0e687b23e3ab093a7eb5a/screenshot - {}
RESULT: {"script":"<script> [21 bytes]","args":[{"selector":{"id":"rfm.buybackui::xRFMxCU_BuybackList--fe::FilterBar::xRFMxCU_Buyback::FilterField::TransactionId-inner","interaction":{"idSuffix":"inner"}},"wdio_ui5_key":"rfmbuybackui::xRFMxCU_BuybackList--fe::FilterBar::xRFMxCU_Buyback::FilterField::TransactionId-inner"}]}
RESULT: undefined
COMMAND: POST /session/17f8a147d1f0e687b23e3ab093a7eb5a/execute/async - {"script":"<script> [20 bytes]","args":[{"enterText":"872","selector":{"id":"rfm.buybackui::xRFMxCU_BuybackList--fe::FilterBar::xRFMxCU_Buyback::FilterField::TransactionId-inner","interaction":{"idSuffix":"inner"}},"clearTextFirst":true,"interactionType":"ENTER_TEXT"}]}
RESULT: {}
RESULT: {"script":"<script> [20 bytes]","args":[{"enterText":"872","selector":{"id":"rfm.buybackui::xRFMxCU_BuybackList--fe::FilterBar::xRFMxCU_Buyback::FilterField::TransactionId-inner","interaction":{"idSuffix":"inner"}},"clearTextFirst":true,"interactionType":"ENTER_TEXT"}]}
COMMAND: POST /session/17f8a147d1f0e687b23e3ab093a7eb5a/execute/async - {"script":"<script> [21 bytes]","args":[{"selector":{"id":"rfm.buybackui::xRFMxCU_BuybackList--fe::FilterBar::xRFMxCU_Buyback-btnSearch","interaction":{"idSuffix":"content"}},"wdio_ui5_key":"rfmbuybackui::xRFMxCU_BuybackList--fe::FilterBar::xRFMxCU_Buyback-btnSearch"}]}
RESULT: {"script":"<script> [21 bytes]","args":[{"selector":{"id":"rfm.buybackui::xRFMxCU_BuybackList--fe::FilterBar::xRFMxCU_Buyback-btnSearch","interaction":{"idSuffix":"content"}},"wdio_ui5_key":"rfmbuybackui::xRFMxCU_BuybackList--fe::FilterBar::xRFMxCU_Buyback-btnSearch"}]}
RESULT: undefined
COMMAND: POST /session/17f8a147d1f0e687b23e3ab093a7eb5a/element - {"using":"xpath","value":"//*[@id=\"rfm.buybackui::xRFMxCU_BuybackList--fe::FilterBar::xRFMxCU_Buyback-btnSearch\"]"}
RESULT: {"using":"xpath","value":"//*[@id=\"rfm.buybackui::xRFMxCU_BuybackList--fe::FilterBar::xRFMxCU_Buyback-btnSearch\"]"}
COMMAND: POST /session/17f8a147d1f0e687b23e3ab093a7eb5a/element/f.A20B243DB8CAE8823476B95BA6BC73CC.d.528B125B8C22184889DA46A3BFF16576.e.3989/click - {}
RESULT: {}
COMMAND: GET /session/17f8a147d1f0e687b23e3ab093a7eb5a/screenshot - {}
RESULT: {}
COMMAND: POST /session/17f8a147d1f0e687b23e3ab093a7eb5a/execute/async - {"script":"<script> [21 bytes]","args":[{"selector":{"controlType":"sap.m.Link","viewName":"sap.fe.templates.ListReport.ListReport","viewId":"rfm.buybackui::xRFMxCU_BuybackList","bindingPath":{"path":"/xRFMxCU_Buyback(BuybackId=4e4439c8-6b75-1fd0-9ce3-5253d576fbf0,IsActiveEntity=true)","propertyPath":"TransactionId"}},"wdio_ui5_key":"sapfe.templates.ListReport.ListReportsap.m.Link{\"path\":\"/xRFMxCU_Buyback(BuybackId=4e4439c8-6b75-1fd0-9ce3-5253d576fbf0,IsActiveEntity=true)\",\"propertyPath\":\"TransactionId\"}"}]}
RESULT: {"script":"<script> [21 bytes]","args":[{"selector":{"controlType":"sap.m.Link","viewName":"sap.fe.templates.ListReport.ListReport","viewId":"rfm.buybackui::xRFMxCU_BuybackList","bindingPath":{"path":"/xRFMxCU_Buyback(BuybackId=4e4439c8-6b75-1fd0-9ce3-5253d576fbf0,IsActiveEntity=true)","propertyPath":"TransactionId"}},"wdio_ui5_key":"sapfe.templates.ListReport.ListReportsap.m.Link{\"path\":\"/xRFMxCU_Buyback(BuybackId=4e4439c8-6b75-1fd0-9ce3-5253d576fbf0,IsActiveEntity=true)\",\"propertyPath\":\"TransactionId\"}"}]}
RESULT: undefined
COMMAND: POST /session/17f8a147d1f0e687b23e3ab093a7eb5a/execute/async - {"script":"<script> [21 bytes]","args":[{"element-6066-11e4-a52e-4f735466cecf":"f.A20B243DB8CAE8823476B95BA6BC73CC.d.528B125B8C22184889DA46A3BFF16576.e.4026"},"getText",[]]}
RESULT: {"script":"<script> [21 bytes]","args":[{"element-6066-11e4-a52e-4f735466cecf":"f.A20B243DB8CAE8823476B95BA6BC73CC.d.528B125B8C22184889DA46A3BFF16576.e.4026"},"getText",[]]}
COMMAND: GET /session/17f8a147d1f0e687b23e3ab093a7eb5a/screenshot - {}
COMMAND: DELETE /session/17f8a147d1f0e687b23e3ab093a7eb5a - {}
RESULT: {}
RESULT: {}
]]></system-out>
    </testcase>
  </testsuite>
</testsuites>