<?xml version="1.0" encoding="UTF-8"?>
<testsuites tests="5" failures="0" errors="0" skipped="0">
  <testsuite timestamp="2025-08-08T22:22:33" time="157.608" tests="5" failures="0" errors="0" skipped="0">
    <properties>
      <property name="specId" value="0"/>
      <property name="suiteName" value="Funding Program"/>
      <property name="capabilities" value="chrome.138_0_7204_184.windows"/>
      <property name="file" value="file:///D:/a/1/s/test/specs/BusinessObjects/FundingProgram.spec.js"/>
    </properties>
    <testcase classname="chrome.138_0_7204_184.windows.Funding_Program" name="Should create Program" time="43.553">
      <system-out><![CDATA[
COMMAND: POST /session/1dfe7ee3e44b1352f70d6abb49b5483b/execute/async - {"script":"<script> [21 bytes]","args":[{"selector":{"controlType":"sap.m.GenericTile","properties":{"header":"Funding Program"}},"wdio_ui5_key":"sapm.GenericTile{\"header\":\"Funding Program\"}"}]}
RESULT: {"script":"<script> [21 bytes]","args":[{"selector":{"controlType":"sap.m.GenericTile","properties":{"header":"Funding Program"}},"wdio_ui5_key":"sapm.GenericTile{\"header\":\"Funding Program\"}"}]}
RESULT: undefined
COMMAND: POST /session/1dfe7ee3e44b1352f70d6abb49b5483b/element - {"using":"xpath","value":"//*[@id=\"__tile29\"]"}
RESULT: {"using":"xpath","value":"//*[@id=\"__tile29\"]"}
COMMAND: POST /session/1dfe7ee3e44b1352f70d6abb49b5483b/element/f.F403984A132969556288FCE8126995A4.d.E30AE0070FD26F6AAB0D63391CDCBF42.e.78/click - {}
RESULT: {}
COMMAND: POST /session/1dfe7ee3e44b1352f70d6abb49b5483b/execute/async - {"script":"<script> [21 bytes]","args":[{"selector":{"id":"rfm.programui::xRFMxCU_ProgramList--fe::table::allTab::LineItem::StandardAction::Create","controlType":"sap.m.Button"},"wdio_ui5_key":"rfmprogramui::xRFMxCU_ProgramList--fe::table::allTab::LineItem::StandardAction::Createsap.m.Button"}]}
COMMAND: GET /session/1dfe7ee3e44b1352f70d6abb49b5483b/screenshot - {}
RESULT: {"script":"<script> [21 bytes]","args":[{"selector":{"id":"rfm.programui::xRFMxCU_ProgramList--fe::table::allTab::LineItem::StandardAction::Create","controlType":"sap.m.Button"},"wdio_ui5_key":"rfmprogramui::xRFMxCU_ProgramList--fe::table::allTab::LineItem::StandardAction::Createsap.m.Button"}]}
RESULT: undefined
COMMAND: POST /session/1dfe7ee3e44b1352f70d6abb49b5483b/element - {"using":"xpath","value":"//*[@id=\"rfm.programui::xRFMxCU_ProgramList--fe::table::allTab::LineItem::StandardAction::Create\"]"}
RESULT: {}
RESULT: {"using":"xpath","value":"//*[@id=\"rfm.programui::xRFMxCU_ProgramList--fe::table::allTab::LineItem::StandardAction::Create\"]"}
COMMAND: POST /session/1dfe7ee3e44b1352f70d6abb49b5483b/element/f.F403984A132969556288FCE8126995A4.d.E30AE0070FD26F6AAB0D63391CDCBF42.e.143/click - {}
RESULT: {}
COMMAND: POST /session/1dfe7ee3e44b1352f70d6abb49b5483b/execute/async - {"script":"<script> [21 bytes]","args":[{"selector":{"id":"CreateDialog::xRFMxCU_ProgramType::FundingScope-inner-vhi","searchOpenDialogs":true},"wdio_ui5_key":"CreateDialogxRFMxCU_ProgramType::FundingScope-inner-vhi"}]}
COMMAND: GET /session/1dfe7ee3e44b1352f70d6abb49b5483b/screenshot - {}
RESULT: {"script":"<script> [21 bytes]","args":[{"selector":{"id":"CreateDialog::xRFMxCU_ProgramType::FundingScope-inner-vhi","searchOpenDialogs":true},"wdio_ui5_key":"CreateDialogxRFMxCU_ProgramType::FundingScope-inner-vhi"}]}
RESULT: undefined
COMMAND: POST /session/1dfe7ee3e44b1352f70d6abb49b5483b/element - {"using":"xpath","value":"//*[@id=\"CreateDialog::xRFMxCU_ProgramType::FundingScope-inner-vhi\"]"}
RESULT: {}
RESULT: {"using":"xpath","value":"//*[@id=\"CreateDialog::xRFMxCU_ProgramType::FundingScope-inner-vhi\"]"}
COMMAND: POST /session/1dfe7ee3e44b1352f70d6abb49b5483b/element/f.F403984A132969556288FCE8126995A4.d.E30AE0070FD26F6AAB0D63391CDCBF42.e.312/click - {}
RESULT: {}
COMMAND: POST /session/1dfe7ee3e44b1352f70d6abb49b5483b/execute/async - {"script":"<script> [21 bytes]","args":[{"selector":{"controlType":"sap.fe.macros.controls.FieldWrapper","viewName":"sap.fe.templates.ObjectPage.ObjectPage","viewId":"rfm.programui::xRFMxCU_ProgramObjectPage","searchOpenDialogs":true,"ancestor":{"controlType":"sap.m.ColumnListItem","viewName":"sap.fe.templates.ObjectPage.ObjectPage","viewId":"rfm.programui::xRFMxCU_ProgramObjectPage","bindingPath":{"path":"/xRFMxCH_FundingScope($uid=id-1741785288444-920)"},"ancestor":{"id":"FundingScope::VH::Popover::qualifier::::SuggestTable","searchOpenDialogs":true}}},"wdio_ui5_key":"sapfe.templates.ObjectPage.ObjectPagesap.fe.macros.controls.FieldWrapper{\"controlType\":\"sap.m.ColumnListItem\",\"viewName\":\"sap.fe.templates.ObjectPage.ObjectPage\",\"viewId\":\"rfm.programui::xRFMxCU_ProgramObjectPage\",\"bindingPath\":{\"path\":\"/xRFMxCH_FundingScope($uid=id-1741785288444-920)\"},\"ancestor\":{\"id\":\"FundingScope::VH::Popover::qualifier::::SuggestTable\",\"searchOpenDialogs\":true}}"}]}
COMMAND: GET /session/1dfe7ee3e44b1352f70d6abb49b5483b/screenshot - {}
RESULT: {"script":"<script> [21 bytes]","args":[{"selector":{"controlType":"sap.fe.macros.controls.FieldWrapper","viewName":"sap.fe.templates.ObjectPage.ObjectPage","viewId":"rfm.programui::xRFMxCU_ProgramObjectPage","searchOpenDialogs":true,"ancestor":{"controlType":"sap.m.ColumnListItem","viewName":"sap.fe.templates.ObjectPage.ObjectPage","viewId":"rfm.programui::xRFMxCU_ProgramObjectPage","bindingPath":{"path":"/xRFMxCH_FundingScope($uid=id-1741785288444-920)"},"ancestor":{"id":"FundingScope::VH::Popover::qualifier::::SuggestTable","searchOpenDialogs":true}}},"wdio_ui5_key":"sapfe.templates.ObjectPage.ObjectPagesap.fe.macros.controls.FieldWrapper{\"controlType\":\"sap.m.ColumnListItem\",\"viewName\":\"sap.fe.templates.ObjectPage.ObjectPage\",\"viewId\":\"rfm.programui::xRFMxCU_ProgramObjectPage\",\"bindingPath\":{\"path\":\"/xRFMxCH_FundingScope($uid=id-1741785288444-920)\"},\"ancestor\":{\"id\":\"FundingScope::VH::Popover::qualifier::::SuggestTable\",\"searchOpenDialogs\":true}}"}]}
RESULT: undefined
COMMAND: POST /session/1dfe7ee3e44b1352f70d6abb49b5483b/execute/async - {"script":"<script> [21 bytes]","args":[{"selector":{"id":"CreateDialog::xRFMxCU_ProgramType::ValidFrom-inner","searchOpenDialogs":true,"interaction":{"idSuffix":"inner"}},"wdio_ui5_key":"CreateDialogxRFMxCU_ProgramType::ValidFrom-inner"}]}
RESULT: {}
RESULT: {"script":"<script> [21 bytes]","args":[{"selector":{"id":"CreateDialog::xRFMxCU_ProgramType::ValidFrom-inner","searchOpenDialogs":true,"interaction":{"idSuffix":"inner"}},"wdio_ui5_key":"CreateDialogxRFMxCU_ProgramType::ValidFrom-inner"}]}
RESULT: undefined
COMMAND: POST /session/1dfe7ee3e44b1352f70d6abb49b5483b/execute/async - {"script":"<script> [21 bytes]","args":[{"element-6066-11e4-a52e-4f735466cecf":"f.F403984A132969556288FCE8126995A4.d.E30AE0070FD26F6AAB0D63391CDCBF42.e.306"},"setValue",["2025-02-28"]]}
RESULT: {"script":"<script> [21 bytes]","args":[{"element-6066-11e4-a52e-4f735466cecf":"f.F403984A132969556288FCE8126995A4.d.E30AE0070FD26F6AAB0D63391CDCBF42.e.306"},"setValue",["2025-02-28"]]}
COMMAND: POST /session/1dfe7ee3e44b1352f70d6abb49b5483b/execute/async - {"script":"<script> [21 bytes]","args":[{"selector":{"id":"CreateDialog::xRFMxCU_ProgramType::PortfolioId-inner-vhi","searchOpenDialogs":true},"wdio_ui5_key":"CreateDialogxRFMxCU_ProgramType::PortfolioId-inner-vhi"}]}
RESULT: {"script":"<script> [21 bytes]","args":[{"selector":{"id":"CreateDialog::xRFMxCU_ProgramType::PortfolioId-inner-vhi","searchOpenDialogs":true},"wdio_ui5_key":"CreateDialogxRFMxCU_ProgramType::PortfolioId-inner-vhi"}]}
RESULT: undefined
COMMAND: POST /session/1dfe7ee3e44b1352f70d6abb49b5483b/element - {"using":"xpath","value":"//*[@id=\"CreateDialog::xRFMxCU_ProgramType::PortfolioId-inner-vhi\"]"}
RESULT: {"using":"xpath","value":"//*[@id=\"CreateDialog::xRFMxCU_ProgramType::PortfolioId-inner-vhi\"]"}
COMMAND: POST /session/1dfe7ee3e44b1352f70d6abb49b5483b/element/f.F403984A132969556288FCE8126995A4.d.E30AE0070FD26F6AAB0D63391CDCBF42.e.314/click - {}
RESULT: {}
COMMAND: POST /session/1dfe7ee3e44b1352f70d6abb49b5483b/execute/async - {"script":"<script> [21 bytes]","args":[{"selector":{"controlType":"sap.fe.macros.controls.FieldWrapper","viewName":"sap.fe.templates.ObjectPage.ObjectPage","viewId":"rfm.programui::xRFMxCU_ProgramObjectPage","searchOpenDialogs":true,"ancestor":{"controlType":"sap.m.ColumnListItem","viewName":"sap.fe.templates.ObjectPage.ObjectPage","viewId":"rfm.programui::xRFMxCU_ProgramObjectPage","bindingPath":{"path":"/xRFMxCH_FundingName($uid=id-1741785191019-900)"},"ancestor":{"id":"PortfolioId::VH::Popover::qualifier::::SuggestTable","searchOpenDialogs":true}}},"wdio_ui5_key":"sapfe.templates.ObjectPage.ObjectPagesap.fe.macros.controls.FieldWrapper{\"controlType\":\"sap.m.ColumnListItem\",\"viewName\":\"sap.fe.templates.ObjectPage.ObjectPage\",\"viewId\":\"rfm.programui::xRFMxCU_ProgramObjectPage\",\"bindingPath\":{\"path\":\"/xRFMxCH_FundingName($uid=id-1741785191019-900)\"},\"ancestor\":{\"id\":\"PortfolioId::VH::Popover::qualifier::::SuggestTable\",\"searchOpenDialogs\":true}}"}]}
COMMAND: GET /session/1dfe7ee3e44b1352f70d6abb49b5483b/screenshot - {}
RESULT: {"script":"<script> [21 bytes]","args":[{"selector":{"controlType":"sap.fe.macros.controls.FieldWrapper","viewName":"sap.fe.templates.ObjectPage.ObjectPage","viewId":"rfm.programui::xRFMxCU_ProgramObjectPage","searchOpenDialogs":true,"ancestor":{"controlType":"sap.m.ColumnListItem","viewName":"sap.fe.templates.ObjectPage.ObjectPage","viewId":"rfm.programui::xRFMxCU_ProgramObjectPage","bindingPath":{"path":"/xRFMxCH_FundingName($uid=id-1741785191019-900)"},"ancestor":{"id":"PortfolioId::VH::Popover::qualifier::::SuggestTable","searchOpenDialogs":true}}},"wdio_ui5_key":"sapfe.templates.ObjectPage.ObjectPagesap.fe.macros.controls.FieldWrapper{\"controlType\":\"sap.m.ColumnListItem\",\"viewName\":\"sap.fe.templates.ObjectPage.ObjectPage\",\"viewId\":\"rfm.programui::xRFMxCU_ProgramObjectPage\",\"bindingPath\":{\"path\":\"/xRFMxCH_FundingName($uid=id-1741785191019-900)\"},\"ancestor\":{\"id\":\"PortfolioId::VH::Popover::qualifier::::SuggestTable\",\"searchOpenDialogs\":true}}"}]}
RESULT: undefined
RESULT: {}
COMMAND: POST /session/1dfe7ee3e44b1352f70d6abb49b5483b/execute/async - {"script":"<script> [21 bytes]","args":[{"selector":{"controlType":"sap.m.Button","viewName":"sap.fe.templates.ObjectPage.ObjectPage","viewId":"rfm.programui::xRFMxCU_ProgramObjectPage","properties":{"text":"Continue"},"searchOpenDialogs":true,"interaction":{"idSuffix":"BDI-content"}},"wdio_ui5_key":"sapfe.templates.ObjectPage.ObjectPagesap.m.Button{\"text\":\"Continue\"}"}]}
RESULT: {"script":"<script> [21 bytes]","args":[{"selector":{"controlType":"sap.m.Button","viewName":"sap.fe.templates.ObjectPage.ObjectPage","viewId":"rfm.programui::xRFMxCU_ProgramObjectPage","properties":{"text":"Continue"},"searchOpenDialogs":true,"interaction":{"idSuffix":"BDI-content"}},"wdio_ui5_key":"sapfe.templates.ObjectPage.ObjectPagesap.m.Button{\"text\":\"Continue\"}"}]}
RESULT: undefined
COMMAND: POST /session/1dfe7ee3e44b1352f70d6abb49b5483b/element - {"using":"xpath","value":"//*[@id=\"__button187\"]"}
RESULT: {"using":"xpath","value":"//*[@id=\"__button187\"]"}
COMMAND: POST /session/1dfe7ee3e44b1352f70d6abb49b5483b/element/f.F403984A132969556288FCE8126995A4.d.E30AE0070FD26F6AAB0D63391CDCBF42.e.318/click - {}
RESULT: {}
COMMAND: POST /session/1dfe7ee3e44b1352f70d6abb49b5483b/execute/async - {"script":"<script> [21 bytes]","args":[{"selector":{"id":"rfm.programui::xRFMxCU_ProgramObjectPage--fe::CustomSubSection::CustomDetailsSection--fe::FormContainer::FieldGroup::basicData1::FormElement::DataField::Currency::Field-edit-inner","interaction":{"idSuffix":"inner"}},"wdio_ui5_key":"rfmprogramui::xRFMxCU_ProgramObjectPage--fe::CustomSubSection::CustomDetailsSection--fe::FormContainer::FieldGroup::basicData1::FormElement::DataField::Currency::Field-edit-inner"}]}
COMMAND: GET /session/1dfe7ee3e44b1352f70d6abb49b5483b/screenshot - {}
RESULT: {"script":"<script> [21 bytes]","args":[{"selector":{"id":"rfm.programui::xRFMxCU_ProgramObjectPage--fe::CustomSubSection::CustomDetailsSection--fe::FormContainer::FieldGroup::basicData1::FormElement::DataField::Currency::Field-edit-inner","interaction":{"idSuffix":"inner"}},"wdio_ui5_key":"rfmprogramui::xRFMxCU_ProgramObjectPage--fe::CustomSubSection::CustomDetailsSection--fe::FormContainer::FieldGroup::basicData1::FormElement::DataField::Currency::Field-edit-inner"}]}
RESULT: undefined
COMMAND: POST /session/1dfe7ee3e44b1352f70d6abb49b5483b/execute/async - {"script":"<script> [20 bytes]","args":[{"enterText":"EUR","selector":{"id":"rfm.programui::xRFMxCU_ProgramObjectPage--fe::CustomSubSection::CustomDetailsSection--fe::FormContainer::FieldGroup::basicData1::FormElement::DataField::Currency::Field-edit-inner","interaction":{"idSuffix":"inner"}},"clearTextFirst":true,"interactionType":"ENTER_TEXT"}]}
RESULT: {}
RESULT: {"script":"<script> [20 bytes]","args":[{"enterText":"EUR","selector":{"id":"rfm.programui::xRFMxCU_ProgramObjectPage--fe::CustomSubSection::CustomDetailsSection--fe::FormContainer::FieldGroup::basicData1::FormElement::DataField::Currency::Field-edit-inner","interaction":{"idSuffix":"inner"}},"clearTextFirst":true,"interactionType":"ENTER_TEXT"}]}
COMMAND: POST /session/1dfe7ee3e44b1352f70d6abb49b5483b/execute/async - {"script":"<script> [21 bytes]","args":[{"selector":{"id":"rfm.programui::xRFMxCU_ProgramObjectPage--fe::CustomSubSection::CustomDetailsSection--fe::FormContainer::FieldGroup::basicData1::FormElement::DataField::ValidTo::Field-edit","interaction":{"idSuffix":"inner"}},"wdio_ui5_key":"rfmprogramui::xRFMxCU_ProgramObjectPage--fe::CustomSubSection::CustomDetailsSection--fe::FormContainer::FieldGroup::basicData1::FormElement::DataField::ValidTo::Field-edit"}]}
RESULT: {"script":"<script> [21 bytes]","args":[{"selector":{"id":"rfm.programui::xRFMxCU_ProgramObjectPage--fe::CustomSubSection::CustomDetailsSection--fe::FormContainer::FieldGroup::basicData1::FormElement::DataField::ValidTo::Field-edit","interaction":{"idSuffix":"inner"}},"wdio_ui5_key":"rfmprogramui::xRFMxCU_ProgramObjectPage--fe::CustomSubSection::CustomDetailsSection--fe::FormContainer::FieldGroup::basicData1::FormElement::DataField::ValidTo::Field-edit"}]}
RESULT: undefined
COMMAND: POST /session/1dfe7ee3e44b1352f70d6abb49b5483b/execute/async - {"script":"<script> [21 bytes]","args":[{"element-6066-11e4-a52e-4f735466cecf":"f.F403984A132969556288FCE8126995A4.d.E30AE0070FD26F6AAB0D63391CDCBF42.e.357"},"setValue",["2025-03-28"]]}
RESULT: {"script":"<script> [21 bytes]","args":[{"element-6066-11e4-a52e-4f735466cecf":"f.F403984A132969556288FCE8126995A4.d.E30AE0070FD26F6AAB0D63391CDCBF42.e.357"},"setValue",["2025-03-28"]]}
COMMAND: POST /session/1dfe7ee3e44b1352f70d6abb49b5483b/execute/async - {"script":"<script> [21 bytes]","args":[{"selector":{"id":"rfm.programui::xRFMxCU_ProgramObjectPage--fe::CustomSubSection::CustomDetailsSection--fe::FormContainer::FieldGroup::basicData2::FormElement::DataField::CompanyCode::Field-edit-inner","interaction":{"idSuffix":"inner"}},"wdio_ui5_key":"rfmprogramui::xRFMxCU_ProgramObjectPage--fe::CustomSubSection::CustomDetailsSection--fe::FormContainer::FieldGroup::basicData2::FormElement::DataField::CompanyCode::Field-edit-inner"}]}
RESULT: {"script":"<script> [21 bytes]","args":[{"selector":{"id":"rfm.programui::xRFMxCU_ProgramObjectPage--fe::CustomSubSection::CustomDetailsSection--fe::FormContainer::FieldGroup::basicData2::FormElement::DataField::CompanyCode::Field-edit-inner","interaction":{"idSuffix":"inner"}},"wdio_ui5_key":"rfmprogramui::xRFMxCU_ProgramObjectPage--fe::CustomSubSection::CustomDetailsSection--fe::FormContainer::FieldGroup::basicData2::FormElement::DataField::CompanyCode::Field-edit-inner"}]}
RESULT: undefined
COMMAND: POST /session/1dfe7ee3e44b1352f70d6abb49b5483b/execute/async - {"script":"<script> [20 bytes]","args":[{"enterText":"0001","selector":{"id":"rfm.programui::xRFMxCU_ProgramObjectPage--fe::CustomSubSection::CustomDetailsSection--fe::FormContainer::FieldGroup::basicData2::FormElement::DataField::CompanyCode::Field-edit-inner","interaction":{"idSuffix":"inner"}},"clearTextFirst":true,"interactionType":"ENTER_TEXT"}]}
RESULT: {"script":"<script> [20 bytes]","args":[{"enterText":"0001","selector":{"id":"rfm.programui::xRFMxCU_ProgramObjectPage--fe::CustomSubSection::CustomDetailsSection--fe::FormContainer::FieldGroup::basicData2::FormElement::DataField::CompanyCode::Field-edit-inner","interaction":{"idSuffix":"inner"}},"clearTextFirst":true,"interactionType":"ENTER_TEXT"}]}
COMMAND: POST /session/1dfe7ee3e44b1352f70d6abb49b5483b/execute/async - {"script":"<script> [21 bytes]","args":[{"selector":{"id":"rfm.programui::xRFMxCU_ProgramObjectPage--fe::ObjectPage-anchBar-rfm.programui::xRFMxCU_ProgramObjectPage--fe::EditableHeaderSection-anchor","interaction":{"idSuffix":"text"}},"wdio_ui5_key":"rfmprogramui::xRFMxCU_ProgramObjectPage--fe::ObjectPage-anchBar-rfm.programui::xRFMxCU_ProgramObjectPage--fe::EditableHeaderSection-anchor"}]}
RESULT: {"script":"<script> [21 bytes]","args":[{"selector":{"id":"rfm.programui::xRFMxCU_ProgramObjectPage--fe::ObjectPage-anchBar-rfm.programui::xRFMxCU_ProgramObjectPage--fe::EditableHeaderSection-anchor","interaction":{"idSuffix":"text"}},"wdio_ui5_key":"rfmprogramui::xRFMxCU_ProgramObjectPage--fe::ObjectPage-anchBar-rfm.programui::xRFMxCU_ProgramObjectPage--fe::EditableHeaderSection-anchor"}]}
RESULT: undefined
COMMAND: POST /session/1dfe7ee3e44b1352f70d6abb49b5483b/element - {"using":"xpath","value":"//*[@id=\"rfm.programui::xRFMxCU_ProgramObjectPage--fe::ObjectPage-anchBar-rfm.programui::xRFMxCU_ProgramObjectPage--fe::EditableHeaderSection-anchor\"]"}
RESULT: {"using":"xpath","value":"//*[@id=\"rfm.programui::xRFMxCU_ProgramObjectPage--fe::ObjectPage-anchBar-rfm.programui::xRFMxCU_ProgramObjectPage--fe::EditableHeaderSection-anchor\"]"}
COMMAND: POST /session/1dfe7ee3e44b1352f70d6abb49b5483b/element/f.F403984A132969556288FCE8126995A4.d.E30AE0070FD26F6AAB0D63391CDCBF42.e.369/click - {}
RESULT: {}
COMMAND: POST /session/1dfe7ee3e44b1352f70d6abb49b5483b/execute/async - {"script":"<script> [21 bytes]","args":[{"selector":{"id":"rfm.programui::xRFMxCU_ProgramObjectPage--fe::HeaderFacet::FormContainer::headerFieldsGP1::FormElement::DataField::Name::Field-edit","interaction":{"idSuffix":"inner"}},"wdio_ui5_key":"rfmprogramui::xRFMxCU_ProgramObjectPage--fe::HeaderFacet::FormContainer::headerFieldsGP1::FormElement::DataField::Name::Field-edit"}]}
COMMAND: GET /session/1dfe7ee3e44b1352f70d6abb49b5483b/screenshot - {}
RESULT: {"script":"<script> [21 bytes]","args":[{"selector":{"id":"rfm.programui::xRFMxCU_ProgramObjectPage--fe::HeaderFacet::FormContainer::headerFieldsGP1::FormElement::DataField::Name::Field-edit","interaction":{"idSuffix":"inner"}},"wdio_ui5_key":"rfmprogramui::xRFMxCU_ProgramObjectPage--fe::HeaderFacet::FormContainer::headerFieldsGP1::FormElement::DataField::Name::Field-edit"}]}
RESULT: undefined
COMMAND: POST /session/1dfe7ee3e44b1352f70d6abb49b5483b/execute/async - {"script":"<script> [20 bytes]","args":[{"enterText":"WDIO_2025-08-08","selector":{"id":"rfm.programui::xRFMxCU_ProgramObjectPage--fe::HeaderFacet::FormContainer::headerFieldsGP1::FormElement::DataField::Name::Field-edit","interaction":{"idSuffix":"inner"}},"clearTextFirst":true,"interactionType":"ENTER_TEXT"}]}
RESULT: {}
RESULT: {"script":"<script> [20 bytes]","args":[{"enterText":"WDIO_2025-08-08","selector":{"id":"rfm.programui::xRFMxCU_ProgramObjectPage--fe::HeaderFacet::FormContainer::headerFieldsGP1::FormElement::DataField::Name::Field-edit","interaction":{"idSuffix":"inner"}},"clearTextFirst":true,"interactionType":"ENTER_TEXT"}]}
COMMAND: POST /session/1dfe7ee3e44b1352f70d6abb49b5483b/execute/async - {"script":"<script> [21 bytes]","args":[{"selector":{"id":"rfm.programui::xRFMxCU_ProgramObjectPage--fe::FooterBar::StandardAction::Save","interaction":{"idSuffix":"BDI-content"}},"wdio_ui5_key":"rfmprogramui::xRFMxCU_ProgramObjectPage--fe::FooterBar::StandardAction::Save"}]}
RESULT: {"script":"<script> [21 bytes]","args":[{"selector":{"id":"rfm.programui::xRFMxCU_ProgramObjectPage--fe::FooterBar::StandardAction::Save","interaction":{"idSuffix":"BDI-content"}},"wdio_ui5_key":"rfmprogramui::xRFMxCU_ProgramObjectPage--fe::FooterBar::StandardAction::Save"}]}
RESULT: undefined
COMMAND: POST /session/1dfe7ee3e44b1352f70d6abb49b5483b/element - {"using":"xpath","value":"//*[@id=\"rfm.programui::xRFMxCU_ProgramObjectPage--fe::FooterBar::StandardAction::Save\"]"}
RESULT: {"using":"xpath","value":"//*[@id=\"rfm.programui::xRFMxCU_ProgramObjectPage--fe::FooterBar::StandardAction::Save\"]"}
COMMAND: POST /session/1dfe7ee3e44b1352f70d6abb49b5483b/element/f.F403984A132969556288FCE8126995A4.d.E30AE0070FD26F6AAB0D63391CDCBF42.e.376/click - {}
RESULT: {}
COMMAND: POST /session/1dfe7ee3e44b1352f70d6abb49b5483b/execute/async - {"script":"<script> [21 bytes]","args":[{"selector":{"id":"rfm.programui::xRFMxCU_ProgramObjectPage--fe::HeaderFacet::Form::headerFieldsGP1::DataField::ProgramId::Field-content"},"wdio_ui5_key":"rfmprogramui::xRFMxCU_ProgramObjectPage--fe::HeaderFacet::Form::headerFieldsGP1::DataField::ProgramId::Field-content"}]}
COMMAND: GET /session/1dfe7ee3e44b1352f70d6abb49b5483b/screenshot - {}
RESULT: {"script":"<script> [21 bytes]","args":[{"selector":{"id":"rfm.programui::xRFMxCU_ProgramObjectPage--fe::HeaderFacet::Form::headerFieldsGP1::DataField::ProgramId::Field-content"},"wdio_ui5_key":"rfmprogramui::xRFMxCU_ProgramObjectPage--fe::HeaderFacet::Form::headerFieldsGP1::DataField::ProgramId::Field-content"}]}
RESULT: undefined
COMMAND: POST /session/1dfe7ee3e44b1352f70d6abb49b5483b/execute/async - {"script":"<script> [21 bytes]","args":[{"element-6066-11e4-a52e-4f735466cecf":"f.F403984A132969556288FCE8126995A4.d.E30AE0070FD26F6AAB0D63391CDCBF42.e.386"},"getText",[]]}
RESULT: {}
RESULT: {"script":"<script> [21 bytes]","args":[{"element-6066-11e4-a52e-4f735466cecf":"f.F403984A132969556288FCE8126995A4.d.E30AE0070FD26F6AAB0D63391CDCBF42.e.386"},"getText",[]]}
COMMAND: POST /session/1dfe7ee3e44b1352f70d6abb49b5483b/execute/async - {"script":"<script> [21 bytes]","args":[{"selector":{"id":"rfm.programui::xRFMxCU_ProgramObjectPage--fe::FooterBar::MessageButton-img"},"wdio_ui5_key":"rfmprogramui::xRFMxCU_ProgramObjectPage--fe::FooterBar::MessageButton-img"}]}
RESULT: {"script":"<script> [21 bytes]","args":[{"selector":{"id":"rfm.programui::xRFMxCU_ProgramObjectPage--fe::FooterBar::MessageButton-img"},"wdio_ui5_key":"rfmprogramui::xRFMxCU_ProgramObjectPage--fe::FooterBar::MessageButton-img"}]}
RESULT: undefined
COMMAND: GET /session/1dfe7ee3e44b1352f70d6abb49b5483b/screenshot - {}
]]></system-out>
    </testcase>
    <testcase classname="chrome.138_0_7204_184.windows.Funding_Program" name="Should filter created Program" time="10.535">
      <system-out><![CDATA[
COMMAND: POST /session/1dfe7ee3e44b1352f70d6abb49b5483b/execute/async - {"script":"<script> [21 bytes]","args":[{"selector":{"id":"rfm.programui::xRFMxCU_ProgramObjectPage--fe::FCLStandardAction::Close-img"},"wdio_ui5_key":"rfmprogramui::xRFMxCU_ProgramObjectPage--fe::FCLStandardAction::Close-img"}]}
RESULT: {}
RESULT: {"script":"<script> [21 bytes]","args":[{"selector":{"id":"rfm.programui::xRFMxCU_ProgramObjectPage--fe::FCLStandardAction::Close-img"},"wdio_ui5_key":"rfmprogramui::xRFMxCU_ProgramObjectPage--fe::FCLStandardAction::Close-img"}]}
RESULT: undefined
COMMAND: POST /session/1dfe7ee3e44b1352f70d6abb49b5483b/element - {"using":"xpath","value":"//*[@id=\"rfm.programui::xRFMxCU_ProgramObjectPage--fe::FCLStandardAction::Close-img\"]"}
RESULT: {"using":"xpath","value":"//*[@id=\"rfm.programui::xRFMxCU_ProgramObjectPage--fe::FCLStandardAction::Close-img\"]"}
COMMAND: POST /session/1dfe7ee3e44b1352f70d6abb49b5483b/element/f.F403984A132969556288FCE8126995A4.d.E30AE0070FD26F6AAB0D63391CDCBF42.e.388/click - {}
RESULT: {}
COMMAND: POST /session/1dfe7ee3e44b1352f70d6abb49b5483b/execute/async - {"script":"<script> [21 bytes]","args":[{"selector":{"id":"rfm.programui::xRFMxCU_ProgramList--fe::FilterBar::xRFMxCU_Program::FilterField::ProgramId-inner","interaction":{"idSuffix":"inner"}},"wdio_ui5_key":"rfmprogramui::xRFMxCU_ProgramList--fe::FilterBar::xRFMxCU_Program::FilterField::ProgramId-inner"}]}
COMMAND: GET /session/1dfe7ee3e44b1352f70d6abb49b5483b/screenshot - {}
RESULT: {"script":"<script> [21 bytes]","args":[{"selector":{"id":"rfm.programui::xRFMxCU_ProgramList--fe::FilterBar::xRFMxCU_Program::FilterField::ProgramId-inner","interaction":{"idSuffix":"inner"}},"wdio_ui5_key":"rfmprogramui::xRFMxCU_ProgramList--fe::FilterBar::xRFMxCU_Program::FilterField::ProgramId-inner"}]}
RESULT: undefined
COMMAND: POST /session/1dfe7ee3e44b1352f70d6abb49b5483b/execute/async - {"script":"<script> [20 bytes]","args":[{"enterText":"1433","selector":{"id":"rfm.programui::xRFMxCU_ProgramList--fe::FilterBar::xRFMxCU_Program::FilterField::ProgramId-inner","interaction":{"idSuffix":"inner"}},"clearTextFirst":true,"interactionType":"ENTER_TEXT"}]}
RESULT: {}
RESULT: {"script":"<script> [20 bytes]","args":[{"enterText":"1433","selector":{"id":"rfm.programui::xRFMxCU_ProgramList--fe::FilterBar::xRFMxCU_Program::FilterField::ProgramId-inner","interaction":{"idSuffix":"inner"}},"clearTextFirst":true,"interactionType":"ENTER_TEXT"}]}
COMMAND: POST /session/1dfe7ee3e44b1352f70d6abb49b5483b/execute/async - {"script":"<script> [21 bytes]","args":[{"selector":{"id":"rfm.programui::xRFMxCU_ProgramList--fe::FilterBar::xRFMxCU_Program-btnSearch","interaction":{"idSuffix":"BDI-content"}},"wdio_ui5_key":"rfmprogramui::xRFMxCU_ProgramList--fe::FilterBar::xRFMxCU_Program-btnSearch"}]}
RESULT: {"script":"<script> [21 bytes]","args":[{"selector":{"id":"rfm.programui::xRFMxCU_ProgramList--fe::FilterBar::xRFMxCU_Program-btnSearch","interaction":{"idSuffix":"BDI-content"}},"wdio_ui5_key":"rfmprogramui::xRFMxCU_ProgramList--fe::FilterBar::xRFMxCU_Program-btnSearch"}]}
RESULT: undefined
COMMAND: POST /session/1dfe7ee3e44b1352f70d6abb49b5483b/element - {"using":"xpath","value":"//*[@id=\"rfm.programui::xRFMxCU_ProgramList--fe::FilterBar::xRFMxCU_Program-btnSearch\"]"}
RESULT: {"using":"xpath","value":"//*[@id=\"rfm.programui::xRFMxCU_ProgramList--fe::FilterBar::xRFMxCU_Program-btnSearch\"]"}
COMMAND: POST /session/1dfe7ee3e44b1352f70d6abb49b5483b/element/f.F403984A132969556288FCE8126995A4.d.E30AE0070FD26F6AAB0D63391CDCBF42.e.444/click - {}
RESULT: {}
COMMAND: GET /session/1dfe7ee3e44b1352f70d6abb49b5483b/screenshot - {}
RESULT: {}
COMMAND: POST /session/1dfe7ee3e44b1352f70d6abb49b5483b/execute/async - {"script":"<script> [21 bytes]","args":[{"selector":{"controlType":"sap.m.Text","viewName":"sap.fe.templates.ListReport.ListReport","viewId":"rfm.programui::xRFMxCU_ProgramList","bindingPath":{"path":"/xRFMxCU_Program(ProgramId='1433',IsActiveEntity=true)","propertyPath":"ProgramId"}},"wdio_ui5_key":"sapfe.templates.ListReport.ListReportsap.m.Text{\"path\":\"/xRFMxCU_Program(ProgramId='1433',IsActiveEntity=true)\",\"propertyPath\":\"ProgramId\"}"}]}
RESULT: {"script":"<script> [21 bytes]","args":[{"selector":{"controlType":"sap.m.Text","viewName":"sap.fe.templates.ListReport.ListReport","viewId":"rfm.programui::xRFMxCU_ProgramList","bindingPath":{"path":"/xRFMxCU_Program(ProgramId='1433',IsActiveEntity=true)","propertyPath":"ProgramId"}},"wdio_ui5_key":"sapfe.templates.ListReport.ListReportsap.m.Text{\"path\":\"/xRFMxCU_Program(ProgramId='1433',IsActiveEntity=true)\",\"propertyPath\":\"ProgramId\"}"}]}
RESULT: undefined
COMMAND: POST /session/1dfe7ee3e44b1352f70d6abb49b5483b/execute/async - {"script":"<script> [21 bytes]","args":[{"element-6066-11e4-a52e-4f735466cecf":"f.F403984A132969556288FCE8126995A4.d.E30AE0070FD26F6AAB0D63391CDCBF42.e.483"},"getText",[]]}
RESULT: {"script":"<script> [21 bytes]","args":[{"element-6066-11e4-a52e-4f735466cecf":"f.F403984A132969556288FCE8126995A4.d.E30AE0070FD26F6AAB0D63391CDCBF42.e.483"},"getText",[]]}
COMMAND: GET /session/1dfe7ee3e44b1352f70d6abb49b5483b/screenshot - {}
]]></system-out>
    </testcase>
    <testcase classname="chrome.138_0_7204_184.windows.Funding_Program" name="Should navigate to object page" time="21.997">
      <system-out><![CDATA[
COMMAND: POST /session/1dfe7ee3e44b1352f70d6abb49b5483b/execute/async - {"script":"<script> [21 bytes]","args":[{"selector":{"controlType":"sap.ui.core.Icon","viewName":"sap.fe.templates.ListReport.ListReport","viewId":"rfm.programui::xRFMxCU_ProgramList","properties":{"src":{"regex":{"source":"navigation\\-right\\-arrow"}}},"ancestor":{"id":"rfm.programui::xRFMxCU_ProgramList--fe::table::allTab::LineItem-innerTable-rows-row0"}},"wdio_ui5_key":"sapfe.templates.ListReport.ListReportsap.ui.core.Icon{\"src\":{\"regex\":{\"source\":\"navigation\\\\-right\\\\-arrow\"}}}{\"id\":\"rfm.programui::xRFMxCU_ProgramList--fe::table::allTab::LineItem-innerTable-rows-row0\"}"}]}
RESULT: {}
RESULT: {"script":"<script> [21 bytes]","args":[{"selector":{"controlType":"sap.ui.core.Icon","viewName":"sap.fe.templates.ListReport.ListReport","viewId":"rfm.programui::xRFMxCU_ProgramList","properties":{"src":{"regex":{"source":"navigation\\-right\\-arrow"}}},"ancestor":{"id":"rfm.programui::xRFMxCU_ProgramList--fe::table::allTab::LineItem-innerTable-rows-row0"}},"wdio_ui5_key":"sapfe.templates.ListReport.ListReportsap.ui.core.Icon{\"src\":{\"regex\":{\"source\":\"navigation\\\\-right\\\\-arrow\"}}}{\"id\":\"rfm.programui::xRFMxCU_ProgramList--fe::table::allTab::LineItem-innerTable-rows-row0\"}"}]}
RESULT: undefined
COMMAND: POST /session/1dfe7ee3e44b1352f70d6abb49b5483b/element - {"using":"xpath","value":"//*[@id=\"__action0-__clone154-icon0\"]"}
RESULT: {"using":"xpath","value":"//*[@id=\"__action0-__clone154-icon0\"]"}
COMMAND: POST /session/1dfe7ee3e44b1352f70d6abb49b5483b/element/f.F403984A132969556288FCE8126995A4.d.E30AE0070FD26F6AAB0D63391CDCBF42.e.484/click - {}
RESULT: {}
COMMAND: GET /session/1dfe7ee3e44b1352f70d6abb49b5483b/screenshot - {}
RESULT: {}
COMMAND: POST /session/1dfe7ee3e44b1352f70d6abb49b5483b/execute/async - {"script":"<script> [21 bytes]","args":[{"selector":{"id":"rfm.programui::xRFMxCU_ProgramObjectPage--fe::FCLStandardAction::FullScreen","interaction":{"idSuffix":"inner"}},"wdio_ui5_key":"rfmprogramui::xRFMxCU_ProgramObjectPage--fe::FCLStandardAction::FullScreen"}]}
RESULT: {"script":"<script> [21 bytes]","args":[{"selector":{"id":"rfm.programui::xRFMxCU_ProgramObjectPage--fe::FCLStandardAction::FullScreen","interaction":{"idSuffix":"inner"}},"wdio_ui5_key":"rfmprogramui::xRFMxCU_ProgramObjectPage--fe::FCLStandardAction::FullScreen"}]}
RESULT: undefined
COMMAND: POST /session/1dfe7ee3e44b1352f70d6abb49b5483b/element - {"using":"xpath","value":"//*[@id=\"rfm.programui::xRFMxCU_ProgramObjectPage--fe::FCLStandardAction::FullScreen\"]"}
RESULT: {"using":"xpath","value":"//*[@id=\"rfm.programui::xRFMxCU_ProgramObjectPage--fe::FCLStandardAction::FullScreen\"]"}
COMMAND: POST /session/1dfe7ee3e44b1352f70d6abb49b5483b/element/f.F403984A132969556288FCE8126995A4.d.E30AE0070FD26F6AAB0D63391CDCBF42.e.487/click - {}
RESULT: {}
COMMAND: GET /session/1dfe7ee3e44b1352f70d6abb49b5483b/screenshot - {}
RESULT: {}
COMMAND: POST /session/1dfe7ee3e44b1352f70d6abb49b5483b/execute/async - {"script":"<script> [21 bytes]","args":[{"selector":{"id":"rfm.programui::xRFMxCU_ProgramObjectPage--fe::ObjectPage-anchBar-rfm.programui::xRFMxCU_ProgramObjectPage--fe::FacetSection::Investors-anchor"},"wdio_ui5_key":"rfmprogramui::xRFMxCU_ProgramObjectPage--fe::ObjectPage-anchBar-rfm.programui::xRFMxCU_ProgramObjectPage--fe::FacetSection::Investors-anchor"}]}
RESULT: {"script":"<script> [21 bytes]","args":[{"selector":{"id":"rfm.programui::xRFMxCU_ProgramObjectPage--fe::ObjectPage-anchBar-rfm.programui::xRFMxCU_ProgramObjectPage--fe::FacetSection::Investors-anchor"},"wdio_ui5_key":"rfmprogramui::xRFMxCU_ProgramObjectPage--fe::ObjectPage-anchBar-rfm.programui::xRFMxCU_ProgramObjectPage--fe::FacetSection::Investors-anchor"}]}
RESULT: undefined
COMMAND: POST /session/1dfe7ee3e44b1352f70d6abb49b5483b/element - {"using":"xpath","value":"//*[@id=\"rfm.programui::xRFMxCU_ProgramObjectPage--fe::ObjectPage-anchBar-rfm.programui::xRFMxCU_ProgramObjectPage--fe::FacetSection::Investors-anchor\"]"}
RESULT: {"using":"xpath","value":"//*[@id=\"rfm.programui::xRFMxCU_ProgramObjectPage--fe::ObjectPage-anchBar-rfm.programui::xRFMxCU_ProgramObjectPage--fe::FacetSection::Investors-anchor\"]"}
COMMAND: POST /session/1dfe7ee3e44b1352f70d6abb49b5483b/element/f.F403984A132969556288FCE8126995A4.d.E30AE0070FD26F6AAB0D63391CDCBF42.e.614/click - {}
RESULT: {}
COMMAND: GET /session/1dfe7ee3e44b1352f70d6abb49b5483b/screenshot - {}
RESULT: {}
COMMAND: POST /session/1dfe7ee3e44b1352f70d6abb49b5483b/execute/async - {"script":"<script> [21 bytes]","args":[{"selector":{"id":"rfm.programui::xRFMxCU_ProgramObjectPage--fe::ObjectPage-anchBar-rfm.programui::xRFMxCU_ProgramObjectPage--fe::FacetSection::Transactions-anchor"},"wdio_ui5_key":"rfmprogramui::xRFMxCU_ProgramObjectPage--fe::ObjectPage-anchBar-rfm.programui::xRFMxCU_ProgramObjectPage--fe::FacetSection::Transactions-anchor"}]}
RESULT: {"script":"<script> [21 bytes]","args":[{"selector":{"id":"rfm.programui::xRFMxCU_ProgramObjectPage--fe::ObjectPage-anchBar-rfm.programui::xRFMxCU_ProgramObjectPage--fe::FacetSection::Transactions-anchor"},"wdio_ui5_key":"rfmprogramui::xRFMxCU_ProgramObjectPage--fe::ObjectPage-anchBar-rfm.programui::xRFMxCU_ProgramObjectPage--fe::FacetSection::Transactions-anchor"}]}
RESULT: undefined
COMMAND: POST /session/1dfe7ee3e44b1352f70d6abb49b5483b/element - {"using":"xpath","value":"//*[@id=\"rfm.programui::xRFMxCU_ProgramObjectPage--fe::ObjectPage-anchBar-rfm.programui::xRFMxCU_ProgramObjectPage--fe::FacetSection::Transactions-anchor\"]"}
RESULT: {"using":"xpath","value":"//*[@id=\"rfm.programui::xRFMxCU_ProgramObjectPage--fe::ObjectPage-anchBar-rfm.programui::xRFMxCU_ProgramObjectPage--fe::FacetSection::Transactions-anchor\"]"}
COMMAND: POST /session/1dfe7ee3e44b1352f70d6abb49b5483b/element/f.F403984A132969556288FCE8126995A4.d.E30AE0070FD26F6AAB0D63391CDCBF42.e.620/click - {}
RESULT: {}
COMMAND: GET /session/1dfe7ee3e44b1352f70d6abb49b5483b/screenshot - {}
RESULT: {}
COMMAND: POST /session/1dfe7ee3e44b1352f70d6abb49b5483b/execute/async - {"script":"<script> [21 bytes]","args":[{"selector":{"id":"rfm.programui::xRFMxCU_ProgramObjectPage--fe::ObjectPage-anchBar-rfm.programui::xRFMxCU_ProgramObjectPage--fe::FacetSection::ChangeInfo-anchor"},"wdio_ui5_key":"rfmprogramui::xRFMxCU_ProgramObjectPage--fe::ObjectPage-anchBar-rfm.programui::xRFMxCU_ProgramObjectPage--fe::FacetSection::ChangeInfo-anchor"}]}
RESULT: {"script":"<script> [21 bytes]","args":[{"selector":{"id":"rfm.programui::xRFMxCU_ProgramObjectPage--fe::ObjectPage-anchBar-rfm.programui::xRFMxCU_ProgramObjectPage--fe::FacetSection::ChangeInfo-anchor"},"wdio_ui5_key":"rfmprogramui::xRFMxCU_ProgramObjectPage--fe::ObjectPage-anchBar-rfm.programui::xRFMxCU_ProgramObjectPage--fe::FacetSection::ChangeInfo-anchor"}]}
RESULT: undefined
COMMAND: POST /session/1dfe7ee3e44b1352f70d6abb49b5483b/element - {"using":"xpath","value":"//*[@id=\"rfm.programui::xRFMxCU_ProgramObjectPage--fe::ObjectPage-anchBar-rfm.programui::xRFMxCU_ProgramObjectPage--fe::FacetSection::ChangeInfo-anchor\"]"}
RESULT: {"using":"xpath","value":"//*[@id=\"rfm.programui::xRFMxCU_ProgramObjectPage--fe::ObjectPage-anchBar-rfm.programui::xRFMxCU_ProgramObjectPage--fe::FacetSection::ChangeInfo-anchor\"]"}
COMMAND: POST /session/1dfe7ee3e44b1352f70d6abb49b5483b/element/f.F403984A132969556288FCE8126995A4.d.E30AE0070FD26F6AAB0D63391CDCBF42.e.625/click - {}
RESULT: {}
COMMAND: GET /session/1dfe7ee3e44b1352f70d6abb49b5483b/screenshot - {}
RESULT: {}
COMMAND: POST /session/1dfe7ee3e44b1352f70d6abb49b5483b/execute/async - {"script":"<script> [21 bytes]","args":[{"selector":{"id":"rfm.programui::xRFMxCU_ProgramObjectPage--fe::ObjectPage-anchBar-rfm.programui::xRFMxCU_ProgramObjectPage--fe::CustomSection::CustomDetailsSection-anchor","interaction":{"idSuffix":"text"}},"wdio_ui5_key":"rfmprogramui::xRFMxCU_ProgramObjectPage--fe::ObjectPage-anchBar-rfm.programui::xRFMxCU_ProgramObjectPage--fe::CustomSection::CustomDetailsSection-anchor"}]}
RESULT: {"script":"<script> [21 bytes]","args":[{"selector":{"id":"rfm.programui::xRFMxCU_ProgramObjectPage--fe::ObjectPage-anchBar-rfm.programui::xRFMxCU_ProgramObjectPage--fe::CustomSection::CustomDetailsSection-anchor","interaction":{"idSuffix":"text"}},"wdio_ui5_key":"rfmprogramui::xRFMxCU_ProgramObjectPage--fe::ObjectPage-anchBar-rfm.programui::xRFMxCU_ProgramObjectPage--fe::CustomSection::CustomDetailsSection-anchor"}]}
RESULT: undefined
COMMAND: POST /session/1dfe7ee3e44b1352f70d6abb49b5483b/element - {"using":"xpath","value":"//*[@id=\"rfm.programui::xRFMxCU_ProgramObjectPage--fe::ObjectPage-anchBar-rfm.programui::xRFMxCU_ProgramObjectPage--fe::CustomSection::CustomDetailsSection-anchor\"]"}
RESULT: {"using":"xpath","value":"//*[@id=\"rfm.programui::xRFMxCU_ProgramObjectPage--fe::ObjectPage-anchBar-rfm.programui::xRFMxCU_ProgramObjectPage--fe::CustomSection::CustomDetailsSection-anchor\"]"}
COMMAND: POST /session/1dfe7ee3e44b1352f70d6abb49b5483b/element/f.F403984A132969556288FCE8126995A4.d.E30AE0070FD26F6AAB0D63391CDCBF42.e.629/click - {}
RESULT: {}
COMMAND: GET /session/1dfe7ee3e44b1352f70d6abb49b5483b/screenshot - {}
COMMAND: GET /session/1dfe7ee3e44b1352f70d6abb49b5483b/screenshot - {}
]]></system-out>
    </testcase>
    <testcase classname="chrome.138_0_7204_184.windows.Funding_Program" name="Should press Related Apps button and then Funding Pool navigation button" time="11.851">
      <system-out><![CDATA[
COMMAND: POST /session/1dfe7ee3e44b1352f70d6abb49b5483b/execute/async - {"script":"<script> [21 bytes]","args":[{"selector":{"id":"rfm.programui::xRFMxCU_ProgramObjectPage--fe::HeaderFacet::Form::headerFieldsGP1::DataField::Name::Field-content"},"wdio_ui5_key":"rfmprogramui::xRFMxCU_ProgramObjectPage--fe::HeaderFacet::Form::headerFieldsGP1::DataField::Name::Field-content"}]}
RESULT: {}
RESULT: {}
RESULT: {"script":"<script> [21 bytes]","args":[{"selector":{"id":"rfm.programui::xRFMxCU_ProgramObjectPage--fe::HeaderFacet::Form::headerFieldsGP1::DataField::Name::Field-content"},"wdio_ui5_key":"rfmprogramui::xRFMxCU_ProgramObjectPage--fe::HeaderFacet::Form::headerFieldsGP1::DataField::Name::Field-content"}]}
RESULT: undefined
COMMAND: POST /session/1dfe7ee3e44b1352f70d6abb49b5483b/execute/async - {"script":"<script> [21 bytes]","args":[{"element-6066-11e4-a52e-4f735466cecf":"f.F403984A132969556288FCE8126995A4.d.E30AE0070FD26F6AAB0D63391CDCBF42.e.530"},"getText",[]]}
RESULT: {"script":"<script> [21 bytes]","args":[{"element-6066-11e4-a52e-4f735466cecf":"f.F403984A132969556288FCE8126995A4.d.E30AE0070FD26F6AAB0D63391CDCBF42.e.530"},"getText",[]]}
COMMAND: POST /session/1dfe7ee3e44b1352f70d6abb49b5483b/execute/async - {"script":"<script> [21 bytes]","args":[{"selector":{"id":"rfm.programui::xRFMxCU_ProgramObjectPage--fe::RelatedApps-internalBtn","interaction":{"idSuffix":"BDI-content"}},"wdio_ui5_key":"rfmprogramui::xRFMxCU_ProgramObjectPage--fe::RelatedApps-internalBtn"}]}
RESULT: {"script":"<script> [21 bytes]","args":[{"selector":{"id":"rfm.programui::xRFMxCU_ProgramObjectPage--fe::RelatedApps-internalBtn","interaction":{"idSuffix":"BDI-content"}},"wdio_ui5_key":"rfmprogramui::xRFMxCU_ProgramObjectPage--fe::RelatedApps-internalBtn"}]}
RESULT: undefined
COMMAND: POST /session/1dfe7ee3e44b1352f70d6abb49b5483b/element - {"using":"xpath","value":"//*[@id=\"rfm.programui::xRFMxCU_ProgramObjectPage--fe::RelatedApps-internalBtn\"]"}
RESULT: {"using":"xpath","value":"//*[@id=\"rfm.programui::xRFMxCU_ProgramObjectPage--fe::RelatedApps-internalBtn\"]"}
COMMAND: POST /session/1dfe7ee3e44b1352f70d6abb49b5483b/element/f.F403984A132969556288FCE8126995A4.d.E30AE0070FD26F6AAB0D63391CDCBF42.e.498/click - {}
RESULT: {}
COMMAND: POST /session/1dfe7ee3e44b1352f70d6abb49b5483b/execute/async - {"script":"<script> [21 bytes]","args":[{"selector":{"controlType":"sap.ui.unified.MenuItem","viewName":"sap.fe.templates.ObjectPage.ObjectPage","viewId":"rfm.programui::xRFMxCU_ProgramObjectPage","properties":{"text":"Funding Pool"},"searchOpenDialogs":true,"interaction":{"idSuffix":"txt"}},"wdio_ui5_key":"sapfe.templates.ObjectPage.ObjectPagesap.ui.unified.MenuItem{\"text\":\"Funding Pool\"}"}]}
COMMAND: GET /session/1dfe7ee3e44b1352f70d6abb49b5483b/screenshot - {}
RESULT: {"script":"<script> [21 bytes]","args":[{"selector":{"controlType":"sap.ui.unified.MenuItem","viewName":"sap.fe.templates.ObjectPage.ObjectPage","viewId":"rfm.programui::xRFMxCU_ProgramObjectPage","properties":{"text":"Funding Pool"},"searchOpenDialogs":true,"interaction":{"idSuffix":"txt"}},"wdio_ui5_key":"sapfe.templates.ObjectPage.ObjectPagesap.ui.unified.MenuItem{\"text\":\"Funding Pool\"}"}]}
RESULT: undefined
COMMAND: POST /session/1dfe7ee3e44b1352f70d6abb49b5483b/element - {"using":"xpath","value":"//*[@id=\"__item60-__menu21-1-unifiedmenu\"]"}
RESULT: {}
RESULT: {"using":"xpath","value":"//*[@id=\"__item60-__menu21-1-unifiedmenu\"]"}
COMMAND: POST /session/1dfe7ee3e44b1352f70d6abb49b5483b/element/f.F403984A132969556288FCE8126995A4.d.E30AE0070FD26F6AAB0D63391CDCBF42.e.635/click - {}
RESULT: {}
COMMAND: POST /session/1dfe7ee3e44b1352f70d6abb49b5483b/execute/async - {"script":"<script> [21 bytes]","args":[{"selector":{"id":"rfm.poolui::xRFMxCU_PoolObjectPage--fe::HeaderFacet::Form::FieldGroup::ProgramHeaderGP::DataField::ProgramPoolName::Field-content"},"wdio_ui5_key":"rfmpoolui::xRFMxCU_PoolObjectPage--fe::HeaderFacet::Form::FieldGroup::ProgramHeaderGP::DataField::ProgramPoolName::Field-content"}]}
COMMAND: GET /session/1dfe7ee3e44b1352f70d6abb49b5483b/screenshot - {}
RESULT: {"script":"<script> [21 bytes]","args":[{"selector":{"id":"rfm.poolui::xRFMxCU_PoolObjectPage--fe::HeaderFacet::Form::FieldGroup::ProgramHeaderGP::DataField::ProgramPoolName::Field-content"},"wdio_ui5_key":"rfmpoolui::xRFMxCU_PoolObjectPage--fe::HeaderFacet::Form::FieldGroup::ProgramHeaderGP::DataField::ProgramPoolName::Field-content"}]}
RESULT: undefined
COMMAND: POST /session/1dfe7ee3e44b1352f70d6abb49b5483b/execute/async - {"script":"<script> [21 bytes]","args":[{"element-6066-11e4-a52e-4f735466cecf":"f.F403984A132969556288FCE8126995A4.d.E30AE0070FD26F6AAB0D63391CDCBF42.e.866"},"getText",[]]}
RESULT: {}
RESULT: {"script":"<script> [21 bytes]","args":[{"element-6066-11e4-a52e-4f735466cecf":"f.F403984A132969556288FCE8126995A4.d.E30AE0070FD26F6AAB0D63391CDCBF42.e.866"},"getText",[]]}
COMMAND: GET /session/1dfe7ee3e44b1352f70d6abb49b5483b/screenshot - {}
]]></system-out>
    </testcase>
    <testcase classname="chrome.138_0_7204_184.windows.Funding_Program" name="Should navigate to Program and delete" time="19.277">
      <system-out><![CDATA[
COMMAND: POST /session/1dfe7ee3e44b1352f70d6abb49b5483b/execute/async - {"script":"<script> [21 bytes]","args":[{"selector":{"id":"backBtn"},"wdio_ui5_key":"backBtn"}]}
RESULT: {}
RESULT: {"script":"<script> [21 bytes]","args":[{"selector":{"id":"backBtn"},"wdio_ui5_key":"backBtn"}]}
RESULT: undefined
COMMAND: POST /session/1dfe7ee3e44b1352f70d6abb49b5483b/element - {"using":"xpath","value":"//*[@id=\"backBtn\"]"}
COMMAND: POST /session/1dfe7ee3e44b1352f70d6abb49b5483b/element - {"using":"xpath","value":"//*[@id=\"backBtn\"]"}
RESULT: {"using":"xpath","value":"//*[@id=\"backBtn\"]"}
COMMAND: POST /session/1dfe7ee3e44b1352f70d6abb49b5483b/element/f.F403984A132969556288FCE8126995A4.d.E30AE0070FD26F6AAB0D63391CDCBF42.e.913/click - {}
RESULT: {"using":"xpath","value":"//*[@id=\"backBtn\"]"}
COMMAND: POST /session/1dfe7ee3e44b1352f70d6abb49b5483b/element/f.F403984A132969556288FCE8126995A4.d.E30AE0070FD26F6AAB0D63391CDCBF42.e.913/click - {}
RESULT: {}
COMMAND: GET /session/1dfe7ee3e44b1352f70d6abb49b5483b/screenshot - {}
RESULT: {}
COMMAND: GET /session/1dfe7ee3e44b1352f70d6abb49b5483b/screenshot - {}
RESULT: {}
RESULT: {}
RESULT: undefined
COMMAND: POST /session/1dfe7ee3e44b1352f70d6abb49b5483b/execute/async - {"script":"<script> [20 bytes]","args":[{"enterText":"1433","selector":{"id":"rfm.programui::xRFMxCU_ProgramList--fe::FilterBar::xRFMxCU_Program::FilterField::ProgramId-inner","interaction":{"idSuffix":"inner"}},"clearTextFirst":true,"interactionType":"ENTER_TEXT"}]}
RESULT: {"script":"<script> [20 bytes]","args":[{"enterText":"1433","selector":{"id":"rfm.programui::xRFMxCU_ProgramList--fe::FilterBar::xRFMxCU_Program::FilterField::ProgramId-inner","interaction":{"idSuffix":"inner"}},"clearTextFirst":true,"interactionType":"ENTER_TEXT"}]}
RESULT: undefined
COMMAND: POST /session/1dfe7ee3e44b1352f70d6abb49b5483b/element - {"using":"xpath","value":"//*[@id=\"rfm.programui::xRFMxCU_ProgramList--fe::FilterBar::xRFMxCU_Program-btnSearch\"]"}
RESULT: {"using":"xpath","value":"//*[@id=\"rfm.programui::xRFMxCU_ProgramList--fe::FilterBar::xRFMxCU_Program-btnSearch\"]"}
COMMAND: POST /session/1dfe7ee3e44b1352f70d6abb49b5483b/element/f.F403984A132969556288FCE8126995A4.d.E30AE0070FD26F6AAB0D63391CDCBF42.e.1061/click - {}
RESULT: {}
COMMAND: POST /session/1dfe7ee3e44b1352f70d6abb49b5483b/element - {"using":"css selector","value":"div[id='rfm.programui::xRFMxCU_ProgramList--fe::table::allTab::LineItem-innerTable-rowsel0']"}
COMMAND: GET /session/1dfe7ee3e44b1352f70d6abb49b5483b/screenshot - {}
RESULT: {"using":"css selector","value":"div[id='rfm.programui::xRFMxCU_ProgramList--fe::table::allTab::LineItem-innerTable-rowsel0']"}
COMMAND: POST /session/1dfe7ee3e44b1352f70d6abb49b5483b/element/f.F403984A132969556288FCE8126995A4.d.E30AE0070FD26F6AAB0D63391CDCBF42.e.1062/click - {}
RESULT: {}
RESULT: {}
COMMAND: POST /session/1dfe7ee3e44b1352f70d6abb49b5483b/execute/async - {"script":"<script> [21 bytes]","args":[{"selector":{"id":"rfm.programui::xRFMxCU_ProgramList--fe::table::allTab::LineItem::StandardAction::Delete","interaction":{"idSuffix":"content"}},"wdio_ui5_key":"rfmprogramui::xRFMxCU_ProgramList--fe::table::allTab::LineItem::StandardAction::Delete"}]}
COMMAND: GET /session/1dfe7ee3e44b1352f70d6abb49b5483b/screenshot - {}
RESULT: {"script":"<script> [21 bytes]","args":[{"selector":{"id":"rfm.programui::xRFMxCU_ProgramList--fe::table::allTab::LineItem::StandardAction::Delete","interaction":{"idSuffix":"content"}},"wdio_ui5_key":"rfmprogramui::xRFMxCU_ProgramList--fe::table::allTab::LineItem::StandardAction::Delete"}]}
RESULT: undefined
COMMAND: POST /session/1dfe7ee3e44b1352f70d6abb49b5483b/element - {"using":"xpath","value":"//*[@id=\"rfm.programui::xRFMxCU_ProgramList--fe::table::allTab::LineItem::StandardAction::Delete\"]"}
RESULT: {}
RESULT: {"using":"xpath","value":"//*[@id=\"rfm.programui::xRFMxCU_ProgramList--fe::table::allTab::LineItem::StandardAction::Delete\"]"}
COMMAND: POST /session/1dfe7ee3e44b1352f70d6abb49b5483b/element/f.F403984A132969556288FCE8126995A4.d.E30AE0070FD26F6AAB0D63391CDCBF42.e.968/click - {}
RESULT: {}
COMMAND: POST /session/1dfe7ee3e44b1352f70d6abb49b5483b/execute/async - {"script":"<script> [21 bytes]","args":[{"selector":{"controlType":"sap.m.Button","properties":{"text":"Delete"},"searchOpenDialogs":true,"interaction":{"idSuffix":"BDI-content"}},"wdio_ui5_key":"sapm.Button{\"text\":\"Delete\"}"}]}
COMMAND: GET /session/1dfe7ee3e44b1352f70d6abb49b5483b/screenshot - {}
RESULT: {"script":"<script> [21 bytes]","args":[{"selector":{"controlType":"sap.m.Button","properties":{"text":"Delete"},"searchOpenDialogs":true,"interaction":{"idSuffix":"BDI-content"}},"wdio_ui5_key":"sapm.Button{\"text\":\"Delete\"}"}]}
RESULT: undefined
COMMAND: POST /session/1dfe7ee3e44b1352f70d6abb49b5483b/element - {"using":"xpath","value":"//*[@id=\"__button242\"]"}
RESULT: {}
RESULT: {"using":"xpath","value":"//*[@id=\"__button242\"]"}
COMMAND: POST /session/1dfe7ee3e44b1352f70d6abb49b5483b/element/f.F403984A132969556288FCE8126995A4.d.E30AE0070FD26F6AAB0D63391CDCBF42.e.1064/click - {}
RESULT: {}
COMMAND: GET /session/1dfe7ee3e44b1352f70d6abb49b5483b/screenshot - {}
RESULT: {}
COMMAND: POST /session/1dfe7ee3e44b1352f70d6abb49b5483b/execute/async - {"script":"<script> [21 bytes]","args":[{"selector":{"controlType":"sap.m.Title","viewName":"sap.fe.templates.ListReport.ListReport","viewId":"rfm.programui::xRFMxCU_ProgramList","properties":{"text":"No data found"}},"wdio_ui5_key":"sapfe.templates.ListReport.ListReportsap.m.Title{\"text\":\"No data found\"}"}]}
RESULT: {"script":"<script> [21 bytes]","args":[{"selector":{"controlType":"sap.m.Title","viewName":"sap.fe.templates.ListReport.ListReport","viewId":"rfm.programui::xRFMxCU_ProgramList","properties":{"text":"No data found"}},"wdio_ui5_key":"sapfe.templates.ListReport.ListReportsap.m.Title{\"text\":\"No data found\"}"}]}
RESULT: undefined
COMMAND: POST /session/1dfe7ee3e44b1352f70d6abb49b5483b/execute/async - {"script":"<script> [21 bytes]","args":[{"element-6066-11e4-a52e-4f735466cecf":"f.F403984A132969556288FCE8126995A4.d.E30AE0070FD26F6AAB0D63391CDCBF42.e.1152"},"getText",[]]}
RESULT: {"script":"<script> [21 bytes]","args":[{"element-6066-11e4-a52e-4f735466cecf":"f.F403984A132969556288FCE8126995A4.d.E30AE0070FD26F6AAB0D63391CDCBF42.e.1152"},"getText",[]]}
COMMAND: GET /session/1dfe7ee3e44b1352f70d6abb49b5483b/screenshot - {}
COMMAND: DELETE /session/1dfe7ee3e44b1352f70d6abb49b5483b - {}
RESULT: {}
RESULT: {}
]]></system-out>
    </testcase>
  </testsuite>
</testsuites>