<?xml version="1.0" encoding="UTF-8"?>
<testsuites tests="3" failures="0" errors="0" skipped="0">
  <testsuite timestamp="2025-08-18T22:03:48" time="148.53" tests="3" failures="0" errors="0" skipped="0">
    <properties>
      <property name="specId" value="0"/>
      <property name="suiteName" value="Sanity Tests"/>
      <property name="capabilities" value="chrome.139_0_7258_67.windows"/>
      <property name="file" value="file:///D:/a/1/s/test/specs/General/sanity.spec.js"/>
    </properties>
    <testcase classname="chrome.139_0_7258_67.windows.Sanity_Tests" name="Should open Funding Asset page" time="26.603">
      <system-out><![CDATA[
COMMAND: POST /session/3e58da657ddbbc3541f48f7a102443de/execute/async - {"script":"<script> [21 bytes]","args":[{"selector":{"controlType":"sap.m.GenericTile","properties":{"header":"Funding Asset"}},"wdio_ui5_key":"sapm.GenericTile{\"header\":\"Funding Asset\"}"}]}
RESULT: {"script":"<script> [21 bytes]","args":[{"selector":{"controlType":"sap.m.GenericTile","properties":{"header":"Funding Asset"}},"wdio_ui5_key":"sapm.GenericTile{\"header\":\"Funding Asset\"}"}]}
RESULT: undefined
COMMAND: POST /session/3e58da657ddbbc3541f48f7a102443de/element - {"using":"xpath","value":"//*[@id=\"__tile53\"]"}
RESULT: {"using":"xpath","value":"//*[@id=\"__tile53\"]"}
COMMAND: POST /session/3e58da657ddbbc3541f48f7a102443de/element/f.103F557976BA4AD4FE610056901E52A4.d.D759F772E2A67ECE78B1C65DF8EF80B5.e.77/click - {}
RESULT: {}
COMMAND: GET /session/3e58da657ddbbc3541f48f7a102443de/screenshot - {}
RESULT: {}
RESULT: undefined
COMMAND: POST /session/3e58da657ddbbc3541f48f7a102443de/element - {"using":"xpath","value":"//*[@id=\"__tile53\"]"}
RESULT: {"using":"xpath","value":"//*[@id=\"__tile53\"]"}
COMMAND: POST /session/3e58da657ddbbc3541f48f7a102443de/element/f.103F557976BA4AD4FE610056901E52A4.d.D759F772E2A67ECE78B1C65DF8EF80B5.e.150/click - {}
RESULT: undefined
COMMAND: POST /session/3e58da657ddbbc3541f48f7a102443de/element - {"using":"xpath","value":"//*[@id=\"__tile53\"]"}
RESULT: {"using":"xpath","value":"//*[@id=\"__tile53\"]"}
COMMAND: POST /session/3e58da657ddbbc3541f48f7a102443de/element/f.103F557976BA4AD4FE610056901E52A4.d.D759F772E2A67ECE78B1C65DF8EF80B5.e.150/click - {}
COMMAND: POST /session/3e58da657ddbbc3541f48f7a102443de/execute/async - {"script":"<script> [21 bytes]","args":[{"selector":{"id":"shellAppTitle"},"wdio_ui5_key":"shellAppTitle"}]}
RESULT: {"script":"<script> [21 bytes]","args":[{"selector":{"id":"shellAppTitle"},"wdio_ui5_key":"shellAppTitle"}]}
RESULT: undefined
COMMAND: POST /session/3e58da657ddbbc3541f48f7a102443de/execute/async - {"script":"<script> [21 bytes]","args":[{"element-6066-11e4-a52e-4f735466cecf":"f.103F557976BA4AD4FE610056901E52A4.d.D759F772E2A67ECE78B1C65DF8EF80B5.e.186"},"getTitle",[]]}
RESULT: {"script":"<script> [21 bytes]","args":[{"element-6066-11e4-a52e-4f735466cecf":"f.103F557976BA4AD4FE610056901E52A4.d.D759F772E2A67ECE78B1C65DF8EF80B5.e.186"},"getTitle",[]]}
COMMAND: POST /session/3e58da657ddbbc3541f48f7a102443de/execute/async - {"script":"<script> [21 bytes]","args":[{"selector":{"id":"backBtn"},"wdio_ui5_key":"backBtn"}]}
RESULT: {"script":"<script> [21 bytes]","args":[{"selector":{"id":"backBtn"},"wdio_ui5_key":"backBtn"}]}
RESULT: undefined
COMMAND: POST /session/3e58da657ddbbc3541f48f7a102443de/element - {"using":"xpath","value":"//*[@id=\"backBtn\"]"}
RESULT: {"using":"xpath","value":"//*[@id=\"backBtn\"]"}
COMMAND: POST /session/3e58da657ddbbc3541f48f7a102443de/element/f.103F557976BA4AD4FE610056901E52A4.d.D759F772E2A67ECE78B1C65DF8EF80B5.e.187/click - {}
RESULT: {}
COMMAND: GET /session/3e58da657ddbbc3541f48f7a102443de/screenshot - {}
RESULT: {}
COMMAND: GET /session/3e58da657ddbbc3541f48f7a102443de/screenshot - {}
]]></system-out>
    </testcase>
    <testcase classname="chrome.139_0_7258_67.windows.Sanity_Tests" name="Should open Funding Debtor page" time="27.062">
      <system-out><![CDATA[
COMMAND: POST /session/3e58da657ddbbc3541f48f7a102443de/execute/async - {"script":"<script> [21 bytes]","args":[{"selector":{"controlType":"sap.m.GenericTile","properties":{"header":"Funding Debtor"}},"wdio_ui5_key":"sapm.GenericTile{\"header\":\"Funding Debtor\"}"}]}
RESULT: {}
RESULT: {"script":"<script> [21 bytes]","args":[{"selector":{"controlType":"sap.m.GenericTile","properties":{"header":"Funding Debtor"}},"wdio_ui5_key":"sapm.GenericTile{\"header\":\"Funding Debtor\"}"}]}
RESULT: undefined
COMMAND: POST /session/3e58da657ddbbc3541f48f7a102443de/element - {"using":"xpath","value":"//*[@id=\"__tile54\"]"}
RESULT: {"using":"xpath","value":"//*[@id=\"__tile54\"]"}
COMMAND: POST /session/3e58da657ddbbc3541f48f7a102443de/element/f.103F557976BA4AD4FE610056901E52A4.d.D759F772E2A67ECE78B1C65DF8EF80B5.e.190/click - {}
RESULT: {}
COMMAND: GET /session/3e58da657ddbbc3541f48f7a102443de/screenshot - {}
RESULT: {}
RESULT: undefined
COMMAND: POST /session/3e58da657ddbbc3541f48f7a102443de/element - {"using":"xpath","value":"//*[@id=\"__tile54\"]"}
RESULT: {"using":"xpath","value":"//*[@id=\"__tile54\"]"}
COMMAND: POST /session/3e58da657ddbbc3541f48f7a102443de/element/f.103F557976BA4AD4FE610056901E52A4.d.D759F772E2A67ECE78B1C65DF8EF80B5.e.281/click - {}
RESULT: undefined
COMMAND: POST /session/3e58da657ddbbc3541f48f7a102443de/element - {"using":"xpath","value":"//*[@id=\"__tile54\"]"}
RESULT: {"using":"xpath","value":"//*[@id=\"__tile54\"]"}
COMMAND: POST /session/3e58da657ddbbc3541f48f7a102443de/element/f.103F557976BA4AD4FE610056901E52A4.d.D759F772E2A67ECE78B1C65DF8EF80B5.e.281/click - {}
RESULT: undefined
COMMAND: POST /session/3e58da657ddbbc3541f48f7a102443de/execute/async - {"script":"<script> [21 bytes]","args":[{"element-6066-11e4-a52e-4f735466cecf":"f.103F557976BA4AD4FE610056901E52A4.d.D759F772E2A67ECE78B1C65DF8EF80B5.e.186"},"getTitle",[]]}
RESULT: {"script":"<script> [21 bytes]","args":[{"element-6066-11e4-a52e-4f735466cecf":"f.103F557976BA4AD4FE610056901E52A4.d.D759F772E2A67ECE78B1C65DF8EF80B5.e.186"},"getTitle",[]]}
RESULT: undefined
COMMAND: POST /session/3e58da657ddbbc3541f48f7a102443de/element/f.103F557976BA4AD4FE610056901E52A4.d.D759F772E2A67ECE78B1C65DF8EF80B5.e.187/click - {}
RESULT: {}
COMMAND: GET /session/3e58da657ddbbc3541f48f7a102443de/screenshot - {}
RESULT: {}
COMMAND: GET /session/3e58da657ddbbc3541f48f7a102443de/screenshot - {}
]]></system-out>
    </testcase>
    <testcase classname="chrome.139_0_7258_67.windows.Sanity_Tests" name="Should open Asset Warehouse page" time="28.851">
      <system-out><![CDATA[
COMMAND: POST /session/3e58da657ddbbc3541f48f7a102443de/execute/async - {"script":"<script> [21 bytes]","args":[{"selector":{"controlType":"sap.m.GenericTile","properties":{"header":"Asset Warehouse"}},"wdio_ui5_key":"sapm.GenericTile{\"header\":\"Asset Warehouse\"}"}]}
RESULT: {}
RESULT: {"script":"<script> [21 bytes]","args":[{"selector":{"controlType":"sap.m.GenericTile","properties":{"header":"Asset Warehouse"}},"wdio_ui5_key":"sapm.GenericTile{\"header\":\"Asset Warehouse\"}"}]}
RESULT: undefined
COMMAND: POST /session/3e58da657ddbbc3541f48f7a102443de/element - {"using":"xpath","value":"//*[@id=\"__tile55\"]"}
RESULT: {"using":"xpath","value":"//*[@id=\"__tile55\"]"}
COMMAND: POST /session/3e58da657ddbbc3541f48f7a102443de/element/f.103F557976BA4AD4FE610056901E52A4.d.D759F772E2A67ECE78B1C65DF8EF80B5.e.288/click - {}
RESULT: {}
COMMAND: GET /session/3e58da657ddbbc3541f48f7a102443de/screenshot - {}
RESULT: {}
RESULT: undefined
COMMAND: POST /session/3e58da657ddbbc3541f48f7a102443de/element - {"using":"xpath","value":"//*[@id=\"__tile55\"]"}
RESULT: {"using":"xpath","value":"//*[@id=\"__tile55\"]"}
COMMAND: POST /session/3e58da657ddbbc3541f48f7a102443de/element/f.103F557976BA4AD4FE610056901E52A4.d.D759F772E2A67ECE78B1C65DF8EF80B5.e.435/click - {}
RESULT: undefined
COMMAND: POST /session/3e58da657ddbbc3541f48f7a102443de/element - {"using":"xpath","value":"//*[@id=\"__tile55\"]"}
RESULT: {"using":"xpath","value":"//*[@id=\"__tile55\"]"}
COMMAND: POST /session/3e58da657ddbbc3541f48f7a102443de/element/f.103F557976BA4AD4FE610056901E52A4.d.D759F772E2A67ECE78B1C65DF8EF80B5.e.435/click - {}
RESULT: undefined
COMMAND: POST /session/3e58da657ddbbc3541f48f7a102443de/execute/async - {"script":"<script> [21 bytes]","args":[{"element-6066-11e4-a52e-4f735466cecf":"f.103F557976BA4AD4FE610056901E52A4.d.D759F772E2A67ECE78B1C65DF8EF80B5.e.186"},"getTitle",[]]}
RESULT: {"script":"<script> [21 bytes]","args":[{"element-6066-11e4-a52e-4f735466cecf":"f.103F557976BA4AD4FE610056901E52A4.d.D759F772E2A67ECE78B1C65DF8EF80B5.e.186"},"getTitle",[]]}
RESULT: undefined
COMMAND: POST /session/3e58da657ddbbc3541f48f7a102443de/element/f.103F557976BA4AD4FE610056901E52A4.d.D759F772E2A67ECE78B1C65DF8EF80B5.e.187/click - {}
COMMAND: POST /session/3e58da657ddbbc3541f48f7a102443de/element - {"using":"xpath","value":"//*[@id=\"backBtn\"]"}
RESULT: {"using":"xpath","value":"//*[@id=\"backBtn\"]"}
COMMAND: POST /session/3e58da657ddbbc3541f48f7a102443de/element/f.103F557976BA4AD4FE610056901E52A4.d.D759F772E2A67ECE78B1C65DF8EF80B5.e.187/click - {}
COMMAND: POST /session/3e58da657ddbbc3541f48f7a102443de/element - {"using":"xpath","value":"//*[@id=\"backBtn\"]"}
RESULT: {"using":"xpath","value":"//*[@id=\"backBtn\"]"}
COMMAND: POST /session/3e58da657ddbbc3541f48f7a102443de/element/f.103F557976BA4AD4FE610056901E52A4.d.D759F772E2A67ECE78B1C65DF8EF80B5.e.455/click - {}
RESULT: {}
COMMAND: GET /session/3e58da657ddbbc3541f48f7a102443de/screenshot - {}
RESULT: {}
COMMAND: GET /session/3e58da657ddbbc3541f48f7a102443de/screenshot - {}
COMMAND: DELETE /session/3e58da657ddbbc3541f48f7a102443de - {}
RESULT: {}
RESULT: {}
]]></system-out>
    </testcase>
  </testsuite>
</testsuites>