<?xml version="1.0" encoding="UTF-8"?>
<testsuites tests="12" failures="5" errors="5" skipped="5">
  <testsuite timestamp="2025-08-23T00:16:11" time="148.142" tests="12" failures="5" errors="5" skipped="5">
    <properties>
      <property name="specId" value="0"/>
      <property name="suiteName" value="Selection Rules"/>
      <property name="capabilities" value="chrome.139_0_7258_67.windows"/>
      <property name="file" value="file:///D:/a/1/s/test/specs/BusinessObjects/SelectionRules.spec.js"/>
    </properties>
    <testcase classname="chrome.139_0_7258_67.windows.Selection_Rules" name="Should create Program" time="61.932">
      <system-out><![CDATA[
COMMAND: POST /session/a4a32b40414c8b8ffe064f2dc2ffbd5c/execute/async - {"script":"<script> [21 bytes]","args":[{"selector":{"controlType":"sap.m.GenericTile","properties":{"header":"Funding Program"}},"wdio_ui5_key":"sapm.GenericTile{\"header\":\"Funding Program\"}"}]}
RESULT: {"script":"<script> [21 bytes]","args":[{"selector":{"controlType":"sap.m.GenericTile","properties":{"header":"Funding Program"}},"wdio_ui5_key":"sapm.GenericTile{\"header\":\"Funding Program\"}"}]}
RESULT: undefined
COMMAND: POST /session/a4a32b40414c8b8ffe064f2dc2ffbd5c/element - {"using":"xpath","value":"//*[@id=\"__tile29\"]"}
RESULT: {"using":"xpath","value":"//*[@id=\"__tile29\"]"}
COMMAND: POST /session/a4a32b40414c8b8ffe064f2dc2ffbd5c/element/f.3C1FB0B37682C65800F7720A218D45FE.d.63772FAC246083F9D339C416AA20EE83.e.76/click - {}
RESULT: {}
COMMAND: POST /session/a4a32b40414c8b8ffe064f2dc2ffbd5c/execute/async - {"script":"<script> [21 bytes]","args":[{"selector":{"id":"rfm.programui::xRFMxCU_ProgramList--fe::table::allTab::LineItem::StandardAction::Create","controlType":"sap.m.Button"},"wdio_ui5_key":"rfmprogramui::xRFMxCU_ProgramList--fe::table::allTab::LineItem::StandardAction::Createsap.m.Button"}]}
COMMAND: GET /session/a4a32b40414c8b8ffe064f2dc2ffbd5c/screenshot - {}
RESULT: {"script":"<script> [21 bytes]","args":[{"selector":{"id":"rfm.programui::xRFMxCU_ProgramList--fe::table::allTab::LineItem::StandardAction::Create","controlType":"sap.m.Button"},"wdio_ui5_key":"rfmprogramui::xRFMxCU_ProgramList--fe::table::allTab::LineItem::StandardAction::Createsap.m.Button"}]}
RESULT: undefined
COMMAND: POST /session/a4a32b40414c8b8ffe064f2dc2ffbd5c/element - {"using":"xpath","value":"//*[@id=\"rfm.programui::xRFMxCU_ProgramList--fe::table::allTab::LineItem::StandardAction::Create\"]"}
RESULT: {}
RESULT: {"using":"xpath","value":"//*[@id=\"rfm.programui::xRFMxCU_ProgramList--fe::table::allTab::LineItem::StandardAction::Create\"]"}
COMMAND: POST /session/a4a32b40414c8b8ffe064f2dc2ffbd5c/element/f.3C1FB0B37682C65800F7720A218D45FE.d.63772FAC246083F9D339C416AA20EE83.e.131/click - {}
RESULT: {}
COMMAND: POST /session/a4a32b40414c8b8ffe064f2dc2ffbd5c/execute/async - {"script":"<script> [21 bytes]","args":[{"selector":{"id":"CreateDialog::xRFMxCU_ProgramType::FundingScope-inner","searchOpenDialogs":true,"interaction":{"idSuffix":"inner"}},"wdio_ui5_key":"CreateDialogxRFMxCU_ProgramType::FundingScope-inner"}]}
COMMAND: GET /session/a4a32b40414c8b8ffe064f2dc2ffbd5c/screenshot - {}
RESULT: {"script":"<script> [21 bytes]","args":[{"selector":{"id":"CreateDialog::xRFMxCU_ProgramType::FundingScope-inner","searchOpenDialogs":true,"interaction":{"idSuffix":"inner"}},"wdio_ui5_key":"CreateDialogxRFMxCU_ProgramType::FundingScope-inner"}]}
RESULT: undefined
COMMAND: POST /session/a4a32b40414c8b8ffe064f2dc2ffbd5c/execute/async - {"script":"<script> [20 bytes]","args":[{"enterText":"Installment","selector":{"id":"CreateDialog::xRFMxCU_ProgramType::FundingScope-inner","searchOpenDialogs":true,"interaction":{"idSuffix":"inner"}},"clearTextFirst":true,"interactionType":"ENTER_TEXT"}]}
RESULT: {}
RESULT: {"script":"<script> [20 bytes]","args":[{"enterText":"Installment","selector":{"id":"CreateDialog::xRFMxCU_ProgramType::FundingScope-inner","searchOpenDialogs":true,"interaction":{"idSuffix":"inner"}},"clearTextFirst":true,"interactionType":"ENTER_TEXT"}]}
COMMAND: POST /session/a4a32b40414c8b8ffe064f2dc2ffbd5c/execute/async - {"script":"<script> [21 bytes]","args":[{"selector":{"id":"CreateDialog::xRFMxCU_ProgramType::ValidFrom-inner","searchOpenDialogs":true,"interaction":{"idSuffix":"inner"}},"wdio_ui5_key":"CreateDialogxRFMxCU_ProgramType::ValidFrom-inner"}]}
RESULT: {"script":"<script> [21 bytes]","args":[{"selector":{"id":"CreateDialog::xRFMxCU_ProgramType::ValidFrom-inner","searchOpenDialogs":true,"interaction":{"idSuffix":"inner"}},"wdio_ui5_key":"CreateDialogxRFMxCU_ProgramType::ValidFrom-inner"}]}
RESULT: undefined
COMMAND: POST /session/a4a32b40414c8b8ffe064f2dc2ffbd5c/execute/async - {"script":"<script> [21 bytes]","args":[{"element-6066-11e4-a52e-4f735466cecf":"f.3C1FB0B37682C65800F7720A218D45FE.d.63772FAC246083F9D339C416AA20EE83.e.288"},"setValue",["2025-01-01"]]}
RESULT: {"script":"<script> [21 bytes]","args":[{"element-6066-11e4-a52e-4f735466cecf":"f.3C1FB0B37682C65800F7720A218D45FE.d.63772FAC246083F9D339C416AA20EE83.e.288"},"setValue",["2025-01-01"]]}
COMMAND: POST /session/a4a32b40414c8b8ffe064f2dc2ffbd5c/execute/async - {"script":"<script> [21 bytes]","args":[{"selector":{"id":"CreateDialog::xRFMxCU_ProgramType::PortfolioId-inner","searchOpenDialogs":true,"interaction":{"idSuffix":"inner"}},"wdio_ui5_key":"CreateDialogxRFMxCU_ProgramType::PortfolioId-inner"}]}
RESULT: {"script":"<script> [21 bytes]","args":[{"selector":{"id":"CreateDialog::xRFMxCU_ProgramType::PortfolioId-inner","searchOpenDialogs":true,"interaction":{"idSuffix":"inner"}},"wdio_ui5_key":"CreateDialogxRFMxCU_ProgramType::PortfolioId-inner"}]}
RESULT: undefined
COMMAND: POST /session/a4a32b40414c8b8ffe064f2dc2ffbd5c/execute/async - {"script":"<script> [20 bytes]","args":[{"enterText":"1","selector":{"id":"CreateDialog::xRFMxCU_ProgramType::PortfolioId-inner","searchOpenDialogs":true,"interaction":{"idSuffix":"inner"}},"clearTextFirst":true,"interactionType":"ENTER_TEXT"}]}
RESULT: {"script":"<script> [20 bytes]","args":[{"enterText":"1","selector":{"id":"CreateDialog::xRFMxCU_ProgramType::PortfolioId-inner","searchOpenDialogs":true,"interaction":{"idSuffix":"inner"}},"clearTextFirst":true,"interactionType":"ENTER_TEXT"}]}
COMMAND: POST /session/a4a32b40414c8b8ffe064f2dc2ffbd5c/execute/async - {"script":"<script> [21 bytes]","args":[{"selector":{"controlType":"sap.m.Button","viewName":"sap.fe.templates.ObjectPage.ObjectPage","viewId":"rfm.programui::xRFMxCU_ProgramObjectPage","properties":{"text":"Continue"},"searchOpenDialogs":true,"interaction":{"idSuffix":"BDI-content"}},"wdio_ui5_key":"sapfe.templates.ObjectPage.ObjectPagesap.m.Button{\"text\":\"Continue\"}"}]}
RESULT: {"script":"<script> [21 bytes]","args":[{"selector":{"controlType":"sap.m.Button","viewName":"sap.fe.templates.ObjectPage.ObjectPage","viewId":"rfm.programui::xRFMxCU_ProgramObjectPage","properties":{"text":"Continue"},"searchOpenDialogs":true,"interaction":{"idSuffix":"BDI-content"}},"wdio_ui5_key":"sapfe.templates.ObjectPage.ObjectPagesap.m.Button{\"text\":\"Continue\"}"}]}
RESULT: undefined
COMMAND: POST /session/a4a32b40414c8b8ffe064f2dc2ffbd5c/element - {"using":"xpath","value":"//*[@id=\"__button198\"]"}
RESULT: {"using":"xpath","value":"//*[@id=\"__button198\"]"}
COMMAND: POST /session/a4a32b40414c8b8ffe064f2dc2ffbd5c/element/f.3C1FB0B37682C65800F7720A218D45FE.d.63772FAC246083F9D339C416AA20EE83.e.304/click - {}
RESULT: {}
COMMAND: POST /session/a4a32b40414c8b8ffe064f2dc2ffbd5c/execute/async - {"script":"<script> [21 bytes]","args":[{"selector":{"id":"rfm.programui::xRFMxCU_ProgramObjectPage--fe::CustomSubSection::CustomDetailsSection--fe::FormContainer::FieldGroup::basicData1::FormElement::DataField::Currency::Field-edit-inner","interaction":{"idSuffix":"inner"}},"wdio_ui5_key":"rfmprogramui::xRFMxCU_ProgramObjectPage--fe::CustomSubSection::CustomDetailsSection--fe::FormContainer::FieldGroup::basicData1::FormElement::DataField::Currency::Field-edit-inner"}]}
COMMAND: GET /session/a4a32b40414c8b8ffe064f2dc2ffbd5c/screenshot - {}
RESULT: {"script":"<script> [21 bytes]","args":[{"selector":{"id":"rfm.programui::xRFMxCU_ProgramObjectPage--fe::CustomSubSection::CustomDetailsSection--fe::FormContainer::FieldGroup::basicData1::FormElement::DataField::Currency::Field-edit-inner","interaction":{"idSuffix":"inner"}},"wdio_ui5_key":"rfmprogramui::xRFMxCU_ProgramObjectPage--fe::CustomSubSection::CustomDetailsSection--fe::FormContainer::FieldGroup::basicData1::FormElement::DataField::Currency::Field-edit-inner"}]}
RESULT: undefined
COMMAND: POST /session/a4a32b40414c8b8ffe064f2dc2ffbd5c/execute/async - {"script":"<script> [20 bytes]","args":[{"enterText":"EUR","selector":{"id":"rfm.programui::xRFMxCU_ProgramObjectPage--fe::CustomSubSection::CustomDetailsSection--fe::FormContainer::FieldGroup::basicData1::FormElement::DataField::Currency::Field-edit-inner","interaction":{"idSuffix":"inner"}},"clearTextFirst":true,"interactionType":"ENTER_TEXT"}]}
RESULT: {}
RESULT: {"script":"<script> [20 bytes]","args":[{"enterText":"EUR","selector":{"id":"rfm.programui::xRFMxCU_ProgramObjectPage--fe::CustomSubSection::CustomDetailsSection--fe::FormContainer::FieldGroup::basicData1::FormElement::DataField::Currency::Field-edit-inner","interaction":{"idSuffix":"inner"}},"clearTextFirst":true,"interactionType":"ENTER_TEXT"}]}
COMMAND: POST /session/a4a32b40414c8b8ffe064f2dc2ffbd5c/execute/async - {"script":"<script> [21 bytes]","args":[{"selector":{"id":"rfm.programui::xRFMxCU_ProgramObjectPage--fe::CustomSubSection::CustomDetailsSection--fe::FormContainer::FieldGroup::basicData1::FormElement::DataField::Volume::Field-edit-inner","interaction":{"idSuffix":"inner"}},"wdio_ui5_key":"rfmprogramui::xRFMxCU_ProgramObjectPage--fe::CustomSubSection::CustomDetailsSection--fe::FormContainer::FieldGroup::basicData1::FormElement::DataField::Volume::Field-edit-inner"}]}
RESULT: {"script":"<script> [21 bytes]","args":[{"selector":{"id":"rfm.programui::xRFMxCU_ProgramObjectPage--fe::CustomSubSection::CustomDetailsSection--fe::FormContainer::FieldGroup::basicData1::FormElement::DataField::Volume::Field-edit-inner","interaction":{"idSuffix":"inner"}},"wdio_ui5_key":"rfmprogramui::xRFMxCU_ProgramObjectPage--fe::CustomSubSection::CustomDetailsSection--fe::FormContainer::FieldGroup::basicData1::FormElement::DataField::Volume::Field-edit-inner"}]}
RESULT: undefined
COMMAND: POST /session/a4a32b40414c8b8ffe064f2dc2ffbd5c/execute/async - {"script":"<script> [20 bytes]","args":[{"enterText":"1,000,000,000.00","selector":{"id":"rfm.programui::xRFMxCU_ProgramObjectPage--fe::CustomSubSection::CustomDetailsSection--fe::FormContainer::FieldGroup::basicData1::FormElement::DataField::Volume::Field-edit-inner","interaction":{"idSuffix":"inner"}},"clearTextFirst":true,"interactionType":"ENTER_TEXT"}]}
RESULT: {"script":"<script> [20 bytes]","args":[{"enterText":"1,000,000,000.00","selector":{"id":"rfm.programui::xRFMxCU_ProgramObjectPage--fe::CustomSubSection::CustomDetailsSection--fe::FormContainer::FieldGroup::basicData1::FormElement::DataField::Volume::Field-edit-inner","interaction":{"idSuffix":"inner"}},"clearTextFirst":true,"interactionType":"ENTER_TEXT"}]}
COMMAND: POST /session/a4a32b40414c8b8ffe064f2dc2ffbd5c/execute/async - {"script":"<script> [21 bytes]","args":[{"selector":{"id":"rfm.programui::xRFMxCU_ProgramObjectPage--fe::CustomSubSection::CustomDetailsSection--fe::FormContainer::FieldGroup::basicData1::FormElement::DataField::ValidTo::Field-edit","interaction":{"idSuffix":"inner"}},"wdio_ui5_key":"rfmprogramui::xRFMxCU_ProgramObjectPage--fe::CustomSubSection::CustomDetailsSection--fe::FormContainer::FieldGroup::basicData1::FormElement::DataField::ValidTo::Field-edit"}]}
RESULT: {"script":"<script> [21 bytes]","args":[{"selector":{"id":"rfm.programui::xRFMxCU_ProgramObjectPage--fe::CustomSubSection::CustomDetailsSection--fe::FormContainer::FieldGroup::basicData1::FormElement::DataField::ValidTo::Field-edit","interaction":{"idSuffix":"inner"}},"wdio_ui5_key":"rfmprogramui::xRFMxCU_ProgramObjectPage--fe::CustomSubSection::CustomDetailsSection--fe::FormContainer::FieldGroup::basicData1::FormElement::DataField::ValidTo::Field-edit"}]}
RESULT: undefined
COMMAND: POST /session/a4a32b40414c8b8ffe064f2dc2ffbd5c/execute/async - {"script":"<script> [21 bytes]","args":[{"element-6066-11e4-a52e-4f735466cecf":"f.3C1FB0B37682C65800F7720A218D45FE.d.63772FAC246083F9D339C416AA20EE83.e.357"},"setValue",["2027-12-31"]]}
RESULT: {"script":"<script> [21 bytes]","args":[{"element-6066-11e4-a52e-4f735466cecf":"f.3C1FB0B37682C65800F7720A218D45FE.d.63772FAC246083F9D339C416AA20EE83.e.357"},"setValue",["2027-12-31"]]}
COMMAND: POST /session/a4a32b40414c8b8ffe064f2dc2ffbd5c/execute/async - {"script":"<script> [21 bytes]","args":[{"selector":{"id":"rfm.programui::xRFMxCU_ProgramObjectPage--fe::CustomSubSection::CustomDetailsSection--fe::FormContainer::FieldGroup::basicData2::FormElement::DataField::CompanyCode::Field-edit-inner","interaction":{"idSuffix":"inner"}},"wdio_ui5_key":"rfmprogramui::xRFMxCU_ProgramObjectPage--fe::CustomSubSection::CustomDetailsSection--fe::FormContainer::FieldGroup::basicData2::FormElement::DataField::CompanyCode::Field-edit-inner"}]}
RESULT: {"script":"<script> [21 bytes]","args":[{"selector":{"id":"rfm.programui::xRFMxCU_ProgramObjectPage--fe::CustomSubSection::CustomDetailsSection--fe::FormContainer::FieldGroup::basicData2::FormElement::DataField::CompanyCode::Field-edit-inner","interaction":{"idSuffix":"inner"}},"wdio_ui5_key":"rfmprogramui::xRFMxCU_ProgramObjectPage--fe::CustomSubSection::CustomDetailsSection--fe::FormContainer::FieldGroup::basicData2::FormElement::DataField::CompanyCode::Field-edit-inner"}]}
RESULT: undefined
COMMAND: POST /session/a4a32b40414c8b8ffe064f2dc2ffbd5c/execute/async - {"script":"<script> [20 bytes]","args":[{"enterText":"BearingPoint (0001)","selector":{"id":"rfm.programui::xRFMxCU_ProgramObjectPage--fe::CustomSubSection::CustomDetailsSection--fe::FormContainer::FieldGroup::basicData2::FormElement::DataField::CompanyCode::Field-edit-inner","interaction":{"idSuffix":"inner"}},"clearTextFirst":true,"interactionType":"ENTER_TEXT"}]}
RESULT: {"script":"<script> [20 bytes]","args":[{"enterText":"BearingPoint (0001)","selector":{"id":"rfm.programui::xRFMxCU_ProgramObjectPage--fe::CustomSubSection::CustomDetailsSection--fe::FormContainer::FieldGroup::basicData2::FormElement::DataField::CompanyCode::Field-edit-inner","interaction":{"idSuffix":"inner"}},"clearTextFirst":true,"interactionType":"ENTER_TEXT"}]}
COMMAND: POST /session/a4a32b40414c8b8ffe064f2dc2ffbd5c/execute/async - {"script":"<script> [21 bytes]","args":[{"selector":{"id":"rfm.programui::xRFMxCU_ProgramObjectPage--fe::CustomSubSection::CustomDetailsSection--DetailsFundingTypesTable-content::StandardAction::Create","interaction":{"idSuffix":"BDI-content"}},"wdio_ui5_key":"rfmprogramui::xRFMxCU_ProgramObjectPage--fe::CustomSubSection::CustomDetailsSection--DetailsFundingTypesTable-content::StandardAction::Create"}]}
RESULT: {"script":"<script> [21 bytes]","args":[{"selector":{"id":"rfm.programui::xRFMxCU_ProgramObjectPage--fe::CustomSubSection::CustomDetailsSection--DetailsFundingTypesTable-content::StandardAction::Create","interaction":{"idSuffix":"BDI-content"}},"wdio_ui5_key":"rfmprogramui::xRFMxCU_ProgramObjectPage--fe::CustomSubSection::CustomDetailsSection--DetailsFundingTypesTable-content::StandardAction::Create"}]}
RESULT: undefined
COMMAND: POST /session/a4a32b40414c8b8ffe064f2dc2ffbd5c/element - {"using":"xpath","value":"//*[@id=\"rfm.programui::xRFMxCU_ProgramObjectPage--fe::CustomSubSection::CustomDetailsSection--DetailsFundingTypesTable-content::StandardAction::Create\"]"}
RESULT: {"using":"xpath","value":"//*[@id=\"rfm.programui::xRFMxCU_ProgramObjectPage--fe::CustomSubSection::CustomDetailsSection--DetailsFundingTypesTable-content::StandardAction::Create\"]"}
COMMAND: POST /session/a4a32b40414c8b8ffe064f2dc2ffbd5c/element/f.3C1FB0B37682C65800F7720A218D45FE.d.63772FAC246083F9D339C416AA20EE83.e.368/click - {}
RESULT: {}
COMMAND: POST /session/a4a32b40414c8b8ffe064f2dc2ffbd5c/execute/async - {"script":"<script> [21 bytes]","args":[{"selector":{"id":"CreateDialog::xRFMxCU_ProgramFundingTypeType::FundingType-inner","searchOpenDialogs":true,"interaction":{"idSuffix":"inner"}},"wdio_ui5_key":"CreateDialogxRFMxCU_ProgramFundingTypeType::FundingType-inner"}]}
COMMAND: GET /session/a4a32b40414c8b8ffe064f2dc2ffbd5c/screenshot - {}
RESULT: {"script":"<script> [21 bytes]","args":[{"selector":{"id":"CreateDialog::xRFMxCU_ProgramFundingTypeType::FundingType-inner","searchOpenDialogs":true,"interaction":{"idSuffix":"inner"}},"wdio_ui5_key":"CreateDialogxRFMxCU_ProgramFundingTypeType::FundingType-inner"}]}
RESULT: undefined
COMMAND: POST /session/a4a32b40414c8b8ffe064f2dc2ffbd5c/execute/async - {"script":"<script> [20 bytes]","args":[{"enterText":"30","selector":{"id":"CreateDialog::xRFMxCU_ProgramFundingTypeType::FundingType-inner","searchOpenDialogs":true,"interaction":{"idSuffix":"inner"}},"clearTextFirst":true,"interactionType":"ENTER_TEXT"}]}
RESULT: {}
RESULT: {"script":"<script> [20 bytes]","args":[{"enterText":"30","selector":{"id":"CreateDialog::xRFMxCU_ProgramFundingTypeType::FundingType-inner","searchOpenDialogs":true,"interaction":{"idSuffix":"inner"}},"clearTextFirst":true,"interactionType":"ENTER_TEXT"}]}
COMMAND: POST /session/a4a32b40414c8b8ffe064f2dc2ffbd5c/execute/async - {"script":"<script> [21 bytes]","args":[{"selector":{"id":"CreateDialog::xRFMxCU_Program::_AllowedFundingType-footer","searchOpenDialogs":true},"wdio_ui5_key":"CreateDialogxRFMxCU_Program::_AllowedFundingType-footer"}]}
RESULT: {"script":"<script> [21 bytes]","args":[{"selector":{"id":"CreateDialog::xRFMxCU_Program::_AllowedFundingType-footer","searchOpenDialogs":true},"wdio_ui5_key":"CreateDialogxRFMxCU_Program::_AllowedFundingType-footer"}]}
RESULT: undefined
COMMAND: POST /session/a4a32b40414c8b8ffe064f2dc2ffbd5c/element - {"using":"xpath","value":"//*[@id=\"CreateDialog::xRFMxCU_Program::_AllowedFundingType-footer\"]"}
RESULT: {"using":"xpath","value":"//*[@id=\"CreateDialog::xRFMxCU_Program::_AllowedFundingType-footer\"]"}
COMMAND: POST /session/a4a32b40414c8b8ffe064f2dc2ffbd5c/element/f.3C1FB0B37682C65800F7720A218D45FE.d.63772FAC246083F9D339C416AA20EE83.e.512/click - {}
RESULT: {}
RESULT: undefined
COMMAND: POST /session/a4a32b40414c8b8ffe064f2dc2ffbd5c/execute/async - {"script":"<script> [21 bytes]","args":[{"element-6066-11e4-a52e-4f735466cecf":"f.3C1FB0B37682C65800F7720A218D45FE.d.63772FAC246083F9D339C416AA20EE83.e.303"},"getEnabled",[]]}
COMMAND: GET /session/a4a32b40414c8b8ffe064f2dc2ffbd5c/screenshot - {}
COMMAND: POST /session/a4a32b40414c8b8ffe064f2dc2ffbd5c/execute/async - {"script":"<script> [21 bytes]","args":[{"selector":{"controlType":"sap.m.Button","viewName":"sap.fe.templates.ObjectPage.ObjectPage","viewId":"rfm.programui::xRFMxCU_ProgramObjectPage","properties":{"text":"Continue"},"searchOpenDialogs":true,"interaction":{"idSuffix":"BDI-content"}},"wdio_ui5_key":"sapfe.templates.ObjectPage.ObjectPagesap.m.Button{\"text\":\"Continue\"}"}]}
RESULT: {}
RESULT: {"script":"<script> [21 bytes]","args":[{"selector":{"controlType":"sap.m.Button","viewName":"sap.fe.templates.ObjectPage.ObjectPage","viewId":"rfm.programui::xRFMxCU_ProgramObjectPage","properties":{"text":"Continue"},"searchOpenDialogs":true,"interaction":{"idSuffix":"BDI-content"}},"wdio_ui5_key":"sapfe.templates.ObjectPage.ObjectPagesap.m.Button{\"text\":\"Continue\"}"}]}
COMMAND: POST /session/a4a32b40414c8b8ffe064f2dc2ffbd5c/execute/async - {"script":"<script> [21 bytes]","args":[{"element-6066-11e4-a52e-4f735466cecf":"f.3C1FB0B37682C65800F7720A218D45FE.d.63772FAC246083F9D339C416AA20EE83.e.513"},"getEnabled",[]]}
RESULT: {"script":"<script> [21 bytes]","args":[{"element-6066-11e4-a52e-4f735466cecf":"f.3C1FB0B37682C65800F7720A218D45FE.d.63772FAC246083F9D339C416AA20EE83.e.513"},"getEnabled",[]]}
COMMAND: POST /session/a4a32b40414c8b8ffe064f2dc2ffbd5c/execute/async - {"script":"<script> [21 bytes]","args":[{"element-6066-11e4-a52e-4f735466cecf":"f.3C1FB0B37682C65800F7720A218D45FE.d.63772FAC246083F9D339C416AA20EE83.e.303"},"getEnabled",[]]}
COMMAND: POST /session/a4a32b40414c8b8ffe064f2dc2ffbd5c/execute/async - {"script":"<script> [21 bytes]","args":[{"selector":{"controlType":"sap.m.Button","viewName":"sap.fe.templates.ObjectPage.ObjectPage","viewId":"rfm.programui::xRFMxCU_ProgramObjectPage","properties":{"text":"Continue"},"searchOpenDialogs":true,"interaction":{"idSuffix":"BDI-content"}},"wdio_ui5_key":"sapfe.templates.ObjectPage.ObjectPagesap.m.Button{\"text\":\"Continue\"}"}]}
RESULT: {"script":"<script> [21 bytes]","args":[{"selector":{"controlType":"sap.m.Button","viewName":"sap.fe.templates.ObjectPage.ObjectPage","viewId":"rfm.programui::xRFMxCU_ProgramObjectPage","properties":{"text":"Continue"},"searchOpenDialogs":true,"interaction":{"idSuffix":"BDI-content"}},"wdio_ui5_key":"sapfe.templates.ObjectPage.ObjectPagesap.m.Button{\"text\":\"Continue\"}"}]}
COMMAND: POST /session/a4a32b40414c8b8ffe064f2dc2ffbd5c/execute/async - {"script":"<script> [21 bytes]","args":[{"element-6066-11e4-a52e-4f735466cecf":"f.3C1FB0B37682C65800F7720A218D45FE.d.63772FAC246083F9D339C416AA20EE83.e.513"},"getEnabled",[]]}
RESULT: {"script":"<script> [21 bytes]","args":[{"element-6066-11e4-a52e-4f735466cecf":"f.3C1FB0B37682C65800F7720A218D45FE.d.63772FAC246083F9D339C416AA20EE83.e.513"},"getEnabled",[]]}
COMMAND: POST /session/a4a32b40414c8b8ffe064f2dc2ffbd5c/element - {"using":"xpath","value":"//*[@id=\"__button211\"]"}
RESULT: {"using":"xpath","value":"//*[@id=\"__button211\"]"}
COMMAND: POST /session/a4a32b40414c8b8ffe064f2dc2ffbd5c/element/f.3C1FB0B37682C65800F7720A218D45FE.d.63772FAC246083F9D339C416AA20EE83.e.514/click - {}
RESULT: {}
COMMAND: POST /session/a4a32b40414c8b8ffe064f2dc2ffbd5c/execute/async - {"script":"<script> [21 bytes]","args":[{"selector":{"id":"rfm.programui::xRFMxCU_Program__AllowedFundingTypeObjectPage--fe::FooterBar::StandardAction::Apply","interaction":{"idSuffix":"BDI-content"}},"wdio_ui5_key":"rfmprogramui::xRFMxCU_Program__AllowedFundingTypeObjectPage--fe::FooterBar::StandardAction::Apply"}]}
COMMAND: GET /session/a4a32b40414c8b8ffe064f2dc2ffbd5c/screenshot - {}
RESULT: {"script":"<script> [21 bytes]","args":[{"selector":{"id":"rfm.programui::xRFMxCU_Program__AllowedFundingTypeObjectPage--fe::FooterBar::StandardAction::Apply","interaction":{"idSuffix":"BDI-content"}},"wdio_ui5_key":"rfmprogramui::xRFMxCU_Program__AllowedFundingTypeObjectPage--fe::FooterBar::StandardAction::Apply"}]}
RESULT: undefined
COMMAND: POST /session/a4a32b40414c8b8ffe064f2dc2ffbd5c/element - {"using":"xpath","value":"//*[@id=\"rfm.programui::xRFMxCU_Program__AllowedFundingTypeObjectPage--fe::FooterBar::StandardAction::Apply\"]"}
RESULT: {}
RESULT: {"using":"xpath","value":"//*[@id=\"rfm.programui::xRFMxCU_Program__AllowedFundingTypeObjectPage--fe::FooterBar::StandardAction::Apply\"]"}
COMMAND: POST /session/a4a32b40414c8b8ffe064f2dc2ffbd5c/element/f.3C1FB0B37682C65800F7720A218D45FE.d.63772FAC246083F9D339C416AA20EE83.e.507/click - {}
RESULT: {}
COMMAND: POST /session/a4a32b40414c8b8ffe064f2dc2ffbd5c/execute/async - {"script":"<script> [21 bytes]","args":[{"selector":{"id":"rfm.programui::xRFMxCU_ProgramObjectPage--fe::ObjectPage-anchBar-rfm.programui::xRFMxCU_ProgramObjectPage--fe::EditableHeaderSection-anchor","interaction":{"idSuffix":"text"}},"wdio_ui5_key":"rfmprogramui::xRFMxCU_ProgramObjectPage--fe::ObjectPage-anchBar-rfm.programui::xRFMxCU_ProgramObjectPage--fe::EditableHeaderSection-anchor"}]}
COMMAND: GET /session/a4a32b40414c8b8ffe064f2dc2ffbd5c/screenshot - {}
RESULT: {"script":"<script> [21 bytes]","args":[{"selector":{"id":"rfm.programui::xRFMxCU_ProgramObjectPage--fe::ObjectPage-anchBar-rfm.programui::xRFMxCU_ProgramObjectPage--fe::EditableHeaderSection-anchor","interaction":{"idSuffix":"text"}},"wdio_ui5_key":"rfmprogramui::xRFMxCU_ProgramObjectPage--fe::ObjectPage-anchBar-rfm.programui::xRFMxCU_ProgramObjectPage--fe::EditableHeaderSection-anchor"}]}
RESULT: undefined
COMMAND: POST /session/a4a32b40414c8b8ffe064f2dc2ffbd5c/element - {"using":"xpath","value":"//*[@id=\"rfm.programui::xRFMxCU_ProgramObjectPage--fe::ObjectPage-anchBar-rfm.programui::xRFMxCU_ProgramObjectPage--fe::EditableHeaderSection-anchor\"]"}
RESULT: {}
RESULT: {"using":"xpath","value":"//*[@id=\"rfm.programui::xRFMxCU_ProgramObjectPage--fe::ObjectPage-anchBar-rfm.programui::xRFMxCU_ProgramObjectPage--fe::EditableHeaderSection-anchor\"]"}
COMMAND: POST /session/a4a32b40414c8b8ffe064f2dc2ffbd5c/element/f.3C1FB0B37682C65800F7720A218D45FE.d.63772FAC246083F9D339C416AA20EE83.e.562/click - {}
RESULT: {}
COMMAND: POST /session/a4a32b40414c8b8ffe064f2dc2ffbd5c/execute/async - {"script":"<script> [21 bytes]","args":[{"selector":{"id":"rfm.programui::xRFMxCU_ProgramObjectPage--fe::HeaderFacet::FormContainer::headerFieldsGP1::FormElement::DataField::Name::Field-edit","interaction":{"idSuffix":"inner"}},"wdio_ui5_key":"rfmprogramui::xRFMxCU_ProgramObjectPage--fe::HeaderFacet::FormContainer::headerFieldsGP1::FormElement::DataField::Name::Field-edit"}]}
COMMAND: GET /session/a4a32b40414c8b8ffe064f2dc2ffbd5c/screenshot - {}
RESULT: {"script":"<script> [21 bytes]","args":[{"selector":{"id":"rfm.programui::xRFMxCU_ProgramObjectPage--fe::HeaderFacet::FormContainer::headerFieldsGP1::FormElement::DataField::Name::Field-edit","interaction":{"idSuffix":"inner"}},"wdio_ui5_key":"rfmprogramui::xRFMxCU_ProgramObjectPage--fe::HeaderFacet::FormContainer::headerFieldsGP1::FormElement::DataField::Name::Field-edit"}]}
RESULT: undefined
COMMAND: POST /session/a4a32b40414c8b8ffe064f2dc2ffbd5c/execute/async - {"script":"<script> [20 bytes]","args":[{"enterText":"WDIO_SelectionRules_2025-08-23","selector":{"id":"rfm.programui::xRFMxCU_ProgramObjectPage--fe::HeaderFacet::FormContainer::headerFieldsGP1::FormElement::DataField::Name::Field-edit","interaction":{"idSuffix":"inner"}},"clearTextFirst":true,"interactionType":"ENTER_TEXT"}]}
RESULT: {}
RESULT: {"script":"<script> [20 bytes]","args":[{"enterText":"WDIO_SelectionRules_2025-08-23","selector":{"id":"rfm.programui::xRFMxCU_ProgramObjectPage--fe::HeaderFacet::FormContainer::headerFieldsGP1::FormElement::DataField::Name::Field-edit","interaction":{"idSuffix":"inner"}},"clearTextFirst":true,"interactionType":"ENTER_TEXT"}]}
COMMAND: POST /session/a4a32b40414c8b8ffe064f2dc2ffbd5c/execute/async - {"script":"<script> [21 bytes]","args":[{"selector":{"id":"rfm.programui::xRFMxCU_ProgramObjectPage--fe::FooterBar::StandardAction::Save","interaction":{"idSuffix":"BDI-content"}},"wdio_ui5_key":"rfmprogramui::xRFMxCU_ProgramObjectPage--fe::FooterBar::StandardAction::Save"}]}
RESULT: {"script":"<script> [21 bytes]","args":[{"selector":{"id":"rfm.programui::xRFMxCU_ProgramObjectPage--fe::FooterBar::StandardAction::Save","interaction":{"idSuffix":"BDI-content"}},"wdio_ui5_key":"rfmprogramui::xRFMxCU_ProgramObjectPage--fe::FooterBar::StandardAction::Save"}]}
RESULT: undefined
COMMAND: POST /session/a4a32b40414c8b8ffe064f2dc2ffbd5c/element - {"using":"xpath","value":"//*[@id=\"rfm.programui::xRFMxCU_ProgramObjectPage--fe::FooterBar::StandardAction::Save\"]"}
RESULT: {"using":"xpath","value":"//*[@id=\"rfm.programui::xRFMxCU_ProgramObjectPage--fe::FooterBar::StandardAction::Save\"]"}
COMMAND: POST /session/a4a32b40414c8b8ffe064f2dc2ffbd5c/element/f.3C1FB0B37682C65800F7720A218D45FE.d.63772FAC246083F9D339C416AA20EE83.e.423/click - {}
RESULT: {}
COMMAND: POST /session/a4a32b40414c8b8ffe064f2dc2ffbd5c/execute/async - {"script":"<script> [21 bytes]","args":[{"selector":{"id":"rfm.programui::xRFMxCU_ProgramObjectPage--fe::HeaderFacet::Form::headerFieldsGP1::DataField::ProgramId::Field-content"},"wdio_ui5_key":"rfmprogramui::xRFMxCU_ProgramObjectPage--fe::HeaderFacet::Form::headerFieldsGP1::DataField::ProgramId::Field-content"}]}
COMMAND: GET /session/a4a32b40414c8b8ffe064f2dc2ffbd5c/screenshot - {}
RESULT: {"script":"<script> [21 bytes]","args":[{"selector":{"id":"rfm.programui::xRFMxCU_ProgramObjectPage--fe::HeaderFacet::Form::headerFieldsGP1::DataField::ProgramId::Field-content"},"wdio_ui5_key":"rfmprogramui::xRFMxCU_ProgramObjectPage--fe::HeaderFacet::Form::headerFieldsGP1::DataField::ProgramId::Field-content"}]}
RESULT: undefined
COMMAND: POST /session/a4a32b40414c8b8ffe064f2dc2ffbd5c/execute/async - {"script":"<script> [21 bytes]","args":[{"element-6066-11e4-a52e-4f735466cecf":"f.3C1FB0B37682C65800F7720A218D45FE.d.63772FAC246083F9D339C416AA20EE83.e.578"},"getText",[]]}
RESULT: {}
RESULT: {"script":"<script> [21 bytes]","args":[{"element-6066-11e4-a52e-4f735466cecf":"f.3C1FB0B37682C65800F7720A218D45FE.d.63772FAC246083F9D339C416AA20EE83.e.578"},"getText",[]]}
COMMAND: POST /session/a4a32b40414c8b8ffe064f2dc2ffbd5c/execute/async - {"script":"<script> [21 bytes]","args":[{"selector":{"id":"rfm.programui::xRFMxCU_ProgramObjectPage--fe::DataFieldForAction::com.sap.gateway.srvd.rfm.ui_program.v0001.Open::com.sap.gateway.srvd.rfm.ui_program.v0001.xRFMxCU_ProgramType","interaction":{"idSuffix":"BDI-content"}},"wdio_ui5_key":"rfmprogramui::xRFMxCU_ProgramObjectPage--fe::DataFieldForAction::com.sap.gateway.srvd.rfm.ui_program.v0001.Open::com.sap.gateway.srvd.rfm.ui_program.v0001.xRFMxCU_ProgramType"}]}
RESULT: {"script":"<script> [21 bytes]","args":[{"selector":{"id":"rfm.programui::xRFMxCU_ProgramObjectPage--fe::DataFieldForAction::com.sap.gateway.srvd.rfm.ui_program.v0001.Open::com.sap.gateway.srvd.rfm.ui_program.v0001.xRFMxCU_ProgramType","interaction":{"idSuffix":"BDI-content"}},"wdio_ui5_key":"rfmprogramui::xRFMxCU_ProgramObjectPage--fe::DataFieldForAction::com.sap.gateway.srvd.rfm.ui_program.v0001.Open::com.sap.gateway.srvd.rfm.ui_program.v0001.xRFMxCU_ProgramType"}]}
RESULT: undefined
COMMAND: POST /session/a4a32b40414c8b8ffe064f2dc2ffbd5c/element - {"using":"xpath","value":"//*[@id=\"rfm.programui::xRFMxCU_ProgramObjectPage--fe::DataFieldForAction::com.sap.gateway.srvd.rfm.ui_program.v0001.Open::com.sap.gateway.srvd.rfm.ui_program.v0001.xRFMxCU_ProgramType\"]"}
RESULT: {"using":"xpath","value":"//*[@id=\"rfm.programui::xRFMxCU_ProgramObjectPage--fe::DataFieldForAction::com.sap.gateway.srvd.rfm.ui_program.v0001.Open::com.sap.gateway.srvd.rfm.ui_program.v0001.xRFMxCU_ProgramType\"]"}
COMMAND: POST /session/a4a32b40414c8b8ffe064f2dc2ffbd5c/element/f.3C1FB0B37682C65800F7720A218D45FE.d.63772FAC246083F9D339C416AA20EE83.e.342/click - {}
RESULT: {}
COMMAND: POST /session/a4a32b40414c8b8ffe064f2dc2ffbd5c/execute/async - {"script":"<script> [21 bytes]","args":[{"selector":{"controlType":"sap.m.Button","properties":{"text":"OK"},"searchOpenDialogs":true,"interaction":{"idSuffix":"BDI-content"}},"wdio_ui5_key":"sapm.Button{\"text\":\"OK\"}"}]}
COMMAND: GET /session/a4a32b40414c8b8ffe064f2dc2ffbd5c/screenshot - {}
RESULT: {"script":"<script> [21 bytes]","args":[{"selector":{"controlType":"sap.m.Button","properties":{"text":"OK"},"searchOpenDialogs":true,"interaction":{"idSuffix":"BDI-content"}},"wdio_ui5_key":"sapm.Button{\"text\":\"OK\"}"}]}
RESULT: undefined
COMMAND: POST /session/a4a32b40414c8b8ffe064f2dc2ffbd5c/element - {"using":"xpath","value":"//*[@id=\"__mbox-btn-0\"]"}
RESULT: {}
RESULT: {"using":"xpath","value":"//*[@id=\"__mbox-btn-0\"]"}
COMMAND: POST /session/a4a32b40414c8b8ffe064f2dc2ffbd5c/element/f.3C1FB0B37682C65800F7720A218D45FE.d.63772FAC246083F9D339C416AA20EE83.e.614/click - {}
RESULT: {}
COMMAND: POST /session/a4a32b40414c8b8ffe064f2dc2ffbd5c/execute/async - {"script":"<script> [21 bytes]","args":[{"selector":{"id":"backBtn"},"wdio_ui5_key":"backBtn"}]}
COMMAND: GET /session/a4a32b40414c8b8ffe064f2dc2ffbd5c/screenshot - {}
RESULT: {"script":"<script> [21 bytes]","args":[{"selector":{"id":"backBtn"},"wdio_ui5_key":"backBtn"}]}
RESULT: undefined
COMMAND: POST /session/a4a32b40414c8b8ffe064f2dc2ffbd5c/element - {"using":"xpath","value":"//*[@id=\"backBtn\"]"}
RESULT: {}
RESULT: {"using":"xpath","value":"//*[@id=\"backBtn\"]"}
COMMAND: POST /session/a4a32b40414c8b8ffe064f2dc2ffbd5c/element/f.3C1FB0B37682C65800F7720A218D45FE.d.63772FAC246083F9D339C416AA20EE83.e.619/click - {}
RESULT: {}
COMMAND: GET /session/a4a32b40414c8b8ffe064f2dc2ffbd5c/screenshot - {}
RESULT: {}
COMMAND: POST /session/a4a32b40414c8b8ffe064f2dc2ffbd5c/element/f.3C1FB0B37682C65800F7720A218D45FE.d.63772FAC246083F9D339C416AA20EE83.e.619/click - {}
COMMAND: GET /session/a4a32b40414c8b8ffe064f2dc2ffbd5c/screenshot - {}
]]></system-out>
    </testcase>
    <testcase classname="chrome.139_0_7258_67.windows.Selection_Rules" name="Should filter created Program" time="16.303">
      <skipped/>
      <system-out><![CDATA[
COMMAND: POST /session/a4a32b40414c8b8ffe064f2dc2ffbd5c/execute/async - {"script":"<script> [21 bytes]","args":[{"selector":{"controlType":"sap.m.GenericTile","properties":{"header":"Funding Pool"}},"wdio_ui5_key":"sapm.GenericTile{\"header\":\"Funding Pool\"}"}]}
RESULT: {}
COMMAND: GET /session/a4a32b40414c8b8ffe064f2dc2ffbd5c/screenshot - {}
RESULT: {}
RESULT: {"script":"<script> [21 bytes]","args":[{"selector":{"controlType":"sap.m.GenericTile","properties":{"header":"Funding Pool"}},"wdio_ui5_key":"sapm.GenericTile{\"header\":\"Funding Pool\"}"}]}
RESULT: undefined
COMMAND: POST /session/a4a32b40414c8b8ffe064f2dc2ffbd5c/element - {"using":"xpath","value":"//*[@id=\"__tile57\"]"}
RESULT: {}
RESULT: {"using":"xpath","value":"//*[@id=\"__tile57\"]"}
COMMAND: POST /session/a4a32b40414c8b8ffe064f2dc2ffbd5c/element/f.3C1FB0B37682C65800F7720A218D45FE.d.63772FAC246083F9D339C416AA20EE83.e.728/click - {}
RESULT: {}
RESULT: undefined
COMMAND: POST /session/a4a32b40414c8b8ffe064f2dc2ffbd5c/element - {"using":"xpath","value":"//*[@id=\"__tile57\"]"}
COMMAND: GET /session/a4a32b40414c8b8ffe064f2dc2ffbd5c/screenshot - {}
RESULT: {"using":"xpath","value":"//*[@id=\"__tile57\"]"}
COMMAND: POST /session/a4a32b40414c8b8ffe064f2dc2ffbd5c/element/f.3C1FB0B37682C65800F7720A218D45FE.d.63772FAC246083F9D339C416AA20EE83.e.728/click - {}
RESULT: {}
RESULT: {}
COMMAND: POST /session/a4a32b40414c8b8ffe064f2dc2ffbd5c/execute/async - {"script":"<script> [21 bytes]","args":[{"selector":{"id":"rfm.poolui::xRFMxCU_PoolList--fe::FilterBar::xRFMxCU_Pool::FilterField::OwnerId-inner","interaction":{"idSuffix":"inner"}},"wdio_ui5_key":"rfmpoolui::xRFMxCU_PoolList--fe::FilterBar::xRFMxCU_Pool::FilterField::OwnerId-inner"}]}
COMMAND: GET /session/a4a32b40414c8b8ffe064f2dc2ffbd5c/screenshot - {}
RESULT: {"script":"<script> [21 bytes]","args":[{"selector":{"id":"rfm.poolui::xRFMxCU_PoolList--fe::FilterBar::xRFMxCU_Pool::FilterField::OwnerId-inner","interaction":{"idSuffix":"inner"}},"wdio_ui5_key":"rfmpoolui::xRFMxCU_PoolList--fe::FilterBar::xRFMxCU_Pool::FilterField::OwnerId-inner"}]}
RESULT: undefined
COMMAND: POST /session/a4a32b40414c8b8ffe064f2dc2ffbd5c/execute/async - {"script":"<script> [21 bytes]","args":[{"selector":{"id":"rfm.poolui::xRFMxCU_PoolList--fe::FilterBar::xRFMxCU_Pool::FilterField::OwnerCategory-inner","interaction":{"idSuffix":"inner"}},"wdio_ui5_key":"rfmpoolui::xRFMxCU_PoolList--fe::FilterBar::xRFMxCU_Pool::FilterField::OwnerCategory-inner"}]}
RESULT: {}
RESULT: {"script":"<script> [21 bytes]","args":[{"selector":{"id":"rfm.poolui::xRFMxCU_PoolList--fe::FilterBar::xRFMxCU_Pool::FilterField::OwnerCategory-inner","interaction":{"idSuffix":"inner"}},"wdio_ui5_key":"rfmpoolui::xRFMxCU_PoolList--fe::FilterBar::xRFMxCU_Pool::FilterField::OwnerCategory-inner"}]}
RESULT: undefined
COMMAND: POST /session/a4a32b40414c8b8ffe064f2dc2ffbd5c/execute/async - {"script":"<script> [20 bytes]","args":[{"enterText":"Funding Program","selector":{"id":"rfm.poolui::xRFMxCU_PoolList--fe::FilterBar::xRFMxCU_Pool::FilterField::OwnerCategory-inner","interaction":{"idSuffix":"inner"}},"clearTextFirst":true,"interactionType":"ENTER_TEXT"}]}
RESULT: {"script":"<script> [20 bytes]","args":[{"enterText":"Funding Program","selector":{"id":"rfm.poolui::xRFMxCU_PoolList--fe::FilterBar::xRFMxCU_Pool::FilterField::OwnerCategory-inner","interaction":{"idSuffix":"inner"}},"clearTextFirst":true,"interactionType":"ENTER_TEXT"}]}
COMMAND: POST /session/a4a32b40414c8b8ffe064f2dc2ffbd5c/execute/async - {"script":"<script> [21 bytes]","args":[{"selector":{"id":"rfm.poolui::xRFMxCU_PoolList--fe::FilterBar::xRFMxCU_Pool-btnSearch","interaction":{"idSuffix":"BDI-content"}},"wdio_ui5_key":"rfmpoolui::xRFMxCU_PoolList--fe::FilterBar::xRFMxCU_Pool-btnSearch"}]}
RESULT: {"script":"<script> [21 bytes]","args":[{"selector":{"id":"rfm.poolui::xRFMxCU_PoolList--fe::FilterBar::xRFMxCU_Pool-btnSearch","interaction":{"idSuffix":"BDI-content"}},"wdio_ui5_key":"rfmpoolui::xRFMxCU_PoolList--fe::FilterBar::xRFMxCU_Pool-btnSearch"}]}
RESULT: undefined
COMMAND: POST /session/a4a32b40414c8b8ffe064f2dc2ffbd5c/element - {"using":"xpath","value":"//*[@id=\"rfm.poolui::xRFMxCU_PoolList--fe::FilterBar::xRFMxCU_Pool-btnSearch\"]"}
RESULT: {"using":"xpath","value":"//*[@id=\"rfm.poolui::xRFMxCU_PoolList--fe::FilterBar::xRFMxCU_Pool-btnSearch\"]"}
COMMAND: POST /session/a4a32b40414c8b8ffe064f2dc2ffbd5c/element/f.3C1FB0B37682C65800F7720A218D45FE.d.63772FAC246083F9D339C416AA20EE83.e.839/click - {}
RESULT: {}
COMMAND: POST /session/a4a32b40414c8b8ffe064f2dc2ffbd5c/execute/async - {"script":"<script> [21 bytes]","args":[{"selector":{"id":"rfm.poolui::xRFMxCU_PoolList--fe::table::allTab::LineItem-innerTable-rows-row0"},"wdio_ui5_key":"rfmpoolui::xRFMxCU_PoolList--fe::table::allTab::LineItem-innerTable-rows-row0"}]}
COMMAND: GET /session/a4a32b40414c8b8ffe064f2dc2ffbd5c/screenshot - {}
RESULT: {"script":"<script> [21 bytes]","args":[{"selector":{"id":"rfm.poolui::xRFMxCU_PoolList--fe::table::allTab::LineItem-innerTable-rows-row0"},"wdio_ui5_key":"rfmpoolui::xRFMxCU_PoolList--fe::table::allTab::LineItem-innerTable-rows-row0"}]}
RESULT: undefined
COMMAND: POST /session/a4a32b40414c8b8ffe064f2dc2ffbd5c/element - {"using":"xpath","value":"//*[@id=\"rfm.poolui::xRFMxCU_PoolList--fe::table::allTab::LineItem-innerTable-rows-row0\"]"}
RESULT: {}
RESULT: {"using":"xpath","value":"//*[@id=\"rfm.poolui::xRFMxCU_PoolList--fe::table::allTab::LineItem-innerTable-rows-row0\"]"}
COMMAND: POST /session/a4a32b40414c8b8ffe064f2dc2ffbd5c/element/f.3C1FB0B37682C65800F7720A218D45FE.d.63772FAC246083F9D339C416AA20EE83.e.856/click - {}
RESULT: {}
RESULT: undefined
COMMAND: POST /session/a4a32b40414c8b8ffe064f2dc2ffbd5c/execute/async - {"script":"<script> [21 bytes]","args":[{"element-6066-11e4-a52e-4f735466cecf":"f.3C1FB0B37682C65800F7720A218D45FE.d.63772FAC246083F9D339C416AA20EE83.e.856"},"getBindingContext",[]]}
COMMAND: GET /session/a4a32b40414c8b8ffe064f2dc2ffbd5c/screenshot - {}
RESULT: {"script":"<script> [21 bytes]","args":[{"element-6066-11e4-a52e-4f735466cecf":"f.3C1FB0B37682C65800F7720A218D45FE.d.63772FAC246083F9D339C416AA20EE83.e.856"},"getBindingContext",[]]}
COMMAND: POST /session/a4a32b40414c8b8ffe064f2dc2ffbd5c/execute/async - {"script":"<script> [21 bytes]","args":["22d1d4e3-6337-445f-9cc8-b4ebeae73ee6","getPath",[]]}
RESULT: {}
RESULT: {"script":"<script> [21 bytes]","args":["22d1d4e3-6337-445f-9cc8-b4ebeae73ee6","getPath",[]]}
COMMAND: POST /session/a4a32b40414c8b8ffe064f2dc2ffbd5c/execute/async - {"script":"<script> [21 bytes]","args":[{"selector":{"controlType":"sap.m.Text","viewName":"sap.fe.templates.ListReport.ListReport","viewId":"rfm.poolui::xRFMxCU_PoolList","bindingPath":{"path":"/xRFMxCU_Pool(6a7cf875-7a8c-1fe0-9ff6-d317f49ec776)","propertyPath":"OwnerId"}},"wdio_ui5_key":"sapfe.templates.ListReport.ListReportsap.m.Text{\"path\":\"/xRFMxCU_Pool(6a7cf875-7a8c-1fe0-9ff6-d317f49ec776)\",\"propertyPath\":\"OwnerId\"}"}]}
RESULT: {"script":"<script> [21 bytes]","args":[{"selector":{"controlType":"sap.m.Text","viewName":"sap.fe.templates.ListReport.ListReport","viewId":"rfm.poolui::xRFMxCU_PoolList","bindingPath":{"path":"/xRFMxCU_Pool(6a7cf875-7a8c-1fe0-9ff6-d317f49ec776)","propertyPath":"OwnerId"}},"wdio_ui5_key":"sapfe.templates.ListReport.ListReportsap.m.Text{\"path\":\"/xRFMxCU_Pool(6a7cf875-7a8c-1fe0-9ff6-d317f49ec776)\",\"propertyPath\":\"OwnerId\"}"}]}
RESULT: undefined
COMMAND: GET /session/a4a32b40414c8b8ffe064f2dc2ffbd5c/screenshot - {}
COMMAND: GET /session/a4a32b40414c8b8ffe064f2dc2ffbd5c/screenshot - {}
RESULT: {}
RESULT: {}
]]></system-out>
      <system-err><![CDATA[
Error: expect(received).toEqual(expected) // deep equality

Expected: "1884"
Received: undefined
    at Context.<anonymous> (D:\a\1\s\test\specs\BusinessObjects\SelectionRules.spec.js:346:39)
]]></system-err>
    </testcase>
    <testcase classname="chrome.139_0_7258_67.windows.Selection_Rules" name="Should filter created Program" time="8.059">
      <failure/>
      <error message="expect(received).toEqual(expected) // deep equality&#xA;&#xA;Expected: &quot;1884&quot;&#xA;Received: undefined"/>
      <system-out><![CDATA[
RESULT: undefined
COMMAND: POST /session/a4a32b40414c8b8ffe064f2dc2ffbd5c/element - {"using":"xpath","value":"//*[@id=\"__tile57\"]"}
RESULT: {"using":"xpath","value":"//*[@id=\"__tile57\"]"}
COMMAND: POST /session/a4a32b40414c8b8ffe064f2dc2ffbd5c/element/f.3C1FB0B37682C65800F7720A218D45FE.d.63772FAC246083F9D339C416AA20EE83.e.858/click - {}
RESULT: undefined
COMMAND: POST /session/a4a32b40414c8b8ffe064f2dc2ffbd5c/element - {"using":"xpath","value":"//*[@id=\"__tile57\"]"}
RESULT: {"using":"xpath","value":"//*[@id=\"__tile57\"]"}
COMMAND: POST /session/a4a32b40414c8b8ffe064f2dc2ffbd5c/element/f.3C1FB0B37682C65800F7720A218D45FE.d.63772FAC246083F9D339C416AA20EE83.e.858/click - {}
RESULT: undefined
RESULT: undefined
COMMAND: POST /session/a4a32b40414c8b8ffe064f2dc2ffbd5c/execute/async - {"script":"<script> [20 bytes]","args":[{"enterText":"Funding Program","selector":{"id":"rfm.poolui::xRFMxCU_PoolList--fe::FilterBar::xRFMxCU_Pool::FilterField::OwnerCategory-inner","interaction":{"idSuffix":"inner"}},"clearTextFirst":true,"interactionType":"ENTER_TEXT"}]}
RESULT: {"script":"<script> [20 bytes]","args":[{"enterText":"Funding Program","selector":{"id":"rfm.poolui::xRFMxCU_PoolList--fe::FilterBar::xRFMxCU_Pool::FilterField::OwnerCategory-inner","interaction":{"idSuffix":"inner"}},"clearTextFirst":true,"interactionType":"ENTER_TEXT"}]}
RESULT: undefined
COMMAND: POST /session/a4a32b40414c8b8ffe064f2dc2ffbd5c/element - {"using":"xpath","value":"//*[@id=\"rfm.poolui::xRFMxCU_PoolList--fe::FilterBar::xRFMxCU_Pool-btnSearch\"]"}
RESULT: {"using":"xpath","value":"//*[@id=\"rfm.poolui::xRFMxCU_PoolList--fe::FilterBar::xRFMxCU_Pool-btnSearch\"]"}
COMMAND: POST /session/a4a32b40414c8b8ffe064f2dc2ffbd5c/element/f.3C1FB0B37682C65800F7720A218D45FE.d.63772FAC246083F9D339C416AA20EE83.e.839/click - {}
RESULT: {}
RESULT: undefined
COMMAND: POST /session/a4a32b40414c8b8ffe064f2dc2ffbd5c/element - {"using":"xpath","value":"//*[@id=\"rfm.poolui::xRFMxCU_PoolList--fe::table::allTab::LineItem-innerTable-rows-row0\"]"}
COMMAND: GET /session/a4a32b40414c8b8ffe064f2dc2ffbd5c/screenshot - {}
RESULT: {"using":"xpath","value":"//*[@id=\"rfm.poolui::xRFMxCU_PoolList--fe::table::allTab::LineItem-innerTable-rows-row0\"]"}
COMMAND: POST /session/a4a32b40414c8b8ffe064f2dc2ffbd5c/element/f.3C1FB0B37682C65800F7720A218D45FE.d.63772FAC246083F9D339C416AA20EE83.e.856/click - {}
RESULT: {}
RESULT: undefined
COMMAND: POST /session/a4a32b40414c8b8ffe064f2dc2ffbd5c/execute/async - {"script":"<script> [21 bytes]","args":[{"element-6066-11e4-a52e-4f735466cecf":"f.3C1FB0B37682C65800F7720A218D45FE.d.63772FAC246083F9D339C416AA20EE83.e.856"},"getBindingContext",[]]}
RESULT: {"script":"<script> [21 bytes]","args":[{"element-6066-11e4-a52e-4f735466cecf":"f.3C1FB0B37682C65800F7720A218D45FE.d.63772FAC246083F9D339C416AA20EE83.e.856"},"getBindingContext",[]]}
COMMAND: POST /session/a4a32b40414c8b8ffe064f2dc2ffbd5c/execute/async - {"script":"<script> [21 bytes]","args":["095834a5-f6f9-4a79-8969-15fa7fd24d9e","getPath",[]]}
RESULT: {"script":"<script> [21 bytes]","args":["095834a5-f6f9-4a79-8969-15fa7fd24d9e","getPath",[]]}
RESULT: undefined
COMMAND: GET /session/a4a32b40414c8b8ffe064f2dc2ffbd5c/screenshot - {}
COMMAND: GET /session/a4a32b40414c8b8ffe064f2dc2ffbd5c/screenshot - {}
RESULT: {}
RESULT: {}
]]></system-out>
      <system-err><![CDATA[
Error: expect(received).toEqual(expected) // deep equality

Expected: "1884"
Received: undefined
    at Context.<anonymous> (D:\a\1\s\test\specs\BusinessObjects\SelectionRules.spec.js:346:39)
]]></system-err>
    </testcase>
    <testcase classname="chrome.139_0_7258_67.windows.Selection_Rules" name="Should check navigation to selection rules" time="2.062">
      <skipped/>
      <system-out><![CDATA[
COMMAND: POST /session/a4a32b40414c8b8ffe064f2dc2ffbd5c/execute/async - {"script":"<script> [21 bytes]","args":[{"selector":{"id":"rfm.poolui::xRFMxCU_PoolObjectPage--fe::DataFieldForIntentBasedNavigation::SelectionRule::manage","interaction":{"idSuffix":"content"}},"wdio_ui5_key":"rfmpoolui::xRFMxCU_PoolObjectPage--fe::DataFieldForIntentBasedNavigation::SelectionRule::manage"}]}
COMMAND: GET /session/a4a32b40414c8b8ffe064f2dc2ffbd5c/screenshot - {}
RESULT: {"script":"<script> [21 bytes]","args":[{"selector":{"id":"rfm.poolui::xRFMxCU_PoolObjectPage--fe::DataFieldForIntentBasedNavigation::SelectionRule::manage","interaction":{"idSuffix":"content"}},"wdio_ui5_key":"rfmpoolui::xRFMxCU_PoolObjectPage--fe::DataFieldForIntentBasedNavigation::SelectionRule::manage"}]}
RESULT: undefined
COMMAND: POST /session/a4a32b40414c8b8ffe064f2dc2ffbd5c/execute/async - {"script":"<script> [21 bytes]","args":[{"selector":{"id":"shellAppTitle"},"wdio_ui5_key":"shellAppTitle"}]}
RESULT: {}
RESULT: {"script":"<script> [21 bytes]","args":[{"selector":{"id":"shellAppTitle"},"wdio_ui5_key":"shellAppTitle"}]}
RESULT: undefined
COMMAND: POST /session/a4a32b40414c8b8ffe064f2dc2ffbd5c/execute/async - {"script":"<script> [21 bytes]","args":[{"element-6066-11e4-a52e-4f735466cecf":"f.3C1FB0B37682C65800F7720A218D45FE.d.63772FAC246083F9D339C416AA20EE83.e.862"},"getTitle",[]]}
RESULT: {"script":"<script> [21 bytes]","args":[{"element-6066-11e4-a52e-4f735466cecf":"f.3C1FB0B37682C65800F7720A218D45FE.d.63772FAC246083F9D339C416AA20EE83.e.862"},"getTitle",[]]}
COMMAND: GET /session/a4a32b40414c8b8ffe064f2dc2ffbd5c/screenshot - {}
COMMAND: GET /session/a4a32b40414c8b8ffe064f2dc2ffbd5c/screenshot - {}
RESULT: {}
RESULT: {}
]]></system-out>
      <system-err><![CDATA[
Error: expect(received).toEqual(expected) // deep equality

Expected: "Selection Rule"
Received: "Funding Pool"
    at Context.<anonymous> (D:\a\1\s\test\specs\BusinessObjects\SelectionRules.spec.js:402:36)
]]></system-err>
    </testcase>
    <testcase classname="chrome.139_0_7258_67.windows.Selection_Rules" name="Should check navigation to selection rules" time="0.858">
      <failure/>
      <error message="expect(received).toEqual(expected) // deep equality&#xA;&#xA;Expected: &quot;Selection Rule&quot;&#xA;Received: &quot;Funding Pool&quot;"/>
      <system-out><![CDATA[
RESULT: undefined
RESULT: undefined
COMMAND: POST /session/a4a32b40414c8b8ffe064f2dc2ffbd5c/execute/async - {"script":"<script> [21 bytes]","args":[{"element-6066-11e4-a52e-4f735466cecf":"f.3C1FB0B37682C65800F7720A218D45FE.d.63772FAC246083F9D339C416AA20EE83.e.862"},"getTitle",[]]}
RESULT: {"script":"<script> [21 bytes]","args":[{"element-6066-11e4-a52e-4f735466cecf":"f.3C1FB0B37682C65800F7720A218D45FE.d.63772FAC246083F9D339C416AA20EE83.e.862"},"getTitle",[]]}
COMMAND: GET /session/a4a32b40414c8b8ffe064f2dc2ffbd5c/screenshot - {}
COMMAND: GET /session/a4a32b40414c8b8ffe064f2dc2ffbd5c/screenshot - {}
RESULT: {}
RESULT: {}
]]></system-out>
      <system-err><![CDATA[
Error: expect(received).toEqual(expected) // deep equality

Expected: "Selection Rule"
Received: "Funding Pool"
    at Context.<anonymous> (D:\a\1\s\test\specs\BusinessObjects\SelectionRules.spec.js:402:36)
]]></system-err>
    </testcase>
    <testcase classname="chrome.139_0_7258_67.windows.Selection_Rules" name="Should check the addition of master data fields" time="2.789">
      <skipped/>
      <system-out><![CDATA[
COMMAND: POST /session/a4a32b40414c8b8ffe064f2dc2ffbd5c/execute/async - {"script":"<script> [21 bytes]","args":[{"selector":{"controlType":"sap.m.Button","viewName":"rfm.selectionruleui.view.SelectionRule","viewId":"application-SelectionRule-manage-component---SelectionRule","bindingPath":{"path":"","propertyPath":"/AppScenario","modelName":"localModel"},"interaction":{"idSuffix":"BDI-content"}},"wdio_ui5_key":"rfmselectionruleui.view.SelectionRulesap.m.Button{\"path\":\"\",\"propertyPath\":\"/AppScenario\",\"modelName\":\"localModel\"}"}]}
COMMAND: GET /session/a4a32b40414c8b8ffe064f2dc2ffbd5c/screenshot - {}
RESULT: {"script":"<script> [21 bytes]","args":[{"selector":{"controlType":"sap.m.Button","viewName":"rfm.selectionruleui.view.SelectionRule","viewId":"application-SelectionRule-manage-component---SelectionRule","bindingPath":{"path":"","propertyPath":"/AppScenario","modelName":"localModel"},"interaction":{"idSuffix":"BDI-content"}},"wdio_ui5_key":"rfmselectionruleui.view.SelectionRulesap.m.Button{\"path\":\"\",\"propertyPath\":\"/AppScenario\",\"modelName\":\"localModel\"}"}]}
RESULT: undefined
COMMAND: POST /session/a4a32b40414c8b8ffe064f2dc2ffbd5c/execute/async - {"script":"<script> [21 bytes]","args":[{"selector":{"controlType":"sap.m.CheckBox","viewName":"rfm.selectionruleui.view.SelectionRule","viewId":"application-SelectionRule-manage-component---SelectionRule","properties":{"editable":true},"searchOpenDialogs":true,"ancestor":{"controlType":"sap.m.StandardTreeItem","viewName":"rfm.selectionruleui.view.SelectionRule","viewId":"application-SelectionRule-manage-component---SelectionRule","bindingPath":{"modelName":"localModel","path":"/MasterDataFields/0/nodes/1"},"ancestor":{"id":"application-SelectionRule-manage-component---SelectionRule--idMasterDataTree","searchOpenDialogs":true}},"interaction":{"idSuffix":"CbBg"}},"wdio_ui5_key":"rfmselectionruleui.view.SelectionRulesap.m.CheckBox{\"editable\":true}{\"controlType\":\"sap.m.StandardTreeItem\",\"viewName\":\"rfm.selectionruleui.view.SelectionRule\",\"viewId\":\"application-SelectionRule-manage-component---SelectionRule\",\"bindingPath\":{\"modelName\":\"localModel\",\"path\":\"/MasterDataFields/0/nodes/1\"},\"ancestor\":{\"id\":\"application-SelectionRule-manage-component---SelectionRule--idMasterDataTree\",\"searchOpenDialogs\":true}}"}]}
RESULT: {}
RESULT: {"script":"<script> [21 bytes]","args":[{"selector":{"controlType":"sap.m.CheckBox","viewName":"rfm.selectionruleui.view.SelectionRule","viewId":"application-SelectionRule-manage-component---SelectionRule","properties":{"editable":true},"searchOpenDialogs":true,"ancestor":{"controlType":"sap.m.StandardTreeItem","viewName":"rfm.selectionruleui.view.SelectionRule","viewId":"application-SelectionRule-manage-component---SelectionRule","bindingPath":{"modelName":"localModel","path":"/MasterDataFields/0/nodes/1"},"ancestor":{"id":"application-SelectionRule-manage-component---SelectionRule--idMasterDataTree","searchOpenDialogs":true}},"interaction":{"idSuffix":"CbBg"}},"wdio_ui5_key":"rfmselectionruleui.view.SelectionRulesap.m.CheckBox{\"editable\":true}{\"controlType\":\"sap.m.StandardTreeItem\",\"viewName\":\"rfm.selectionruleui.view.SelectionRule\",\"viewId\":\"application-SelectionRule-manage-component---SelectionRule\",\"bindingPath\":{\"modelName\":\"localModel\",\"path\":\"/MasterDataFields/0/nodes/1\"},\"ancestor\":{\"id\":\"application-SelectionRule-manage-component---SelectionRule--idMasterDataTree\",\"searchOpenDialogs\":true}}"}]}
RESULT: undefined
COMMAND: POST /session/a4a32b40414c8b8ffe064f2dc2ffbd5c/execute/async - {"script":"<script> [21 bytes]","args":[{"selector":{"controlType":"sap.m.Button","viewName":"rfm.selectionruleui.view.SelectionRule","viewId":"application-SelectionRule-manage-component---SelectionRule","i18NText":{"propertyName":"text","key":"add"},"searchOpenDialogs":true,"interaction":{"idSuffix":"BDI-content"}},"wdio_ui5_key":"rfmselectionruleui.view.SelectionRulesap.m.Button{\"propertyName\":\"text\",\"key\":\"add\"}"}]}
RESULT: {"script":"<script> [21 bytes]","args":[{"selector":{"controlType":"sap.m.Button","viewName":"rfm.selectionruleui.view.SelectionRule","viewId":"application-SelectionRule-manage-component---SelectionRule","i18NText":{"propertyName":"text","key":"add"},"searchOpenDialogs":true,"interaction":{"idSuffix":"BDI-content"}},"wdio_ui5_key":"rfmselectionruleui.view.SelectionRulesap.m.Button{\"propertyName\":\"text\",\"key\":\"add\"}"}]}
RESULT: undefined
COMMAND: POST /session/a4a32b40414c8b8ffe064f2dc2ffbd5c/execute/async - {"script":"<script> [21 bytes]","args":[{"selector":{"controlType":"sap.m.Text","viewName":"rfm.selectionruleui.view.SelectionRule","viewId":"application-SelectionRule-manage-component---SelectionRule","bindingPath":{"path":"/Data/MasterDataRule/Clauses/0/Clauses/0","propertyPath":"FieldDescription","modelName":"treeModel"}},"wdio_ui5_key":"rfmselectionruleui.view.SelectionRulesap.m.Text{\"path\":\"/Data/MasterDataRule/Clauses/0/Clauses/0\",\"propertyPath\":\"FieldDescription\",\"modelName\":\"treeModel\"}"}]}
RESULT: {"script":"<script> [21 bytes]","args":[{"selector":{"controlType":"sap.m.Text","viewName":"rfm.selectionruleui.view.SelectionRule","viewId":"application-SelectionRule-manage-component---SelectionRule","bindingPath":{"path":"/Data/MasterDataRule/Clauses/0/Clauses/0","propertyPath":"FieldDescription","modelName":"treeModel"}},"wdio_ui5_key":"rfmselectionruleui.view.SelectionRulesap.m.Text{\"path\":\"/Data/MasterDataRule/Clauses/0/Clauses/0\",\"propertyPath\":\"FieldDescription\",\"modelName\":\"treeModel\"}"}]}
RESULT: undefined
COMMAND: GET /session/a4a32b40414c8b8ffe064f2dc2ffbd5c/screenshot - {}
COMMAND: GET /session/a4a32b40414c8b8ffe064f2dc2ffbd5c/screenshot - {}
RESULT: {}
RESULT: {}
]]></system-out>
      <system-err><![CDATA[
Error: expect(received).toEqual(expected) // deep equality

Expected: "Salary"
Received: undefined
    at Context.<anonymous> (D:\a\1\s\test\specs\BusinessObjects\SelectionRules.spec.js:489:50)
]]></system-err>
    </testcase>
    <testcase classname="chrome.139_0_7258_67.windows.Selection_Rules" name="Should check the addition of master data fields" time="0.24">
      <failure/>
      <error message="expect(received).toEqual(expected) // deep equality&#xA;&#xA;Expected: &quot;Salary&quot;&#xA;Received: undefined"/>
      <system-out><![CDATA[
RESULT: undefined
RESULT: undefined
RESULT: undefined
RESULT: undefined
COMMAND: GET /session/a4a32b40414c8b8ffe064f2dc2ffbd5c/screenshot - {}
COMMAND: GET /session/a4a32b40414c8b8ffe064f2dc2ffbd5c/screenshot - {}
RESULT: {}
]]></system-out>
      <system-err><![CDATA[
Error: expect(received).toEqual(expected) // deep equality

Expected: "Salary"
Received: undefined
    at Context.<anonymous> (D:\a\1\s\test\specs\BusinessObjects\SelectionRules.spec.js:489:50)
]]></system-err>
    </testcase>
    <testcase classname="chrome.139_0_7258_67.windows.Selection_Rules" name="Should check the update of master data fields" time="3.091">
      <skipped/>
      <system-out><![CDATA[
COMMAND: POST /session/a4a32b40414c8b8ffe064f2dc2ffbd5c/execute/async - {"script":"<script> [21 bytes]","args":[{"selector":{"controlType":"sap.ui.core.Icon","viewName":"rfm.selectionruleui.view.SelectionRule","viewId":"application-SelectionRule-manage-component---SelectionRule","properties":{"src":{"regex":{"source":"edit"}}}},"wdio_ui5_key":"rfmselectionruleui.view.SelectionRulesap.ui.core.Icon{\"src\":{\"regex\":{\"source\":\"edit\"}}}"}]}
COMMAND: GET /session/a4a32b40414c8b8ffe064f2dc2ffbd5c/screenshot - {}
RESULT: {}
RESULT: {"script":"<script> [21 bytes]","args":[{"selector":{"controlType":"sap.ui.core.Icon","viewName":"rfm.selectionruleui.view.SelectionRule","viewId":"application-SelectionRule-manage-component---SelectionRule","properties":{"src":{"regex":{"source":"edit"}}}},"wdio_ui5_key":"rfmselectionruleui.view.SelectionRulesap.ui.core.Icon{\"src\":{\"regex\":{\"source\":\"edit\"}}}"}]}
RESULT: undefined
COMMAND: POST /session/a4a32b40414c8b8ffe064f2dc2ffbd5c/execute/async - {"script":"<script> [21 bytes]","args":[{"selector":{"controlType":"sap.m.Input","viewName":"rfm.selectionruleui.view.SelectionRule","viewId":"application-SelectionRule-manage-component---SelectionRule","bindingPath":{"path":"/Rules/0","propertyPath":"LowValue","modelName":"localModel"},"searchOpenDialogs":true,"interaction":{"idSuffix":"inner"}},"wdio_ui5_key":"rfmselectionruleui.view.SelectionRulesap.m.Input{\"path\":\"/Rules/0\",\"propertyPath\":\"LowValue\",\"modelName\":\"localModel\"}"}]}
RESULT: {}
RESULT: {"script":"<script> [21 bytes]","args":[{"selector":{"controlType":"sap.m.Input","viewName":"rfm.selectionruleui.view.SelectionRule","viewId":"application-SelectionRule-manage-component---SelectionRule","bindingPath":{"path":"/Rules/0","propertyPath":"LowValue","modelName":"localModel"},"searchOpenDialogs":true,"interaction":{"idSuffix":"inner"}},"wdio_ui5_key":"rfmselectionruleui.view.SelectionRulesap.m.Input{\"path\":\"/Rules/0\",\"propertyPath\":\"LowValue\",\"modelName\":\"localModel\"}"}]}
RESULT: undefined
COMMAND: POST /session/a4a32b40414c8b8ffe064f2dc2ffbd5c/execute/async - {"script":"<script> [21 bytes]","args":[{"selector":{"controlType":"sap.m.Input","viewName":"rfm.selectionruleui.view.SelectionRule","viewId":"application-SelectionRule-manage-component---SelectionRule","bindingPath":{"path":"/Rules/0","propertyPath":"HighValue","modelName":"localModel"},"searchOpenDialogs":true,"interaction":{"idSuffix":"inner"}},"wdio_ui5_key":"rfmselectionruleui.view.SelectionRulesap.m.Input{\"path\":\"/Rules/0\",\"propertyPath\":\"HighValue\",\"modelName\":\"localModel\"}"}]}
RESULT: {"script":"<script> [21 bytes]","args":[{"selector":{"controlType":"sap.m.Input","viewName":"rfm.selectionruleui.view.SelectionRule","viewId":"application-SelectionRule-manage-component---SelectionRule","bindingPath":{"path":"/Rules/0","propertyPath":"HighValue","modelName":"localModel"},"searchOpenDialogs":true,"interaction":{"idSuffix":"inner"}},"wdio_ui5_key":"rfmselectionruleui.view.SelectionRulesap.m.Input{\"path\":\"/Rules/0\",\"propertyPath\":\"HighValue\",\"modelName\":\"localModel\"}"}]}
RESULT: undefined
COMMAND: POST /session/a4a32b40414c8b8ffe064f2dc2ffbd5c/execute/async - {"script":"<script> [21 bytes]","args":[{"selector":{"controlType":"sap.m.Button","viewName":"rfm.selectionruleui.view.SelectionRule","viewId":"application-SelectionRule-manage-component---SelectionRule","i18NText":{"propertyName":"text","key":"update"},"searchOpenDialogs":true,"interaction":{"idSuffix":"BDI-content"}},"wdio_ui5_key":"rfmselectionruleui.view.SelectionRulesap.m.Button{\"propertyName\":\"text\",\"key\":\"update\"}"}]}
RESULT: {"script":"<script> [21 bytes]","args":[{"selector":{"controlType":"sap.m.Button","viewName":"rfm.selectionruleui.view.SelectionRule","viewId":"application-SelectionRule-manage-component---SelectionRule","i18NText":{"propertyName":"text","key":"update"},"searchOpenDialogs":true,"interaction":{"idSuffix":"BDI-content"}},"wdio_ui5_key":"rfmselectionruleui.view.SelectionRulesap.m.Button{\"propertyName\":\"text\",\"key\":\"update\"}"}]}
RESULT: undefined
COMMAND: POST /session/a4a32b40414c8b8ffe064f2dc2ffbd5c/execute/async - {"script":"<script> [21 bytes]","args":[{"selector":{"controlType":"sap.m.Text","viewName":"rfm.selectionruleui.view.SelectionRule","viewId":"application-SelectionRule-manage-component---SelectionRule","bindingPath":{"path":"/Data/MasterDataRule/Clauses/0/Clauses/0","propertyPath":"LowValue","modelName":"treeModel"}},"wdio_ui5_key":"rfmselectionruleui.view.SelectionRulesap.m.Text{\"path\":\"/Data/MasterDataRule/Clauses/0/Clauses/0\",\"propertyPath\":\"LowValue\",\"modelName\":\"treeModel\"}"}]}
RESULT: {"script":"<script> [21 bytes]","args":[{"selector":{"controlType":"sap.m.Text","viewName":"rfm.selectionruleui.view.SelectionRule","viewId":"application-SelectionRule-manage-component---SelectionRule","bindingPath":{"path":"/Data/MasterDataRule/Clauses/0/Clauses/0","propertyPath":"LowValue","modelName":"treeModel"}},"wdio_ui5_key":"rfmselectionruleui.view.SelectionRulesap.m.Text{\"path\":\"/Data/MasterDataRule/Clauses/0/Clauses/0\",\"propertyPath\":\"LowValue\",\"modelName\":\"treeModel\"}"}]}
RESULT: undefined
COMMAND: GET /session/a4a32b40414c8b8ffe064f2dc2ffbd5c/screenshot - {}
COMMAND: GET /session/a4a32b40414c8b8ffe064f2dc2ffbd5c/screenshot - {}
RESULT: {}
RESULT: {}
]]></system-out>
      <system-err><![CDATA[
Error: expect(received).toEqual(expected) // deep equality

Expected: "1000"
Received: undefined
    at Context.<anonymous> (D:\a\1\s\test\specs\BusinessObjects\SelectionRules.spec.js:577:58)
]]></system-err>
    </testcase>
    <testcase classname="chrome.139_0_7258_67.windows.Selection_Rules" name="Should check the update of master data fields" time="0.444">
      <failure/>
      <error message="expect(received).toEqual(expected) // deep equality&#xA;&#xA;Expected: &quot;1000&quot;&#xA;Received: undefined"/>
      <system-out><![CDATA[
RESULT: undefined
RESULT: undefined
RESULT: undefined
RESULT: undefined
RESULT: undefined
COMMAND: GET /session/a4a32b40414c8b8ffe064f2dc2ffbd5c/screenshot - {}
COMMAND: GET /session/a4a32b40414c8b8ffe064f2dc2ffbd5c/screenshot - {}
RESULT: {}
RESULT: {}
]]></system-out>
      <system-err><![CDATA[
Error: expect(received).toEqual(expected) // deep equality

Expected: "1000"
Received: undefined
    at Context.<anonymous> (D:\a\1\s\test\specs\BusinessObjects\SelectionRules.spec.js:577:58)
]]></system-err>
    </testcase>
    <testcase classname="chrome.139_0_7258_67.windows.Selection_Rules" name="Should check deletion of master data fields" time="1.625">
      <system-out><![CDATA[
RESULT: undefined
COMMAND: POST /session/a4a32b40414c8b8ffe064f2dc2ffbd5c/execute/async - {"script":"<script> [21 bytes]","args":[{"selector":{"controlType":"sap.m.Button","viewName":"rfm.selectionruleui.view.SelectionRule","viewId":"application-SelectionRule-manage-component---SelectionRule","properties":{"type":"Transparent"},"searchOpenDialogs":true,"interaction":{"idSuffix":"inner"}},"wdio_ui5_key":"rfmselectionruleui.view.SelectionRulesap.m.Button{\"type\":\"Transparent\"}"}]}
COMMAND: GET /session/a4a32b40414c8b8ffe064f2dc2ffbd5c/screenshot - {}
RESULT: {"script":"<script> [21 bytes]","args":[{"selector":{"controlType":"sap.m.Button","viewName":"rfm.selectionruleui.view.SelectionRule","viewId":"application-SelectionRule-manage-component---SelectionRule","properties":{"type":"Transparent"},"searchOpenDialogs":true,"interaction":{"idSuffix":"inner"}},"wdio_ui5_key":"rfmselectionruleui.view.SelectionRulesap.m.Button{\"type\":\"Transparent\"}"}]}
RESULT: undefined
COMMAND: POST /session/a4a32b40414c8b8ffe064f2dc2ffbd5c/execute/async - {"script":"<script> [21 bytes]","args":[{"forceSelect":true,"selector":{"controlType":"sap.m.Button","viewName":"rfm.selectionruleui.view.SelectionRule","viewId":"application-SelectionRule-manage-component---SelectionRule","i18NText":{"propertyName":"text","key":"update"},"searchOpenDialogs":true,"interaction":{"idSuffix":"inner"}},"wdio_ui5_key":"rfmselectionruleui.view.SelectionRulesap.m.Button{\"propertyName\":\"text\",\"key\":\"update\"}"}]}
RESULT: {}
RESULT: {"script":"<script> [21 bytes]","args":[{"forceSelect":true,"selector":{"controlType":"sap.m.Button","viewName":"rfm.selectionruleui.view.SelectionRule","viewId":"application-SelectionRule-manage-component---SelectionRule","i18NText":{"propertyName":"text","key":"update"},"searchOpenDialogs":true,"interaction":{"idSuffix":"inner"}},"wdio_ui5_key":"rfmselectionruleui.view.SelectionRulesap.m.Button{\"propertyName\":\"text\",\"key\":\"update\"}"}]}
RESULT: undefined
COMMAND: POST /session/a4a32b40414c8b8ffe064f2dc2ffbd5c/execute/async - {"script":"<script> [21 bytes]","args":[{"selector":{"controlType":"sap.m.Button","viewName":"rfm.selectionruleui.view.SelectionRule","viewId":"application-SelectionRule-manage-component---SelectionRule","i18NText":{"propertyName":"text","key":"save"},"interaction":{"idSuffix":"content"}},"wdio_ui5_key":"rfmselectionruleui.view.SelectionRulesap.m.Button{\"propertyName\":\"text\",\"key\":\"save\"}"}]}
RESULT: {"script":"<script> [21 bytes]","args":[{"selector":{"controlType":"sap.m.Button","viewName":"rfm.selectionruleui.view.SelectionRule","viewId":"application-SelectionRule-manage-component---SelectionRule","i18NText":{"propertyName":"text","key":"save"},"interaction":{"idSuffix":"content"}},"wdio_ui5_key":"rfmselectionruleui.view.SelectionRulesap.m.Button{\"propertyName\":\"text\",\"key\":\"save\"}"}]}
RESULT: undefined
RESULT: undefined
COMMAND: GET /session/a4a32b40414c8b8ffe064f2dc2ffbd5c/screenshot - {}
]]></system-out>
    </testcase>
    <testcase classname="chrome.139_0_7258_67.windows.Selection_Rules" name="Should check Save action" time="1.454">
      <skipped/>
      <system-out><![CDATA[
RESULT: undefined
COMMAND: POST /session/a4a32b40414c8b8ffe064f2dc2ffbd5c/execute/async - {"script":"<script> [21 bytes]","args":[{"forceSelect":true,"selector":{"controlType":"sap.m.CheckBox","viewName":"rfm.selectionruleui.view.SelectionRule","viewId":"application-SelectionRule-manage-component---SelectionRule","properties":{"editable":true},"searchOpenDialogs":true,"ancestor":{"controlType":"sap.m.StandardTreeItem","viewName":"rfm.selectionruleui.view.SelectionRule","viewId":"application-SelectionRule-manage-component---SelectionRule","bindingPath":{"modelName":"localModel","path":"/MasterDataFields/0/nodes/1"},"ancestor":{"id":"application-SelectionRule-manage-component---SelectionRule--idMasterDataTree","searchOpenDialogs":true}},"interaction":{"idSuffix":"CbBg"}},"wdio_ui5_key":"rfmselectionruleui.view.SelectionRulesap.m.CheckBox{\"editable\":true}{\"controlType\":\"sap.m.StandardTreeItem\",\"viewName\":\"rfm.selectionruleui.view.SelectionRule\",\"viewId\":\"application-SelectionRule-manage-component---SelectionRule\",\"bindingPath\":{\"modelName\":\"localModel\",\"path\":\"/MasterDataFields/0/nodes/1\"},\"ancestor\":{\"id\":\"application-SelectionRule-manage-component---SelectionRule--idMasterDataTree\",\"searchOpenDialogs\":true}}"}]}
RESULT: {}
RESULT: {"script":"<script> [21 bytes]","args":[{"forceSelect":true,"selector":{"controlType":"sap.m.CheckBox","viewName":"rfm.selectionruleui.view.SelectionRule","viewId":"application-SelectionRule-manage-component---SelectionRule","properties":{"editable":true},"searchOpenDialogs":true,"ancestor":{"controlType":"sap.m.StandardTreeItem","viewName":"rfm.selectionruleui.view.SelectionRule","viewId":"application-SelectionRule-manage-component---SelectionRule","bindingPath":{"modelName":"localModel","path":"/MasterDataFields/0/nodes/1"},"ancestor":{"id":"application-SelectionRule-manage-component---SelectionRule--idMasterDataTree","searchOpenDialogs":true}},"interaction":{"idSuffix":"CbBg"}},"wdio_ui5_key":"rfmselectionruleui.view.SelectionRulesap.m.CheckBox{\"editable\":true}{\"controlType\":\"sap.m.StandardTreeItem\",\"viewName\":\"rfm.selectionruleui.view.SelectionRule\",\"viewId\":\"application-SelectionRule-manage-component---SelectionRule\",\"bindingPath\":{\"modelName\":\"localModel\",\"path\":\"/MasterDataFields/0/nodes/1\"},\"ancestor\":{\"id\":\"application-SelectionRule-manage-component---SelectionRule--idMasterDataTree\",\"searchOpenDialogs\":true}}"}]}
RESULT: undefined
COMMAND: POST /session/a4a32b40414c8b8ffe064f2dc2ffbd5c/execute/async - {"script":"<script> [21 bytes]","args":[{"forceSelect":true,"selector":{"controlType":"sap.m.Button","viewName":"rfm.selectionruleui.view.SelectionRule","viewId":"application-SelectionRule-manage-component---SelectionRule","i18NText":{"propertyName":"text","key":"add"},"searchOpenDialogs":true,"interaction":{"idSuffix":"BDI-content"}},"wdio_ui5_key":"rfmselectionruleui.view.SelectionRulesap.m.Button{\"propertyName\":\"text\",\"key\":\"add\"}"}]}
RESULT: {"script":"<script> [21 bytes]","args":[{"forceSelect":true,"selector":{"controlType":"sap.m.Button","viewName":"rfm.selectionruleui.view.SelectionRule","viewId":"application-SelectionRule-manage-component---SelectionRule","i18NText":{"propertyName":"text","key":"add"},"searchOpenDialogs":true,"interaction":{"idSuffix":"BDI-content"}},"wdio_ui5_key":"rfmselectionruleui.view.SelectionRulesap.m.Button{\"propertyName\":\"text\",\"key\":\"add\"}"}]}
RESULT: undefined
RESULT: undefined
COMMAND: GET /session/a4a32b40414c8b8ffe064f2dc2ffbd5c/screenshot - {}
COMMAND: GET /session/a4a32b40414c8b8ffe064f2dc2ffbd5c/screenshot - {}
RESULT: {}
RESULT: {}
]]></system-out>
      <system-err><![CDATA[
Error: expect(received).toEqual(expected) // deep equality

Expected: "Salary"
Received: undefined
    at Context.<anonymous> (D:\a\1\s\test\specs\BusinessObjects\SelectionRules.spec.js:769:46)
]]></system-err>
    </testcase>
    <testcase classname="chrome.139_0_7258_67.windows.Selection_Rules" name="Should check Save action" time="1.07">
      <failure/>
      <error message="expect(received).toEqual(expected) // deep equality&#xA;&#xA;Expected: &quot;Salary&quot;&#xA;Received: undefined"/>
      <system-out><![CDATA[
RESULT: undefined
COMMAND: POST /session/a4a32b40414c8b8ffe064f2dc2ffbd5c/execute/async - {"script":"<script> [21 bytes]","args":[{"forceSelect":true,"selector":{"controlType":"sap.m.CheckBox","viewName":"rfm.selectionruleui.view.SelectionRule","viewId":"application-SelectionRule-manage-component---SelectionRule","properties":{"editable":true},"searchOpenDialogs":true,"ancestor":{"controlType":"sap.m.StandardTreeItem","viewName":"rfm.selectionruleui.view.SelectionRule","viewId":"application-SelectionRule-manage-component---SelectionRule","bindingPath":{"modelName":"localModel","path":"/MasterDataFields/0/nodes/1"},"ancestor":{"id":"application-SelectionRule-manage-component---SelectionRule--idMasterDataTree","searchOpenDialogs":true}},"interaction":{"idSuffix":"CbBg"}},"wdio_ui5_key":"rfmselectionruleui.view.SelectionRulesap.m.CheckBox{\"editable\":true}{\"controlType\":\"sap.m.StandardTreeItem\",\"viewName\":\"rfm.selectionruleui.view.SelectionRule\",\"viewId\":\"application-SelectionRule-manage-component---SelectionRule\",\"bindingPath\":{\"modelName\":\"localModel\",\"path\":\"/MasterDataFields/0/nodes/1\"},\"ancestor\":{\"id\":\"application-SelectionRule-manage-component---SelectionRule--idMasterDataTree\",\"searchOpenDialogs\":true}}"}]}
RESULT: {"script":"<script> [21 bytes]","args":[{"forceSelect":true,"selector":{"controlType":"sap.m.CheckBox","viewName":"rfm.selectionruleui.view.SelectionRule","viewId":"application-SelectionRule-manage-component---SelectionRule","properties":{"editable":true},"searchOpenDialogs":true,"ancestor":{"controlType":"sap.m.StandardTreeItem","viewName":"rfm.selectionruleui.view.SelectionRule","viewId":"application-SelectionRule-manage-component---SelectionRule","bindingPath":{"modelName":"localModel","path":"/MasterDataFields/0/nodes/1"},"ancestor":{"id":"application-SelectionRule-manage-component---SelectionRule--idMasterDataTree","searchOpenDialogs":true}},"interaction":{"idSuffix":"CbBg"}},"wdio_ui5_key":"rfmselectionruleui.view.SelectionRulesap.m.CheckBox{\"editable\":true}{\"controlType\":\"sap.m.StandardTreeItem\",\"viewName\":\"rfm.selectionruleui.view.SelectionRule\",\"viewId\":\"application-SelectionRule-manage-component---SelectionRule\",\"bindingPath\":{\"modelName\":\"localModel\",\"path\":\"/MasterDataFields/0/nodes/1\"},\"ancestor\":{\"id\":\"application-SelectionRule-manage-component---SelectionRule--idMasterDataTree\",\"searchOpenDialogs\":true}}"}]}
RESULT: undefined
COMMAND: POST /session/a4a32b40414c8b8ffe064f2dc2ffbd5c/execute/async - {"script":"<script> [21 bytes]","args":[{"forceSelect":true,"selector":{"controlType":"sap.m.Button","viewName":"rfm.selectionruleui.view.SelectionRule","viewId":"application-SelectionRule-manage-component---SelectionRule","i18NText":{"propertyName":"text","key":"add"},"searchOpenDialogs":true,"interaction":{"idSuffix":"BDI-content"}},"wdio_ui5_key":"rfmselectionruleui.view.SelectionRulesap.m.Button{\"propertyName\":\"text\",\"key\":\"add\"}"}]}
RESULT: {"script":"<script> [21 bytes]","args":[{"forceSelect":true,"selector":{"controlType":"sap.m.Button","viewName":"rfm.selectionruleui.view.SelectionRule","viewId":"application-SelectionRule-manage-component---SelectionRule","i18NText":{"propertyName":"text","key":"add"},"searchOpenDialogs":true,"interaction":{"idSuffix":"BDI-content"}},"wdio_ui5_key":"rfmselectionruleui.view.SelectionRulesap.m.Button{\"propertyName\":\"text\",\"key\":\"add\"}"}]}
RESULT: undefined
RESULT: undefined
COMMAND: GET /session/a4a32b40414c8b8ffe064f2dc2ffbd5c/screenshot - {}
COMMAND: GET /session/a4a32b40414c8b8ffe064f2dc2ffbd5c/screenshot - {}
RESULT: {}
COMMAND: DELETE /session/a4a32b40414c8b8ffe064f2dc2ffbd5c - {}
COMMAND: GET /session/a4a32b40414c8b8ffe064f2dc2ffbd5c/screenshot - {}
COMMAND: GET /session/a4a32b40414c8b8ffe064f2dc2ffbd5c/screenshot - {}
RESULT: {}
RESULT: {}
]]></system-out>
      <system-err><![CDATA[
Error: expect(received).toEqual(expected) // deep equality

Expected: "Salary"
Received: undefined
    at Context.<anonymous> (D:\a\1\s\test\specs\BusinessObjects\SelectionRules.spec.js:769:46)
]]></system-err>
    </testcase>
  </testsuite>
</testsuites>