<?xml version="1.0" encoding="UTF-8"?>
<testsuites tests="3" failures="0" errors="0" skipped="0">
  <testsuite timestamp="2025-08-17T22:04:57" time="136.422" tests="3" failures="0" errors="0" skipped="0">
    <properties>
      <property name="specId" value="0"/>
      <property name="suiteName" value="Sanity Tests"/>
      <property name="capabilities" value="chrome.139_0_7258_67.windows"/>
      <property name="file" value="file:///D:/a/1/s/test/specs/General/sanity.spec.js"/>
    </properties>
    <testcase classname="chrome.139_0_7258_67.windows.Sanity_Tests" name="Should open Funding Asset page" time="28.019">
      <system-out><![CDATA[
COMMAND: POST /session/91903cabfe0b13ef925049bd033a5e89/execute/async - {"script":"<script> [21 bytes]","args":[{"selector":{"controlType":"sap.m.GenericTile","properties":{"header":"Funding Asset"}},"wdio_ui5_key":"sapm.GenericTile{\"header\":\"Funding Asset\"}"}]}
RESULT: {"script":"<script> [21 bytes]","args":[{"selector":{"controlType":"sap.m.GenericTile","properties":{"header":"Funding Asset"}},"wdio_ui5_key":"sapm.GenericTile{\"header\":\"Funding Asset\"}"}]}
RESULT: undefined
COMMAND: POST /session/91903cabfe0b13ef925049bd033a5e89/element - {"using":"xpath","value":"//*[@id=\"__tile53\"]"}
RESULT: {"using":"xpath","value":"//*[@id=\"__tile53\"]"}
COMMAND: POST /session/91903cabfe0b13ef925049bd033a5e89/element/f.73DA31A67F68A1FD32A7CFCDA8F5BCD6.d.0A09B59623DD1A0F90A63DBF72D2A58B.e.75/click - {}
RESULT: {}
COMMAND: GET /session/91903cabfe0b13ef925049bd033a5e89/screenshot - {}
RESULT: {}
RESULT: undefined
COMMAND: POST /session/91903cabfe0b13ef925049bd033a5e89/element - {"using":"xpath","value":"//*[@id=\"__tile53\"]"}
RESULT: {"using":"xpath","value":"//*[@id=\"__tile53\"]"}
COMMAND: POST /session/91903cabfe0b13ef925049bd033a5e89/element/f.73DA31A67F68A1FD32A7CFCDA8F5BCD6.d.0A09B59623DD1A0F90A63DBF72D2A58B.e.186/click - {}
RESULT: undefined
COMMAND: POST /session/91903cabfe0b13ef925049bd033a5e89/element - {"using":"xpath","value":"//*[@id=\"__tile53\"]"}
RESULT: {"using":"xpath","value":"//*[@id=\"__tile53\"]"}
COMMAND: POST /session/91903cabfe0b13ef925049bd033a5e89/element/f.73DA31A67F68A1FD32A7CFCDA8F5BCD6.d.0A09B59623DD1A0F90A63DBF72D2A58B.e.186/click - {}
COMMAND: POST /session/91903cabfe0b13ef925049bd033a5e89/execute/async - {"script":"<script> [21 bytes]","args":[{"selector":{"id":"shellAppTitle"},"wdio_ui5_key":"shellAppTitle"}]}
RESULT: {"script":"<script> [21 bytes]","args":[{"selector":{"id":"shellAppTitle"},"wdio_ui5_key":"shellAppTitle"}]}
RESULT: undefined
COMMAND: POST /session/91903cabfe0b13ef925049bd033a5e89/execute/async - {"script":"<script> [21 bytes]","args":[{"element-6066-11e4-a52e-4f735466cecf":"f.73DA31A67F68A1FD32A7CFCDA8F5BCD6.d.0A09B59623DD1A0F90A63DBF72D2A58B.e.219"},"getTitle",[]]}
RESULT: {"script":"<script> [21 bytes]","args":[{"element-6066-11e4-a52e-4f735466cecf":"f.73DA31A67F68A1FD32A7CFCDA8F5BCD6.d.0A09B59623DD1A0F90A63DBF72D2A58B.e.219"},"getTitle",[]]}
COMMAND: POST /session/91903cabfe0b13ef925049bd033a5e89/execute/async - {"script":"<script> [21 bytes]","args":[{"selector":{"id":"backBtn"},"wdio_ui5_key":"backBtn"}]}
RESULT: {"script":"<script> [21 bytes]","args":[{"selector":{"id":"backBtn"},"wdio_ui5_key":"backBtn"}]}
RESULT: undefined
COMMAND: POST /session/91903cabfe0b13ef925049bd033a5e89/element - {"using":"xpath","value":"//*[@id=\"backBtn\"]"}
RESULT: {"using":"xpath","value":"//*[@id=\"backBtn\"]"}
COMMAND: POST /session/91903cabfe0b13ef925049bd033a5e89/element/f.73DA31A67F68A1FD32A7CFCDA8F5BCD6.d.0A09B59623DD1A0F90A63DBF72D2A58B.e.220/click - {}
RESULT: {}
COMMAND: GET /session/91903cabfe0b13ef925049bd033a5e89/screenshot - {}
RESULT: {}
COMMAND: GET /session/91903cabfe0b13ef925049bd033a5e89/screenshot - {}
]]></system-out>
    </testcase>
    <testcase classname="chrome.139_0_7258_67.windows.Sanity_Tests" name="Should open Funding Debtor page" time="26.064">
      <system-out><![CDATA[
COMMAND: POST /session/91903cabfe0b13ef925049bd033a5e89/execute/async - {"script":"<script> [21 bytes]","args":[{"selector":{"controlType":"sap.m.GenericTile","properties":{"header":"Funding Debtor"}},"wdio_ui5_key":"sapm.GenericTile{\"header\":\"Funding Debtor\"}"}]}
RESULT: {}
RESULT: {"script":"<script> [21 bytes]","args":[{"selector":{"controlType":"sap.m.GenericTile","properties":{"header":"Funding Debtor"}},"wdio_ui5_key":"sapm.GenericTile{\"header\":\"Funding Debtor\"}"}]}
RESULT: undefined
COMMAND: POST /session/91903cabfe0b13ef925049bd033a5e89/element - {"using":"xpath","value":"//*[@id=\"__tile54\"]"}
RESULT: {"using":"xpath","value":"//*[@id=\"__tile54\"]"}
COMMAND: POST /session/91903cabfe0b13ef925049bd033a5e89/element/f.73DA31A67F68A1FD32A7CFCDA8F5BCD6.d.0A09B59623DD1A0F90A63DBF72D2A58B.e.227/click - {}
RESULT: {}
COMMAND: GET /session/91903cabfe0b13ef925049bd033a5e89/screenshot - {}
RESULT: {}
RESULT: undefined
COMMAND: POST /session/91903cabfe0b13ef925049bd033a5e89/element - {"using":"xpath","value":"//*[@id=\"__tile54\"]"}
RESULT: {"using":"xpath","value":"//*[@id=\"__tile54\"]"}
COMMAND: POST /session/91903cabfe0b13ef925049bd033a5e89/element/f.73DA31A67F68A1FD32A7CFCDA8F5BCD6.d.0A09B59623DD1A0F90A63DBF72D2A58B.e.315/click - {}
RESULT: undefined
COMMAND: POST /session/91903cabfe0b13ef925049bd033a5e89/element - {"using":"xpath","value":"//*[@id=\"__tile54\"]"}
RESULT: {"using":"xpath","value":"//*[@id=\"__tile54\"]"}
COMMAND: POST /session/91903cabfe0b13ef925049bd033a5e89/element/f.73DA31A67F68A1FD32A7CFCDA8F5BCD6.d.0A09B59623DD1A0F90A63DBF72D2A58B.e.315/click - {}
RESULT: undefined
COMMAND: POST /session/91903cabfe0b13ef925049bd033a5e89/execute/async - {"script":"<script> [21 bytes]","args":[{"element-6066-11e4-a52e-4f735466cecf":"f.73DA31A67F68A1FD32A7CFCDA8F5BCD6.d.0A09B59623DD1A0F90A63DBF72D2A58B.e.219"},"getTitle",[]]}
RESULT: {"script":"<script> [21 bytes]","args":[{"element-6066-11e4-a52e-4f735466cecf":"f.73DA31A67F68A1FD32A7CFCDA8F5BCD6.d.0A09B59623DD1A0F90A63DBF72D2A58B.e.219"},"getTitle",[]]}
RESULT: undefined
COMMAND: POST /session/91903cabfe0b13ef925049bd033a5e89/element/f.73DA31A67F68A1FD32A7CFCDA8F5BCD6.d.0A09B59623DD1A0F90A63DBF72D2A58B.e.220/click - {}
RESULT: {}
COMMAND: GET /session/91903cabfe0b13ef925049bd033a5e89/screenshot - {}
RESULT: {}
COMMAND: GET /session/91903cabfe0b13ef925049bd033a5e89/screenshot - {}
]]></system-out>
    </testcase>
    <testcase classname="chrome.139_0_7258_67.windows.Sanity_Tests" name="Should open Asset Warehouse page" time="27.77">
      <system-out><![CDATA[
COMMAND: POST /session/91903cabfe0b13ef925049bd033a5e89/execute/async - {"script":"<script> [21 bytes]","args":[{"selector":{"controlType":"sap.m.GenericTile","properties":{"header":"Asset Warehouse"}},"wdio_ui5_key":"sapm.GenericTile{\"header\":\"Asset Warehouse\"}"}]}
RESULT: {}
RESULT: {"script":"<script> [21 bytes]","args":[{"selector":{"controlType":"sap.m.GenericTile","properties":{"header":"Asset Warehouse"}},"wdio_ui5_key":"sapm.GenericTile{\"header\":\"Asset Warehouse\"}"}]}
RESULT: undefined
COMMAND: POST /session/91903cabfe0b13ef925049bd033a5e89/element - {"using":"xpath","value":"//*[@id=\"__tile55\"]"}
RESULT: {"using":"xpath","value":"//*[@id=\"__tile55\"]"}
COMMAND: POST /session/91903cabfe0b13ef925049bd033a5e89/element/f.73DA31A67F68A1FD32A7CFCDA8F5BCD6.d.0A09B59623DD1A0F90A63DBF72D2A58B.e.322/click - {}
RESULT: {}
COMMAND: GET /session/91903cabfe0b13ef925049bd033a5e89/screenshot - {}
RESULT: {}
RESULT: undefined
COMMAND: POST /session/91903cabfe0b13ef925049bd033a5e89/element - {"using":"xpath","value":"//*[@id=\"__tile55\"]"}
RESULT: {"using":"xpath","value":"//*[@id=\"__tile55\"]"}
COMMAND: POST /session/91903cabfe0b13ef925049bd033a5e89/element/f.73DA31A67F68A1FD32A7CFCDA8F5BCD6.d.0A09B59623DD1A0F90A63DBF72D2A58B.e.375/click - {}
RESULT: undefined
COMMAND: POST /session/91903cabfe0b13ef925049bd033a5e89/element - {"using":"xpath","value":"//*[@id=\"__tile55\"]"}
RESULT: {"using":"xpath","value":"//*[@id=\"__tile55\"]"}
COMMAND: POST /session/91903cabfe0b13ef925049bd033a5e89/element/f.73DA31A67F68A1FD32A7CFCDA8F5BCD6.d.0A09B59623DD1A0F90A63DBF72D2A58B.e.375/click - {}
RESULT: undefined
COMMAND: POST /session/91903cabfe0b13ef925049bd033a5e89/execute/async - {"script":"<script> [21 bytes]","args":[{"element-6066-11e4-a52e-4f735466cecf":"f.73DA31A67F68A1FD32A7CFCDA8F5BCD6.d.0A09B59623DD1A0F90A63DBF72D2A58B.e.219"},"getTitle",[]]}
RESULT: {"script":"<script> [21 bytes]","args":[{"element-6066-11e4-a52e-4f735466cecf":"f.73DA31A67F68A1FD32A7CFCDA8F5BCD6.d.0A09B59623DD1A0F90A63DBF72D2A58B.e.219"},"getTitle",[]]}
RESULT: undefined
COMMAND: POST /session/91903cabfe0b13ef925049bd033a5e89/element/f.73DA31A67F68A1FD32A7CFCDA8F5BCD6.d.0A09B59623DD1A0F90A63DBF72D2A58B.e.220/click - {}
COMMAND: POST /session/91903cabfe0b13ef925049bd033a5e89/element - {"using":"xpath","value":"//*[@id=\"backBtn\"]"}
RESULT: {"using":"xpath","value":"//*[@id=\"backBtn\"]"}
COMMAND: POST /session/91903cabfe0b13ef925049bd033a5e89/element/f.73DA31A67F68A1FD32A7CFCDA8F5BCD6.d.0A09B59623DD1A0F90A63DBF72D2A58B.e.220/click - {}
COMMAND: POST /session/91903cabfe0b13ef925049bd033a5e89/element - {"using":"xpath","value":"//*[@id=\"backBtn\"]"}
RESULT: {"using":"xpath","value":"//*[@id=\"backBtn\"]"}
COMMAND: POST /session/91903cabfe0b13ef925049bd033a5e89/element/f.73DA31A67F68A1FD32A7CFCDA8F5BCD6.d.0A09B59623DD1A0F90A63DBF72D2A58B.e.387/click - {}
RESULT: {}
COMMAND: GET /session/91903cabfe0b13ef925049bd033a5e89/screenshot - {}
RESULT: {}
COMMAND: GET /session/91903cabfe0b13ef925049bd033a5e89/screenshot - {}
COMMAND: DELETE /session/91903cabfe0b13ef925049bd033a5e89 - {}
RESULT: {}
RESULT: {}
]]></system-out>
    </testcase>
  </testsuite>
</testsuites>