<?xml version="1.0" encoding="UTF-8"?>
<testsuites tests="3" failures="0" errors="0" skipped="0">
  <testsuite timestamp="2025-10-04T22:03:10" time="145.759" tests="3" failures="0" errors="0" skipped="0">
    <properties>
      <property name="specId" value="0"/>
      <property name="suiteName" value="Sanity Tests"/>
      <property name="capabilities" value="chrome.140_0_7339_208.windows"/>
      <property name="file" value="file:///D:/a/1/s/test/specs/General/sanity.spec.js"/>
    </properties>
    <testcase classname="chrome.140_0_7339_208.windows.Sanity_Tests" name="Should open Funding Asset page" time="27.606">
      <system-out><![CDATA[
COMMAND: POST /session/ec13fab7b6784a6177db661a89cb1837/execute/async - {"script":"<script> [21 bytes]","args":[{"selector":{"controlType":"sap.m.GenericTile","properties":{"header":"Funding Asset"}},"wdio_ui5_key":"sapm.GenericTile{\"header\":\"Funding Asset\"}"}]}
RESULT: {"script":"<script> [21 bytes]","args":[{"selector":{"controlType":"sap.m.GenericTile","properties":{"header":"Funding Asset"}},"wdio_ui5_key":"sapm.GenericTile{\"header\":\"Funding Asset\"}"}]}
RESULT: undefined
COMMAND: POST /session/ec13fab7b6784a6177db661a89cb1837/element - {"using":"xpath","value":"//*[@id=\"__tile53\"]"}
RESULT: {"using":"xpath","value":"//*[@id=\"__tile53\"]"}
COMMAND: POST /session/ec13fab7b6784a6177db661a89cb1837/element/f.12CA194B7958FCF17E354A8314EFD6EF.d.2FC472AFE79849C7FC3B3C40E3205041.e.68/click - {}
RESULT: {}
COMMAND: GET /session/ec13fab7b6784a6177db661a89cb1837/screenshot - {}
RESULT: {}
RESULT: undefined
COMMAND: POST /session/ec13fab7b6784a6177db661a89cb1837/element - {"using":"xpath","value":"//*[@id=\"__tile53\"]"}
RESULT: {"using":"xpath","value":"//*[@id=\"__tile53\"]"}
COMMAND: POST /session/ec13fab7b6784a6177db661a89cb1837/element/f.12CA194B7958FCF17E354A8314EFD6EF.d.2FC472AFE79849C7FC3B3C40E3205041.e.178/click - {}
RESULT: undefined
COMMAND: POST /session/ec13fab7b6784a6177db661a89cb1837/element - {"using":"xpath","value":"//*[@id=\"__tile53\"]"}
RESULT: {"using":"xpath","value":"//*[@id=\"__tile53\"]"}
COMMAND: POST /session/ec13fab7b6784a6177db661a89cb1837/element/f.12CA194B7958FCF17E354A8314EFD6EF.d.2FC472AFE79849C7FC3B3C40E3205041.e.178/click - {}
COMMAND: POST /session/ec13fab7b6784a6177db661a89cb1837/execute/async - {"script":"<script> [21 bytes]","args":[{"selector":{"id":"shellAppTitle"},"wdio_ui5_key":"shellAppTitle"}]}
RESULT: {"script":"<script> [21 bytes]","args":[{"selector":{"id":"shellAppTitle"},"wdio_ui5_key":"shellAppTitle"}]}
RESULT: undefined
COMMAND: POST /session/ec13fab7b6784a6177db661a89cb1837/execute/async - {"script":"<script> [21 bytes]","args":[{"element-6066-11e4-a52e-4f735466cecf":"f.12CA194B7958FCF17E354A8314EFD6EF.d.2FC472AFE79849C7FC3B3C40E3205041.e.211"},"getTitle",[]]}
RESULT: {"script":"<script> [21 bytes]","args":[{"element-6066-11e4-a52e-4f735466cecf":"f.12CA194B7958FCF17E354A8314EFD6EF.d.2FC472AFE79849C7FC3B3C40E3205041.e.211"},"getTitle",[]]}
COMMAND: POST /session/ec13fab7b6784a6177db661a89cb1837/execute/async - {"script":"<script> [21 bytes]","args":[{"selector":{"id":"backBtn"},"wdio_ui5_key":"backBtn"}]}
RESULT: {"script":"<script> [21 bytes]","args":[{"selector":{"id":"backBtn"},"wdio_ui5_key":"backBtn"}]}
RESULT: undefined
COMMAND: POST /session/ec13fab7b6784a6177db661a89cb1837/element - {"using":"xpath","value":"//*[@id=\"backBtn\"]"}
RESULT: {"using":"xpath","value":"//*[@id=\"backBtn\"]"}
COMMAND: POST /session/ec13fab7b6784a6177db661a89cb1837/element/f.12CA194B7958FCF17E354A8314EFD6EF.d.2FC472AFE79849C7FC3B3C40E3205041.e.212/click - {}
RESULT: {}
COMMAND: GET /session/ec13fab7b6784a6177db661a89cb1837/screenshot - {}
RESULT: {}
COMMAND: GET /session/ec13fab7b6784a6177db661a89cb1837/screenshot - {}
]]></system-out>
    </testcase>
    <testcase classname="chrome.140_0_7339_208.windows.Sanity_Tests" name="Should open Funding Debtor page" time="25.495">
      <system-out><![CDATA[
COMMAND: POST /session/ec13fab7b6784a6177db661a89cb1837/execute/async - {"script":"<script> [21 bytes]","args":[{"selector":{"controlType":"sap.m.GenericTile","properties":{"header":"Funding Debtor"}},"wdio_ui5_key":"sapm.GenericTile{\"header\":\"Funding Debtor\"}"}]}
RESULT: {}
RESULT: {"script":"<script> [21 bytes]","args":[{"selector":{"controlType":"sap.m.GenericTile","properties":{"header":"Funding Debtor"}},"wdio_ui5_key":"sapm.GenericTile{\"header\":\"Funding Debtor\"}"}]}
RESULT: undefined
COMMAND: POST /session/ec13fab7b6784a6177db661a89cb1837/element - {"using":"xpath","value":"//*[@id=\"__tile54\"]"}
RESULT: {"using":"xpath","value":"//*[@id=\"__tile54\"]"}
COMMAND: POST /session/ec13fab7b6784a6177db661a89cb1837/element/f.12CA194B7958FCF17E354A8314EFD6EF.d.2FC472AFE79849C7FC3B3C40E3205041.e.217/click - {}
RESULT: {}
COMMAND: GET /session/ec13fab7b6784a6177db661a89cb1837/screenshot - {}
RESULT: {}
RESULT: undefined
COMMAND: POST /session/ec13fab7b6784a6177db661a89cb1837/element - {"using":"xpath","value":"//*[@id=\"__tile54\"]"}
RESULT: {"using":"xpath","value":"//*[@id=\"__tile54\"]"}
COMMAND: POST /session/ec13fab7b6784a6177db661a89cb1837/element/f.12CA194B7958FCF17E354A8314EFD6EF.d.2FC472AFE79849C7FC3B3C40E3205041.e.304/click - {}
RESULT: undefined
COMMAND: POST /session/ec13fab7b6784a6177db661a89cb1837/element - {"using":"xpath","value":"//*[@id=\"__tile54\"]"}
RESULT: {"using":"xpath","value":"//*[@id=\"__tile54\"]"}
COMMAND: POST /session/ec13fab7b6784a6177db661a89cb1837/element/f.12CA194B7958FCF17E354A8314EFD6EF.d.2FC472AFE79849C7FC3B3C40E3205041.e.304/click - {}
RESULT: undefined
COMMAND: POST /session/ec13fab7b6784a6177db661a89cb1837/execute/async - {"script":"<script> [21 bytes]","args":[{"element-6066-11e4-a52e-4f735466cecf":"f.12CA194B7958FCF17E354A8314EFD6EF.d.2FC472AFE79849C7FC3B3C40E3205041.e.211"},"getTitle",[]]}
RESULT: {"script":"<script> [21 bytes]","args":[{"element-6066-11e4-a52e-4f735466cecf":"f.12CA194B7958FCF17E354A8314EFD6EF.d.2FC472AFE79849C7FC3B3C40E3205041.e.211"},"getTitle",[]]}
RESULT: undefined
COMMAND: POST /session/ec13fab7b6784a6177db661a89cb1837/element/f.12CA194B7958FCF17E354A8314EFD6EF.d.2FC472AFE79849C7FC3B3C40E3205041.e.212/click - {}
RESULT: {}
COMMAND: GET /session/ec13fab7b6784a6177db661a89cb1837/screenshot - {}
RESULT: {}
COMMAND: GET /session/ec13fab7b6784a6177db661a89cb1837/screenshot - {}
]]></system-out>
    </testcase>
    <testcase classname="chrome.140_0_7339_208.windows.Sanity_Tests" name="Should open Asset Warehouse page" time="27.006">
      <system-out><![CDATA[
COMMAND: POST /session/ec13fab7b6784a6177db661a89cb1837/execute/async - {"script":"<script> [21 bytes]","args":[{"selector":{"controlType":"sap.m.GenericTile","properties":{"header":"Asset Warehouse"}},"wdio_ui5_key":"sapm.GenericTile{\"header\":\"Asset Warehouse\"}"}]}
RESULT: {}
RESULT: {"script":"<script> [21 bytes]","args":[{"selector":{"controlType":"sap.m.GenericTile","properties":{"header":"Asset Warehouse"}},"wdio_ui5_key":"sapm.GenericTile{\"header\":\"Asset Warehouse\"}"}]}
RESULT: undefined
COMMAND: POST /session/ec13fab7b6784a6177db661a89cb1837/element - {"using":"xpath","value":"//*[@id=\"__tile55\"]"}
RESULT: {"using":"xpath","value":"//*[@id=\"__tile55\"]"}
COMMAND: POST /session/ec13fab7b6784a6177db661a89cb1837/element/f.12CA194B7958FCF17E354A8314EFD6EF.d.2FC472AFE79849C7FC3B3C40E3205041.e.311/click - {}
RESULT: {}
COMMAND: GET /session/ec13fab7b6784a6177db661a89cb1837/screenshot - {}
RESULT: {}
RESULT: undefined
COMMAND: POST /session/ec13fab7b6784a6177db661a89cb1837/element - {"using":"xpath","value":"//*[@id=\"__tile55\"]"}
RESULT: {"using":"xpath","value":"//*[@id=\"__tile55\"]"}
COMMAND: POST /session/ec13fab7b6784a6177db661a89cb1837/element/f.12CA194B7958FCF17E354A8314EFD6EF.d.2FC472AFE79849C7FC3B3C40E3205041.e.402/click - {}
RESULT: undefined
COMMAND: POST /session/ec13fab7b6784a6177db661a89cb1837/element - {"using":"xpath","value":"//*[@id=\"__tile55\"]"}
RESULT: {"using":"xpath","value":"//*[@id=\"__tile55\"]"}
COMMAND: POST /session/ec13fab7b6784a6177db661a89cb1837/element/f.12CA194B7958FCF17E354A8314EFD6EF.d.2FC472AFE79849C7FC3B3C40E3205041.e.402/click - {}
RESULT: undefined
COMMAND: POST /session/ec13fab7b6784a6177db661a89cb1837/execute/async - {"script":"<script> [21 bytes]","args":[{"element-6066-11e4-a52e-4f735466cecf":"f.12CA194B7958FCF17E354A8314EFD6EF.d.2FC472AFE79849C7FC3B3C40E3205041.e.211"},"getTitle",[]]}
RESULT: {"script":"<script> [21 bytes]","args":[{"element-6066-11e4-a52e-4f735466cecf":"f.12CA194B7958FCF17E354A8314EFD6EF.d.2FC472AFE79849C7FC3B3C40E3205041.e.211"},"getTitle",[]]}
RESULT: undefined
COMMAND: POST /session/ec13fab7b6784a6177db661a89cb1837/element/f.12CA194B7958FCF17E354A8314EFD6EF.d.2FC472AFE79849C7FC3B3C40E3205041.e.212/click - {}
COMMAND: POST /session/ec13fab7b6784a6177db661a89cb1837/element - {"using":"xpath","value":"//*[@id=\"backBtn\"]"}
RESULT: {"using":"xpath","value":"//*[@id=\"backBtn\"]"}
COMMAND: POST /session/ec13fab7b6784a6177db661a89cb1837/element/f.12CA194B7958FCF17E354A8314EFD6EF.d.2FC472AFE79849C7FC3B3C40E3205041.e.212/click - {}
COMMAND: POST /session/ec13fab7b6784a6177db661a89cb1837/element - {"using":"xpath","value":"//*[@id=\"backBtn\"]"}
RESULT: {"using":"xpath","value":"//*[@id=\"backBtn\"]"}
COMMAND: POST /session/ec13fab7b6784a6177db661a89cb1837/element/f.12CA194B7958FCF17E354A8314EFD6EF.d.2FC472AFE79849C7FC3B3C40E3205041.e.412/click - {}
RESULT: {}
COMMAND: GET /session/ec13fab7b6784a6177db661a89cb1837/screenshot - {}
RESULT: {}
COMMAND: GET /session/ec13fab7b6784a6177db661a89cb1837/screenshot - {}
COMMAND: DELETE /session/ec13fab7b6784a6177db661a89cb1837 - {}
RESULT: {}
RESULT: {}
]]></system-out>
    </testcase>
  </testsuite>
</testsuites>