<?xml version="1.0" encoding="UTF-8"?>
<testsuites tests="8" failures="0" errors="0" skipped="0">
  <testsuite timestamp="2025-08-13T01:05:46" time="323.279" tests="8" failures="0" errors="0" skipped="0">
    <properties>
      <property name="specId" value="0"/>
      <property name="suiteName" value="Loan Contract"/>
      <property name="capabilities" value="chrome.138_0_7204_184.windows"/>
      <property name="file" value="file:///D:/a/1/s/test/specs/BusinessObjects/LoanContract.spec.js"/>
    </properties>
    <testcase classname="chrome.138_0_7204_184.windows.Loan_Contract" name="Should create Program" time="60.874">
      <system-out><![CDATA[
COMMAND: POST /session/f6c7f8b4e15e785343822e1d5e03cba9/execute/async - {"script":"<script> [21 bytes]","args":[{"selector":{"controlType":"sap.m.GenericTile","properties":{"header":"Funding Program"}},"wdio_ui5_key":"sapm.GenericTile{\"header\":\"Funding Program\"}"}]}
RESULT: {"script":"<script> [21 bytes]","args":[{"selector":{"controlType":"sap.m.GenericTile","properties":{"header":"Funding Program"}},"wdio_ui5_key":"sapm.GenericTile{\"header\":\"Funding Program\"}"}]}
RESULT: undefined
COMMAND: POST /session/f6c7f8b4e15e785343822e1d5e03cba9/element - {"using":"xpath","value":"//*[@id=\"__tile29\"]"}
RESULT: {"using":"xpath","value":"//*[@id=\"__tile29\"]"}
COMMAND: POST /session/f6c7f8b4e15e785343822e1d5e03cba9/element/f.638289999214797415D9C632A9E7936F.d.D33C86B3F6CD053630D3D626F24849A6.e.80/click - {}
RESULT: {}
COMMAND: POST /session/f6c7f8b4e15e785343822e1d5e03cba9/execute/async - {"script":"<script> [21 bytes]","args":[{"selector":{"id":"rfm.programui::xRFMxCU_ProgramList--fe::table::allTab::LineItem::StandardAction::Create","controlType":"sap.m.Button"},"wdio_ui5_key":"rfmprogramui::xRFMxCU_ProgramList--fe::table::allTab::LineItem::StandardAction::Createsap.m.Button"}]}
COMMAND: GET /session/f6c7f8b4e15e785343822e1d5e03cba9/screenshot - {}
RESULT: {"script":"<script> [21 bytes]","args":[{"selector":{"id":"rfm.programui::xRFMxCU_ProgramList--fe::table::allTab::LineItem::StandardAction::Create","controlType":"sap.m.Button"},"wdio_ui5_key":"rfmprogramui::xRFMxCU_ProgramList--fe::table::allTab::LineItem::StandardAction::Createsap.m.Button"}]}
RESULT: undefined
COMMAND: POST /session/f6c7f8b4e15e785343822e1d5e03cba9/element - {"using":"xpath","value":"//*[@id=\"rfm.programui::xRFMxCU_ProgramList--fe::table::allTab::LineItem::StandardAction::Create\"]"}
RESULT: {}
RESULT: {"using":"xpath","value":"//*[@id=\"rfm.programui::xRFMxCU_ProgramList--fe::table::allTab::LineItem::StandardAction::Create\"]"}
COMMAND: POST /session/f6c7f8b4e15e785343822e1d5e03cba9/element/f.638289999214797415D9C632A9E7936F.d.D33C86B3F6CD053630D3D626F24849A6.e.145/click - {}
RESULT: {}
COMMAND: POST /session/f6c7f8b4e15e785343822e1d5e03cba9/execute/async - {"script":"<script> [21 bytes]","args":[{"selector":{"id":"CreateDialog::xRFMxCU_ProgramType::FundingScope-inner","searchOpenDialogs":true,"interaction":{"idSuffix":"inner"}},"wdio_ui5_key":"CreateDialogxRFMxCU_ProgramType::FundingScope-inner"}]}
COMMAND: GET /session/f6c7f8b4e15e785343822e1d5e03cba9/screenshot - {}
RESULT: {"script":"<script> [21 bytes]","args":[{"selector":{"id":"CreateDialog::xRFMxCU_ProgramType::FundingScope-inner","searchOpenDialogs":true,"interaction":{"idSuffix":"inner"}},"wdio_ui5_key":"CreateDialogxRFMxCU_ProgramType::FundingScope-inner"}]}
RESULT: undefined
COMMAND: POST /session/f6c7f8b4e15e785343822e1d5e03cba9/execute/async - {"script":"<script> [20 bytes]","args":[{"enterText":"Installment","selector":{"id":"CreateDialog::xRFMxCU_ProgramType::FundingScope-inner","searchOpenDialogs":true,"interaction":{"idSuffix":"inner"}},"clearTextFirst":true,"interactionType":"ENTER_TEXT"}]}
RESULT: {}
RESULT: {"script":"<script> [20 bytes]","args":[{"enterText":"Installment","selector":{"id":"CreateDialog::xRFMxCU_ProgramType::FundingScope-inner","searchOpenDialogs":true,"interaction":{"idSuffix":"inner"}},"clearTextFirst":true,"interactionType":"ENTER_TEXT"}]}
COMMAND: POST /session/f6c7f8b4e15e785343822e1d5e03cba9/execute/async - {"script":"<script> [21 bytes]","args":[{"selector":{"id":"CreateDialog::xRFMxCU_ProgramType::ValidFrom-inner","searchOpenDialogs":true,"interaction":{"idSuffix":"inner"}},"wdio_ui5_key":"CreateDialogxRFMxCU_ProgramType::ValidFrom-inner"}]}
RESULT: {"script":"<script> [21 bytes]","args":[{"selector":{"id":"CreateDialog::xRFMxCU_ProgramType::ValidFrom-inner","searchOpenDialogs":true,"interaction":{"idSuffix":"inner"}},"wdio_ui5_key":"CreateDialogxRFMxCU_ProgramType::ValidFrom-inner"}]}
RESULT: undefined
COMMAND: POST /session/f6c7f8b4e15e785343822e1d5e03cba9/execute/async - {"script":"<script> [21 bytes]","args":[{"element-6066-11e4-a52e-4f735466cecf":"f.638289999214797415D9C632A9E7936F.d.D33C86B3F6CD053630D3D626F24849A6.e.291"},"setValue",["2025-01-01"]]}
RESULT: {"script":"<script> [21 bytes]","args":[{"element-6066-11e4-a52e-4f735466cecf":"f.638289999214797415D9C632A9E7936F.d.D33C86B3F6CD053630D3D626F24849A6.e.291"},"setValue",["2025-01-01"]]}
COMMAND: POST /session/f6c7f8b4e15e785343822e1d5e03cba9/execute/async - {"script":"<script> [21 bytes]","args":[{"selector":{"id":"CreateDialog::xRFMxCU_ProgramType::PortfolioId-inner","searchOpenDialogs":true,"interaction":{"idSuffix":"inner"}},"wdio_ui5_key":"CreateDialogxRFMxCU_ProgramType::PortfolioId-inner"}]}
RESULT: {"script":"<script> [21 bytes]","args":[{"selector":{"id":"CreateDialog::xRFMxCU_ProgramType::PortfolioId-inner","searchOpenDialogs":true,"interaction":{"idSuffix":"inner"}},"wdio_ui5_key":"CreateDialogxRFMxCU_ProgramType::PortfolioId-inner"}]}
RESULT: undefined
COMMAND: POST /session/f6c7f8b4e15e785343822e1d5e03cba9/execute/async - {"script":"<script> [20 bytes]","args":[{"enterText":"1","selector":{"id":"CreateDialog::xRFMxCU_ProgramType::PortfolioId-inner","searchOpenDialogs":true,"interaction":{"idSuffix":"inner"}},"clearTextFirst":true,"interactionType":"ENTER_TEXT"}]}
RESULT: {"script":"<script> [20 bytes]","args":[{"enterText":"1","selector":{"id":"CreateDialog::xRFMxCU_ProgramType::PortfolioId-inner","searchOpenDialogs":true,"interaction":{"idSuffix":"inner"}},"clearTextFirst":true,"interactionType":"ENTER_TEXT"}]}
COMMAND: POST /session/f6c7f8b4e15e785343822e1d5e03cba9/execute/async - {"script":"<script> [21 bytes]","args":[{"selector":{"controlType":"sap.m.Button","viewName":"sap.fe.templates.ObjectPage.ObjectPage","viewId":"rfm.programui::xRFMxCU_ProgramObjectPage","properties":{"text":"Continue"},"searchOpenDialogs":true,"interaction":{"idSuffix":"BDI-content"}},"wdio_ui5_key":"sapfe.templates.ObjectPage.ObjectPagesap.m.Button{\"text\":\"Continue\"}"}]}
RESULT: {"script":"<script> [21 bytes]","args":[{"selector":{"controlType":"sap.m.Button","viewName":"sap.fe.templates.ObjectPage.ObjectPage","viewId":"rfm.programui::xRFMxCU_ProgramObjectPage","properties":{"text":"Continue"},"searchOpenDialogs":true,"interaction":{"idSuffix":"BDI-content"}},"wdio_ui5_key":"sapfe.templates.ObjectPage.ObjectPagesap.m.Button{\"text\":\"Continue\"}"}]}
RESULT: undefined
COMMAND: POST /session/f6c7f8b4e15e785343822e1d5e03cba9/element - {"using":"xpath","value":"//*[@id=\"__button187\"]"}
RESULT: {"using":"xpath","value":"//*[@id=\"__button187\"]"}
COMMAND: POST /session/f6c7f8b4e15e785343822e1d5e03cba9/element/f.638289999214797415D9C632A9E7936F.d.D33C86B3F6CD053630D3D626F24849A6.e.301/click - {}
RESULT: {}
COMMAND: POST /session/f6c7f8b4e15e785343822e1d5e03cba9/execute/async - {"script":"<script> [21 bytes]","args":[{"selector":{"id":"rfm.programui::xRFMxCU_ProgramObjectPage--fe::CustomSubSection::CustomDetailsSection--fe::FormContainer::FieldGroup::basicData1::FormElement::DataField::Currency::Field-edit-inner","interaction":{"idSuffix":"inner"}},"wdio_ui5_key":"rfmprogramui::xRFMxCU_ProgramObjectPage--fe::CustomSubSection::CustomDetailsSection--fe::FormContainer::FieldGroup::basicData1::FormElement::DataField::Currency::Field-edit-inner"}]}
COMMAND: GET /session/f6c7f8b4e15e785343822e1d5e03cba9/screenshot - {}
RESULT: {"script":"<script> [21 bytes]","args":[{"selector":{"id":"rfm.programui::xRFMxCU_ProgramObjectPage--fe::CustomSubSection::CustomDetailsSection--fe::FormContainer::FieldGroup::basicData1::FormElement::DataField::Currency::Field-edit-inner","interaction":{"idSuffix":"inner"}},"wdio_ui5_key":"rfmprogramui::xRFMxCU_ProgramObjectPage--fe::CustomSubSection::CustomDetailsSection--fe::FormContainer::FieldGroup::basicData1::FormElement::DataField::Currency::Field-edit-inner"}]}
RESULT: undefined
COMMAND: POST /session/f6c7f8b4e15e785343822e1d5e03cba9/execute/async - {"script":"<script> [20 bytes]","args":[{"enterText":"EUR","selector":{"id":"rfm.programui::xRFMxCU_ProgramObjectPage--fe::CustomSubSection::CustomDetailsSection--fe::FormContainer::FieldGroup::basicData1::FormElement::DataField::Currency::Field-edit-inner","interaction":{"idSuffix":"inner"}},"clearTextFirst":true,"interactionType":"ENTER_TEXT"}]}
RESULT: {}
RESULT: {"script":"<script> [20 bytes]","args":[{"enterText":"EUR","selector":{"id":"rfm.programui::xRFMxCU_ProgramObjectPage--fe::CustomSubSection::CustomDetailsSection--fe::FormContainer::FieldGroup::basicData1::FormElement::DataField::Currency::Field-edit-inner","interaction":{"idSuffix":"inner"}},"clearTextFirst":true,"interactionType":"ENTER_TEXT"}]}
COMMAND: POST /session/f6c7f8b4e15e785343822e1d5e03cba9/execute/async - {"script":"<script> [21 bytes]","args":[{"selector":{"id":"rfm.programui::xRFMxCU_ProgramObjectPage--fe::CustomSubSection::CustomDetailsSection--fe::FormContainer::FieldGroup::basicData1::FormElement::DataField::Volume::Field-edit-inner","interaction":{"idSuffix":"inner"}},"wdio_ui5_key":"rfmprogramui::xRFMxCU_ProgramObjectPage--fe::CustomSubSection::CustomDetailsSection--fe::FormContainer::FieldGroup::basicData1::FormElement::DataField::Volume::Field-edit-inner"}]}
RESULT: {"script":"<script> [21 bytes]","args":[{"selector":{"id":"rfm.programui::xRFMxCU_ProgramObjectPage--fe::CustomSubSection::CustomDetailsSection--fe::FormContainer::FieldGroup::basicData1::FormElement::DataField::Volume::Field-edit-inner","interaction":{"idSuffix":"inner"}},"wdio_ui5_key":"rfmprogramui::xRFMxCU_ProgramObjectPage--fe::CustomSubSection::CustomDetailsSection--fe::FormContainer::FieldGroup::basicData1::FormElement::DataField::Volume::Field-edit-inner"}]}
RESULT: undefined
COMMAND: POST /session/f6c7f8b4e15e785343822e1d5e03cba9/execute/async - {"script":"<script> [20 bytes]","args":[{"enterText":"1,000,000,000.00","selector":{"id":"rfm.programui::xRFMxCU_ProgramObjectPage--fe::CustomSubSection::CustomDetailsSection--fe::FormContainer::FieldGroup::basicData1::FormElement::DataField::Volume::Field-edit-inner","interaction":{"idSuffix":"inner"}},"clearTextFirst":true,"interactionType":"ENTER_TEXT"}]}
RESULT: {"script":"<script> [20 bytes]","args":[{"enterText":"1,000,000,000.00","selector":{"id":"rfm.programui::xRFMxCU_ProgramObjectPage--fe::CustomSubSection::CustomDetailsSection--fe::FormContainer::FieldGroup::basicData1::FormElement::DataField::Volume::Field-edit-inner","interaction":{"idSuffix":"inner"}},"clearTextFirst":true,"interactionType":"ENTER_TEXT"}]}
COMMAND: POST /session/f6c7f8b4e15e785343822e1d5e03cba9/execute/async - {"script":"<script> [21 bytes]","args":[{"selector":{"id":"rfm.programui::xRFMxCU_ProgramObjectPage--fe::CustomSubSection::CustomDetailsSection--fe::FormContainer::FieldGroup::basicData1::FormElement::DataField::ValidTo::Field-edit","interaction":{"idSuffix":"inner"}},"wdio_ui5_key":"rfmprogramui::xRFMxCU_ProgramObjectPage--fe::CustomSubSection::CustomDetailsSection--fe::FormContainer::FieldGroup::basicData1::FormElement::DataField::ValidTo::Field-edit"}]}
RESULT: {"script":"<script> [21 bytes]","args":[{"selector":{"id":"rfm.programui::xRFMxCU_ProgramObjectPage--fe::CustomSubSection::CustomDetailsSection--fe::FormContainer::FieldGroup::basicData1::FormElement::DataField::ValidTo::Field-edit","interaction":{"idSuffix":"inner"}},"wdio_ui5_key":"rfmprogramui::xRFMxCU_ProgramObjectPage--fe::CustomSubSection::CustomDetailsSection--fe::FormContainer::FieldGroup::basicData1::FormElement::DataField::ValidTo::Field-edit"}]}
RESULT: undefined
COMMAND: POST /session/f6c7f8b4e15e785343822e1d5e03cba9/execute/async - {"script":"<script> [21 bytes]","args":[{"element-6066-11e4-a52e-4f735466cecf":"f.638289999214797415D9C632A9E7936F.d.D33C86B3F6CD053630D3D626F24849A6.e.340"},"setValue",["2027-12-31"]]}
RESULT: {"script":"<script> [21 bytes]","args":[{"element-6066-11e4-a52e-4f735466cecf":"f.638289999214797415D9C632A9E7936F.d.D33C86B3F6CD053630D3D626F24849A6.e.340"},"setValue",["2027-12-31"]]}
COMMAND: POST /session/f6c7f8b4e15e785343822e1d5e03cba9/execute/async - {"script":"<script> [21 bytes]","args":[{"selector":{"id":"rfm.programui::xRFMxCU_ProgramObjectPage--fe::CustomSubSection::CustomDetailsSection--fe::FormContainer::FieldGroup::basicData2::FormElement::DataField::CompanyCode::Field-edit-inner","interaction":{"idSuffix":"inner"}},"wdio_ui5_key":"rfmprogramui::xRFMxCU_ProgramObjectPage--fe::CustomSubSection::CustomDetailsSection--fe::FormContainer::FieldGroup::basicData2::FormElement::DataField::CompanyCode::Field-edit-inner"}]}
RESULT: {"script":"<script> [21 bytes]","args":[{"selector":{"id":"rfm.programui::xRFMxCU_ProgramObjectPage--fe::CustomSubSection::CustomDetailsSection--fe::FormContainer::FieldGroup::basicData2::FormElement::DataField::CompanyCode::Field-edit-inner","interaction":{"idSuffix":"inner"}},"wdio_ui5_key":"rfmprogramui::xRFMxCU_ProgramObjectPage--fe::CustomSubSection::CustomDetailsSection--fe::FormContainer::FieldGroup::basicData2::FormElement::DataField::CompanyCode::Field-edit-inner"}]}
RESULT: undefined
COMMAND: POST /session/f6c7f8b4e15e785343822e1d5e03cba9/execute/async - {"script":"<script> [20 bytes]","args":[{"enterText":"BearingPoint (0001)","selector":{"id":"rfm.programui::xRFMxCU_ProgramObjectPage--fe::CustomSubSection::CustomDetailsSection--fe::FormContainer::FieldGroup::basicData2::FormElement::DataField::CompanyCode::Field-edit-inner","interaction":{"idSuffix":"inner"}},"clearTextFirst":true,"interactionType":"ENTER_TEXT"}]}
RESULT: {"script":"<script> [20 bytes]","args":[{"enterText":"BearingPoint (0001)","selector":{"id":"rfm.programui::xRFMxCU_ProgramObjectPage--fe::CustomSubSection::CustomDetailsSection--fe::FormContainer::FieldGroup::basicData2::FormElement::DataField::CompanyCode::Field-edit-inner","interaction":{"idSuffix":"inner"}},"clearTextFirst":true,"interactionType":"ENTER_TEXT"}]}
COMMAND: POST /session/f6c7f8b4e15e785343822e1d5e03cba9/execute/async - {"script":"<script> [21 bytes]","args":[{"selector":{"id":"rfm.programui::xRFMxCU_ProgramObjectPage--fe::CustomSubSection::CustomDetailsSection--DetailsFundingTypesTable-content::StandardAction::Create","interaction":{"idSuffix":"BDI-content"}},"wdio_ui5_key":"rfmprogramui::xRFMxCU_ProgramObjectPage--fe::CustomSubSection::CustomDetailsSection--DetailsFundingTypesTable-content::StandardAction::Create"}]}
RESULT: {"script":"<script> [21 bytes]","args":[{"selector":{"id":"rfm.programui::xRFMxCU_ProgramObjectPage--fe::CustomSubSection::CustomDetailsSection--DetailsFundingTypesTable-content::StandardAction::Create","interaction":{"idSuffix":"BDI-content"}},"wdio_ui5_key":"rfmprogramui::xRFMxCU_ProgramObjectPage--fe::CustomSubSection::CustomDetailsSection--DetailsFundingTypesTable-content::StandardAction::Create"}]}
RESULT: undefined
COMMAND: POST /session/f6c7f8b4e15e785343822e1d5e03cba9/element - {"using":"xpath","value":"//*[@id=\"rfm.programui::xRFMxCU_ProgramObjectPage--fe::CustomSubSection::CustomDetailsSection--DetailsFundingTypesTable-content::StandardAction::Create\"]"}
RESULT: {"using":"xpath","value":"//*[@id=\"rfm.programui::xRFMxCU_ProgramObjectPage--fe::CustomSubSection::CustomDetailsSection--DetailsFundingTypesTable-content::StandardAction::Create\"]"}
COMMAND: POST /session/f6c7f8b4e15e785343822e1d5e03cba9/element/f.638289999214797415D9C632A9E7936F.d.D33C86B3F6CD053630D3D626F24849A6.e.351/click - {}
RESULT: {}
COMMAND: POST /session/f6c7f8b4e15e785343822e1d5e03cba9/execute/async - {"script":"<script> [21 bytes]","args":[{"selector":{"id":"CreateDialog::xRFMxCU_ProgramFundingTypeType::FundingType-inner","searchOpenDialogs":true,"interaction":{"idSuffix":"inner"}},"wdio_ui5_key":"CreateDialogxRFMxCU_ProgramFundingTypeType::FundingType-inner"}]}
COMMAND: GET /session/f6c7f8b4e15e785343822e1d5e03cba9/screenshot - {}
RESULT: {"script":"<script> [21 bytes]","args":[{"selector":{"id":"CreateDialog::xRFMxCU_ProgramFundingTypeType::FundingType-inner","searchOpenDialogs":true,"interaction":{"idSuffix":"inner"}},"wdio_ui5_key":"CreateDialogxRFMxCU_ProgramFundingTypeType::FundingType-inner"}]}
RESULT: undefined
COMMAND: POST /session/f6c7f8b4e15e785343822e1d5e03cba9/execute/async - {"script":"<script> [20 bytes]","args":[{"enterText":"10","selector":{"id":"CreateDialog::xRFMxCU_ProgramFundingTypeType::FundingType-inner","searchOpenDialogs":true,"interaction":{"idSuffix":"inner"}},"clearTextFirst":true,"interactionType":"ENTER_TEXT"}]}
RESULT: {}
RESULT: {"script":"<script> [20 bytes]","args":[{"enterText":"10","selector":{"id":"CreateDialog::xRFMxCU_ProgramFundingTypeType::FundingType-inner","searchOpenDialogs":true,"interaction":{"idSuffix":"inner"}},"clearTextFirst":true,"interactionType":"ENTER_TEXT"}]}
COMMAND: POST /session/f6c7f8b4e15e785343822e1d5e03cba9/execute/async - {"script":"<script> [21 bytes]","args":[{"selector":{"id":"CreateDialog::xRFMxCU_Program::_AllowedFundingType-footer","searchOpenDialogs":true},"wdio_ui5_key":"CreateDialogxRFMxCU_Program::_AllowedFundingType-footer"}]}
RESULT: {"script":"<script> [21 bytes]","args":[{"selector":{"id":"CreateDialog::xRFMxCU_Program::_AllowedFundingType-footer","searchOpenDialogs":true},"wdio_ui5_key":"CreateDialogxRFMxCU_Program::_AllowedFundingType-footer"}]}
RESULT: undefined
COMMAND: POST /session/f6c7f8b4e15e785343822e1d5e03cba9/element - {"using":"xpath","value":"//*[@id=\"CreateDialog::xRFMxCU_Program::_AllowedFundingType-footer\"]"}
RESULT: {"using":"xpath","value":"//*[@id=\"CreateDialog::xRFMxCU_Program::_AllowedFundingType-footer\"]"}
COMMAND: POST /session/f6c7f8b4e15e785343822e1d5e03cba9/element/f.638289999214797415D9C632A9E7936F.d.D33C86B3F6CD053630D3D626F24849A6.e.491/click - {}
RESULT: {}
COMMAND: POST /session/f6c7f8b4e15e785343822e1d5e03cba9/execute/async - {"script":"<script> [21 bytes]","args":[{"forceSelect":true,"selector":{"controlType":"sap.m.Button","viewName":"sap.fe.templates.ObjectPage.ObjectPage","viewId":"rfm.programui::xRFMxCU_Program__AllowedFundingTypeObjectPage","properties":{"text":"Continue"},"searchOpenDialogs":true,"interaction":{"idSuffix":"content"}},"wdio_ui5_key":"sapfe.templates.ObjectPage.ObjectPagesap.m.Button{\"text\":\"Continue\"}"}]}
COMMAND: GET /session/f6c7f8b4e15e785343822e1d5e03cba9/screenshot - {}
RESULT: {"script":"<script> [21 bytes]","args":[{"forceSelect":true,"selector":{"controlType":"sap.m.Button","viewName":"sap.fe.templates.ObjectPage.ObjectPage","viewId":"rfm.programui::xRFMxCU_Program__AllowedFundingTypeObjectPage","properties":{"text":"Continue"},"searchOpenDialogs":true,"interaction":{"idSuffix":"content"}},"wdio_ui5_key":"sapfe.templates.ObjectPage.ObjectPagesap.m.Button{\"text\":\"Continue\"}"}]}
RESULT: undefined
COMMAND: POST /session/f6c7f8b4e15e785343822e1d5e03cba9/execute/async - {"script":"<script> [21 bytes]","args":[{"selector":{"id":"__button199"}}]}
RESULT: {}
RESULT: {"script":"<script> [21 bytes]","args":[{"selector":{"id":"__button199"}}]}
COMMAND: POST /session/f6c7f8b4e15e785343822e1d5e03cba9/execute/async - {"script":"<script> [21 bytes]","args":[{"element-6066-11e4-a52e-4f735466cecf":"f.638289999214797415D9C632A9E7936F.d.D33C86B3F6CD053630D3D626F24849A6.e.492"},"getEnabled",[]]}
RESULT: {"script":"<script> [21 bytes]","args":[{"element-6066-11e4-a52e-4f735466cecf":"f.638289999214797415D9C632A9E7936F.d.D33C86B3F6CD053630D3D626F24849A6.e.492"},"getEnabled",[]]}
COMMAND: POST /session/f6c7f8b4e15e785343822e1d5e03cba9/element - {"using":"xpath","value":"//*[@id=\"__button199\"]"}
COMMAND: POST /session/f6c7f8b4e15e785343822e1d5e03cba9/execute/async - {"script":"<script> [21 bytes]","args":[{"selector":{"id":"__button199"}}]}
RESULT: {"script":"<script> [21 bytes]","args":[{"selector":{"id":"__button199"}}]}
COMMAND: POST /session/f6c7f8b4e15e785343822e1d5e03cba9/execute/async - {"script":"<script> [21 bytes]","args":[{"element-6066-11e4-a52e-4f735466cecf":"f.638289999214797415D9C632A9E7936F.d.D33C86B3F6CD053630D3D626F24849A6.e.492"},"getEnabled",[]]}
RESULT: {"using":"xpath","value":"//*[@id=\"__button199\"]"}
COMMAND: POST /session/f6c7f8b4e15e785343822e1d5e03cba9/element/f.638289999214797415D9C632A9E7936F.d.D33C86B3F6CD053630D3D626F24849A6.e.493/click - {}
RESULT: {"script":"<script> [21 bytes]","args":[{"element-6066-11e4-a52e-4f735466cecf":"f.638289999214797415D9C632A9E7936F.d.D33C86B3F6CD053630D3D626F24849A6.e.492"},"getEnabled",[]]}
RESULT: {}
COMMAND: POST /session/f6c7f8b4e15e785343822e1d5e03cba9/execute/async - {"script":"<script> [21 bytes]","args":[{"selector":{"id":"rfm.programui::xRFMxCU_Program__AllowedFundingTypeObjectPage--fe::FooterBar::StandardAction::Apply","interaction":{"idSuffix":"BDI-content"}},"wdio_ui5_key":"rfmprogramui::xRFMxCU_Program__AllowedFundingTypeObjectPage--fe::FooterBar::StandardAction::Apply"}]}
COMMAND: GET /session/f6c7f8b4e15e785343822e1d5e03cba9/screenshot - {}
RESULT: {"script":"<script> [21 bytes]","args":[{"selector":{"id":"rfm.programui::xRFMxCU_Program__AllowedFundingTypeObjectPage--fe::FooterBar::StandardAction::Apply","interaction":{"idSuffix":"BDI-content"}},"wdio_ui5_key":"rfmprogramui::xRFMxCU_Program__AllowedFundingTypeObjectPage--fe::FooterBar::StandardAction::Apply"}]}
RESULT: undefined
COMMAND: POST /session/f6c7f8b4e15e785343822e1d5e03cba9/element - {"using":"xpath","value":"//*[@id=\"rfm.programui::xRFMxCU_Program__AllowedFundingTypeObjectPage--fe::FooterBar::StandardAction::Apply\"]"}
RESULT: {}
RESULT: {"using":"xpath","value":"//*[@id=\"rfm.programui::xRFMxCU_Program__AllowedFundingTypeObjectPage--fe::FooterBar::StandardAction::Apply\"]"}
COMMAND: POST /session/f6c7f8b4e15e785343822e1d5e03cba9/element/f.638289999214797415D9C632A9E7936F.d.D33C86B3F6CD053630D3D626F24849A6.e.484/click - {}
RESULT: {}
COMMAND: POST /session/f6c7f8b4e15e785343822e1d5e03cba9/execute/async - {"script":"<script> [21 bytes]","args":[{"selector":{"id":"rfm.programui::xRFMxCU_ProgramObjectPage--fe::ObjectPage-anchBar-rfm.programui::xRFMxCU_ProgramObjectPage--fe::EditableHeaderSection-anchor","interaction":{"idSuffix":"text"}},"wdio_ui5_key":"rfmprogramui::xRFMxCU_ProgramObjectPage--fe::ObjectPage-anchBar-rfm.programui::xRFMxCU_ProgramObjectPage--fe::EditableHeaderSection-anchor"}]}
COMMAND: GET /session/f6c7f8b4e15e785343822e1d5e03cba9/screenshot - {}
RESULT: {"script":"<script> [21 bytes]","args":[{"selector":{"id":"rfm.programui::xRFMxCU_ProgramObjectPage--fe::ObjectPage-anchBar-rfm.programui::xRFMxCU_ProgramObjectPage--fe::EditableHeaderSection-anchor","interaction":{"idSuffix":"text"}},"wdio_ui5_key":"rfmprogramui::xRFMxCU_ProgramObjectPage--fe::ObjectPage-anchBar-rfm.programui::xRFMxCU_ProgramObjectPage--fe::EditableHeaderSection-anchor"}]}
RESULT: undefined
COMMAND: POST /session/f6c7f8b4e15e785343822e1d5e03cba9/element - {"using":"xpath","value":"//*[@id=\"rfm.programui::xRFMxCU_ProgramObjectPage--fe::ObjectPage-anchBar-rfm.programui::xRFMxCU_ProgramObjectPage--fe::EditableHeaderSection-anchor\"]"}
RESULT: {}
RESULT: {"using":"xpath","value":"//*[@id=\"rfm.programui::xRFMxCU_ProgramObjectPage--fe::ObjectPage-anchBar-rfm.programui::xRFMxCU_ProgramObjectPage--fe::EditableHeaderSection-anchor\"]"}
COMMAND: POST /session/f6c7f8b4e15e785343822e1d5e03cba9/element/f.638289999214797415D9C632A9E7936F.d.D33C86B3F6CD053630D3D626F24849A6.e.553/click - {}
RESULT: {}
COMMAND: POST /session/f6c7f8b4e15e785343822e1d5e03cba9/execute/async - {"script":"<script> [21 bytes]","args":[{"selector":{"id":"rfm.programui::xRFMxCU_ProgramObjectPage--fe::HeaderFacet::FormContainer::headerFieldsGP1::FormElement::DataField::Name::Field-edit","interaction":{"idSuffix":"inner"}},"wdio_ui5_key":"rfmprogramui::xRFMxCU_ProgramObjectPage--fe::HeaderFacet::FormContainer::headerFieldsGP1::FormElement::DataField::Name::Field-edit"}]}
COMMAND: GET /session/f6c7f8b4e15e785343822e1d5e03cba9/screenshot - {}
RESULT: {"script":"<script> [21 bytes]","args":[{"selector":{"id":"rfm.programui::xRFMxCU_ProgramObjectPage--fe::HeaderFacet::FormContainer::headerFieldsGP1::FormElement::DataField::Name::Field-edit","interaction":{"idSuffix":"inner"}},"wdio_ui5_key":"rfmprogramui::xRFMxCU_ProgramObjectPage--fe::HeaderFacet::FormContainer::headerFieldsGP1::FormElement::DataField::Name::Field-edit"}]}
RESULT: undefined
COMMAND: POST /session/f6c7f8b4e15e785343822e1d5e03cba9/execute/async - {"script":"<script> [20 bytes]","args":[{"enterText":"WDIO_LoanContract_2025-08-13","selector":{"id":"rfm.programui::xRFMxCU_ProgramObjectPage--fe::HeaderFacet::FormContainer::headerFieldsGP1::FormElement::DataField::Name::Field-edit","interaction":{"idSuffix":"inner"}},"clearTextFirst":true,"interactionType":"ENTER_TEXT"}]}
RESULT: {}
RESULT: {"script":"<script> [20 bytes]","args":[{"enterText":"WDIO_LoanContract_2025-08-13","selector":{"id":"rfm.programui::xRFMxCU_ProgramObjectPage--fe::HeaderFacet::FormContainer::headerFieldsGP1::FormElement::DataField::Name::Field-edit","interaction":{"idSuffix":"inner"}},"clearTextFirst":true,"interactionType":"ENTER_TEXT"}]}
COMMAND: POST /session/f6c7f8b4e15e785343822e1d5e03cba9/execute/async - {"script":"<script> [21 bytes]","args":[{"selector":{"id":"rfm.programui::xRFMxCU_ProgramObjectPage--fe::FooterBar::StandardAction::Save","interaction":{"idSuffix":"BDI-content"}},"wdio_ui5_key":"rfmprogramui::xRFMxCU_ProgramObjectPage--fe::FooterBar::StandardAction::Save"}]}
RESULT: {"script":"<script> [21 bytes]","args":[{"selector":{"id":"rfm.programui::xRFMxCU_ProgramObjectPage--fe::FooterBar::StandardAction::Save","interaction":{"idSuffix":"BDI-content"}},"wdio_ui5_key":"rfmprogramui::xRFMxCU_ProgramObjectPage--fe::FooterBar::StandardAction::Save"}]}
RESULT: undefined
COMMAND: POST /session/f6c7f8b4e15e785343822e1d5e03cba9/element - {"using":"xpath","value":"//*[@id=\"rfm.programui::xRFMxCU_ProgramObjectPage--fe::FooterBar::StandardAction::Save\"]"}
RESULT: {"using":"xpath","value":"//*[@id=\"rfm.programui::xRFMxCU_ProgramObjectPage--fe::FooterBar::StandardAction::Save\"]"}
COMMAND: POST /session/f6c7f8b4e15e785343822e1d5e03cba9/element/f.638289999214797415D9C632A9E7936F.d.D33C86B3F6CD053630D3D626F24849A6.e.406/click - {}
RESULT: {}
COMMAND: POST /session/f6c7f8b4e15e785343822e1d5e03cba9/execute/async - {"script":"<script> [21 bytes]","args":[{"selector":{"id":"rfm.programui::xRFMxCU_ProgramObjectPage--fe::HeaderFacet::Form::headerFieldsGP1::DataField::ProgramId::Field-content"},"wdio_ui5_key":"rfmprogramui::xRFMxCU_ProgramObjectPage--fe::HeaderFacet::Form::headerFieldsGP1::DataField::ProgramId::Field-content"}]}
COMMAND: GET /session/f6c7f8b4e15e785343822e1d5e03cba9/screenshot - {}
RESULT: {"script":"<script> [21 bytes]","args":[{"selector":{"id":"rfm.programui::xRFMxCU_ProgramObjectPage--fe::HeaderFacet::Form::headerFieldsGP1::DataField::ProgramId::Field-content"},"wdio_ui5_key":"rfmprogramui::xRFMxCU_ProgramObjectPage--fe::HeaderFacet::Form::headerFieldsGP1::DataField::ProgramId::Field-content"}]}
RESULT: undefined
COMMAND: POST /session/f6c7f8b4e15e785343822e1d5e03cba9/execute/async - {"script":"<script> [21 bytes]","args":[{"element-6066-11e4-a52e-4f735466cecf":"f.638289999214797415D9C632A9E7936F.d.D33C86B3F6CD053630D3D626F24849A6.e.570"},"getText",[]]}
RESULT: {}
RESULT: {"script":"<script> [21 bytes]","args":[{"element-6066-11e4-a52e-4f735466cecf":"f.638289999214797415D9C632A9E7936F.d.D33C86B3F6CD053630D3D626F24849A6.e.570"},"getText",[]]}
COMMAND: POST /session/f6c7f8b4e15e785343822e1d5e03cba9/execute/async - {"script":"<script> [21 bytes]","args":[{"selector":{"id":"rfm.programui::xRFMxCU_ProgramObjectPage--fe::DataFieldForAction::com.sap.gateway.srvd.rfm.ui_program.v0001.Open::com.sap.gateway.srvd.rfm.ui_program.v0001.xRFMxCU_ProgramType","interaction":{"idSuffix":"BDI-content"}},"wdio_ui5_key":"rfmprogramui::xRFMxCU_ProgramObjectPage--fe::DataFieldForAction::com.sap.gateway.srvd.rfm.ui_program.v0001.Open::com.sap.gateway.srvd.rfm.ui_program.v0001.xRFMxCU_ProgramType"}]}
RESULT: {"script":"<script> [21 bytes]","args":[{"selector":{"id":"rfm.programui::xRFMxCU_ProgramObjectPage--fe::DataFieldForAction::com.sap.gateway.srvd.rfm.ui_program.v0001.Open::com.sap.gateway.srvd.rfm.ui_program.v0001.xRFMxCU_ProgramType","interaction":{"idSuffix":"BDI-content"}},"wdio_ui5_key":"rfmprogramui::xRFMxCU_ProgramObjectPage--fe::DataFieldForAction::com.sap.gateway.srvd.rfm.ui_program.v0001.Open::com.sap.gateway.srvd.rfm.ui_program.v0001.xRFMxCU_ProgramType"}]}
RESULT: undefined
COMMAND: POST /session/f6c7f8b4e15e785343822e1d5e03cba9/element - {"using":"xpath","value":"//*[@id=\"rfm.programui::xRFMxCU_ProgramObjectPage--fe::DataFieldForAction::com.sap.gateway.srvd.rfm.ui_program.v0001.Open::com.sap.gateway.srvd.rfm.ui_program.v0001.xRFMxCU_ProgramType\"]"}
RESULT: {"using":"xpath","value":"//*[@id=\"rfm.programui::xRFMxCU_ProgramObjectPage--fe::DataFieldForAction::com.sap.gateway.srvd.rfm.ui_program.v0001.Open::com.sap.gateway.srvd.rfm.ui_program.v0001.xRFMxCU_ProgramType\"]"}
COMMAND: POST /session/f6c7f8b4e15e785343822e1d5e03cba9/element/f.638289999214797415D9C632A9E7936F.d.D33C86B3F6CD053630D3D626F24849A6.e.332/click - {}
RESULT: {}
COMMAND: POST /session/f6c7f8b4e15e785343822e1d5e03cba9/execute/async - {"script":"<script> [21 bytes]","args":[{"selector":{"controlType":"sap.m.Button","properties":{"text":"OK"},"searchOpenDialogs":true,"interaction":{"idSuffix":"BDI-content"}},"wdio_ui5_key":"sapm.Button{\"text\":\"OK\"}"}]}
COMMAND: GET /session/f6c7f8b4e15e785343822e1d5e03cba9/screenshot - {}
RESULT: {"script":"<script> [21 bytes]","args":[{"selector":{"controlType":"sap.m.Button","properties":{"text":"OK"},"searchOpenDialogs":true,"interaction":{"idSuffix":"BDI-content"}},"wdio_ui5_key":"sapm.Button{\"text\":\"OK\"}"}]}
RESULT: undefined
COMMAND: POST /session/f6c7f8b4e15e785343822e1d5e03cba9/element - {"using":"xpath","value":"//*[@id=\"__mbox-btn-0\"]"}
RESULT: {}
RESULT: {"using":"xpath","value":"//*[@id=\"__mbox-btn-0\"]"}
COMMAND: POST /session/f6c7f8b4e15e785343822e1d5e03cba9/element/f.638289999214797415D9C632A9E7936F.d.D33C86B3F6CD053630D3D626F24849A6.e.572/click - {}
RESULT: {}
COMMAND: POST /session/f6c7f8b4e15e785343822e1d5e03cba9/execute/async - {"script":"<script> [21 bytes]","args":[{"selector":{"id":"backBtn"},"wdio_ui5_key":"backBtn"}]}
COMMAND: GET /session/f6c7f8b4e15e785343822e1d5e03cba9/screenshot - {}
RESULT: {"script":"<script> [21 bytes]","args":[{"selector":{"id":"backBtn"},"wdio_ui5_key":"backBtn"}]}
RESULT: undefined
COMMAND: POST /session/f6c7f8b4e15e785343822e1d5e03cba9/element - {"using":"xpath","value":"//*[@id=\"backBtn\"]"}
RESULT: {}
RESULT: {"using":"xpath","value":"//*[@id=\"backBtn\"]"}
COMMAND: POST /session/f6c7f8b4e15e785343822e1d5e03cba9/element/f.638289999214797415D9C632A9E7936F.d.D33C86B3F6CD053630D3D626F24849A6.e.577/click - {}
RESULT: {}
COMMAND: GET /session/f6c7f8b4e15e785343822e1d5e03cba9/screenshot - {}
RESULT: {}
COMMAND: POST /session/f6c7f8b4e15e785343822e1d5e03cba9/element/f.638289999214797415D9C632A9E7936F.d.D33C86B3F6CD053630D3D626F24849A6.e.577/click - {}
COMMAND: GET /session/f6c7f8b4e15e785343822e1d5e03cba9/screenshot - {}
]]></system-out>
    </testcase>
    <testcase classname="chrome.138_0_7204_184.windows.Loan_Contract" name="Should create Transaction" time="55.147">
      <system-out><![CDATA[
COMMAND: POST /session/f6c7f8b4e15e785343822e1d5e03cba9/execute/async - {"script":"<script> [21 bytes]","args":[{"selector":{"controlType":"sap.m.GenericTile","properties":{"header":"Funding Transaction"}},"wdio_ui5_key":"sapm.GenericTile{\"header\":\"Funding Transaction\"}"}]}
RESULT: {}
COMMAND: GET /session/f6c7f8b4e15e785343822e1d5e03cba9/screenshot - {}
RESULT: {}
RESULT: {"script":"<script> [21 bytes]","args":[{"selector":{"controlType":"sap.m.GenericTile","properties":{"header":"Funding Transaction"}},"wdio_ui5_key":"sapm.GenericTile{\"header\":\"Funding Transaction\"}"}]}
RESULT: undefined
COMMAND: POST /session/f6c7f8b4e15e785343822e1d5e03cba9/element - {"using":"xpath","value":"//*[@id=\"__tile30\"]"}
RESULT: {}
RESULT: {"using":"xpath","value":"//*[@id=\"__tile30\"]"}
COMMAND: POST /session/f6c7f8b4e15e785343822e1d5e03cba9/element/f.638289999214797415D9C632A9E7936F.d.D33C86B3F6CD053630D3D626F24849A6.e.669/click - {}
RESULT: {}
COMMAND: POST /session/f6c7f8b4e15e785343822e1d5e03cba9/execute/async - {"script":"<script> [21 bytes]","args":[{"selector":{"id":"rfm.transactionui::xRFMxCU_TransactionList--fe::table::allTab::LineItem::StandardAction::Create","controlType":"sap.m.Button"},"wdio_ui5_key":"rfmtransactionui::xRFMxCU_TransactionList--fe::table::allTab::LineItem::StandardAction::Createsap.m.Button"}]}
COMMAND: GET /session/f6c7f8b4e15e785343822e1d5e03cba9/screenshot - {}
RESULT: {"script":"<script> [21 bytes]","args":[{"selector":{"id":"rfm.transactionui::xRFMxCU_TransactionList--fe::table::allTab::LineItem::StandardAction::Create","controlType":"sap.m.Button"},"wdio_ui5_key":"rfmtransactionui::xRFMxCU_TransactionList--fe::table::allTab::LineItem::StandardAction::Createsap.m.Button"}]}
RESULT: undefined
COMMAND: POST /session/f6c7f8b4e15e785343822e1d5e03cba9/element - {"using":"xpath","value":"//*[@id=\"rfm.transactionui::xRFMxCU_TransactionList--fe::table::allTab::LineItem::StandardAction::Create\"]"}
RESULT: {}
RESULT: {"using":"xpath","value":"//*[@id=\"rfm.transactionui::xRFMxCU_TransactionList--fe::table::allTab::LineItem::StandardAction::Create\"]"}
COMMAND: POST /session/f6c7f8b4e15e785343822e1d5e03cba9/element/f.638289999214797415D9C632A9E7936F.d.D33C86B3F6CD053630D3D626F24849A6.e.727/click - {}
RESULT: {}
COMMAND: POST /session/f6c7f8b4e15e785343822e1d5e03cba9/execute/async - {"script":"<script> [21 bytes]","args":[{"selector":{"id":"CreateDialog::xRFMxCU_TransactionType::ProgramId-inner-vhi","searchOpenDialogs":true},"wdio_ui5_key":"CreateDialogxRFMxCU_TransactionType::ProgramId-inner-vhi"}]}
COMMAND: GET /session/f6c7f8b4e15e785343822e1d5e03cba9/screenshot - {}
RESULT: {"script":"<script> [21 bytes]","args":[{"selector":{"id":"CreateDialog::xRFMxCU_TransactionType::ProgramId-inner-vhi","searchOpenDialogs":true},"wdio_ui5_key":"CreateDialogxRFMxCU_TransactionType::ProgramId-inner-vhi"}]}
RESULT: undefined
COMMAND: POST /session/f6c7f8b4e15e785343822e1d5e03cba9/element - {"using":"xpath","value":"//*[@id=\"CreateDialog::xRFMxCU_TransactionType::ProgramId-inner-vhi\"]"}
RESULT: {}
RESULT: {"using":"xpath","value":"//*[@id=\"CreateDialog::xRFMxCU_TransactionType::ProgramId-inner-vhi\"]"}
COMMAND: POST /session/f6c7f8b4e15e785343822e1d5e03cba9/element/f.638289999214797415D9C632A9E7936F.d.D33C86B3F6CD053630D3D626F24849A6.e.913/click - {}
RESULT: {}
COMMAND: POST /session/f6c7f8b4e15e785343822e1d5e03cba9/execute/async - {"script":"<script> [21 bytes]","args":[{"selector":{"id":"ProgramId::VH::Dialog::qualifier::-search-inner","searchOpenDialogs":true,"interaction":{"idSuffix":"I"}},"wdio_ui5_key":"ProgramIdVH::Dialog::qualifier::-search-inner"}]}
COMMAND: GET /session/f6c7f8b4e15e785343822e1d5e03cba9/screenshot - {}
RESULT: {"script":"<script> [21 bytes]","args":[{"selector":{"id":"ProgramId::VH::Dialog::qualifier::-search-inner","searchOpenDialogs":true,"interaction":{"idSuffix":"I"}},"wdio_ui5_key":"ProgramIdVH::Dialog::qualifier::-search-inner"}]}
RESULT: undefined
COMMAND: POST /session/f6c7f8b4e15e785343822e1d5e03cba9/execute/async - {"script":"<script> [20 bytes]","args":[{"enterText":"*1580*","selector":{"id":"ProgramId::VH::Dialog::qualifier::-search-inner","searchOpenDialogs":true,"interaction":{"idSuffix":"I"}},"clearTextFirst":true,"interactionType":"ENTER_TEXT"}]}
RESULT: {}
RESULT: {"script":"<script> [20 bytes]","args":[{"enterText":"*1580*","selector":{"id":"ProgramId::VH::Dialog::qualifier::-search-inner","searchOpenDialogs":true,"interaction":{"idSuffix":"I"}},"clearTextFirst":true,"interactionType":"ENTER_TEXT"}]}
COMMAND: POST /session/f6c7f8b4e15e785343822e1d5e03cba9/execute/async - {"script":"<script> [21 bytes]","args":[{"selector":{"id":"ProgramId::VH::Dialog::qualifier::::Table-innerTable-rows-row0","searchOpenDialogs":true},"wdio_ui5_key":"ProgramIdVH::Dialog::qualifier::::Table-innerTable-rows-row0"}]}
RESULT: {"script":"<script> [21 bytes]","args":[{"selector":{"id":"ProgramId::VH::Dialog::qualifier::::Table-innerTable-rows-row0","searchOpenDialogs":true},"wdio_ui5_key":"ProgramIdVH::Dialog::qualifier::::Table-innerTable-rows-row0"}]}
RESULT: undefined
COMMAND: POST /session/f6c7f8b4e15e785343822e1d5e03cba9/element - {"using":"xpath","value":"//*[@id=\"ProgramId::VH::Dialog::qualifier::::Table-innerTable-rows-row0\"]"}
RESULT: {"using":"xpath","value":"//*[@id=\"ProgramId::VH::Dialog::qualifier::::Table-innerTable-rows-row0\"]"}
COMMAND: POST /session/f6c7f8b4e15e785343822e1d5e03cba9/element/f.638289999214797415D9C632A9E7936F.d.D33C86B3F6CD053630D3D626F24849A6.e.922/click - {}
RESULT: {}
COMMAND: POST /session/f6c7f8b4e15e785343822e1d5e03cba9/execute/async - {"script":"<script> [21 bytes]","args":[{"selector":{"id":"CreateDialog::xRFMxCU_TransactionType::FundingType-inner","searchOpenDialogs":true,"interaction":{"idSuffix":"inner"}},"wdio_ui5_key":"CreateDialogxRFMxCU_TransactionType::FundingType-inner"}]}
COMMAND: GET /session/f6c7f8b4e15e785343822e1d5e03cba9/screenshot - {}
RESULT: {"script":"<script> [21 bytes]","args":[{"selector":{"id":"CreateDialog::xRFMxCU_TransactionType::FundingType-inner","searchOpenDialogs":true,"interaction":{"idSuffix":"inner"}},"wdio_ui5_key":"CreateDialogxRFMxCU_TransactionType::FundingType-inner"}]}
RESULT: undefined
COMMAND: POST /session/f6c7f8b4e15e785343822e1d5e03cba9/execute/async - {"script":"<script> [20 bytes]","args":[{"enterText":"10","selector":{"id":"CreateDialog::xRFMxCU_TransactionType::FundingType-inner","searchOpenDialogs":true,"interaction":{"idSuffix":"inner"}},"clearTextFirst":true,"interactionType":"ENTER_TEXT"}]}
RESULT: {}
RESULT: {"script":"<script> [20 bytes]","args":[{"enterText":"10","selector":{"id":"CreateDialog::xRFMxCU_TransactionType::FundingType-inner","searchOpenDialogs":true,"interaction":{"idSuffix":"inner"}},"clearTextFirst":true,"interactionType":"ENTER_TEXT"}]}
COMMAND: POST /session/f6c7f8b4e15e785343822e1d5e03cba9/execute/async - {"script":"<script> [21 bytes]","args":[{"selector":{"id":"CreateDialog::xRFMxCU_Transaction-footer","searchOpenDialogs":true},"wdio_ui5_key":"CreateDialogxRFMxCU_Transaction-footer"}]}
RESULT: {"script":"<script> [21 bytes]","args":[{"selector":{"id":"CreateDialog::xRFMxCU_Transaction-footer","searchOpenDialogs":true},"wdio_ui5_key":"CreateDialogxRFMxCU_Transaction-footer"}]}
RESULT: undefined
COMMAND: POST /session/f6c7f8b4e15e785343822e1d5e03cba9/element - {"using":"xpath","value":"//*[@id=\"CreateDialog::xRFMxCU_Transaction-footer\"]"}
RESULT: {"using":"xpath","value":"//*[@id=\"CreateDialog::xRFMxCU_Transaction-footer\"]"}
COMMAND: POST /session/f6c7f8b4e15e785343822e1d5e03cba9/element/f.638289999214797415D9C632A9E7936F.d.D33C86B3F6CD053630D3D626F24849A6.e.925/click - {}
RESULT: {}
COMMAND: POST /session/f6c7f8b4e15e785343822e1d5e03cba9/execute/async - {"script":"<script> [21 bytes]","args":[{"forceSelect":true,"selector":{"controlType":"sap.m.Button","viewName":"sap.fe.templates.ObjectPage.ObjectPage","viewId":"rfm.transactionui::xRFMxCU_TransactionObjectPage","properties":{"text":"Continue"},"searchOpenDialogs":true,"interaction":{"idSuffix":"BDI-content"}},"wdio_ui5_key":"sapfe.templates.ObjectPage.ObjectPagesap.m.Button{\"text\":\"Continue\"}"}]}
COMMAND: GET /session/f6c7f8b4e15e785343822e1d5e03cba9/screenshot - {}
RESULT: {"script":"<script> [21 bytes]","args":[{"forceSelect":true,"selector":{"controlType":"sap.m.Button","viewName":"sap.fe.templates.ObjectPage.ObjectPage","viewId":"rfm.transactionui::xRFMxCU_TransactionObjectPage","properties":{"text":"Continue"},"searchOpenDialogs":true,"interaction":{"idSuffix":"BDI-content"}},"wdio_ui5_key":"sapfe.templates.ObjectPage.ObjectPagesap.m.Button{\"text\":\"Continue\"}"}]}
RESULT: undefined
COMMAND: POST /session/f6c7f8b4e15e785343822e1d5e03cba9/element - {"using":"xpath","value":"//*[@id=\"__button245\"]"}
RESULT: {}
RESULT: {"using":"xpath","value":"//*[@id=\"__button245\"]"}
COMMAND: POST /session/f6c7f8b4e15e785343822e1d5e03cba9/element/f.638289999214797415D9C632A9E7936F.d.D33C86B3F6CD053630D3D626F24849A6.e.927/click - {}
RESULT: {}
COMMAND: POST /session/f6c7f8b4e15e785343822e1d5e03cba9/execute/async - {"script":"<script> [21 bytes]","args":[{"selector":{"id":"rfm.transactionui::xRFMxCU_TransactionObjectPage--fe::CustomSubSection::CustomDetailsSection--fe::FormContainer::FieldGroup::Term::FormElement::DataField::AssetCashflowDateFrom::Field-edit","interaction":{"idSuffix":"inner"}},"wdio_ui5_key":"rfmtransactionui::xRFMxCU_TransactionObjectPage--fe::CustomSubSection::CustomDetailsSection--fe::FormContainer::FieldGroup::Term::FormElement::DataField::AssetCashflowDateFrom::Field-edit"}]}
COMMAND: GET /session/f6c7f8b4e15e785343822e1d5e03cba9/screenshot - {}
RESULT: {"script":"<script> [21 bytes]","args":[{"selector":{"id":"rfm.transactionui::xRFMxCU_TransactionObjectPage--fe::CustomSubSection::CustomDetailsSection--fe::FormContainer::FieldGroup::Term::FormElement::DataField::AssetCashflowDateFrom::Field-edit","interaction":{"idSuffix":"inner"}},"wdio_ui5_key":"rfmtransactionui::xRFMxCU_TransactionObjectPage--fe::CustomSubSection::CustomDetailsSection--fe::FormContainer::FieldGroup::Term::FormElement::DataField::AssetCashflowDateFrom::Field-edit"}]}
RESULT: undefined
COMMAND: POST /session/f6c7f8b4e15e785343822e1d5e03cba9/execute/async - {"script":"<script> [20 bytes]","args":[{"enterText":"2025-01-01","selector":{"id":"rfm.transactionui::xRFMxCU_TransactionObjectPage--fe::CustomSubSection::CustomDetailsSection--fe::FormContainer::FieldGroup::Term::FormElement::DataField::AssetCashflowDateFrom::Field-edit","interaction":{"idSuffix":"inner"}},"clearTextFirst":true,"interactionType":"ENTER_TEXT"}]}
RESULT: {}
RESULT: {"script":"<script> [20 bytes]","args":[{"enterText":"2025-01-01","selector":{"id":"rfm.transactionui::xRFMxCU_TransactionObjectPage--fe::CustomSubSection::CustomDetailsSection--fe::FormContainer::FieldGroup::Term::FormElement::DataField::AssetCashflowDateFrom::Field-edit","interaction":{"idSuffix":"inner"}},"clearTextFirst":true,"interactionType":"ENTER_TEXT"}]}
COMMAND: POST /session/f6c7f8b4e15e785343822e1d5e03cba9/execute/async - {"script":"<script> [21 bytes]","args":[{"selector":{"id":"rfm.transactionui::xRFMxCU_TransactionObjectPage--fe::CustomSubSection::CustomDetailsSection--fe::FormContainer::FieldGroup::Term::FormElement::DataField::AssetCashflowDateTo::Field-edit","interaction":{"idSuffix":"inner"}},"wdio_ui5_key":"rfmtransactionui::xRFMxCU_TransactionObjectPage--fe::CustomSubSection::CustomDetailsSection--fe::FormContainer::FieldGroup::Term::FormElement::DataField::AssetCashflowDateTo::Field-edit"}]}
RESULT: {"script":"<script> [21 bytes]","args":[{"selector":{"id":"rfm.transactionui::xRFMxCU_TransactionObjectPage--fe::CustomSubSection::CustomDetailsSection--fe::FormContainer::FieldGroup::Term::FormElement::DataField::AssetCashflowDateTo::Field-edit","interaction":{"idSuffix":"inner"}},"wdio_ui5_key":"rfmtransactionui::xRFMxCU_TransactionObjectPage--fe::CustomSubSection::CustomDetailsSection--fe::FormContainer::FieldGroup::Term::FormElement::DataField::AssetCashflowDateTo::Field-edit"}]}
RESULT: undefined
COMMAND: POST /session/f6c7f8b4e15e785343822e1d5e03cba9/execute/async - {"script":"<script> [20 bytes]","args":[{"enterText":"2027-12-31","selector":{"id":"rfm.transactionui::xRFMxCU_TransactionObjectPage--fe::CustomSubSection::CustomDetailsSection--fe::FormContainer::FieldGroup::Term::FormElement::DataField::AssetCashflowDateTo::Field-edit","interaction":{"idSuffix":"inner"}},"clearTextFirst":true,"interactionType":"ENTER_TEXT"}]}
RESULT: {"script":"<script> [20 bytes]","args":[{"enterText":"2027-12-31","selector":{"id":"rfm.transactionui::xRFMxCU_TransactionObjectPage--fe::CustomSubSection::CustomDetailsSection--fe::FormContainer::FieldGroup::Term::FormElement::DataField::AssetCashflowDateTo::Field-edit","interaction":{"idSuffix":"inner"}},"clearTextFirst":true,"interactionType":"ENTER_TEXT"}]}
COMMAND: POST /session/f6c7f8b4e15e785343822e1d5e03cba9/execute/async - {"script":"<script> [21 bytes]","args":[{"selector":{"id":"rfm.transactionui::xRFMxCU_TransactionObjectPage--fe::ObjectPage-anchBar-rfm.transactionui::xRFMxCU_TransactionObjectPage--fe::EditableHeaderSection-anchor","interaction":{"idSuffix":"text"}},"wdio_ui5_key":"rfmtransactionui::xRFMxCU_TransactionObjectPage--fe::ObjectPage-anchBar-rfm.transactionui::xRFMxCU_TransactionObjectPage--fe::EditableHeaderSection-anchor"}]}
RESULT: {"script":"<script> [21 bytes]","args":[{"selector":{"id":"rfm.transactionui::xRFMxCU_TransactionObjectPage--fe::ObjectPage-anchBar-rfm.transactionui::xRFMxCU_TransactionObjectPage--fe::EditableHeaderSection-anchor","interaction":{"idSuffix":"text"}},"wdio_ui5_key":"rfmtransactionui::xRFMxCU_TransactionObjectPage--fe::ObjectPage-anchBar-rfm.transactionui::xRFMxCU_TransactionObjectPage--fe::EditableHeaderSection-anchor"}]}
RESULT: undefined
COMMAND: POST /session/f6c7f8b4e15e785343822e1d5e03cba9/element - {"using":"xpath","value":"//*[@id=\"rfm.transactionui::xRFMxCU_TransactionObjectPage--fe::ObjectPage-anchBar-rfm.transactionui::xRFMxCU_TransactionObjectPage--fe::EditableHeaderSection-anchor\"]"}
RESULT: {"using":"xpath","value":"//*[@id=\"rfm.transactionui::xRFMxCU_TransactionObjectPage--fe::ObjectPage-anchBar-rfm.transactionui::xRFMxCU_TransactionObjectPage--fe::EditableHeaderSection-anchor\"]"}
COMMAND: POST /session/f6c7f8b4e15e785343822e1d5e03cba9/element/f.638289999214797415D9C632A9E7936F.d.D33C86B3F6CD053630D3D626F24849A6.e.1006/click - {}
RESULT: {}
COMMAND: POST /session/f6c7f8b4e15e785343822e1d5e03cba9/execute/async - {"script":"<script> [21 bytes]","args":[{"selector":{"id":"rfm.transactionui::xRFMxCU_TransactionObjectPage--fe::HeaderFacet::FormContainer::headerFieldsGP1::FormElement::DataField::Name::Field-edit","interaction":{"idSuffix":"inner"}},"wdio_ui5_key":"rfmtransactionui::xRFMxCU_TransactionObjectPage--fe::HeaderFacet::FormContainer::headerFieldsGP1::FormElement::DataField::Name::Field-edit"}]}
COMMAND: GET /session/f6c7f8b4e15e785343822e1d5e03cba9/screenshot - {}
RESULT: {"script":"<script> [21 bytes]","args":[{"selector":{"id":"rfm.transactionui::xRFMxCU_TransactionObjectPage--fe::HeaderFacet::FormContainer::headerFieldsGP1::FormElement::DataField::Name::Field-edit","interaction":{"idSuffix":"inner"}},"wdio_ui5_key":"rfmtransactionui::xRFMxCU_TransactionObjectPage--fe::HeaderFacet::FormContainer::headerFieldsGP1::FormElement::DataField::Name::Field-edit"}]}
RESULT: undefined
COMMAND: POST /session/f6c7f8b4e15e785343822e1d5e03cba9/execute/async - {"script":"<script> [20 bytes]","args":[{"enterText":"WDIO_LoanContract_2025-08-13","selector":{"id":"rfm.transactionui::xRFMxCU_TransactionObjectPage--fe::HeaderFacet::FormContainer::headerFieldsGP1::FormElement::DataField::Name::Field-edit","interaction":{"idSuffix":"inner"}},"clearTextFirst":true,"interactionType":"ENTER_TEXT"}]}
RESULT: {}
RESULT: {"script":"<script> [20 bytes]","args":[{"enterText":"WDIO_LoanContract_2025-08-13","selector":{"id":"rfm.transactionui::xRFMxCU_TransactionObjectPage--fe::HeaderFacet::FormContainer::headerFieldsGP1::FormElement::DataField::Name::Field-edit","interaction":{"idSuffix":"inner"}},"clearTextFirst":true,"interactionType":"ENTER_TEXT"}]}
COMMAND: POST /session/f6c7f8b4e15e785343822e1d5e03cba9/execute/async - {"script":"<script> [21 bytes]","args":[{"selector":{"id":"rfm.transactionui::xRFMxCU_TransactionObjectPage--fe::HeaderFacet::FormContainer::headerFieldsGP1::FormElement::DataField::TransactionId::Field-display"},"wdio_ui5_key":"rfmtransactionui::xRFMxCU_TransactionObjectPage--fe::HeaderFacet::FormContainer::headerFieldsGP1::FormElement::DataField::TransactionId::Field-display"}]}
RESULT: {"script":"<script> [21 bytes]","args":[{"selector":{"id":"rfm.transactionui::xRFMxCU_TransactionObjectPage--fe::HeaderFacet::FormContainer::headerFieldsGP1::FormElement::DataField::TransactionId::Field-display"},"wdio_ui5_key":"rfmtransactionui::xRFMxCU_TransactionObjectPage--fe::HeaderFacet::FormContainer::headerFieldsGP1::FormElement::DataField::TransactionId::Field-display"}]}
RESULT: undefined
COMMAND: POST /session/f6c7f8b4e15e785343822e1d5e03cba9/execute/async - {"script":"<script> [21 bytes]","args":[{"element-6066-11e4-a52e-4f735466cecf":"f.638289999214797415D9C632A9E7936F.d.D33C86B3F6CD053630D3D626F24849A6.e.1014"},"getText",[]]}
RESULT: {"script":"<script> [21 bytes]","args":[{"element-6066-11e4-a52e-4f735466cecf":"f.638289999214797415D9C632A9E7936F.d.D33C86B3F6CD053630D3D626F24849A6.e.1014"},"getText",[]]}
COMMAND: POST /session/f6c7f8b4e15e785343822e1d5e03cba9/execute/async - {"script":"<script> [21 bytes]","args":[{"selector":{"id":"rfm.transactionui::xRFMxCU_TransactionObjectPage--fe::ObjectPage-anchBar-rfm.transactionui::xRFMxCU_TransactionObjectPage--fe::FacetSection::FundingScopeCollection-anchor"},"wdio_ui5_key":"rfmtransactionui::xRFMxCU_TransactionObjectPage--fe::ObjectPage-anchBar-rfm.transactionui::xRFMxCU_TransactionObjectPage--fe::FacetSection::FundingScopeCollection-anchor"}]}
RESULT: {"script":"<script> [21 bytes]","args":[{"selector":{"id":"rfm.transactionui::xRFMxCU_TransactionObjectPage--fe::ObjectPage-anchBar-rfm.transactionui::xRFMxCU_TransactionObjectPage--fe::FacetSection::FundingScopeCollection-anchor"},"wdio_ui5_key":"rfmtransactionui::xRFMxCU_TransactionObjectPage--fe::ObjectPage-anchBar-rfm.transactionui::xRFMxCU_TransactionObjectPage--fe::FacetSection::FundingScopeCollection-anchor"}]}
RESULT: undefined
COMMAND: POST /session/f6c7f8b4e15e785343822e1d5e03cba9/element - {"using":"xpath","value":"//*[@id=\"rfm.transactionui::xRFMxCU_TransactionObjectPage--fe::ObjectPage-anchBar-rfm.transactionui::xRFMxCU_TransactionObjectPage--fe::FacetSection::FundingScopeCollection-anchor\"]"}
RESULT: {"using":"xpath","value":"//*[@id=\"rfm.transactionui::xRFMxCU_TransactionObjectPage--fe::ObjectPage-anchBar-rfm.transactionui::xRFMxCU_TransactionObjectPage--fe::FacetSection::FundingScopeCollection-anchor\"]"}
COMMAND: POST /session/f6c7f8b4e15e785343822e1d5e03cba9/element/f.638289999214797415D9C632A9E7936F.d.D33C86B3F6CD053630D3D626F24849A6.e.1015/click - {}
RESULT: {}
COMMAND: POST /session/f6c7f8b4e15e785343822e1d5e03cba9/execute/async - {"script":"<script> [21 bytes]","args":[{"selector":{"controlType":"sap.ui.mdc.field.FieldInput","viewName":"sap.fe.templates.ObjectPage.ObjectPage","viewId":"rfm.transactionui::xRFMxCU_TransactionObjectPage","bindingPath":{"path":"","propertyPath":"/conditions","modelName":"$field"},"ancestor":{"controlType":"sap.ui.mdc.Field","viewName":"sap.fe.templates.ObjectPage.ObjectPage","viewId":"rfm.transactionui::xRFMxCU_TransactionObjectPage","bindingPath":{"path":"/xRFMxCU_Transaction(TransactionId='1046',IsActiveEntity=false)/_TransactionCFPart(TransactionId='1046',CashFlowPartType='1',IsActiveEntity=false)","propertyPath":"__EntityControl/Updatable"}},"interaction":{"idSuffix":"inner"}},"wdio_ui5_key":"sapfe.templates.ObjectPage.ObjectPagesap.ui.mdc.field.FieldInput{\"path\":\"\",\"propertyPath\":\"/conditions\",\"modelName\":\"$field\"}{\"controlType\":\"sap.ui.mdc.Field\",\"viewName\":\"sap.fe.templates.ObjectPage.ObjectPage\",\"viewId\":\"rfm.transactionui::xRFMxCU_TransactionObjectPage\",\"bindingPath\":{\"path\":\"/xRFMxCU_Transaction(TransactionId='1046',IsActiveEntity=false)/_TransactionCFPart(TransactionId='1046',CashFlowPartType='1',IsActiveEntity=false)\",\"propertyPath\":\"__EntityControl/Updatable\"}}"}]}
COMMAND: GET /session/f6c7f8b4e15e785343822e1d5e03cba9/screenshot - {}
RESULT: {"script":"<script> [21 bytes]","args":[{"selector":{"controlType":"sap.ui.mdc.field.FieldInput","viewName":"sap.fe.templates.ObjectPage.ObjectPage","viewId":"rfm.transactionui::xRFMxCU_TransactionObjectPage","bindingPath":{"path":"","propertyPath":"/conditions","modelName":"$field"},"ancestor":{"controlType":"sap.ui.mdc.Field","viewName":"sap.fe.templates.ObjectPage.ObjectPage","viewId":"rfm.transactionui::xRFMxCU_TransactionObjectPage","bindingPath":{"path":"/xRFMxCU_Transaction(TransactionId='1046',IsActiveEntity=false)/_TransactionCFPart(TransactionId='1046',CashFlowPartType='1',IsActiveEntity=false)","propertyPath":"__EntityControl/Updatable"}},"interaction":{"idSuffix":"inner"}},"wdio_ui5_key":"sapfe.templates.ObjectPage.ObjectPagesap.ui.mdc.field.FieldInput{\"path\":\"\",\"propertyPath\":\"/conditions\",\"modelName\":\"$field\"}{\"controlType\":\"sap.ui.mdc.Field\",\"viewName\":\"sap.fe.templates.ObjectPage.ObjectPage\",\"viewId\":\"rfm.transactionui::xRFMxCU_TransactionObjectPage\",\"bindingPath\":{\"path\":\"/xRFMxCU_Transaction(TransactionId='1046',IsActiveEntity=false)/_TransactionCFPart(TransactionId='1046',CashFlowPartType='1',IsActiveEntity=false)\",\"propertyPath\":\"__EntityControl/Updatable\"}}"}]}
RESULT: undefined
COMMAND: POST /session/f6c7f8b4e15e785343822e1d5e03cba9/execute/async - {"script":"<script> [20 bytes]","args":[{"enterText":"Funding","selector":{"controlType":"sap.ui.mdc.field.FieldInput","viewName":"sap.fe.templates.ObjectPage.ObjectPage","viewId":"rfm.transactionui::xRFMxCU_TransactionObjectPage","bindingPath":{"path":"","propertyPath":"/conditions","modelName":"$field"},"ancestor":{"controlType":"sap.ui.mdc.Field","viewName":"sap.fe.templates.ObjectPage.ObjectPage","viewId":"rfm.transactionui::xRFMxCU_TransactionObjectPage","bindingPath":{"path":"/xRFMxCU_Transaction(TransactionId='1046',IsActiveEntity=false)/_TransactionCFPart(TransactionId='1046',CashFlowPartType='1',IsActiveEntity=false)","propertyPath":"__EntityControl/Updatable"}},"interaction":{"idSuffix":"inner"}},"clearTextFirst":true,"interactionType":"ENTER_TEXT"}]}
RESULT: {}
RESULT: {"script":"<script> [20 bytes]","args":[{"enterText":"Funding","selector":{"controlType":"sap.ui.mdc.field.FieldInput","viewName":"sap.fe.templates.ObjectPage.ObjectPage","viewId":"rfm.transactionui::xRFMxCU_TransactionObjectPage","bindingPath":{"path":"","propertyPath":"/conditions","modelName":"$field"},"ancestor":{"controlType":"sap.ui.mdc.Field","viewName":"sap.fe.templates.ObjectPage.ObjectPage","viewId":"rfm.transactionui::xRFMxCU_TransactionObjectPage","bindingPath":{"path":"/xRFMxCU_Transaction(TransactionId='1046',IsActiveEntity=false)/_TransactionCFPart(TransactionId='1046',CashFlowPartType='1',IsActiveEntity=false)","propertyPath":"__EntityControl/Updatable"}},"interaction":{"idSuffix":"inner"}},"clearTextFirst":true,"interactionType":"ENTER_TEXT"}]}
COMMAND: POST /session/f6c7f8b4e15e785343822e1d5e03cba9/execute/async - {"script":"<script> [21 bytes]","args":[{"selector":{"id":"rfm.transactionui::xRFMxCU_TransactionObjectPage--fe::table::_TransactionCFPart::LineItem-innerTable-rows-row1","interaction":{"idSuffix":"col0"}},"wdio_ui5_key":"rfmtransactionui::xRFMxCU_TransactionObjectPage--fe::table::_TransactionCFPart::LineItem-innerTable-rows-row1"}]}
RESULT: {"script":"<script> [21 bytes]","args":[{"selector":{"id":"rfm.transactionui::xRFMxCU_TransactionObjectPage--fe::table::_TransactionCFPart::LineItem-innerTable-rows-row1","interaction":{"idSuffix":"col0"}},"wdio_ui5_key":"rfmtransactionui::xRFMxCU_TransactionObjectPage--fe::table::_TransactionCFPart::LineItem-innerTable-rows-row1"}]}
RESULT: undefined
COMMAND: POST /session/f6c7f8b4e15e785343822e1d5e03cba9/element - {"using":"xpath","value":"//*[@id=\"rfm.transactionui::xRFMxCU_TransactionObjectPage--fe::table::_TransactionCFPart::LineItem-innerTable-rows-row1\"]"}
RESULT: {"using":"xpath","value":"//*[@id=\"rfm.transactionui::xRFMxCU_TransactionObjectPage--fe::table::_TransactionCFPart::LineItem-innerTable-rows-row1\"]"}
COMMAND: POST /session/f6c7f8b4e15e785343822e1d5e03cba9/element/f.638289999214797415D9C632A9E7936F.d.D33C86B3F6CD053630D3D626F24849A6.e.1034/click - {}
RESULT: {}
COMMAND: POST /session/f6c7f8b4e15e785343822e1d5e03cba9/execute/async - {"script":"<script> [21 bytes]","args":[{"forceSelect":true,"selector":{"controlType":"sap.ui.mdc.field.FieldInput","viewName":"sap.fe.templates.ObjectPage.ObjectPage","viewId":"rfm.transactionui::xRFMxCU_TransactionObjectPage","bindingPath":{"path":"","propertyPath":"/conditions","modelName":"$field"},"ancestor":{"controlType":"sap.ui.mdc.Field","viewName":"sap.fe.templates.ObjectPage.ObjectPage","viewId":"rfm.transactionui::xRFMxCU_TransactionObjectPage","bindingPath":{"path":"/xRFMxCU_Transaction(TransactionId='1046',IsActiveEntity=false)/_TransactionCFPart(TransactionId='1046',CashFlowPartType='2',IsActiveEntity=false)","propertyPath":"__EntityControl/Updatable"}},"interaction":{"idSuffix":"inner"}},"wdio_ui5_key":"sapfe.templates.ObjectPage.ObjectPagesap.ui.mdc.field.FieldInput{\"path\":\"\",\"propertyPath\":\"/conditions\",\"modelName\":\"$field\"}{\"controlType\":\"sap.ui.mdc.Field\",\"viewName\":\"sap.fe.templates.ObjectPage.ObjectPage\",\"viewId\":\"rfm.transactionui::xRFMxCU_TransactionObjectPage\",\"bindingPath\":{\"path\":\"/xRFMxCU_Transaction(TransactionId='1046',IsActiveEntity=false)/_TransactionCFPart(TransactionId='1046',CashFlowPartType='2',IsActiveEntity=false)\",\"propertyPath\":\"__EntityControl/Updatable\"}}"}]}
COMMAND: GET /session/f6c7f8b4e15e785343822e1d5e03cba9/screenshot - {}
RESULT: {"script":"<script> [21 bytes]","args":[{"forceSelect":true,"selector":{"controlType":"sap.ui.mdc.field.FieldInput","viewName":"sap.fe.templates.ObjectPage.ObjectPage","viewId":"rfm.transactionui::xRFMxCU_TransactionObjectPage","bindingPath":{"path":"","propertyPath":"/conditions","modelName":"$field"},"ancestor":{"controlType":"sap.ui.mdc.Field","viewName":"sap.fe.templates.ObjectPage.ObjectPage","viewId":"rfm.transactionui::xRFMxCU_TransactionObjectPage","bindingPath":{"path":"/xRFMxCU_Transaction(TransactionId='1046',IsActiveEntity=false)/_TransactionCFPart(TransactionId='1046',CashFlowPartType='2',IsActiveEntity=false)","propertyPath":"__EntityControl/Updatable"}},"interaction":{"idSuffix":"inner"}},"wdio_ui5_key":"sapfe.templates.ObjectPage.ObjectPagesap.ui.mdc.field.FieldInput{\"path\":\"\",\"propertyPath\":\"/conditions\",\"modelName\":\"$field\"}{\"controlType\":\"sap.ui.mdc.Field\",\"viewName\":\"sap.fe.templates.ObjectPage.ObjectPage\",\"viewId\":\"rfm.transactionui::xRFMxCU_TransactionObjectPage\",\"bindingPath\":{\"path\":\"/xRFMxCU_Transaction(TransactionId='1046',IsActiveEntity=false)/_TransactionCFPart(TransactionId='1046',CashFlowPartType='2',IsActiveEntity=false)\",\"propertyPath\":\"__EntityControl/Updatable\"}}"}]}
RESULT: undefined
COMMAND: POST /session/f6c7f8b4e15e785343822e1d5e03cba9/execute/async - {"script":"<script> [21 bytes]","args":[{"selector":{"id":"__field11-__clone716-__clone904-inner"}}]}
RESULT: {}
RESULT: {"script":"<script> [21 bytes]","args":[{"selector":{"id":"__field11-__clone716-__clone904-inner"}}]}
COMMAND: POST /session/f6c7f8b4e15e785343822e1d5e03cba9/execute/async - {"script":"<script> [21 bytes]","args":[{"element-6066-11e4-a52e-4f735466cecf":"f.638289999214797415D9C632A9E7936F.d.D33C86B3F6CD053630D3D626F24849A6.e.1022"},"getEditable",[]]}
RESULT: {"script":"<script> [21 bytes]","args":[{"element-6066-11e4-a52e-4f735466cecf":"f.638289999214797415D9C632A9E7936F.d.D33C86B3F6CD053630D3D626F24849A6.e.1022"},"getEditable",[]]}
COMMAND: POST /session/f6c7f8b4e15e785343822e1d5e03cba9/execute/async - {"script":"<script> [21 bytes]","args":[{"selector":{"id":"__field11-__clone716-__clone904-inner-vhi"}}]}
RESULT: {"script":"<script> [21 bytes]","args":[{"selector":{"id":"__field11-__clone716-__clone904-inner-vhi"}}]}
COMMAND: POST /session/f6c7f8b4e15e785343822e1d5e03cba9/execute/async - {"script":"<script> [21 bytes]","args":[{"element-6066-11e4-a52e-4f735466cecf":"f.638289999214797415D9C632A9E7936F.d.D33C86B3F6CD053630D3D626F24849A6.e.1022"},"getVisible",[]]}
RESULT: {"script":"<script> [21 bytes]","args":[{"element-6066-11e4-a52e-4f735466cecf":"f.638289999214797415D9C632A9E7936F.d.D33C86B3F6CD053630D3D626F24849A6.e.1022"},"getVisible",[]]}
COMMAND: POST /session/f6c7f8b4e15e785343822e1d5e03cba9/execute/async - {"script":"<script> [20 bytes]","args":[{"enterText":"Funding","selector":{"controlType":"sap.ui.mdc.field.FieldInput","viewName":"sap.fe.templates.ObjectPage.ObjectPage","viewId":"rfm.transactionui::xRFMxCU_TransactionObjectPage","bindingPath":{"path":"","propertyPath":"/conditions","modelName":"$field"},"ancestor":{"controlType":"sap.ui.mdc.Field","viewName":"sap.fe.templates.ObjectPage.ObjectPage","viewId":"rfm.transactionui::xRFMxCU_TransactionObjectPage","bindingPath":{"path":"/xRFMxCU_Transaction(TransactionId='1046',IsActiveEntity=false)/_TransactionCFPart(TransactionId='1046',CashFlowPartType='2',IsActiveEntity=false)","propertyPath":"__EntityControl/Updatable"}},"interaction":{"idSuffix":"inner"}},"clearTextFirst":true,"interactionType":"ENTER_TEXT"}]}
RESULT: {"script":"<script> [20 bytes]","args":[{"enterText":"Funding","selector":{"controlType":"sap.ui.mdc.field.FieldInput","viewName":"sap.fe.templates.ObjectPage.ObjectPage","viewId":"rfm.transactionui::xRFMxCU_TransactionObjectPage","bindingPath":{"path":"","propertyPath":"/conditions","modelName":"$field"},"ancestor":{"controlType":"sap.ui.mdc.Field","viewName":"sap.fe.templates.ObjectPage.ObjectPage","viewId":"rfm.transactionui::xRFMxCU_TransactionObjectPage","bindingPath":{"path":"/xRFMxCU_Transaction(TransactionId='1046',IsActiveEntity=false)/_TransactionCFPart(TransactionId='1046',CashFlowPartType='2',IsActiveEntity=false)","propertyPath":"__EntityControl/Updatable"}},"interaction":{"idSuffix":"inner"}},"clearTextFirst":true,"interactionType":"ENTER_TEXT"}]}
COMMAND: POST /session/f6c7f8b4e15e785343822e1d5e03cba9/execute/async - {"script":"<script> [21 bytes]","args":[{"selector":{"id":"rfm.transactionui::xRFMxCU_TransactionObjectPage--fe::FooterBar::StandardAction::Save","interaction":{"idSuffix":"BDI-content"}},"wdio_ui5_key":"rfmtransactionui::xRFMxCU_TransactionObjectPage--fe::FooterBar::StandardAction::Save"}]}
RESULT: {"script":"<script> [21 bytes]","args":[{"selector":{"id":"rfm.transactionui::xRFMxCU_TransactionObjectPage--fe::FooterBar::StandardAction::Save","interaction":{"idSuffix":"BDI-content"}},"wdio_ui5_key":"rfmtransactionui::xRFMxCU_TransactionObjectPage--fe::FooterBar::StandardAction::Save"}]}
RESULT: undefined
COMMAND: POST /session/f6c7f8b4e15e785343822e1d5e03cba9/element - {"using":"xpath","value":"//*[@id=\"rfm.transactionui::xRFMxCU_TransactionObjectPage--fe::FooterBar::StandardAction::Save\"]"}
RESULT: {"using":"xpath","value":"//*[@id=\"rfm.transactionui::xRFMxCU_TransactionObjectPage--fe::FooterBar::StandardAction::Save\"]"}
COMMAND: POST /session/f6c7f8b4e15e785343822e1d5e03cba9/element/f.638289999214797415D9C632A9E7936F.d.D33C86B3F6CD053630D3D626F24849A6.e.1038/click - {}
RESULT: {}
COMMAND: POST /session/f6c7f8b4e15e785343822e1d5e03cba9/execute/async - {"script":"<script> [21 bytes]","args":[{"selector":{"id":"rfm.transactionui::xRFMxCU_TransactionObjectPage--fe::FooterBar::MessageButton-img"},"wdio_ui5_key":"rfmtransactionui::xRFMxCU_TransactionObjectPage--fe::FooterBar::MessageButton-img"}]}
COMMAND: GET /session/f6c7f8b4e15e785343822e1d5e03cba9/screenshot - {}
RESULT: {"script":"<script> [21 bytes]","args":[{"selector":{"id":"rfm.transactionui::xRFMxCU_TransactionObjectPage--fe::FooterBar::MessageButton-img"},"wdio_ui5_key":"rfmtransactionui::xRFMxCU_TransactionObjectPage--fe::FooterBar::MessageButton-img"}]}
RESULT: undefined
COMMAND: POST /session/f6c7f8b4e15e785343822e1d5e03cba9/url - {"url":"https://d4debac0-4a79-4bd3-a71c-dba92f957697.abap-web.eu10.hana.ondemand.com/ui#Shell-home"}
RESULT: {}
RESULT: {"url":"https://d4debac0-4a79-4bd3-a71c-dba92f957697.abap-web.eu10.hana.ondemand.com/ui#Shell-home"}
RESULT: undefined
COMMAND: GET /session/f6c7f8b4e15e785343822e1d5e03cba9/screenshot - {}
]]></system-out>
    </testcase>
    <testcase classname="chrome.138_0_7204_184.windows.Loan_Contract" name="Should filter created Transaction" time="12.254">
      <system-out><![CDATA[
COMMAND: POST /session/f6c7f8b4e15e785343822e1d5e03cba9/execute/async - {"script":"<script> [21 bytes]","args":[{"selector":{"controlType":"sap.m.GenericTile","properties":{"header":"Loan Contract"}},"wdio_ui5_key":"sapm.GenericTile{\"header\":\"Loan Contract\"}"}]}
COMMAND: GET /session/f6c7f8b4e15e785343822e1d5e03cba9/screenshot - {}
RESULT: {}
RESULT: {"script":"<script> [21 bytes]","args":[{"selector":{"controlType":"sap.m.GenericTile","properties":{"header":"Loan Contract"}},"wdio_ui5_key":"sapm.GenericTile{\"header\":\"Loan Contract\"}"}]}
RESULT: undefined
COMMAND: POST /session/f6c7f8b4e15e785343822e1d5e03cba9/element - {"using":"xpath","value":"//*[@id=\"__tile35\"]"}
RESULT: {}
RESULT: {"using":"xpath","value":"//*[@id=\"__tile35\"]"}
COMMAND: POST /session/f6c7f8b4e15e785343822e1d5e03cba9/element/f.638289999214797415D9C632A9E7936F.d.D33C86B3F6CD053630D3D626F24849A6.e.1058/click - {}
RESULT: {}
COMMAND: POST /session/f6c7f8b4e15e785343822e1d5e03cba9/execute/async - {"script":"<script> [21 bytes]","args":[{"selector":{"id":"rfm.loancontractui::xRFMxCU_LoanSetList--fe::FilterBar::xRFMxCU_LoanSet::FilterField::TransactionId-inner","interaction":{"idSuffix":"inner"}},"wdio_ui5_key":"rfmloancontractui::xRFMxCU_LoanSetList--fe::FilterBar::xRFMxCU_LoanSet::FilterField::TransactionId-inner"}]}
COMMAND: GET /session/f6c7f8b4e15e785343822e1d5e03cba9/screenshot - {}
RESULT: {"script":"<script> [21 bytes]","args":[{"selector":{"id":"rfm.loancontractui::xRFMxCU_LoanSetList--fe::FilterBar::xRFMxCU_LoanSet::FilterField::TransactionId-inner","interaction":{"idSuffix":"inner"}},"wdio_ui5_key":"rfmloancontractui::xRFMxCU_LoanSetList--fe::FilterBar::xRFMxCU_LoanSet::FilterField::TransactionId-inner"}]}
RESULT: undefined
COMMAND: POST /session/f6c7f8b4e15e785343822e1d5e03cba9/execute/async - {"script":"<script> [20 bytes]","args":[{"enterText":"1046","selector":{"id":"rfm.loancontractui::xRFMxCU_LoanSetList--fe::FilterBar::xRFMxCU_LoanSet::FilterField::TransactionId-inner","interaction":{"idSuffix":"inner"}},"clearTextFirst":true,"interactionType":"ENTER_TEXT"}]}
RESULT: {}
RESULT: {"script":"<script> [20 bytes]","args":[{"enterText":"1046","selector":{"id":"rfm.loancontractui::xRFMxCU_LoanSetList--fe::FilterBar::xRFMxCU_LoanSet::FilterField::TransactionId-inner","interaction":{"idSuffix":"inner"}},"clearTextFirst":true,"interactionType":"ENTER_TEXT"}]}
COMMAND: POST /session/f6c7f8b4e15e785343822e1d5e03cba9/execute/async - {"script":"<script> [21 bytes]","args":[{"selector":{"id":"rfm.loancontractui::xRFMxCU_LoanSetList--fe::FilterBar::xRFMxCU_LoanSet-btnSearch","interaction":{"idSuffix":"BDI-content"}},"wdio_ui5_key":"rfmloancontractui::xRFMxCU_LoanSetList--fe::FilterBar::xRFMxCU_LoanSet-btnSearch"}]}
RESULT: {"script":"<script> [21 bytes]","args":[{"selector":{"id":"rfm.loancontractui::xRFMxCU_LoanSetList--fe::FilterBar::xRFMxCU_LoanSet-btnSearch","interaction":{"idSuffix":"BDI-content"}},"wdio_ui5_key":"rfmloancontractui::xRFMxCU_LoanSetList--fe::FilterBar::xRFMxCU_LoanSet-btnSearch"}]}
RESULT: undefined
COMMAND: POST /session/f6c7f8b4e15e785343822e1d5e03cba9/element - {"using":"xpath","value":"//*[@id=\"rfm.loancontractui::xRFMxCU_LoanSetList--fe::FilterBar::xRFMxCU_LoanSet-btnSearch\"]"}
RESULT: {"using":"xpath","value":"//*[@id=\"rfm.loancontractui::xRFMxCU_LoanSetList--fe::FilterBar::xRFMxCU_LoanSet-btnSearch\"]"}
COMMAND: POST /session/f6c7f8b4e15e785343822e1d5e03cba9/element/f.638289999214797415D9C632A9E7936F.d.D33C86B3F6CD053630D3D626F24849A6.e.1154/click - {}
RESULT: {}
COMMAND: POST /session/f6c7f8b4e15e785343822e1d5e03cba9/execute/async - {"script":"<script> [21 bytes]","args":[{"selector":{"id":"rfm.loancontractui::xRFMxCU_LoanSetList--fe::table::xRFMxCU_LoanSet::LineItem-innerTable-rows-row0"},"wdio_ui5_key":"rfmloancontractui::xRFMxCU_LoanSetList--fe::table::xRFMxCU_LoanSet::LineItem-innerTable-rows-row0"}]}
COMMAND: GET /session/f6c7f8b4e15e785343822e1d5e03cba9/screenshot - {}
RESULT: {"script":"<script> [21 bytes]","args":[{"selector":{"id":"rfm.loancontractui::xRFMxCU_LoanSetList--fe::table::xRFMxCU_LoanSet::LineItem-innerTable-rows-row0"},"wdio_ui5_key":"rfmloancontractui::xRFMxCU_LoanSetList--fe::table::xRFMxCU_LoanSet::LineItem-innerTable-rows-row0"}]}
RESULT: undefined
COMMAND: POST /session/f6c7f8b4e15e785343822e1d5e03cba9/element - {"using":"xpath","value":"//*[@id=\"rfm.loancontractui::xRFMxCU_LoanSetList--fe::table::xRFMxCU_LoanSet::LineItem-innerTable-rows-row0\"]"}
RESULT: {}
RESULT: {"using":"xpath","value":"//*[@id=\"rfm.loancontractui::xRFMxCU_LoanSetList--fe::table::xRFMxCU_LoanSet::LineItem-innerTable-rows-row0\"]"}
COMMAND: POST /session/f6c7f8b4e15e785343822e1d5e03cba9/element/f.638289999214797415D9C632A9E7936F.d.D33C86B3F6CD053630D3D626F24849A6.e.1156/click - {}
RESULT: {}
RESULT: undefined
COMMAND: POST /session/f6c7f8b4e15e785343822e1d5e03cba9/execute/async - {"script":"<script> [21 bytes]","args":[{"element-6066-11e4-a52e-4f735466cecf":"f.638289999214797415D9C632A9E7936F.d.D33C86B3F6CD053630D3D626F24849A6.e.1156"},"getBindingContext",[]]}
COMMAND: GET /session/f6c7f8b4e15e785343822e1d5e03cba9/screenshot - {}
RESULT: {"script":"<script> [21 bytes]","args":[{"element-6066-11e4-a52e-4f735466cecf":"f.638289999214797415D9C632A9E7936F.d.D33C86B3F6CD053630D3D626F24849A6.e.1156"},"getBindingContext",[]]}
COMMAND: POST /session/f6c7f8b4e15e785343822e1d5e03cba9/execute/async - {"script":"<script> [21 bytes]","args":["b60b00fd-fde9-4ab0-8797-8a7cdb01b016","getPath",[]]}
RESULT: {}
RESULT: {"script":"<script> [21 bytes]","args":["b60b00fd-fde9-4ab0-8797-8a7cdb01b016","getPath",[]]}
COMMAND: POST /session/f6c7f8b4e15e785343822e1d5e03cba9/execute/async - {"script":"<script> [21 bytes]","args":[{"selector":{"controlType":"sap.m.Text","viewName":"sap.fe.templates.ListReport.ListReport","viewId":"rfm.loancontractui::xRFMxCU_LoanSetList","bindingPath":{"path":"/xRFMxCU_LoanSet(LoanSetId='173',IsActiveEntity=true)","propertyPath":"TransactionId"}},"wdio_ui5_key":"sapfe.templates.ListReport.ListReportsap.m.Text{\"path\":\"/xRFMxCU_LoanSet(LoanSetId='173',IsActiveEntity=true)\",\"propertyPath\":\"TransactionId\"}"}]}
RESULT: {"script":"<script> [21 bytes]","args":[{"selector":{"controlType":"sap.m.Text","viewName":"sap.fe.templates.ListReport.ListReport","viewId":"rfm.loancontractui::xRFMxCU_LoanSetList","bindingPath":{"path":"/xRFMxCU_LoanSet(LoanSetId='173',IsActiveEntity=true)","propertyPath":"TransactionId"}},"wdio_ui5_key":"sapfe.templates.ListReport.ListReportsap.m.Text{\"path\":\"/xRFMxCU_LoanSet(LoanSetId='173',IsActiveEntity=true)\",\"propertyPath\":\"TransactionId\"}"}]}
RESULT: undefined
COMMAND: POST /session/f6c7f8b4e15e785343822e1d5e03cba9/execute/async - {"script":"<script> [21 bytes]","args":[{"element-6066-11e4-a52e-4f735466cecf":"f.638289999214797415D9C632A9E7936F.d.D33C86B3F6CD053630D3D626F24849A6.e.1159"},"getText",[]]}
RESULT: {"script":"<script> [21 bytes]","args":[{"element-6066-11e4-a52e-4f735466cecf":"f.638289999214797415D9C632A9E7936F.d.D33C86B3F6CD053630D3D626F24849A6.e.1159"},"getText",[]]}
COMMAND: POST /session/f6c7f8b4e15e785343822e1d5e03cba9/execute/async - {"script":"<script> [21 bytes]","args":[{"forceSelect":true,"selector":{"controlType":"sap.ui.core.Icon","viewName":"sap.fe.templates.ListReport.ListReport","viewId":"rfm.loancontractui::xRFMxCU_LoanSetList","properties":{"src":{"regex":{"source":"navigation\\-right\\-arrow"}}}},"wdio_ui5_key":"sapfe.templates.ListReport.ListReportsap.ui.core.Icon{\"src\":{\"regex\":{\"source\":\"navigation\\\\-right\\\\-arrow\"}}}"}]}
RESULT: {"script":"<script> [21 bytes]","args":[{"forceSelect":true,"selector":{"controlType":"sap.ui.core.Icon","viewName":"sap.fe.templates.ListReport.ListReport","viewId":"rfm.loancontractui::xRFMxCU_LoanSetList","properties":{"src":{"regex":{"source":"navigation\\-right\\-arrow"}}}},"wdio_ui5_key":"sapfe.templates.ListReport.ListReportsap.ui.core.Icon{\"src\":{\"regex\":{\"source\":\"navigation\\\\-right\\\\-arrow\"}}}"}]}
RESULT: undefined
COMMAND: POST /session/f6c7f8b4e15e785343822e1d5e03cba9/element - {"using":"xpath","value":"//*[@id=\"__action18-__clone933-icon0\"]"}
RESULT: {"using":"xpath","value":"//*[@id=\"__action18-__clone933-icon0\"]"}
COMMAND: POST /session/f6c7f8b4e15e785343822e1d5e03cba9/element/f.638289999214797415D9C632A9E7936F.d.D33C86B3F6CD053630D3D626F24849A6.e.1160/click - {}
RESULT: {}
COMMAND: GET /session/f6c7f8b4e15e785343822e1d5e03cba9/screenshot - {}
]]></system-out>
    </testcase>
    <testcase classname="chrome.138_0_7204_184.windows.Loan_Contract" name="Should check navigation to Transaction" time="18.398">
      <system-out><![CDATA[
COMMAND: POST /session/f6c7f8b4e15e785343822e1d5e03cba9/execute/async - {"script":"<script> [21 bytes]","args":[{"selector":{"controlType":"sap.m.Title","viewName":"sap.fe.templates.ObjectPage.ObjectPage","viewId":"rfm.loancontractui::xRFMxCU_LoanSetObjectPage","bindingPath":{"path":"/xRFMxCU_LoanSet(LoanSetId='173',IsActiveEntity=true)","propertyPath":"TransactionId"}},"wdio_ui5_key":"sapfe.templates.ObjectPage.ObjectPagesap.m.Title{\"path\":\"/xRFMxCU_LoanSet(LoanSetId='173',IsActiveEntity=true)\",\"propertyPath\":\"TransactionId\"}"}]}
COMMAND: GET /session/f6c7f8b4e15e785343822e1d5e03cba9/screenshot - {}
RESULT: {}
RESULT: {"script":"<script> [21 bytes]","args":[{"selector":{"controlType":"sap.m.Title","viewName":"sap.fe.templates.ObjectPage.ObjectPage","viewId":"rfm.loancontractui::xRFMxCU_LoanSetObjectPage","bindingPath":{"path":"/xRFMxCU_LoanSet(LoanSetId='173',IsActiveEntity=true)","propertyPath":"TransactionId"}},"wdio_ui5_key":"sapfe.templates.ObjectPage.ObjectPagesap.m.Title{\"path\":\"/xRFMxCU_LoanSet(LoanSetId='173',IsActiveEntity=true)\",\"propertyPath\":\"TransactionId\"}"}]}
RESULT: undefined
COMMAND: POST /session/f6c7f8b4e15e785343822e1d5e03cba9/execute/async - {"script":"<script> [21 bytes]","args":[{"element-6066-11e4-a52e-4f735466cecf":"f.638289999214797415D9C632A9E7936F.d.D33C86B3F6CD053630D3D626F24849A6.e.1221"},"getText",[]]}
RESULT: {}
RESULT: {"script":"<script> [21 bytes]","args":[{"element-6066-11e4-a52e-4f735466cecf":"f.638289999214797415D9C632A9E7936F.d.D33C86B3F6CD053630D3D626F24849A6.e.1221"},"getText",[]]}
COMMAND: POST /session/f6c7f8b4e15e785343822e1d5e03cba9/execute/async - {"script":"<script> [21 bytes]","args":[{"selector":{"id":"rfm.loancontractui::xRFMxCU_LoanSetObjectPage--fe::DataFieldForIntentBasedNavigation::FundingTransaction::Manage","interaction":{"idSuffix":"BDI-content"}},"wdio_ui5_key":"rfmloancontractui::xRFMxCU_LoanSetObjectPage--fe::DataFieldForIntentBasedNavigation::FundingTransaction::Manage"}]}
RESULT: {"script":"<script> [21 bytes]","args":[{"selector":{"id":"rfm.loancontractui::xRFMxCU_LoanSetObjectPage--fe::DataFieldForIntentBasedNavigation::FundingTransaction::Manage","interaction":{"idSuffix":"BDI-content"}},"wdio_ui5_key":"rfmloancontractui::xRFMxCU_LoanSetObjectPage--fe::DataFieldForIntentBasedNavigation::FundingTransaction::Manage"}]}
RESULT: undefined
COMMAND: POST /session/f6c7f8b4e15e785343822e1d5e03cba9/element - {"using":"xpath","value":"//*[@id=\"rfm.loancontractui::xRFMxCU_LoanSetObjectPage--fe::DataFieldForIntentBasedNavigation::FundingTransaction::Manage\"]"}
RESULT: {"using":"xpath","value":"//*[@id=\"rfm.loancontractui::xRFMxCU_LoanSetObjectPage--fe::DataFieldForIntentBasedNavigation::FundingTransaction::Manage\"]"}
COMMAND: POST /session/f6c7f8b4e15e785343822e1d5e03cba9/element/f.638289999214797415D9C632A9E7936F.d.D33C86B3F6CD053630D3D626F24849A6.e.1223/click - {}
RESULT: {}
COMMAND: POST /session/f6c7f8b4e15e785343822e1d5e03cba9/execute/async - {"script":"<script> [21 bytes]","args":[{"selector":{"id":"rfm.transactionui::xRFMxCU_TransactionObjectPage--fe::HeaderFacet::Form::headerFieldsGP1::DataField::TransactionId::Field-content"},"wdio_ui5_key":"rfmtransactionui::xRFMxCU_TransactionObjectPage--fe::HeaderFacet::Form::headerFieldsGP1::DataField::TransactionId::Field-content"}]}
COMMAND: GET /session/f6c7f8b4e15e785343822e1d5e03cba9/screenshot - {}
RESULT: {"script":"<script> [21 bytes]","args":[{"selector":{"id":"rfm.transactionui::xRFMxCU_TransactionObjectPage--fe::HeaderFacet::Form::headerFieldsGP1::DataField::TransactionId::Field-content"},"wdio_ui5_key":"rfmtransactionui::xRFMxCU_TransactionObjectPage--fe::HeaderFacet::Form::headerFieldsGP1::DataField::TransactionId::Field-content"}]}
RESULT: undefined
COMMAND: POST /session/f6c7f8b4e15e785343822e1d5e03cba9/execute/async - {"script":"<script> [21 bytes]","args":[{"element-6066-11e4-a52e-4f735466cecf":"f.638289999214797415D9C632A9E7936F.d.D33C86B3F6CD053630D3D626F24849A6.e.1350"},"getText",[]]}
RESULT: {}
RESULT: {"script":"<script> [21 bytes]","args":[{"element-6066-11e4-a52e-4f735466cecf":"f.638289999214797415D9C632A9E7936F.d.D33C86B3F6CD053630D3D626F24849A6.e.1350"},"getText",[]]}
RESULT: undefined
COMMAND: POST /session/f6c7f8b4e15e785343822e1d5e03cba9/element - {"using":"xpath","value":"//*[@id=\"backBtn\"]"}
RESULT: {"using":"xpath","value":"//*[@id=\"backBtn\"]"}
COMMAND: POST /session/f6c7f8b4e15e785343822e1d5e03cba9/element/f.638289999214797415D9C632A9E7936F.d.D33C86B3F6CD053630D3D626F24849A6.e.1383/click - {}
RESULT: {}
COMMAND: GET /session/f6c7f8b4e15e785343822e1d5e03cba9/screenshot - {}
]]></system-out>
    </testcase>
    <testcase classname="chrome.138_0_7204_184.windows.Loan_Contract" name="Should create a Loan" time="34.2">
      <system-out><![CDATA[
COMMAND: POST /session/f6c7f8b4e15e785343822e1d5e03cba9/execute/async - {"script":"<script> [21 bytes]","args":[{"selector":{"id":"rfm.loancontractui::xRFMxCU_LoanSetObjectPage--fe::StandardAction::Edit","interaction":{"idSuffix":"BDI-content"}},"wdio_ui5_key":"rfmloancontractui::xRFMxCU_LoanSetObjectPage--fe::StandardAction::Edit"}]}
COMMAND: GET /session/f6c7f8b4e15e785343822e1d5e03cba9/screenshot - {}
RESULT: {"script":"<script> [21 bytes]","args":[{"selector":{"id":"rfm.loancontractui::xRFMxCU_LoanSetObjectPage--fe::StandardAction::Edit","interaction":{"idSuffix":"BDI-content"}},"wdio_ui5_key":"rfmloancontractui::xRFMxCU_LoanSetObjectPage--fe::StandardAction::Edit"}]}
RESULT: undefined
COMMAND: POST /session/f6c7f8b4e15e785343822e1d5e03cba9/element - {"using":"xpath","value":"//*[@id=\"rfm.loancontractui::xRFMxCU_LoanSetObjectPage--fe::StandardAction::Edit\"]"}
RESULT: {}
RESULT: {}
RESULT: {"using":"xpath","value":"//*[@id=\"rfm.loancontractui::xRFMxCU_LoanSetObjectPage--fe::StandardAction::Edit\"]"}
COMMAND: POST /session/f6c7f8b4e15e785343822e1d5e03cba9/element/f.638289999214797415D9C632A9E7936F.d.D33C86B3F6CD053630D3D626F24849A6.e.1460/click - {}
RESULT: {}
COMMAND: POST /session/f6c7f8b4e15e785343822e1d5e03cba9/execute/async - {"script":"<script> [21 bytes]","args":[{"selector":{"id":"rfm.loancontractui::xRFMxCU_LoanSetObjectPage--fe::table::_Loan::LineItem::StandardAction::Create","interaction":{"idSuffix":"content"}},"wdio_ui5_key":"rfmloancontractui::xRFMxCU_LoanSetObjectPage--fe::table::_Loan::LineItem::StandardAction::Create"}]}
COMMAND: GET /session/f6c7f8b4e15e785343822e1d5e03cba9/screenshot - {}
RESULT: {"script":"<script> [21 bytes]","args":[{"selector":{"id":"rfm.loancontractui::xRFMxCU_LoanSetObjectPage--fe::table::_Loan::LineItem::StandardAction::Create","interaction":{"idSuffix":"content"}},"wdio_ui5_key":"rfmloancontractui::xRFMxCU_LoanSetObjectPage--fe::table::_Loan::LineItem::StandardAction::Create"}]}
RESULT: undefined
COMMAND: POST /session/f6c7f8b4e15e785343822e1d5e03cba9/element - {"using":"xpath","value":"//*[@id=\"rfm.loancontractui::xRFMxCU_LoanSetObjectPage--fe::table::_Loan::LineItem::StandardAction::Create\"]"}
RESULT: {}
RESULT: {"using":"xpath","value":"//*[@id=\"rfm.loancontractui::xRFMxCU_LoanSetObjectPage--fe::table::_Loan::LineItem::StandardAction::Create\"]"}
COMMAND: POST /session/f6c7f8b4e15e785343822e1d5e03cba9/element/f.638289999214797415D9C632A9E7936F.d.D33C86B3F6CD053630D3D626F24849A6.e.1464/click - {}
RESULT: {}
COMMAND: POST /session/f6c7f8b4e15e785343822e1d5e03cba9/execute/async - {"script":"<script> [21 bytes]","args":[{"selector":{"id":"rfm.loancontractui::xRFMxCU_LoanSet__LoanObjectPage--fe::HeaderFacet::FormContainer::headerFieldsGP1::FormElement::DataField::CompanyCode::Field-edit-inner","interaction":{"idSuffix":"inner"}},"wdio_ui5_key":"rfmloancontractui::xRFMxCU_LoanSet__LoanObjectPage--fe::HeaderFacet::FormContainer::headerFieldsGP1::FormElement::DataField::CompanyCode::Field-edit-inner"}]}
COMMAND: GET /session/f6c7f8b4e15e785343822e1d5e03cba9/screenshot - {}
RESULT: {"script":"<script> [21 bytes]","args":[{"selector":{"id":"rfm.loancontractui::xRFMxCU_LoanSet__LoanObjectPage--fe::HeaderFacet::FormContainer::headerFieldsGP1::FormElement::DataField::CompanyCode::Field-edit-inner","interaction":{"idSuffix":"inner"}},"wdio_ui5_key":"rfmloancontractui::xRFMxCU_LoanSet__LoanObjectPage--fe::HeaderFacet::FormContainer::headerFieldsGP1::FormElement::DataField::CompanyCode::Field-edit-inner"}]}
RESULT: undefined
COMMAND: POST /session/f6c7f8b4e15e785343822e1d5e03cba9/execute/async - {"script":"<script> [20 bytes]","args":[{"enterText":"0001","selector":{"id":"rfm.loancontractui::xRFMxCU_LoanSet__LoanObjectPage--fe::HeaderFacet::FormContainer::headerFieldsGP1::FormElement::DataField::CompanyCode::Field-edit-inner","interaction":{"idSuffix":"inner"}},"clearTextFirst":true,"interactionType":"ENTER_TEXT"}]}
RESULT: {}
RESULT: {"script":"<script> [20 bytes]","args":[{"enterText":"0001","selector":{"id":"rfm.loancontractui::xRFMxCU_LoanSet__LoanObjectPage--fe::HeaderFacet::FormContainer::headerFieldsGP1::FormElement::DataField::CompanyCode::Field-edit-inner","interaction":{"idSuffix":"inner"}},"clearTextFirst":true,"interactionType":"ENTER_TEXT"}]}
COMMAND: POST /session/f6c7f8b4e15e785343822e1d5e03cba9/execute/async - {"script":"<script> [21 bytes]","args":[{"selector":{"id":"rfm.loancontractui::xRFMxCU_LoanSet__LoanObjectPage--fe::HeaderFacet::FormContainer::headerContractStartFacet::FormElement::Field-edit","interaction":{"idSuffix":"inner"}},"wdio_ui5_key":"rfmloancontractui::xRFMxCU_LoanSet__LoanObjectPage--fe::HeaderFacet::FormContainer::headerContractStartFacet::FormElement::Field-edit"}]}
RESULT: {"script":"<script> [21 bytes]","args":[{"selector":{"id":"rfm.loancontractui::xRFMxCU_LoanSet__LoanObjectPage--fe::HeaderFacet::FormContainer::headerContractStartFacet::FormElement::Field-edit","interaction":{"idSuffix":"inner"}},"wdio_ui5_key":"rfmloancontractui::xRFMxCU_LoanSet__LoanObjectPage--fe::HeaderFacet::FormContainer::headerContractStartFacet::FormElement::Field-edit"}]}
RESULT: undefined
COMMAND: POST /session/f6c7f8b4e15e785343822e1d5e03cba9/execute/async - {"script":"<script> [20 bytes]","args":[{"enterText":"01/01/2025","selector":{"id":"rfm.loancontractui::xRFMxCU_LoanSet__LoanObjectPage--fe::HeaderFacet::FormContainer::headerContractStartFacet::FormElement::Field-edit","interaction":{"idSuffix":"inner"}},"clearTextFirst":true,"interactionType":"ENTER_TEXT"}]}
RESULT: {"script":"<script> [20 bytes]","args":[{"enterText":"01/01/2025","selector":{"id":"rfm.loancontractui::xRFMxCU_LoanSet__LoanObjectPage--fe::HeaderFacet::FormContainer::headerContractStartFacet::FormElement::Field-edit","interaction":{"idSuffix":"inner"}},"clearTextFirst":true,"interactionType":"ENTER_TEXT"}]}
COMMAND: POST /session/f6c7f8b4e15e785343822e1d5e03cba9/execute/async - {"script":"<script> [21 bytes]","args":[{"selector":{"id":"rfm.loancontractui::xRFMxCU_LoanSet__LoanObjectPage--fe::HeaderFacet::FormContainer::headerContractEndFacet::FormElement::Field-edit","interaction":{"idSuffix":"inner"}},"wdio_ui5_key":"rfmloancontractui::xRFMxCU_LoanSet__LoanObjectPage--fe::HeaderFacet::FormContainer::headerContractEndFacet::FormElement::Field-edit"}]}
RESULT: {"script":"<script> [21 bytes]","args":[{"selector":{"id":"rfm.loancontractui::xRFMxCU_LoanSet__LoanObjectPage--fe::HeaderFacet::FormContainer::headerContractEndFacet::FormElement::Field-edit","interaction":{"idSuffix":"inner"}},"wdio_ui5_key":"rfmloancontractui::xRFMxCU_LoanSet__LoanObjectPage--fe::HeaderFacet::FormContainer::headerContractEndFacet::FormElement::Field-edit"}]}
RESULT: undefined
COMMAND: POST /session/f6c7f8b4e15e785343822e1d5e03cba9/execute/async - {"script":"<script> [20 bytes]","args":[{"enterText":"12/31/2027","selector":{"id":"rfm.loancontractui::xRFMxCU_LoanSet__LoanObjectPage--fe::HeaderFacet::FormContainer::headerContractEndFacet::FormElement::Field-edit","interaction":{"idSuffix":"inner"}},"clearTextFirst":true,"interactionType":"ENTER_TEXT"}]}
RESULT: {"script":"<script> [20 bytes]","args":[{"enterText":"12/31/2027","selector":{"id":"rfm.loancontractui::xRFMxCU_LoanSet__LoanObjectPage--fe::HeaderFacet::FormContainer::headerContractEndFacet::FormElement::Field-edit","interaction":{"idSuffix":"inner"}},"clearTextFirst":true,"interactionType":"ENTER_TEXT"}]}
COMMAND: POST /session/f6c7f8b4e15e785343822e1d5e03cba9/execute/async - {"script":"<script> [21 bytes]","args":[{"selector":{"id":"rfm.loancontractui::xRFMxCU_LoanSet__LoanObjectPage--fe::ObjectPage-anchBar-rfm.loancontractui::xRFMxCU_LoanSet__LoanObjectPage--fe::CustomSection::LoanDetailsSection-anchor"},"wdio_ui5_key":"rfmloancontractui::xRFMxCU_LoanSet__LoanObjectPage--fe::ObjectPage-anchBar-rfm.loancontractui::xRFMxCU_LoanSet__LoanObjectPage--fe::CustomSection::LoanDetailsSection-anchor"}]}
RESULT: {"script":"<script> [21 bytes]","args":[{"selector":{"id":"rfm.loancontractui::xRFMxCU_LoanSet__LoanObjectPage--fe::ObjectPage-anchBar-rfm.loancontractui::xRFMxCU_LoanSet__LoanObjectPage--fe::CustomSection::LoanDetailsSection-anchor"},"wdio_ui5_key":"rfmloancontractui::xRFMxCU_LoanSet__LoanObjectPage--fe::ObjectPage-anchBar-rfm.loancontractui::xRFMxCU_LoanSet__LoanObjectPage--fe::CustomSection::LoanDetailsSection-anchor"}]}
RESULT: undefined
COMMAND: POST /session/f6c7f8b4e15e785343822e1d5e03cba9/element - {"using":"xpath","value":"//*[@id=\"rfm.loancontractui::xRFMxCU_LoanSet__LoanObjectPage--fe::ObjectPage-anchBar-rfm.loancontractui::xRFMxCU_LoanSet__LoanObjectPage--fe::CustomSection::LoanDetailsSection-anchor\"]"}
RESULT: {"using":"xpath","value":"//*[@id=\"rfm.loancontractui::xRFMxCU_LoanSet__LoanObjectPage--fe::ObjectPage-anchBar-rfm.loancontractui::xRFMxCU_LoanSet__LoanObjectPage--fe::CustomSection::LoanDetailsSection-anchor\"]"}
COMMAND: POST /session/f6c7f8b4e15e785343822e1d5e03cba9/element/f.638289999214797415D9C632A9E7936F.d.D33C86B3F6CD053630D3D626F24849A6.e.1730/click - {}
RESULT: {}
COMMAND: POST /session/f6c7f8b4e15e785343822e1d5e03cba9/execute/async - {"script":"<script> [21 bytes]","args":[{"selector":{"id":"rfm.loancontractui::xRFMxCU_LoanSet__LoanObjectPage--fe::CustomSubSection::LoanDetailsSection--fe::FormContainer::FieldGroup::detailsFieldsGP2::FormElement::DataField::PartnerId::Field-edit","interaction":{"idSuffix":"inner"}},"wdio_ui5_key":"rfmloancontractui::xRFMxCU_LoanSet__LoanObjectPage--fe::CustomSubSection::LoanDetailsSection--fe::FormContainer::FieldGroup::detailsFieldsGP2::FormElement::DataField::PartnerId::Field-edit"}]}
COMMAND: GET /session/f6c7f8b4e15e785343822e1d5e03cba9/screenshot - {}
RESULT: {"script":"<script> [21 bytes]","args":[{"selector":{"id":"rfm.loancontractui::xRFMxCU_LoanSet__LoanObjectPage--fe::CustomSubSection::LoanDetailsSection--fe::FormContainer::FieldGroup::detailsFieldsGP2::FormElement::DataField::PartnerId::Field-edit","interaction":{"idSuffix":"inner"}},"wdio_ui5_key":"rfmloancontractui::xRFMxCU_LoanSet__LoanObjectPage--fe::CustomSubSection::LoanDetailsSection--fe::FormContainer::FieldGroup::detailsFieldsGP2::FormElement::DataField::PartnerId::Field-edit"}]}
RESULT: undefined
COMMAND: POST /session/f6c7f8b4e15e785343822e1d5e03cba9/execute/async - {"script":"<script> [20 bytes]","args":[{"enterText":"99","selector":{"id":"rfm.loancontractui::xRFMxCU_LoanSet__LoanObjectPage--fe::CustomSubSection::LoanDetailsSection--fe::FormContainer::FieldGroup::detailsFieldsGP2::FormElement::DataField::PartnerId::Field-edit","interaction":{"idSuffix":"inner"}},"clearTextFirst":true,"interactionType":"ENTER_TEXT"}]}
RESULT: {}
RESULT: {"script":"<script> [20 bytes]","args":[{"enterText":"99","selector":{"id":"rfm.loancontractui::xRFMxCU_LoanSet__LoanObjectPage--fe::CustomSubSection::LoanDetailsSection--fe::FormContainer::FieldGroup::detailsFieldsGP2::FormElement::DataField::PartnerId::Field-edit","interaction":{"idSuffix":"inner"}},"clearTextFirst":true,"interactionType":"ENTER_TEXT"}]}
COMMAND: POST /session/f6c7f8b4e15e785343822e1d5e03cba9/execute/async - {"script":"<script> [21 bytes]","args":[{"selector":{"id":"rfm.loancontractui::xRFMxCU_LoanSet__LoanObjectPage--fe::CustomSubSection::LoanDetailsSection--fe::FormContainer::FieldGroup::detailsFieldsGP1::FormElement::DataField::ProportionPercentage::Field-edit","interaction":{"idSuffix":"inner"}},"wdio_ui5_key":"rfmloancontractui::xRFMxCU_LoanSet__LoanObjectPage--fe::CustomSubSection::LoanDetailsSection--fe::FormContainer::FieldGroup::detailsFieldsGP1::FormElement::DataField::ProportionPercentage::Field-edit"}]}
RESULT: {"script":"<script> [21 bytes]","args":[{"selector":{"id":"rfm.loancontractui::xRFMxCU_LoanSet__LoanObjectPage--fe::CustomSubSection::LoanDetailsSection--fe::FormContainer::FieldGroup::detailsFieldsGP1::FormElement::DataField::ProportionPercentage::Field-edit","interaction":{"idSuffix":"inner"}},"wdio_ui5_key":"rfmloancontractui::xRFMxCU_LoanSet__LoanObjectPage--fe::CustomSubSection::LoanDetailsSection--fe::FormContainer::FieldGroup::detailsFieldsGP1::FormElement::DataField::ProportionPercentage::Field-edit"}]}
RESULT: undefined
COMMAND: POST /session/f6c7f8b4e15e785343822e1d5e03cba9/execute/async - {"script":"<script> [20 bytes]","args":[{"enterText":"1","selector":{"id":"rfm.loancontractui::xRFMxCU_LoanSet__LoanObjectPage--fe::CustomSubSection::LoanDetailsSection--fe::FormContainer::FieldGroup::detailsFieldsGP1::FormElement::DataField::ProportionPercentage::Field-edit","interaction":{"idSuffix":"inner"}},"clearTextFirst":true,"interactionType":"ENTER_TEXT"}]}
RESULT: {"script":"<script> [20 bytes]","args":[{"enterText":"1","selector":{"id":"rfm.loancontractui::xRFMxCU_LoanSet__LoanObjectPage--fe::CustomSubSection::LoanDetailsSection--fe::FormContainer::FieldGroup::detailsFieldsGP1::FormElement::DataField::ProportionPercentage::Field-edit","interaction":{"idSuffix":"inner"}},"clearTextFirst":true,"interactionType":"ENTER_TEXT"}]}
COMMAND: POST /session/f6c7f8b4e15e785343822e1d5e03cba9/execute/async - {"script":"<script> [21 bytes]","args":[{"forceSelect":true,"selector":{"id":"rfm.loancontractui::xRFMxCU_LoanSetObjectPage--fe::FooterBar::StandardAction::Save","interaction":{"idSuffix":"BDI-content"}},"wdio_ui5_key":"rfmloancontractui::xRFMxCU_LoanSetObjectPage--fe::FooterBar::StandardAction::Save"}]}
RESULT: {"script":"<script> [21 bytes]","args":[{"forceSelect":true,"selector":{"id":"rfm.loancontractui::xRFMxCU_LoanSetObjectPage--fe::FooterBar::StandardAction::Save","interaction":{"idSuffix":"BDI-content"}},"wdio_ui5_key":"rfmloancontractui::xRFMxCU_LoanSetObjectPage--fe::FooterBar::StandardAction::Save"}]}
RESULT: undefined
COMMAND: POST /session/f6c7f8b4e15e785343822e1d5e03cba9/element - {"using":"xpath","value":"//*[@id=\"rfm.loancontractui::xRFMxCU_LoanSetObjectPage--fe::FooterBar::StandardAction::Save\"]"}
RESULT: {"using":"xpath","value":"//*[@id=\"rfm.loancontractui::xRFMxCU_LoanSetObjectPage--fe::FooterBar::StandardAction::Save\"]"}
COMMAND: POST /session/f6c7f8b4e15e785343822e1d5e03cba9/element/f.638289999214797415D9C632A9E7936F.d.D33C86B3F6CD053630D3D626F24849A6.e.1586/click - {}
RESULT: {}
COMMAND: POST /session/f6c7f8b4e15e785343822e1d5e03cba9/execute/async - {"script":"<script> [21 bytes]","args":[{"selector":{"controlType":"sap.m.Title","viewName":"sap.fe.templates.ObjectPage.ObjectPage","viewId":"rfm.loancontractui::xRFMxCU_LoanSetObjectPage","properties":{"text":"No items available"}},"wdio_ui5_key":"sapfe.templates.ObjectPage.ObjectPagesap.m.Title{\"text\":\"No items available\"}"}]}
COMMAND: GET /session/f6c7f8b4e15e785343822e1d5e03cba9/screenshot - {}
RESULT: {"script":"<script> [21 bytes]","args":[{"selector":{"controlType":"sap.m.Title","viewName":"sap.fe.templates.ObjectPage.ObjectPage","viewId":"rfm.loancontractui::xRFMxCU_LoanSetObjectPage","properties":{"text":"No items available"}},"wdio_ui5_key":"sapfe.templates.ObjectPage.ObjectPagesap.m.Title{\"text\":\"No items available\"}"}]}
RESULT: undefined
COMMAND: GET /session/f6c7f8b4e15e785343822e1d5e03cba9/screenshot - {}
]]></system-out>
    </testcase>
    <testcase classname="chrome.138_0_7204_184.windows.Loan_Contract" name="Should create a Loan Condition" time="33.227">
      <system-out><![CDATA[
RESULT: undefined
COMMAND: POST /session/f6c7f8b4e15e785343822e1d5e03cba9/element - {"using":"xpath","value":"//*[@id=\"rfm.loancontractui::xRFMxCU_LoanSetObjectPage--fe::StandardAction::Edit\"]"}
RESULT: {}
RESULT: {}
RESULT: {"using":"xpath","value":"//*[@id=\"rfm.loancontractui::xRFMxCU_LoanSetObjectPage--fe::StandardAction::Edit\"]"}
COMMAND: POST /session/f6c7f8b4e15e785343822e1d5e03cba9/element/f.638289999214797415D9C632A9E7936F.d.D33C86B3F6CD053630D3D626F24849A6.e.1925/click - {}
RESULT: {}
COMMAND: POST /session/f6c7f8b4e15e785343822e1d5e03cba9/execute/async - {"script":"<script> [21 bytes]","args":[{"selector":{"controlType":"sap.ui.core.Icon","viewName":"sap.fe.templates.ObjectPage.ObjectPage","viewId":"rfm.loancontractui::xRFMxCU_LoanSetObjectPage","properties":{"src":{"regex":{"source":"navigation\\-right\\-arrow"}}}},"wdio_ui5_key":"sapfe.templates.ObjectPage.ObjectPagesap.ui.core.Icon{\"src\":{\"regex\":{\"source\":\"navigation\\\\-right\\\\-arrow\"}}}"}]}
COMMAND: GET /session/f6c7f8b4e15e785343822e1d5e03cba9/screenshot - {}
RESULT: {"script":"<script> [21 bytes]","args":[{"selector":{"controlType":"sap.ui.core.Icon","viewName":"sap.fe.templates.ObjectPage.ObjectPage","viewId":"rfm.loancontractui::xRFMxCU_LoanSetObjectPage","properties":{"src":{"regex":{"source":"navigation\\-right\\-arrow"}}}},"wdio_ui5_key":"sapfe.templates.ObjectPage.ObjectPagesap.ui.core.Icon{\"src\":{\"regex\":{\"source\":\"navigation\\\\-right\\\\-arrow\"}}}"}]}
RESULT: undefined
COMMAND: POST /session/f6c7f8b4e15e785343822e1d5e03cba9/element - {"using":"xpath","value":"//*[@id=\"__action30-__clone1845-icon0\"]"}
RESULT: {}
RESULT: {"using":"xpath","value":"//*[@id=\"__action30-__clone1845-icon0\"]"}
COMMAND: POST /session/f6c7f8b4e15e785343822e1d5e03cba9/element/f.638289999214797415D9C632A9E7936F.d.D33C86B3F6CD053630D3D626F24849A6.e.2027/click - {}
RESULT: {}
COMMAND: POST /session/f6c7f8b4e15e785343822e1d5e03cba9/execute/async - {"script":"<script> [21 bytes]","args":[{"selector":{"id":"rfm.loancontractui::xRFMxCU_LoanSet__LoanObjectPage--fe::ObjectPage-anchBar-rfm.loancontractui::xRFMxCU_LoanSet__LoanObjectPage--fe::FacetSection::LoanCondition-anchor","interaction":{"idSuffix":"text"}},"wdio_ui5_key":"rfmloancontractui::xRFMxCU_LoanSet__LoanObjectPage--fe::ObjectPage-anchBar-rfm.loancontractui::xRFMxCU_LoanSet__LoanObjectPage--fe::FacetSection::LoanCondition-anchor"}]}
COMMAND: GET /session/f6c7f8b4e15e785343822e1d5e03cba9/screenshot - {}
RESULT: {"script":"<script> [21 bytes]","args":[{"selector":{"id":"rfm.loancontractui::xRFMxCU_LoanSet__LoanObjectPage--fe::ObjectPage-anchBar-rfm.loancontractui::xRFMxCU_LoanSet__LoanObjectPage--fe::FacetSection::LoanCondition-anchor","interaction":{"idSuffix":"text"}},"wdio_ui5_key":"rfmloancontractui::xRFMxCU_LoanSet__LoanObjectPage--fe::ObjectPage-anchBar-rfm.loancontractui::xRFMxCU_LoanSet__LoanObjectPage--fe::FacetSection::LoanCondition-anchor"}]}
RESULT: undefined
COMMAND: POST /session/f6c7f8b4e15e785343822e1d5e03cba9/element - {"using":"xpath","value":"//*[@id=\"rfm.loancontractui::xRFMxCU_LoanSet__LoanObjectPage--fe::ObjectPage-anchBar-rfm.loancontractui::xRFMxCU_LoanSet__LoanObjectPage--fe::FacetSection::LoanCondition-anchor\"]"}
RESULT: {}
RESULT: {"using":"xpath","value":"//*[@id=\"rfm.loancontractui::xRFMxCU_LoanSet__LoanObjectPage--fe::ObjectPage-anchBar-rfm.loancontractui::xRFMxCU_LoanSet__LoanObjectPage--fe::FacetSection::LoanCondition-anchor\"]"}
COMMAND: POST /session/f6c7f8b4e15e785343822e1d5e03cba9/element/f.638289999214797415D9C632A9E7936F.d.D33C86B3F6CD053630D3D626F24849A6.e.2162/click - {}
RESULT: {}
COMMAND: POST /session/f6c7f8b4e15e785343822e1d5e03cba9/execute/async - {"script":"<script> [21 bytes]","args":[{"selector":{"id":"rfm.loancontractui::xRFMxCU_LoanSet__LoanObjectPage--fe::table::_LoanCondition::LineItem::StandardAction::Create","interaction":{"idSuffix":"inner"}},"wdio_ui5_key":"rfmloancontractui::xRFMxCU_LoanSet__LoanObjectPage--fe::table::_LoanCondition::LineItem::StandardAction::Create"}]}
COMMAND: GET /session/f6c7f8b4e15e785343822e1d5e03cba9/screenshot - {}
RESULT: {"script":"<script> [21 bytes]","args":[{"selector":{"id":"rfm.loancontractui::xRFMxCU_LoanSet__LoanObjectPage--fe::table::_LoanCondition::LineItem::StandardAction::Create","interaction":{"idSuffix":"inner"}},"wdio_ui5_key":"rfmloancontractui::xRFMxCU_LoanSet__LoanObjectPage--fe::table::_LoanCondition::LineItem::StandardAction::Create"}]}
RESULT: undefined
COMMAND: POST /session/f6c7f8b4e15e785343822e1d5e03cba9/element - {"using":"xpath","value":"//*[@id=\"rfm.loancontractui::xRFMxCU_LoanSet__LoanObjectPage--fe::table::_LoanCondition::LineItem::StandardAction::Create\"]"}
RESULT: {}
RESULT: {"using":"xpath","value":"//*[@id=\"rfm.loancontractui::xRFMxCU_LoanSet__LoanObjectPage--fe::table::_LoanCondition::LineItem::StandardAction::Create\"]"}
COMMAND: POST /session/f6c7f8b4e15e785343822e1d5e03cba9/element/f.638289999214797415D9C632A9E7936F.d.D33C86B3F6CD053630D3D626F24849A6.e.2163/click - {}
RESULT: {}
COMMAND: POST /session/f6c7f8b4e15e785343822e1d5e03cba9/execute/async - {"script":"<script> [21 bytes]","args":[{"selector":{"id":"rfm.loancontractui::xRFMxCU_LoanSet__Loan__LoanConditionObjectPage--fe::HeaderFacet::FormContainer::headerConditionStartFacet::FormElement::Field-edit","interaction":{"idSuffix":"inner"}},"wdio_ui5_key":"rfmloancontractui::xRFMxCU_LoanSet__Loan__LoanConditionObjectPage--fe::HeaderFacet::FormContainer::headerConditionStartFacet::FormElement::Field-edit"}]}
COMMAND: GET /session/f6c7f8b4e15e785343822e1d5e03cba9/screenshot - {}
RESULT: {"script":"<script> [21 bytes]","args":[{"selector":{"id":"rfm.loancontractui::xRFMxCU_LoanSet__Loan__LoanConditionObjectPage--fe::HeaderFacet::FormContainer::headerConditionStartFacet::FormElement::Field-edit","interaction":{"idSuffix":"inner"}},"wdio_ui5_key":"rfmloancontractui::xRFMxCU_LoanSet__Loan__LoanConditionObjectPage--fe::HeaderFacet::FormContainer::headerConditionStartFacet::FormElement::Field-edit"}]}
RESULT: undefined
COMMAND: POST /session/f6c7f8b4e15e785343822e1d5e03cba9/execute/async - {"script":"<script> [20 bytes]","args":[{"enterText":"01/01/2025","selector":{"id":"rfm.loancontractui::xRFMxCU_LoanSet__Loan__LoanConditionObjectPage--fe::HeaderFacet::FormContainer::headerConditionStartFacet::FormElement::Field-edit","interaction":{"idSuffix":"inner"}},"clearTextFirst":true,"interactionType":"ENTER_TEXT"}]}
RESULT: {}
RESULT: {"script":"<script> [20 bytes]","args":[{"enterText":"01/01/2025","selector":{"id":"rfm.loancontractui::xRFMxCU_LoanSet__Loan__LoanConditionObjectPage--fe::HeaderFacet::FormContainer::headerConditionStartFacet::FormElement::Field-edit","interaction":{"idSuffix":"inner"}},"clearTextFirst":true,"interactionType":"ENTER_TEXT"}]}
COMMAND: POST /session/f6c7f8b4e15e785343822e1d5e03cba9/execute/async - {"script":"<script> [21 bytes]","args":[{"selector":{"id":"rfm.loancontractui::xRFMxCU_LoanSet__Loan__LoanConditionObjectPage--fe::HeaderFacet::FormContainer::headerConditionEndFacet::FormElement::Field-edit","interaction":{"idSuffix":"inner"}},"wdio_ui5_key":"rfmloancontractui::xRFMxCU_LoanSet__Loan__LoanConditionObjectPage--fe::HeaderFacet::FormContainer::headerConditionEndFacet::FormElement::Field-edit"}]}
RESULT: {"script":"<script> [21 bytes]","args":[{"selector":{"id":"rfm.loancontractui::xRFMxCU_LoanSet__Loan__LoanConditionObjectPage--fe::HeaderFacet::FormContainer::headerConditionEndFacet::FormElement::Field-edit","interaction":{"idSuffix":"inner"}},"wdio_ui5_key":"rfmloancontractui::xRFMxCU_LoanSet__Loan__LoanConditionObjectPage--fe::HeaderFacet::FormContainer::headerConditionEndFacet::FormElement::Field-edit"}]}
RESULT: undefined
COMMAND: POST /session/f6c7f8b4e15e785343822e1d5e03cba9/execute/async - {"script":"<script> [20 bytes]","args":[{"enterText":"12/31/2027","selector":{"id":"rfm.loancontractui::xRFMxCU_LoanSet__Loan__LoanConditionObjectPage--fe::HeaderFacet::FormContainer::headerConditionEndFacet::FormElement::Field-edit","interaction":{"idSuffix":"inner"}},"clearTextFirst":true,"interactionType":"ENTER_TEXT"}]}
RESULT: {"script":"<script> [20 bytes]","args":[{"enterText":"12/31/2027","selector":{"id":"rfm.loancontractui::xRFMxCU_LoanSet__Loan__LoanConditionObjectPage--fe::HeaderFacet::FormContainer::headerConditionEndFacet::FormElement::Field-edit","interaction":{"idSuffix":"inner"}},"clearTextFirst":true,"interactionType":"ENTER_TEXT"}]}
COMMAND: POST /session/f6c7f8b4e15e785343822e1d5e03cba9/execute/async - {"script":"<script> [21 bytes]","args":[{"selector":{"id":"rfm.loancontractui::xRFMxCU_LoanSet__Loan__LoanConditionObjectPage--fe::FormContainer::FieldGroup::detailsFieldsGP1::FormElement::DataField::ConditionType::Field-edit-inner","interaction":{"idSuffix":"inner"}},"wdio_ui5_key":"rfmloancontractui::xRFMxCU_LoanSet__Loan__LoanConditionObjectPage--fe::FormContainer::FieldGroup::detailsFieldsGP1::FormElement::DataField::ConditionType::Field-edit-inner"}]}
RESULT: {"script":"<script> [21 bytes]","args":[{"selector":{"id":"rfm.loancontractui::xRFMxCU_LoanSet__Loan__LoanConditionObjectPage--fe::FormContainer::FieldGroup::detailsFieldsGP1::FormElement::DataField::ConditionType::Field-edit-inner","interaction":{"idSuffix":"inner"}},"wdio_ui5_key":"rfmloancontractui::xRFMxCU_LoanSet__Loan__LoanConditionObjectPage--fe::FormContainer::FieldGroup::detailsFieldsGP1::FormElement::DataField::ConditionType::Field-edit-inner"}]}
RESULT: undefined
COMMAND: POST /session/f6c7f8b4e15e785343822e1d5e03cba9/execute/async - {"script":"<script> [20 bytes]","args":[{"enterText":"Interest","selector":{"id":"rfm.loancontractui::xRFMxCU_LoanSet__Loan__LoanConditionObjectPage--fe::FormContainer::FieldGroup::detailsFieldsGP1::FormElement::DataField::ConditionType::Field-edit-inner","interaction":{"idSuffix":"inner"}},"clearTextFirst":true,"interactionType":"ENTER_TEXT"}]}
RESULT: {"script":"<script> [20 bytes]","args":[{"enterText":"Interest","selector":{"id":"rfm.loancontractui::xRFMxCU_LoanSet__Loan__LoanConditionObjectPage--fe::FormContainer::FieldGroup::detailsFieldsGP1::FormElement::DataField::ConditionType::Field-edit-inner","interaction":{"idSuffix":"inner"}},"clearTextFirst":true,"interactionType":"ENTER_TEXT"}]}
COMMAND: POST /session/f6c7f8b4e15e785343822e1d5e03cba9/execute/async - {"script":"<script> [21 bytes]","args":[{"selector":{"id":"rfm.loancontractui::xRFMxCU_LoanSet__Loan__LoanConditionObjectPage--fe::FormContainer::CalcDateDetails::FormElement::DataField::CalculationDate::Field-edit","interaction":{"idSuffix":"inner"}},"wdio_ui5_key":"rfmloancontractui::xRFMxCU_LoanSet__Loan__LoanConditionObjectPage--fe::FormContainer::CalcDateDetails::FormElement::DataField::CalculationDate::Field-edit"}]}
RESULT: {"script":"<script> [21 bytes]","args":[{"selector":{"id":"rfm.loancontractui::xRFMxCU_LoanSet__Loan__LoanConditionObjectPage--fe::FormContainer::CalcDateDetails::FormElement::DataField::CalculationDate::Field-edit","interaction":{"idSuffix":"inner"}},"wdio_ui5_key":"rfmloancontractui::xRFMxCU_LoanSet__Loan__LoanConditionObjectPage--fe::FormContainer::CalcDateDetails::FormElement::DataField::CalculationDate::Field-edit"}]}
RESULT: undefined
COMMAND: POST /session/f6c7f8b4e15e785343822e1d5e03cba9/execute/async - {"script":"<script> [20 bytes]","args":[{"enterText":"02/01/2025","selector":{"id":"rfm.loancontractui::xRFMxCU_LoanSet__Loan__LoanConditionObjectPage--fe::FormContainer::CalcDateDetails::FormElement::DataField::CalculationDate::Field-edit","interaction":{"idSuffix":"inner"}},"clearTextFirst":true,"interactionType":"ENTER_TEXT"}]}
RESULT: {"script":"<script> [20 bytes]","args":[{"enterText":"02/01/2025","selector":{"id":"rfm.loancontractui::xRFMxCU_LoanSet__Loan__LoanConditionObjectPage--fe::FormContainer::CalcDateDetails::FormElement::DataField::CalculationDate::Field-edit","interaction":{"idSuffix":"inner"}},"clearTextFirst":true,"interactionType":"ENTER_TEXT"}]}
COMMAND: POST /session/f6c7f8b4e15e785343822e1d5e03cba9/execute/async - {"script":"<script> [21 bytes]","args":[{"selector":{"id":"rfm.loancontractui::xRFMxCU_LoanSet__Loan__LoanConditionObjectPage--fe::FormContainer::DueDateDetails::FormElement::DataField::DueDate::Field-edit","interaction":{"idSuffix":"inner"}},"wdio_ui5_key":"rfmloancontractui::xRFMxCU_LoanSet__Loan__LoanConditionObjectPage--fe::FormContainer::DueDateDetails::FormElement::DataField::DueDate::Field-edit"}]}
RESULT: {"script":"<script> [21 bytes]","args":[{"selector":{"id":"rfm.loancontractui::xRFMxCU_LoanSet__Loan__LoanConditionObjectPage--fe::FormContainer::DueDateDetails::FormElement::DataField::DueDate::Field-edit","interaction":{"idSuffix":"inner"}},"wdio_ui5_key":"rfmloancontractui::xRFMxCU_LoanSet__Loan__LoanConditionObjectPage--fe::FormContainer::DueDateDetails::FormElement::DataField::DueDate::Field-edit"}]}
RESULT: undefined
COMMAND: POST /session/f6c7f8b4e15e785343822e1d5e03cba9/execute/async - {"script":"<script> [20 bytes]","args":[{"enterText":"01/01/2025","selector":{"id":"rfm.loancontractui::xRFMxCU_LoanSet__Loan__LoanConditionObjectPage--fe::FormContainer::DueDateDetails::FormElement::DataField::DueDate::Field-edit","interaction":{"idSuffix":"inner"}},"clearTextFirst":true,"interactionType":"ENTER_TEXT"}]}
RESULT: {"script":"<script> [20 bytes]","args":[{"enterText":"01/01/2025","selector":{"id":"rfm.loancontractui::xRFMxCU_LoanSet__Loan__LoanConditionObjectPage--fe::FormContainer::DueDateDetails::FormElement::DataField::DueDate::Field-edit","interaction":{"idSuffix":"inner"}},"clearTextFirst":true,"interactionType":"ENTER_TEXT"}]}
COMMAND: POST /session/f6c7f8b4e15e785343822e1d5e03cba9/execute/async - {"script":"<script> [21 bytes]","args":[{"forceSelect":true,"selector":{"id":"rfm.loancontractui::xRFMxCU_LoanSet__Loan__LoanConditionObjectPage--fe::FooterBar::StandardAction::Apply","interaction":{"idSuffix":"BDI-content"}},"wdio_ui5_key":"rfmloancontractui::xRFMxCU_LoanSet__Loan__LoanConditionObjectPage--fe::FooterBar::StandardAction::Apply"}]}
RESULT: {"script":"<script> [21 bytes]","args":[{"forceSelect":true,"selector":{"id":"rfm.loancontractui::xRFMxCU_LoanSet__Loan__LoanConditionObjectPage--fe::FooterBar::StandardAction::Apply","interaction":{"idSuffix":"BDI-content"}},"wdio_ui5_key":"rfmloancontractui::xRFMxCU_LoanSet__Loan__LoanConditionObjectPage--fe::FooterBar::StandardAction::Apply"}]}
RESULT: undefined
COMMAND: POST /session/f6c7f8b4e15e785343822e1d5e03cba9/element - {"using":"xpath","value":"//*[@id=\"rfm.loancontractui::xRFMxCU_LoanSet__Loan__LoanConditionObjectPage--fe::FooterBar::StandardAction::Apply\"]"}
RESULT: {"using":"xpath","value":"//*[@id=\"rfm.loancontractui::xRFMxCU_LoanSet__Loan__LoanConditionObjectPage--fe::FooterBar::StandardAction::Apply\"]"}
COMMAND: POST /session/f6c7f8b4e15e785343822e1d5e03cba9/element/f.638289999214797415D9C632A9E7936F.d.D33C86B3F6CD053630D3D626F24849A6.e.2369/click - {}
RESULT: {}
COMMAND: POST /session/f6c7f8b4e15e785343822e1d5e03cba9/execute/async - {"script":"<script> [21 bytes]","args":[{"forceSelect":true,"selector":{"id":"rfm.loancontractui::xRFMxCU_LoanSetObjectPage--fe::FooterBar::StandardAction::Save","interaction":{"idSuffix":"BDI-content"}},"wdio_ui5_key":"rfmloancontractui::xRFMxCU_LoanSetObjectPage--fe::FooterBar::StandardAction::Save"}]}
COMMAND: GET /session/f6c7f8b4e15e785343822e1d5e03cba9/screenshot - {}
RESULT: {"script":"<script> [21 bytes]","args":[{"forceSelect":true,"selector":{"id":"rfm.loancontractui::xRFMxCU_LoanSetObjectPage--fe::FooterBar::StandardAction::Save","interaction":{"idSuffix":"BDI-content"}},"wdio_ui5_key":"rfmloancontractui::xRFMxCU_LoanSetObjectPage--fe::FooterBar::StandardAction::Save"}]}
RESULT: undefined
COMMAND: POST /session/f6c7f8b4e15e785343822e1d5e03cba9/element - {"using":"xpath","value":"//*[@id=\"rfm.loancontractui::xRFMxCU_LoanSetObjectPage--fe::FooterBar::StandardAction::Save\"]"}
RESULT: {}
RESULT: {"using":"xpath","value":"//*[@id=\"rfm.loancontractui::xRFMxCU_LoanSetObjectPage--fe::FooterBar::StandardAction::Save\"]"}
COMMAND: POST /session/f6c7f8b4e15e785343822e1d5e03cba9/element/f.638289999214797415D9C632A9E7936F.d.D33C86B3F6CD053630D3D626F24849A6.e.2079/click - {}
RESULT: {}
RESULT: undefined
COMMAND: GET /session/f6c7f8b4e15e785343822e1d5e03cba9/screenshot - {}
]]></system-out>
    </testcase>
    <testcase classname="chrome.138_0_7204_184.windows.Loan_Contract" name="Should create a Loan Inpayment" time="39.688">
      <system-out><![CDATA[
RESULT: undefined
COMMAND: POST /session/f6c7f8b4e15e785343822e1d5e03cba9/element - {"using":"xpath","value":"//*[@id=\"rfm.loancontractui::xRFMxCU_LoanSetObjectPage--fe::StandardAction::Edit\"]"}
COMMAND: GET /session/f6c7f8b4e15e785343822e1d5e03cba9/screenshot - {}
RESULT: {}
RESULT: {"using":"xpath","value":"//*[@id=\"rfm.loancontractui::xRFMxCU_LoanSetObjectPage--fe::StandardAction::Edit\"]"}
COMMAND: POST /session/f6c7f8b4e15e785343822e1d5e03cba9/elements - {"using":"xpath","value":"//*[@id=\"rfm.loancontractui::xRFMxCU_LoanSetObjectPage--fe::StandardAction::Edit\"]"}
RESULT: {}
RESULT: {"using":"xpath","value":"//*[@id=\"rfm.loancontractui::xRFMxCU_LoanSetObjectPage--fe::StandardAction::Edit\"]"}
COMMAND: POST /session/f6c7f8b4e15e785343822e1d5e03cba9/elements - {"using":"xpath","value":"//*[@id=\"rfm.loancontractui::xRFMxCU_LoanSetObjectPage--fe::StandardAction::Edit\"]"}
RESULT: {"using":"xpath","value":"//*[@id=\"rfm.loancontractui::xRFMxCU_LoanSetObjectPage--fe::StandardAction::Edit\"]"}
COMMAND: POST /session/f6c7f8b4e15e785343822e1d5e03cba9/elements - {"using":"xpath","value":"//*[@id=\"rfm.loancontractui::xRFMxCU_LoanSetObjectPage--fe::StandardAction::Edit\"]"}
RESULT: {"using":"xpath","value":"//*[@id=\"rfm.loancontractui::xRFMxCU_LoanSetObjectPage--fe::StandardAction::Edit\"]"}
COMMAND: POST /session/f6c7f8b4e15e785343822e1d5e03cba9/elements - {"using":"xpath","value":"//*[@id=\"rfm.loancontractui::xRFMxCU_LoanSetObjectPage--fe::StandardAction::Edit\"]"}
RESULT: {"using":"xpath","value":"//*[@id=\"rfm.loancontractui::xRFMxCU_LoanSetObjectPage--fe::StandardAction::Edit\"]"}
COMMAND: POST /session/f6c7f8b4e15e785343822e1d5e03cba9/element - {"using":"xpath","value":"//*[@id=\"rfm.loancontractui::xRFMxCU_LoanSetObjectPage--fe::StandardAction::Edit\"]"}
RESULT: {"using":"xpath","value":"//*[@id=\"rfm.loancontractui::xRFMxCU_LoanSetObjectPage--fe::StandardAction::Edit\"]"}
COMMAND: POST /session/f6c7f8b4e15e785343822e1d5e03cba9/element/f.638289999214797415D9C632A9E7936F.d.D33C86B3F6CD053630D3D626F24849A6.e.2525/click - {}
RESULT: {}
COMMAND: POST /session/f6c7f8b4e15e785343822e1d5e03cba9/execute/async - {"script":"<script> [21 bytes]","args":[{"selector":{"id":"rfm.loancontractui::xRFMxCU_LoanSet__LoanObjectPage--fe::ObjectPage-anchBar-rfm.loancontractui::xRFMxCU_LoanSet__LoanObjectPage--fe::FacetSection::LoanInpayment-anchor","interaction":{"idSuffix":"text"}},"wdio_ui5_key":"rfmloancontractui::xRFMxCU_LoanSet__LoanObjectPage--fe::ObjectPage-anchBar-rfm.loancontractui::xRFMxCU_LoanSet__LoanObjectPage--fe::FacetSection::LoanInpayment-anchor"}]}
COMMAND: GET /session/f6c7f8b4e15e785343822e1d5e03cba9/screenshot - {}
RESULT: {"script":"<script> [21 bytes]","args":[{"selector":{"id":"rfm.loancontractui::xRFMxCU_LoanSet__LoanObjectPage--fe::ObjectPage-anchBar-rfm.loancontractui::xRFMxCU_LoanSet__LoanObjectPage--fe::FacetSection::LoanInpayment-anchor","interaction":{"idSuffix":"text"}},"wdio_ui5_key":"rfmloancontractui::xRFMxCU_LoanSet__LoanObjectPage--fe::ObjectPage-anchBar-rfm.loancontractui::xRFMxCU_LoanSet__LoanObjectPage--fe::FacetSection::LoanInpayment-anchor"}]}
RESULT: undefined
COMMAND: POST /session/f6c7f8b4e15e785343822e1d5e03cba9/element - {"using":"xpath","value":"//*[@id=\"rfm.loancontractui::xRFMxCU_LoanSet__LoanObjectPage--fe::ObjectPage-anchBar-rfm.loancontractui::xRFMxCU_LoanSet__LoanObjectPage--fe::FacetSection::LoanInpayment-anchor\"]"}
RESULT: {}
RESULT: {"using":"xpath","value":"//*[@id=\"rfm.loancontractui::xRFMxCU_LoanSet__LoanObjectPage--fe::ObjectPage-anchBar-rfm.loancontractui::xRFMxCU_LoanSet__LoanObjectPage--fe::FacetSection::LoanInpayment-anchor\"]"}
COMMAND: POST /session/f6c7f8b4e15e785343822e1d5e03cba9/element/f.638289999214797415D9C632A9E7936F.d.D33C86B3F6CD053630D3D626F24849A6.e.2616/click - {}
RESULT: {}
COMMAND: POST /session/f6c7f8b4e15e785343822e1d5e03cba9/execute/async - {"script":"<script> [21 bytes]","args":[{"selector":{"id":"rfm.loancontractui::xRFMxCU_LoanSet__LoanObjectPage--fe::table::_LoanInpayment::LineItem::StandardAction::Create","interaction":{"idSuffix":"BDI-content"}},"wdio_ui5_key":"rfmloancontractui::xRFMxCU_LoanSet__LoanObjectPage--fe::table::_LoanInpayment::LineItem::StandardAction::Create"}]}
COMMAND: GET /session/f6c7f8b4e15e785343822e1d5e03cba9/screenshot - {}
RESULT: {"script":"<script> [21 bytes]","args":[{"selector":{"id":"rfm.loancontractui::xRFMxCU_LoanSet__LoanObjectPage--fe::table::_LoanInpayment::LineItem::StandardAction::Create","interaction":{"idSuffix":"BDI-content"}},"wdio_ui5_key":"rfmloancontractui::xRFMxCU_LoanSet__LoanObjectPage--fe::table::_LoanInpayment::LineItem::StandardAction::Create"}]}
RESULT: undefined
COMMAND: POST /session/f6c7f8b4e15e785343822e1d5e03cba9/element - {"using":"xpath","value":"//*[@id=\"rfm.loancontractui::xRFMxCU_LoanSet__LoanObjectPage--fe::table::_LoanInpayment::LineItem::StandardAction::Create\"]"}
RESULT: {}
RESULT: {"using":"xpath","value":"//*[@id=\"rfm.loancontractui::xRFMxCU_LoanSet__LoanObjectPage--fe::table::_LoanInpayment::LineItem::StandardAction::Create\"]"}
COMMAND: POST /session/f6c7f8b4e15e785343822e1d5e03cba9/element/f.638289999214797415D9C632A9E7936F.d.D33C86B3F6CD053630D3D626F24849A6.e.2617/click - {}
RESULT: {}
COMMAND: POST /session/f6c7f8b4e15e785343822e1d5e03cba9/execute/async - {"script":"<script> [21 bytes]","args":[{"selector":{"id":"rfm.loancontractui::xRFMxCU_LoanSet__Loan__LoanInpaymentObjectPage--fe::ObjectPage-anchBar-rfm.loancontractui::xRFMxCU_LoanSet__Loan__LoanInpaymentObjectPage--fe::CustomSection::LoanInpayDetailsSection-anchor","interaction":{"idSuffix":"text"}},"wdio_ui5_key":"rfmloancontractui::xRFMxCU_LoanSet__Loan__LoanInpaymentObjectPage--fe::ObjectPage-anchBar-rfm.loancontractui::xRFMxCU_LoanSet__Loan__LoanInpaymentObjectPage--fe::CustomSection::LoanInpayDetailsSection-anchor"}]}
COMMAND: GET /session/f6c7f8b4e15e785343822e1d5e03cba9/screenshot - {}
RESULT: {"script":"<script> [21 bytes]","args":[{"selector":{"id":"rfm.loancontractui::xRFMxCU_LoanSet__Loan__LoanInpaymentObjectPage--fe::ObjectPage-anchBar-rfm.loancontractui::xRFMxCU_LoanSet__Loan__LoanInpaymentObjectPage--fe::CustomSection::LoanInpayDetailsSection-anchor","interaction":{"idSuffix":"text"}},"wdio_ui5_key":"rfmloancontractui::xRFMxCU_LoanSet__Loan__LoanInpaymentObjectPage--fe::ObjectPage-anchBar-rfm.loancontractui::xRFMxCU_LoanSet__Loan__LoanInpaymentObjectPage--fe::CustomSection::LoanInpayDetailsSection-anchor"}]}
RESULT: undefined
COMMAND: POST /session/f6c7f8b4e15e785343822e1d5e03cba9/element - {"using":"xpath","value":"//*[@id=\"rfm.loancontractui::xRFMxCU_LoanSet__Loan__LoanInpaymentObjectPage--fe::ObjectPage-anchBar-rfm.loancontractui::xRFMxCU_LoanSet__Loan__LoanInpaymentObjectPage--fe::CustomSection::LoanInpayDetailsSection-anchor\"]"}
RESULT: {}
RESULT: {"using":"xpath","value":"//*[@id=\"rfm.loancontractui::xRFMxCU_LoanSet__Loan__LoanInpaymentObjectPage--fe::ObjectPage-anchBar-rfm.loancontractui::xRFMxCU_LoanSet__Loan__LoanInpaymentObjectPage--fe::CustomSection::LoanInpayDetailsSection-anchor\"]"}
COMMAND: POST /session/f6c7f8b4e15e785343822e1d5e03cba9/element/f.638289999214797415D9C632A9E7936F.d.D33C86B3F6CD053630D3D626F24849A6.e.2756/click - {}
RESULT: {}
COMMAND: POST /session/f6c7f8b4e15e785343822e1d5e03cba9/execute/async - {"script":"<script> [21 bytes]","args":[{"selector":{"id":"rfm.loancontractui::xRFMxCU_LoanSet__Loan__LoanInpaymentObjectPage--fe::CustomSubSection::LoanInpayDetailsSection--fe::FormContainer::FieldGroup::detailsFieldsGP1::FormElement::DataField::InpaymentPostingType::Field-edit","interaction":{"idSuffix":"inner"}},"wdio_ui5_key":"rfmloancontractui::xRFMxCU_LoanSet__Loan__LoanInpaymentObjectPage--fe::CustomSubSection::LoanInpayDetailsSection--fe::FormContainer::FieldGroup::detailsFieldsGP1::FormElement::DataField::InpaymentPostingType::Field-edit"}]}
COMMAND: GET /session/f6c7f8b4e15e785343822e1d5e03cba9/screenshot - {}
RESULT: {"script":"<script> [21 bytes]","args":[{"selector":{"id":"rfm.loancontractui::xRFMxCU_LoanSet__Loan__LoanInpaymentObjectPage--fe::CustomSubSection::LoanInpayDetailsSection--fe::FormContainer::FieldGroup::detailsFieldsGP1::FormElement::DataField::InpaymentPostingType::Field-edit","interaction":{"idSuffix":"inner"}},"wdio_ui5_key":"rfmloancontractui::xRFMxCU_LoanSet__Loan__LoanInpaymentObjectPage--fe::CustomSubSection::LoanInpayDetailsSection--fe::FormContainer::FieldGroup::detailsFieldsGP1::FormElement::DataField::InpaymentPostingType::Field-edit"}]}
RESULT: undefined
COMMAND: POST /session/f6c7f8b4e15e785343822e1d5e03cba9/execute/async - {"script":"<script> [20 bytes]","args":[{"enterText":"99","selector":{"id":"rfm.loancontractui::xRFMxCU_LoanSet__Loan__LoanInpaymentObjectPage--fe::CustomSubSection::LoanInpayDetailsSection--fe::FormContainer::FieldGroup::detailsFieldsGP1::FormElement::DataField::InpaymentPostingType::Field-edit","interaction":{"idSuffix":"inner"}},"clearTextFirst":true,"interactionType":"ENTER_TEXT"}]}
RESULT: {}
RESULT: {"script":"<script> [20 bytes]","args":[{"enterText":"99","selector":{"id":"rfm.loancontractui::xRFMxCU_LoanSet__Loan__LoanInpaymentObjectPage--fe::CustomSubSection::LoanInpayDetailsSection--fe::FormContainer::FieldGroup::detailsFieldsGP1::FormElement::DataField::InpaymentPostingType::Field-edit","interaction":{"idSuffix":"inner"}},"clearTextFirst":true,"interactionType":"ENTER_TEXT"}]}
COMMAND: POST /session/f6c7f8b4e15e785343822e1d5e03cba9/execute/async - {"script":"<script> [21 bytes]","args":[{"selector":{"id":"rfm.loancontractui::xRFMxCU_LoanSet__Loan__LoanInpaymentObjectPage--fe::CustomSubSection::LoanInpayDetailsSection--fe::FormContainer::FieldGroup::detailsFieldsGP1::FormElement::DataField::InpaymentAmount::Field-edit-inner","interaction":{"idSuffix":"inner"}},"wdio_ui5_key":"rfmloancontractui::xRFMxCU_LoanSet__Loan__LoanInpaymentObjectPage--fe::CustomSubSection::LoanInpayDetailsSection--fe::FormContainer::FieldGroup::detailsFieldsGP1::FormElement::DataField::InpaymentAmount::Field-edit-inner"}]}
RESULT: {"script":"<script> [21 bytes]","args":[{"selector":{"id":"rfm.loancontractui::xRFMxCU_LoanSet__Loan__LoanInpaymentObjectPage--fe::CustomSubSection::LoanInpayDetailsSection--fe::FormContainer::FieldGroup::detailsFieldsGP1::FormElement::DataField::InpaymentAmount::Field-edit-inner","interaction":{"idSuffix":"inner"}},"wdio_ui5_key":"rfmloancontractui::xRFMxCU_LoanSet__Loan__LoanInpaymentObjectPage--fe::CustomSubSection::LoanInpayDetailsSection--fe::FormContainer::FieldGroup::detailsFieldsGP1::FormElement::DataField::InpaymentAmount::Field-edit-inner"}]}
RESULT: undefined
COMMAND: POST /session/f6c7f8b4e15e785343822e1d5e03cba9/execute/async - {"script":"<script> [20 bytes]","args":[{"enterText":"100","selector":{"id":"rfm.loancontractui::xRFMxCU_LoanSet__Loan__LoanInpaymentObjectPage--fe::CustomSubSection::LoanInpayDetailsSection--fe::FormContainer::FieldGroup::detailsFieldsGP1::FormElement::DataField::InpaymentAmount::Field-edit-inner","interaction":{"idSuffix":"inner"}},"clearTextFirst":true,"interactionType":"ENTER_TEXT"}]}
RESULT: {"script":"<script> [20 bytes]","args":[{"enterText":"100","selector":{"id":"rfm.loancontractui::xRFMxCU_LoanSet__Loan__LoanInpaymentObjectPage--fe::CustomSubSection::LoanInpayDetailsSection--fe::FormContainer::FieldGroup::detailsFieldsGP1::FormElement::DataField::InpaymentAmount::Field-edit-inner","interaction":{"idSuffix":"inner"}},"clearTextFirst":true,"interactionType":"ENTER_TEXT"}]}
COMMAND: POST /session/f6c7f8b4e15e785343822e1d5e03cba9/execute/async - {"script":"<script> [21 bytes]","args":[{"selector":{"id":"rfm.loancontractui::xRFMxCU_LoanSet__Loan__LoanInpaymentObjectPage--fe::CustomSubSection::LoanInpayDetailsSection--fe::FormContainer::FieldGroup::detailsFieldsGP1::FormElement::DataField::InpaymentDate::Field-edit","interaction":{"idSuffix":"inner"}},"wdio_ui5_key":"rfmloancontractui::xRFMxCU_LoanSet__Loan__LoanInpaymentObjectPage--fe::CustomSubSection::LoanInpayDetailsSection--fe::FormContainer::FieldGroup::detailsFieldsGP1::FormElement::DataField::InpaymentDate::Field-edit"}]}
RESULT: {"script":"<script> [21 bytes]","args":[{"selector":{"id":"rfm.loancontractui::xRFMxCU_LoanSet__Loan__LoanInpaymentObjectPage--fe::CustomSubSection::LoanInpayDetailsSection--fe::FormContainer::FieldGroup::detailsFieldsGP1::FormElement::DataField::InpaymentDate::Field-edit","interaction":{"idSuffix":"inner"}},"wdio_ui5_key":"rfmloancontractui::xRFMxCU_LoanSet__Loan__LoanInpaymentObjectPage--fe::CustomSubSection::LoanInpayDetailsSection--fe::FormContainer::FieldGroup::detailsFieldsGP1::FormElement::DataField::InpaymentDate::Field-edit"}]}
RESULT: undefined
COMMAND: POST /session/f6c7f8b4e15e785343822e1d5e03cba9/execute/async - {"script":"<script> [20 bytes]","args":[{"enterText":"02/01/2025","selector":{"id":"rfm.loancontractui::xRFMxCU_LoanSet__Loan__LoanInpaymentObjectPage--fe::CustomSubSection::LoanInpayDetailsSection--fe::FormContainer::FieldGroup::detailsFieldsGP1::FormElement::DataField::InpaymentDate::Field-edit","interaction":{"idSuffix":"inner"}},"clearTextFirst":true,"interactionType":"ENTER_TEXT"}]}
RESULT: {"script":"<script> [20 bytes]","args":[{"enterText":"02/01/2025","selector":{"id":"rfm.loancontractui::xRFMxCU_LoanSet__Loan__LoanInpaymentObjectPage--fe::CustomSubSection::LoanInpayDetailsSection--fe::FormContainer::FieldGroup::detailsFieldsGP1::FormElement::DataField::InpaymentDate::Field-edit","interaction":{"idSuffix":"inner"}},"clearTextFirst":true,"interactionType":"ENTER_TEXT"}]}
COMMAND: POST /session/f6c7f8b4e15e785343822e1d5e03cba9/execute/async - {"script":"<script> [21 bytes]","args":[{"selector":{"id":"rfm.loancontractui::xRFMxCU_LoanSet__Loan__LoanInpaymentObjectPage--fe::CustomSubSection::LoanInpayDetailsSection--fe::FormContainer::FieldGroup::detailsFieldsGP1::FormElement::DataField::PostDate::Field-edit","interaction":{"idSuffix":"inner"}},"wdio_ui5_key":"rfmloancontractui::xRFMxCU_LoanSet__Loan__LoanInpaymentObjectPage--fe::CustomSubSection::LoanInpayDetailsSection--fe::FormContainer::FieldGroup::detailsFieldsGP1::FormElement::DataField::PostDate::Field-edit"}]}
RESULT: {"script":"<script> [21 bytes]","args":[{"selector":{"id":"rfm.loancontractui::xRFMxCU_LoanSet__Loan__LoanInpaymentObjectPage--fe::CustomSubSection::LoanInpayDetailsSection--fe::FormContainer::FieldGroup::detailsFieldsGP1::FormElement::DataField::PostDate::Field-edit","interaction":{"idSuffix":"inner"}},"wdio_ui5_key":"rfmloancontractui::xRFMxCU_LoanSet__Loan__LoanInpaymentObjectPage--fe::CustomSubSection::LoanInpayDetailsSection--fe::FormContainer::FieldGroup::detailsFieldsGP1::FormElement::DataField::PostDate::Field-edit"}]}
RESULT: undefined
COMMAND: POST /session/f6c7f8b4e15e785343822e1d5e03cba9/execute/async - {"script":"<script> [20 bytes]","args":[{"enterText":"05/01/2025","selector":{"id":"rfm.loancontractui::xRFMxCU_LoanSet__Loan__LoanInpaymentObjectPage--fe::CustomSubSection::LoanInpayDetailsSection--fe::FormContainer::FieldGroup::detailsFieldsGP1::FormElement::DataField::PostDate::Field-edit","interaction":{"idSuffix":"inner"}},"clearTextFirst":true,"interactionType":"ENTER_TEXT"}]}
RESULT: {"script":"<script> [20 bytes]","args":[{"enterText":"05/01/2025","selector":{"id":"rfm.loancontractui::xRFMxCU_LoanSet__Loan__LoanInpaymentObjectPage--fe::CustomSubSection::LoanInpayDetailsSection--fe::FormContainer::FieldGroup::detailsFieldsGP1::FormElement::DataField::PostDate::Field-edit","interaction":{"idSuffix":"inner"}},"clearTextFirst":true,"interactionType":"ENTER_TEXT"}]}
COMMAND: POST /session/f6c7f8b4e15e785343822e1d5e03cba9/execute/async - {"script":"<script> [21 bytes]","args":[{"forceSelect":true,"selector":{"id":"rfm.loancontractui::xRFMxCU_LoanSet__Loan__LoanInpaymentObjectPage--fe::FooterBar::StandardAction::Apply","interaction":{"idSuffix":"BDI-content"}},"wdio_ui5_key":"rfmloancontractui::xRFMxCU_LoanSet__Loan__LoanInpaymentObjectPage--fe::FooterBar::StandardAction::Apply"}]}
RESULT: {"script":"<script> [21 bytes]","args":[{"forceSelect":true,"selector":{"id":"rfm.loancontractui::xRFMxCU_LoanSet__Loan__LoanInpaymentObjectPage--fe::FooterBar::StandardAction::Apply","interaction":{"idSuffix":"BDI-content"}},"wdio_ui5_key":"rfmloancontractui::xRFMxCU_LoanSet__Loan__LoanInpaymentObjectPage--fe::FooterBar::StandardAction::Apply"}]}
RESULT: undefined
COMMAND: POST /session/f6c7f8b4e15e785343822e1d5e03cba9/element - {"using":"xpath","value":"//*[@id=\"rfm.loancontractui::xRFMxCU_LoanSet__Loan__LoanInpaymentObjectPage--fe::FooterBar::StandardAction::Apply\"]"}
RESULT: {"using":"xpath","value":"//*[@id=\"rfm.loancontractui::xRFMxCU_LoanSet__Loan__LoanInpaymentObjectPage--fe::FooterBar::StandardAction::Apply\"]"}
COMMAND: POST /session/f6c7f8b4e15e785343822e1d5e03cba9/element/f.638289999214797415D9C632A9E7936F.d.D33C86B3F6CD053630D3D626F24849A6.e.2773/click - {}
RESULT: {}
COMMAND: POST /session/f6c7f8b4e15e785343822e1d5e03cba9/execute/async - {"script":"<script> [21 bytes]","args":[{"forceSelect":true,"selector":{"id":"rfm.loancontractui::xRFMxCU_LoanSetObjectPage--fe::FooterBar::StandardAction::Save","interaction":{"idSuffix":"BDI-content"}},"wdio_ui5_key":"rfmloancontractui::xRFMxCU_LoanSetObjectPage--fe::FooterBar::StandardAction::Save"}]}
COMMAND: GET /session/f6c7f8b4e15e785343822e1d5e03cba9/screenshot - {}
RESULT: {"script":"<script> [21 bytes]","args":[{"forceSelect":true,"selector":{"id":"rfm.loancontractui::xRFMxCU_LoanSetObjectPage--fe::FooterBar::StandardAction::Save","interaction":{"idSuffix":"BDI-content"}},"wdio_ui5_key":"rfmloancontractui::xRFMxCU_LoanSetObjectPage--fe::FooterBar::StandardAction::Save"}]}
RESULT: undefined
COMMAND: POST /session/f6c7f8b4e15e785343822e1d5e03cba9/element - {"using":"xpath","value":"//*[@id=\"rfm.loancontractui::xRFMxCU_LoanSetObjectPage--fe::FooterBar::StandardAction::Save\"]"}
RESULT: {}
RESULT: {"using":"xpath","value":"//*[@id=\"rfm.loancontractui::xRFMxCU_LoanSetObjectPage--fe::FooterBar::StandardAction::Save\"]"}
COMMAND: POST /session/f6c7f8b4e15e785343822e1d5e03cba9/element/f.638289999214797415D9C632A9E7936F.d.D33C86B3F6CD053630D3D626F24849A6.e.2657/click - {}
RESULT: {}
RESULT: undefined
COMMAND: GET /session/f6c7f8b4e15e785343822e1d5e03cba9/screenshot - {}
]]></system-out>
    </testcase>
    <testcase classname="chrome.138_0_7204_184.windows.Loan_Contract" name="Should delete created Loan" time="21.162">
      <system-out><![CDATA[
COMMAND: POST /session/f6c7f8b4e15e785343822e1d5e03cba9/execute/async - {"script":"<script> [21 bytes]","args":[{"selector":{"id":"rfm.loancontractui::xRFMxCU_LoanSet__LoanObjectPage--fe::FCLStandardAction::Close-img"},"wdio_ui5_key":"rfmloancontractui::xRFMxCU_LoanSet__LoanObjectPage--fe::FCLStandardAction::Close-img"}]}
COMMAND: GET /session/f6c7f8b4e15e785343822e1d5e03cba9/screenshot - {}
RESULT: {"script":"<script> [21 bytes]","args":[{"selector":{"id":"rfm.loancontractui::xRFMxCU_LoanSet__LoanObjectPage--fe::FCLStandardAction::Close-img"},"wdio_ui5_key":"rfmloancontractui::xRFMxCU_LoanSet__LoanObjectPage--fe::FCLStandardAction::Close-img"}]}
RESULT: undefined
COMMAND: POST /session/f6c7f8b4e15e785343822e1d5e03cba9/element - {"using":"xpath","value":"//*[@id=\"rfm.loancontractui::xRFMxCU_LoanSet__LoanObjectPage--fe::FCLStandardAction::Close-img\"]"}
RESULT: {}
RESULT: {}
RESULT: {"using":"xpath","value":"//*[@id=\"rfm.loancontractui::xRFMxCU_LoanSet__LoanObjectPage--fe::FCLStandardAction::Close-img\"]"}
COMMAND: POST /session/f6c7f8b4e15e785343822e1d5e03cba9/element/f.638289999214797415D9C632A9E7936F.d.D33C86B3F6CD053630D3D626F24849A6.e.2839/click - {}
RESULT: {}
RESULT: undefined
COMMAND: POST /session/f6c7f8b4e15e785343822e1d5e03cba9/element - {"using":"xpath","value":"//*[@id=\"rfm.loancontractui::xRFMxCU_LoanSetObjectPage--fe::StandardAction::Edit\"]"}
COMMAND: GET /session/f6c7f8b4e15e785343822e1d5e03cba9/screenshot - {}
RESULT: {"using":"xpath","value":"//*[@id=\"rfm.loancontractui::xRFMxCU_LoanSetObjectPage--fe::StandardAction::Edit\"]"}
COMMAND: POST /session/f6c7f8b4e15e785343822e1d5e03cba9/element/f.638289999214797415D9C632A9E7936F.d.D33C86B3F6CD053630D3D626F24849A6.e.2841/click - {}
RESULT: {}
RESULT: {}
COMMAND: POST /session/f6c7f8b4e15e785343822e1d5e03cba9/element - {"using":"css selector","value":"div[id='rfm.loancontractui::xRFMxCU_LoanSetObjectPage--fe::table::_Loan::LineItem-innerTable-rowsel0']"}
COMMAND: GET /session/f6c7f8b4e15e785343822e1d5e03cba9/screenshot - {}
RESULT: {"using":"css selector","value":"div[id='rfm.loancontractui::xRFMxCU_LoanSetObjectPage--fe::table::_Loan::LineItem-innerTable-rowsel0']"}
COMMAND: POST /session/f6c7f8b4e15e785343822e1d5e03cba9/element/f.638289999214797415D9C632A9E7936F.d.D33C86B3F6CD053630D3D626F24849A6.e.2900/click - {}
RESULT: {}
COMMAND: POST /session/f6c7f8b4e15e785343822e1d5e03cba9/element - {"using":"css selector","value":"div[id='rfm.loancontractui::xRFMxCU_LoanSetObjectPage--fe::table::_Loan::LineItem-innerTable-rowsel0']"}
RESULT: {"using":"css selector","value":"div[id='rfm.loancontractui::xRFMxCU_LoanSetObjectPage--fe::table::_Loan::LineItem-innerTable-rowsel0']"}
COMMAND: POST /session/f6c7f8b4e15e785343822e1d5e03cba9/element/f.638289999214797415D9C632A9E7936F.d.D33C86B3F6CD053630D3D626F24849A6.e.2900/click - {}
COMMAND: POST /session/f6c7f8b4e15e785343822e1d5e03cba9/element - {"using":"css selector","value":"div[id='rfm.loancontractui::xRFMxCU_LoanSetObjectPage--fe::table::_Loan::LineItem-innerTable-rowsel0']"}
RESULT: {"using":"css selector","value":"div[id='rfm.loancontractui::xRFMxCU_LoanSetObjectPage--fe::table::_Loan::LineItem-innerTable-rowsel0']"}
COMMAND: POST /session/f6c7f8b4e15e785343822e1d5e03cba9/element/f.638289999214797415D9C632A9E7936F.d.D33C86B3F6CD053630D3D626F24849A6.e.2961/click - {}
RESULT: {}
COMMAND: POST /session/f6c7f8b4e15e785343822e1d5e03cba9/execute/async - {"script":"<script> [21 bytes]","args":[{"selector":{"id":"rfm.loancontractui::xRFMxCU_LoanSetObjectPage--fe::table::_Loan::LineItem::StandardAction::Delete","interaction":{"idSuffix":"content"}},"wdio_ui5_key":"rfmloancontractui::xRFMxCU_LoanSetObjectPage--fe::table::_Loan::LineItem::StandardAction::Delete"}]}
COMMAND: GET /session/f6c7f8b4e15e785343822e1d5e03cba9/screenshot - {}
RESULT: {"script":"<script> [21 bytes]","args":[{"selector":{"id":"rfm.loancontractui::xRFMxCU_LoanSetObjectPage--fe::table::_Loan::LineItem::StandardAction::Delete","interaction":{"idSuffix":"content"}},"wdio_ui5_key":"rfmloancontractui::xRFMxCU_LoanSetObjectPage--fe::table::_Loan::LineItem::StandardAction::Delete"}]}
RESULT: undefined
COMMAND: POST /session/f6c7f8b4e15e785343822e1d5e03cba9/element - {"using":"xpath","value":"//*[@id=\"rfm.loancontractui::xRFMxCU_LoanSetObjectPage--fe::table::_Loan::LineItem::StandardAction::Delete\"]"}
RESULT: {}
RESULT: {"using":"xpath","value":"//*[@id=\"rfm.loancontractui::xRFMxCU_LoanSetObjectPage--fe::table::_Loan::LineItem::StandardAction::Delete\"]"}
COMMAND: POST /session/f6c7f8b4e15e785343822e1d5e03cba9/element/f.638289999214797415D9C632A9E7936F.d.D33C86B3F6CD053630D3D626F24849A6.e.2963/click - {}
RESULT: {}
COMMAND: POST /session/f6c7f8b4e15e785343822e1d5e03cba9/execute/async - {"script":"<script> [21 bytes]","args":[{"forceSelect":true,"selector":{"controlType":"sap.m.Button","properties":{"text":"Delete"},"searchOpenDialogs":true,"interaction":{"idSuffix":"inner"}},"wdio_ui5_key":"sapm.Button{\"text\":\"Delete\"}"}]}
COMMAND: GET /session/f6c7f8b4e15e785343822e1d5e03cba9/screenshot - {}
RESULT: {}
RESULT: {"script":"<script> [21 bytes]","args":[{"forceSelect":true,"selector":{"controlType":"sap.m.Button","properties":{"text":"Delete"},"searchOpenDialogs":true,"interaction":{"idSuffix":"inner"}},"wdio_ui5_key":"sapm.Button{\"text\":\"Delete\"}"}]}
RESULT: undefined
COMMAND: POST /session/f6c7f8b4e15e785343822e1d5e03cba9/element - {"using":"xpath","value":"//*[@id=\"__button358\"]"}
RESULT: {"using":"xpath","value":"//*[@id=\"__button358\"]"}
COMMAND: POST /session/f6c7f8b4e15e785343822e1d5e03cba9/element/f.638289999214797415D9C632A9E7936F.d.D33C86B3F6CD053630D3D626F24849A6.e.2964/click - {}
RESULT: {}
COMMAND: POST /session/f6c7f8b4e15e785343822e1d5e03cba9/execute/async - {"script":"<script> [21 bytes]","args":[{"forceSelect":true,"selector":{"controlType":"sap.m.Title","viewName":"sap.fe.templates.ObjectPage.ObjectPage","viewId":"rfm.loancontractui::xRFMxCU_LoanSetObjectPage","properties":{"text":"No items available"}},"wdio_ui5_key":"sapfe.templates.ObjectPage.ObjectPagesap.m.Title{\"text\":\"No items available\"}"}]}
COMMAND: GET /session/f6c7f8b4e15e785343822e1d5e03cba9/screenshot - {}
RESULT: {"script":"<script> [21 bytes]","args":[{"forceSelect":true,"selector":{"controlType":"sap.m.Title","viewName":"sap.fe.templates.ObjectPage.ObjectPage","viewId":"rfm.loancontractui::xRFMxCU_LoanSetObjectPage","properties":{"text":"No items available"}},"wdio_ui5_key":"sapfe.templates.ObjectPage.ObjectPagesap.m.Title{\"text\":\"No items available\"}"}]}
RESULT: undefined
COMMAND: POST /session/f6c7f8b4e15e785343822e1d5e03cba9/execute/async - {"script":"<script> [21 bytes]","args":[{"selector":{"id":"__title61"}}]}
RESULT: {}
RESULT: {"script":"<script> [21 bytes]","args":[{"selector":{"id":"__title61"}}]}
COMMAND: POST /session/f6c7f8b4e15e785343822e1d5e03cba9/execute/async - {"script":"<script> [21 bytes]","args":[{"element-6066-11e4-a52e-4f735466cecf":"f.638289999214797415D9C632A9E7936F.d.D33C86B3F6CD053630D3D626F24849A6.e.2968"},"getText",[]]}
RESULT: {"script":"<script> [21 bytes]","args":[{"element-6066-11e4-a52e-4f735466cecf":"f.638289999214797415D9C632A9E7936F.d.D33C86B3F6CD053630D3D626F24849A6.e.2968"},"getText",[]]}
COMMAND: POST /session/f6c7f8b4e15e785343822e1d5e03cba9/execute/async - {"script":"<script> [21 bytes]","args":[{"forceSelect":true,"selector":{"id":"rfm.loancontractui::xRFMxCU_LoanSetObjectPage--fe::FooterBar::StandardAction::Save","interaction":{"idSuffix":"BDI-content"}},"wdio_ui5_key":"rfmloancontractui::xRFMxCU_LoanSetObjectPage--fe::FooterBar::StandardAction::Save"}]}
RESULT: {"script":"<script> [21 bytes]","args":[{"forceSelect":true,"selector":{"id":"rfm.loancontractui::xRFMxCU_LoanSetObjectPage--fe::FooterBar::StandardAction::Save","interaction":{"idSuffix":"BDI-content"}},"wdio_ui5_key":"rfmloancontractui::xRFMxCU_LoanSetObjectPage--fe::FooterBar::StandardAction::Save"}]}
RESULT: undefined
COMMAND: POST /session/f6c7f8b4e15e785343822e1d5e03cba9/element - {"using":"xpath","value":"//*[@id=\"rfm.loancontractui::xRFMxCU_LoanSetObjectPage--fe::FooterBar::StandardAction::Save\"]"}
RESULT: {"using":"xpath","value":"//*[@id=\"rfm.loancontractui::xRFMxCU_LoanSetObjectPage--fe::FooterBar::StandardAction::Save\"]"}
COMMAND: POST /session/f6c7f8b4e15e785343822e1d5e03cba9/element/f.638289999214797415D9C632A9E7936F.d.D33C86B3F6CD053630D3D626F24849A6.e.2970/click - {}
RESULT: {}
COMMAND: GET /session/f6c7f8b4e15e785343822e1d5e03cba9/screenshot - {}
COMMAND: GET /session/f6c7f8b4e15e785343822e1d5e03cba9/screenshot - {}
COMMAND: DELETE /session/f6c7f8b4e15e785343822e1d5e03cba9 - {}
RESULT: {}
RESULT: {}
RESULT: {}
]]></system-out>
    </testcase>
  </testsuite>
</testsuites>