<?xml version="1.0" encoding="UTF-8"?>
<testsuites tests="8" failures="0" errors="0" skipped="0">
  <testsuite timestamp="2025-08-15T00:33:50" time="254.768" tests="8" failures="0" errors="0" skipped="0">
    <properties>
      <property name="specId" value="0"/>
      <property name="suiteName" value="Trigger"/>
      <property name="capabilities" value="chrome.138_0_7204_184.windows"/>
      <property name="file" value="file:///D:/a/1/s/test/specs/BusinessObjects/Trigger.spec.js"/>
    </properties>
    <testcase classname="chrome.138_0_7204_184.windows.Trigger" name="Should create Program" time="63.426">
      <system-out><![CDATA[
COMMAND: POST /session/3de6532c1d241a05c067477dc4de9f43/execute/async - {"script":"<script> [21 bytes]","args":[{"selector":{"controlType":"sap.m.GenericTile","properties":{"header":"Funding Program"}},"wdio_ui5_key":"sapm.GenericTile{\"header\":\"Funding Program\"}"}]}
RESULT: {"script":"<script> [21 bytes]","args":[{"selector":{"controlType":"sap.m.GenericTile","properties":{"header":"Funding Program"}},"wdio_ui5_key":"sapm.GenericTile{\"header\":\"Funding Program\"}"}]}
RESULT: undefined
COMMAND: POST /session/3de6532c1d241a05c067477dc4de9f43/element - {"using":"xpath","value":"//*[@id=\"__tile29\"]"}
RESULT: {"using":"xpath","value":"//*[@id=\"__tile29\"]"}
COMMAND: POST /session/3de6532c1d241a05c067477dc4de9f43/element/f.BFA6686384EB8AF51C921A14935892A3.d.41635627C6C46625921431DBB3F7B416.e.82/click - {}
RESULT: {}
COMMAND: POST /session/3de6532c1d241a05c067477dc4de9f43/execute/async - {"script":"<script> [21 bytes]","args":[{"selector":{"id":"rfm.programui::xRFMxCU_ProgramList--fe::table::allTab::LineItem::StandardAction::Create","controlType":"sap.m.Button"},"wdio_ui5_key":"rfmprogramui::xRFMxCU_ProgramList--fe::table::allTab::LineItem::StandardAction::Createsap.m.Button"}]}
COMMAND: GET /session/3de6532c1d241a05c067477dc4de9f43/screenshot - {}
RESULT: {"script":"<script> [21 bytes]","args":[{"selector":{"id":"rfm.programui::xRFMxCU_ProgramList--fe::table::allTab::LineItem::StandardAction::Create","controlType":"sap.m.Button"},"wdio_ui5_key":"rfmprogramui::xRFMxCU_ProgramList--fe::table::allTab::LineItem::StandardAction::Createsap.m.Button"}]}
RESULT: undefined
COMMAND: POST /session/3de6532c1d241a05c067477dc4de9f43/element - {"using":"xpath","value":"//*[@id=\"rfm.programui::xRFMxCU_ProgramList--fe::table::allTab::LineItem::StandardAction::Create\"]"}
RESULT: {}
RESULT: {"using":"xpath","value":"//*[@id=\"rfm.programui::xRFMxCU_ProgramList--fe::table::allTab::LineItem::StandardAction::Create\"]"}
COMMAND: POST /session/3de6532c1d241a05c067477dc4de9f43/element/f.BFA6686384EB8AF51C921A14935892A3.d.41635627C6C46625921431DBB3F7B416.e.147/click - {}
RESULT: {}
COMMAND: POST /session/3de6532c1d241a05c067477dc4de9f43/element - {"using":"css selector","value":"div.sapUiLocalBusyIndicator"}
COMMAND: GET /session/3de6532c1d241a05c067477dc4de9f43/screenshot - {}
RESULT: {"using":"css selector","value":"div.sapUiLocalBusyIndicator"}
COMMAND: POST /session/3de6532c1d241a05c067477dc4de9f43/element - {"using":"css selector","value":"div.sapUiLocalBusyIndicator"}
RESULT: {}
RESULT: {"using":"css selector","value":"div.sapUiLocalBusyIndicator"}
COMMAND: POST /session/3de6532c1d241a05c067477dc4de9f43/execute/sync - {"script":"<script> [21 bytes]","args":[{"element-6066-11e4-a52e-4f735466cecf":"f.BFA6686384EB8AF51C921A14935892A3.d.41635627C6C46625921431DBB3F7B416.e.311","ELEMENT":"f.BFA6686384EB8AF51C921A14935892A3.d.41635627C6C46625921431DBB3F7B416.e.311"}]}
RESULT: {"script":"<script> [21 bytes]","args":[{"element-6066-11e4-a52e-4f735466cecf":"f.BFA6686384EB8AF51C921A14935892A3.d.41635627C6C46625921431DBB3F7B416.e.311","ELEMENT":"f.BFA6686384EB8AF51C921A14935892A3.d.41635627C6C46625921431DBB3F7B416.e.311"}]}
COMMAND: POST /session/3de6532c1d241a05c067477dc4de9f43/execute/async - {"script":"<script> [21 bytes]","args":[{"selector":{"id":"CreateDialog::xRFMxCU_ProgramType::FundingScope-inner","searchOpenDialogs":true,"interaction":{"idSuffix":"inner"}},"wdio_ui5_key":"CreateDialogxRFMxCU_ProgramType::FundingScope-inner"}]}
COMMAND: GET /session/3de6532c1d241a05c067477dc4de9f43/screenshot - {}
RESULT: {"script":"<script> [21 bytes]","args":[{"selector":{"id":"CreateDialog::xRFMxCU_ProgramType::FundingScope-inner","searchOpenDialogs":true,"interaction":{"idSuffix":"inner"}},"wdio_ui5_key":"CreateDialogxRFMxCU_ProgramType::FundingScope-inner"}]}
RESULT: undefined
COMMAND: POST /session/3de6532c1d241a05c067477dc4de9f43/execute/async - {"script":"<script> [20 bytes]","args":[{"enterText":"Installment","selector":{"id":"CreateDialog::xRFMxCU_ProgramType::FundingScope-inner","searchOpenDialogs":true,"interaction":{"idSuffix":"inner"}},"clearTextFirst":true,"interactionType":"ENTER_TEXT"}]}
RESULT: {}
RESULT: {"script":"<script> [20 bytes]","args":[{"enterText":"Installment","selector":{"id":"CreateDialog::xRFMxCU_ProgramType::FundingScope-inner","searchOpenDialogs":true,"interaction":{"idSuffix":"inner"}},"clearTextFirst":true,"interactionType":"ENTER_TEXT"}]}
COMMAND: POST /session/3de6532c1d241a05c067477dc4de9f43/element - {"using":"css selector","value":"div.sapUiLocalBusyIndicator"}
RESULT: {"using":"css selector","value":"div.sapUiLocalBusyIndicator"}
COMMAND: POST /session/3de6532c1d241a05c067477dc4de9f43/execute/sync - {"script":"<script> [21 bytes]","args":[{"element-6066-11e4-a52e-4f735466cecf":"f.BFA6686384EB8AF51C921A14935892A3.d.41635627C6C46625921431DBB3F7B416.e.311","ELEMENT":"f.BFA6686384EB8AF51C921A14935892A3.d.41635627C6C46625921431DBB3F7B416.e.311"}]}
RESULT: {"script":"<script> [21 bytes]","args":[{"element-6066-11e4-a52e-4f735466cecf":"f.BFA6686384EB8AF51C921A14935892A3.d.41635627C6C46625921431DBB3F7B416.e.311","ELEMENT":"f.BFA6686384EB8AF51C921A14935892A3.d.41635627C6C46625921431DBB3F7B416.e.311"}]}
COMMAND: POST /session/3de6532c1d241a05c067477dc4de9f43/execute/async - {"script":"<script> [21 bytes]","args":[{"selector":{"id":"CreateDialog::xRFMxCU_ProgramType::ValidFrom-inner","searchOpenDialogs":true,"interaction":{"idSuffix":"inner"}},"wdio_ui5_key":"CreateDialogxRFMxCU_ProgramType::ValidFrom-inner"}]}
COMMAND: GET /session/3de6532c1d241a05c067477dc4de9f43/screenshot - {}
RESULT: {"script":"<script> [21 bytes]","args":[{"selector":{"id":"CreateDialog::xRFMxCU_ProgramType::ValidFrom-inner","searchOpenDialogs":true,"interaction":{"idSuffix":"inner"}},"wdio_ui5_key":"CreateDialogxRFMxCU_ProgramType::ValidFrom-inner"}]}
RESULT: undefined
COMMAND: POST /session/3de6532c1d241a05c067477dc4de9f43/execute/async - {"script":"<script> [21 bytes]","args":[{"element-6066-11e4-a52e-4f735466cecf":"f.BFA6686384EB8AF51C921A14935892A3.d.41635627C6C46625921431DBB3F7B416.e.305"},"setValue",["2025-01-01"]]}
RESULT: {}
RESULT: {"script":"<script> [21 bytes]","args":[{"element-6066-11e4-a52e-4f735466cecf":"f.BFA6686384EB8AF51C921A14935892A3.d.41635627C6C46625921431DBB3F7B416.e.305"},"setValue",["2025-01-01"]]}
COMMAND: POST /session/3de6532c1d241a05c067477dc4de9f43/element - {"using":"css selector","value":"div.sapUiLocalBusyIndicator"}
RESULT: {"using":"css selector","value":"div.sapUiLocalBusyIndicator"}
COMMAND: POST /session/3de6532c1d241a05c067477dc4de9f43/execute/sync - {"script":"<script> [21 bytes]","args":[{"element-6066-11e4-a52e-4f735466cecf":"f.BFA6686384EB8AF51C921A14935892A3.d.41635627C6C46625921431DBB3F7B416.e.311","ELEMENT":"f.BFA6686384EB8AF51C921A14935892A3.d.41635627C6C46625921431DBB3F7B416.e.311"}]}
RESULT: {"script":"<script> [21 bytes]","args":[{"element-6066-11e4-a52e-4f735466cecf":"f.BFA6686384EB8AF51C921A14935892A3.d.41635627C6C46625921431DBB3F7B416.e.311","ELEMENT":"f.BFA6686384EB8AF51C921A14935892A3.d.41635627C6C46625921431DBB3F7B416.e.311"}]}
COMMAND: POST /session/3de6532c1d241a05c067477dc4de9f43/execute/async - {"script":"<script> [21 bytes]","args":[{"selector":{"id":"CreateDialog::xRFMxCU_ProgramType::PortfolioId-inner","searchOpenDialogs":true,"interaction":{"idSuffix":"inner"}},"wdio_ui5_key":"CreateDialogxRFMxCU_ProgramType::PortfolioId-inner"}]}
COMMAND: GET /session/3de6532c1d241a05c067477dc4de9f43/screenshot - {}
RESULT: {"script":"<script> [21 bytes]","args":[{"selector":{"id":"CreateDialog::xRFMxCU_ProgramType::PortfolioId-inner","searchOpenDialogs":true,"interaction":{"idSuffix":"inner"}},"wdio_ui5_key":"CreateDialogxRFMxCU_ProgramType::PortfolioId-inner"}]}
RESULT: undefined
COMMAND: POST /session/3de6532c1d241a05c067477dc4de9f43/execute/async - {"script":"<script> [20 bytes]","args":[{"enterText":"1","selector":{"id":"CreateDialog::xRFMxCU_ProgramType::PortfolioId-inner","searchOpenDialogs":true,"interaction":{"idSuffix":"inner"}},"clearTextFirst":true,"interactionType":"ENTER_TEXT"}]}
RESULT: {}
RESULT: {"script":"<script> [20 bytes]","args":[{"enterText":"1","selector":{"id":"CreateDialog::xRFMxCU_ProgramType::PortfolioId-inner","searchOpenDialogs":true,"interaction":{"idSuffix":"inner"}},"clearTextFirst":true,"interactionType":"ENTER_TEXT"}]}
COMMAND: POST /session/3de6532c1d241a05c067477dc4de9f43/element - {"using":"css selector","value":"div.sapUiLocalBusyIndicator"}
RESULT: {"using":"css selector","value":"div.sapUiLocalBusyIndicator"}
COMMAND: POST /session/3de6532c1d241a05c067477dc4de9f43/execute/sync - {"script":"<script> [21 bytes]","args":[{"element-6066-11e4-a52e-4f735466cecf":"f.BFA6686384EB8AF51C921A14935892A3.d.41635627C6C46625921431DBB3F7B416.e.311","ELEMENT":"f.BFA6686384EB8AF51C921A14935892A3.d.41635627C6C46625921431DBB3F7B416.e.311"}]}
RESULT: {"script":"<script> [21 bytes]","args":[{"element-6066-11e4-a52e-4f735466cecf":"f.BFA6686384EB8AF51C921A14935892A3.d.41635627C6C46625921431DBB3F7B416.e.311","ELEMENT":"f.BFA6686384EB8AF51C921A14935892A3.d.41635627C6C46625921431DBB3F7B416.e.311"}]}
COMMAND: POST /session/3de6532c1d241a05c067477dc4de9f43/execute/async - {"script":"<script> [21 bytes]","args":[{"selector":{"controlType":"sap.m.Button","viewName":"sap.fe.templates.ObjectPage.ObjectPage","viewId":"rfm.programui::xRFMxCU_ProgramObjectPage","properties":{"text":"Continue"},"searchOpenDialogs":true,"interaction":{"idSuffix":"BDI-content"}},"wdio_ui5_key":"sapfe.templates.ObjectPage.ObjectPagesap.m.Button{\"text\":\"Continue\"}"}]}
COMMAND: GET /session/3de6532c1d241a05c067477dc4de9f43/screenshot - {}
RESULT: {"script":"<script> [21 bytes]","args":[{"selector":{"controlType":"sap.m.Button","viewName":"sap.fe.templates.ObjectPage.ObjectPage","viewId":"rfm.programui::xRFMxCU_ProgramObjectPage","properties":{"text":"Continue"},"searchOpenDialogs":true,"interaction":{"idSuffix":"BDI-content"}},"wdio_ui5_key":"sapfe.templates.ObjectPage.ObjectPagesap.m.Button{\"text\":\"Continue\"}"}]}
RESULT: undefined
COMMAND: POST /session/3de6532c1d241a05c067477dc4de9f43/element - {"using":"xpath","value":"//*[@id=\"__button187\"]"}
RESULT: {}
RESULT: {"using":"xpath","value":"//*[@id=\"__button187\"]"}
COMMAND: POST /session/3de6532c1d241a05c067477dc4de9f43/element/f.BFA6686384EB8AF51C921A14935892A3.d.41635627C6C46625921431DBB3F7B416.e.316/click - {}
RESULT: {}
COMMAND: POST /session/3de6532c1d241a05c067477dc4de9f43/element - {"using":"css selector","value":"div.sapUiLocalBusyIndicator"}
COMMAND: GET /session/3de6532c1d241a05c067477dc4de9f43/screenshot - {}
RESULT: {"using":"css selector","value":"div.sapUiLocalBusyIndicator"}
COMMAND: POST /session/3de6532c1d241a05c067477dc4de9f43/execute/sync - {"script":"<script> [21 bytes]","args":[{"element-6066-11e4-a52e-4f735466cecf":"f.BFA6686384EB8AF51C921A14935892A3.d.41635627C6C46625921431DBB3F7B416.e.311","ELEMENT":"f.BFA6686384EB8AF51C921A14935892A3.d.41635627C6C46625921431DBB3F7B416.e.311"}]}
RESULT: {}
COMMAND: POST /session/3de6532c1d241a05c067477dc4de9f43/element - {"using":"css selector","value":"div.sapUiLocalBusyIndicator"}
RESULT: {"using":"css selector","value":"div.sapUiLocalBusyIndicator"}
COMMAND: POST /session/3de6532c1d241a05c067477dc4de9f43/element - {"using":"css selector","value":"div.sapUiLocalBusyIndicator"}
RESULT: {"using":"css selector","value":"div.sapUiLocalBusyIndicator"}
COMMAND: POST /session/3de6532c1d241a05c067477dc4de9f43/execute/async - {"script":"<script> [21 bytes]","args":[{"selector":{"id":"rfm.programui::xRFMxCU_ProgramObjectPage--fe::CustomSubSection::CustomDetailsSection--fe::FormContainer::FieldGroup::basicData1::FormElement::DataField::Currency::Field-edit-inner","interaction":{"idSuffix":"inner"}},"wdio_ui5_key":"rfmprogramui::xRFMxCU_ProgramObjectPage--fe::CustomSubSection::CustomDetailsSection--fe::FormContainer::FieldGroup::basicData1::FormElement::DataField::Currency::Field-edit-inner"}]}
RESULT: {"script":"<script> [21 bytes]","args":[{"selector":{"id":"rfm.programui::xRFMxCU_ProgramObjectPage--fe::CustomSubSection::CustomDetailsSection--fe::FormContainer::FieldGroup::basicData1::FormElement::DataField::Currency::Field-edit-inner","interaction":{"idSuffix":"inner"}},"wdio_ui5_key":"rfmprogramui::xRFMxCU_ProgramObjectPage--fe::CustomSubSection::CustomDetailsSection--fe::FormContainer::FieldGroup::basicData1::FormElement::DataField::Currency::Field-edit-inner"}]}
RESULT: undefined
COMMAND: POST /session/3de6532c1d241a05c067477dc4de9f43/execute/async - {"script":"<script> [20 bytes]","args":[{"enterText":"EUR","selector":{"id":"rfm.programui::xRFMxCU_ProgramObjectPage--fe::CustomSubSection::CustomDetailsSection--fe::FormContainer::FieldGroup::basicData1::FormElement::DataField::Currency::Field-edit-inner","interaction":{"idSuffix":"inner"}},"clearTextFirst":true,"interactionType":"ENTER_TEXT"}]}
RESULT: {"script":"<script> [20 bytes]","args":[{"enterText":"EUR","selector":{"id":"rfm.programui::xRFMxCU_ProgramObjectPage--fe::CustomSubSection::CustomDetailsSection--fe::FormContainer::FieldGroup::basicData1::FormElement::DataField::Currency::Field-edit-inner","interaction":{"idSuffix":"inner"}},"clearTextFirst":true,"interactionType":"ENTER_TEXT"}]}
COMMAND: POST /session/3de6532c1d241a05c067477dc4de9f43/element - {"using":"css selector","value":"div.sapUiLocalBusyIndicator"}
RESULT: {"using":"css selector","value":"div.sapUiLocalBusyIndicator"}
COMMAND: POST /session/3de6532c1d241a05c067477dc4de9f43/element - {"using":"css selector","value":"div.sapUiLocalBusyIndicator"}
RESULT: {"using":"css selector","value":"div.sapUiLocalBusyIndicator"}
COMMAND: POST /session/3de6532c1d241a05c067477dc4de9f43/execute/async - {"script":"<script> [21 bytes]","args":[{"selector":{"id":"rfm.programui::xRFMxCU_ProgramObjectPage--fe::CustomSubSection::CustomDetailsSection--fe::FormContainer::FieldGroup::basicData1::FormElement::DataField::Volume::Field-edit-inner","interaction":{"idSuffix":"inner"}},"wdio_ui5_key":"rfmprogramui::xRFMxCU_ProgramObjectPage--fe::CustomSubSection::CustomDetailsSection--fe::FormContainer::FieldGroup::basicData1::FormElement::DataField::Volume::Field-edit-inner"}]}
RESULT: {"script":"<script> [21 bytes]","args":[{"selector":{"id":"rfm.programui::xRFMxCU_ProgramObjectPage--fe::CustomSubSection::CustomDetailsSection--fe::FormContainer::FieldGroup::basicData1::FormElement::DataField::Volume::Field-edit-inner","interaction":{"idSuffix":"inner"}},"wdio_ui5_key":"rfmprogramui::xRFMxCU_ProgramObjectPage--fe::CustomSubSection::CustomDetailsSection--fe::FormContainer::FieldGroup::basicData1::FormElement::DataField::Volume::Field-edit-inner"}]}
RESULT: undefined
COMMAND: POST /session/3de6532c1d241a05c067477dc4de9f43/execute/async - {"script":"<script> [20 bytes]","args":[{"enterText":"1,000,000,000.00","selector":{"id":"rfm.programui::xRFMxCU_ProgramObjectPage--fe::CustomSubSection::CustomDetailsSection--fe::FormContainer::FieldGroup::basicData1::FormElement::DataField::Volume::Field-edit-inner","interaction":{"idSuffix":"inner"}},"clearTextFirst":true,"interactionType":"ENTER_TEXT"}]}
RESULT: {"script":"<script> [20 bytes]","args":[{"enterText":"1,000,000,000.00","selector":{"id":"rfm.programui::xRFMxCU_ProgramObjectPage--fe::CustomSubSection::CustomDetailsSection--fe::FormContainer::FieldGroup::basicData1::FormElement::DataField::Volume::Field-edit-inner","interaction":{"idSuffix":"inner"}},"clearTextFirst":true,"interactionType":"ENTER_TEXT"}]}
COMMAND: POST /session/3de6532c1d241a05c067477dc4de9f43/element - {"using":"css selector","value":"div.sapUiLocalBusyIndicator"}
RESULT: {"using":"css selector","value":"div.sapUiLocalBusyIndicator"}
COMMAND: POST /session/3de6532c1d241a05c067477dc4de9f43/element - {"using":"css selector","value":"div.sapUiLocalBusyIndicator"}
RESULT: {"using":"css selector","value":"div.sapUiLocalBusyIndicator"}
COMMAND: POST /session/3de6532c1d241a05c067477dc4de9f43/execute/async - {"script":"<script> [21 bytes]","args":[{"selector":{"id":"rfm.programui::xRFMxCU_ProgramObjectPage--fe::CustomSubSection::CustomDetailsSection--fe::FormContainer::FieldGroup::basicData1::FormElement::DataField::ValidTo::Field-edit","interaction":{"idSuffix":"inner"}},"wdio_ui5_key":"rfmprogramui::xRFMxCU_ProgramObjectPage--fe::CustomSubSection::CustomDetailsSection--fe::FormContainer::FieldGroup::basicData1::FormElement::DataField::ValidTo::Field-edit"}]}
RESULT: {"script":"<script> [21 bytes]","args":[{"selector":{"id":"rfm.programui::xRFMxCU_ProgramObjectPage--fe::CustomSubSection::CustomDetailsSection--fe::FormContainer::FieldGroup::basicData1::FormElement::DataField::ValidTo::Field-edit","interaction":{"idSuffix":"inner"}},"wdio_ui5_key":"rfmprogramui::xRFMxCU_ProgramObjectPage--fe::CustomSubSection::CustomDetailsSection--fe::FormContainer::FieldGroup::basicData1::FormElement::DataField::ValidTo::Field-edit"}]}
RESULT: undefined
COMMAND: POST /session/3de6532c1d241a05c067477dc4de9f43/execute/async - {"script":"<script> [21 bytes]","args":[{"element-6066-11e4-a52e-4f735466cecf":"f.BFA6686384EB8AF51C921A14935892A3.d.41635627C6C46625921431DBB3F7B416.e.355"},"setValue",["2027-12-31"]]}
RESULT: {"script":"<script> [21 bytes]","args":[{"element-6066-11e4-a52e-4f735466cecf":"f.BFA6686384EB8AF51C921A14935892A3.d.41635627C6C46625921431DBB3F7B416.e.355"},"setValue",["2027-12-31"]]}
COMMAND: POST /session/3de6532c1d241a05c067477dc4de9f43/element - {"using":"css selector","value":"div.sapUiLocalBusyIndicator"}
RESULT: {"using":"css selector","value":"div.sapUiLocalBusyIndicator"}
COMMAND: POST /session/3de6532c1d241a05c067477dc4de9f43/element - {"using":"css selector","value":"div.sapUiLocalBusyIndicator"}
RESULT: {"using":"css selector","value":"div.sapUiLocalBusyIndicator"}
COMMAND: POST /session/3de6532c1d241a05c067477dc4de9f43/execute/async - {"script":"<script> [21 bytes]","args":[{"selector":{"id":"rfm.programui::xRFMxCU_ProgramObjectPage--fe::CustomSubSection::CustomDetailsSection--fe::FormContainer::FieldGroup::basicData2::FormElement::DataField::CompanyCode::Field-edit-inner","interaction":{"idSuffix":"inner"}},"wdio_ui5_key":"rfmprogramui::xRFMxCU_ProgramObjectPage--fe::CustomSubSection::CustomDetailsSection--fe::FormContainer::FieldGroup::basicData2::FormElement::DataField::CompanyCode::Field-edit-inner"}]}
RESULT: {"script":"<script> [21 bytes]","args":[{"selector":{"id":"rfm.programui::xRFMxCU_ProgramObjectPage--fe::CustomSubSection::CustomDetailsSection--fe::FormContainer::FieldGroup::basicData2::FormElement::DataField::CompanyCode::Field-edit-inner","interaction":{"idSuffix":"inner"}},"wdio_ui5_key":"rfmprogramui::xRFMxCU_ProgramObjectPage--fe::CustomSubSection::CustomDetailsSection--fe::FormContainer::FieldGroup::basicData2::FormElement::DataField::CompanyCode::Field-edit-inner"}]}
RESULT: undefined
COMMAND: POST /session/3de6532c1d241a05c067477dc4de9f43/execute/async - {"script":"<script> [20 bytes]","args":[{"enterText":"BearingPoint (0001)","selector":{"id":"rfm.programui::xRFMxCU_ProgramObjectPage--fe::CustomSubSection::CustomDetailsSection--fe::FormContainer::FieldGroup::basicData2::FormElement::DataField::CompanyCode::Field-edit-inner","interaction":{"idSuffix":"inner"}},"clearTextFirst":true,"interactionType":"ENTER_TEXT"}]}
RESULT: {"script":"<script> [20 bytes]","args":[{"enterText":"BearingPoint (0001)","selector":{"id":"rfm.programui::xRFMxCU_ProgramObjectPage--fe::CustomSubSection::CustomDetailsSection--fe::FormContainer::FieldGroup::basicData2::FormElement::DataField::CompanyCode::Field-edit-inner","interaction":{"idSuffix":"inner"}},"clearTextFirst":true,"interactionType":"ENTER_TEXT"}]}
COMMAND: POST /session/3de6532c1d241a05c067477dc4de9f43/element - {"using":"css selector","value":"div.sapUiLocalBusyIndicator"}
RESULT: {"using":"css selector","value":"div.sapUiLocalBusyIndicator"}
COMMAND: POST /session/3de6532c1d241a05c067477dc4de9f43/element - {"using":"css selector","value":"div.sapUiLocalBusyIndicator"}
RESULT: {"using":"css selector","value":"div.sapUiLocalBusyIndicator"}
COMMAND: POST /session/3de6532c1d241a05c067477dc4de9f43/execute/async - {"script":"<script> [21 bytes]","args":[{"selector":{"id":"rfm.programui::xRFMxCU_ProgramObjectPage--fe::CustomSubSection::CustomDetailsSection--DetailsFundingTypesTable-content::StandardAction::Create","interaction":{"idSuffix":"BDI-content"}},"wdio_ui5_key":"rfmprogramui::xRFMxCU_ProgramObjectPage--fe::CustomSubSection::CustomDetailsSection--DetailsFundingTypesTable-content::StandardAction::Create"}]}
RESULT: {"script":"<script> [21 bytes]","args":[{"selector":{"id":"rfm.programui::xRFMxCU_ProgramObjectPage--fe::CustomSubSection::CustomDetailsSection--DetailsFundingTypesTable-content::StandardAction::Create","interaction":{"idSuffix":"BDI-content"}},"wdio_ui5_key":"rfmprogramui::xRFMxCU_ProgramObjectPage--fe::CustomSubSection::CustomDetailsSection--DetailsFundingTypesTable-content::StandardAction::Create"}]}
RESULT: undefined
COMMAND: POST /session/3de6532c1d241a05c067477dc4de9f43/element - {"using":"xpath","value":"//*[@id=\"rfm.programui::xRFMxCU_ProgramObjectPage--fe::CustomSubSection::CustomDetailsSection--DetailsFundingTypesTable-content::StandardAction::Create\"]"}
RESULT: {"using":"xpath","value":"//*[@id=\"rfm.programui::xRFMxCU_ProgramObjectPage--fe::CustomSubSection::CustomDetailsSection--DetailsFundingTypesTable-content::StandardAction::Create\"]"}
COMMAND: POST /session/3de6532c1d241a05c067477dc4de9f43/element/f.BFA6686384EB8AF51C921A14935892A3.d.41635627C6C46625921431DBB3F7B416.e.367/click - {}
RESULT: {}
COMMAND: POST /session/3de6532c1d241a05c067477dc4de9f43/element - {"using":"css selector","value":"div.sapUiLocalBusyIndicator"}
COMMAND: GET /session/3de6532c1d241a05c067477dc4de9f43/screenshot - {}
RESULT: {"using":"css selector","value":"div.sapUiLocalBusyIndicator"}
COMMAND: POST /session/3de6532c1d241a05c067477dc4de9f43/execute/sync - {"script":"<script> [21 bytes]","args":[{"element-6066-11e4-a52e-4f735466cecf":"f.BFA6686384EB8AF51C921A14935892A3.d.41635627C6C46625921431DBB3F7B416.e.501","ELEMENT":"f.BFA6686384EB8AF51C921A14935892A3.d.41635627C6C46625921431DBB3F7B416.e.501"}]}
RESULT: {}
RESULT: {"script":"<script> [21 bytes]","args":[{"element-6066-11e4-a52e-4f735466cecf":"f.BFA6686384EB8AF51C921A14935892A3.d.41635627C6C46625921431DBB3F7B416.e.501","ELEMENT":"f.BFA6686384EB8AF51C921A14935892A3.d.41635627C6C46625921431DBB3F7B416.e.501"}]}
COMMAND: POST /session/3de6532c1d241a05c067477dc4de9f43/execute/async - {"script":"<script> [21 bytes]","args":[{"selector":{"id":"CreateDialog::xRFMxCU_ProgramFundingTypeType::FundingType-inner","searchOpenDialogs":true,"interaction":{"idSuffix":"inner"}},"wdio_ui5_key":"CreateDialogxRFMxCU_ProgramFundingTypeType::FundingType-inner"}]}
COMMAND: GET /session/3de6532c1d241a05c067477dc4de9f43/screenshot - {}
RESULT: {"script":"<script> [21 bytes]","args":[{"selector":{"id":"CreateDialog::xRFMxCU_ProgramFundingTypeType::FundingType-inner","searchOpenDialogs":true,"interaction":{"idSuffix":"inner"}},"wdio_ui5_key":"CreateDialogxRFMxCU_ProgramFundingTypeType::FundingType-inner"}]}
RESULT: undefined
COMMAND: POST /session/3de6532c1d241a05c067477dc4de9f43/execute/async - {"script":"<script> [20 bytes]","args":[{"enterText":"30","selector":{"id":"CreateDialog::xRFMxCU_ProgramFundingTypeType::FundingType-inner","searchOpenDialogs":true,"interaction":{"idSuffix":"inner"}},"clearTextFirst":true,"interactionType":"ENTER_TEXT"}]}
RESULT: {}
RESULT: {"script":"<script> [20 bytes]","args":[{"enterText":"30","selector":{"id":"CreateDialog::xRFMxCU_ProgramFundingTypeType::FundingType-inner","searchOpenDialogs":true,"interaction":{"idSuffix":"inner"}},"clearTextFirst":true,"interactionType":"ENTER_TEXT"}]}
COMMAND: POST /session/3de6532c1d241a05c067477dc4de9f43/element - {"using":"css selector","value":"div.sapUiLocalBusyIndicator"}
RESULT: {"using":"css selector","value":"div.sapUiLocalBusyIndicator"}
COMMAND: POST /session/3de6532c1d241a05c067477dc4de9f43/execute/sync - {"script":"<script> [21 bytes]","args":[{"element-6066-11e4-a52e-4f735466cecf":"f.BFA6686384EB8AF51C921A14935892A3.d.41635627C6C46625921431DBB3F7B416.e.501","ELEMENT":"f.BFA6686384EB8AF51C921A14935892A3.d.41635627C6C46625921431DBB3F7B416.e.501"}]}
RESULT: {"script":"<script> [21 bytes]","args":[{"element-6066-11e4-a52e-4f735466cecf":"f.BFA6686384EB8AF51C921A14935892A3.d.41635627C6C46625921431DBB3F7B416.e.501","ELEMENT":"f.BFA6686384EB8AF51C921A14935892A3.d.41635627C6C46625921431DBB3F7B416.e.501"}]}
COMMAND: POST /session/3de6532c1d241a05c067477dc4de9f43/execute/async - {"script":"<script> [21 bytes]","args":[{"selector":{"id":"CreateDialog::xRFMxCU_Program::_AllowedFundingType-footer","searchOpenDialogs":true},"wdio_ui5_key":"CreateDialogxRFMxCU_Program::_AllowedFundingType-footer"}]}
COMMAND: GET /session/3de6532c1d241a05c067477dc4de9f43/screenshot - {}
RESULT: {"script":"<script> [21 bytes]","args":[{"selector":{"id":"CreateDialog::xRFMxCU_Program::_AllowedFundingType-footer","searchOpenDialogs":true},"wdio_ui5_key":"CreateDialogxRFMxCU_Program::_AllowedFundingType-footer"}]}
RESULT: undefined
COMMAND: POST /session/3de6532c1d241a05c067477dc4de9f43/element - {"using":"xpath","value":"//*[@id=\"CreateDialog::xRFMxCU_Program::_AllowedFundingType-footer\"]"}
RESULT: {}
RESULT: {"using":"xpath","value":"//*[@id=\"CreateDialog::xRFMxCU_Program::_AllowedFundingType-footer\"]"}
COMMAND: POST /session/3de6532c1d241a05c067477dc4de9f43/element/f.BFA6686384EB8AF51C921A14935892A3.d.41635627C6C46625921431DBB3F7B416.e.506/click - {}
RESULT: {}
COMMAND: POST /session/3de6532c1d241a05c067477dc4de9f43/element - {"using":"css selector","value":"div.sapUiLocalBusyIndicator"}
COMMAND: GET /session/3de6532c1d241a05c067477dc4de9f43/screenshot - {}
RESULT: {"using":"css selector","value":"div.sapUiLocalBusyIndicator"}
COMMAND: POST /session/3de6532c1d241a05c067477dc4de9f43/execute/sync - {"script":"<script> [21 bytes]","args":[{"element-6066-11e4-a52e-4f735466cecf":"f.BFA6686384EB8AF51C921A14935892A3.d.41635627C6C46625921431DBB3F7B416.e.501","ELEMENT":"f.BFA6686384EB8AF51C921A14935892A3.d.41635627C6C46625921431DBB3F7B416.e.501"}]}
RESULT: {}
RESULT: {"script":"<script> [21 bytes]","args":[{"element-6066-11e4-a52e-4f735466cecf":"f.BFA6686384EB8AF51C921A14935892A3.d.41635627C6C46625921431DBB3F7B416.e.501","ELEMENT":"f.BFA6686384EB8AF51C921A14935892A3.d.41635627C6C46625921431DBB3F7B416.e.501"}]}
COMMAND: POST /session/3de6532c1d241a05c067477dc4de9f43/execute/async - {"script":"<script> [21 bytes]","args":[{"forceSelect":true,"selector":{"controlType":"sap.m.Button","viewName":"sap.fe.templates.ObjectPage.ObjectPage","viewId":"rfm.programui::xRFMxCU_Program__AllowedFundingTypeObjectPage","properties":{"text":"Continue"},"searchOpenDialogs":true,"interaction":{"idSuffix":"content"}},"wdio_ui5_key":"sapfe.templates.ObjectPage.ObjectPagesap.m.Button{\"text\":\"Continue\"}"}]}
COMMAND: GET /session/3de6532c1d241a05c067477dc4de9f43/screenshot - {}
RESULT: {"script":"<script> [21 bytes]","args":[{"forceSelect":true,"selector":{"controlType":"sap.m.Button","viewName":"sap.fe.templates.ObjectPage.ObjectPage","viewId":"rfm.programui::xRFMxCU_Program__AllowedFundingTypeObjectPage","properties":{"text":"Continue"},"searchOpenDialogs":true,"interaction":{"idSuffix":"content"}},"wdio_ui5_key":"sapfe.templates.ObjectPage.ObjectPagesap.m.Button{\"text\":\"Continue\"}"}]}
RESULT: undefined
COMMAND: POST /session/3de6532c1d241a05c067477dc4de9f43/element - {"using":"xpath","value":"//*[@id=\"__button199\"]"}
RESULT: {}
RESULT: {"using":"xpath","value":"//*[@id=\"__button199\"]"}
COMMAND: POST /session/3de6532c1d241a05c067477dc4de9f43/element/f.BFA6686384EB8AF51C921A14935892A3.d.41635627C6C46625921431DBB3F7B416.e.508/click - {}
RESULT: {}
COMMAND: POST /session/3de6532c1d241a05c067477dc4de9f43/execute/async - {"script":"<script> [21 bytes]","args":[{"selector":{"id":"rfm.programui::xRFMxCU_Program__AllowedFundingTypeObjectPage--fe::FooterBar::_fc"},"wdio_ui5_key":"rfmprogramui::xRFMxCU_Program__AllowedFundingTypeObjectPage--fe::FooterBar::_fc"}]}
COMMAND: GET /session/3de6532c1d241a05c067477dc4de9f43/screenshot - {}
RESULT: {"script":"<script> [21 bytes]","args":[{"selector":{"id":"rfm.programui::xRFMxCU_Program__AllowedFundingTypeObjectPage--fe::FooterBar::_fc"},"wdio_ui5_key":"rfmprogramui::xRFMxCU_Program__AllowedFundingTypeObjectPage--fe::FooterBar::_fc"}]}
RESULT: undefined
COMMAND: POST /session/3de6532c1d241a05c067477dc4de9f43/element - {"using":"xpath","value":"//*[@id=\"rfm.programui::xRFMxCU_Program__AllowedFundingTypeObjectPage--fe::FooterBar::_fc\"]"}
RESULT: {}
RESULT: {"using":"xpath","value":"//*[@id=\"rfm.programui::xRFMxCU_Program__AllowedFundingTypeObjectPage--fe::FooterBar::_fc\"]"}
COMMAND: POST /session/3de6532c1d241a05c067477dc4de9f43/element/f.BFA6686384EB8AF51C921A14935892A3.d.41635627C6C46625921431DBB3F7B416.e.514/click - {}
RESULT: {}
COMMAND: GET /session/3de6532c1d241a05c067477dc4de9f43/screenshot - {}
RESULT: {}
COMMAND: POST /session/3de6532c1d241a05c067477dc4de9f43/execute/async - {"script":"<script> [21 bytes]","args":[{"forceSelect":true,"selector":{"id":"rfm.programui::xRFMxCU_Program__AllowedFundingTypeObjectPage--fe::FooterBar::StandardAction::Apply"},"wdio_ui5_key":"rfmprogramui::xRFMxCU_Program__AllowedFundingTypeObjectPage--fe::FooterBar::StandardAction::Apply"}]}
RESULT: {"script":"<script> [21 bytes]","args":[{"forceSelect":true,"selector":{"id":"rfm.programui::xRFMxCU_Program__AllowedFundingTypeObjectPage--fe::FooterBar::StandardAction::Apply"},"wdio_ui5_key":"rfmprogramui::xRFMxCU_Program__AllowedFundingTypeObjectPage--fe::FooterBar::StandardAction::Apply"}]}
RESULT: undefined
COMMAND: POST /session/3de6532c1d241a05c067477dc4de9f43/element - {"using":"xpath","value":"//*[@id=\"rfm.programui::xRFMxCU_Program__AllowedFundingTypeObjectPage--fe::FooterBar::StandardAction::Apply\"]"}
RESULT: {"using":"xpath","value":"//*[@id=\"rfm.programui::xRFMxCU_Program__AllowedFundingTypeObjectPage--fe::FooterBar::StandardAction::Apply\"]"}
COMMAND: POST /session/3de6532c1d241a05c067477dc4de9f43/element/f.BFA6686384EB8AF51C921A14935892A3.d.41635627C6C46625921431DBB3F7B416.e.499/click - {}
RESULT: {}
COMMAND: GET /session/3de6532c1d241a05c067477dc4de9f43/screenshot - {}
RESULT: {}
COMMAND: POST /session/3de6532c1d241a05c067477dc4de9f43/execute/async - {"script":"<script> [21 bytes]","args":[{"selector":{"id":"rfm.programui::xRFMxCU_ProgramObjectPage--fe::ObjectPage-anchBar-rfm.programui::xRFMxCU_ProgramObjectPage--fe::EditableHeaderSection-anchor","interaction":{"idSuffix":"text"}},"wdio_ui5_key":"rfmprogramui::xRFMxCU_ProgramObjectPage--fe::ObjectPage-anchBar-rfm.programui::xRFMxCU_ProgramObjectPage--fe::EditableHeaderSection-anchor"}]}
RESULT: {"script":"<script> [21 bytes]","args":[{"selector":{"id":"rfm.programui::xRFMxCU_ProgramObjectPage--fe::ObjectPage-anchBar-rfm.programui::xRFMxCU_ProgramObjectPage--fe::EditableHeaderSection-anchor","interaction":{"idSuffix":"text"}},"wdio_ui5_key":"rfmprogramui::xRFMxCU_ProgramObjectPage--fe::ObjectPage-anchBar-rfm.programui::xRFMxCU_ProgramObjectPage--fe::EditableHeaderSection-anchor"}]}
RESULT: undefined
COMMAND: POST /session/3de6532c1d241a05c067477dc4de9f43/element - {"using":"xpath","value":"//*[@id=\"rfm.programui::xRFMxCU_ProgramObjectPage--fe::ObjectPage-anchBar-rfm.programui::xRFMxCU_ProgramObjectPage--fe::EditableHeaderSection-anchor\"]"}
RESULT: {"using":"xpath","value":"//*[@id=\"rfm.programui::xRFMxCU_ProgramObjectPage--fe::ObjectPage-anchBar-rfm.programui::xRFMxCU_ProgramObjectPage--fe::EditableHeaderSection-anchor\"]"}
COMMAND: POST /session/3de6532c1d241a05c067477dc4de9f43/element/f.BFA6686384EB8AF51C921A14935892A3.d.41635627C6C46625921431DBB3F7B416.e.566/click - {}
RESULT: {}
COMMAND: POST /session/3de6532c1d241a05c067477dc4de9f43/element - {"using":"css selector","value":"div.sapUiLocalBusyIndicator"}
COMMAND: GET /session/3de6532c1d241a05c067477dc4de9f43/screenshot - {}
RESULT: {"using":"css selector","value":"div.sapUiLocalBusyIndicator"}
COMMAND: POST /session/3de6532c1d241a05c067477dc4de9f43/element - {"using":"css selector","value":"div.sapUiLocalBusyIndicator"}
RESULT: {}
RESULT: {"using":"css selector","value":"div.sapUiLocalBusyIndicator"}
COMMAND: POST /session/3de6532c1d241a05c067477dc4de9f43/execute/async - {"script":"<script> [21 bytes]","args":[{"selector":{"id":"rfm.programui::xRFMxCU_ProgramObjectPage--fe::HeaderFacet::FormContainer::headerFieldsGP1::FormElement::DataField::Name::Field-edit","interaction":{"idSuffix":"inner"}},"wdio_ui5_key":"rfmprogramui::xRFMxCU_ProgramObjectPage--fe::HeaderFacet::FormContainer::headerFieldsGP1::FormElement::DataField::Name::Field-edit"}]}
RESULT: {"script":"<script> [21 bytes]","args":[{"selector":{"id":"rfm.programui::xRFMxCU_ProgramObjectPage--fe::HeaderFacet::FormContainer::headerFieldsGP1::FormElement::DataField::Name::Field-edit","interaction":{"idSuffix":"inner"}},"wdio_ui5_key":"rfmprogramui::xRFMxCU_ProgramObjectPage--fe::HeaderFacet::FormContainer::headerFieldsGP1::FormElement::DataField::Name::Field-edit"}]}
RESULT: undefined
COMMAND: POST /session/3de6532c1d241a05c067477dc4de9f43/execute/async - {"script":"<script> [20 bytes]","args":[{"enterText":"WDIO_Trigger_2025-08-15","selector":{"id":"rfm.programui::xRFMxCU_ProgramObjectPage--fe::HeaderFacet::FormContainer::headerFieldsGP1::FormElement::DataField::Name::Field-edit","interaction":{"idSuffix":"inner"}},"clearTextFirst":true,"interactionType":"ENTER_TEXT"}]}
RESULT: {"script":"<script> [20 bytes]","args":[{"enterText":"WDIO_Trigger_2025-08-15","selector":{"id":"rfm.programui::xRFMxCU_ProgramObjectPage--fe::HeaderFacet::FormContainer::headerFieldsGP1::FormElement::DataField::Name::Field-edit","interaction":{"idSuffix":"inner"}},"clearTextFirst":true,"interactionType":"ENTER_TEXT"}]}
COMMAND: POST /session/3de6532c1d241a05c067477dc4de9f43/element - {"using":"css selector","value":"div.sapUiLocalBusyIndicator"}
RESULT: {"using":"css selector","value":"div.sapUiLocalBusyIndicator"}
COMMAND: POST /session/3de6532c1d241a05c067477dc4de9f43/element - {"using":"css selector","value":"div.sapUiLocalBusyIndicator"}
RESULT: {"using":"css selector","value":"div.sapUiLocalBusyIndicator"}
COMMAND: POST /session/3de6532c1d241a05c067477dc4de9f43/execute/async - {"script":"<script> [21 bytes]","args":[{"selector":{"id":"rfm.programui::xRFMxCU_ProgramObjectPage--fe::FooterBar::StandardAction::Save","interaction":{"idSuffix":"BDI-content"}},"wdio_ui5_key":"rfmprogramui::xRFMxCU_ProgramObjectPage--fe::FooterBar::StandardAction::Save"}]}
RESULT: {"script":"<script> [21 bytes]","args":[{"selector":{"id":"rfm.programui::xRFMxCU_ProgramObjectPage--fe::FooterBar::StandardAction::Save","interaction":{"idSuffix":"BDI-content"}},"wdio_ui5_key":"rfmprogramui::xRFMxCU_ProgramObjectPage--fe::FooterBar::StandardAction::Save"}]}
RESULT: undefined
COMMAND: POST /session/3de6532c1d241a05c067477dc4de9f43/element - {"using":"xpath","value":"//*[@id=\"rfm.programui::xRFMxCU_ProgramObjectPage--fe::FooterBar::StandardAction::Save\"]"}
RESULT: {"using":"xpath","value":"//*[@id=\"rfm.programui::xRFMxCU_ProgramObjectPage--fe::FooterBar::StandardAction::Save\"]"}
COMMAND: POST /session/3de6532c1d241a05c067477dc4de9f43/element/f.BFA6686384EB8AF51C921A14935892A3.d.41635627C6C46625921431DBB3F7B416.e.422/click - {}
RESULT: {}
COMMAND: POST /session/3de6532c1d241a05c067477dc4de9f43/element - {"using":"css selector","value":"div.sapUiLocalBusyIndicator"}
COMMAND: GET /session/3de6532c1d241a05c067477dc4de9f43/screenshot - {}
RESULT: {"using":"css selector","value":"div.sapUiLocalBusyIndicator"}
COMMAND: POST /session/3de6532c1d241a05c067477dc4de9f43/execute/sync - {"script":"<script> [21 bytes]","args":[{"element-6066-11e4-a52e-4f735466cecf":"f.BFA6686384EB8AF51C921A14935892A3.d.41635627C6C46625921431DBB3F7B416.e.574","ELEMENT":"f.BFA6686384EB8AF51C921A14935892A3.d.41635627C6C46625921431DBB3F7B416.e.574"}]}
RESULT: {}
RESULT: {"script":"<script> [21 bytes]","args":[{"element-6066-11e4-a52e-4f735466cecf":"f.BFA6686384EB8AF51C921A14935892A3.d.41635627C6C46625921431DBB3F7B416.e.574","ELEMENT":"f.BFA6686384EB8AF51C921A14935892A3.d.41635627C6C46625921431DBB3F7B416.e.574"}]}
COMMAND: POST /session/3de6532c1d241a05c067477dc4de9f43/execute/async - {"script":"<script> [21 bytes]","args":[{"selector":{"id":"rfm.programui::xRFMxCU_ProgramObjectPage--fe::HeaderFacet::Form::headerFieldsGP1::DataField::ProgramId::Field-content"},"wdio_ui5_key":"rfmprogramui::xRFMxCU_ProgramObjectPage--fe::HeaderFacet::Form::headerFieldsGP1::DataField::ProgramId::Field-content"}]}
COMMAND: GET /session/3de6532c1d241a05c067477dc4de9f43/screenshot - {}
RESULT: {}
RESULT: {"script":"<script> [21 bytes]","args":[{"selector":{"id":"rfm.programui::xRFMxCU_ProgramObjectPage--fe::HeaderFacet::Form::headerFieldsGP1::DataField::ProgramId::Field-content"},"wdio_ui5_key":"rfmprogramui::xRFMxCU_ProgramObjectPage--fe::HeaderFacet::Form::headerFieldsGP1::DataField::ProgramId::Field-content"}]}
RESULT: undefined
COMMAND: POST /session/3de6532c1d241a05c067477dc4de9f43/execute/async - {"script":"<script> [21 bytes]","args":[{"element-6066-11e4-a52e-4f735466cecf":"f.BFA6686384EB8AF51C921A14935892A3.d.41635627C6C46625921431DBB3F7B416.e.583"},"getText",[]]}
RESULT: {"script":"<script> [21 bytes]","args":[{"element-6066-11e4-a52e-4f735466cecf":"f.BFA6686384EB8AF51C921A14935892A3.d.41635627C6C46625921431DBB3F7B416.e.583"},"getText",[]]}
COMMAND: POST /session/3de6532c1d241a05c067477dc4de9f43/element - {"using":"css selector","value":"div.sapUiLocalBusyIndicator"}
RESULT: {"using":"css selector","value":"div.sapUiLocalBusyIndicator"}
COMMAND: POST /session/3de6532c1d241a05c067477dc4de9f43/element - {"using":"css selector","value":"div.sapUiLocalBusyIndicator"}
RESULT: {"using":"css selector","value":"div.sapUiLocalBusyIndicator"}
COMMAND: POST /session/3de6532c1d241a05c067477dc4de9f43/execute/async - {"script":"<script> [21 bytes]","args":[{"selector":{"id":"rfm.programui::xRFMxCU_ProgramObjectPage--fe::DataFieldForAction::com.sap.gateway.srvd.rfm.ui_program.v0001.Open::com.sap.gateway.srvd.rfm.ui_program.v0001.xRFMxCU_ProgramType","interaction":{"idSuffix":"BDI-content"}},"wdio_ui5_key":"rfmprogramui::xRFMxCU_ProgramObjectPage--fe::DataFieldForAction::com.sap.gateway.srvd.rfm.ui_program.v0001.Open::com.sap.gateway.srvd.rfm.ui_program.v0001.xRFMxCU_ProgramType"}]}
RESULT: {"script":"<script> [21 bytes]","args":[{"selector":{"id":"rfm.programui::xRFMxCU_ProgramObjectPage--fe::DataFieldForAction::com.sap.gateway.srvd.rfm.ui_program.v0001.Open::com.sap.gateway.srvd.rfm.ui_program.v0001.xRFMxCU_ProgramType","interaction":{"idSuffix":"BDI-content"}},"wdio_ui5_key":"rfmprogramui::xRFMxCU_ProgramObjectPage--fe::DataFieldForAction::com.sap.gateway.srvd.rfm.ui_program.v0001.Open::com.sap.gateway.srvd.rfm.ui_program.v0001.xRFMxCU_ProgramType"}]}
RESULT: undefined
COMMAND: POST /session/3de6532c1d241a05c067477dc4de9f43/element - {"using":"xpath","value":"//*[@id=\"rfm.programui::xRFMxCU_ProgramObjectPage--fe::DataFieldForAction::com.sap.gateway.srvd.rfm.ui_program.v0001.Open::com.sap.gateway.srvd.rfm.ui_program.v0001.xRFMxCU_ProgramType\"]"}
RESULT: {"using":"xpath","value":"//*[@id=\"rfm.programui::xRFMxCU_ProgramObjectPage--fe::DataFieldForAction::com.sap.gateway.srvd.rfm.ui_program.v0001.Open::com.sap.gateway.srvd.rfm.ui_program.v0001.xRFMxCU_ProgramType\"]"}
COMMAND: POST /session/3de6532c1d241a05c067477dc4de9f43/element/f.BFA6686384EB8AF51C921A14935892A3.d.41635627C6C46625921431DBB3F7B416.e.347/click - {}
RESULT: {}
COMMAND: POST /session/3de6532c1d241a05c067477dc4de9f43/element - {"using":"css selector","value":"div.sapUiLocalBusyIndicator"}
COMMAND: GET /session/3de6532c1d241a05c067477dc4de9f43/screenshot - {}
RESULT: {"using":"css selector","value":"div.sapUiLocalBusyIndicator"}
COMMAND: POST /session/3de6532c1d241a05c067477dc4de9f43/element - {"using":"css selector","value":"div.sapUiLocalBusyIndicator"}
RESULT: {}
RESULT: {"using":"css selector","value":"div.sapUiLocalBusyIndicator"}
COMMAND: POST /session/3de6532c1d241a05c067477dc4de9f43/execute/async - {"script":"<script> [21 bytes]","args":[{"selector":{"controlType":"sap.m.Button","properties":{"text":"OK"},"searchOpenDialogs":true,"interaction":{"idSuffix":"BDI-content"}},"wdio_ui5_key":"sapm.Button{\"text\":\"OK\"}"}]}
RESULT: {"script":"<script> [21 bytes]","args":[{"selector":{"controlType":"sap.m.Button","properties":{"text":"OK"},"searchOpenDialogs":true,"interaction":{"idSuffix":"BDI-content"}},"wdio_ui5_key":"sapm.Button{\"text\":\"OK\"}"}]}
RESULT: undefined
COMMAND: POST /session/3de6532c1d241a05c067477dc4de9f43/element - {"using":"xpath","value":"//*[@id=\"__mbox-btn-0\"]"}
RESULT: {"using":"xpath","value":"//*[@id=\"__mbox-btn-0\"]"}
COMMAND: POST /session/3de6532c1d241a05c067477dc4de9f43/element/f.BFA6686384EB8AF51C921A14935892A3.d.41635627C6C46625921431DBB3F7B416.e.585/click - {}
RESULT: {}
COMMAND: POST /session/3de6532c1d241a05c067477dc4de9f43/element - {"using":"css selector","value":"div.sapUiLocalBusyIndicator"}
COMMAND: GET /session/3de6532c1d241a05c067477dc4de9f43/screenshot - {}
RESULT: {"using":"css selector","value":"div.sapUiLocalBusyIndicator"}
COMMAND: POST /session/3de6532c1d241a05c067477dc4de9f43/element - {"using":"css selector","value":"div.sapUiLocalBusyIndicator"}
RESULT: {}
RESULT: {"using":"css selector","value":"div.sapUiLocalBusyIndicator"}
COMMAND: POST /session/3de6532c1d241a05c067477dc4de9f43/execute/async - {"script":"<script> [21 bytes]","args":[{"selector":{"id":"backBtn"},"wdio_ui5_key":"backBtn"}]}
RESULT: {"script":"<script> [21 bytes]","args":[{"selector":{"id":"backBtn"},"wdio_ui5_key":"backBtn"}]}
RESULT: undefined
COMMAND: POST /session/3de6532c1d241a05c067477dc4de9f43/element - {"using":"xpath","value":"//*[@id=\"backBtn\"]"}
RESULT: {"using":"xpath","value":"//*[@id=\"backBtn\"]"}
COMMAND: POST /session/3de6532c1d241a05c067477dc4de9f43/element/f.BFA6686384EB8AF51C921A14935892A3.d.41635627C6C46625921431DBB3F7B416.e.590/click - {}
RESULT: {}
COMMAND: GET /session/3de6532c1d241a05c067477dc4de9f43/screenshot - {}
RESULT: {}
COMMAND: POST /session/3de6532c1d241a05c067477dc4de9f43/element/f.BFA6686384EB8AF51C921A14935892A3.d.41635627C6C46625921431DBB3F7B416.e.590/click - {}
COMMAND: GET /session/3de6532c1d241a05c067477dc4de9f43/screenshot - {}
]]></system-out>
    </testcase>
    <testcase classname="chrome.138_0_7204_184.windows.Trigger" name="Should create Transaction" time="52.05">
      <system-out><![CDATA[
COMMAND: POST /session/3de6532c1d241a05c067477dc4de9f43/execute/async - {"script":"<script> [21 bytes]","args":[{"selector":{"controlType":"sap.m.GenericTile","properties":{"header":"Funding Transaction"}},"wdio_ui5_key":"sapm.GenericTile{\"header\":\"Funding Transaction\"}"}]}
RESULT: {}
COMMAND: GET /session/3de6532c1d241a05c067477dc4de9f43/screenshot - {}
RESULT: {}
RESULT: {"script":"<script> [21 bytes]","args":[{"selector":{"controlType":"sap.m.GenericTile","properties":{"header":"Funding Transaction"}},"wdio_ui5_key":"sapm.GenericTile{\"header\":\"Funding Transaction\"}"}]}
RESULT: undefined
COMMAND: POST /session/3de6532c1d241a05c067477dc4de9f43/element - {"using":"xpath","value":"//*[@id=\"__tile30\"]"}
RESULT: {}
RESULT: {"using":"xpath","value":"//*[@id=\"__tile30\"]"}
COMMAND: POST /session/3de6532c1d241a05c067477dc4de9f43/element/f.BFA6686384EB8AF51C921A14935892A3.d.41635627C6C46625921431DBB3F7B416.e.683/click - {}
RESULT: {}
COMMAND: POST /session/3de6532c1d241a05c067477dc4de9f43/execute/async - {"script":"<script> [21 bytes]","args":[{"selector":{"id":"rfm.transactionui::xRFMxCU_TransactionList--fe::table::allTab::LineItem::StandardAction::Create","controlType":"sap.m.Button"},"wdio_ui5_key":"rfmtransactionui::xRFMxCU_TransactionList--fe::table::allTab::LineItem::StandardAction::Createsap.m.Button"}]}
COMMAND: GET /session/3de6532c1d241a05c067477dc4de9f43/screenshot - {}
RESULT: {"script":"<script> [21 bytes]","args":[{"selector":{"id":"rfm.transactionui::xRFMxCU_TransactionList--fe::table::allTab::LineItem::StandardAction::Create","controlType":"sap.m.Button"},"wdio_ui5_key":"rfmtransactionui::xRFMxCU_TransactionList--fe::table::allTab::LineItem::StandardAction::Createsap.m.Button"}]}
RESULT: undefined
COMMAND: POST /session/3de6532c1d241a05c067477dc4de9f43/element - {"using":"xpath","value":"//*[@id=\"rfm.transactionui::xRFMxCU_TransactionList--fe::table::allTab::LineItem::StandardAction::Create\"]"}
RESULT: {}
RESULT: {"using":"xpath","value":"//*[@id=\"rfm.transactionui::xRFMxCU_TransactionList--fe::table::allTab::LineItem::StandardAction::Create\"]"}
COMMAND: POST /session/3de6532c1d241a05c067477dc4de9f43/element/f.BFA6686384EB8AF51C921A14935892A3.d.41635627C6C46625921431DBB3F7B416.e.740/click - {}
RESULT: {}
COMMAND: POST /session/3de6532c1d241a05c067477dc4de9f43/element - {"using":"css selector","value":"div.sapUiLocalBusyIndicator"}
COMMAND: GET /session/3de6532c1d241a05c067477dc4de9f43/screenshot - {}
RESULT: {"using":"css selector","value":"div.sapUiLocalBusyIndicator"}
COMMAND: POST /session/3de6532c1d241a05c067477dc4de9f43/execute/sync - {"script":"<script> [21 bytes]","args":[{"element-6066-11e4-a52e-4f735466cecf":"f.BFA6686384EB8AF51C921A14935892A3.d.41635627C6C46625921431DBB3F7B416.e.921","ELEMENT":"f.BFA6686384EB8AF51C921A14935892A3.d.41635627C6C46625921431DBB3F7B416.e.921"}]}
RESULT: {}
RESULT: {"script":"<script> [21 bytes]","args":[{"element-6066-11e4-a52e-4f735466cecf":"f.BFA6686384EB8AF51C921A14935892A3.d.41635627C6C46625921431DBB3F7B416.e.921","ELEMENT":"f.BFA6686384EB8AF51C921A14935892A3.d.41635627C6C46625921431DBB3F7B416.e.921"}]}
COMMAND: POST /session/3de6532c1d241a05c067477dc4de9f43/execute/async - {"script":"<script> [21 bytes]","args":[{"selector":{"id":"CreateDialog::xRFMxCU_TransactionType::ProgramId-inner-vhi","searchOpenDialogs":true},"wdio_ui5_key":"CreateDialogxRFMxCU_TransactionType::ProgramId-inner-vhi"}]}
COMMAND: GET /session/3de6532c1d241a05c067477dc4de9f43/screenshot - {}
RESULT: {"script":"<script> [21 bytes]","args":[{"selector":{"id":"CreateDialog::xRFMxCU_TransactionType::ProgramId-inner-vhi","searchOpenDialogs":true},"wdio_ui5_key":"CreateDialogxRFMxCU_TransactionType::ProgramId-inner-vhi"}]}
RESULT: undefined
COMMAND: POST /session/3de6532c1d241a05c067477dc4de9f43/element - {"using":"xpath","value":"//*[@id=\"CreateDialog::xRFMxCU_TransactionType::ProgramId-inner-vhi\"]"}
RESULT: {}
RESULT: {"using":"xpath","value":"//*[@id=\"CreateDialog::xRFMxCU_TransactionType::ProgramId-inner-vhi\"]"}
COMMAND: POST /session/3de6532c1d241a05c067477dc4de9f43/element/f.BFA6686384EB8AF51C921A14935892A3.d.41635627C6C46625921431DBB3F7B416.e.925/click - {}
RESULT: {}
COMMAND: POST /session/3de6532c1d241a05c067477dc4de9f43/element - {"using":"css selector","value":"div.sapUiLocalBusyIndicator"}
COMMAND: GET /session/3de6532c1d241a05c067477dc4de9f43/screenshot - {}
RESULT: {"using":"css selector","value":"div.sapUiLocalBusyIndicator"}
COMMAND: POST /session/3de6532c1d241a05c067477dc4de9f43/execute/sync - {"script":"<script> [21 bytes]","args":[{"element-6066-11e4-a52e-4f735466cecf":"f.BFA6686384EB8AF51C921A14935892A3.d.41635627C6C46625921431DBB3F7B416.e.929","ELEMENT":"f.BFA6686384EB8AF51C921A14935892A3.d.41635627C6C46625921431DBB3F7B416.e.929"}]}
RESULT: {}
COMMAND: POST /session/3de6532c1d241a05c067477dc4de9f43/element - {"using":"css selector","value":"div.sapUiLocalBusyIndicator"}
RESULT: {"using":"css selector","value":"div.sapUiLocalBusyIndicator"}
COMMAND: POST /session/3de6532c1d241a05c067477dc4de9f43/execute/sync - {"script":"<script> [21 bytes]","args":[{"element-6066-11e4-a52e-4f735466cecf":"f.BFA6686384EB8AF51C921A14935892A3.d.41635627C6C46625921431DBB3F7B416.e.921","ELEMENT":"f.BFA6686384EB8AF51C921A14935892A3.d.41635627C6C46625921431DBB3F7B416.e.921"}]}
RESULT: {"script":"<script> [21 bytes]","args":[{"element-6066-11e4-a52e-4f735466cecf":"f.BFA6686384EB8AF51C921A14935892A3.d.41635627C6C46625921431DBB3F7B416.e.921","ELEMENT":"f.BFA6686384EB8AF51C921A14935892A3.d.41635627C6C46625921431DBB3F7B416.e.921"}]}
COMMAND: POST /session/3de6532c1d241a05c067477dc4de9f43/execute/async - {"script":"<script> [21 bytes]","args":[{"selector":{"id":"ProgramId::VH::Dialog::qualifier::-search-inner","searchOpenDialogs":true,"interaction":{"idSuffix":"I"}},"wdio_ui5_key":"ProgramIdVH::Dialog::qualifier::-search-inner"}]}
COMMAND: GET /session/3de6532c1d241a05c067477dc4de9f43/screenshot - {}
RESULT: {"script":"<script> [21 bytes]","args":[{"selector":{"id":"ProgramId::VH::Dialog::qualifier::-search-inner","searchOpenDialogs":true,"interaction":{"idSuffix":"I"}},"wdio_ui5_key":"ProgramIdVH::Dialog::qualifier::-search-inner"}]}
RESULT: undefined
COMMAND: POST /session/3de6532c1d241a05c067477dc4de9f43/execute/async - {"script":"<script> [20 bytes]","args":[{"enterText":"*1637*","selector":{"id":"ProgramId::VH::Dialog::qualifier::-search-inner","searchOpenDialogs":true,"interaction":{"idSuffix":"I"}},"clearTextFirst":true,"interactionType":"ENTER_TEXT"}]}
RESULT: {}
RESULT: {"script":"<script> [20 bytes]","args":[{"enterText":"*1637*","selector":{"id":"ProgramId::VH::Dialog::qualifier::-search-inner","searchOpenDialogs":true,"interaction":{"idSuffix":"I"}},"clearTextFirst":true,"interactionType":"ENTER_TEXT"}]}
COMMAND: POST /session/3de6532c1d241a05c067477dc4de9f43/element - {"using":"css selector","value":"div.sapUiLocalBusyIndicator"}
RESULT: {"using":"css selector","value":"div.sapUiLocalBusyIndicator"}
COMMAND: POST /session/3de6532c1d241a05c067477dc4de9f43/execute/sync - {"script":"<script> [21 bytes]","args":[{"element-6066-11e4-a52e-4f735466cecf":"f.BFA6686384EB8AF51C921A14935892A3.d.41635627C6C46625921431DBB3F7B416.e.921","ELEMENT":"f.BFA6686384EB8AF51C921A14935892A3.d.41635627C6C46625921431DBB3F7B416.e.921"}]}
RESULT: {"script":"<script> [21 bytes]","args":[{"element-6066-11e4-a52e-4f735466cecf":"f.BFA6686384EB8AF51C921A14935892A3.d.41635627C6C46625921431DBB3F7B416.e.921","ELEMENT":"f.BFA6686384EB8AF51C921A14935892A3.d.41635627C6C46625921431DBB3F7B416.e.921"}]}
COMMAND: POST /session/3de6532c1d241a05c067477dc4de9f43/execute/async - {"script":"<script> [21 bytes]","args":[{"selector":{"id":"ProgramId::VH::Dialog::qualifier::::Table-innerTable-rows-row0","searchOpenDialogs":true},"wdio_ui5_key":"ProgramIdVH::Dialog::qualifier::::Table-innerTable-rows-row0"}]}
COMMAND: GET /session/3de6532c1d241a05c067477dc4de9f43/screenshot - {}
RESULT: {"script":"<script> [21 bytes]","args":[{"selector":{"id":"ProgramId::VH::Dialog::qualifier::::Table-innerTable-rows-row0","searchOpenDialogs":true},"wdio_ui5_key":"ProgramIdVH::Dialog::qualifier::::Table-innerTable-rows-row0"}]}
RESULT: undefined
COMMAND: POST /session/3de6532c1d241a05c067477dc4de9f43/element - {"using":"xpath","value":"//*[@id=\"ProgramId::VH::Dialog::qualifier::::Table-innerTable-rows-row0\"]"}
RESULT: {}
RESULT: {"using":"xpath","value":"//*[@id=\"ProgramId::VH::Dialog::qualifier::::Table-innerTable-rows-row0\"]"}
COMMAND: POST /session/3de6532c1d241a05c067477dc4de9f43/element/f.BFA6686384EB8AF51C921A14935892A3.d.41635627C6C46625921431DBB3F7B416.e.934/click - {}
RESULT: {}
COMMAND: POST /session/3de6532c1d241a05c067477dc4de9f43/element - {"using":"css selector","value":"div.sapUiLocalBusyIndicator"}
COMMAND: GET /session/3de6532c1d241a05c067477dc4de9f43/screenshot - {}
RESULT: {"using":"css selector","value":"div.sapUiLocalBusyIndicator"}
COMMAND: POST /session/3de6532c1d241a05c067477dc4de9f43/execute/sync - {"script":"<script> [21 bytes]","args":[{"element-6066-11e4-a52e-4f735466cecf":"f.BFA6686384EB8AF51C921A14935892A3.d.41635627C6C46625921431DBB3F7B416.e.921","ELEMENT":"f.BFA6686384EB8AF51C921A14935892A3.d.41635627C6C46625921431DBB3F7B416.e.921"}]}
RESULT: {}
RESULT: {"script":"<script> [21 bytes]","args":[{"element-6066-11e4-a52e-4f735466cecf":"f.BFA6686384EB8AF51C921A14935892A3.d.41635627C6C46625921431DBB3F7B416.e.921","ELEMENT":"f.BFA6686384EB8AF51C921A14935892A3.d.41635627C6C46625921431DBB3F7B416.e.921"}]}
COMMAND: POST /session/3de6532c1d241a05c067477dc4de9f43/execute/async - {"script":"<script> [21 bytes]","args":[{"selector":{"id":"CreateDialog::xRFMxCU_TransactionType::FundingType-inner","searchOpenDialogs":true,"interaction":{"idSuffix":"inner"}},"wdio_ui5_key":"CreateDialogxRFMxCU_TransactionType::FundingType-inner"}]}
COMMAND: GET /session/3de6532c1d241a05c067477dc4de9f43/screenshot - {}
RESULT: {"script":"<script> [21 bytes]","args":[{"selector":{"id":"CreateDialog::xRFMxCU_TransactionType::FundingType-inner","searchOpenDialogs":true,"interaction":{"idSuffix":"inner"}},"wdio_ui5_key":"CreateDialogxRFMxCU_TransactionType::FundingType-inner"}]}
RESULT: undefined
COMMAND: POST /session/3de6532c1d241a05c067477dc4de9f43/execute/async - {"script":"<script> [20 bytes]","args":[{"enterText":"30","selector":{"id":"CreateDialog::xRFMxCU_TransactionType::FundingType-inner","searchOpenDialogs":true,"interaction":{"idSuffix":"inner"}},"clearTextFirst":true,"interactionType":"ENTER_TEXT"}]}
RESULT: {}
RESULT: {"script":"<script> [20 bytes]","args":[{"enterText":"30","selector":{"id":"CreateDialog::xRFMxCU_TransactionType::FundingType-inner","searchOpenDialogs":true,"interaction":{"idSuffix":"inner"}},"clearTextFirst":true,"interactionType":"ENTER_TEXT"}]}
COMMAND: POST /session/3de6532c1d241a05c067477dc4de9f43/element - {"using":"css selector","value":"div.sapUiLocalBusyIndicator"}
RESULT: {"using":"css selector","value":"div.sapUiLocalBusyIndicator"}
COMMAND: POST /session/3de6532c1d241a05c067477dc4de9f43/execute/sync - {"script":"<script> [21 bytes]","args":[{"element-6066-11e4-a52e-4f735466cecf":"f.BFA6686384EB8AF51C921A14935892A3.d.41635627C6C46625921431DBB3F7B416.e.921","ELEMENT":"f.BFA6686384EB8AF51C921A14935892A3.d.41635627C6C46625921431DBB3F7B416.e.921"}]}
RESULT: {"script":"<script> [21 bytes]","args":[{"element-6066-11e4-a52e-4f735466cecf":"f.BFA6686384EB8AF51C921A14935892A3.d.41635627C6C46625921431DBB3F7B416.e.921","ELEMENT":"f.BFA6686384EB8AF51C921A14935892A3.d.41635627C6C46625921431DBB3F7B416.e.921"}]}
COMMAND: POST /session/3de6532c1d241a05c067477dc4de9f43/execute/async - {"script":"<script> [21 bytes]","args":[{"selector":{"id":"CreateDialog::xRFMxCU_Transaction-footer","searchOpenDialogs":true},"wdio_ui5_key":"CreateDialogxRFMxCU_Transaction-footer"}]}
COMMAND: GET /session/3de6532c1d241a05c067477dc4de9f43/screenshot - {}
RESULT: {"script":"<script> [21 bytes]","args":[{"selector":{"id":"CreateDialog::xRFMxCU_Transaction-footer","searchOpenDialogs":true},"wdio_ui5_key":"CreateDialogxRFMxCU_Transaction-footer"}]}
RESULT: undefined
COMMAND: POST /session/3de6532c1d241a05c067477dc4de9f43/element - {"using":"xpath","value":"//*[@id=\"CreateDialog::xRFMxCU_Transaction-footer\"]"}
RESULT: {}
RESULT: {"using":"xpath","value":"//*[@id=\"CreateDialog::xRFMxCU_Transaction-footer\"]"}
COMMAND: POST /session/3de6532c1d241a05c067477dc4de9f43/element/f.BFA6686384EB8AF51C921A14935892A3.d.41635627C6C46625921431DBB3F7B416.e.937/click - {}
RESULT: {}
COMMAND: POST /session/3de6532c1d241a05c067477dc4de9f43/element - {"using":"css selector","value":"div.sapUiLocalBusyIndicator"}
COMMAND: GET /session/3de6532c1d241a05c067477dc4de9f43/screenshot - {}
RESULT: {"using":"css selector","value":"div.sapUiLocalBusyIndicator"}
COMMAND: POST /session/3de6532c1d241a05c067477dc4de9f43/execute/sync - {"script":"<script> [21 bytes]","args":[{"element-6066-11e4-a52e-4f735466cecf":"f.BFA6686384EB8AF51C921A14935892A3.d.41635627C6C46625921431DBB3F7B416.e.921","ELEMENT":"f.BFA6686384EB8AF51C921A14935892A3.d.41635627C6C46625921431DBB3F7B416.e.921"}]}
RESULT: {}
RESULT: {"script":"<script> [21 bytes]","args":[{"element-6066-11e4-a52e-4f735466cecf":"f.BFA6686384EB8AF51C921A14935892A3.d.41635627C6C46625921431DBB3F7B416.e.921","ELEMENT":"f.BFA6686384EB8AF51C921A14935892A3.d.41635627C6C46625921431DBB3F7B416.e.921"}]}
COMMAND: POST /session/3de6532c1d241a05c067477dc4de9f43/execute/async - {"script":"<script> [21 bytes]","args":[{"forceSelect":true,"selector":{"controlType":"sap.m.Button","viewName":"sap.fe.templates.ObjectPage.ObjectPage","viewId":"rfm.transactionui::xRFMxCU_TransactionObjectPage","properties":{"text":"Continue"},"searchOpenDialogs":true,"interaction":{"idSuffix":"BDI-content"}},"wdio_ui5_key":"sapfe.templates.ObjectPage.ObjectPagesap.m.Button{\"text\":\"Continue\"}"}]}
COMMAND: GET /session/3de6532c1d241a05c067477dc4de9f43/screenshot - {}
RESULT: {"script":"<script> [21 bytes]","args":[{"forceSelect":true,"selector":{"controlType":"sap.m.Button","viewName":"sap.fe.templates.ObjectPage.ObjectPage","viewId":"rfm.transactionui::xRFMxCU_TransactionObjectPage","properties":{"text":"Continue"},"searchOpenDialogs":true,"interaction":{"idSuffix":"BDI-content"}},"wdio_ui5_key":"sapfe.templates.ObjectPage.ObjectPagesap.m.Button{\"text\":\"Continue\"}"}]}
RESULT: undefined
COMMAND: POST /session/3de6532c1d241a05c067477dc4de9f43/element - {"using":"xpath","value":"//*[@id=\"__button245\"]"}
RESULT: {}
RESULT: {"using":"xpath","value":"//*[@id=\"__button245\"]"}
COMMAND: POST /session/3de6532c1d241a05c067477dc4de9f43/element/f.BFA6686384EB8AF51C921A14935892A3.d.41635627C6C46625921431DBB3F7B416.e.939/click - {}
RESULT: {}
COMMAND: POST /session/3de6532c1d241a05c067477dc4de9f43/element - {"using":"css selector","value":"div.sapUiLocalBusyIndicator"}
COMMAND: GET /session/3de6532c1d241a05c067477dc4de9f43/screenshot - {}
RESULT: {"using":"css selector","value":"div.sapUiLocalBusyIndicator"}
COMMAND: POST /session/3de6532c1d241a05c067477dc4de9f43/execute/sync - {"script":"<script> [21 bytes]","args":[{"element-6066-11e4-a52e-4f735466cecf":"f.BFA6686384EB8AF51C921A14935892A3.d.41635627C6C46625921431DBB3F7B416.e.921","ELEMENT":"f.BFA6686384EB8AF51C921A14935892A3.d.41635627C6C46625921431DBB3F7B416.e.921"}]}
RESULT: {}
COMMAND: POST /session/3de6532c1d241a05c067477dc4de9f43/element - {"using":"css selector","value":"div.sapUiLocalBusyIndicator"}
RESULT: {"using":"css selector","value":"div.sapUiLocalBusyIndicator"}
COMMAND: POST /session/3de6532c1d241a05c067477dc4de9f43/element - {"using":"css selector","value":"div.sapUiLocalBusyIndicator"}
RESULT: {"using":"css selector","value":"div.sapUiLocalBusyIndicator"}
COMMAND: POST /session/3de6532c1d241a05c067477dc4de9f43/execute/async - {"script":"<script> [21 bytes]","args":[{"selector":{"id":"rfm.transactionui::xRFMxCU_TransactionObjectPage--fe::CustomSubSection::CustomDetailsSection--fe::FormContainer::FieldGroup::Term::FormElement::DataField::AssetCashflowDateFrom::Field-edit","interaction":{"idSuffix":"inner"}},"wdio_ui5_key":"rfmtransactionui::xRFMxCU_TransactionObjectPage--fe::CustomSubSection::CustomDetailsSection--fe::FormContainer::FieldGroup::Term::FormElement::DataField::AssetCashflowDateFrom::Field-edit"}]}
RESULT: {"script":"<script> [21 bytes]","args":[{"selector":{"id":"rfm.transactionui::xRFMxCU_TransactionObjectPage--fe::CustomSubSection::CustomDetailsSection--fe::FormContainer::FieldGroup::Term::FormElement::DataField::AssetCashflowDateFrom::Field-edit","interaction":{"idSuffix":"inner"}},"wdio_ui5_key":"rfmtransactionui::xRFMxCU_TransactionObjectPage--fe::CustomSubSection::CustomDetailsSection--fe::FormContainer::FieldGroup::Term::FormElement::DataField::AssetCashflowDateFrom::Field-edit"}]}
RESULT: undefined
COMMAND: POST /session/3de6532c1d241a05c067477dc4de9f43/execute/async - {"script":"<script> [20 bytes]","args":[{"enterText":"2025-01-01","selector":{"id":"rfm.transactionui::xRFMxCU_TransactionObjectPage--fe::CustomSubSection::CustomDetailsSection--fe::FormContainer::FieldGroup::Term::FormElement::DataField::AssetCashflowDateFrom::Field-edit","interaction":{"idSuffix":"inner"}},"clearTextFirst":true,"interactionType":"ENTER_TEXT"}]}
RESULT: {"script":"<script> [20 bytes]","args":[{"enterText":"2025-01-01","selector":{"id":"rfm.transactionui::xRFMxCU_TransactionObjectPage--fe::CustomSubSection::CustomDetailsSection--fe::FormContainer::FieldGroup::Term::FormElement::DataField::AssetCashflowDateFrom::Field-edit","interaction":{"idSuffix":"inner"}},"clearTextFirst":true,"interactionType":"ENTER_TEXT"}]}
COMMAND: POST /session/3de6532c1d241a05c067477dc4de9f43/element - {"using":"css selector","value":"div.sapUiLocalBusyIndicator"}
RESULT: {"using":"css selector","value":"div.sapUiLocalBusyIndicator"}
COMMAND: POST /session/3de6532c1d241a05c067477dc4de9f43/element - {"using":"css selector","value":"div.sapUiLocalBusyIndicator"}
RESULT: {"using":"css selector","value":"div.sapUiLocalBusyIndicator"}
COMMAND: POST /session/3de6532c1d241a05c067477dc4de9f43/execute/async - {"script":"<script> [21 bytes]","args":[{"selector":{"id":"rfm.transactionui::xRFMxCU_TransactionObjectPage--fe::CustomSubSection::CustomDetailsSection--fe::FormContainer::FieldGroup::Term::FormElement::DataField::AssetCashflowDateTo::Field-edit","interaction":{"idSuffix":"inner"}},"wdio_ui5_key":"rfmtransactionui::xRFMxCU_TransactionObjectPage--fe::CustomSubSection::CustomDetailsSection--fe::FormContainer::FieldGroup::Term::FormElement::DataField::AssetCashflowDateTo::Field-edit"}]}
RESULT: {"script":"<script> [21 bytes]","args":[{"selector":{"id":"rfm.transactionui::xRFMxCU_TransactionObjectPage--fe::CustomSubSection::CustomDetailsSection--fe::FormContainer::FieldGroup::Term::FormElement::DataField::AssetCashflowDateTo::Field-edit","interaction":{"idSuffix":"inner"}},"wdio_ui5_key":"rfmtransactionui::xRFMxCU_TransactionObjectPage--fe::CustomSubSection::CustomDetailsSection--fe::FormContainer::FieldGroup::Term::FormElement::DataField::AssetCashflowDateTo::Field-edit"}]}
RESULT: undefined
COMMAND: POST /session/3de6532c1d241a05c067477dc4de9f43/execute/async - {"script":"<script> [20 bytes]","args":[{"enterText":"2027-12-31","selector":{"id":"rfm.transactionui::xRFMxCU_TransactionObjectPage--fe::CustomSubSection::CustomDetailsSection--fe::FormContainer::FieldGroup::Term::FormElement::DataField::AssetCashflowDateTo::Field-edit","interaction":{"idSuffix":"inner"}},"clearTextFirst":true,"interactionType":"ENTER_TEXT"}]}
RESULT: {"script":"<script> [20 bytes]","args":[{"enterText":"2027-12-31","selector":{"id":"rfm.transactionui::xRFMxCU_TransactionObjectPage--fe::CustomSubSection::CustomDetailsSection--fe::FormContainer::FieldGroup::Term::FormElement::DataField::AssetCashflowDateTo::Field-edit","interaction":{"idSuffix":"inner"}},"clearTextFirst":true,"interactionType":"ENTER_TEXT"}]}
COMMAND: POST /session/3de6532c1d241a05c067477dc4de9f43/element - {"using":"css selector","value":"div.sapUiLocalBusyIndicator"}
RESULT: {"using":"css selector","value":"div.sapUiLocalBusyIndicator"}
COMMAND: POST /session/3de6532c1d241a05c067477dc4de9f43/element - {"using":"css selector","value":"div.sapUiLocalBusyIndicator"}
RESULT: {"using":"css selector","value":"div.sapUiLocalBusyIndicator"}
COMMAND: POST /session/3de6532c1d241a05c067477dc4de9f43/execute/async - {"script":"<script> [21 bytes]","args":[{"selector":{"id":"rfm.transactionui::xRFMxCU_TransactionObjectPage--fe::ObjectPage-anchBar-rfm.transactionui::xRFMxCU_TransactionObjectPage--fe::EditableHeaderSection-anchor","interaction":{"idSuffix":"text"}},"wdio_ui5_key":"rfmtransactionui::xRFMxCU_TransactionObjectPage--fe::ObjectPage-anchBar-rfm.transactionui::xRFMxCU_TransactionObjectPage--fe::EditableHeaderSection-anchor"}]}
RESULT: {"script":"<script> [21 bytes]","args":[{"selector":{"id":"rfm.transactionui::xRFMxCU_TransactionObjectPage--fe::ObjectPage-anchBar-rfm.transactionui::xRFMxCU_TransactionObjectPage--fe::EditableHeaderSection-anchor","interaction":{"idSuffix":"text"}},"wdio_ui5_key":"rfmtransactionui::xRFMxCU_TransactionObjectPage--fe::ObjectPage-anchBar-rfm.transactionui::xRFMxCU_TransactionObjectPage--fe::EditableHeaderSection-anchor"}]}
RESULT: undefined
COMMAND: POST /session/3de6532c1d241a05c067477dc4de9f43/element - {"using":"xpath","value":"//*[@id=\"rfm.transactionui::xRFMxCU_TransactionObjectPage--fe::ObjectPage-anchBar-rfm.transactionui::xRFMxCU_TransactionObjectPage--fe::EditableHeaderSection-anchor\"]"}
RESULT: {"using":"xpath","value":"//*[@id=\"rfm.transactionui::xRFMxCU_TransactionObjectPage--fe::ObjectPage-anchBar-rfm.transactionui::xRFMxCU_TransactionObjectPage--fe::EditableHeaderSection-anchor\"]"}
COMMAND: POST /session/3de6532c1d241a05c067477dc4de9f43/element/f.BFA6686384EB8AF51C921A14935892A3.d.41635627C6C46625921431DBB3F7B416.e.1014/click - {}
RESULT: {}
COMMAND: POST /session/3de6532c1d241a05c067477dc4de9f43/element - {"using":"css selector","value":"div.sapUiLocalBusyIndicator"}
COMMAND: GET /session/3de6532c1d241a05c067477dc4de9f43/screenshot - {}
RESULT: {"using":"css selector","value":"div.sapUiLocalBusyIndicator"}
COMMAND: POST /session/3de6532c1d241a05c067477dc4de9f43/element - {"using":"css selector","value":"div.sapUiLocalBusyIndicator"}
RESULT: {}
RESULT: {"using":"css selector","value":"div.sapUiLocalBusyIndicator"}
COMMAND: POST /session/3de6532c1d241a05c067477dc4de9f43/execute/async - {"script":"<script> [21 bytes]","args":[{"selector":{"id":"rfm.transactionui::xRFMxCU_TransactionObjectPage--fe::HeaderFacet::FormContainer::headerFieldsGP1::FormElement::DataField::Name::Field-edit","interaction":{"idSuffix":"inner"}},"wdio_ui5_key":"rfmtransactionui::xRFMxCU_TransactionObjectPage--fe::HeaderFacet::FormContainer::headerFieldsGP1::FormElement::DataField::Name::Field-edit"}]}
RESULT: {"script":"<script> [21 bytes]","args":[{"selector":{"id":"rfm.transactionui::xRFMxCU_TransactionObjectPage--fe::HeaderFacet::FormContainer::headerFieldsGP1::FormElement::DataField::Name::Field-edit","interaction":{"idSuffix":"inner"}},"wdio_ui5_key":"rfmtransactionui::xRFMxCU_TransactionObjectPage--fe::HeaderFacet::FormContainer::headerFieldsGP1::FormElement::DataField::Name::Field-edit"}]}
RESULT: undefined
COMMAND: POST /session/3de6532c1d241a05c067477dc4de9f43/execute/async - {"script":"<script> [20 bytes]","args":[{"enterText":"WDIO_Trigger_2025-08-15","selector":{"id":"rfm.transactionui::xRFMxCU_TransactionObjectPage--fe::HeaderFacet::FormContainer::headerFieldsGP1::FormElement::DataField::Name::Field-edit","interaction":{"idSuffix":"inner"}},"clearTextFirst":true,"interactionType":"ENTER_TEXT"}]}
RESULT: {"script":"<script> [20 bytes]","args":[{"enterText":"WDIO_Trigger_2025-08-15","selector":{"id":"rfm.transactionui::xRFMxCU_TransactionObjectPage--fe::HeaderFacet::FormContainer::headerFieldsGP1::FormElement::DataField::Name::Field-edit","interaction":{"idSuffix":"inner"}},"clearTextFirst":true,"interactionType":"ENTER_TEXT"}]}
COMMAND: POST /session/3de6532c1d241a05c067477dc4de9f43/element - {"using":"css selector","value":"div.sapUiLocalBusyIndicator"}
RESULT: {"using":"css selector","value":"div.sapUiLocalBusyIndicator"}
COMMAND: POST /session/3de6532c1d241a05c067477dc4de9f43/element - {"using":"css selector","value":"div.sapUiLocalBusyIndicator"}
RESULT: {"using":"css selector","value":"div.sapUiLocalBusyIndicator"}
COMMAND: POST /session/3de6532c1d241a05c067477dc4de9f43/execute/async - {"script":"<script> [21 bytes]","args":[{"selector":{"id":"rfm.transactionui::xRFMxCU_TransactionObjectPage--fe::HeaderFacet::FormContainer::headerFieldsGP1::FormElement::DataField::TransactionId::Field-display"},"wdio_ui5_key":"rfmtransactionui::xRFMxCU_TransactionObjectPage--fe::HeaderFacet::FormContainer::headerFieldsGP1::FormElement::DataField::TransactionId::Field-display"}]}
RESULT: {"script":"<script> [21 bytes]","args":[{"selector":{"id":"rfm.transactionui::xRFMxCU_TransactionObjectPage--fe::HeaderFacet::FormContainer::headerFieldsGP1::FormElement::DataField::TransactionId::Field-display"},"wdio_ui5_key":"rfmtransactionui::xRFMxCU_TransactionObjectPage--fe::HeaderFacet::FormContainer::headerFieldsGP1::FormElement::DataField::TransactionId::Field-display"}]}
RESULT: undefined
COMMAND: POST /session/3de6532c1d241a05c067477dc4de9f43/execute/async - {"script":"<script> [21 bytes]","args":[{"element-6066-11e4-a52e-4f735466cecf":"f.BFA6686384EB8AF51C921A14935892A3.d.41635627C6C46625921431DBB3F7B416.e.1022"},"getText",[]]}
RESULT: {"script":"<script> [21 bytes]","args":[{"element-6066-11e4-a52e-4f735466cecf":"f.BFA6686384EB8AF51C921A14935892A3.d.41635627C6C46625921431DBB3F7B416.e.1022"},"getText",[]]}
COMMAND: POST /session/3de6532c1d241a05c067477dc4de9f43/element - {"using":"css selector","value":"div.sapUiLocalBusyIndicator"}
RESULT: {"using":"css selector","value":"div.sapUiLocalBusyIndicator"}
COMMAND: POST /session/3de6532c1d241a05c067477dc4de9f43/element - {"using":"css selector","value":"div.sapUiLocalBusyIndicator"}
RESULT: {"using":"css selector","value":"div.sapUiLocalBusyIndicator"}
COMMAND: POST /session/3de6532c1d241a05c067477dc4de9f43/execute/async - {"script":"<script> [21 bytes]","args":[{"selector":{"id":"rfm.transactionui::xRFMxCU_TransactionObjectPage--fe::ObjectPage-anchBar-rfm.transactionui::xRFMxCU_TransactionObjectPage--fe::FacetSection::FundingScopeCollection-anchor"},"wdio_ui5_key":"rfmtransactionui::xRFMxCU_TransactionObjectPage--fe::ObjectPage-anchBar-rfm.transactionui::xRFMxCU_TransactionObjectPage--fe::FacetSection::FundingScopeCollection-anchor"}]}
RESULT: {"script":"<script> [21 bytes]","args":[{"selector":{"id":"rfm.transactionui::xRFMxCU_TransactionObjectPage--fe::ObjectPage-anchBar-rfm.transactionui::xRFMxCU_TransactionObjectPage--fe::FacetSection::FundingScopeCollection-anchor"},"wdio_ui5_key":"rfmtransactionui::xRFMxCU_TransactionObjectPage--fe::ObjectPage-anchBar-rfm.transactionui::xRFMxCU_TransactionObjectPage--fe::FacetSection::FundingScopeCollection-anchor"}]}
RESULT: undefined
COMMAND: POST /session/3de6532c1d241a05c067477dc4de9f43/element - {"using":"xpath","value":"//*[@id=\"rfm.transactionui::xRFMxCU_TransactionObjectPage--fe::ObjectPage-anchBar-rfm.transactionui::xRFMxCU_TransactionObjectPage--fe::FacetSection::FundingScopeCollection-anchor\"]"}
RESULT: {"using":"xpath","value":"//*[@id=\"rfm.transactionui::xRFMxCU_TransactionObjectPage--fe::ObjectPage-anchBar-rfm.transactionui::xRFMxCU_TransactionObjectPage--fe::FacetSection::FundingScopeCollection-anchor\"]"}
COMMAND: POST /session/3de6532c1d241a05c067477dc4de9f43/element/f.BFA6686384EB8AF51C921A14935892A3.d.41635627C6C46625921431DBB3F7B416.e.1023/click - {}
RESULT: {}
COMMAND: POST /session/3de6532c1d241a05c067477dc4de9f43/element - {"using":"css selector","value":"div.sapUiLocalBusyIndicator"}
COMMAND: GET /session/3de6532c1d241a05c067477dc4de9f43/screenshot - {}
RESULT: {"using":"css selector","value":"div.sapUiLocalBusyIndicator"}
COMMAND: POST /session/3de6532c1d241a05c067477dc4de9f43/element - {"using":"css selector","value":"div.sapUiLocalBusyIndicator"}
RESULT: {}
RESULT: {"using":"css selector","value":"div.sapUiLocalBusyIndicator"}
COMMAND: POST /session/3de6532c1d241a05c067477dc4de9f43/execute/async - {"script":"<script> [21 bytes]","args":[{"selector":{"controlType":"sap.ui.mdc.field.FieldInput","viewName":"sap.fe.templates.ObjectPage.ObjectPage","viewId":"rfm.transactionui::xRFMxCU_TransactionObjectPage","bindingPath":{"path":"","propertyPath":"/conditions","modelName":"$field"},"ancestor":{"controlType":"sap.ui.mdc.Field","viewName":"sap.fe.templates.ObjectPage.ObjectPage","viewId":"rfm.transactionui::xRFMxCU_TransactionObjectPage","bindingPath":{"path":"/xRFMxCU_Transaction(TransactionId='1095',IsActiveEntity=false)/_TransactionCFPart(TransactionId='1095',CashFlowPartType='1',IsActiveEntity=false)","propertyPath":"__EntityControl/Updatable"}},"interaction":{"idSuffix":"inner"}},"wdio_ui5_key":"sapfe.templates.ObjectPage.ObjectPagesap.ui.mdc.field.FieldInput{\"path\":\"\",\"propertyPath\":\"/conditions\",\"modelName\":\"$field\"}{\"controlType\":\"sap.ui.mdc.Field\",\"viewName\":\"sap.fe.templates.ObjectPage.ObjectPage\",\"viewId\":\"rfm.transactionui::xRFMxCU_TransactionObjectPage\",\"bindingPath\":{\"path\":\"/xRFMxCU_Transaction(TransactionId='1095',IsActiveEntity=false)/_TransactionCFPart(TransactionId='1095',CashFlowPartType='1',IsActiveEntity=false)\",\"propertyPath\":\"__EntityControl/Updatable\"}}"}]}
RESULT: {"script":"<script> [21 bytes]","args":[{"selector":{"controlType":"sap.ui.mdc.field.FieldInput","viewName":"sap.fe.templates.ObjectPage.ObjectPage","viewId":"rfm.transactionui::xRFMxCU_TransactionObjectPage","bindingPath":{"path":"","propertyPath":"/conditions","modelName":"$field"},"ancestor":{"controlType":"sap.ui.mdc.Field","viewName":"sap.fe.templates.ObjectPage.ObjectPage","viewId":"rfm.transactionui::xRFMxCU_TransactionObjectPage","bindingPath":{"path":"/xRFMxCU_Transaction(TransactionId='1095',IsActiveEntity=false)/_TransactionCFPart(TransactionId='1095',CashFlowPartType='1',IsActiveEntity=false)","propertyPath":"__EntityControl/Updatable"}},"interaction":{"idSuffix":"inner"}},"wdio_ui5_key":"sapfe.templates.ObjectPage.ObjectPagesap.ui.mdc.field.FieldInput{\"path\":\"\",\"propertyPath\":\"/conditions\",\"modelName\":\"$field\"}{\"controlType\":\"sap.ui.mdc.Field\",\"viewName\":\"sap.fe.templates.ObjectPage.ObjectPage\",\"viewId\":\"rfm.transactionui::xRFMxCU_TransactionObjectPage\",\"bindingPath\":{\"path\":\"/xRFMxCU_Transaction(TransactionId='1095',IsActiveEntity=false)/_TransactionCFPart(TransactionId='1095',CashFlowPartType='1',IsActiveEntity=false)\",\"propertyPath\":\"__EntityControl/Updatable\"}}"}]}
RESULT: undefined
COMMAND: POST /session/3de6532c1d241a05c067477dc4de9f43/execute/async - {"script":"<script> [20 bytes]","args":[{"enterText":"Funding","selector":{"controlType":"sap.ui.mdc.field.FieldInput","viewName":"sap.fe.templates.ObjectPage.ObjectPage","viewId":"rfm.transactionui::xRFMxCU_TransactionObjectPage","bindingPath":{"path":"","propertyPath":"/conditions","modelName":"$field"},"ancestor":{"controlType":"sap.ui.mdc.Field","viewName":"sap.fe.templates.ObjectPage.ObjectPage","viewId":"rfm.transactionui::xRFMxCU_TransactionObjectPage","bindingPath":{"path":"/xRFMxCU_Transaction(TransactionId='1095',IsActiveEntity=false)/_TransactionCFPart(TransactionId='1095',CashFlowPartType='1',IsActiveEntity=false)","propertyPath":"__EntityControl/Updatable"}},"interaction":{"idSuffix":"inner"}},"clearTextFirst":true,"interactionType":"ENTER_TEXT"}]}
RESULT: {"script":"<script> [20 bytes]","args":[{"enterText":"Funding","selector":{"controlType":"sap.ui.mdc.field.FieldInput","viewName":"sap.fe.templates.ObjectPage.ObjectPage","viewId":"rfm.transactionui::xRFMxCU_TransactionObjectPage","bindingPath":{"path":"","propertyPath":"/conditions","modelName":"$field"},"ancestor":{"controlType":"sap.ui.mdc.Field","viewName":"sap.fe.templates.ObjectPage.ObjectPage","viewId":"rfm.transactionui::xRFMxCU_TransactionObjectPage","bindingPath":{"path":"/xRFMxCU_Transaction(TransactionId='1095',IsActiveEntity=false)/_TransactionCFPart(TransactionId='1095',CashFlowPartType='1',IsActiveEntity=false)","propertyPath":"__EntityControl/Updatable"}},"interaction":{"idSuffix":"inner"}},"clearTextFirst":true,"interactionType":"ENTER_TEXT"}]}
COMMAND: POST /session/3de6532c1d241a05c067477dc4de9f43/element - {"using":"css selector","value":"div.sapUiLocalBusyIndicator"}
RESULT: {"using":"css selector","value":"div.sapUiLocalBusyIndicator"}
COMMAND: POST /session/3de6532c1d241a05c067477dc4de9f43/element - {"using":"css selector","value":"div.sapUiLocalBusyIndicator"}
RESULT: {"using":"css selector","value":"div.sapUiLocalBusyIndicator"}
COMMAND: POST /session/3de6532c1d241a05c067477dc4de9f43/execute/async - {"script":"<script> [21 bytes]","args":[{"selector":{"id":"rfm.transactionui::xRFMxCU_TransactionObjectPage--fe::table::_TransactionCFPart::LineItem-innerTable-rows-row1","interaction":{"idSuffix":"col0"}},"wdio_ui5_key":"rfmtransactionui::xRFMxCU_TransactionObjectPage--fe::table::_TransactionCFPart::LineItem-innerTable-rows-row1"}]}
RESULT: {"script":"<script> [21 bytes]","args":[{"selector":{"id":"rfm.transactionui::xRFMxCU_TransactionObjectPage--fe::table::_TransactionCFPart::LineItem-innerTable-rows-row1","interaction":{"idSuffix":"col0"}},"wdio_ui5_key":"rfmtransactionui::xRFMxCU_TransactionObjectPage--fe::table::_TransactionCFPart::LineItem-innerTable-rows-row1"}]}
RESULT: undefined
COMMAND: POST /session/3de6532c1d241a05c067477dc4de9f43/element - {"using":"xpath","value":"//*[@id=\"rfm.transactionui::xRFMxCU_TransactionObjectPage--fe::table::_TransactionCFPart::LineItem-innerTable-rows-row1\"]"}
RESULT: {"using":"xpath","value":"//*[@id=\"rfm.transactionui::xRFMxCU_TransactionObjectPage--fe::table::_TransactionCFPart::LineItem-innerTable-rows-row1\"]"}
COMMAND: POST /session/3de6532c1d241a05c067477dc4de9f43/element/f.BFA6686384EB8AF51C921A14935892A3.d.41635627C6C46625921431DBB3F7B416.e.1034/click - {}
RESULT: {}
COMMAND: POST /session/3de6532c1d241a05c067477dc4de9f43/element - {"using":"css selector","value":"div.sapUiLocalBusyIndicator"}
COMMAND: GET /session/3de6532c1d241a05c067477dc4de9f43/screenshot - {}
RESULT: {"using":"css selector","value":"div.sapUiLocalBusyIndicator"}
COMMAND: POST /session/3de6532c1d241a05c067477dc4de9f43/element - {"using":"css selector","value":"div.sapUiLocalBusyIndicator"}
RESULT: {}
RESULT: {"using":"css selector","value":"div.sapUiLocalBusyIndicator"}
COMMAND: POST /session/3de6532c1d241a05c067477dc4de9f43/execute/async - {"script":"<script> [21 bytes]","args":[{"forceSelect":true,"selector":{"controlType":"sap.ui.mdc.field.FieldInput","viewName":"sap.fe.templates.ObjectPage.ObjectPage","viewId":"rfm.transactionui::xRFMxCU_TransactionObjectPage","bindingPath":{"path":"","propertyPath":"/conditions","modelName":"$field"},"ancestor":{"controlType":"sap.ui.mdc.Field","viewName":"sap.fe.templates.ObjectPage.ObjectPage","viewId":"rfm.transactionui::xRFMxCU_TransactionObjectPage","bindingPath":{"path":"/xRFMxCU_Transaction(TransactionId='1095',IsActiveEntity=false)/_TransactionCFPart(TransactionId='1095',CashFlowPartType='2',IsActiveEntity=false)","propertyPath":"__EntityControl/Updatable"}},"interaction":{"idSuffix":"inner"}},"wdio_ui5_key":"sapfe.templates.ObjectPage.ObjectPagesap.ui.mdc.field.FieldInput{\"path\":\"\",\"propertyPath\":\"/conditions\",\"modelName\":\"$field\"}{\"controlType\":\"sap.ui.mdc.Field\",\"viewName\":\"sap.fe.templates.ObjectPage.ObjectPage\",\"viewId\":\"rfm.transactionui::xRFMxCU_TransactionObjectPage\",\"bindingPath\":{\"path\":\"/xRFMxCU_Transaction(TransactionId='1095',IsActiveEntity=false)/_TransactionCFPart(TransactionId='1095',CashFlowPartType='2',IsActiveEntity=false)\",\"propertyPath\":\"__EntityControl/Updatable\"}}"}]}
RESULT: {"script":"<script> [21 bytes]","args":[{"forceSelect":true,"selector":{"controlType":"sap.ui.mdc.field.FieldInput","viewName":"sap.fe.templates.ObjectPage.ObjectPage","viewId":"rfm.transactionui::xRFMxCU_TransactionObjectPage","bindingPath":{"path":"","propertyPath":"/conditions","modelName":"$field"},"ancestor":{"controlType":"sap.ui.mdc.Field","viewName":"sap.fe.templates.ObjectPage.ObjectPage","viewId":"rfm.transactionui::xRFMxCU_TransactionObjectPage","bindingPath":{"path":"/xRFMxCU_Transaction(TransactionId='1095',IsActiveEntity=false)/_TransactionCFPart(TransactionId='1095',CashFlowPartType='2',IsActiveEntity=false)","propertyPath":"__EntityControl/Updatable"}},"interaction":{"idSuffix":"inner"}},"wdio_ui5_key":"sapfe.templates.ObjectPage.ObjectPagesap.ui.mdc.field.FieldInput{\"path\":\"\",\"propertyPath\":\"/conditions\",\"modelName\":\"$field\"}{\"controlType\":\"sap.ui.mdc.Field\",\"viewName\":\"sap.fe.templates.ObjectPage.ObjectPage\",\"viewId\":\"rfm.transactionui::xRFMxCU_TransactionObjectPage\",\"bindingPath\":{\"path\":\"/xRFMxCU_Transaction(TransactionId='1095',IsActiveEntity=false)/_TransactionCFPart(TransactionId='1095',CashFlowPartType='2',IsActiveEntity=false)\",\"propertyPath\":\"__EntityControl/Updatable\"}}"}]}
RESULT: undefined
COMMAND: POST /session/3de6532c1d241a05c067477dc4de9f43/execute/async - {"script":"<script> [20 bytes]","args":[{"enterText":"Funding","selector":{"controlType":"sap.ui.mdc.field.FieldInput","viewName":"sap.fe.templates.ObjectPage.ObjectPage","viewId":"rfm.transactionui::xRFMxCU_TransactionObjectPage","bindingPath":{"path":"","propertyPath":"/conditions","modelName":"$field"},"ancestor":{"controlType":"sap.ui.mdc.Field","viewName":"sap.fe.templates.ObjectPage.ObjectPage","viewId":"rfm.transactionui::xRFMxCU_TransactionObjectPage","bindingPath":{"path":"/xRFMxCU_Transaction(TransactionId='1095',IsActiveEntity=false)/_TransactionCFPart(TransactionId='1095',CashFlowPartType='2',IsActiveEntity=false)","propertyPath":"__EntityControl/Updatable"}},"interaction":{"idSuffix":"inner"}},"clearTextFirst":true,"interactionType":"ENTER_TEXT"}]}
RESULT: {"script":"<script> [20 bytes]","args":[{"enterText":"Funding","selector":{"controlType":"sap.ui.mdc.field.FieldInput","viewName":"sap.fe.templates.ObjectPage.ObjectPage","viewId":"rfm.transactionui::xRFMxCU_TransactionObjectPage","bindingPath":{"path":"","propertyPath":"/conditions","modelName":"$field"},"ancestor":{"controlType":"sap.ui.mdc.Field","viewName":"sap.fe.templates.ObjectPage.ObjectPage","viewId":"rfm.transactionui::xRFMxCU_TransactionObjectPage","bindingPath":{"path":"/xRFMxCU_Transaction(TransactionId='1095',IsActiveEntity=false)/_TransactionCFPart(TransactionId='1095',CashFlowPartType='2',IsActiveEntity=false)","propertyPath":"__EntityControl/Updatable"}},"interaction":{"idSuffix":"inner"}},"clearTextFirst":true,"interactionType":"ENTER_TEXT"}]}
COMMAND: POST /session/3de6532c1d241a05c067477dc4de9f43/execute/async - {"script":"<script> [21 bytes]","args":[{"selector":{"id":"rfm.transactionui::xRFMxCU_TransactionObjectPage--fe::FooterBar::StandardAction::Save","interaction":{"idSuffix":"BDI-content"}},"wdio_ui5_key":"rfmtransactionui::xRFMxCU_TransactionObjectPage--fe::FooterBar::StandardAction::Save"}]}
RESULT: {"script":"<script> [21 bytes]","args":[{"selector":{"id":"rfm.transactionui::xRFMxCU_TransactionObjectPage--fe::FooterBar::StandardAction::Save","interaction":{"idSuffix":"BDI-content"}},"wdio_ui5_key":"rfmtransactionui::xRFMxCU_TransactionObjectPage--fe::FooterBar::StandardAction::Save"}]}
RESULT: undefined
COMMAND: POST /session/3de6532c1d241a05c067477dc4de9f43/element - {"using":"xpath","value":"//*[@id=\"rfm.transactionui::xRFMxCU_TransactionObjectPage--fe::FooterBar::StandardAction::Save\"]"}
RESULT: {"using":"xpath","value":"//*[@id=\"rfm.transactionui::xRFMxCU_TransactionObjectPage--fe::FooterBar::StandardAction::Save\"]"}
COMMAND: POST /session/3de6532c1d241a05c067477dc4de9f43/element/f.BFA6686384EB8AF51C921A14935892A3.d.41635627C6C46625921431DBB3F7B416.e.1038/click - {}
RESULT: {}
COMMAND: POST /session/3de6532c1d241a05c067477dc4de9f43/execute/async - {"script":"<script> [21 bytes]","args":[{"selector":{"id":"rfm.transactionui::xRFMxCU_TransactionObjectPage--fe::FooterBar::MessageButton-img"},"wdio_ui5_key":"rfmtransactionui::xRFMxCU_TransactionObjectPage--fe::FooterBar::MessageButton-img"}]}
COMMAND: GET /session/3de6532c1d241a05c067477dc4de9f43/screenshot - {}
RESULT: {"script":"<script> [21 bytes]","args":[{"selector":{"id":"rfm.transactionui::xRFMxCU_TransactionObjectPage--fe::FooterBar::MessageButton-img"},"wdio_ui5_key":"rfmtransactionui::xRFMxCU_TransactionObjectPage--fe::FooterBar::MessageButton-img"}]}
RESULT: undefined
COMMAND: POST /session/3de6532c1d241a05c067477dc4de9f43/url - {"url":"https://d4debac0-4a79-4bd3-a71c-dba92f957697.abap-web.eu10.hana.ondemand.com/ui#Shell-home"}
RESULT: {}
RESULT: {"url":"https://d4debac0-4a79-4bd3-a71c-dba92f957697.abap-web.eu10.hana.ondemand.com/ui#Shell-home"}
RESULT: undefined
COMMAND: POST /session/3de6532c1d241a05c067477dc4de9f43/element - {"using":"css selector","value":"div.sapUiLocalBusyIndicator"}
COMMAND: GET /session/3de6532c1d241a05c067477dc4de9f43/screenshot - {}
RESULT: {"using":"css selector","value":"div.sapUiLocalBusyIndicator"}
COMMAND: POST /session/3de6532c1d241a05c067477dc4de9f43/element - {"using":"css selector","value":"div.sapUiLocalBusyIndicator"}
RESULT: {}
RESULT: {"using":"css selector","value":"div.sapUiLocalBusyIndicator"}
COMMAND: GET /session/3de6532c1d241a05c067477dc4de9f43/screenshot - {}
]]></system-out>
    </testcase>
    <testcase classname="chrome.138_0_7204_184.windows.Trigger" name="Should filter created Transaction" time="15.509">
      <system-out><![CDATA[
COMMAND: POST /session/3de6532c1d241a05c067477dc4de9f43/execute/async - {"script":"<script> [21 bytes]","args":[{"selector":{"controlType":"sap.m.GenericTile","properties":{"header":"Triggers"}},"wdio_ui5_key":"sapm.GenericTile{\"header\":\"Triggers\"}"}]}
RESULT: {}
RESULT: {"script":"<script> [21 bytes]","args":[{"selector":{"controlType":"sap.m.GenericTile","properties":{"header":"Triggers"}},"wdio_ui5_key":"sapm.GenericTile{\"header\":\"Triggers\"}"}]}
RESULT: undefined
COMMAND: POST /session/3de6532c1d241a05c067477dc4de9f43/element - {"using":"xpath","value":"//*[@id=\"__tile33\"]"}
RESULT: {"using":"xpath","value":"//*[@id=\"__tile33\"]"}
COMMAND: POST /session/3de6532c1d241a05c067477dc4de9f43/element/f.BFA6686384EB8AF51C921A14935892A3.d.41635627C6C46625921431DBB3F7B416.e.1064/click - {}
RESULT: {}
COMMAND: POST /session/3de6532c1d241a05c067477dc4de9f43/element - {"using":"css selector","value":"div.sapUiLocalBusyIndicator"}
COMMAND: GET /session/3de6532c1d241a05c067477dc4de9f43/screenshot - {}
RESULT: {"using":"css selector","value":"div.sapUiLocalBusyIndicator"}
COMMAND: POST /session/3de6532c1d241a05c067477dc4de9f43/element - {"using":"css selector","value":"div.sapUiLocalBusyIndicator"}
RESULT: {}
RESULT: {"using":"css selector","value":"div.sapUiLocalBusyIndicator"}
COMMAND: POST /session/3de6532c1d241a05c067477dc4de9f43/execute/async - {"script":"<script> [21 bytes]","args":[{"selector":{"id":"rfm.triggerui::TriggerSetList--fe::FilterBar::TriggerSet::FilterField::TransactionId-inner","interaction":{"idSuffix":"inner"}},"wdio_ui5_key":"rfmtriggerui::TriggerSetList--fe::FilterBar::TriggerSet::FilterField::TransactionId-inner"}]}
RESULT: {"script":"<script> [21 bytes]","args":[{"selector":{"id":"rfm.triggerui::TriggerSetList--fe::FilterBar::TriggerSet::FilterField::TransactionId-inner","interaction":{"idSuffix":"inner"}},"wdio_ui5_key":"rfmtriggerui::TriggerSetList--fe::FilterBar::TriggerSet::FilterField::TransactionId-inner"}]}
RESULT: undefined
COMMAND: POST /session/3de6532c1d241a05c067477dc4de9f43/execute/async - {"script":"<script> [20 bytes]","args":[{"enterText":"1095","selector":{"id":"rfm.triggerui::TriggerSetList--fe::FilterBar::TriggerSet::FilterField::TransactionId-inner","interaction":{"idSuffix":"inner"}},"clearTextFirst":true,"interactionType":"ENTER_TEXT"}]}
RESULT: {"script":"<script> [20 bytes]","args":[{"enterText":"1095","selector":{"id":"rfm.triggerui::TriggerSetList--fe::FilterBar::TriggerSet::FilterField::TransactionId-inner","interaction":{"idSuffix":"inner"}},"clearTextFirst":true,"interactionType":"ENTER_TEXT"}]}
COMMAND: POST /session/3de6532c1d241a05c067477dc4de9f43/element - {"using":"css selector","value":"div.sapUiLocalBusyIndicator"}
RESULT: {"using":"css selector","value":"div.sapUiLocalBusyIndicator"}
COMMAND: POST /session/3de6532c1d241a05c067477dc4de9f43/element - {"using":"css selector","value":"div.sapUiLocalBusyIndicator"}
RESULT: {"using":"css selector","value":"div.sapUiLocalBusyIndicator"}
COMMAND: POST /session/3de6532c1d241a05c067477dc4de9f43/execute/async - {"script":"<script> [21 bytes]","args":[{"selector":{"id":"rfm.triggerui::TriggerSetList--fe::FilterBar::TriggerSet-btnSearch","interaction":{"idSuffix":"BDI-content"}},"wdio_ui5_key":"rfmtriggerui::TriggerSetList--fe::FilterBar::TriggerSet-btnSearch"}]}
RESULT: {"script":"<script> [21 bytes]","args":[{"selector":{"id":"rfm.triggerui::TriggerSetList--fe::FilterBar::TriggerSet-btnSearch","interaction":{"idSuffix":"BDI-content"}},"wdio_ui5_key":"rfmtriggerui::TriggerSetList--fe::FilterBar::TriggerSet-btnSearch"}]}
RESULT: undefined
COMMAND: POST /session/3de6532c1d241a05c067477dc4de9f43/element - {"using":"xpath","value":"//*[@id=\"rfm.triggerui::TriggerSetList--fe::FilterBar::TriggerSet-btnSearch\"]"}
RESULT: {"using":"xpath","value":"//*[@id=\"rfm.triggerui::TriggerSetList--fe::FilterBar::TriggerSet-btnSearch\"]"}
COMMAND: POST /session/3de6532c1d241a05c067477dc4de9f43/element/f.BFA6686384EB8AF51C921A14935892A3.d.41635627C6C46625921431DBB3F7B416.e.1192/click - {}
RESULT: {}
COMMAND: POST /session/3de6532c1d241a05c067477dc4de9f43/element - {"using":"css selector","value":"div.sapUiLocalBusyIndicator"}
COMMAND: GET /session/3de6532c1d241a05c067477dc4de9f43/screenshot - {}
RESULT: {"using":"css selector","value":"div.sapUiLocalBusyIndicator"}
COMMAND: POST /session/3de6532c1d241a05c067477dc4de9f43/execute/sync - {"script":"<script> [21 bytes]","args":[{"element-6066-11e4-a52e-4f735466cecf":"f.BFA6686384EB8AF51C921A14935892A3.d.41635627C6C46625921431DBB3F7B416.e.1193","ELEMENT":"f.BFA6686384EB8AF51C921A14935892A3.d.41635627C6C46625921431DBB3F7B416.e.1193"}]}
RESULT: {}
RESULT: {"script":"<script> [21 bytes]","args":[{"element-6066-11e4-a52e-4f735466cecf":"f.BFA6686384EB8AF51C921A14935892A3.d.41635627C6C46625921431DBB3F7B416.e.1193","ELEMENT":"f.BFA6686384EB8AF51C921A14935892A3.d.41635627C6C46625921431DBB3F7B416.e.1193"}]}
COMMAND: GET /session/3de6532c1d241a05c067477dc4de9f43/screenshot - {}
RESULT: {}
COMMAND: POST /session/3de6532c1d241a05c067477dc4de9f43/element - {"using":"css selector","value":"div.sapUiLocalBusyIndicator"}
RESULT: {"using":"css selector","value":"div.sapUiLocalBusyIndicator"}
COMMAND: POST /session/3de6532c1d241a05c067477dc4de9f43/element - {"using":"css selector","value":"div.sapUiLocalBusyIndicator"}
RESULT: {"using":"css selector","value":"div.sapUiLocalBusyIndicator"}
COMMAND: POST /session/3de6532c1d241a05c067477dc4de9f43/execute/async - {"script":"<script> [21 bytes]","args":[{"selector":{"id":"rfm.triggerui::TriggerSetList--fe::table::allTab::LineItem-innerTable-rows-row0"},"wdio_ui5_key":"rfmtriggerui::TriggerSetList--fe::table::allTab::LineItem-innerTable-rows-row0"}]}
RESULT: {"script":"<script> [21 bytes]","args":[{"selector":{"id":"rfm.triggerui::TriggerSetList--fe::table::allTab::LineItem-innerTable-rows-row0"},"wdio_ui5_key":"rfmtriggerui::TriggerSetList--fe::table::allTab::LineItem-innerTable-rows-row0"}]}
RESULT: undefined
COMMAND: POST /session/3de6532c1d241a05c067477dc4de9f43/element - {"using":"xpath","value":"//*[@id=\"rfm.triggerui::TriggerSetList--fe::table::allTab::LineItem-innerTable-rows-row0\"]"}
RESULT: {"using":"xpath","value":"//*[@id=\"rfm.triggerui::TriggerSetList--fe::table::allTab::LineItem-innerTable-rows-row0\"]"}
COMMAND: POST /session/3de6532c1d241a05c067477dc4de9f43/element/f.BFA6686384EB8AF51C921A14935892A3.d.41635627C6C46625921431DBB3F7B416.e.1194/click - {}
RESULT: {}
COMMAND: POST /session/3de6532c1d241a05c067477dc4de9f43/element - {"using":"css selector","value":"div.sapUiLocalBusyIndicator"}
COMMAND: GET /session/3de6532c1d241a05c067477dc4de9f43/screenshot - {}
RESULT: {"using":"css selector","value":"div.sapUiLocalBusyIndicator"}
COMMAND: POST /session/3de6532c1d241a05c067477dc4de9f43/element - {"using":"css selector","value":"div.sapUiLocalBusyIndicator"}
RESULT: {}
RESULT: {"using":"css selector","value":"div.sapUiLocalBusyIndicator"}
COMMAND: POST /session/3de6532c1d241a05c067477dc4de9f43/execute/async - {"script":"<script> [21 bytes]","args":[{"selector":{"controlType":"sap.m.Link","viewName":"sap.fe.templates.ListReport.ListReport","viewId":"rfm.triggerui::TriggerSetList","bindingPath":{"path":"/TriggerSet(TransactionId='1095',IsActiveEntity=true)","propertyPath":"TransactionId"}},"wdio_ui5_key":"sapfe.templates.ListReport.ListReportsap.m.Link{\"path\":\"/TriggerSet(TransactionId='1095',IsActiveEntity=true)\",\"propertyPath\":\"TransactionId\"}"}]}
RESULT: {"script":"<script> [21 bytes]","args":[{"selector":{"controlType":"sap.m.Link","viewName":"sap.fe.templates.ListReport.ListReport","viewId":"rfm.triggerui::TriggerSetList","bindingPath":{"path":"/TriggerSet(TransactionId='1095',IsActiveEntity=true)","propertyPath":"TransactionId"}},"wdio_ui5_key":"sapfe.templates.ListReport.ListReportsap.m.Link{\"path\":\"/TriggerSet(TransactionId='1095',IsActiveEntity=true)\",\"propertyPath\":\"TransactionId\"}"}]}
RESULT: undefined
COMMAND: POST /session/3de6532c1d241a05c067477dc4de9f43/execute/async - {"script":"<script> [21 bytes]","args":[{"element-6066-11e4-a52e-4f735466cecf":"f.BFA6686384EB8AF51C921A14935892A3.d.41635627C6C46625921431DBB3F7B416.e.1197"},"getText",[]]}
RESULT: {"script":"<script> [21 bytes]","args":[{"element-6066-11e4-a52e-4f735466cecf":"f.BFA6686384EB8AF51C921A14935892A3.d.41635627C6C46625921431DBB3F7B416.e.1197"},"getText",[]]}
COMMAND: POST /session/3de6532c1d241a05c067477dc4de9f43/element - {"using":"css selector","value":"div.sapUiLocalBusyIndicator"}
RESULT: {"using":"css selector","value":"div.sapUiLocalBusyIndicator"}
COMMAND: POST /session/3de6532c1d241a05c067477dc4de9f43/element - {"using":"css selector","value":"div.sapUiLocalBusyIndicator"}
RESULT: {"using":"css selector","value":"div.sapUiLocalBusyIndicator"}
COMMAND: POST /session/3de6532c1d241a05c067477dc4de9f43/execute/async - {"script":"<script> [21 bytes]","args":[{"forceSelect":true,"selector":{"controlType":"sap.ui.core.Icon","viewName":"sap.fe.templates.ListReport.ListReport","viewId":"rfm.triggerui::TriggerSetList","properties":{"src":{"regex":{"source":"navigation\\-right\\-arrow"}}}},"wdio_ui5_key":"sapfe.templates.ListReport.ListReportsap.ui.core.Icon{\"src\":{\"regex\":{\"source\":\"navigation\\\\-right\\\\-arrow\"}}}"}]}
RESULT: {"script":"<script> [21 bytes]","args":[{"forceSelect":true,"selector":{"controlType":"sap.ui.core.Icon","viewName":"sap.fe.templates.ListReport.ListReport","viewId":"rfm.triggerui::TriggerSetList","properties":{"src":{"regex":{"source":"navigation\\-right\\-arrow"}}}},"wdio_ui5_key":"sapfe.templates.ListReport.ListReportsap.ui.core.Icon{\"src\":{\"regex\":{\"source\":\"navigation\\\\-right\\\\-arrow\"}}}"}]}
RESULT: undefined
COMMAND: POST /session/3de6532c1d241a05c067477dc4de9f43/element - {"using":"xpath","value":"//*[@id=\"__action18-__clone1005-icon0\"]"}
RESULT: {"using":"xpath","value":"//*[@id=\"__action18-__clone1005-icon0\"]"}
COMMAND: POST /session/3de6532c1d241a05c067477dc4de9f43/element/f.BFA6686384EB8AF51C921A14935892A3.d.41635627C6C46625921431DBB3F7B416.e.1198/click - {}
RESULT: {}
COMMAND: POST /session/3de6532c1d241a05c067477dc4de9f43/element - {"using":"css selector","value":"div.sapUiLocalBusyIndicator"}
COMMAND: GET /session/3de6532c1d241a05c067477dc4de9f43/screenshot - {}
RESULT: {"using":"css selector","value":"div.sapUiLocalBusyIndicator"}
COMMAND: POST /session/3de6532c1d241a05c067477dc4de9f43/execute/sync - {"script":"<script> [21 bytes]","args":[{"element-6066-11e4-a52e-4f735466cecf":"f.BFA6686384EB8AF51C921A14935892A3.d.41635627C6C46625921431DBB3F7B416.e.1279","ELEMENT":"f.BFA6686384EB8AF51C921A14935892A3.d.41635627C6C46625921431DBB3F7B416.e.1279"}]}
RESULT: {}
COMMAND: POST /session/3de6532c1d241a05c067477dc4de9f43/element - {"using":"css selector","value":"div.sapUiLocalBusyIndicator"}
RESULT: {"using":"css selector","value":"div.sapUiLocalBusyIndicator"}
COMMAND: POST /session/3de6532c1d241a05c067477dc4de9f43/element - {"using":"css selector","value":"div.sapUiLocalBusyIndicator"}
RESULT: {"using":"css selector","value":"div.sapUiLocalBusyIndicator"}
COMMAND: GET /session/3de6532c1d241a05c067477dc4de9f43/screenshot - {}
]]></system-out>
    </testcase>
    <testcase classname="chrome.138_0_7204_184.windows.Trigger" name="Should create trigger" time="31.746">
      <system-out><![CDATA[
COMMAND: POST /session/3de6532c1d241a05c067477dc4de9f43/execute/async - {"script":"<script> [21 bytes]","args":[{"selector":{"id":"rfm.triggerui::TriggerSetObjectPage--fe::StandardAction::Edit","interaction":{"idSuffix":"BDI-content"}},"wdio_ui5_key":"rfmtriggerui::TriggerSetObjectPage--fe::StandardAction::Edit"}]}
RESULT: {}
RESULT: {"script":"<script> [21 bytes]","args":[{"selector":{"id":"rfm.triggerui::TriggerSetObjectPage--fe::StandardAction::Edit","interaction":{"idSuffix":"BDI-content"}},"wdio_ui5_key":"rfmtriggerui::TriggerSetObjectPage--fe::StandardAction::Edit"}]}
RESULT: undefined
COMMAND: POST /session/3de6532c1d241a05c067477dc4de9f43/element - {"using":"xpath","value":"//*[@id=\"rfm.triggerui::TriggerSetObjectPage--fe::StandardAction::Edit\"]"}
RESULT: {"using":"xpath","value":"//*[@id=\"rfm.triggerui::TriggerSetObjectPage--fe::StandardAction::Edit\"]"}
COMMAND: POST /session/3de6532c1d241a05c067477dc4de9f43/element/f.BFA6686384EB8AF51C921A14935892A3.d.41635627C6C46625921431DBB3F7B416.e.1301/click - {}
RESULT: {}
COMMAND: POST /session/3de6532c1d241a05c067477dc4de9f43/element - {"using":"css selector","value":"div.sapUiLocalBusyIndicator"}
COMMAND: GET /session/3de6532c1d241a05c067477dc4de9f43/screenshot - {}
RESULT: {"using":"css selector","value":"div.sapUiLocalBusyIndicator"}
COMMAND: POST /session/3de6532c1d241a05c067477dc4de9f43/execute/sync - {"script":"<script> [21 bytes]","args":[{"element-6066-11e4-a52e-4f735466cecf":"f.BFA6686384EB8AF51C921A14935892A3.d.41635627C6C46625921431DBB3F7B416.e.1304","ELEMENT":"f.BFA6686384EB8AF51C921A14935892A3.d.41635627C6C46625921431DBB3F7B416.e.1304"}]}
RESULT: {}
RESULT: {"script":"<script> [21 bytes]","args":[{"element-6066-11e4-a52e-4f735466cecf":"f.BFA6686384EB8AF51C921A14935892A3.d.41635627C6C46625921431DBB3F7B416.e.1304","ELEMENT":"f.BFA6686384EB8AF51C921A14935892A3.d.41635627C6C46625921431DBB3F7B416.e.1304"}]}
COMMAND: POST /session/3de6532c1d241a05c067477dc4de9f43/execute/async - {"script":"<script> [21 bytes]","args":[{"selector":{"id":"rfm.triggerui::TriggerSetObjectPage--fe::table::_Trigger::LineItem::StandardAction::Create","interaction":{"idSuffix":"inner"}},"wdio_ui5_key":"rfmtriggerui::TriggerSetObjectPage--fe::table::_Trigger::LineItem::StandardAction::Create"}]}
COMMAND: GET /session/3de6532c1d241a05c067477dc4de9f43/screenshot - {}
RESULT: {"script":"<script> [21 bytes]","args":[{"selector":{"id":"rfm.triggerui::TriggerSetObjectPage--fe::table::_Trigger::LineItem::StandardAction::Create","interaction":{"idSuffix":"inner"}},"wdio_ui5_key":"rfmtriggerui::TriggerSetObjectPage--fe::table::_Trigger::LineItem::StandardAction::Create"}]}
RESULT: undefined
COMMAND: POST /session/3de6532c1d241a05c067477dc4de9f43/element - {"using":"xpath","value":"//*[@id=\"rfm.triggerui::TriggerSetObjectPage--fe::table::_Trigger::LineItem::StandardAction::Create\"]"}
RESULT: {}
RESULT: {"using":"xpath","value":"//*[@id=\"rfm.triggerui::TriggerSetObjectPage--fe::table::_Trigger::LineItem::StandardAction::Create\"]"}
COMMAND: POST /session/3de6532c1d241a05c067477dc4de9f43/element/f.BFA6686384EB8AF51C921A14935892A3.d.41635627C6C46625921431DBB3F7B416.e.1306/click - {}
RESULT: {}
COMMAND: POST /session/3de6532c1d241a05c067477dc4de9f43/element - {"using":"css selector","value":"div.sapUiLocalBusyIndicator"}
COMMAND: GET /session/3de6532c1d241a05c067477dc4de9f43/screenshot - {}
RESULT: {"using":"css selector","value":"div.sapUiLocalBusyIndicator"}
COMMAND: POST /session/3de6532c1d241a05c067477dc4de9f43/execute/sync - {"script":"<script> [21 bytes]","args":[{"element-6066-11e4-a52e-4f735466cecf":"f.BFA6686384EB8AF51C921A14935892A3.d.41635627C6C46625921431DBB3F7B416.e.1448","ELEMENT":"f.BFA6686384EB8AF51C921A14935892A3.d.41635627C6C46625921431DBB3F7B416.e.1448"}]}
RESULT: {}
RESULT: {"script":"<script> [21 bytes]","args":[{"element-6066-11e4-a52e-4f735466cecf":"f.BFA6686384EB8AF51C921A14935892A3.d.41635627C6C46625921431DBB3F7B416.e.1448","ELEMENT":"f.BFA6686384EB8AF51C921A14935892A3.d.41635627C6C46625921431DBB3F7B416.e.1448"}]}
COMMAND: POST /session/3de6532c1d241a05c067477dc4de9f43/execute/async - {"script":"<script> [21 bytes]","args":[{"selector":{"id":"CreateDialog::TriggerType::TriggerCategory-inner","searchOpenDialogs":true,"interaction":{"idSuffix":"inner"}},"wdio_ui5_key":"CreateDialogTriggerType::TriggerCategory-inner"}]}
COMMAND: GET /session/3de6532c1d241a05c067477dc4de9f43/screenshot - {}
RESULT: {"script":"<script> [21 bytes]","args":[{"selector":{"id":"CreateDialog::TriggerType::TriggerCategory-inner","searchOpenDialogs":true,"interaction":{"idSuffix":"inner"}},"wdio_ui5_key":"CreateDialogTriggerType::TriggerCategory-inner"}]}
RESULT: undefined
COMMAND: POST /session/3de6532c1d241a05c067477dc4de9f43/execute/async - {"script":"<script> [20 bytes]","args":[{"enterText":"Simple","selector":{"id":"CreateDialog::TriggerType::TriggerCategory-inner","searchOpenDialogs":true,"interaction":{"idSuffix":"inner"}},"clearTextFirst":true,"interactionType":"ENTER_TEXT"}]}
RESULT: {}
RESULT: {"script":"<script> [20 bytes]","args":[{"enterText":"Simple","selector":{"id":"CreateDialog::TriggerType::TriggerCategory-inner","searchOpenDialogs":true,"interaction":{"idSuffix":"inner"}},"clearTextFirst":true,"interactionType":"ENTER_TEXT"}]}
COMMAND: POST /session/3de6532c1d241a05c067477dc4de9f43/element - {"using":"css selector","value":"div.sapUiLocalBusyIndicator"}
RESULT: {"using":"css selector","value":"div.sapUiLocalBusyIndicator"}
COMMAND: POST /session/3de6532c1d241a05c067477dc4de9f43/execute/sync - {"script":"<script> [21 bytes]","args":[{"element-6066-11e4-a52e-4f735466cecf":"f.BFA6686384EB8AF51C921A14935892A3.d.41635627C6C46625921431DBB3F7B416.e.1448","ELEMENT":"f.BFA6686384EB8AF51C921A14935892A3.d.41635627C6C46625921431DBB3F7B416.e.1448"}]}
RESULT: {"script":"<script> [21 bytes]","args":[{"element-6066-11e4-a52e-4f735466cecf":"f.BFA6686384EB8AF51C921A14935892A3.d.41635627C6C46625921431DBB3F7B416.e.1448","ELEMENT":"f.BFA6686384EB8AF51C921A14935892A3.d.41635627C6C46625921431DBB3F7B416.e.1448"}]}
COMMAND: POST /session/3de6532c1d241a05c067477dc4de9f43/execute/async - {"script":"<script> [21 bytes]","args":[{"selector":{"id":"CreateDialog::TriggerType::SequenceNumber-inner","searchOpenDialogs":true,"interaction":{"idSuffix":"inner"}},"wdio_ui5_key":"CreateDialogTriggerType::SequenceNumber-inner"}]}
COMMAND: GET /session/3de6532c1d241a05c067477dc4de9f43/screenshot - {}
RESULT: {"script":"<script> [21 bytes]","args":[{"selector":{"id":"CreateDialog::TriggerType::SequenceNumber-inner","searchOpenDialogs":true,"interaction":{"idSuffix":"inner"}},"wdio_ui5_key":"CreateDialogTriggerType::SequenceNumber-inner"}]}
RESULT: undefined
COMMAND: POST /session/3de6532c1d241a05c067477dc4de9f43/execute/async - {"script":"<script> [20 bytes]","args":[{"enterText":"1","selector":{"id":"CreateDialog::TriggerType::SequenceNumber-inner","searchOpenDialogs":true,"interaction":{"idSuffix":"inner"}},"clearTextFirst":true,"interactionType":"ENTER_TEXT"}]}
RESULT: {}
RESULT: {"script":"<script> [20 bytes]","args":[{"enterText":"1","selector":{"id":"CreateDialog::TriggerType::SequenceNumber-inner","searchOpenDialogs":true,"interaction":{"idSuffix":"inner"}},"clearTextFirst":true,"interactionType":"ENTER_TEXT"}]}
COMMAND: POST /session/3de6532c1d241a05c067477dc4de9f43/element - {"using":"css selector","value":"div.sapUiLocalBusyIndicator"}
RESULT: {"using":"css selector","value":"div.sapUiLocalBusyIndicator"}
COMMAND: POST /session/3de6532c1d241a05c067477dc4de9f43/execute/sync - {"script":"<script> [21 bytes]","args":[{"element-6066-11e4-a52e-4f735466cecf":"f.BFA6686384EB8AF51C921A14935892A3.d.41635627C6C46625921431DBB3F7B416.e.1448","ELEMENT":"f.BFA6686384EB8AF51C921A14935892A3.d.41635627C6C46625921431DBB3F7B416.e.1448"}]}
RESULT: {"script":"<script> [21 bytes]","args":[{"element-6066-11e4-a52e-4f735466cecf":"f.BFA6686384EB8AF51C921A14935892A3.d.41635627C6C46625921431DBB3F7B416.e.1448","ELEMENT":"f.BFA6686384EB8AF51C921A14935892A3.d.41635627C6C46625921431DBB3F7B416.e.1448"}]}
COMMAND: POST /session/3de6532c1d241a05c067477dc4de9f43/execute/async - {"script":"<script> [21 bytes]","args":[{"forceSelect":true,"selector":{"controlType":"sap.m.Button","viewName":"sap.fe.templates.ObjectPage.ObjectPage","viewId":"rfm.triggerui::TriggerSet__TriggerObjectPage","properties":{"text":"Continue"},"searchOpenDialogs":true,"interaction":{"idSuffix":"BDI-content"}},"wdio_ui5_key":"sapfe.templates.ObjectPage.ObjectPagesap.m.Button{\"text\":\"Continue\"}"}]}
COMMAND: GET /session/3de6532c1d241a05c067477dc4de9f43/screenshot - {}
RESULT: {"script":"<script> [21 bytes]","args":[{"forceSelect":true,"selector":{"controlType":"sap.m.Button","viewName":"sap.fe.templates.ObjectPage.ObjectPage","viewId":"rfm.triggerui::TriggerSet__TriggerObjectPage","properties":{"text":"Continue"},"searchOpenDialogs":true,"interaction":{"idSuffix":"BDI-content"}},"wdio_ui5_key":"sapfe.templates.ObjectPage.ObjectPagesap.m.Button{\"text\":\"Continue\"}"}]}
RESULT: undefined
COMMAND: POST /session/3de6532c1d241a05c067477dc4de9f43/element - {"using":"xpath","value":"//*[@id=\"__button295\"]"}
RESULT: {}
RESULT: {"using":"xpath","value":"//*[@id=\"__button295\"]"}
COMMAND: POST /session/3de6532c1d241a05c067477dc4de9f43/element/f.BFA6686384EB8AF51C921A14935892A3.d.41635627C6C46625921431DBB3F7B416.e.1452/click - {}
RESULT: {}
COMMAND: POST /session/3de6532c1d241a05c067477dc4de9f43/element - {"using":"css selector","value":"div.sapUiLocalBusyIndicator"}
COMMAND: GET /session/3de6532c1d241a05c067477dc4de9f43/screenshot - {}
RESULT: {"using":"css selector","value":"div.sapUiLocalBusyIndicator"}
COMMAND: POST /session/3de6532c1d241a05c067477dc4de9f43/execute/sync - {"script":"<script> [21 bytes]","args":[{"element-6066-11e4-a52e-4f735466cecf":"f.BFA6686384EB8AF51C921A14935892A3.d.41635627C6C46625921431DBB3F7B416.e.1448","ELEMENT":"f.BFA6686384EB8AF51C921A14935892A3.d.41635627C6C46625921431DBB3F7B416.e.1448"}]}
RESULT: {}
RESULT: {"script":"<script> [21 bytes]","args":[{"element-6066-11e4-a52e-4f735466cecf":"f.BFA6686384EB8AF51C921A14935892A3.d.41635627C6C46625921431DBB3F7B416.e.1448","ELEMENT":"f.BFA6686384EB8AF51C921A14935892A3.d.41635627C6C46625921431DBB3F7B416.e.1448"}]}
COMMAND: POST /session/3de6532c1d241a05c067477dc4de9f43/execute/async - {"script":"<script> [21 bytes]","args":[{"selector":{"id":"rfm.triggerui::TriggerSetObjectPage--fe::FooterBar::StandardAction::Save","interaction":{"idSuffix":"BDI-content"}},"wdio_ui5_key":"rfmtriggerui::TriggerSetObjectPage--fe::FooterBar::StandardAction::Save"}]}
COMMAND: GET /session/3de6532c1d241a05c067477dc4de9f43/screenshot - {}
RESULT: {"script":"<script> [21 bytes]","args":[{"selector":{"id":"rfm.triggerui::TriggerSetObjectPage--fe::FooterBar::StandardAction::Save","interaction":{"idSuffix":"BDI-content"}},"wdio_ui5_key":"rfmtriggerui::TriggerSetObjectPage--fe::FooterBar::StandardAction::Save"}]}
RESULT: undefined
COMMAND: POST /session/3de6532c1d241a05c067477dc4de9f43/element - {"using":"xpath","value":"//*[@id=\"rfm.triggerui::TriggerSetObjectPage--fe::FooterBar::StandardAction::Save\"]"}
RESULT: {}
RESULT: {"using":"xpath","value":"//*[@id=\"rfm.triggerui::TriggerSetObjectPage--fe::FooterBar::StandardAction::Save\"]"}
COMMAND: POST /session/3de6532c1d241a05c067477dc4de9f43/element/f.BFA6686384EB8AF51C921A14935892A3.d.41635627C6C46625921431DBB3F7B416.e.1389/click - {}
RESULT: {}
COMMAND: POST /session/3de6532c1d241a05c067477dc4de9f43/element - {"using":"css selector","value":"div.sapUiLocalBusyIndicator"}
COMMAND: GET /session/3de6532c1d241a05c067477dc4de9f43/screenshot - {}
RESULT: {"using":"css selector","value":"div.sapUiLocalBusyIndicator"}
COMMAND: POST /session/3de6532c1d241a05c067477dc4de9f43/execute/sync - {"script":"<script> [21 bytes]","args":[{"element-6066-11e4-a52e-4f735466cecf":"f.BFA6686384EB8AF51C921A14935892A3.d.41635627C6C46625921431DBB3F7B416.e.1471","ELEMENT":"f.BFA6686384EB8AF51C921A14935892A3.d.41635627C6C46625921431DBB3F7B416.e.1471"}]}
RESULT: {}
RESULT: {"script":"<script> [21 bytes]","args":[{"element-6066-11e4-a52e-4f735466cecf":"f.BFA6686384EB8AF51C921A14935892A3.d.41635627C6C46625921431DBB3F7B416.e.1471","ELEMENT":"f.BFA6686384EB8AF51C921A14935892A3.d.41635627C6C46625921431DBB3F7B416.e.1471"}]}
COMMAND: POST /session/3de6532c1d241a05c067477dc4de9f43/execute/async - {"script":"<script> [21 bytes]","args":[{"selector":{"id":"rfm.triggerui::TriggerSetObjectPage--fe::table::_Trigger::LineItem-innerTable-rows-row0"},"wdio_ui5_key":"rfmtriggerui::TriggerSetObjectPage--fe::table::_Trigger::LineItem-innerTable-rows-row0"}]}
COMMAND: GET /session/3de6532c1d241a05c067477dc4de9f43/screenshot - {}
RESULT: {"script":"<script> [21 bytes]","args":[{"selector":{"id":"rfm.triggerui::TriggerSetObjectPage--fe::table::_Trigger::LineItem-innerTable-rows-row0"},"wdio_ui5_key":"rfmtriggerui::TriggerSetObjectPage--fe::table::_Trigger::LineItem-innerTable-rows-row0"}]}
RESULT: undefined
COMMAND: POST /session/3de6532c1d241a05c067477dc4de9f43/element - {"using":"xpath","value":"//*[@id=\"rfm.triggerui::TriggerSetObjectPage--fe::table::_Trigger::LineItem-innerTable-rows-row0\"]"}
RESULT: {}
RESULT: {"using":"xpath","value":"//*[@id=\"rfm.triggerui::TriggerSetObjectPage--fe::table::_Trigger::LineItem-innerTable-rows-row0\"]"}
COMMAND: POST /session/3de6532c1d241a05c067477dc4de9f43/element/f.BFA6686384EB8AF51C921A14935892A3.d.41635627C6C46625921431DBB3F7B416.e.1564/click - {}
RESULT: {}
COMMAND: POST /session/3de6532c1d241a05c067477dc4de9f43/element - {"using":"css selector","value":"div.sapUiLocalBusyIndicator"}
COMMAND: GET /session/3de6532c1d241a05c067477dc4de9f43/screenshot - {}
RESULT: {"using":"css selector","value":"div.sapUiLocalBusyIndicator"}
COMMAND: POST /session/3de6532c1d241a05c067477dc4de9f43/element - {"using":"css selector","value":"div.sapUiLocalBusyIndicator"}
RESULT: {}
RESULT: {"using":"css selector","value":"div.sapUiLocalBusyIndicator"}
RESULT: undefined
COMMAND: POST /session/3de6532c1d241a05c067477dc4de9f43/execute/async - {"script":"<script> [21 bytes]","args":[{"element-6066-11e4-a52e-4f735466cecf":"f.BFA6686384EB8AF51C921A14935892A3.d.41635627C6C46625921431DBB3F7B416.e.1564"},"getBindingContext",[]]}
RESULT: {"script":"<script> [21 bytes]","args":[{"element-6066-11e4-a52e-4f735466cecf":"f.BFA6686384EB8AF51C921A14935892A3.d.41635627C6C46625921431DBB3F7B416.e.1564"},"getBindingContext",[]]}
COMMAND: POST /session/3de6532c1d241a05c067477dc4de9f43/execute/async - {"script":"<script> [21 bytes]","args":["4bff4613-8c5d-4e72-a9a7-b5a3ea495453","getPath",[]]}
RESULT: {"script":"<script> [21 bytes]","args":["4bff4613-8c5d-4e72-a9a7-b5a3ea495453","getPath",[]]}
COMMAND: POST /session/3de6532c1d241a05c067477dc4de9f43/element - {"using":"css selector","value":"div.sapUiLocalBusyIndicator"}
RESULT: {"using":"css selector","value":"div.sapUiLocalBusyIndicator"}
COMMAND: POST /session/3de6532c1d241a05c067477dc4de9f43/element - {"using":"css selector","value":"div.sapUiLocalBusyIndicator"}
RESULT: {"using":"css selector","value":"div.sapUiLocalBusyIndicator"}
COMMAND: POST /session/3de6532c1d241a05c067477dc4de9f43/execute/async - {"script":"<script> [21 bytes]","args":[{"selector":{"controlType":"sap.m.Text","viewName":"sap.fe.templates.ObjectPage.ObjectPage","viewId":"rfm.triggerui::TriggerSetObjectPage","bindingPath":{"path":"/TriggerSet(TransactionId='1095',IsActiveEntity=true)/_Trigger(TriggerId='424',IsActiveEntity=true)","propertyPath":"TriggerCategoryText"}},"wdio_ui5_key":"sapfe.templates.ObjectPage.ObjectPagesap.m.Text{\"path\":\"/TriggerSet(TransactionId='1095',IsActiveEntity=true)/_Trigger(TriggerId='424',IsActiveEntity=true)\",\"propertyPath\":\"TriggerCategoryText\"}"}]}
RESULT: {"script":"<script> [21 bytes]","args":[{"selector":{"controlType":"sap.m.Text","viewName":"sap.fe.templates.ObjectPage.ObjectPage","viewId":"rfm.triggerui::TriggerSetObjectPage","bindingPath":{"path":"/TriggerSet(TransactionId='1095',IsActiveEntity=true)/_Trigger(TriggerId='424',IsActiveEntity=true)","propertyPath":"TriggerCategoryText"}},"wdio_ui5_key":"sapfe.templates.ObjectPage.ObjectPagesap.m.Text{\"path\":\"/TriggerSet(TransactionId='1095',IsActiveEntity=true)/_Trigger(TriggerId='424',IsActiveEntity=true)\",\"propertyPath\":\"TriggerCategoryText\"}"}]}
RESULT: undefined
COMMAND: POST /session/3de6532c1d241a05c067477dc4de9f43/execute/async - {"script":"<script> [21 bytes]","args":[{"element-6066-11e4-a52e-4f735466cecf":"f.BFA6686384EB8AF51C921A14935892A3.d.41635627C6C46625921431DBB3F7B416.e.1566"},"getText",[]]}
RESULT: {"script":"<script> [21 bytes]","args":[{"element-6066-11e4-a52e-4f735466cecf":"f.BFA6686384EB8AF51C921A14935892A3.d.41635627C6C46625921431DBB3F7B416.e.1566"},"getText",[]]}
COMMAND: POST /session/3de6532c1d241a05c067477dc4de9f43/element - {"using":"css selector","value":"div.sapUiLocalBusyIndicator"}
RESULT: {"using":"css selector","value":"div.sapUiLocalBusyIndicator"}
COMMAND: POST /session/3de6532c1d241a05c067477dc4de9f43/element - {"using":"css selector","value":"div.sapUiLocalBusyIndicator"}
RESULT: {"using":"css selector","value":"div.sapUiLocalBusyIndicator"}
COMMAND: GET /session/3de6532c1d241a05c067477dc4de9f43/screenshot - {}
]]></system-out>
    </testcase>
    <testcase classname="chrome.138_0_7204_184.windows.Trigger" name="Should check Evaluate action" time="5.301">
      <system-out><![CDATA[
COMMAND: POST /session/3de6532c1d241a05c067477dc4de9f43/execute/async - {"script":"<script> [21 bytes]","args":[{"selector":{"id":"rfm.triggerui::TriggerSetObjectPage--fe::DataFieldForAction::com.sap.gateway.srvd.rfm.ui_trigger.v0001.Evaluate::com.sap.gateway.srvd.rfm.ui_trigger.v0001.TriggerSetType","interaction":{"idSuffix":"BDI-content"}},"wdio_ui5_key":"rfmtriggerui::TriggerSetObjectPage--fe::DataFieldForAction::com.sap.gateway.srvd.rfm.ui_trigger.v0001.Evaluate::com.sap.gateway.srvd.rfm.ui_trigger.v0001.TriggerSetType"}]}
RESULT: {}
RESULT: {"script":"<script> [21 bytes]","args":[{"selector":{"id":"rfm.triggerui::TriggerSetObjectPage--fe::DataFieldForAction::com.sap.gateway.srvd.rfm.ui_trigger.v0001.Evaluate::com.sap.gateway.srvd.rfm.ui_trigger.v0001.TriggerSetType","interaction":{"idSuffix":"BDI-content"}},"wdio_ui5_key":"rfmtriggerui::TriggerSetObjectPage--fe::DataFieldForAction::com.sap.gateway.srvd.rfm.ui_trigger.v0001.Evaluate::com.sap.gateway.srvd.rfm.ui_trigger.v0001.TriggerSetType"}]}
RESULT: undefined
COMMAND: POST /session/3de6532c1d241a05c067477dc4de9f43/element - {"using":"xpath","value":"//*[@id=\"rfm.triggerui::TriggerSetObjectPage--fe::DataFieldForAction::com.sap.gateway.srvd.rfm.ui_trigger.v0001.Evaluate::com.sap.gateway.srvd.rfm.ui_trigger.v0001.TriggerSetType\"]"}
RESULT: {"using":"xpath","value":"//*[@id=\"rfm.triggerui::TriggerSetObjectPage--fe::DataFieldForAction::com.sap.gateway.srvd.rfm.ui_trigger.v0001.Evaluate::com.sap.gateway.srvd.rfm.ui_trigger.v0001.TriggerSetType\"]"}
COMMAND: POST /session/3de6532c1d241a05c067477dc4de9f43/element/f.BFA6686384EB8AF51C921A14935892A3.d.41635627C6C46625921431DBB3F7B416.e.1568/click - {}
RESULT: {}
COMMAND: POST /session/3de6532c1d241a05c067477dc4de9f43/element - {"using":"css selector","value":"div.sapUiLocalBusyIndicator"}
COMMAND: GET /session/3de6532c1d241a05c067477dc4de9f43/screenshot - {}
RESULT: {"using":"css selector","value":"div.sapUiLocalBusyIndicator"}
COMMAND: POST /session/3de6532c1d241a05c067477dc4de9f43/execute/sync - {"script":"<script> [21 bytes]","args":[{"element-6066-11e4-a52e-4f735466cecf":"f.BFA6686384EB8AF51C921A14935892A3.d.41635627C6C46625921431DBB3F7B416.e.1570","ELEMENT":"f.BFA6686384EB8AF51C921A14935892A3.d.41635627C6C46625921431DBB3F7B416.e.1570"}]}
RESULT: {}
RESULT: {"script":"<script> [21 bytes]","args":[{"element-6066-11e4-a52e-4f735466cecf":"f.BFA6686384EB8AF51C921A14935892A3.d.41635627C6C46625921431DBB3F7B416.e.1570","ELEMENT":"f.BFA6686384EB8AF51C921A14935892A3.d.41635627C6C46625921431DBB3F7B416.e.1570"}]}
COMMAND: POST /session/3de6532c1d241a05c067477dc4de9f43/execute/async - {"script":"<script> [21 bytes]","args":[{"selector":{"controlType":"sap.m.Text","properties":{"text":"Error"},"searchOpenDialogs":true},"wdio_ui5_key":"sapm.Text{\"text\":\"Error\"}"}]}
COMMAND: GET /session/3de6532c1d241a05c067477dc4de9f43/screenshot - {}
RESULT: {"script":"<script> [21 bytes]","args":[{"selector":{"controlType":"sap.m.Text","properties":{"text":"Error"},"searchOpenDialogs":true},"wdio_ui5_key":"sapm.Text{\"text\":\"Error\"}"}]}
RESULT: undefined
COMMAND: POST /session/3de6532c1d241a05c067477dc4de9f43/execute/async - {"script":"<script> [21 bytes]","args":[{"element-6066-11e4-a52e-4f735466cecf":"f.BFA6686384EB8AF51C921A14935892A3.d.41635627C6C46625921431DBB3F7B416.e.1572"},"getText",[]]}
RESULT: {}
RESULT: {"script":"<script> [21 bytes]","args":[{"element-6066-11e4-a52e-4f735466cecf":"f.BFA6686384EB8AF51C921A14935892A3.d.41635627C6C46625921431DBB3F7B416.e.1572"},"getText",[]]}
COMMAND: POST /session/3de6532c1d241a05c067477dc4de9f43/element - {"using":"css selector","value":"div.sapUiLocalBusyIndicator"}
RESULT: {"using":"css selector","value":"div.sapUiLocalBusyIndicator"}
COMMAND: POST /session/3de6532c1d241a05c067477dc4de9f43/element - {"using":"css selector","value":"div.sapUiLocalBusyIndicator"}
RESULT: {"using":"css selector","value":"div.sapUiLocalBusyIndicator"}
COMMAND: POST /session/3de6532c1d241a05c067477dc4de9f43/execute/async - {"script":"<script> [21 bytes]","args":[{"forceSelect":true,"selector":{"controlType":"sap.m.Button","properties":{"text":"Close"},"searchOpenDialogs":true,"interaction":{"idSuffix":"content"}},"wdio_ui5_key":"sapm.Button{\"text\":\"Close\"}"}]}
RESULT: {"script":"<script> [21 bytes]","args":[{"forceSelect":true,"selector":{"controlType":"sap.m.Button","properties":{"text":"Close"},"searchOpenDialogs":true,"interaction":{"idSuffix":"content"}},"wdio_ui5_key":"sapm.Button{\"text\":\"Close\"}"}]}
RESULT: undefined
COMMAND: POST /session/3de6532c1d241a05c067477dc4de9f43/element - {"using":"xpath","value":"//*[@id=\"__button298\"]"}
RESULT: {"using":"xpath","value":"//*[@id=\"__button298\"]"}
COMMAND: POST /session/3de6532c1d241a05c067477dc4de9f43/element/f.BFA6686384EB8AF51C921A14935892A3.d.41635627C6C46625921431DBB3F7B416.e.1571/click - {}
RESULT: {}
COMMAND: POST /session/3de6532c1d241a05c067477dc4de9f43/element - {"using":"css selector","value":"div.sapUiLocalBusyIndicator"}
COMMAND: GET /session/3de6532c1d241a05c067477dc4de9f43/screenshot - {}
RESULT: {"using":"css selector","value":"div.sapUiLocalBusyIndicator"}
COMMAND: POST /session/3de6532c1d241a05c067477dc4de9f43/element - {"using":"css selector","value":"div.sapUiLocalBusyIndicator"}
RESULT: {}
RESULT: {"using":"css selector","value":"div.sapUiLocalBusyIndicator"}
COMMAND: GET /session/3de6532c1d241a05c067477dc4de9f43/screenshot - {}
]]></system-out>
    </testcase>
    <testcase classname="chrome.138_0_7204_184.windows.Trigger" name="Should check deletion of a trigger" time="8.196">
      <system-out><![CDATA[
RESULT: undefined
COMMAND: POST /session/3de6532c1d241a05c067477dc4de9f43/element - {"using":"xpath","value":"//*[@id=\"rfm.triggerui::TriggerSetObjectPage--fe::StandardAction::Edit\"]"}
RESULT: {}
RESULT: {"using":"xpath","value":"//*[@id=\"rfm.triggerui::TriggerSetObjectPage--fe::StandardAction::Edit\"]"}
COMMAND: POST /session/3de6532c1d241a05c067477dc4de9f43/element/f.BFA6686384EB8AF51C921A14935892A3.d.41635627C6C46625921431DBB3F7B416.e.1526/click - {}
RESULT: {}
COMMAND: POST /session/3de6532c1d241a05c067477dc4de9f43/element - {"using":"css selector","value":"div.sapUiLocalBusyIndicator"}
COMMAND: GET /session/3de6532c1d241a05c067477dc4de9f43/screenshot - {}
RESULT: {"using":"css selector","value":"div.sapUiLocalBusyIndicator"}
COMMAND: POST /session/3de6532c1d241a05c067477dc4de9f43/execute/sync - {"script":"<script> [21 bytes]","args":[{"element-6066-11e4-a52e-4f735466cecf":"f.BFA6686384EB8AF51C921A14935892A3.d.41635627C6C46625921431DBB3F7B416.e.1577","ELEMENT":"f.BFA6686384EB8AF51C921A14935892A3.d.41635627C6C46625921431DBB3F7B416.e.1577"}]}
RESULT: {}
RESULT: {"script":"<script> [21 bytes]","args":[{"element-6066-11e4-a52e-4f735466cecf":"f.BFA6686384EB8AF51C921A14935892A3.d.41635627C6C46625921431DBB3F7B416.e.1577","ELEMENT":"f.BFA6686384EB8AF51C921A14935892A3.d.41635627C6C46625921431DBB3F7B416.e.1577"}]}
COMMAND: POST /session/3de6532c1d241a05c067477dc4de9f43/element - {"using":"css selector","value":"div[id='rfm.triggerui::TriggerSetObjectPage--fe::table::_Trigger::LineItem-innerTable-rowsel0']"}
COMMAND: GET /session/3de6532c1d241a05c067477dc4de9f43/screenshot - {}
RESULT: {"using":"css selector","value":"div[id='rfm.triggerui::TriggerSetObjectPage--fe::table::_Trigger::LineItem-innerTable-rowsel0']"}
COMMAND: POST /session/3de6532c1d241a05c067477dc4de9f43/element/f.BFA6686384EB8AF51C921A14935892A3.d.41635627C6C46625921431DBB3F7B416.e.1578/click - {}
RESULT: {}
COMMAND: POST /session/3de6532c1d241a05c067477dc4de9f43/element - {"using":"css selector","value":"div[id='rfm.triggerui::TriggerSetObjectPage--fe::table::_Trigger::LineItem-innerTable-rowsel0']"}
RESULT: {"using":"css selector","value":"div[id='rfm.triggerui::TriggerSetObjectPage--fe::table::_Trigger::LineItem-innerTable-rowsel0']"}
COMMAND: POST /session/3de6532c1d241a05c067477dc4de9f43/element/f.BFA6686384EB8AF51C921A14935892A3.d.41635627C6C46625921431DBB3F7B416.e.1578/click - {}
COMMAND: POST /session/3de6532c1d241a05c067477dc4de9f43/element - {"using":"css selector","value":"div[id='rfm.triggerui::TriggerSetObjectPage--fe::table::_Trigger::LineItem-innerTable-rowsel0']"}
RESULT: {"using":"css selector","value":"div[id='rfm.triggerui::TriggerSetObjectPage--fe::table::_Trigger::LineItem-innerTable-rowsel0']"}
COMMAND: POST /session/3de6532c1d241a05c067477dc4de9f43/element/f.BFA6686384EB8AF51C921A14935892A3.d.41635627C6C46625921431DBB3F7B416.e.1583/click - {}
RESULT: {}
COMMAND: POST /session/3de6532c1d241a05c067477dc4de9f43/element - {"using":"css selector","value":"div.sapUiLocalBusyIndicator"}
COMMAND: GET /session/3de6532c1d241a05c067477dc4de9f43/screenshot - {}
RESULT: {"using":"css selector","value":"div.sapUiLocalBusyIndicator"}
COMMAND: POST /session/3de6532c1d241a05c067477dc4de9f43/element - {"using":"css selector","value":"div.sapUiLocalBusyIndicator"}
RESULT: {}
RESULT: {"using":"css selector","value":"div.sapUiLocalBusyIndicator"}
COMMAND: POST /session/3de6532c1d241a05c067477dc4de9f43/execute/async - {"script":"<script> [21 bytes]","args":[{"selector":{"id":"rfm.triggerui::TriggerSetObjectPage--fe::table::_Trigger::LineItem::StandardAction::Delete","interaction":{"idSuffix":"BDI-content"}},"wdio_ui5_key":"rfmtriggerui::TriggerSetObjectPage--fe::table::_Trigger::LineItem::StandardAction::Delete"}]}
RESULT: {"script":"<script> [21 bytes]","args":[{"selector":{"id":"rfm.triggerui::TriggerSetObjectPage--fe::table::_Trigger::LineItem::StandardAction::Delete","interaction":{"idSuffix":"BDI-content"}},"wdio_ui5_key":"rfmtriggerui::TriggerSetObjectPage--fe::table::_Trigger::LineItem::StandardAction::Delete"}]}
RESULT: undefined
COMMAND: POST /session/3de6532c1d241a05c067477dc4de9f43/element - {"using":"xpath","value":"//*[@id=\"rfm.triggerui::TriggerSetObjectPage--fe::table::_Trigger::LineItem::StandardAction::Delete\"]"}
RESULT: {"using":"xpath","value":"//*[@id=\"rfm.triggerui::TriggerSetObjectPage--fe::table::_Trigger::LineItem::StandardAction::Delete\"]"}
COMMAND: POST /session/3de6532c1d241a05c067477dc4de9f43/element/f.BFA6686384EB8AF51C921A14935892A3.d.41635627C6C46625921431DBB3F7B416.e.1586/click - {}
RESULT: {}
COMMAND: POST /session/3de6532c1d241a05c067477dc4de9f43/element - {"using":"css selector","value":"div.sapUiLocalBusyIndicator"}
COMMAND: GET /session/3de6532c1d241a05c067477dc4de9f43/screenshot - {}
RESULT: {"using":"css selector","value":"div.sapUiLocalBusyIndicator"}
COMMAND: POST /session/3de6532c1d241a05c067477dc4de9f43/execute/sync - {"script":"<script> [21 bytes]","args":[{"element-6066-11e4-a52e-4f735466cecf":"f.BFA6686384EB8AF51C921A14935892A3.d.41635627C6C46625921431DBB3F7B416.e.1589","ELEMENT":"f.BFA6686384EB8AF51C921A14935892A3.d.41635627C6C46625921431DBB3F7B416.e.1589"}]}
RESULT: {}
RESULT: {"script":"<script> [21 bytes]","args":[{"element-6066-11e4-a52e-4f735466cecf":"f.BFA6686384EB8AF51C921A14935892A3.d.41635627C6C46625921431DBB3F7B416.e.1589","ELEMENT":"f.BFA6686384EB8AF51C921A14935892A3.d.41635627C6C46625921431DBB3F7B416.e.1589"}]}
COMMAND: POST /session/3de6532c1d241a05c067477dc4de9f43/execute/async - {"script":"<script> [21 bytes]","args":[{"forceSelect":true,"selector":{"controlType":"sap.m.Button","properties":{"text":"Delete"},"searchOpenDialogs":true,"interaction":{"idSuffix":"BDI-content"}},"wdio_ui5_key":"sapm.Button{\"text\":\"Delete\"}"}]}
COMMAND: GET /session/3de6532c1d241a05c067477dc4de9f43/screenshot - {}
RESULT: {"script":"<script> [21 bytes]","args":[{"forceSelect":true,"selector":{"controlType":"sap.m.Button","properties":{"text":"Delete"},"searchOpenDialogs":true,"interaction":{"idSuffix":"BDI-content"}},"wdio_ui5_key":"sapm.Button{\"text\":\"Delete\"}"}]}
RESULT: undefined
COMMAND: POST /session/3de6532c1d241a05c067477dc4de9f43/element - {"using":"xpath","value":"//*[@id=\"__button299\"]"}
RESULT: {}
RESULT: {"using":"xpath","value":"//*[@id=\"__button299\"]"}
COMMAND: POST /session/3de6532c1d241a05c067477dc4de9f43/element/f.BFA6686384EB8AF51C921A14935892A3.d.41635627C6C46625921431DBB3F7B416.e.1588/click - {}
RESULT: {}
COMMAND: POST /session/3de6532c1d241a05c067477dc4de9f43/element - {"using":"css selector","value":"div.sapUiLocalBusyIndicator"}
COMMAND: GET /session/3de6532c1d241a05c067477dc4de9f43/screenshot - {}
RESULT: {"using":"css selector","value":"div.sapUiLocalBusyIndicator"}
COMMAND: POST /session/3de6532c1d241a05c067477dc4de9f43/execute/sync - {"script":"<script> [21 bytes]","args":[{"element-6066-11e4-a52e-4f735466cecf":"f.BFA6686384EB8AF51C921A14935892A3.d.41635627C6C46625921431DBB3F7B416.e.1589","ELEMENT":"f.BFA6686384EB8AF51C921A14935892A3.d.41635627C6C46625921431DBB3F7B416.e.1589"}]}
RESULT: {}
COMMAND: POST /session/3de6532c1d241a05c067477dc4de9f43/element - {"using":"css selector","value":"div.sapUiLocalBusyIndicator"}
RESULT: {"using":"css selector","value":"div.sapUiLocalBusyIndicator"}
COMMAND: POST /session/3de6532c1d241a05c067477dc4de9f43/element - {"using":"css selector","value":"div.sapUiLocalBusyIndicator"}
RESULT: {"using":"css selector","value":"div.sapUiLocalBusyIndicator"}
COMMAND: POST /session/3de6532c1d241a05c067477dc4de9f43/execute/async - {"script":"<script> [21 bytes]","args":[{"selector":{"controlType":"sap.m.Title","viewName":"sap.fe.templates.ObjectPage.ObjectPage","viewId":"rfm.triggerui::TriggerSetObjectPage","properties":{"text":"No items available"}},"wdio_ui5_key":"sapfe.templates.ObjectPage.ObjectPagesap.m.Title{\"text\":\"No items available\"}"}]}
RESULT: {"script":"<script> [21 bytes]","args":[{"selector":{"controlType":"sap.m.Title","viewName":"sap.fe.templates.ObjectPage.ObjectPage","viewId":"rfm.triggerui::TriggerSetObjectPage","properties":{"text":"No items available"}},"wdio_ui5_key":"sapfe.templates.ObjectPage.ObjectPagesap.m.Title{\"text\":\"No items available\"}"}]}
RESULT: undefined
COMMAND: POST /session/3de6532c1d241a05c067477dc4de9f43/execute/async - {"script":"<script> [21 bytes]","args":[{"element-6066-11e4-a52e-4f735466cecf":"f.BFA6686384EB8AF51C921A14935892A3.d.41635627C6C46625921431DBB3F7B416.e.1593"},"getText",[]]}
RESULT: {"script":"<script> [21 bytes]","args":[{"element-6066-11e4-a52e-4f735466cecf":"f.BFA6686384EB8AF51C921A14935892A3.d.41635627C6C46625921431DBB3F7B416.e.1593"},"getText",[]]}
COMMAND: POST /session/3de6532c1d241a05c067477dc4de9f43/element - {"using":"css selector","value":"div.sapUiLocalBusyIndicator"}
RESULT: {"using":"css selector","value":"div.sapUiLocalBusyIndicator"}
COMMAND: POST /session/3de6532c1d241a05c067477dc4de9f43/element - {"using":"css selector","value":"div.sapUiLocalBusyIndicator"}
RESULT: {"using":"css selector","value":"div.sapUiLocalBusyIndicator"}
RESULT: undefined
COMMAND: POST /session/3de6532c1d241a05c067477dc4de9f43/element - {"using":"xpath","value":"//*[@id=\"rfm.triggerui::TriggerSetObjectPage--fe::FooterBar::StandardAction::Save\"]"}
RESULT: {"using":"xpath","value":"//*[@id=\"rfm.triggerui::TriggerSetObjectPage--fe::FooterBar::StandardAction::Save\"]"}
COMMAND: POST /session/3de6532c1d241a05c067477dc4de9f43/element/f.BFA6686384EB8AF51C921A14935892A3.d.41635627C6C46625921431DBB3F7B416.e.1594/click - {}
RESULT: {}
COMMAND: POST /session/3de6532c1d241a05c067477dc4de9f43/element - {"using":"css selector","value":"div.sapUiLocalBusyIndicator"}
COMMAND: GET /session/3de6532c1d241a05c067477dc4de9f43/screenshot - {}
RESULT: {"using":"css selector","value":"div.sapUiLocalBusyIndicator"}
COMMAND: POST /session/3de6532c1d241a05c067477dc4de9f43/execute/sync - {"script":"<script> [21 bytes]","args":[{"element-6066-11e4-a52e-4f735466cecf":"f.BFA6686384EB8AF51C921A14935892A3.d.41635627C6C46625921431DBB3F7B416.e.1597","ELEMENT":"f.BFA6686384EB8AF51C921A14935892A3.d.41635627C6C46625921431DBB3F7B416.e.1597"}]}
RESULT: {}
RESULT: {"script":"<script> [21 bytes]","args":[{"element-6066-11e4-a52e-4f735466cecf":"f.BFA6686384EB8AF51C921A14935892A3.d.41635627C6C46625921431DBB3F7B416.e.1597","ELEMENT":"f.BFA6686384EB8AF51C921A14935892A3.d.41635627C6C46625921431DBB3F7B416.e.1597"}]}
COMMAND: GET /session/3de6532c1d241a05c067477dc4de9f43/screenshot - {}
]]></system-out>
    </testcase>
    <testcase classname="chrome.138_0_7204_184.windows.Trigger" name="Should check navigation to Transaction" time="16.353">
      <system-out><![CDATA[
COMMAND: POST /session/3de6532c1d241a05c067477dc4de9f43/execute/async - {"script":"<script> [21 bytes]","args":[{"selector":{"id":"rfm.triggerui::TriggerSetObjectPage--fe::HeaderFacet::Form::headerFieldsGP1::DataFieldWithIntentBasedNavigation::TransactionId::FundingTransaction::Manage::Field-content"},"wdio_ui5_key":"rfmtriggerui::TriggerSetObjectPage--fe::HeaderFacet::Form::headerFieldsGP1::DataFieldWithIntentBasedNavigation::TransactionId::FundingTransaction::Manage::Field-content"}]}
COMMAND: GET /session/3de6532c1d241a05c067477dc4de9f43/screenshot - {}
RESULT: {"script":"<script> [21 bytes]","args":[{"selector":{"id":"rfm.triggerui::TriggerSetObjectPage--fe::HeaderFacet::Form::headerFieldsGP1::DataFieldWithIntentBasedNavigation::TransactionId::FundingTransaction::Manage::Field-content"},"wdio_ui5_key":"rfmtriggerui::TriggerSetObjectPage--fe::HeaderFacet::Form::headerFieldsGP1::DataFieldWithIntentBasedNavigation::TransactionId::FundingTransaction::Manage::Field-content"}]}
RESULT: undefined
COMMAND: POST /session/3de6532c1d241a05c067477dc4de9f43/element - {"using":"xpath","value":"//*[@id=\"rfm.triggerui::TriggerSetObjectPage--fe::HeaderFacet::Form::headerFieldsGP1::DataFieldWithIntentBasedNavigation::TransactionId::FundingTransaction::Manage::Field-content\"]"}
RESULT: {}
RESULT: {}
RESULT: {"using":"xpath","value":"//*[@id=\"rfm.triggerui::TriggerSetObjectPage--fe::HeaderFacet::Form::headerFieldsGP1::DataFieldWithIntentBasedNavigation::TransactionId::FundingTransaction::Manage::Field-content\"]"}
COMMAND: POST /session/3de6532c1d241a05c067477dc4de9f43/element/f.BFA6686384EB8AF51C921A14935892A3.d.41635627C6C46625921431DBB3F7B416.e.1288/click - {}
RESULT: {}
COMMAND: POST /session/3de6532c1d241a05c067477dc4de9f43/element - {"using":"css selector","value":"div.sapUiLocalBusyIndicator"}
COMMAND: GET /session/3de6532c1d241a05c067477dc4de9f43/screenshot - {}
RESULT: {"using":"css selector","value":"div.sapUiLocalBusyIndicator"}
COMMAND: POST /session/3de6532c1d241a05c067477dc4de9f43/element - {"using":"css selector","value":"div.sapUiLocalBusyIndicator"}
RESULT: {}
RESULT: {"using":"css selector","value":"div.sapUiLocalBusyIndicator"}
COMMAND: POST /session/3de6532c1d241a05c067477dc4de9f43/execute/async - {"script":"<script> [21 bytes]","args":[{"selector":{"id":"rfm.transactionui::xRFMxCU_TransactionObjectPage--fe::HeaderFacet::Form::headerFieldsGP1::DataField::TransactionId::Field-content"},"wdio_ui5_key":"rfmtransactionui::xRFMxCU_TransactionObjectPage--fe::HeaderFacet::Form::headerFieldsGP1::DataField::TransactionId::Field-content"}]}
RESULT: {"script":"<script> [21 bytes]","args":[{"selector":{"id":"rfm.transactionui::xRFMxCU_TransactionObjectPage--fe::HeaderFacet::Form::headerFieldsGP1::DataField::TransactionId::Field-content"},"wdio_ui5_key":"rfmtransactionui::xRFMxCU_TransactionObjectPage--fe::HeaderFacet::Form::headerFieldsGP1::DataField::TransactionId::Field-content"}]}
RESULT: undefined
COMMAND: POST /session/3de6532c1d241a05c067477dc4de9f43/execute/async - {"script":"<script> [21 bytes]","args":[{"element-6066-11e4-a52e-4f735466cecf":"f.BFA6686384EB8AF51C921A14935892A3.d.41635627C6C46625921431DBB3F7B416.e.1734"},"getText",[]]}
RESULT: {"script":"<script> [21 bytes]","args":[{"element-6066-11e4-a52e-4f735466cecf":"f.BFA6686384EB8AF51C921A14935892A3.d.41635627C6C46625921431DBB3F7B416.e.1734"},"getText",[]]}
COMMAND: POST /session/3de6532c1d241a05c067477dc4de9f43/element - {"using":"css selector","value":"div.sapUiLocalBusyIndicator"}
RESULT: {"using":"css selector","value":"div.sapUiLocalBusyIndicator"}
COMMAND: POST /session/3de6532c1d241a05c067477dc4de9f43/element - {"using":"css selector","value":"div.sapUiLocalBusyIndicator"}
RESULT: {"using":"css selector","value":"div.sapUiLocalBusyIndicator"}
RESULT: undefined
COMMAND: POST /session/3de6532c1d241a05c067477dc4de9f43/element - {"using":"xpath","value":"//*[@id=\"backBtn\"]"}
RESULT: {"using":"xpath","value":"//*[@id=\"backBtn\"]"}
COMMAND: POST /session/3de6532c1d241a05c067477dc4de9f43/element/f.BFA6686384EB8AF51C921A14935892A3.d.41635627C6C46625921431DBB3F7B416.e.1768/click - {}
RESULT: {}
COMMAND: POST /session/3de6532c1d241a05c067477dc4de9f43/element - {"using":"css selector","value":"div.sapUiLocalBusyIndicator"}
COMMAND: GET /session/3de6532c1d241a05c067477dc4de9f43/screenshot - {}
RESULT: {"using":"css selector","value":"div.sapUiLocalBusyIndicator"}
COMMAND: POST /session/3de6532c1d241a05c067477dc4de9f43/element - {"using":"css selector","value":"div.sapUiLocalBusyIndicator"}
RESULT: {}
RESULT: {"using":"css selector","value":"div.sapUiLocalBusyIndicator"}
COMMAND: GET /session/3de6532c1d241a05c067477dc4de9f43/screenshot - {}
]]></system-out>
    </testcase>
    <testcase classname="chrome.138_0_7204_184.windows.Trigger" name="Should check navigation to Program" time="12.167">
      <system-out><![CDATA[
COMMAND: POST /session/3de6532c1d241a05c067477dc4de9f43/execute/async - {"script":"<script> [21 bytes]","args":[{"selector":{"id":"rfm.triggerui::TriggerSetObjectPage--fe::HeaderFacet::Form::headerFieldsGP1::DataFieldWithIntentBasedNavigation::ProgramId::FundingProgram::Manage::Field-content"},"wdio_ui5_key":"rfmtriggerui::TriggerSetObjectPage--fe::HeaderFacet::Form::headerFieldsGP1::DataFieldWithIntentBasedNavigation::ProgramId::FundingProgram::Manage::Field-content"}]}
RESULT: {}
RESULT: {"script":"<script> [21 bytes]","args":[{"selector":{"id":"rfm.triggerui::TriggerSetObjectPage--fe::HeaderFacet::Form::headerFieldsGP1::DataFieldWithIntentBasedNavigation::ProgramId::FundingProgram::Manage::Field-content"},"wdio_ui5_key":"rfmtriggerui::TriggerSetObjectPage--fe::HeaderFacet::Form::headerFieldsGP1::DataFieldWithIntentBasedNavigation::ProgramId::FundingProgram::Manage::Field-content"}]}
RESULT: undefined
COMMAND: POST /session/3de6532c1d241a05c067477dc4de9f43/element - {"using":"xpath","value":"//*[@id=\"rfm.triggerui::TriggerSetObjectPage--fe::HeaderFacet::Form::headerFieldsGP1::DataFieldWithIntentBasedNavigation::ProgramId::FundingProgram::Manage::Field-content\"]"}
RESULT: {"using":"xpath","value":"//*[@id=\"rfm.triggerui::TriggerSetObjectPage--fe::HeaderFacet::Form::headerFieldsGP1::DataFieldWithIntentBasedNavigation::ProgramId::FundingProgram::Manage::Field-content\"]"}
COMMAND: POST /session/3de6532c1d241a05c067477dc4de9f43/element/f.BFA6686384EB8AF51C921A14935892A3.d.41635627C6C46625921431DBB3F7B416.e.1901/click - {}
RESULT: {}
COMMAND: POST /session/3de6532c1d241a05c067477dc4de9f43/element - {"using":"css selector","value":"div.sapUiLocalBusyIndicator"}
COMMAND: GET /session/3de6532c1d241a05c067477dc4de9f43/screenshot - {}
RESULT: {"using":"css selector","value":"div.sapUiLocalBusyIndicator"}
COMMAND: POST /session/3de6532c1d241a05c067477dc4de9f43/element - {"using":"css selector","value":"div.sapUiLocalBusyIndicator"}
RESULT: {}
RESULT: {"using":"css selector","value":"div.sapUiLocalBusyIndicator"}
RESULT: undefined
COMMAND: POST /session/3de6532c1d241a05c067477dc4de9f43/execute/async - {"script":"<script> [21 bytes]","args":[{"element-6066-11e4-a52e-4f735466cecf":"f.BFA6686384EB8AF51C921A14935892A3.d.41635627C6C46625921431DBB3F7B416.e.583"},"getText",[]]}
COMMAND: POST /session/3de6532c1d241a05c067477dc4de9f43/execute/async - {"script":"<script> [21 bytes]","args":[{"selector":{"id":"rfm.programui::xRFMxCU_ProgramObjectPage--fe::HeaderFacet::Form::headerFieldsGP1::DataField::ProgramId::Field-content"},"wdio_ui5_key":"rfmprogramui::xRFMxCU_ProgramObjectPage--fe::HeaderFacet::Form::headerFieldsGP1::DataField::ProgramId::Field-content"}]}
RESULT: {"script":"<script> [21 bytes]","args":[{"selector":{"id":"rfm.programui::xRFMxCU_ProgramObjectPage--fe::HeaderFacet::Form::headerFieldsGP1::DataField::ProgramId::Field-content"},"wdio_ui5_key":"rfmprogramui::xRFMxCU_ProgramObjectPage--fe::HeaderFacet::Form::headerFieldsGP1::DataField::ProgramId::Field-content"}]}
COMMAND: POST /session/3de6532c1d241a05c067477dc4de9f43/execute/async - {"script":"<script> [21 bytes]","args":[{"element-6066-11e4-a52e-4f735466cecf":"f.BFA6686384EB8AF51C921A14935892A3.d.41635627C6C46625921431DBB3F7B416.e.2018"},"getText",[]]}
RESULT: {"script":"<script> [21 bytes]","args":[{"element-6066-11e4-a52e-4f735466cecf":"f.BFA6686384EB8AF51C921A14935892A3.d.41635627C6C46625921431DBB3F7B416.e.2018"},"getText",[]]}
COMMAND: POST /session/3de6532c1d241a05c067477dc4de9f43/element - {"using":"css selector","value":"div.sapUiLocalBusyIndicator"}
RESULT: {"using":"css selector","value":"div.sapUiLocalBusyIndicator"}
COMMAND: POST /session/3de6532c1d241a05c067477dc4de9f43/element - {"using":"css selector","value":"div.sapUiLocalBusyIndicator"}
RESULT: {"using":"css selector","value":"div.sapUiLocalBusyIndicator"}
RESULT: undefined
COMMAND: POST /session/3de6532c1d241a05c067477dc4de9f43/element - {"using":"xpath","value":"//*[@id=\"backBtn\"]"}
RESULT: {"using":"xpath","value":"//*[@id=\"backBtn\"]"}
COMMAND: POST /session/3de6532c1d241a05c067477dc4de9f43/element/f.BFA6686384EB8AF51C921A14935892A3.d.41635627C6C46625921431DBB3F7B416.e.1768/click - {}
RESULT: {}
COMMAND: POST /session/3de6532c1d241a05c067477dc4de9f43/element - {"using":"css selector","value":"div.sapUiLocalBusyIndicator"}
COMMAND: GET /session/3de6532c1d241a05c067477dc4de9f43/screenshot - {}
RESULT: {"using":"css selector","value":"div.sapUiLocalBusyIndicator"}
COMMAND: POST /session/3de6532c1d241a05c067477dc4de9f43/element - {"using":"css selector","value":"div.sapUiLocalBusyIndicator"}
RESULT: {}
RESULT: {"using":"css selector","value":"div.sapUiLocalBusyIndicator"}
COMMAND: GET /session/3de6532c1d241a05c067477dc4de9f43/screenshot - {}
COMMAND: DELETE /session/3de6532c1d241a05c067477dc4de9f43 - {}
RESULT: {}
RESULT: {}
]]></system-out>
    </testcase>
  </testsuite>
</testsuites>