<?xml version="1.0" encoding="UTF-8"?>
<testsuites tests="3" failures="0" errors="0" skipped="0">
  <testsuite timestamp="2025-10-07T22:03:21" time="129.245" tests="3" failures="0" errors="0" skipped="0">
    <properties>
      <property name="specId" value="0"/>
      <property name="suiteName" value="Sanity Tests"/>
      <property name="capabilities" value="chrome.140_0_7339_208.windows"/>
      <property name="file" value="file:///D:/a/1/s/test/specs/General/sanity.spec.js"/>
    </properties>
    <testcase classname="chrome.140_0_7339_208.windows.Sanity_Tests" name="Should open Funding Asset page" time="28.334">
      <system-out><![CDATA[
COMMAND: POST /session/46f152ee690110f4bdff06863965b116/execute/async - {"script":"<script> [21 bytes]","args":[{"selector":{"controlType":"sap.m.GenericTile","properties":{"header":"Funding Asset"}},"wdio_ui5_key":"sapm.GenericTile{\"header\":\"Funding Asset\"}"}]}
RESULT: {"script":"<script> [21 bytes]","args":[{"selector":{"controlType":"sap.m.GenericTile","properties":{"header":"Funding Asset"}},"wdio_ui5_key":"sapm.GenericTile{\"header\":\"Funding Asset\"}"}]}
RESULT: undefined
COMMAND: POST /session/46f152ee690110f4bdff06863965b116/element - {"using":"xpath","value":"//*[@id=\"__tile51\"]"}
RESULT: {"using":"xpath","value":"//*[@id=\"__tile51\"]"}
COMMAND: POST /session/46f152ee690110f4bdff06863965b116/element/f.7989602921CE9FB394803D30368C030E.d.232CBF4912A889A8E05115E4E73E99F0.e.72/click - {}
RESULT: {}
COMMAND: GET /session/46f152ee690110f4bdff06863965b116/screenshot - {}
RESULT: {}
RESULT: undefined
COMMAND: POST /session/46f152ee690110f4bdff06863965b116/element - {"using":"xpath","value":"//*[@id=\"__tile51\"]"}
RESULT: {"using":"xpath","value":"//*[@id=\"__tile51\"]"}
COMMAND: POST /session/46f152ee690110f4bdff06863965b116/element/f.7989602921CE9FB394803D30368C030E.d.232CBF4912A889A8E05115E4E73E99F0.e.182/click - {}
RESULT: undefined
COMMAND: POST /session/46f152ee690110f4bdff06863965b116/element - {"using":"xpath","value":"//*[@id=\"__tile51\"]"}
RESULT: {"using":"xpath","value":"//*[@id=\"__tile51\"]"}
COMMAND: POST /session/46f152ee690110f4bdff06863965b116/element/f.7989602921CE9FB394803D30368C030E.d.232CBF4912A889A8E05115E4E73E99F0.e.182/click - {}
COMMAND: POST /session/46f152ee690110f4bdff06863965b116/execute/async - {"script":"<script> [21 bytes]","args":[{"selector":{"id":"shellAppTitle"},"wdio_ui5_key":"shellAppTitle"}]}
RESULT: {"script":"<script> [21 bytes]","args":[{"selector":{"id":"shellAppTitle"},"wdio_ui5_key":"shellAppTitle"}]}
RESULT: undefined
COMMAND: POST /session/46f152ee690110f4bdff06863965b116/execute/async - {"script":"<script> [21 bytes]","args":[{"element-6066-11e4-a52e-4f735466cecf":"f.7989602921CE9FB394803D30368C030E.d.232CBF4912A889A8E05115E4E73E99F0.e.185"},"getTitle",[]]}
RESULT: {"script":"<script> [21 bytes]","args":[{"element-6066-11e4-a52e-4f735466cecf":"f.7989602921CE9FB394803D30368C030E.d.232CBF4912A889A8E05115E4E73E99F0.e.185"},"getTitle",[]]}
COMMAND: POST /session/46f152ee690110f4bdff06863965b116/execute/async - {"script":"<script> [21 bytes]","args":[{"selector":{"id":"backBtn"},"wdio_ui5_key":"backBtn"}]}
RESULT: {"script":"<script> [21 bytes]","args":[{"selector":{"id":"backBtn"},"wdio_ui5_key":"backBtn"}]}
RESULT: undefined
COMMAND: POST /session/46f152ee690110f4bdff06863965b116/element - {"using":"xpath","value":"//*[@id=\"backBtn\"]"}
RESULT: {"using":"xpath","value":"//*[@id=\"backBtn\"]"}
COMMAND: POST /session/46f152ee690110f4bdff06863965b116/element/f.7989602921CE9FB394803D30368C030E.d.232CBF4912A889A8E05115E4E73E99F0.e.186/click - {}
RESULT: {}
COMMAND: GET /session/46f152ee690110f4bdff06863965b116/screenshot - {}
RESULT: {}
COMMAND: GET /session/46f152ee690110f4bdff06863965b116/screenshot - {}
]]></system-out>
    </testcase>
    <testcase classname="chrome.140_0_7339_208.windows.Sanity_Tests" name="Should open Funding Debtor page" time="25.425">
      <system-out><![CDATA[
COMMAND: POST /session/46f152ee690110f4bdff06863965b116/execute/async - {"script":"<script> [21 bytes]","args":[{"selector":{"controlType":"sap.m.GenericTile","properties":{"header":"Funding Debtor"}},"wdio_ui5_key":"sapm.GenericTile{\"header\":\"Funding Debtor\"}"}]}
RESULT: {}
RESULT: {"script":"<script> [21 bytes]","args":[{"selector":{"controlType":"sap.m.GenericTile","properties":{"header":"Funding Debtor"}},"wdio_ui5_key":"sapm.GenericTile{\"header\":\"Funding Debtor\"}"}]}
RESULT: undefined
COMMAND: POST /session/46f152ee690110f4bdff06863965b116/element - {"using":"xpath","value":"//*[@id=\"__tile52\"]"}
RESULT: {"using":"xpath","value":"//*[@id=\"__tile52\"]"}
COMMAND: POST /session/46f152ee690110f4bdff06863965b116/element/f.7989602921CE9FB394803D30368C030E.d.232CBF4912A889A8E05115E4E73E99F0.e.189/click - {}
RESULT: {}
COMMAND: GET /session/46f152ee690110f4bdff06863965b116/screenshot - {}
RESULT: {}
RESULT: undefined
COMMAND: POST /session/46f152ee690110f4bdff06863965b116/element - {"using":"xpath","value":"//*[@id=\"__tile52\"]"}
RESULT: {"using":"xpath","value":"//*[@id=\"__tile52\"]"}
COMMAND: POST /session/46f152ee690110f4bdff06863965b116/element/f.7989602921CE9FB394803D30368C030E.d.232CBF4912A889A8E05115E4E73E99F0.e.277/click - {}
RESULT: undefined
COMMAND: POST /session/46f152ee690110f4bdff06863965b116/element - {"using":"xpath","value":"//*[@id=\"__tile52\"]"}
RESULT: {"using":"xpath","value":"//*[@id=\"__tile52\"]"}
COMMAND: POST /session/46f152ee690110f4bdff06863965b116/element/f.7989602921CE9FB394803D30368C030E.d.232CBF4912A889A8E05115E4E73E99F0.e.277/click - {}
RESULT: undefined
COMMAND: POST /session/46f152ee690110f4bdff06863965b116/execute/async - {"script":"<script> [21 bytes]","args":[{"element-6066-11e4-a52e-4f735466cecf":"f.7989602921CE9FB394803D30368C030E.d.232CBF4912A889A8E05115E4E73E99F0.e.185"},"getTitle",[]]}
RESULT: {"script":"<script> [21 bytes]","args":[{"element-6066-11e4-a52e-4f735466cecf":"f.7989602921CE9FB394803D30368C030E.d.232CBF4912A889A8E05115E4E73E99F0.e.185"},"getTitle",[]]}
RESULT: undefined
COMMAND: POST /session/46f152ee690110f4bdff06863965b116/element/f.7989602921CE9FB394803D30368C030E.d.232CBF4912A889A8E05115E4E73E99F0.e.186/click - {}
RESULT: {}
COMMAND: GET /session/46f152ee690110f4bdff06863965b116/screenshot - {}
RESULT: {}
COMMAND: GET /session/46f152ee690110f4bdff06863965b116/screenshot - {}
]]></system-out>
    </testcase>
    <testcase classname="chrome.140_0_7339_208.windows.Sanity_Tests" name="Should open Asset Warehouse page" time="27.334">
      <system-out><![CDATA[
COMMAND: POST /session/46f152ee690110f4bdff06863965b116/execute/async - {"script":"<script> [21 bytes]","args":[{"selector":{"controlType":"sap.m.GenericTile","properties":{"header":"Asset Warehouse"}},"wdio_ui5_key":"sapm.GenericTile{\"header\":\"Asset Warehouse\"}"}]}
RESULT: {}
RESULT: {"script":"<script> [21 bytes]","args":[{"selector":{"controlType":"sap.m.GenericTile","properties":{"header":"Asset Warehouse"}},"wdio_ui5_key":"sapm.GenericTile{\"header\":\"Asset Warehouse\"}"}]}
RESULT: undefined
COMMAND: POST /session/46f152ee690110f4bdff06863965b116/element - {"using":"xpath","value":"//*[@id=\"__tile53\"]"}
RESULT: {"using":"xpath","value":"//*[@id=\"__tile53\"]"}
COMMAND: POST /session/46f152ee690110f4bdff06863965b116/element/f.7989602921CE9FB394803D30368C030E.d.232CBF4912A889A8E05115E4E73E99F0.e.282/click - {}
RESULT: {}
COMMAND: GET /session/46f152ee690110f4bdff06863965b116/screenshot - {}
RESULT: {}
RESULT: undefined
COMMAND: POST /session/46f152ee690110f4bdff06863965b116/element - {"using":"xpath","value":"//*[@id=\"__tile53\"]"}
RESULT: {"using":"xpath","value":"//*[@id=\"__tile53\"]"}
COMMAND: POST /session/46f152ee690110f4bdff06863965b116/element/f.7989602921CE9FB394803D30368C030E.d.232CBF4912A889A8E05115E4E73E99F0.e.500/click - {}
RESULT: undefined
COMMAND: POST /session/46f152ee690110f4bdff06863965b116/element - {"using":"xpath","value":"//*[@id=\"__tile53\"]"}
RESULT: {"using":"xpath","value":"//*[@id=\"__tile53\"]"}
COMMAND: POST /session/46f152ee690110f4bdff06863965b116/element/f.7989602921CE9FB394803D30368C030E.d.232CBF4912A889A8E05115E4E73E99F0.e.500/click - {}
RESULT: undefined
COMMAND: POST /session/46f152ee690110f4bdff06863965b116/execute/async - {"script":"<script> [21 bytes]","args":[{"element-6066-11e4-a52e-4f735466cecf":"f.7989602921CE9FB394803D30368C030E.d.232CBF4912A889A8E05115E4E73E99F0.e.185"},"getTitle",[]]}
RESULT: {"script":"<script> [21 bytes]","args":[{"element-6066-11e4-a52e-4f735466cecf":"f.7989602921CE9FB394803D30368C030E.d.232CBF4912A889A8E05115E4E73E99F0.e.185"},"getTitle",[]]}
RESULT: undefined
COMMAND: POST /session/46f152ee690110f4bdff06863965b116/element/f.7989602921CE9FB394803D30368C030E.d.232CBF4912A889A8E05115E4E73E99F0.e.186/click - {}
COMMAND: POST /session/46f152ee690110f4bdff06863965b116/element - {"using":"xpath","value":"//*[@id=\"backBtn\"]"}
RESULT: {"using":"xpath","value":"//*[@id=\"backBtn\"]"}
COMMAND: POST /session/46f152ee690110f4bdff06863965b116/element/f.7989602921CE9FB394803D30368C030E.d.232CBF4912A889A8E05115E4E73E99F0.e.186/click - {}
COMMAND: POST /session/46f152ee690110f4bdff06863965b116/element - {"using":"xpath","value":"//*[@id=\"backBtn\"]"}
RESULT: {"using":"xpath","value":"//*[@id=\"backBtn\"]"}
COMMAND: POST /session/46f152ee690110f4bdff06863965b116/element/f.7989602921CE9FB394803D30368C030E.d.232CBF4912A889A8E05115E4E73E99F0.e.506/click - {}
RESULT: {}
COMMAND: GET /session/46f152ee690110f4bdff06863965b116/screenshot - {}
RESULT: {}
COMMAND: GET /session/46f152ee690110f4bdff06863965b116/screenshot - {}
COMMAND: DELETE /session/46f152ee690110f4bdff06863965b116 - {}
RESULT: {}
RESULT: {}
]]></system-out>
    </testcase>
  </testsuite>
</testsuites>