<?xml version="1.0" encoding="UTF-8"?>
<testsuites tests="11" failures="3" errors="3" skipped="3">
  <testsuite timestamp="2025-08-22T00:38:22" time="314.249" tests="11" failures="3" errors="3" skipped="3">
    <properties>
      <property name="specId" value="0"/>
      <property name="suiteName" value="Trigger"/>
      <property name="capabilities" value="chrome.139_0_7258_67.windows"/>
      <property name="file" value="file:///D:/a/1/s/test/specs/BusinessObjects/Trigger.spec.js"/>
    </properties>
    <testcase classname="chrome.139_0_7258_67.windows.Trigger" name="Should create Program" time="64.988">
      <system-out><![CDATA[
COMMAND: POST /session/87060ecc61b90b9cbeaeabef4867bd7b/execute/async - {"script":"<script> [21 bytes]","args":[{"selector":{"controlType":"sap.m.GenericTile","properties":{"header":"Funding Program"}},"wdio_ui5_key":"sapm.GenericTile{\"header\":\"Funding Program\"}"}]}
RESULT: {"script":"<script> [21 bytes]","args":[{"selector":{"controlType":"sap.m.GenericTile","properties":{"header":"Funding Program"}},"wdio_ui5_key":"sapm.GenericTile{\"header\":\"Funding Program\"}"}]}
RESULT: undefined
COMMAND: POST /session/87060ecc61b90b9cbeaeabef4867bd7b/element - {"using":"xpath","value":"//*[@id=\"__tile29\"]"}
RESULT: {"using":"xpath","value":"//*[@id=\"__tile29\"]"}
COMMAND: POST /session/87060ecc61b90b9cbeaeabef4867bd7b/element/f.01EC4218B1658738BDFE80954B26D4A5.d.BB22219130877FAF85E3653733F50CAB.e.75/click - {}
RESULT: {}
COMMAND: POST /session/87060ecc61b90b9cbeaeabef4867bd7b/execute/async - {"script":"<script> [21 bytes]","args":[{"selector":{"id":"rfm.programui::xRFMxCU_ProgramList--fe::table::allTab::LineItem::StandardAction::Create","controlType":"sap.m.Button"},"wdio_ui5_key":"rfmprogramui::xRFMxCU_ProgramList--fe::table::allTab::LineItem::StandardAction::Createsap.m.Button"}]}
COMMAND: GET /session/87060ecc61b90b9cbeaeabef4867bd7b/screenshot - {}
RESULT: {"script":"<script> [21 bytes]","args":[{"selector":{"id":"rfm.programui::xRFMxCU_ProgramList--fe::table::allTab::LineItem::StandardAction::Create","controlType":"sap.m.Button"},"wdio_ui5_key":"rfmprogramui::xRFMxCU_ProgramList--fe::table::allTab::LineItem::StandardAction::Createsap.m.Button"}]}
RESULT: undefined
COMMAND: POST /session/87060ecc61b90b9cbeaeabef4867bd7b/element - {"using":"xpath","value":"//*[@id=\"rfm.programui::xRFMxCU_ProgramList--fe::table::allTab::LineItem::StandardAction::Create\"]"}
RESULT: {}
RESULT: {"using":"xpath","value":"//*[@id=\"rfm.programui::xRFMxCU_ProgramList--fe::table::allTab::LineItem::StandardAction::Create\"]"}
COMMAND: POST /session/87060ecc61b90b9cbeaeabef4867bd7b/element/f.01EC4218B1658738BDFE80954B26D4A5.d.BB22219130877FAF85E3653733F50CAB.e.130/click - {}
RESULT: {}
COMMAND: POST /session/87060ecc61b90b9cbeaeabef4867bd7b/element - {"using":"css selector","value":"div.sapUiLocalBusyIndicator"}
COMMAND: GET /session/87060ecc61b90b9cbeaeabef4867bd7b/screenshot - {}
RESULT: {"using":"css selector","value":"div.sapUiLocalBusyIndicator"}
COMMAND: POST /session/87060ecc61b90b9cbeaeabef4867bd7b/element - {"using":"css selector","value":"div.sapUiLocalBusyIndicator"}
RESULT: {}
RESULT: {"using":"css selector","value":"div.sapUiLocalBusyIndicator"}
COMMAND: POST /session/87060ecc61b90b9cbeaeabef4867bd7b/execute/sync - {"script":"<script> [21 bytes]","args":[{"element-6066-11e4-a52e-4f735466cecf":"f.01EC4218B1658738BDFE80954B26D4A5.d.BB22219130877FAF85E3653733F50CAB.e.301","ELEMENT":"f.01EC4218B1658738BDFE80954B26D4A5.d.BB22219130877FAF85E3653733F50CAB.e.301"}]}
RESULT: {"script":"<script> [21 bytes]","args":[{"element-6066-11e4-a52e-4f735466cecf":"f.01EC4218B1658738BDFE80954B26D4A5.d.BB22219130877FAF85E3653733F50CAB.e.301","ELEMENT":"f.01EC4218B1658738BDFE80954B26D4A5.d.BB22219130877FAF85E3653733F50CAB.e.301"}]}
COMMAND: POST /session/87060ecc61b90b9cbeaeabef4867bd7b/execute/async - {"script":"<script> [21 bytes]","args":[{"selector":{"id":"CreateDialog::xRFMxCU_ProgramType::FundingScope-inner","searchOpenDialogs":true,"interaction":{"idSuffix":"inner"}},"wdio_ui5_key":"CreateDialogxRFMxCU_ProgramType::FundingScope-inner"}]}
COMMAND: GET /session/87060ecc61b90b9cbeaeabef4867bd7b/screenshot - {}
RESULT: {"script":"<script> [21 bytes]","args":[{"selector":{"id":"CreateDialog::xRFMxCU_ProgramType::FundingScope-inner","searchOpenDialogs":true,"interaction":{"idSuffix":"inner"}},"wdio_ui5_key":"CreateDialogxRFMxCU_ProgramType::FundingScope-inner"}]}
RESULT: undefined
COMMAND: POST /session/87060ecc61b90b9cbeaeabef4867bd7b/execute/async - {"script":"<script> [20 bytes]","args":[{"enterText":"Installment","selector":{"id":"CreateDialog::xRFMxCU_ProgramType::FundingScope-inner","searchOpenDialogs":true,"interaction":{"idSuffix":"inner"}},"clearTextFirst":true,"interactionType":"ENTER_TEXT"}]}
RESULT: {}
RESULT: {"script":"<script> [20 bytes]","args":[{"enterText":"Installment","selector":{"id":"CreateDialog::xRFMxCU_ProgramType::FundingScope-inner","searchOpenDialogs":true,"interaction":{"idSuffix":"inner"}},"clearTextFirst":true,"interactionType":"ENTER_TEXT"}]}
COMMAND: POST /session/87060ecc61b90b9cbeaeabef4867bd7b/element - {"using":"css selector","value":"div.sapUiLocalBusyIndicator"}
RESULT: {"using":"css selector","value":"div.sapUiLocalBusyIndicator"}
COMMAND: POST /session/87060ecc61b90b9cbeaeabef4867bd7b/execute/sync - {"script":"<script> [21 bytes]","args":[{"element-6066-11e4-a52e-4f735466cecf":"f.01EC4218B1658738BDFE80954B26D4A5.d.BB22219130877FAF85E3653733F50CAB.e.301","ELEMENT":"f.01EC4218B1658738BDFE80954B26D4A5.d.BB22219130877FAF85E3653733F50CAB.e.301"}]}
RESULT: {"script":"<script> [21 bytes]","args":[{"element-6066-11e4-a52e-4f735466cecf":"f.01EC4218B1658738BDFE80954B26D4A5.d.BB22219130877FAF85E3653733F50CAB.e.301","ELEMENT":"f.01EC4218B1658738BDFE80954B26D4A5.d.BB22219130877FAF85E3653733F50CAB.e.301"}]}
COMMAND: POST /session/87060ecc61b90b9cbeaeabef4867bd7b/execute/async - {"script":"<script> [21 bytes]","args":[{"selector":{"id":"CreateDialog::xRFMxCU_ProgramType::ValidFrom-inner","searchOpenDialogs":true,"interaction":{"idSuffix":"inner"}},"wdio_ui5_key":"CreateDialogxRFMxCU_ProgramType::ValidFrom-inner"}]}
COMMAND: GET /session/87060ecc61b90b9cbeaeabef4867bd7b/screenshot - {}
RESULT: {"script":"<script> [21 bytes]","args":[{"selector":{"id":"CreateDialog::xRFMxCU_ProgramType::ValidFrom-inner","searchOpenDialogs":true,"interaction":{"idSuffix":"inner"}},"wdio_ui5_key":"CreateDialogxRFMxCU_ProgramType::ValidFrom-inner"}]}
RESULT: undefined
COMMAND: POST /session/87060ecc61b90b9cbeaeabef4867bd7b/execute/async - {"script":"<script> [21 bytes]","args":[{"element-6066-11e4-a52e-4f735466cecf":"f.01EC4218B1658738BDFE80954B26D4A5.d.BB22219130877FAF85E3653733F50CAB.e.288"},"setValue",["2025-01-01"]]}
RESULT: {}
RESULT: {"script":"<script> [21 bytes]","args":[{"element-6066-11e4-a52e-4f735466cecf":"f.01EC4218B1658738BDFE80954B26D4A5.d.BB22219130877FAF85E3653733F50CAB.e.288"},"setValue",["2025-01-01"]]}
COMMAND: POST /session/87060ecc61b90b9cbeaeabef4867bd7b/element - {"using":"css selector","value":"div.sapUiLocalBusyIndicator"}
RESULT: {"using":"css selector","value":"div.sapUiLocalBusyIndicator"}
COMMAND: POST /session/87060ecc61b90b9cbeaeabef4867bd7b/execute/sync - {"script":"<script> [21 bytes]","args":[{"element-6066-11e4-a52e-4f735466cecf":"f.01EC4218B1658738BDFE80954B26D4A5.d.BB22219130877FAF85E3653733F50CAB.e.301","ELEMENT":"f.01EC4218B1658738BDFE80954B26D4A5.d.BB22219130877FAF85E3653733F50CAB.e.301"}]}
RESULT: {"script":"<script> [21 bytes]","args":[{"element-6066-11e4-a52e-4f735466cecf":"f.01EC4218B1658738BDFE80954B26D4A5.d.BB22219130877FAF85E3653733F50CAB.e.301","ELEMENT":"f.01EC4218B1658738BDFE80954B26D4A5.d.BB22219130877FAF85E3653733F50CAB.e.301"}]}
COMMAND: POST /session/87060ecc61b90b9cbeaeabef4867bd7b/execute/async - {"script":"<script> [21 bytes]","args":[{"selector":{"id":"CreateDialog::xRFMxCU_ProgramType::PortfolioId-inner","searchOpenDialogs":true,"interaction":{"idSuffix":"inner"}},"wdio_ui5_key":"CreateDialogxRFMxCU_ProgramType::PortfolioId-inner"}]}
COMMAND: GET /session/87060ecc61b90b9cbeaeabef4867bd7b/screenshot - {}
RESULT: {"script":"<script> [21 bytes]","args":[{"selector":{"id":"CreateDialog::xRFMxCU_ProgramType::PortfolioId-inner","searchOpenDialogs":true,"interaction":{"idSuffix":"inner"}},"wdio_ui5_key":"CreateDialogxRFMxCU_ProgramType::PortfolioId-inner"}]}
RESULT: undefined
COMMAND: POST /session/87060ecc61b90b9cbeaeabef4867bd7b/execute/async - {"script":"<script> [20 bytes]","args":[{"enterText":"1","selector":{"id":"CreateDialog::xRFMxCU_ProgramType::PortfolioId-inner","searchOpenDialogs":true,"interaction":{"idSuffix":"inner"}},"clearTextFirst":true,"interactionType":"ENTER_TEXT"}]}
RESULT: {}
RESULT: {"script":"<script> [20 bytes]","args":[{"enterText":"1","selector":{"id":"CreateDialog::xRFMxCU_ProgramType::PortfolioId-inner","searchOpenDialogs":true,"interaction":{"idSuffix":"inner"}},"clearTextFirst":true,"interactionType":"ENTER_TEXT"}]}
COMMAND: POST /session/87060ecc61b90b9cbeaeabef4867bd7b/element - {"using":"css selector","value":"div.sapUiLocalBusyIndicator"}
RESULT: {"using":"css selector","value":"div.sapUiLocalBusyIndicator"}
COMMAND: POST /session/87060ecc61b90b9cbeaeabef4867bd7b/execute/sync - {"script":"<script> [21 bytes]","args":[{"element-6066-11e4-a52e-4f735466cecf":"f.01EC4218B1658738BDFE80954B26D4A5.d.BB22219130877FAF85E3653733F50CAB.e.301","ELEMENT":"f.01EC4218B1658738BDFE80954B26D4A5.d.BB22219130877FAF85E3653733F50CAB.e.301"}]}
RESULT: {"script":"<script> [21 bytes]","args":[{"element-6066-11e4-a52e-4f735466cecf":"f.01EC4218B1658738BDFE80954B26D4A5.d.BB22219130877FAF85E3653733F50CAB.e.301","ELEMENT":"f.01EC4218B1658738BDFE80954B26D4A5.d.BB22219130877FAF85E3653733F50CAB.e.301"}]}
COMMAND: POST /session/87060ecc61b90b9cbeaeabef4867bd7b/execute/async - {"script":"<script> [21 bytes]","args":[{"selector":{"controlType":"sap.m.Button","viewName":"sap.fe.templates.ObjectPage.ObjectPage","viewId":"rfm.programui::xRFMxCU_ProgramObjectPage","properties":{"text":"Continue"},"searchOpenDialogs":true,"interaction":{"idSuffix":"BDI-content"}},"wdio_ui5_key":"sapfe.templates.ObjectPage.ObjectPagesap.m.Button{\"text\":\"Continue\"}"}]}
COMMAND: GET /session/87060ecc61b90b9cbeaeabef4867bd7b/screenshot - {}
RESULT: {"script":"<script> [21 bytes]","args":[{"selector":{"controlType":"sap.m.Button","viewName":"sap.fe.templates.ObjectPage.ObjectPage","viewId":"rfm.programui::xRFMxCU_ProgramObjectPage","properties":{"text":"Continue"},"searchOpenDialogs":true,"interaction":{"idSuffix":"BDI-content"}},"wdio_ui5_key":"sapfe.templates.ObjectPage.ObjectPagesap.m.Button{\"text\":\"Continue\"}"}]}
RESULT: undefined
COMMAND: POST /session/87060ecc61b90b9cbeaeabef4867bd7b/element - {"using":"xpath","value":"//*[@id=\"__button198\"]"}
RESULT: {}
RESULT: {"using":"xpath","value":"//*[@id=\"__button198\"]"}
COMMAND: POST /session/87060ecc61b90b9cbeaeabef4867bd7b/element/f.01EC4218B1658738BDFE80954B26D4A5.d.BB22219130877FAF85E3653733F50CAB.e.306/click - {}
RESULT: {}
COMMAND: POST /session/87060ecc61b90b9cbeaeabef4867bd7b/element - {"using":"css selector","value":"div.sapUiLocalBusyIndicator"}
COMMAND: GET /session/87060ecc61b90b9cbeaeabef4867bd7b/screenshot - {}
RESULT: {"using":"css selector","value":"div.sapUiLocalBusyIndicator"}
COMMAND: POST /session/87060ecc61b90b9cbeaeabef4867bd7b/execute/sync - {"script":"<script> [21 bytes]","args":[{"element-6066-11e4-a52e-4f735466cecf":"f.01EC4218B1658738BDFE80954B26D4A5.d.BB22219130877FAF85E3653733F50CAB.e.307","ELEMENT":"f.01EC4218B1658738BDFE80954B26D4A5.d.BB22219130877FAF85E3653733F50CAB.e.307"}]}
RESULT: {}
COMMAND: POST /session/87060ecc61b90b9cbeaeabef4867bd7b/element - {"using":"css selector","value":"div.sapUiLocalBusyIndicator"}
RESULT: {"using":"css selector","value":"div.sapUiLocalBusyIndicator"}
COMMAND: POST /session/87060ecc61b90b9cbeaeabef4867bd7b/element - {"using":"css selector","value":"div.sapUiLocalBusyIndicator"}
RESULT: {"using":"css selector","value":"div.sapUiLocalBusyIndicator"}
COMMAND: POST /session/87060ecc61b90b9cbeaeabef4867bd7b/execute/async - {"script":"<script> [21 bytes]","args":[{"selector":{"id":"rfm.programui::xRFMxCU_ProgramObjectPage--fe::CustomSubSection::CustomDetailsSection--fe::FormContainer::FieldGroup::basicData1::FormElement::DataField::Currency::Field-edit-inner","interaction":{"idSuffix":"inner"}},"wdio_ui5_key":"rfmprogramui::xRFMxCU_ProgramObjectPage--fe::CustomSubSection::CustomDetailsSection--fe::FormContainer::FieldGroup::basicData1::FormElement::DataField::Currency::Field-edit-inner"}]}
RESULT: {"script":"<script> [21 bytes]","args":[{"selector":{"id":"rfm.programui::xRFMxCU_ProgramObjectPage--fe::CustomSubSection::CustomDetailsSection--fe::FormContainer::FieldGroup::basicData1::FormElement::DataField::Currency::Field-edit-inner","interaction":{"idSuffix":"inner"}},"wdio_ui5_key":"rfmprogramui::xRFMxCU_ProgramObjectPage--fe::CustomSubSection::CustomDetailsSection--fe::FormContainer::FieldGroup::basicData1::FormElement::DataField::Currency::Field-edit-inner"}]}
RESULT: undefined
COMMAND: POST /session/87060ecc61b90b9cbeaeabef4867bd7b/execute/async - {"script":"<script> [20 bytes]","args":[{"enterText":"EUR","selector":{"id":"rfm.programui::xRFMxCU_ProgramObjectPage--fe::CustomSubSection::CustomDetailsSection--fe::FormContainer::FieldGroup::basicData1::FormElement::DataField::Currency::Field-edit-inner","interaction":{"idSuffix":"inner"}},"clearTextFirst":true,"interactionType":"ENTER_TEXT"}]}
RESULT: {"script":"<script> [20 bytes]","args":[{"enterText":"EUR","selector":{"id":"rfm.programui::xRFMxCU_ProgramObjectPage--fe::CustomSubSection::CustomDetailsSection--fe::FormContainer::FieldGroup::basicData1::FormElement::DataField::Currency::Field-edit-inner","interaction":{"idSuffix":"inner"}},"clearTextFirst":true,"interactionType":"ENTER_TEXT"}]}
COMMAND: POST /session/87060ecc61b90b9cbeaeabef4867bd7b/element - {"using":"css selector","value":"div.sapUiLocalBusyIndicator"}
RESULT: {"using":"css selector","value":"div.sapUiLocalBusyIndicator"}
COMMAND: POST /session/87060ecc61b90b9cbeaeabef4867bd7b/element - {"using":"css selector","value":"div.sapUiLocalBusyIndicator"}
RESULT: {"using":"css selector","value":"div.sapUiLocalBusyIndicator"}
COMMAND: POST /session/87060ecc61b90b9cbeaeabef4867bd7b/execute/async - {"script":"<script> [21 bytes]","args":[{"selector":{"id":"rfm.programui::xRFMxCU_ProgramObjectPage--fe::CustomSubSection::CustomDetailsSection--fe::FormContainer::FieldGroup::basicData1::FormElement::DataField::Volume::Field-edit-inner","interaction":{"idSuffix":"inner"}},"wdio_ui5_key":"rfmprogramui::xRFMxCU_ProgramObjectPage--fe::CustomSubSection::CustomDetailsSection--fe::FormContainer::FieldGroup::basicData1::FormElement::DataField::Volume::Field-edit-inner"}]}
RESULT: {"script":"<script> [21 bytes]","args":[{"selector":{"id":"rfm.programui::xRFMxCU_ProgramObjectPage--fe::CustomSubSection::CustomDetailsSection--fe::FormContainer::FieldGroup::basicData1::FormElement::DataField::Volume::Field-edit-inner","interaction":{"idSuffix":"inner"}},"wdio_ui5_key":"rfmprogramui::xRFMxCU_ProgramObjectPage--fe::CustomSubSection::CustomDetailsSection--fe::FormContainer::FieldGroup::basicData1::FormElement::DataField::Volume::Field-edit-inner"}]}
RESULT: undefined
COMMAND: POST /session/87060ecc61b90b9cbeaeabef4867bd7b/execute/async - {"script":"<script> [20 bytes]","args":[{"enterText":"1,000,000,000.00","selector":{"id":"rfm.programui::xRFMxCU_ProgramObjectPage--fe::CustomSubSection::CustomDetailsSection--fe::FormContainer::FieldGroup::basicData1::FormElement::DataField::Volume::Field-edit-inner","interaction":{"idSuffix":"inner"}},"clearTextFirst":true,"interactionType":"ENTER_TEXT"}]}
RESULT: {"script":"<script> [20 bytes]","args":[{"enterText":"1,000,000,000.00","selector":{"id":"rfm.programui::xRFMxCU_ProgramObjectPage--fe::CustomSubSection::CustomDetailsSection--fe::FormContainer::FieldGroup::basicData1::FormElement::DataField::Volume::Field-edit-inner","interaction":{"idSuffix":"inner"}},"clearTextFirst":true,"interactionType":"ENTER_TEXT"}]}
COMMAND: POST /session/87060ecc61b90b9cbeaeabef4867bd7b/element - {"using":"css selector","value":"div.sapUiLocalBusyIndicator"}
RESULT: {"using":"css selector","value":"div.sapUiLocalBusyIndicator"}
COMMAND: POST /session/87060ecc61b90b9cbeaeabef4867bd7b/element - {"using":"css selector","value":"div.sapUiLocalBusyIndicator"}
RESULT: {"using":"css selector","value":"div.sapUiLocalBusyIndicator"}
COMMAND: POST /session/87060ecc61b90b9cbeaeabef4867bd7b/execute/async - {"script":"<script> [21 bytes]","args":[{"selector":{"id":"rfm.programui::xRFMxCU_ProgramObjectPage--fe::CustomSubSection::CustomDetailsSection--fe::FormContainer::FieldGroup::basicData1::FormElement::DataField::ValidTo::Field-edit","interaction":{"idSuffix":"inner"}},"wdio_ui5_key":"rfmprogramui::xRFMxCU_ProgramObjectPage--fe::CustomSubSection::CustomDetailsSection--fe::FormContainer::FieldGroup::basicData1::FormElement::DataField::ValidTo::Field-edit"}]}
RESULT: {"script":"<script> [21 bytes]","args":[{"selector":{"id":"rfm.programui::xRFMxCU_ProgramObjectPage--fe::CustomSubSection::CustomDetailsSection--fe::FormContainer::FieldGroup::basicData1::FormElement::DataField::ValidTo::Field-edit","interaction":{"idSuffix":"inner"}},"wdio_ui5_key":"rfmprogramui::xRFMxCU_ProgramObjectPage--fe::CustomSubSection::CustomDetailsSection--fe::FormContainer::FieldGroup::basicData1::FormElement::DataField::ValidTo::Field-edit"}]}
RESULT: undefined
COMMAND: POST /session/87060ecc61b90b9cbeaeabef4867bd7b/execute/async - {"script":"<script> [21 bytes]","args":[{"element-6066-11e4-a52e-4f735466cecf":"f.01EC4218B1658738BDFE80954B26D4A5.d.BB22219130877FAF85E3653733F50CAB.e.360"},"setValue",["2027-12-31"]]}
RESULT: {"script":"<script> [21 bytes]","args":[{"element-6066-11e4-a52e-4f735466cecf":"f.01EC4218B1658738BDFE80954B26D4A5.d.BB22219130877FAF85E3653733F50CAB.e.360"},"setValue",["2027-12-31"]]}
COMMAND: POST /session/87060ecc61b90b9cbeaeabef4867bd7b/element - {"using":"css selector","value":"div.sapUiLocalBusyIndicator"}
RESULT: {"using":"css selector","value":"div.sapUiLocalBusyIndicator"}
COMMAND: POST /session/87060ecc61b90b9cbeaeabef4867bd7b/element - {"using":"css selector","value":"div.sapUiLocalBusyIndicator"}
RESULT: {"using":"css selector","value":"div.sapUiLocalBusyIndicator"}
COMMAND: POST /session/87060ecc61b90b9cbeaeabef4867bd7b/execute/async - {"script":"<script> [21 bytes]","args":[{"selector":{"id":"rfm.programui::xRFMxCU_ProgramObjectPage--fe::CustomSubSection::CustomDetailsSection--fe::FormContainer::FieldGroup::basicData2::FormElement::DataField::CompanyCode::Field-edit-inner","interaction":{"idSuffix":"inner"}},"wdio_ui5_key":"rfmprogramui::xRFMxCU_ProgramObjectPage--fe::CustomSubSection::CustomDetailsSection--fe::FormContainer::FieldGroup::basicData2::FormElement::DataField::CompanyCode::Field-edit-inner"}]}
RESULT: {"script":"<script> [21 bytes]","args":[{"selector":{"id":"rfm.programui::xRFMxCU_ProgramObjectPage--fe::CustomSubSection::CustomDetailsSection--fe::FormContainer::FieldGroup::basicData2::FormElement::DataField::CompanyCode::Field-edit-inner","interaction":{"idSuffix":"inner"}},"wdio_ui5_key":"rfmprogramui::xRFMxCU_ProgramObjectPage--fe::CustomSubSection::CustomDetailsSection--fe::FormContainer::FieldGroup::basicData2::FormElement::DataField::CompanyCode::Field-edit-inner"}]}
RESULT: undefined
COMMAND: POST /session/87060ecc61b90b9cbeaeabef4867bd7b/execute/async - {"script":"<script> [20 bytes]","args":[{"enterText":"BearingPoint (0001)","selector":{"id":"rfm.programui::xRFMxCU_ProgramObjectPage--fe::CustomSubSection::CustomDetailsSection--fe::FormContainer::FieldGroup::basicData2::FormElement::DataField::CompanyCode::Field-edit-inner","interaction":{"idSuffix":"inner"}},"clearTextFirst":true,"interactionType":"ENTER_TEXT"}]}
RESULT: {"script":"<script> [20 bytes]","args":[{"enterText":"BearingPoint (0001)","selector":{"id":"rfm.programui::xRFMxCU_ProgramObjectPage--fe::CustomSubSection::CustomDetailsSection--fe::FormContainer::FieldGroup::basicData2::FormElement::DataField::CompanyCode::Field-edit-inner","interaction":{"idSuffix":"inner"}},"clearTextFirst":true,"interactionType":"ENTER_TEXT"}]}
COMMAND: POST /session/87060ecc61b90b9cbeaeabef4867bd7b/element - {"using":"css selector","value":"div.sapUiLocalBusyIndicator"}
RESULT: {"using":"css selector","value":"div.sapUiLocalBusyIndicator"}
COMMAND: POST /session/87060ecc61b90b9cbeaeabef4867bd7b/element - {"using":"css selector","value":"div.sapUiLocalBusyIndicator"}
RESULT: {"using":"css selector","value":"div.sapUiLocalBusyIndicator"}
COMMAND: POST /session/87060ecc61b90b9cbeaeabef4867bd7b/execute/async - {"script":"<script> [21 bytes]","args":[{"selector":{"id":"rfm.programui::xRFMxCU_ProgramObjectPage--fe::CustomSubSection::CustomDetailsSection--DetailsFundingTypesTable-content::StandardAction::Create","interaction":{"idSuffix":"BDI-content"}},"wdio_ui5_key":"rfmprogramui::xRFMxCU_ProgramObjectPage--fe::CustomSubSection::CustomDetailsSection--DetailsFundingTypesTable-content::StandardAction::Create"}]}
RESULT: {"script":"<script> [21 bytes]","args":[{"selector":{"id":"rfm.programui::xRFMxCU_ProgramObjectPage--fe::CustomSubSection::CustomDetailsSection--DetailsFundingTypesTable-content::StandardAction::Create","interaction":{"idSuffix":"BDI-content"}},"wdio_ui5_key":"rfmprogramui::xRFMxCU_ProgramObjectPage--fe::CustomSubSection::CustomDetailsSection--DetailsFundingTypesTable-content::StandardAction::Create"}]}
RESULT: undefined
COMMAND: POST /session/87060ecc61b90b9cbeaeabef4867bd7b/element - {"using":"xpath","value":"//*[@id=\"rfm.programui::xRFMxCU_ProgramObjectPage--fe::CustomSubSection::CustomDetailsSection--DetailsFundingTypesTable-content::StandardAction::Create\"]"}
RESULT: {"using":"xpath","value":"//*[@id=\"rfm.programui::xRFMxCU_ProgramObjectPage--fe::CustomSubSection::CustomDetailsSection--DetailsFundingTypesTable-content::StandardAction::Create\"]"}
COMMAND: POST /session/87060ecc61b90b9cbeaeabef4867bd7b/element/f.01EC4218B1658738BDFE80954B26D4A5.d.BB22219130877FAF85E3653733F50CAB.e.371/click - {}
RESULT: {}
COMMAND: POST /session/87060ecc61b90b9cbeaeabef4867bd7b/element - {"using":"css selector","value":"div.sapUiLocalBusyIndicator"}
COMMAND: GET /session/87060ecc61b90b9cbeaeabef4867bd7b/screenshot - {}
RESULT: {"using":"css selector","value":"div.sapUiLocalBusyIndicator"}
COMMAND: POST /session/87060ecc61b90b9cbeaeabef4867bd7b/execute/sync - {"script":"<script> [21 bytes]","args":[{"element-6066-11e4-a52e-4f735466cecf":"f.01EC4218B1658738BDFE80954B26D4A5.d.BB22219130877FAF85E3653733F50CAB.e.509","ELEMENT":"f.01EC4218B1658738BDFE80954B26D4A5.d.BB22219130877FAF85E3653733F50CAB.e.509"}]}
RESULT: {}
RESULT: {"script":"<script> [21 bytes]","args":[{"element-6066-11e4-a52e-4f735466cecf":"f.01EC4218B1658738BDFE80954B26D4A5.d.BB22219130877FAF85E3653733F50CAB.e.509","ELEMENT":"f.01EC4218B1658738BDFE80954B26D4A5.d.BB22219130877FAF85E3653733F50CAB.e.509"}]}
COMMAND: POST /session/87060ecc61b90b9cbeaeabef4867bd7b/element - {"using":"css selector","value":"div.sapUiLocalBusyIndicator"}
COMMAND: GET /session/87060ecc61b90b9cbeaeabef4867bd7b/screenshot - {}
RESULT: {"using":"css selector","value":"div.sapUiLocalBusyIndicator"}
COMMAND: POST /session/87060ecc61b90b9cbeaeabef4867bd7b/execute/sync - {"script":"<script> [21 bytes]","args":[{"element-6066-11e4-a52e-4f735466cecf":"f.01EC4218B1658738BDFE80954B26D4A5.d.BB22219130877FAF85E3653733F50CAB.e.511","ELEMENT":"f.01EC4218B1658738BDFE80954B26D4A5.d.BB22219130877FAF85E3653733F50CAB.e.511"}]}
RESULT: {}
RESULT: {"script":"<script> [21 bytes]","args":[{"element-6066-11e4-a52e-4f735466cecf":"f.01EC4218B1658738BDFE80954B26D4A5.d.BB22219130877FAF85E3653733F50CAB.e.511","ELEMENT":"f.01EC4218B1658738BDFE80954B26D4A5.d.BB22219130877FAF85E3653733F50CAB.e.511"}]}
COMMAND: POST /session/87060ecc61b90b9cbeaeabef4867bd7b/execute/async - {"script":"<script> [21 bytes]","args":[{"selector":{"id":"CreateDialog::xRFMxCU_ProgramFundingTypeType::FundingType-inner","searchOpenDialogs":true,"interaction":{"idSuffix":"inner"}},"wdio_ui5_key":"CreateDialogxRFMxCU_ProgramFundingTypeType::FundingType-inner"}]}
COMMAND: GET /session/87060ecc61b90b9cbeaeabef4867bd7b/screenshot - {}
RESULT: {"script":"<script> [21 bytes]","args":[{"selector":{"id":"CreateDialog::xRFMxCU_ProgramFundingTypeType::FundingType-inner","searchOpenDialogs":true,"interaction":{"idSuffix":"inner"}},"wdio_ui5_key":"CreateDialogxRFMxCU_ProgramFundingTypeType::FundingType-inner"}]}
RESULT: undefined
COMMAND: POST /session/87060ecc61b90b9cbeaeabef4867bd7b/execute/async - {"script":"<script> [20 bytes]","args":[{"enterText":"30","selector":{"id":"CreateDialog::xRFMxCU_ProgramFundingTypeType::FundingType-inner","searchOpenDialogs":true,"interaction":{"idSuffix":"inner"}},"clearTextFirst":true,"interactionType":"ENTER_TEXT"}]}
RESULT: {}
RESULT: {"script":"<script> [20 bytes]","args":[{"enterText":"30","selector":{"id":"CreateDialog::xRFMxCU_ProgramFundingTypeType::FundingType-inner","searchOpenDialogs":true,"interaction":{"idSuffix":"inner"}},"clearTextFirst":true,"interactionType":"ENTER_TEXT"}]}
COMMAND: POST /session/87060ecc61b90b9cbeaeabef4867bd7b/element - {"using":"css selector","value":"div.sapUiLocalBusyIndicator"}
RESULT: {"using":"css selector","value":"div.sapUiLocalBusyIndicator"}
COMMAND: POST /session/87060ecc61b90b9cbeaeabef4867bd7b/execute/sync - {"script":"<script> [21 bytes]","args":[{"element-6066-11e4-a52e-4f735466cecf":"f.01EC4218B1658738BDFE80954B26D4A5.d.BB22219130877FAF85E3653733F50CAB.e.511","ELEMENT":"f.01EC4218B1658738BDFE80954B26D4A5.d.BB22219130877FAF85E3653733F50CAB.e.511"}]}
RESULT: {"script":"<script> [21 bytes]","args":[{"element-6066-11e4-a52e-4f735466cecf":"f.01EC4218B1658738BDFE80954B26D4A5.d.BB22219130877FAF85E3653733F50CAB.e.511","ELEMENT":"f.01EC4218B1658738BDFE80954B26D4A5.d.BB22219130877FAF85E3653733F50CAB.e.511"}]}
COMMAND: POST /session/87060ecc61b90b9cbeaeabef4867bd7b/execute/async - {"script":"<script> [21 bytes]","args":[{"selector":{"id":"CreateDialog::xRFMxCU_Program::_AllowedFundingType-footer","searchOpenDialogs":true},"wdio_ui5_key":"CreateDialogxRFMxCU_Program::_AllowedFundingType-footer"}]}
COMMAND: GET /session/87060ecc61b90b9cbeaeabef4867bd7b/screenshot - {}
RESULT: {"script":"<script> [21 bytes]","args":[{"selector":{"id":"CreateDialog::xRFMxCU_Program::_AllowedFundingType-footer","searchOpenDialogs":true},"wdio_ui5_key":"CreateDialogxRFMxCU_Program::_AllowedFundingType-footer"}]}
RESULT: undefined
COMMAND: POST /session/87060ecc61b90b9cbeaeabef4867bd7b/element - {"using":"xpath","value":"//*[@id=\"CreateDialog::xRFMxCU_Program::_AllowedFundingType-footer\"]"}
RESULT: {}
RESULT: {"using":"xpath","value":"//*[@id=\"CreateDialog::xRFMxCU_Program::_AllowedFundingType-footer\"]"}
COMMAND: POST /session/87060ecc61b90b9cbeaeabef4867bd7b/element/f.01EC4218B1658738BDFE80954B26D4A5.d.BB22219130877FAF85E3653733F50CAB.e.513/click - {}
RESULT: {}
COMMAND: POST /session/87060ecc61b90b9cbeaeabef4867bd7b/element - {"using":"css selector","value":"div.sapUiLocalBusyIndicator"}
COMMAND: GET /session/87060ecc61b90b9cbeaeabef4867bd7b/screenshot - {}
RESULT: {"using":"css selector","value":"div.sapUiLocalBusyIndicator"}
COMMAND: POST /session/87060ecc61b90b9cbeaeabef4867bd7b/execute/sync - {"script":"<script> [21 bytes]","args":[{"element-6066-11e4-a52e-4f735466cecf":"f.01EC4218B1658738BDFE80954B26D4A5.d.BB22219130877FAF85E3653733F50CAB.e.511","ELEMENT":"f.01EC4218B1658738BDFE80954B26D4A5.d.BB22219130877FAF85E3653733F50CAB.e.511"}]}
RESULT: {}
RESULT: {"script":"<script> [21 bytes]","args":[{"element-6066-11e4-a52e-4f735466cecf":"f.01EC4218B1658738BDFE80954B26D4A5.d.BB22219130877FAF85E3653733F50CAB.e.511","ELEMENT":"f.01EC4218B1658738BDFE80954B26D4A5.d.BB22219130877FAF85E3653733F50CAB.e.511"}]}
COMMAND: POST /session/87060ecc61b90b9cbeaeabef4867bd7b/execute/async - {"script":"<script> [21 bytes]","args":[{"forceSelect":true,"selector":{"controlType":"sap.m.Button","viewName":"sap.fe.templates.ObjectPage.ObjectPage","viewId":"rfm.programui::xRFMxCU_Program__AllowedFundingTypeObjectPage","properties":{"text":"Continue"},"searchOpenDialogs":true,"interaction":{"idSuffix":"content"}},"wdio_ui5_key":"sapfe.templates.ObjectPage.ObjectPagesap.m.Button{\"text\":\"Continue\"}"}]}
COMMAND: GET /session/87060ecc61b90b9cbeaeabef4867bd7b/screenshot - {}
RESULT: {"script":"<script> [21 bytes]","args":[{"forceSelect":true,"selector":{"controlType":"sap.m.Button","viewName":"sap.fe.templates.ObjectPage.ObjectPage","viewId":"rfm.programui::xRFMxCU_Program__AllowedFundingTypeObjectPage","properties":{"text":"Continue"},"searchOpenDialogs":true,"interaction":{"idSuffix":"content"}},"wdio_ui5_key":"sapfe.templates.ObjectPage.ObjectPagesap.m.Button{\"text\":\"Continue\"}"}]}
RESULT: undefined
COMMAND: POST /session/87060ecc61b90b9cbeaeabef4867bd7b/element - {"using":"xpath","value":"//*[@id=\"__button211\"]"}
RESULT: {}
RESULT: {"using":"xpath","value":"//*[@id=\"__button211\"]"}
COMMAND: POST /session/87060ecc61b90b9cbeaeabef4867bd7b/element/f.01EC4218B1658738BDFE80954B26D4A5.d.BB22219130877FAF85E3653733F50CAB.e.515/click - {}
RESULT: {}
COMMAND: POST /session/87060ecc61b90b9cbeaeabef4867bd7b/execute/async - {"script":"<script> [21 bytes]","args":[{"selector":{"id":"rfm.programui::xRFMxCU_Program__AllowedFundingTypeObjectPage--fe::FooterBar::_fc"},"wdio_ui5_key":"rfmprogramui::xRFMxCU_Program__AllowedFundingTypeObjectPage--fe::FooterBar::_fc"}]}
COMMAND: GET /session/87060ecc61b90b9cbeaeabef4867bd7b/screenshot - {}
RESULT: {"script":"<script> [21 bytes]","args":[{"selector":{"id":"rfm.programui::xRFMxCU_Program__AllowedFundingTypeObjectPage--fe::FooterBar::_fc"},"wdio_ui5_key":"rfmprogramui::xRFMxCU_Program__AllowedFundingTypeObjectPage--fe::FooterBar::_fc"}]}
RESULT: undefined
COMMAND: POST /session/87060ecc61b90b9cbeaeabef4867bd7b/element - {"using":"xpath","value":"//*[@id=\"rfm.programui::xRFMxCU_Program__AllowedFundingTypeObjectPage--fe::FooterBar::_fc\"]"}
RESULT: {}
RESULT: {"using":"xpath","value":"//*[@id=\"rfm.programui::xRFMxCU_Program__AllowedFundingTypeObjectPage--fe::FooterBar::_fc\"]"}
COMMAND: POST /session/87060ecc61b90b9cbeaeabef4867bd7b/element/f.01EC4218B1658738BDFE80954B26D4A5.d.BB22219130877FAF85E3653733F50CAB.e.521/click - {}
RESULT: {}
COMMAND: GET /session/87060ecc61b90b9cbeaeabef4867bd7b/screenshot - {}
RESULT: {}
COMMAND: POST /session/87060ecc61b90b9cbeaeabef4867bd7b/execute/async - {"script":"<script> [21 bytes]","args":[{"forceSelect":true,"selector":{"id":"rfm.programui::xRFMxCU_Program__AllowedFundingTypeObjectPage--fe::FooterBar::StandardAction::Apply"},"wdio_ui5_key":"rfmprogramui::xRFMxCU_Program__AllowedFundingTypeObjectPage--fe::FooterBar::StandardAction::Apply"}]}
RESULT: {"script":"<script> [21 bytes]","args":[{"forceSelect":true,"selector":{"id":"rfm.programui::xRFMxCU_Program__AllowedFundingTypeObjectPage--fe::FooterBar::StandardAction::Apply"},"wdio_ui5_key":"rfmprogramui::xRFMxCU_Program__AllowedFundingTypeObjectPage--fe::FooterBar::StandardAction::Apply"}]}
RESULT: undefined
COMMAND: POST /session/87060ecc61b90b9cbeaeabef4867bd7b/element - {"using":"xpath","value":"//*[@id=\"rfm.programui::xRFMxCU_Program__AllowedFundingTypeObjectPage--fe::FooterBar::StandardAction::Apply\"]"}
RESULT: {"using":"xpath","value":"//*[@id=\"rfm.programui::xRFMxCU_Program__AllowedFundingTypeObjectPage--fe::FooterBar::StandardAction::Apply\"]"}
COMMAND: POST /session/87060ecc61b90b9cbeaeabef4867bd7b/element/f.01EC4218B1658738BDFE80954B26D4A5.d.BB22219130877FAF85E3653733F50CAB.e.498/click - {}
RESULT: {}
COMMAND: GET /session/87060ecc61b90b9cbeaeabef4867bd7b/screenshot - {}
RESULT: {}
COMMAND: POST /session/87060ecc61b90b9cbeaeabef4867bd7b/execute/async - {"script":"<script> [21 bytes]","args":[{"selector":{"id":"rfm.programui::xRFMxCU_ProgramObjectPage--fe::ObjectPage-anchBar-rfm.programui::xRFMxCU_ProgramObjectPage--fe::EditableHeaderSection-anchor","interaction":{"idSuffix":"text"}},"wdio_ui5_key":"rfmprogramui::xRFMxCU_ProgramObjectPage--fe::ObjectPage-anchBar-rfm.programui::xRFMxCU_ProgramObjectPage--fe::EditableHeaderSection-anchor"}]}
RESULT: {"script":"<script> [21 bytes]","args":[{"selector":{"id":"rfm.programui::xRFMxCU_ProgramObjectPage--fe::ObjectPage-anchBar-rfm.programui::xRFMxCU_ProgramObjectPage--fe::EditableHeaderSection-anchor","interaction":{"idSuffix":"text"}},"wdio_ui5_key":"rfmprogramui::xRFMxCU_ProgramObjectPage--fe::ObjectPage-anchBar-rfm.programui::xRFMxCU_ProgramObjectPage--fe::EditableHeaderSection-anchor"}]}
RESULT: undefined
COMMAND: POST /session/87060ecc61b90b9cbeaeabef4867bd7b/element - {"using":"xpath","value":"//*[@id=\"rfm.programui::xRFMxCU_ProgramObjectPage--fe::ObjectPage-anchBar-rfm.programui::xRFMxCU_ProgramObjectPage--fe::EditableHeaderSection-anchor\"]"}
RESULT: {"using":"xpath","value":"//*[@id=\"rfm.programui::xRFMxCU_ProgramObjectPage--fe::ObjectPage-anchBar-rfm.programui::xRFMxCU_ProgramObjectPage--fe::EditableHeaderSection-anchor\"]"}
COMMAND: POST /session/87060ecc61b90b9cbeaeabef4867bd7b/element/f.01EC4218B1658738BDFE80954B26D4A5.d.BB22219130877FAF85E3653733F50CAB.e.567/click - {}
RESULT: {}
COMMAND: POST /session/87060ecc61b90b9cbeaeabef4867bd7b/element - {"using":"css selector","value":"div.sapUiLocalBusyIndicator"}
COMMAND: GET /session/87060ecc61b90b9cbeaeabef4867bd7b/screenshot - {}
RESULT: {"using":"css selector","value":"div.sapUiLocalBusyIndicator"}
COMMAND: POST /session/87060ecc61b90b9cbeaeabef4867bd7b/element - {"using":"css selector","value":"div.sapUiLocalBusyIndicator"}
RESULT: {}
RESULT: {"using":"css selector","value":"div.sapUiLocalBusyIndicator"}
COMMAND: POST /session/87060ecc61b90b9cbeaeabef4867bd7b/execute/async - {"script":"<script> [21 bytes]","args":[{"selector":{"id":"rfm.programui::xRFMxCU_ProgramObjectPage--fe::HeaderFacet::FormContainer::headerFieldsGP1::FormElement::DataField::Name::Field-edit","interaction":{"idSuffix":"inner"}},"wdio_ui5_key":"rfmprogramui::xRFMxCU_ProgramObjectPage--fe::HeaderFacet::FormContainer::headerFieldsGP1::FormElement::DataField::Name::Field-edit"}]}
RESULT: {"script":"<script> [21 bytes]","args":[{"selector":{"id":"rfm.programui::xRFMxCU_ProgramObjectPage--fe::HeaderFacet::FormContainer::headerFieldsGP1::FormElement::DataField::Name::Field-edit","interaction":{"idSuffix":"inner"}},"wdio_ui5_key":"rfmprogramui::xRFMxCU_ProgramObjectPage--fe::HeaderFacet::FormContainer::headerFieldsGP1::FormElement::DataField::Name::Field-edit"}]}
RESULT: undefined
COMMAND: POST /session/87060ecc61b90b9cbeaeabef4867bd7b/execute/async - {"script":"<script> [20 bytes]","args":[{"enterText":"WDIO_Trigger_2025-08-22","selector":{"id":"rfm.programui::xRFMxCU_ProgramObjectPage--fe::HeaderFacet::FormContainer::headerFieldsGP1::FormElement::DataField::Name::Field-edit","interaction":{"idSuffix":"inner"}},"clearTextFirst":true,"interactionType":"ENTER_TEXT"}]}
RESULT: {"script":"<script> [20 bytes]","args":[{"enterText":"WDIO_Trigger_2025-08-22","selector":{"id":"rfm.programui::xRFMxCU_ProgramObjectPage--fe::HeaderFacet::FormContainer::headerFieldsGP1::FormElement::DataField::Name::Field-edit","interaction":{"idSuffix":"inner"}},"clearTextFirst":true,"interactionType":"ENTER_TEXT"}]}
COMMAND: POST /session/87060ecc61b90b9cbeaeabef4867bd7b/element - {"using":"css selector","value":"div.sapUiLocalBusyIndicator"}
RESULT: {"using":"css selector","value":"div.sapUiLocalBusyIndicator"}
COMMAND: POST /session/87060ecc61b90b9cbeaeabef4867bd7b/element - {"using":"css selector","value":"div.sapUiLocalBusyIndicator"}
RESULT: {"using":"css selector","value":"div.sapUiLocalBusyIndicator"}
COMMAND: POST /session/87060ecc61b90b9cbeaeabef4867bd7b/execute/async - {"script":"<script> [21 bytes]","args":[{"selector":{"id":"rfm.programui::xRFMxCU_ProgramObjectPage--fe::FooterBar::StandardAction::Save","interaction":{"idSuffix":"BDI-content"}},"wdio_ui5_key":"rfmprogramui::xRFMxCU_ProgramObjectPage--fe::FooterBar::StandardAction::Save"}]}
RESULT: {"script":"<script> [21 bytes]","args":[{"selector":{"id":"rfm.programui::xRFMxCU_ProgramObjectPage--fe::FooterBar::StandardAction::Save","interaction":{"idSuffix":"BDI-content"}},"wdio_ui5_key":"rfmprogramui::xRFMxCU_ProgramObjectPage--fe::FooterBar::StandardAction::Save"}]}
RESULT: undefined
COMMAND: POST /session/87060ecc61b90b9cbeaeabef4867bd7b/element - {"using":"xpath","value":"//*[@id=\"rfm.programui::xRFMxCU_ProgramObjectPage--fe::FooterBar::StandardAction::Save\"]"}
RESULT: {"using":"xpath","value":"//*[@id=\"rfm.programui::xRFMxCU_ProgramObjectPage--fe::FooterBar::StandardAction::Save\"]"}
COMMAND: POST /session/87060ecc61b90b9cbeaeabef4867bd7b/element/f.01EC4218B1658738BDFE80954B26D4A5.d.BB22219130877FAF85E3653733F50CAB.e.426/click - {}
RESULT: {}
COMMAND: POST /session/87060ecc61b90b9cbeaeabef4867bd7b/element - {"using":"css selector","value":"div.sapUiLocalBusyIndicator"}
COMMAND: GET /session/87060ecc61b90b9cbeaeabef4867bd7b/screenshot - {}
RESULT: {"using":"css selector","value":"div.sapUiLocalBusyIndicator"}
COMMAND: POST /session/87060ecc61b90b9cbeaeabef4867bd7b/execute/sync - {"script":"<script> [21 bytes]","args":[{"element-6066-11e4-a52e-4f735466cecf":"f.01EC4218B1658738BDFE80954B26D4A5.d.BB22219130877FAF85E3653733F50CAB.e.575","ELEMENT":"f.01EC4218B1658738BDFE80954B26D4A5.d.BB22219130877FAF85E3653733F50CAB.e.575"}]}
RESULT: {}
RESULT: {"script":"<script> [21 bytes]","args":[{"element-6066-11e4-a52e-4f735466cecf":"f.01EC4218B1658738BDFE80954B26D4A5.d.BB22219130877FAF85E3653733F50CAB.e.575","ELEMENT":"f.01EC4218B1658738BDFE80954B26D4A5.d.BB22219130877FAF85E3653733F50CAB.e.575"}]}
COMMAND: POST /session/87060ecc61b90b9cbeaeabef4867bd7b/execute/async - {"script":"<script> [21 bytes]","args":[{"selector":{"id":"rfm.programui::xRFMxCU_ProgramObjectPage--fe::HeaderFacet::Form::headerFieldsGP1::DataField::ProgramId::Field-content"},"wdio_ui5_key":"rfmprogramui::xRFMxCU_ProgramObjectPage--fe::HeaderFacet::Form::headerFieldsGP1::DataField::ProgramId::Field-content"}]}
COMMAND: GET /session/87060ecc61b90b9cbeaeabef4867bd7b/screenshot - {}
RESULT: {"script":"<script> [21 bytes]","args":[{"selector":{"id":"rfm.programui::xRFMxCU_ProgramObjectPage--fe::HeaderFacet::Form::headerFieldsGP1::DataField::ProgramId::Field-content"},"wdio_ui5_key":"rfmprogramui::xRFMxCU_ProgramObjectPage--fe::HeaderFacet::Form::headerFieldsGP1::DataField::ProgramId::Field-content"}]}
RESULT: undefined
COMMAND: POST /session/87060ecc61b90b9cbeaeabef4867bd7b/execute/async - {"script":"<script> [21 bytes]","args":[{"element-6066-11e4-a52e-4f735466cecf":"f.01EC4218B1658738BDFE80954B26D4A5.d.BB22219130877FAF85E3653733F50CAB.e.585"},"getText",[]]}
RESULT: {}
RESULT: {"script":"<script> [21 bytes]","args":[{"element-6066-11e4-a52e-4f735466cecf":"f.01EC4218B1658738BDFE80954B26D4A5.d.BB22219130877FAF85E3653733F50CAB.e.585"},"getText",[]]}
COMMAND: POST /session/87060ecc61b90b9cbeaeabef4867bd7b/element - {"using":"css selector","value":"div.sapUiLocalBusyIndicator"}
RESULT: {"using":"css selector","value":"div.sapUiLocalBusyIndicator"}
COMMAND: POST /session/87060ecc61b90b9cbeaeabef4867bd7b/element - {"using":"css selector","value":"div.sapUiLocalBusyIndicator"}
RESULT: {"using":"css selector","value":"div.sapUiLocalBusyIndicator"}
COMMAND: POST /session/87060ecc61b90b9cbeaeabef4867bd7b/execute/async - {"script":"<script> [21 bytes]","args":[{"selector":{"id":"rfm.programui::xRFMxCU_ProgramObjectPage--fe::DataFieldForAction::com.sap.gateway.srvd.rfm.ui_program.v0001.Open::com.sap.gateway.srvd.rfm.ui_program.v0001.xRFMxCU_ProgramType","interaction":{"idSuffix":"BDI-content"}},"wdio_ui5_key":"rfmprogramui::xRFMxCU_ProgramObjectPage--fe::DataFieldForAction::com.sap.gateway.srvd.rfm.ui_program.v0001.Open::com.sap.gateway.srvd.rfm.ui_program.v0001.xRFMxCU_ProgramType"}]}
RESULT: {"script":"<script> [21 bytes]","args":[{"selector":{"id":"rfm.programui::xRFMxCU_ProgramObjectPage--fe::DataFieldForAction::com.sap.gateway.srvd.rfm.ui_program.v0001.Open::com.sap.gateway.srvd.rfm.ui_program.v0001.xRFMxCU_ProgramType","interaction":{"idSuffix":"BDI-content"}},"wdio_ui5_key":"rfmprogramui::xRFMxCU_ProgramObjectPage--fe::DataFieldForAction::com.sap.gateway.srvd.rfm.ui_program.v0001.Open::com.sap.gateway.srvd.rfm.ui_program.v0001.xRFMxCU_ProgramType"}]}
RESULT: undefined
COMMAND: POST /session/87060ecc61b90b9cbeaeabef4867bd7b/element - {"using":"xpath","value":"//*[@id=\"rfm.programui::xRFMxCU_ProgramObjectPage--fe::DataFieldForAction::com.sap.gateway.srvd.rfm.ui_program.v0001.Open::com.sap.gateway.srvd.rfm.ui_program.v0001.xRFMxCU_ProgramType\"]"}
RESULT: {"using":"xpath","value":"//*[@id=\"rfm.programui::xRFMxCU_ProgramObjectPage--fe::DataFieldForAction::com.sap.gateway.srvd.rfm.ui_program.v0001.Open::com.sap.gateway.srvd.rfm.ui_program.v0001.xRFMxCU_ProgramType\"]"}
COMMAND: POST /session/87060ecc61b90b9cbeaeabef4867bd7b/element/f.01EC4218B1658738BDFE80954B26D4A5.d.BB22219130877FAF85E3653733F50CAB.e.345/click - {}
RESULT: {}
COMMAND: POST /session/87060ecc61b90b9cbeaeabef4867bd7b/element - {"using":"css selector","value":"div.sapUiLocalBusyIndicator"}
COMMAND: GET /session/87060ecc61b90b9cbeaeabef4867bd7b/screenshot - {}
RESULT: {"using":"css selector","value":"div.sapUiLocalBusyIndicator"}
COMMAND: POST /session/87060ecc61b90b9cbeaeabef4867bd7b/element - {"using":"css selector","value":"div.sapUiLocalBusyIndicator"}
RESULT: {}
RESULT: {"using":"css selector","value":"div.sapUiLocalBusyIndicator"}
COMMAND: POST /session/87060ecc61b90b9cbeaeabef4867bd7b/execute/async - {"script":"<script> [21 bytes]","args":[{"selector":{"controlType":"sap.m.Button","properties":{"text":"OK"},"searchOpenDialogs":true,"interaction":{"idSuffix":"BDI-content"}},"wdio_ui5_key":"sapm.Button{\"text\":\"OK\"}"}]}
RESULT: {"script":"<script> [21 bytes]","args":[{"selector":{"controlType":"sap.m.Button","properties":{"text":"OK"},"searchOpenDialogs":true,"interaction":{"idSuffix":"BDI-content"}},"wdio_ui5_key":"sapm.Button{\"text\":\"OK\"}"}]}
RESULT: undefined
COMMAND: POST /session/87060ecc61b90b9cbeaeabef4867bd7b/element - {"using":"xpath","value":"//*[@id=\"__mbox-btn-0\"]"}
RESULT: {"using":"xpath","value":"//*[@id=\"__mbox-btn-0\"]"}
COMMAND: POST /session/87060ecc61b90b9cbeaeabef4867bd7b/element/f.01EC4218B1658738BDFE80954B26D4A5.d.BB22219130877FAF85E3653733F50CAB.e.620/click - {}
RESULT: {}
COMMAND: POST /session/87060ecc61b90b9cbeaeabef4867bd7b/element - {"using":"css selector","value":"div.sapUiLocalBusyIndicator"}
COMMAND: GET /session/87060ecc61b90b9cbeaeabef4867bd7b/screenshot - {}
RESULT: {"using":"css selector","value":"div.sapUiLocalBusyIndicator"}
COMMAND: POST /session/87060ecc61b90b9cbeaeabef4867bd7b/element - {"using":"css selector","value":"div.sapUiLocalBusyIndicator"}
RESULT: {}
RESULT: {"using":"css selector","value":"div.sapUiLocalBusyIndicator"}
COMMAND: POST /session/87060ecc61b90b9cbeaeabef4867bd7b/execute/async - {"script":"<script> [21 bytes]","args":[{"selector":{"id":"backBtn"},"wdio_ui5_key":"backBtn"}]}
RESULT: {"script":"<script> [21 bytes]","args":[{"selector":{"id":"backBtn"},"wdio_ui5_key":"backBtn"}]}
RESULT: undefined
COMMAND: POST /session/87060ecc61b90b9cbeaeabef4867bd7b/element - {"using":"xpath","value":"//*[@id=\"backBtn\"]"}
RESULT: {"using":"xpath","value":"//*[@id=\"backBtn\"]"}
COMMAND: POST /session/87060ecc61b90b9cbeaeabef4867bd7b/element/f.01EC4218B1658738BDFE80954B26D4A5.d.BB22219130877FAF85E3653733F50CAB.e.625/click - {}
RESULT: {}
COMMAND: GET /session/87060ecc61b90b9cbeaeabef4867bd7b/screenshot - {}
RESULT: {}
COMMAND: POST /session/87060ecc61b90b9cbeaeabef4867bd7b/element/f.01EC4218B1658738BDFE80954B26D4A5.d.BB22219130877FAF85E3653733F50CAB.e.625/click - {}
COMMAND: GET /session/87060ecc61b90b9cbeaeabef4867bd7b/screenshot - {}
]]></system-out>
    </testcase>
    <testcase classname="chrome.139_0_7258_67.windows.Trigger" name="Should create Transaction" time="61.033">
      <system-out><![CDATA[
COMMAND: POST /session/87060ecc61b90b9cbeaeabef4867bd7b/execute/async - {"script":"<script> [21 bytes]","args":[{"selector":{"controlType":"sap.m.GenericTile","properties":{"header":"Funding Transaction"}},"wdio_ui5_key":"sapm.GenericTile{\"header\":\"Funding Transaction\"}"}]}
RESULT: {}
COMMAND: GET /session/87060ecc61b90b9cbeaeabef4867bd7b/screenshot - {}
RESULT: {}
RESULT: {"script":"<script> [21 bytes]","args":[{"selector":{"controlType":"sap.m.GenericTile","properties":{"header":"Funding Transaction"}},"wdio_ui5_key":"sapm.GenericTile{\"header\":\"Funding Transaction\"}"}]}
RESULT: undefined
COMMAND: POST /session/87060ecc61b90b9cbeaeabef4867bd7b/element - {"using":"xpath","value":"//*[@id=\"__tile30\"]"}
RESULT: {}
RESULT: {"using":"xpath","value":"//*[@id=\"__tile30\"]"}
COMMAND: POST /session/87060ecc61b90b9cbeaeabef4867bd7b/element/f.01EC4218B1658738BDFE80954B26D4A5.d.BB22219130877FAF85E3653733F50CAB.e.733/click - {}
RESULT: {}
COMMAND: POST /session/87060ecc61b90b9cbeaeabef4867bd7b/execute/async - {"script":"<script> [21 bytes]","args":[{"selector":{"id":"rfm.transactionui::xRFMxCU_TransactionList--fe::table::allTab::LineItem::StandardAction::Create","controlType":"sap.m.Button"},"wdio_ui5_key":"rfmtransactionui::xRFMxCU_TransactionList--fe::table::allTab::LineItem::StandardAction::Createsap.m.Button"}]}
COMMAND: GET /session/87060ecc61b90b9cbeaeabef4867bd7b/screenshot - {}
RESULT: {"script":"<script> [21 bytes]","args":[{"selector":{"id":"rfm.transactionui::xRFMxCU_TransactionList--fe::table::allTab::LineItem::StandardAction::Create","controlType":"sap.m.Button"},"wdio_ui5_key":"rfmtransactionui::xRFMxCU_TransactionList--fe::table::allTab::LineItem::StandardAction::Createsap.m.Button"}]}
RESULT: undefined
COMMAND: POST /session/87060ecc61b90b9cbeaeabef4867bd7b/element - {"using":"xpath","value":"//*[@id=\"rfm.transactionui::xRFMxCU_TransactionList--fe::table::allTab::LineItem::StandardAction::Create\"]"}
RESULT: {}
RESULT: {"using":"xpath","value":"//*[@id=\"rfm.transactionui::xRFMxCU_TransactionList--fe::table::allTab::LineItem::StandardAction::Create\"]"}
COMMAND: POST /session/87060ecc61b90b9cbeaeabef4867bd7b/element/f.01EC4218B1658738BDFE80954B26D4A5.d.BB22219130877FAF85E3653733F50CAB.e.790/click - {}
RESULT: {}
COMMAND: POST /session/87060ecc61b90b9cbeaeabef4867bd7b/element - {"using":"css selector","value":"div.sapUiLocalBusyIndicator"}
COMMAND: GET /session/87060ecc61b90b9cbeaeabef4867bd7b/screenshot - {}
RESULT: {"using":"css selector","value":"div.sapUiLocalBusyIndicator"}
COMMAND: POST /session/87060ecc61b90b9cbeaeabef4867bd7b/execute/sync - {"script":"<script> [21 bytes]","args":[{"element-6066-11e4-a52e-4f735466cecf":"f.01EC4218B1658738BDFE80954B26D4A5.d.BB22219130877FAF85E3653733F50CAB.e.980","ELEMENT":"f.01EC4218B1658738BDFE80954B26D4A5.d.BB22219130877FAF85E3653733F50CAB.e.980"}]}
RESULT: {}
RESULT: {"script":"<script> [21 bytes]","args":[{"element-6066-11e4-a52e-4f735466cecf":"f.01EC4218B1658738BDFE80954B26D4A5.d.BB22219130877FAF85E3653733F50CAB.e.980","ELEMENT":"f.01EC4218B1658738BDFE80954B26D4A5.d.BB22219130877FAF85E3653733F50CAB.e.980"}]}
COMMAND: POST /session/87060ecc61b90b9cbeaeabef4867bd7b/execute/async - {"script":"<script> [21 bytes]","args":[{"selector":{"id":"CreateDialog::xRFMxCU_TransactionType::ProgramId-inner-vhi","searchOpenDialogs":true},"wdio_ui5_key":"CreateDialogxRFMxCU_TransactionType::ProgramId-inner-vhi"}]}
COMMAND: GET /session/87060ecc61b90b9cbeaeabef4867bd7b/screenshot - {}
RESULT: {"script":"<script> [21 bytes]","args":[{"selector":{"id":"CreateDialog::xRFMxCU_TransactionType::ProgramId-inner-vhi","searchOpenDialogs":true},"wdio_ui5_key":"CreateDialogxRFMxCU_TransactionType::ProgramId-inner-vhi"}]}
RESULT: undefined
COMMAND: POST /session/87060ecc61b90b9cbeaeabef4867bd7b/element - {"using":"xpath","value":"//*[@id=\"CreateDialog::xRFMxCU_TransactionType::ProgramId-inner-vhi\"]"}
RESULT: {}
RESULT: {"using":"xpath","value":"//*[@id=\"CreateDialog::xRFMxCU_TransactionType::ProgramId-inner-vhi\"]"}
COMMAND: POST /session/87060ecc61b90b9cbeaeabef4867bd7b/element/f.01EC4218B1658738BDFE80954B26D4A5.d.BB22219130877FAF85E3653733F50CAB.e.982/click - {}
RESULT: {}
COMMAND: POST /session/87060ecc61b90b9cbeaeabef4867bd7b/element - {"using":"css selector","value":"div.sapUiLocalBusyIndicator"}
COMMAND: GET /session/87060ecc61b90b9cbeaeabef4867bd7b/screenshot - {}
RESULT: {"using":"css selector","value":"div.sapUiLocalBusyIndicator"}
COMMAND: POST /session/87060ecc61b90b9cbeaeabef4867bd7b/execute/sync - {"script":"<script> [21 bytes]","args":[{"element-6066-11e4-a52e-4f735466cecf":"f.01EC4218B1658738BDFE80954B26D4A5.d.BB22219130877FAF85E3653733F50CAB.e.980","ELEMENT":"f.01EC4218B1658738BDFE80954B26D4A5.d.BB22219130877FAF85E3653733F50CAB.e.980"}]}
RESULT: {}
RESULT: {"script":"<script> [21 bytes]","args":[{"element-6066-11e4-a52e-4f735466cecf":"f.01EC4218B1658738BDFE80954B26D4A5.d.BB22219130877FAF85E3653733F50CAB.e.980","ELEMENT":"f.01EC4218B1658738BDFE80954B26D4A5.d.BB22219130877FAF85E3653733F50CAB.e.980"}]}
COMMAND: POST /session/87060ecc61b90b9cbeaeabef4867bd7b/execute/async - {"script":"<script> [21 bytes]","args":[{"selector":{"id":"ProgramId::VH::Dialog::qualifier::-search-inner","searchOpenDialogs":true,"interaction":{"idSuffix":"I"}},"wdio_ui5_key":"ProgramIdVH::Dialog::qualifier::-search-inner"}]}
COMMAND: GET /session/87060ecc61b90b9cbeaeabef4867bd7b/screenshot - {}
RESULT: {"script":"<script> [21 bytes]","args":[{"selector":{"id":"ProgramId::VH::Dialog::qualifier::-search-inner","searchOpenDialogs":true,"interaction":{"idSuffix":"I"}},"wdio_ui5_key":"ProgramIdVH::Dialog::qualifier::-search-inner"}]}
RESULT: undefined
COMMAND: POST /session/87060ecc61b90b9cbeaeabef4867bd7b/execute/async - {"script":"<script> [20 bytes]","args":[{"enterText":"*1853*","selector":{"id":"ProgramId::VH::Dialog::qualifier::-search-inner","searchOpenDialogs":true,"interaction":{"idSuffix":"I"}},"clearTextFirst":true,"interactionType":"ENTER_TEXT"}]}
RESULT: {}
RESULT: {"script":"<script> [20 bytes]","args":[{"enterText":"*1853*","selector":{"id":"ProgramId::VH::Dialog::qualifier::-search-inner","searchOpenDialogs":true,"interaction":{"idSuffix":"I"}},"clearTextFirst":true,"interactionType":"ENTER_TEXT"}]}
COMMAND: POST /session/87060ecc61b90b9cbeaeabef4867bd7b/element - {"using":"css selector","value":"div.sapUiLocalBusyIndicator"}
RESULT: {"using":"css selector","value":"div.sapUiLocalBusyIndicator"}
COMMAND: POST /session/87060ecc61b90b9cbeaeabef4867bd7b/execute/sync - {"script":"<script> [21 bytes]","args":[{"element-6066-11e4-a52e-4f735466cecf":"f.01EC4218B1658738BDFE80954B26D4A5.d.BB22219130877FAF85E3653733F50CAB.e.980","ELEMENT":"f.01EC4218B1658738BDFE80954B26D4A5.d.BB22219130877FAF85E3653733F50CAB.e.980"}]}
RESULT: {"script":"<script> [21 bytes]","args":[{"element-6066-11e4-a52e-4f735466cecf":"f.01EC4218B1658738BDFE80954B26D4A5.d.BB22219130877FAF85E3653733F50CAB.e.980","ELEMENT":"f.01EC4218B1658738BDFE80954B26D4A5.d.BB22219130877FAF85E3653733F50CAB.e.980"}]}
COMMAND: POST /session/87060ecc61b90b9cbeaeabef4867bd7b/execute/async - {"script":"<script> [21 bytes]","args":[{"selector":{"id":"ProgramId::VH::Dialog::qualifier::::Table-innerTable-rows-row0","searchOpenDialogs":true},"wdio_ui5_key":"ProgramIdVH::Dialog::qualifier::::Table-innerTable-rows-row0"}]}
COMMAND: GET /session/87060ecc61b90b9cbeaeabef4867bd7b/screenshot - {}
RESULT: {"script":"<script> [21 bytes]","args":[{"selector":{"id":"ProgramId::VH::Dialog::qualifier::::Table-innerTable-rows-row0","searchOpenDialogs":true},"wdio_ui5_key":"ProgramIdVH::Dialog::qualifier::::Table-innerTable-rows-row0"}]}
RESULT: undefined
COMMAND: POST /session/87060ecc61b90b9cbeaeabef4867bd7b/element - {"using":"xpath","value":"//*[@id=\"ProgramId::VH::Dialog::qualifier::::Table-innerTable-rows-row0\"]"}
RESULT: {}
RESULT: {"using":"xpath","value":"//*[@id=\"ProgramId::VH::Dialog::qualifier::::Table-innerTable-rows-row0\"]"}
COMMAND: POST /session/87060ecc61b90b9cbeaeabef4867bd7b/element/f.01EC4218B1658738BDFE80954B26D4A5.d.BB22219130877FAF85E3653733F50CAB.e.990/click - {}
RESULT: {}
COMMAND: POST /session/87060ecc61b90b9cbeaeabef4867bd7b/element - {"using":"css selector","value":"div.sapUiLocalBusyIndicator"}
COMMAND: GET /session/87060ecc61b90b9cbeaeabef4867bd7b/screenshot - {}
RESULT: {"using":"css selector","value":"div.sapUiLocalBusyIndicator"}
COMMAND: POST /session/87060ecc61b90b9cbeaeabef4867bd7b/execute/sync - {"script":"<script> [21 bytes]","args":[{"element-6066-11e4-a52e-4f735466cecf":"f.01EC4218B1658738BDFE80954B26D4A5.d.BB22219130877FAF85E3653733F50CAB.e.980","ELEMENT":"f.01EC4218B1658738BDFE80954B26D4A5.d.BB22219130877FAF85E3653733F50CAB.e.980"}]}
RESULT: {}
RESULT: {"script":"<script> [21 bytes]","args":[{"element-6066-11e4-a52e-4f735466cecf":"f.01EC4218B1658738BDFE80954B26D4A5.d.BB22219130877FAF85E3653733F50CAB.e.980","ELEMENT":"f.01EC4218B1658738BDFE80954B26D4A5.d.BB22219130877FAF85E3653733F50CAB.e.980"}]}
COMMAND: POST /session/87060ecc61b90b9cbeaeabef4867bd7b/execute/async - {"script":"<script> [21 bytes]","args":[{"selector":{"id":"CreateDialog::xRFMxCU_TransactionType::FundingType-inner","searchOpenDialogs":true,"interaction":{"idSuffix":"inner"}},"wdio_ui5_key":"CreateDialogxRFMxCU_TransactionType::FundingType-inner"}]}
COMMAND: GET /session/87060ecc61b90b9cbeaeabef4867bd7b/screenshot - {}
RESULT: {"script":"<script> [21 bytes]","args":[{"selector":{"id":"CreateDialog::xRFMxCU_TransactionType::FundingType-inner","searchOpenDialogs":true,"interaction":{"idSuffix":"inner"}},"wdio_ui5_key":"CreateDialogxRFMxCU_TransactionType::FundingType-inner"}]}
RESULT: undefined
COMMAND: POST /session/87060ecc61b90b9cbeaeabef4867bd7b/execute/async - {"script":"<script> [20 bytes]","args":[{"enterText":"30","selector":{"id":"CreateDialog::xRFMxCU_TransactionType::FundingType-inner","searchOpenDialogs":true,"interaction":{"idSuffix":"inner"}},"clearTextFirst":true,"interactionType":"ENTER_TEXT"}]}
RESULT: {}
RESULT: {"script":"<script> [20 bytes]","args":[{"enterText":"30","selector":{"id":"CreateDialog::xRFMxCU_TransactionType::FundingType-inner","searchOpenDialogs":true,"interaction":{"idSuffix":"inner"}},"clearTextFirst":true,"interactionType":"ENTER_TEXT"}]}
COMMAND: POST /session/87060ecc61b90b9cbeaeabef4867bd7b/element - {"using":"css selector","value":"div.sapUiLocalBusyIndicator"}
RESULT: {"using":"css selector","value":"div.sapUiLocalBusyIndicator"}
COMMAND: POST /session/87060ecc61b90b9cbeaeabef4867bd7b/execute/sync - {"script":"<script> [21 bytes]","args":[{"element-6066-11e4-a52e-4f735466cecf":"f.01EC4218B1658738BDFE80954B26D4A5.d.BB22219130877FAF85E3653733F50CAB.e.980","ELEMENT":"f.01EC4218B1658738BDFE80954B26D4A5.d.BB22219130877FAF85E3653733F50CAB.e.980"}]}
RESULT: {"script":"<script> [21 bytes]","args":[{"element-6066-11e4-a52e-4f735466cecf":"f.01EC4218B1658738BDFE80954B26D4A5.d.BB22219130877FAF85E3653733F50CAB.e.980","ELEMENT":"f.01EC4218B1658738BDFE80954B26D4A5.d.BB22219130877FAF85E3653733F50CAB.e.980"}]}
COMMAND: POST /session/87060ecc61b90b9cbeaeabef4867bd7b/execute/async - {"script":"<script> [21 bytes]","args":[{"selector":{"id":"CreateDialog::xRFMxCU_Transaction-footer","searchOpenDialogs":true},"wdio_ui5_key":"CreateDialogxRFMxCU_Transaction-footer"}]}
COMMAND: GET /session/87060ecc61b90b9cbeaeabef4867bd7b/screenshot - {}
RESULT: {"script":"<script> [21 bytes]","args":[{"selector":{"id":"CreateDialog::xRFMxCU_Transaction-footer","searchOpenDialogs":true},"wdio_ui5_key":"CreateDialogxRFMxCU_Transaction-footer"}]}
RESULT: undefined
COMMAND: POST /session/87060ecc61b90b9cbeaeabef4867bd7b/element - {"using":"xpath","value":"//*[@id=\"CreateDialog::xRFMxCU_Transaction-footer\"]"}
RESULT: {}
RESULT: {"using":"xpath","value":"//*[@id=\"CreateDialog::xRFMxCU_Transaction-footer\"]"}
COMMAND: POST /session/87060ecc61b90b9cbeaeabef4867bd7b/element/f.01EC4218B1658738BDFE80954B26D4A5.d.BB22219130877FAF85E3653733F50CAB.e.994/click - {}
COMMAND: POST /session/87060ecc61b90b9cbeaeabef4867bd7b/element - {"using":"css selector","value":"div.sapUiLocalBusyIndicator"}
RESULT: {"using":"css selector","value":"div.sapUiLocalBusyIndicator"}
COMMAND: POST /session/87060ecc61b90b9cbeaeabef4867bd7b/execute/sync - {"script":"<script> [21 bytes]","args":[{"element-6066-11e4-a52e-4f735466cecf":"f.01EC4218B1658738BDFE80954B26D4A5.d.BB22219130877FAF85E3653733F50CAB.e.980","ELEMENT":"f.01EC4218B1658738BDFE80954B26D4A5.d.BB22219130877FAF85E3653733F50CAB.e.980"}]}
RESULT: {"script":"<script> [21 bytes]","args":[{"element-6066-11e4-a52e-4f735466cecf":"f.01EC4218B1658738BDFE80954B26D4A5.d.BB22219130877FAF85E3653733F50CAB.e.980","ELEMENT":"f.01EC4218B1658738BDFE80954B26D4A5.d.BB22219130877FAF85E3653733F50CAB.e.980"}]}
COMMAND: POST /session/87060ecc61b90b9cbeaeabef4867bd7b/execute/async - {"script":"<script> [21 bytes]","args":[{"forceSelect":true,"selector":{"controlType":"sap.m.Button","viewName":"sap.fe.templates.ObjectPage.ObjectPage","viewId":"rfm.transactionui::xRFMxCU_TransactionObjectPage","properties":{"text":"Continue"},"searchOpenDialogs":true,"interaction":{"idSuffix":"BDI-content"}},"wdio_ui5_key":"sapfe.templates.ObjectPage.ObjectPagesap.m.Button{\"text\":\"Continue\"}"}]}
COMMAND: GET /session/87060ecc61b90b9cbeaeabef4867bd7b/screenshot - {}
RESULT: {"script":"<script> [21 bytes]","args":[{"forceSelect":true,"selector":{"controlType":"sap.m.Button","viewName":"sap.fe.templates.ObjectPage.ObjectPage","viewId":"rfm.transactionui::xRFMxCU_TransactionObjectPage","properties":{"text":"Continue"},"searchOpenDialogs":true,"interaction":{"idSuffix":"BDI-content"}},"wdio_ui5_key":"sapfe.templates.ObjectPage.ObjectPagesap.m.Button{\"text\":\"Continue\"}"}]}
RESULT: undefined
COMMAND: POST /session/87060ecc61b90b9cbeaeabef4867bd7b/element - {"using":"xpath","value":"//*[@id=\"__button257\"]"}
RESULT: {}
RESULT: {"using":"xpath","value":"//*[@id=\"__button257\"]"}
COMMAND: POST /session/87060ecc61b90b9cbeaeabef4867bd7b/element/f.01EC4218B1658738BDFE80954B26D4A5.d.BB22219130877FAF85E3653733F50CAB.e.996/click - {}
COMMAND: POST /session/87060ecc61b90b9cbeaeabef4867bd7b/element - {"using":"css selector","value":"div.sapUiLocalBusyIndicator"}
RESULT: {"using":"css selector","value":"div.sapUiLocalBusyIndicator"}
COMMAND: POST /session/87060ecc61b90b9cbeaeabef4867bd7b/execute/sync - {"script":"<script> [21 bytes]","args":[{"element-6066-11e4-a52e-4f735466cecf":"f.01EC4218B1658738BDFE80954B26D4A5.d.BB22219130877FAF85E3653733F50CAB.e.980","ELEMENT":"f.01EC4218B1658738BDFE80954B26D4A5.d.BB22219130877FAF85E3653733F50CAB.e.980"}]}
RESULT: {"script":"<script> [21 bytes]","args":[{"element-6066-11e4-a52e-4f735466cecf":"f.01EC4218B1658738BDFE80954B26D4A5.d.BB22219130877FAF85E3653733F50CAB.e.980","ELEMENT":"f.01EC4218B1658738BDFE80954B26D4A5.d.BB22219130877FAF85E3653733F50CAB.e.980"}]}
COMMAND: POST /session/87060ecc61b90b9cbeaeabef4867bd7b/execute/async - {"script":"<script> [21 bytes]","args":[{"selector":{"id":"rfm.transactionui::xRFMxCU_TransactionObjectPage--fe::CustomSubSection::CustomDetailsSection--fe::FormContainer::FieldGroup::Term::FormElement::DataField::AssetCashflowDateFrom::Field-edit","interaction":{"idSuffix":"inner"}},"wdio_ui5_key":"rfmtransactionui::xRFMxCU_TransactionObjectPage--fe::CustomSubSection::CustomDetailsSection--fe::FormContainer::FieldGroup::Term::FormElement::DataField::AssetCashflowDateFrom::Field-edit"}]}
COMMAND: GET /session/87060ecc61b90b9cbeaeabef4867bd7b/screenshot - {}
RESULT: {"script":"<script> [21 bytes]","args":[{"selector":{"id":"rfm.transactionui::xRFMxCU_TransactionObjectPage--fe::CustomSubSection::CustomDetailsSection--fe::FormContainer::FieldGroup::Term::FormElement::DataField::AssetCashflowDateFrom::Field-edit","interaction":{"idSuffix":"inner"}},"wdio_ui5_key":"rfmtransactionui::xRFMxCU_TransactionObjectPage--fe::CustomSubSection::CustomDetailsSection--fe::FormContainer::FieldGroup::Term::FormElement::DataField::AssetCashflowDateFrom::Field-edit"}]}
RESULT: undefined
COMMAND: POST /session/87060ecc61b90b9cbeaeabef4867bd7b/element - {"using":"css selector","value":"div.sapUiLocalBusyIndicator"}
RESULT: {}
RESULT: {"using":"css selector","value":"div.sapUiLocalBusyIndicator"}
COMMAND: POST /session/87060ecc61b90b9cbeaeabef4867bd7b/execute/sync - {"script":"<script> [21 bytes]","args":[{"element-6066-11e4-a52e-4f735466cecf":"f.01EC4218B1658738BDFE80954B26D4A5.d.BB22219130877FAF85E3653733F50CAB.e.980","ELEMENT":"f.01EC4218B1658738BDFE80954B26D4A5.d.BB22219130877FAF85E3653733F50CAB.e.980"}]}
RESULT: {"script":"<script> [21 bytes]","args":[{"element-6066-11e4-a52e-4f735466cecf":"f.01EC4218B1658738BDFE80954B26D4A5.d.BB22219130877FAF85E3653733F50CAB.e.980","ELEMENT":"f.01EC4218B1658738BDFE80954B26D4A5.d.BB22219130877FAF85E3653733F50CAB.e.980"}]}
COMMAND: POST /session/87060ecc61b90b9cbeaeabef4867bd7b/execute/async - {"script":"<script> [21 bytes]","args":[{"selector":{"id":"rfm.transactionui::xRFMxCU_TransactionObjectPage--fe::CustomSubSection::CustomDetailsSection--fe::FormContainer::FieldGroup::Term::FormElement::DataField::AssetCashflowDateTo::Field-edit","interaction":{"idSuffix":"inner"}},"wdio_ui5_key":"rfmtransactionui::xRFMxCU_TransactionObjectPage--fe::CustomSubSection::CustomDetailsSection--fe::FormContainer::FieldGroup::Term::FormElement::DataField::AssetCashflowDateTo::Field-edit"}]}
COMMAND: GET /session/87060ecc61b90b9cbeaeabef4867bd7b/screenshot - {}
RESULT: {"script":"<script> [21 bytes]","args":[{"selector":{"id":"rfm.transactionui::xRFMxCU_TransactionObjectPage--fe::CustomSubSection::CustomDetailsSection--fe::FormContainer::FieldGroup::Term::FormElement::DataField::AssetCashflowDateTo::Field-edit","interaction":{"idSuffix":"inner"}},"wdio_ui5_key":"rfmtransactionui::xRFMxCU_TransactionObjectPage--fe::CustomSubSection::CustomDetailsSection--fe::FormContainer::FieldGroup::Term::FormElement::DataField::AssetCashflowDateTo::Field-edit"}]}
RESULT: undefined
COMMAND: POST /session/87060ecc61b90b9cbeaeabef4867bd7b/element - {"using":"css selector","value":"div.sapUiLocalBusyIndicator"}
RESULT: {}
RESULT: {"using":"css selector","value":"div.sapUiLocalBusyIndicator"}
COMMAND: POST /session/87060ecc61b90b9cbeaeabef4867bd7b/execute/sync - {"script":"<script> [21 bytes]","args":[{"element-6066-11e4-a52e-4f735466cecf":"f.01EC4218B1658738BDFE80954B26D4A5.d.BB22219130877FAF85E3653733F50CAB.e.980","ELEMENT":"f.01EC4218B1658738BDFE80954B26D4A5.d.BB22219130877FAF85E3653733F50CAB.e.980"}]}
RESULT: {"script":"<script> [21 bytes]","args":[{"element-6066-11e4-a52e-4f735466cecf":"f.01EC4218B1658738BDFE80954B26D4A5.d.BB22219130877FAF85E3653733F50CAB.e.980","ELEMENT":"f.01EC4218B1658738BDFE80954B26D4A5.d.BB22219130877FAF85E3653733F50CAB.e.980"}]}
COMMAND: POST /session/87060ecc61b90b9cbeaeabef4867bd7b/execute/async - {"script":"<script> [21 bytes]","args":[{"selector":{"id":"rfm.transactionui::xRFMxCU_TransactionObjectPage--fe::ObjectPage-anchBar-rfm.transactionui::xRFMxCU_TransactionObjectPage--fe::EditableHeaderSection-anchor","interaction":{"idSuffix":"text"}},"wdio_ui5_key":"rfmtransactionui::xRFMxCU_TransactionObjectPage--fe::ObjectPage-anchBar-rfm.transactionui::xRFMxCU_TransactionObjectPage--fe::EditableHeaderSection-anchor"}]}
COMMAND: GET /session/87060ecc61b90b9cbeaeabef4867bd7b/screenshot - {}
RESULT: {"script":"<script> [21 bytes]","args":[{"selector":{"id":"rfm.transactionui::xRFMxCU_TransactionObjectPage--fe::ObjectPage-anchBar-rfm.transactionui::xRFMxCU_TransactionObjectPage--fe::EditableHeaderSection-anchor","interaction":{"idSuffix":"text"}},"wdio_ui5_key":"rfmtransactionui::xRFMxCU_TransactionObjectPage--fe::ObjectPage-anchBar-rfm.transactionui::xRFMxCU_TransactionObjectPage--fe::EditableHeaderSection-anchor"}]}
RESULT: undefined
COMMAND: POST /session/87060ecc61b90b9cbeaeabef4867bd7b/element - {"using":"css selector","value":"div.sapUiLocalBusyIndicator"}
RESULT: {}
RESULT: {"using":"css selector","value":"div.sapUiLocalBusyIndicator"}
COMMAND: POST /session/87060ecc61b90b9cbeaeabef4867bd7b/execute/sync - {"script":"<script> [21 bytes]","args":[{"element-6066-11e4-a52e-4f735466cecf":"f.01EC4218B1658738BDFE80954B26D4A5.d.BB22219130877FAF85E3653733F50CAB.e.980","ELEMENT":"f.01EC4218B1658738BDFE80954B26D4A5.d.BB22219130877FAF85E3653733F50CAB.e.980"}]}
RESULT: {"script":"<script> [21 bytes]","args":[{"element-6066-11e4-a52e-4f735466cecf":"f.01EC4218B1658738BDFE80954B26D4A5.d.BB22219130877FAF85E3653733F50CAB.e.980","ELEMENT":"f.01EC4218B1658738BDFE80954B26D4A5.d.BB22219130877FAF85E3653733F50CAB.e.980"}]}
COMMAND: POST /session/87060ecc61b90b9cbeaeabef4867bd7b/execute/async - {"script":"<script> [21 bytes]","args":[{"selector":{"id":"rfm.transactionui::xRFMxCU_TransactionObjectPage--fe::HeaderFacet::FormContainer::headerFieldsGP1::FormElement::DataField::Name::Field-edit","interaction":{"idSuffix":"inner"}},"wdio_ui5_key":"rfmtransactionui::xRFMxCU_TransactionObjectPage--fe::HeaderFacet::FormContainer::headerFieldsGP1::FormElement::DataField::Name::Field-edit"}]}
COMMAND: GET /session/87060ecc61b90b9cbeaeabef4867bd7b/screenshot - {}
RESULT: {"script":"<script> [21 bytes]","args":[{"selector":{"id":"rfm.transactionui::xRFMxCU_TransactionObjectPage--fe::HeaderFacet::FormContainer::headerFieldsGP1::FormElement::DataField::Name::Field-edit","interaction":{"idSuffix":"inner"}},"wdio_ui5_key":"rfmtransactionui::xRFMxCU_TransactionObjectPage--fe::HeaderFacet::FormContainer::headerFieldsGP1::FormElement::DataField::Name::Field-edit"}]}
RESULT: undefined
COMMAND: POST /session/87060ecc61b90b9cbeaeabef4867bd7b/element - {"using":"css selector","value":"div.sapUiLocalBusyIndicator"}
RESULT: {}
RESULT: {"using":"css selector","value":"div.sapUiLocalBusyIndicator"}
COMMAND: POST /session/87060ecc61b90b9cbeaeabef4867bd7b/execute/sync - {"script":"<script> [21 bytes]","args":[{"element-6066-11e4-a52e-4f735466cecf":"f.01EC4218B1658738BDFE80954B26D4A5.d.BB22219130877FAF85E3653733F50CAB.e.980","ELEMENT":"f.01EC4218B1658738BDFE80954B26D4A5.d.BB22219130877FAF85E3653733F50CAB.e.980"}]}
RESULT: {"script":"<script> [21 bytes]","args":[{"element-6066-11e4-a52e-4f735466cecf":"f.01EC4218B1658738BDFE80954B26D4A5.d.BB22219130877FAF85E3653733F50CAB.e.980","ELEMENT":"f.01EC4218B1658738BDFE80954B26D4A5.d.BB22219130877FAF85E3653733F50CAB.e.980"}]}
COMMAND: POST /session/87060ecc61b90b9cbeaeabef4867bd7b/execute/async - {"script":"<script> [21 bytes]","args":[{"selector":{"id":"rfm.transactionui::xRFMxCU_TransactionObjectPage--fe::HeaderFacet::FormContainer::headerFieldsGP1::FormElement::DataField::TransactionId::Field-display"},"wdio_ui5_key":"rfmtransactionui::xRFMxCU_TransactionObjectPage--fe::HeaderFacet::FormContainer::headerFieldsGP1::FormElement::DataField::TransactionId::Field-display"}]}
COMMAND: GET /session/87060ecc61b90b9cbeaeabef4867bd7b/screenshot - {}
RESULT: {"script":"<script> [21 bytes]","args":[{"selector":{"id":"rfm.transactionui::xRFMxCU_TransactionObjectPage--fe::HeaderFacet::FormContainer::headerFieldsGP1::FormElement::DataField::TransactionId::Field-display"},"wdio_ui5_key":"rfmtransactionui::xRFMxCU_TransactionObjectPage--fe::HeaderFacet::FormContainer::headerFieldsGP1::FormElement::DataField::TransactionId::Field-display"}]}
RESULT: undefined
COMMAND: POST /session/87060ecc61b90b9cbeaeabef4867bd7b/element - {"using":"css selector","value":"div.sapUiLocalBusyIndicator"}
RESULT: {}
RESULT: {"using":"css selector","value":"div.sapUiLocalBusyIndicator"}
COMMAND: POST /session/87060ecc61b90b9cbeaeabef4867bd7b/execute/sync - {"script":"<script> [21 bytes]","args":[{"element-6066-11e4-a52e-4f735466cecf":"f.01EC4218B1658738BDFE80954B26D4A5.d.BB22219130877FAF85E3653733F50CAB.e.980","ELEMENT":"f.01EC4218B1658738BDFE80954B26D4A5.d.BB22219130877FAF85E3653733F50CAB.e.980"}]}
RESULT: {"script":"<script> [21 bytes]","args":[{"element-6066-11e4-a52e-4f735466cecf":"f.01EC4218B1658738BDFE80954B26D4A5.d.BB22219130877FAF85E3653733F50CAB.e.980","ELEMENT":"f.01EC4218B1658738BDFE80954B26D4A5.d.BB22219130877FAF85E3653733F50CAB.e.980"}]}
COMMAND: POST /session/87060ecc61b90b9cbeaeabef4867bd7b/execute/async - {"script":"<script> [21 bytes]","args":[{"selector":{"id":"rfm.transactionui::xRFMxCU_TransactionObjectPage--fe::ObjectPage-anchBar-rfm.transactionui::xRFMxCU_TransactionObjectPage--fe::FacetSection::FundingScopeCollection-anchor"},"wdio_ui5_key":"rfmtransactionui::xRFMxCU_TransactionObjectPage--fe::ObjectPage-anchBar-rfm.transactionui::xRFMxCU_TransactionObjectPage--fe::FacetSection::FundingScopeCollection-anchor"}]}
COMMAND: GET /session/87060ecc61b90b9cbeaeabef4867bd7b/screenshot - {}
RESULT: {"script":"<script> [21 bytes]","args":[{"selector":{"id":"rfm.transactionui::xRFMxCU_TransactionObjectPage--fe::ObjectPage-anchBar-rfm.transactionui::xRFMxCU_TransactionObjectPage--fe::FacetSection::FundingScopeCollection-anchor"},"wdio_ui5_key":"rfmtransactionui::xRFMxCU_TransactionObjectPage--fe::ObjectPage-anchBar-rfm.transactionui::xRFMxCU_TransactionObjectPage--fe::FacetSection::FundingScopeCollection-anchor"}]}
RESULT: undefined
COMMAND: POST /session/87060ecc61b90b9cbeaeabef4867bd7b/element - {"using":"xpath","value":"//*[@id=\"rfm.transactionui::xRFMxCU_TransactionObjectPage--fe::ObjectPage-anchBar-rfm.transactionui::xRFMxCU_TransactionObjectPage--fe::FacetSection::FundingScopeCollection-anchor\"]"}
RESULT: {}
RESULT: {"using":"xpath","value":"//*[@id=\"rfm.transactionui::xRFMxCU_TransactionObjectPage--fe::ObjectPage-anchBar-rfm.transactionui::xRFMxCU_TransactionObjectPage--fe::FacetSection::FundingScopeCollection-anchor\"]"}
COMMAND: POST /session/87060ecc61b90b9cbeaeabef4867bd7b/element/f.01EC4218B1658738BDFE80954B26D4A5.d.BB22219130877FAF85E3653733F50CAB.e.997/click - {}
COMMAND: POST /session/87060ecc61b90b9cbeaeabef4867bd7b/element - {"using":"css selector","value":"div.sapUiLocalBusyIndicator"}
RESULT: {"using":"css selector","value":"div.sapUiLocalBusyIndicator"}
COMMAND: POST /session/87060ecc61b90b9cbeaeabef4867bd7b/execute/sync - {"script":"<script> [21 bytes]","args":[{"element-6066-11e4-a52e-4f735466cecf":"f.01EC4218B1658738BDFE80954B26D4A5.d.BB22219130877FAF85E3653733F50CAB.e.980","ELEMENT":"f.01EC4218B1658738BDFE80954B26D4A5.d.BB22219130877FAF85E3653733F50CAB.e.980"}]}
RESULT: {"script":"<script> [21 bytes]","args":[{"element-6066-11e4-a52e-4f735466cecf":"f.01EC4218B1658738BDFE80954B26D4A5.d.BB22219130877FAF85E3653733F50CAB.e.980","ELEMENT":"f.01EC4218B1658738BDFE80954B26D4A5.d.BB22219130877FAF85E3653733F50CAB.e.980"}]}
COMMAND: POST /session/87060ecc61b90b9cbeaeabef4867bd7b/execute/async - {"script":"<script> [21 bytes]","args":[{"selector":{"controlType":"sap.ui.mdc.field.FieldInput","viewName":"sap.fe.templates.ObjectPage.ObjectPage","viewId":"rfm.transactionui::xRFMxCU_TransactionObjectPage","bindingPath":{"path":"","propertyPath":"/conditions","modelName":"$field"},"ancestor":{"controlType":"sap.ui.mdc.Field","viewName":"sap.fe.templates.ObjectPage.ObjectPage","viewId":"rfm.transactionui::xRFMxCU_TransactionObjectPage","bindingPath":{"path":"/xRFMxCU_Transaction(TransactionId='undefined',IsActiveEntity=false)/_TransactionCFPart(TransactionId='undefined',CashFlowPartType='1',IsActiveEntity=false)","propertyPath":"__EntityControl/Updatable"}},"interaction":{"idSuffix":"inner"}},"wdio_ui5_key":"sapfe.templates.ObjectPage.ObjectPagesap.ui.mdc.field.FieldInput{\"path\":\"\",\"propertyPath\":\"/conditions\",\"modelName\":\"$field\"}{\"controlType\":\"sap.ui.mdc.Field\",\"viewName\":\"sap.fe.templates.ObjectPage.ObjectPage\",\"viewId\":\"rfm.transactionui::xRFMxCU_TransactionObjectPage\",\"bindingPath\":{\"path\":\"/xRFMxCU_Transaction(TransactionId='undefined',IsActiveEntity=false)/_TransactionCFPart(TransactionId='undefined',CashFlowPartType='1',IsActiveEntity=false)\",\"propertyPath\":\"__EntityControl/Updatable\"}}"}]}
COMMAND: GET /session/87060ecc61b90b9cbeaeabef4867bd7b/screenshot - {}
RESULT: {"script":"<script> [21 bytes]","args":[{"selector":{"controlType":"sap.ui.mdc.field.FieldInput","viewName":"sap.fe.templates.ObjectPage.ObjectPage","viewId":"rfm.transactionui::xRFMxCU_TransactionObjectPage","bindingPath":{"path":"","propertyPath":"/conditions","modelName":"$field"},"ancestor":{"controlType":"sap.ui.mdc.Field","viewName":"sap.fe.templates.ObjectPage.ObjectPage","viewId":"rfm.transactionui::xRFMxCU_TransactionObjectPage","bindingPath":{"path":"/xRFMxCU_Transaction(TransactionId='undefined',IsActiveEntity=false)/_TransactionCFPart(TransactionId='undefined',CashFlowPartType='1',IsActiveEntity=false)","propertyPath":"__EntityControl/Updatable"}},"interaction":{"idSuffix":"inner"}},"wdio_ui5_key":"sapfe.templates.ObjectPage.ObjectPagesap.ui.mdc.field.FieldInput{\"path\":\"\",\"propertyPath\":\"/conditions\",\"modelName\":\"$field\"}{\"controlType\":\"sap.ui.mdc.Field\",\"viewName\":\"sap.fe.templates.ObjectPage.ObjectPage\",\"viewId\":\"rfm.transactionui::xRFMxCU_TransactionObjectPage\",\"bindingPath\":{\"path\":\"/xRFMxCU_Transaction(TransactionId='undefined',IsActiveEntity=false)/_TransactionCFPart(TransactionId='undefined',CashFlowPartType='1',IsActiveEntity=false)\",\"propertyPath\":\"__EntityControl/Updatable\"}}"}]}
RESULT: undefined
COMMAND: POST /session/87060ecc61b90b9cbeaeabef4867bd7b/element - {"using":"css selector","value":"div.sapUiLocalBusyIndicator"}
RESULT: {}
RESULT: {"using":"css selector","value":"div.sapUiLocalBusyIndicator"}
COMMAND: POST /session/87060ecc61b90b9cbeaeabef4867bd7b/execute/sync - {"script":"<script> [21 bytes]","args":[{"element-6066-11e4-a52e-4f735466cecf":"f.01EC4218B1658738BDFE80954B26D4A5.d.BB22219130877FAF85E3653733F50CAB.e.980","ELEMENT":"f.01EC4218B1658738BDFE80954B26D4A5.d.BB22219130877FAF85E3653733F50CAB.e.980"}]}
RESULT: {"script":"<script> [21 bytes]","args":[{"element-6066-11e4-a52e-4f735466cecf":"f.01EC4218B1658738BDFE80954B26D4A5.d.BB22219130877FAF85E3653733F50CAB.e.980","ELEMENT":"f.01EC4218B1658738BDFE80954B26D4A5.d.BB22219130877FAF85E3653733F50CAB.e.980"}]}
COMMAND: POST /session/87060ecc61b90b9cbeaeabef4867bd7b/execute/async - {"script":"<script> [21 bytes]","args":[{"selector":{"id":"rfm.transactionui::xRFMxCU_TransactionObjectPage--fe::table::_TransactionCFPart::LineItem-innerTable-rows-row1","interaction":{"idSuffix":"col0"}},"wdio_ui5_key":"rfmtransactionui::xRFMxCU_TransactionObjectPage--fe::table::_TransactionCFPart::LineItem-innerTable-rows-row1"}]}
COMMAND: GET /session/87060ecc61b90b9cbeaeabef4867bd7b/screenshot - {}
RESULT: {"script":"<script> [21 bytes]","args":[{"selector":{"id":"rfm.transactionui::xRFMxCU_TransactionObjectPage--fe::table::_TransactionCFPart::LineItem-innerTable-rows-row1","interaction":{"idSuffix":"col0"}},"wdio_ui5_key":"rfmtransactionui::xRFMxCU_TransactionObjectPage--fe::table::_TransactionCFPart::LineItem-innerTable-rows-row1"}]}
RESULT: undefined
COMMAND: POST /session/87060ecc61b90b9cbeaeabef4867bd7b/element - {"using":"css selector","value":"div.sapUiLocalBusyIndicator"}
RESULT: {}
RESULT: {"using":"css selector","value":"div.sapUiLocalBusyIndicator"}
COMMAND: POST /session/87060ecc61b90b9cbeaeabef4867bd7b/execute/sync - {"script":"<script> [21 bytes]","args":[{"element-6066-11e4-a52e-4f735466cecf":"f.01EC4218B1658738BDFE80954B26D4A5.d.BB22219130877FAF85E3653733F50CAB.e.980","ELEMENT":"f.01EC4218B1658738BDFE80954B26D4A5.d.BB22219130877FAF85E3653733F50CAB.e.980"}]}
RESULT: {"script":"<script> [21 bytes]","args":[{"element-6066-11e4-a52e-4f735466cecf":"f.01EC4218B1658738BDFE80954B26D4A5.d.BB22219130877FAF85E3653733F50CAB.e.980","ELEMENT":"f.01EC4218B1658738BDFE80954B26D4A5.d.BB22219130877FAF85E3653733F50CAB.e.980"}]}
COMMAND: POST /session/87060ecc61b90b9cbeaeabef4867bd7b/execute/async - {"script":"<script> [21 bytes]","args":[{"forceSelect":true,"selector":{"controlType":"sap.ui.mdc.field.FieldInput","viewName":"sap.fe.templates.ObjectPage.ObjectPage","viewId":"rfm.transactionui::xRFMxCU_TransactionObjectPage","bindingPath":{"path":"","propertyPath":"/conditions","modelName":"$field"},"ancestor":{"controlType":"sap.ui.mdc.Field","viewName":"sap.fe.templates.ObjectPage.ObjectPage","viewId":"rfm.transactionui::xRFMxCU_TransactionObjectPage","bindingPath":{"path":"/xRFMxCU_Transaction(TransactionId='undefined',IsActiveEntity=false)/_TransactionCFPart(TransactionId='undefined',CashFlowPartType='2',IsActiveEntity=false)","propertyPath":"__EntityControl/Updatable"}},"interaction":{"idSuffix":"inner"}},"wdio_ui5_key":"sapfe.templates.ObjectPage.ObjectPagesap.ui.mdc.field.FieldInput{\"path\":\"\",\"propertyPath\":\"/conditions\",\"modelName\":\"$field\"}{\"controlType\":\"sap.ui.mdc.Field\",\"viewName\":\"sap.fe.templates.ObjectPage.ObjectPage\",\"viewId\":\"rfm.transactionui::xRFMxCU_TransactionObjectPage\",\"bindingPath\":{\"path\":\"/xRFMxCU_Transaction(TransactionId='undefined',IsActiveEntity=false)/_TransactionCFPart(TransactionId='undefined',CashFlowPartType='2',IsActiveEntity=false)\",\"propertyPath\":\"__EntityControl/Updatable\"}}"}]}
COMMAND: GET /session/87060ecc61b90b9cbeaeabef4867bd7b/screenshot - {}
RESULT: {"script":"<script> [21 bytes]","args":[{"forceSelect":true,"selector":{"controlType":"sap.ui.mdc.field.FieldInput","viewName":"sap.fe.templates.ObjectPage.ObjectPage","viewId":"rfm.transactionui::xRFMxCU_TransactionObjectPage","bindingPath":{"path":"","propertyPath":"/conditions","modelName":"$field"},"ancestor":{"controlType":"sap.ui.mdc.Field","viewName":"sap.fe.templates.ObjectPage.ObjectPage","viewId":"rfm.transactionui::xRFMxCU_TransactionObjectPage","bindingPath":{"path":"/xRFMxCU_Transaction(TransactionId='undefined',IsActiveEntity=false)/_TransactionCFPart(TransactionId='undefined',CashFlowPartType='2',IsActiveEntity=false)","propertyPath":"__EntityControl/Updatable"}},"interaction":{"idSuffix":"inner"}},"wdio_ui5_key":"sapfe.templates.ObjectPage.ObjectPagesap.ui.mdc.field.FieldInput{\"path\":\"\",\"propertyPath\":\"/conditions\",\"modelName\":\"$field\"}{\"controlType\":\"sap.ui.mdc.Field\",\"viewName\":\"sap.fe.templates.ObjectPage.ObjectPage\",\"viewId\":\"rfm.transactionui::xRFMxCU_TransactionObjectPage\",\"bindingPath\":{\"path\":\"/xRFMxCU_Transaction(TransactionId='undefined',IsActiveEntity=false)/_TransactionCFPart(TransactionId='undefined',CashFlowPartType='2',IsActiveEntity=false)\",\"propertyPath\":\"__EntityControl/Updatable\"}}"}]}
RESULT: undefined
COMMAND: POST /session/87060ecc61b90b9cbeaeabef4867bd7b/execute/async - {"script":"<script> [21 bytes]","args":[{"selector":{"id":"rfm.transactionui::xRFMxCU_TransactionObjectPage--fe::FooterBar::StandardAction::Save","interaction":{"idSuffix":"BDI-content"}},"wdio_ui5_key":"rfmtransactionui::xRFMxCU_TransactionObjectPage--fe::FooterBar::StandardAction::Save"}]}
RESULT: {}
RESULT: {"script":"<script> [21 bytes]","args":[{"selector":{"id":"rfm.transactionui::xRFMxCU_TransactionObjectPage--fe::FooterBar::StandardAction::Save","interaction":{"idSuffix":"BDI-content"}},"wdio_ui5_key":"rfmtransactionui::xRFMxCU_TransactionObjectPage--fe::FooterBar::StandardAction::Save"}]}
RESULT: undefined
COMMAND: POST /session/87060ecc61b90b9cbeaeabef4867bd7b/execute/async - {"script":"<script> [21 bytes]","args":[{"selector":{"id":"rfm.transactionui::xRFMxCU_TransactionObjectPage--fe::FooterBar::MessageButton-img"},"wdio_ui5_key":"rfmtransactionui::xRFMxCU_TransactionObjectPage--fe::FooterBar::MessageButton-img"}]}
RESULT: {"script":"<script> [21 bytes]","args":[{"selector":{"id":"rfm.transactionui::xRFMxCU_TransactionObjectPage--fe::FooterBar::MessageButton-img"},"wdio_ui5_key":"rfmtransactionui::xRFMxCU_TransactionObjectPage--fe::FooterBar::MessageButton-img"}]}
RESULT: undefined
COMMAND: POST /session/87060ecc61b90b9cbeaeabef4867bd7b/url - {"url":"https://d4debac0-4a79-4bd3-a71c-dba92f957697.abap-web.eu10.hana.ondemand.com/ui#Shell-home"}
RESULT: {"url":"https://d4debac0-4a79-4bd3-a71c-dba92f957697.abap-web.eu10.hana.ondemand.com/ui#Shell-home"}
RESULT: undefined
COMMAND: POST /session/87060ecc61b90b9cbeaeabef4867bd7b/element - {"using":"css selector","value":"div.sapUiLocalBusyIndicator"}
COMMAND: GET /session/87060ecc61b90b9cbeaeabef4867bd7b/screenshot - {}
RESULT: {"using":"css selector","value":"div.sapUiLocalBusyIndicator"}
COMMAND: POST /session/87060ecc61b90b9cbeaeabef4867bd7b/element - {"using":"css selector","value":"div.sapUiLocalBusyIndicator"}
RESULT: {}
RESULT: {"using":"css selector","value":"div.sapUiLocalBusyIndicator"}
COMMAND: GET /session/87060ecc61b90b9cbeaeabef4867bd7b/screenshot - {}
]]></system-out>
    </testcase>
    <testcase classname="chrome.139_0_7258_67.windows.Trigger" name="Should filter created Transaction" time="13.187">
      <system-out><![CDATA[
COMMAND: POST /session/87060ecc61b90b9cbeaeabef4867bd7b/execute/async - {"script":"<script> [21 bytes]","args":[{"selector":{"controlType":"sap.m.GenericTile","properties":{"header":"Triggers"}},"wdio_ui5_key":"sapm.GenericTile{\"header\":\"Triggers\"}"}]}
RESULT: {}
RESULT: {"script":"<script> [21 bytes]","args":[{"selector":{"controlType":"sap.m.GenericTile","properties":{"header":"Triggers"}},"wdio_ui5_key":"sapm.GenericTile{\"header\":\"Triggers\"}"}]}
RESULT: undefined
COMMAND: POST /session/87060ecc61b90b9cbeaeabef4867bd7b/element - {"using":"xpath","value":"//*[@id=\"__tile33\"]"}
RESULT: {"using":"xpath","value":"//*[@id=\"__tile33\"]"}
COMMAND: POST /session/87060ecc61b90b9cbeaeabef4867bd7b/element/f.01EC4218B1658738BDFE80954B26D4A5.d.BB22219130877FAF85E3653733F50CAB.e.1001/click - {}
RESULT: {}
COMMAND: POST /session/87060ecc61b90b9cbeaeabef4867bd7b/element - {"using":"css selector","value":"div.sapUiLocalBusyIndicator"}
COMMAND: GET /session/87060ecc61b90b9cbeaeabef4867bd7b/screenshot - {}
RESULT: {"using":"css selector","value":"div.sapUiLocalBusyIndicator"}
COMMAND: POST /session/87060ecc61b90b9cbeaeabef4867bd7b/element - {"using":"css selector","value":"div.sapUiLocalBusyIndicator"}
RESULT: {}
RESULT: {"using":"css selector","value":"div.sapUiLocalBusyIndicator"}
COMMAND: POST /session/87060ecc61b90b9cbeaeabef4867bd7b/execute/async - {"script":"<script> [21 bytes]","args":[{"selector":{"id":"rfm.triggerui::TriggerSetList--fe::FilterBar::TriggerSet::FilterField::TransactionId-inner","interaction":{"idSuffix":"inner"}},"wdio_ui5_key":"rfmtriggerui::TriggerSetList--fe::FilterBar::TriggerSet::FilterField::TransactionId-inner"}]}
RESULT: {"script":"<script> [21 bytes]","args":[{"selector":{"id":"rfm.triggerui::TriggerSetList--fe::FilterBar::TriggerSet::FilterField::TransactionId-inner","interaction":{"idSuffix":"inner"}},"wdio_ui5_key":"rfmtriggerui::TriggerSetList--fe::FilterBar::TriggerSet::FilterField::TransactionId-inner"}]}
RESULT: undefined
COMMAND: POST /session/87060ecc61b90b9cbeaeabef4867bd7b/execute/async - {"script":"<script> [20 bytes]","args":[{"selector":{"id":"rfm.triggerui::TriggerSetList--fe::FilterBar::TriggerSet::FilterField::TransactionId-inner","interaction":{"idSuffix":"inner"}},"clearTextFirst":true,"interactionType":"ENTER_TEXT"}]}
RESULT: {"script":"<script> [20 bytes]","args":[{"selector":{"id":"rfm.triggerui::TriggerSetList--fe::FilterBar::TriggerSet::FilterField::TransactionId-inner","interaction":{"idSuffix":"inner"}},"clearTextFirst":true,"interactionType":"ENTER_TEXT"}]}
COMMAND: POST /session/87060ecc61b90b9cbeaeabef4867bd7b/element - {"using":"css selector","value":"div.sapUiLocalBusyIndicator"}
RESULT: {"using":"css selector","value":"div.sapUiLocalBusyIndicator"}
COMMAND: POST /session/87060ecc61b90b9cbeaeabef4867bd7b/element - {"using":"css selector","value":"div.sapUiLocalBusyIndicator"}
RESULT: {"using":"css selector","value":"div.sapUiLocalBusyIndicator"}
COMMAND: POST /session/87060ecc61b90b9cbeaeabef4867bd7b/execute/async - {"script":"<script> [21 bytes]","args":[{"selector":{"id":"rfm.triggerui::TriggerSetList--fe::FilterBar::TriggerSet-btnSearch","interaction":{"idSuffix":"BDI-content"}},"wdio_ui5_key":"rfmtriggerui::TriggerSetList--fe::FilterBar::TriggerSet-btnSearch"}]}
RESULT: {"script":"<script> [21 bytes]","args":[{"selector":{"id":"rfm.triggerui::TriggerSetList--fe::FilterBar::TriggerSet-btnSearch","interaction":{"idSuffix":"BDI-content"}},"wdio_ui5_key":"rfmtriggerui::TriggerSetList--fe::FilterBar::TriggerSet-btnSearch"}]}
RESULT: undefined
COMMAND: POST /session/87060ecc61b90b9cbeaeabef4867bd7b/element - {"using":"xpath","value":"//*[@id=\"rfm.triggerui::TriggerSetList--fe::FilterBar::TriggerSet-btnSearch\"]"}
RESULT: {"using":"xpath","value":"//*[@id=\"rfm.triggerui::TriggerSetList--fe::FilterBar::TriggerSet-btnSearch\"]"}
COMMAND: POST /session/87060ecc61b90b9cbeaeabef4867bd7b/element/f.01EC4218B1658738BDFE80954B26D4A5.d.BB22219130877FAF85E3653733F50CAB.e.1120/click - {}
RESULT: {}
COMMAND: POST /session/87060ecc61b90b9cbeaeabef4867bd7b/element - {"using":"css selector","value":"div.sapUiLocalBusyIndicator"}
COMMAND: GET /session/87060ecc61b90b9cbeaeabef4867bd7b/screenshot - {}
RESULT: {"using":"css selector","value":"div.sapUiLocalBusyIndicator"}
COMMAND: POST /session/87060ecc61b90b9cbeaeabef4867bd7b/execute/sync - {"script":"<script> [21 bytes]","args":[{"element-6066-11e4-a52e-4f735466cecf":"f.01EC4218B1658738BDFE80954B26D4A5.d.BB22219130877FAF85E3653733F50CAB.e.1123","ELEMENT":"f.01EC4218B1658738BDFE80954B26D4A5.d.BB22219130877FAF85E3653733F50CAB.e.1123"}]}
RESULT: {}
COMMAND: POST /session/87060ecc61b90b9cbeaeabef4867bd7b/element - {"using":"css selector","value":"div.sapUiLocalBusyIndicator"}
RESULT: {"using":"css selector","value":"div.sapUiLocalBusyIndicator"}
COMMAND: POST /session/87060ecc61b90b9cbeaeabef4867bd7b/element - {"using":"css selector","value":"div.sapUiLocalBusyIndicator"}
RESULT: {"using":"css selector","value":"div.sapUiLocalBusyIndicator"}
COMMAND: POST /session/87060ecc61b90b9cbeaeabef4867bd7b/execute/async - {"script":"<script> [21 bytes]","args":[{"selector":{"id":"rfm.triggerui::TriggerSetList--fe::table::allTab::LineItem-innerTable-rows-row0"},"wdio_ui5_key":"rfmtriggerui::TriggerSetList--fe::table::allTab::LineItem-innerTable-rows-row0"}]}
RESULT: {"script":"<script> [21 bytes]","args":[{"selector":{"id":"rfm.triggerui::TriggerSetList--fe::table::allTab::LineItem-innerTable-rows-row0"},"wdio_ui5_key":"rfmtriggerui::TriggerSetList--fe::table::allTab::LineItem-innerTable-rows-row0"}]}
RESULT: undefined
COMMAND: POST /session/87060ecc61b90b9cbeaeabef4867bd7b/element - {"using":"xpath","value":"//*[@id=\"rfm.triggerui::TriggerSetList--fe::table::allTab::LineItem-innerTable-rows-row0\"]"}
RESULT: {"using":"xpath","value":"//*[@id=\"rfm.triggerui::TriggerSetList--fe::table::allTab::LineItem-innerTable-rows-row0\"]"}
COMMAND: POST /session/87060ecc61b90b9cbeaeabef4867bd7b/element/f.01EC4218B1658738BDFE80954B26D4A5.d.BB22219130877FAF85E3653733F50CAB.e.1124/click - {}
RESULT: {}
COMMAND: POST /session/87060ecc61b90b9cbeaeabef4867bd7b/element - {"using":"css selector","value":"div.sapUiLocalBusyIndicator"}
COMMAND: GET /session/87060ecc61b90b9cbeaeabef4867bd7b/screenshot - {}
RESULT: {"using":"css selector","value":"div.sapUiLocalBusyIndicator"}
COMMAND: POST /session/87060ecc61b90b9cbeaeabef4867bd7b/element - {"using":"css selector","value":"div.sapUiLocalBusyIndicator"}
RESULT: {}
RESULT: {"using":"css selector","value":"div.sapUiLocalBusyIndicator"}
COMMAND: POST /session/87060ecc61b90b9cbeaeabef4867bd7b/execute/async - {"script":"<script> [21 bytes]","args":[{"selector":{"controlType":"sap.m.Link","viewName":"sap.fe.templates.ListReport.ListReport","viewId":"rfm.triggerui::TriggerSetList","bindingPath":{"path":"/TriggerSet(TransactionId='undefined',IsActiveEntity=true)","propertyPath":"TransactionId"}},"wdio_ui5_key":"sapfe.templates.ListReport.ListReportsap.m.Link{\"path\":\"/TriggerSet(TransactionId='undefined',IsActiveEntity=true)\",\"propertyPath\":\"TransactionId\"}"}]}
RESULT: {"script":"<script> [21 bytes]","args":[{"selector":{"controlType":"sap.m.Link","viewName":"sap.fe.templates.ListReport.ListReport","viewId":"rfm.triggerui::TriggerSetList","bindingPath":{"path":"/TriggerSet(TransactionId='undefined',IsActiveEntity=true)","propertyPath":"TransactionId"}},"wdio_ui5_key":"sapfe.templates.ListReport.ListReportsap.m.Link{\"path\":\"/TriggerSet(TransactionId='undefined',IsActiveEntity=true)\",\"propertyPath\":\"TransactionId\"}"}]}
RESULT: undefined
COMMAND: POST /session/87060ecc61b90b9cbeaeabef4867bd7b/element - {"using":"css selector","value":"div.sapUiLocalBusyIndicator"}
RESULT: {"using":"css selector","value":"div.sapUiLocalBusyIndicator"}
COMMAND: POST /session/87060ecc61b90b9cbeaeabef4867bd7b/element - {"using":"css selector","value":"div.sapUiLocalBusyIndicator"}
RESULT: {"using":"css selector","value":"div.sapUiLocalBusyIndicator"}
COMMAND: POST /session/87060ecc61b90b9cbeaeabef4867bd7b/execute/async - {"script":"<script> [21 bytes]","args":[{"forceSelect":true,"selector":{"controlType":"sap.ui.core.Icon","viewName":"sap.fe.templates.ListReport.ListReport","viewId":"rfm.triggerui::TriggerSetList","properties":{"src":{"regex":{"source":"navigation\\-right\\-arrow"}}}},"wdio_ui5_key":"sapfe.templates.ListReport.ListReportsap.ui.core.Icon{\"src\":{\"regex\":{\"source\":\"navigation\\\\-right\\\\-arrow\"}}}"}]}
RESULT: {"script":"<script> [21 bytes]","args":[{"forceSelect":true,"selector":{"controlType":"sap.ui.core.Icon","viewName":"sap.fe.templates.ListReport.ListReport","viewId":"rfm.triggerui::TriggerSetList","properties":{"src":{"regex":{"source":"navigation\\-right\\-arrow"}}}},"wdio_ui5_key":"sapfe.templates.ListReport.ListReportsap.ui.core.Icon{\"src\":{\"regex\":{\"source\":\"navigation\\\\-right\\\\-arrow\"}}}"}]}
RESULT: undefined
COMMAND: POST /session/87060ecc61b90b9cbeaeabef4867bd7b/element - {"using":"xpath","value":"//*[@id=\"__action18-__clone935-icon0\"]"}
RESULT: {"using":"xpath","value":"//*[@id=\"__action18-__clone935-icon0\"]"}
COMMAND: POST /session/87060ecc61b90b9cbeaeabef4867bd7b/element/f.01EC4218B1658738BDFE80954B26D4A5.d.BB22219130877FAF85E3653733F50CAB.e.1126/click - {}
RESULT: {}
COMMAND: POST /session/87060ecc61b90b9cbeaeabef4867bd7b/element - {"using":"css selector","value":"div.sapUiLocalBusyIndicator"}
COMMAND: GET /session/87060ecc61b90b9cbeaeabef4867bd7b/screenshot - {}
RESULT: {"using":"css selector","value":"div.sapUiLocalBusyIndicator"}
COMMAND: POST /session/87060ecc61b90b9cbeaeabef4867bd7b/element - {"using":"css selector","value":"div.sapUiLocalBusyIndicator"}
RESULT: {}
RESULT: {"using":"css selector","value":"div.sapUiLocalBusyIndicator"}
COMMAND: GET /session/87060ecc61b90b9cbeaeabef4867bd7b/screenshot - {}
]]></system-out>
    </testcase>
    <testcase classname="chrome.139_0_7258_67.windows.Trigger" name="Should create trigger" time="31.703">
      <skipped/>
      <system-out><![CDATA[
COMMAND: POST /session/87060ecc61b90b9cbeaeabef4867bd7b/execute/async - {"script":"<script> [21 bytes]","args":[{"selector":{"id":"rfm.triggerui::TriggerSetObjectPage--fe::StandardAction::Edit","interaction":{"idSuffix":"BDI-content"}},"wdio_ui5_key":"rfmtriggerui::TriggerSetObjectPage--fe::StandardAction::Edit"}]}
RESULT: {}
RESULT: {"script":"<script> [21 bytes]","args":[{"selector":{"id":"rfm.triggerui::TriggerSetObjectPage--fe::StandardAction::Edit","interaction":{"idSuffix":"BDI-content"}},"wdio_ui5_key":"rfmtriggerui::TriggerSetObjectPage--fe::StandardAction::Edit"}]}
RESULT: undefined
COMMAND: POST /session/87060ecc61b90b9cbeaeabef4867bd7b/element - {"using":"css selector","value":"div.sapUiLocalBusyIndicator"}
RESULT: {"using":"css selector","value":"div.sapUiLocalBusyIndicator"}
COMMAND: POST /session/87060ecc61b90b9cbeaeabef4867bd7b/element - {"using":"css selector","value":"div.sapUiLocalBusyIndicator"}
RESULT: {"using":"css selector","value":"div.sapUiLocalBusyIndicator"}
COMMAND: POST /session/87060ecc61b90b9cbeaeabef4867bd7b/execute/async - {"script":"<script> [21 bytes]","args":[{"selector":{"id":"rfm.triggerui::TriggerSetObjectPage--fe::table::_Trigger::LineItem::StandardAction::Create","interaction":{"idSuffix":"inner"}},"wdio_ui5_key":"rfmtriggerui::TriggerSetObjectPage--fe::table::_Trigger::LineItem::StandardAction::Create"}]}
RESULT: {"script":"<script> [21 bytes]","args":[{"selector":{"id":"rfm.triggerui::TriggerSetObjectPage--fe::table::_Trigger::LineItem::StandardAction::Create","interaction":{"idSuffix":"inner"}},"wdio_ui5_key":"rfmtriggerui::TriggerSetObjectPage--fe::table::_Trigger::LineItem::StandardAction::Create"}]}
RESULT: undefined
COMMAND: POST /session/87060ecc61b90b9cbeaeabef4867bd7b/element - {"using":"xpath","value":"//*[@id=\"rfm.triggerui::TriggerSetObjectPage--fe::table::_Trigger::LineItem::StandardAction::Create\"]"}
RESULT: {"using":"xpath","value":"//*[@id=\"rfm.triggerui::TriggerSetObjectPage--fe::table::_Trigger::LineItem::StandardAction::Create\"]"}
COMMAND: POST /session/87060ecc61b90b9cbeaeabef4867bd7b/element/f.01EC4218B1658738BDFE80954B26D4A5.d.BB22219130877FAF85E3653733F50CAB.e.1238/click - {}
RESULT: {}
COMMAND: POST /session/87060ecc61b90b9cbeaeabef4867bd7b/element - {"using":"css selector","value":"div.sapUiLocalBusyIndicator"}
COMMAND: GET /session/87060ecc61b90b9cbeaeabef4867bd7b/screenshot - {}
RESULT: {"using":"css selector","value":"div.sapUiLocalBusyIndicator"}
COMMAND: POST /session/87060ecc61b90b9cbeaeabef4867bd7b/execute/sync - {"script":"<script> [21 bytes]","args":[{"element-6066-11e4-a52e-4f735466cecf":"f.01EC4218B1658738BDFE80954B26D4A5.d.BB22219130877FAF85E3653733F50CAB.e.1388","ELEMENT":"f.01EC4218B1658738BDFE80954B26D4A5.d.BB22219130877FAF85E3653733F50CAB.e.1388"}]}
RESULT: {}
RESULT: {"script":"<script> [21 bytes]","args":[{"element-6066-11e4-a52e-4f735466cecf":"f.01EC4218B1658738BDFE80954B26D4A5.d.BB22219130877FAF85E3653733F50CAB.e.1388","ELEMENT":"f.01EC4218B1658738BDFE80954B26D4A5.d.BB22219130877FAF85E3653733F50CAB.e.1388"}]}
COMMAND: POST /session/87060ecc61b90b9cbeaeabef4867bd7b/execute/async - {"script":"<script> [21 bytes]","args":[{"selector":{"id":"CreateDialog::TriggerType::TriggerCategory-inner","searchOpenDialogs":true,"interaction":{"idSuffix":"inner"}},"wdio_ui5_key":"CreateDialogTriggerType::TriggerCategory-inner"}]}
COMMAND: GET /session/87060ecc61b90b9cbeaeabef4867bd7b/screenshot - {}
RESULT: {"script":"<script> [21 bytes]","args":[{"selector":{"id":"CreateDialog::TriggerType::TriggerCategory-inner","searchOpenDialogs":true,"interaction":{"idSuffix":"inner"}},"wdio_ui5_key":"CreateDialogTriggerType::TriggerCategory-inner"}]}
RESULT: undefined
COMMAND: POST /session/87060ecc61b90b9cbeaeabef4867bd7b/execute/async - {"script":"<script> [20 bytes]","args":[{"enterText":"Simple","selector":{"id":"CreateDialog::TriggerType::TriggerCategory-inner","searchOpenDialogs":true,"interaction":{"idSuffix":"inner"}},"clearTextFirst":true,"interactionType":"ENTER_TEXT"}]}
RESULT: {}
RESULT: {"script":"<script> [20 bytes]","args":[{"enterText":"Simple","selector":{"id":"CreateDialog::TriggerType::TriggerCategory-inner","searchOpenDialogs":true,"interaction":{"idSuffix":"inner"}},"clearTextFirst":true,"interactionType":"ENTER_TEXT"}]}
COMMAND: POST /session/87060ecc61b90b9cbeaeabef4867bd7b/element - {"using":"css selector","value":"div.sapUiLocalBusyIndicator"}
RESULT: {"using":"css selector","value":"div.sapUiLocalBusyIndicator"}
COMMAND: POST /session/87060ecc61b90b9cbeaeabef4867bd7b/execute/sync - {"script":"<script> [21 bytes]","args":[{"element-6066-11e4-a52e-4f735466cecf":"f.01EC4218B1658738BDFE80954B26D4A5.d.BB22219130877FAF85E3653733F50CAB.e.1388","ELEMENT":"f.01EC4218B1658738BDFE80954B26D4A5.d.BB22219130877FAF85E3653733F50CAB.e.1388"}]}
RESULT: {"script":"<script> [21 bytes]","args":[{"element-6066-11e4-a52e-4f735466cecf":"f.01EC4218B1658738BDFE80954B26D4A5.d.BB22219130877FAF85E3653733F50CAB.e.1388","ELEMENT":"f.01EC4218B1658738BDFE80954B26D4A5.d.BB22219130877FAF85E3653733F50CAB.e.1388"}]}
COMMAND: POST /session/87060ecc61b90b9cbeaeabef4867bd7b/execute/async - {"script":"<script> [21 bytes]","args":[{"selector":{"id":"CreateDialog::TriggerType::SequenceNumber-inner","searchOpenDialogs":true,"interaction":{"idSuffix":"inner"}},"wdio_ui5_key":"CreateDialogTriggerType::SequenceNumber-inner"}]}
COMMAND: GET /session/87060ecc61b90b9cbeaeabef4867bd7b/screenshot - {}
RESULT: {"script":"<script> [21 bytes]","args":[{"selector":{"id":"CreateDialog::TriggerType::SequenceNumber-inner","searchOpenDialogs":true,"interaction":{"idSuffix":"inner"}},"wdio_ui5_key":"CreateDialogTriggerType::SequenceNumber-inner"}]}
RESULT: undefined
COMMAND: POST /session/87060ecc61b90b9cbeaeabef4867bd7b/execute/async - {"script":"<script> [20 bytes]","args":[{"enterText":"1","selector":{"id":"CreateDialog::TriggerType::SequenceNumber-inner","searchOpenDialogs":true,"interaction":{"idSuffix":"inner"}},"clearTextFirst":true,"interactionType":"ENTER_TEXT"}]}
RESULT: {}
RESULT: {"script":"<script> [20 bytes]","args":[{"enterText":"1","selector":{"id":"CreateDialog::TriggerType::SequenceNumber-inner","searchOpenDialogs":true,"interaction":{"idSuffix":"inner"}},"clearTextFirst":true,"interactionType":"ENTER_TEXT"}]}
COMMAND: POST /session/87060ecc61b90b9cbeaeabef4867bd7b/element - {"using":"css selector","value":"div.sapUiLocalBusyIndicator"}
RESULT: {"using":"css selector","value":"div.sapUiLocalBusyIndicator"}
COMMAND: POST /session/87060ecc61b90b9cbeaeabef4867bd7b/execute/sync - {"script":"<script> [21 bytes]","args":[{"element-6066-11e4-a52e-4f735466cecf":"f.01EC4218B1658738BDFE80954B26D4A5.d.BB22219130877FAF85E3653733F50CAB.e.1388","ELEMENT":"f.01EC4218B1658738BDFE80954B26D4A5.d.BB22219130877FAF85E3653733F50CAB.e.1388"}]}
RESULT: {"script":"<script> [21 bytes]","args":[{"element-6066-11e4-a52e-4f735466cecf":"f.01EC4218B1658738BDFE80954B26D4A5.d.BB22219130877FAF85E3653733F50CAB.e.1388","ELEMENT":"f.01EC4218B1658738BDFE80954B26D4A5.d.BB22219130877FAF85E3653733F50CAB.e.1388"}]}
COMMAND: POST /session/87060ecc61b90b9cbeaeabef4867bd7b/execute/async - {"script":"<script> [21 bytes]","args":[{"forceSelect":true,"selector":{"controlType":"sap.m.Button","viewName":"sap.fe.templates.ObjectPage.ObjectPage","viewId":"rfm.triggerui::TriggerSet__TriggerObjectPage","properties":{"text":"Continue"},"searchOpenDialogs":true,"interaction":{"idSuffix":"BDI-content"}},"wdio_ui5_key":"sapfe.templates.ObjectPage.ObjectPagesap.m.Button{\"text\":\"Continue\"}"}]}
COMMAND: GET /session/87060ecc61b90b9cbeaeabef4867bd7b/screenshot - {}
RESULT: {"script":"<script> [21 bytes]","args":[{"forceSelect":true,"selector":{"controlType":"sap.m.Button","viewName":"sap.fe.templates.ObjectPage.ObjectPage","viewId":"rfm.triggerui::TriggerSet__TriggerObjectPage","properties":{"text":"Continue"},"searchOpenDialogs":true,"interaction":{"idSuffix":"BDI-content"}},"wdio_ui5_key":"sapfe.templates.ObjectPage.ObjectPagesap.m.Button{\"text\":\"Continue\"}"}]}
RESULT: undefined
COMMAND: POST /session/87060ecc61b90b9cbeaeabef4867bd7b/element - {"using":"xpath","value":"//*[@id=\"__button304\"]"}
RESULT: {}
RESULT: {"using":"xpath","value":"//*[@id=\"__button304\"]"}
COMMAND: POST /session/87060ecc61b90b9cbeaeabef4867bd7b/element/f.01EC4218B1658738BDFE80954B26D4A5.d.BB22219130877FAF85E3653733F50CAB.e.1393/click - {}
RESULT: {}
COMMAND: POST /session/87060ecc61b90b9cbeaeabef4867bd7b/element - {"using":"css selector","value":"div.sapUiLocalBusyIndicator"}
COMMAND: GET /session/87060ecc61b90b9cbeaeabef4867bd7b/screenshot - {}
RESULT: {"using":"css selector","value":"div.sapUiLocalBusyIndicator"}
COMMAND: POST /session/87060ecc61b90b9cbeaeabef4867bd7b/execute/sync - {"script":"<script> [21 bytes]","args":[{"element-6066-11e4-a52e-4f735466cecf":"f.01EC4218B1658738BDFE80954B26D4A5.d.BB22219130877FAF85E3653733F50CAB.e.1388","ELEMENT":"f.01EC4218B1658738BDFE80954B26D4A5.d.BB22219130877FAF85E3653733F50CAB.e.1388"}]}
RESULT: {}
RESULT: {"script":"<script> [21 bytes]","args":[{"element-6066-11e4-a52e-4f735466cecf":"f.01EC4218B1658738BDFE80954B26D4A5.d.BB22219130877FAF85E3653733F50CAB.e.1388","ELEMENT":"f.01EC4218B1658738BDFE80954B26D4A5.d.BB22219130877FAF85E3653733F50CAB.e.1388"}]}
COMMAND: POST /session/87060ecc61b90b9cbeaeabef4867bd7b/execute/async - {"script":"<script> [21 bytes]","args":[{"selector":{"id":"rfm.triggerui::TriggerSetObjectPage--fe::FooterBar::StandardAction::Save","interaction":{"idSuffix":"BDI-content"}},"wdio_ui5_key":"rfmtriggerui::TriggerSetObjectPage--fe::FooterBar::StandardAction::Save"}]}
COMMAND: GET /session/87060ecc61b90b9cbeaeabef4867bd7b/screenshot - {}
RESULT: {"script":"<script> [21 bytes]","args":[{"selector":{"id":"rfm.triggerui::TriggerSetObjectPage--fe::FooterBar::StandardAction::Save","interaction":{"idSuffix":"BDI-content"}},"wdio_ui5_key":"rfmtriggerui::TriggerSetObjectPage--fe::FooterBar::StandardAction::Save"}]}
RESULT: undefined
COMMAND: POST /session/87060ecc61b90b9cbeaeabef4867bd7b/element - {"using":"xpath","value":"//*[@id=\"rfm.triggerui::TriggerSetObjectPage--fe::FooterBar::StandardAction::Save\"]"}
RESULT: {}
RESULT: {"using":"xpath","value":"//*[@id=\"rfm.triggerui::TriggerSetObjectPage--fe::FooterBar::StandardAction::Save\"]"}
COMMAND: POST /session/87060ecc61b90b9cbeaeabef4867bd7b/element/f.01EC4218B1658738BDFE80954B26D4A5.d.BB22219130877FAF85E3653733F50CAB.e.1209/click - {}
COMMAND: POST /session/87060ecc61b90b9cbeaeabef4867bd7b/element - {"using":"css selector","value":"div.sapUiLocalBusyIndicator"}
RESULT: {"using":"css selector","value":"div.sapUiLocalBusyIndicator"}
COMMAND: POST /session/87060ecc61b90b9cbeaeabef4867bd7b/execute/sync - {"script":"<script> [21 bytes]","args":[{"element-6066-11e4-a52e-4f735466cecf":"f.01EC4218B1658738BDFE80954B26D4A5.d.BB22219130877FAF85E3653733F50CAB.e.1388","ELEMENT":"f.01EC4218B1658738BDFE80954B26D4A5.d.BB22219130877FAF85E3653733F50CAB.e.1388"}]}
RESULT: {"script":"<script> [21 bytes]","args":[{"element-6066-11e4-a52e-4f735466cecf":"f.01EC4218B1658738BDFE80954B26D4A5.d.BB22219130877FAF85E3653733F50CAB.e.1388","ELEMENT":"f.01EC4218B1658738BDFE80954B26D4A5.d.BB22219130877FAF85E3653733F50CAB.e.1388"}]}
COMMAND: POST /session/87060ecc61b90b9cbeaeabef4867bd7b/execute/async - {"script":"<script> [21 bytes]","args":[{"selector":{"id":"rfm.triggerui::TriggerSetObjectPage--fe::table::_Trigger::LineItem-innerTable-rows-row0"},"wdio_ui5_key":"rfmtriggerui::TriggerSetObjectPage--fe::table::_Trigger::LineItem-innerTable-rows-row0"}]}
COMMAND: GET /session/87060ecc61b90b9cbeaeabef4867bd7b/screenshot - {}
RESULT: {"script":"<script> [21 bytes]","args":[{"selector":{"id":"rfm.triggerui::TriggerSetObjectPage--fe::table::_Trigger::LineItem-innerTable-rows-row0"},"wdio_ui5_key":"rfmtriggerui::TriggerSetObjectPage--fe::table::_Trigger::LineItem-innerTable-rows-row0"}]}
RESULT: undefined
COMMAND: POST /session/87060ecc61b90b9cbeaeabef4867bd7b/element - {"using":"xpath","value":"//*[@id=\"rfm.triggerui::TriggerSetObjectPage--fe::table::_Trigger::LineItem-innerTable-rows-row0\"]"}
RESULT: {}
RESULT: {"using":"xpath","value":"//*[@id=\"rfm.triggerui::TriggerSetObjectPage--fe::table::_Trigger::LineItem-innerTable-rows-row0\"]"}
COMMAND: POST /session/87060ecc61b90b9cbeaeabef4867bd7b/element/f.01EC4218B1658738BDFE80954B26D4A5.d.BB22219130877FAF85E3653733F50CAB.e.1405/click - {}
COMMAND: POST /session/87060ecc61b90b9cbeaeabef4867bd7b/element - {"using":"css selector","value":"div.sapUiLocalBusyIndicator"}
RESULT: {"using":"css selector","value":"div.sapUiLocalBusyIndicator"}
COMMAND: POST /session/87060ecc61b90b9cbeaeabef4867bd7b/execute/sync - {"script":"<script> [21 bytes]","args":[{"element-6066-11e4-a52e-4f735466cecf":"f.01EC4218B1658738BDFE80954B26D4A5.d.BB22219130877FAF85E3653733F50CAB.e.1388","ELEMENT":"f.01EC4218B1658738BDFE80954B26D4A5.d.BB22219130877FAF85E3653733F50CAB.e.1388"}]}
RESULT: {"script":"<script> [21 bytes]","args":[{"element-6066-11e4-a52e-4f735466cecf":"f.01EC4218B1658738BDFE80954B26D4A5.d.BB22219130877FAF85E3653733F50CAB.e.1388","ELEMENT":"f.01EC4218B1658738BDFE80954B26D4A5.d.BB22219130877FAF85E3653733F50CAB.e.1388"}]}
RESULT: undefined
COMMAND: POST /session/87060ecc61b90b9cbeaeabef4867bd7b/execute/async - {"script":"<script> [21 bytes]","args":[{"element-6066-11e4-a52e-4f735466cecf":"f.01EC4218B1658738BDFE80954B26D4A5.d.BB22219130877FAF85E3653733F50CAB.e.1405"},"getBindingContext",[]]}
COMMAND: GET /session/87060ecc61b90b9cbeaeabef4867bd7b/screenshot - {}
RESULT: {"script":"<script> [21 bytes]","args":[{"element-6066-11e4-a52e-4f735466cecf":"f.01EC4218B1658738BDFE80954B26D4A5.d.BB22219130877FAF85E3653733F50CAB.e.1405"},"getBindingContext",[]]}
COMMAND: POST /session/87060ecc61b90b9cbeaeabef4867bd7b/execute/async - {"script":"<script> [21 bytes]","args":["52ffa39e-66d7-45e0-8b9f-73f915db3b1f","getPath",[]]}
RESULT: {}
RESULT: {"script":"<script> [21 bytes]","args":["52ffa39e-66d7-45e0-8b9f-73f915db3b1f","getPath",[]]}
COMMAND: POST /session/87060ecc61b90b9cbeaeabef4867bd7b/element - {"using":"css selector","value":"div.sapUiLocalBusyIndicator"}
RESULT: {"using":"css selector","value":"div.sapUiLocalBusyIndicator"}
COMMAND: POST /session/87060ecc61b90b9cbeaeabef4867bd7b/execute/sync - {"script":"<script> [21 bytes]","args":[{"element-6066-11e4-a52e-4f735466cecf":"f.01EC4218B1658738BDFE80954B26D4A5.d.BB22219130877FAF85E3653733F50CAB.e.1388","ELEMENT":"f.01EC4218B1658738BDFE80954B26D4A5.d.BB22219130877FAF85E3653733F50CAB.e.1388"}]}
RESULT: {"script":"<script> [21 bytes]","args":[{"element-6066-11e4-a52e-4f735466cecf":"f.01EC4218B1658738BDFE80954B26D4A5.d.BB22219130877FAF85E3653733F50CAB.e.1388","ELEMENT":"f.01EC4218B1658738BDFE80954B26D4A5.d.BB22219130877FAF85E3653733F50CAB.e.1388"}]}
COMMAND: POST /session/87060ecc61b90b9cbeaeabef4867bd7b/execute/async - {"script":"<script> [21 bytes]","args":[{"selector":{"controlType":"sap.m.Text","viewName":"sap.fe.templates.ObjectPage.ObjectPage","viewId":"rfm.triggerui::TriggerSetObjectPage","bindingPath":{"path":"/TriggerSet(TransactionId='undefined',IsActiveEntity=true)/_Trigger(TriggerId='441',IsActiveEntity=true)","propertyPath":"TriggerCategoryText"}},"wdio_ui5_key":"sapfe.templates.ObjectPage.ObjectPagesap.m.Text{\"path\":\"/TriggerSet(TransactionId='undefined',IsActiveEntity=true)/_Trigger(TriggerId='441',IsActiveEntity=true)\",\"propertyPath\":\"TriggerCategoryText\"}"}]}
COMMAND: GET /session/87060ecc61b90b9cbeaeabef4867bd7b/screenshot - {}
RESULT: {"script":"<script> [21 bytes]","args":[{"selector":{"controlType":"sap.m.Text","viewName":"sap.fe.templates.ObjectPage.ObjectPage","viewId":"rfm.triggerui::TriggerSetObjectPage","bindingPath":{"path":"/TriggerSet(TransactionId='undefined',IsActiveEntity=true)/_Trigger(TriggerId='441',IsActiveEntity=true)","propertyPath":"TriggerCategoryText"}},"wdio_ui5_key":"sapfe.templates.ObjectPage.ObjectPagesap.m.Text{\"path\":\"/TriggerSet(TransactionId='undefined',IsActiveEntity=true)/_Trigger(TriggerId='441',IsActiveEntity=true)\",\"propertyPath\":\"TriggerCategoryText\"}"}]}
RESULT: undefined
COMMAND: POST /session/87060ecc61b90b9cbeaeabef4867bd7b/element - {"using":"css selector","value":"div.sapUiLocalBusyIndicator"}
RESULT: {}
RESULT: {"using":"css selector","value":"div.sapUiLocalBusyIndicator"}
COMMAND: POST /session/87060ecc61b90b9cbeaeabef4867bd7b/execute/sync - {"script":"<script> [21 bytes]","args":[{"element-6066-11e4-a52e-4f735466cecf":"f.01EC4218B1658738BDFE80954B26D4A5.d.BB22219130877FAF85E3653733F50CAB.e.1388","ELEMENT":"f.01EC4218B1658738BDFE80954B26D4A5.d.BB22219130877FAF85E3653733F50CAB.e.1388"}]}
RESULT: {"script":"<script> [21 bytes]","args":[{"element-6066-11e4-a52e-4f735466cecf":"f.01EC4218B1658738BDFE80954B26D4A5.d.BB22219130877FAF85E3653733F50CAB.e.1388","ELEMENT":"f.01EC4218B1658738BDFE80954B26D4A5.d.BB22219130877FAF85E3653733F50CAB.e.1388"}]}
COMMAND: GET /session/87060ecc61b90b9cbeaeabef4867bd7b/screenshot - {}
COMMAND: GET /session/87060ecc61b90b9cbeaeabef4867bd7b/screenshot - {}
COMMAND: GET /session/87060ecc61b90b9cbeaeabef4867bd7b/screenshot - {}
RESULT: {}
]]></system-out>
      <system-err><![CDATA[
Error: expect(received).toEqual(expected) // deep equality

Expected: "Simple"
Received: undefined
    at Context.<anonymous> (D:\a\1\s\test\specs\BusinessObjects\Trigger.spec.js:1214:18)
]]></system-err>
    </testcase>
    <testcase classname="chrome.139_0_7258_67.windows.Trigger" name="Should create trigger" time="34.126">
      <failure/>
      <error message="expect(received).toEqual(expected) // deep equality&#xA;&#xA;Expected: &quot;Simple&quot;&#xA;Received: undefined"/>
      <system-out><![CDATA[
RESULT: undefined
COMMAND: POST /session/87060ecc61b90b9cbeaeabef4867bd7b/element - {"using":"css selector","value":"div.sapUiLocalBusyIndicator"}
RESULT: {}
RESULT: {}
RESULT: {"using":"css selector","value":"div.sapUiLocalBusyIndicator"}
COMMAND: POST /session/87060ecc61b90b9cbeaeabef4867bd7b/execute/sync - {"script":"<script> [21 bytes]","args":[{"element-6066-11e4-a52e-4f735466cecf":"f.01EC4218B1658738BDFE80954B26D4A5.d.BB22219130877FAF85E3653733F50CAB.e.1388","ELEMENT":"f.01EC4218B1658738BDFE80954B26D4A5.d.BB22219130877FAF85E3653733F50CAB.e.1388"}]}
RESULT: {"script":"<script> [21 bytes]","args":[{"element-6066-11e4-a52e-4f735466cecf":"f.01EC4218B1658738BDFE80954B26D4A5.d.BB22219130877FAF85E3653733F50CAB.e.1388","ELEMENT":"f.01EC4218B1658738BDFE80954B26D4A5.d.BB22219130877FAF85E3653733F50CAB.e.1388"}]}
RESULT: undefined
COMMAND: POST /session/87060ecc61b90b9cbeaeabef4867bd7b/element - {"using":"xpath","value":"//*[@id=\"rfm.triggerui::TriggerSetObjectPage--fe::table::_Trigger::LineItem::StandardAction::Create\"]"}
COMMAND: GET /session/87060ecc61b90b9cbeaeabef4867bd7b/screenshot - {}
RESULT: {"using":"xpath","value":"//*[@id=\"rfm.triggerui::TriggerSetObjectPage--fe::table::_Trigger::LineItem::StandardAction::Create\"]"}
COMMAND: POST /session/87060ecc61b90b9cbeaeabef4867bd7b/element/f.01EC4218B1658738BDFE80954B26D4A5.d.BB22219130877FAF85E3653733F50CAB.e.1238/click - {}
RESULT: {}
COMMAND: POST /session/87060ecc61b90b9cbeaeabef4867bd7b/element - {"using":"css selector","value":"div.sapUiLocalBusyIndicator"}
RESULT: {"using":"css selector","value":"div.sapUiLocalBusyIndicator"}
COMMAND: POST /session/87060ecc61b90b9cbeaeabef4867bd7b/execute/sync - {"script":"<script> [21 bytes]","args":[{"element-6066-11e4-a52e-4f735466cecf":"f.01EC4218B1658738BDFE80954B26D4A5.d.BB22219130877FAF85E3653733F50CAB.e.1388","ELEMENT":"f.01EC4218B1658738BDFE80954B26D4A5.d.BB22219130877FAF85E3653733F50CAB.e.1388"}]}
RESULT: {"script":"<script> [21 bytes]","args":[{"element-6066-11e4-a52e-4f735466cecf":"f.01EC4218B1658738BDFE80954B26D4A5.d.BB22219130877FAF85E3653733F50CAB.e.1388","ELEMENT":"f.01EC4218B1658738BDFE80954B26D4A5.d.BB22219130877FAF85E3653733F50CAB.e.1388"}]}
RESULT: undefined
COMMAND: POST /session/87060ecc61b90b9cbeaeabef4867bd7b/execute/async - {"script":"<script> [20 bytes]","args":[{"enterText":"Simple","selector":{"id":"CreateDialog::TriggerType::TriggerCategory-inner","searchOpenDialogs":true,"interaction":{"idSuffix":"inner"}},"clearTextFirst":true,"interactionType":"ENTER_TEXT"}]}
COMMAND: GET /session/87060ecc61b90b9cbeaeabef4867bd7b/screenshot - {}
RESULT: {"script":"<script> [20 bytes]","args":[{"enterText":"Simple","selector":{"id":"CreateDialog::TriggerType::TriggerCategory-inner","searchOpenDialogs":true,"interaction":{"idSuffix":"inner"}},"clearTextFirst":true,"interactionType":"ENTER_TEXT"}]}
COMMAND: POST /session/87060ecc61b90b9cbeaeabef4867bd7b/element - {"using":"css selector","value":"div.sapUiLocalBusyIndicator"}
RESULT: {}
RESULT: {"using":"css selector","value":"div.sapUiLocalBusyIndicator"}
COMMAND: POST /session/87060ecc61b90b9cbeaeabef4867bd7b/execute/sync - {"script":"<script> [21 bytes]","args":[{"element-6066-11e4-a52e-4f735466cecf":"f.01EC4218B1658738BDFE80954B26D4A5.d.BB22219130877FAF85E3653733F50CAB.e.1388","ELEMENT":"f.01EC4218B1658738BDFE80954B26D4A5.d.BB22219130877FAF85E3653733F50CAB.e.1388"}]}
RESULT: {"script":"<script> [21 bytes]","args":[{"element-6066-11e4-a52e-4f735466cecf":"f.01EC4218B1658738BDFE80954B26D4A5.d.BB22219130877FAF85E3653733F50CAB.e.1388","ELEMENT":"f.01EC4218B1658738BDFE80954B26D4A5.d.BB22219130877FAF85E3653733F50CAB.e.1388"}]}
RESULT: undefined
COMMAND: POST /session/87060ecc61b90b9cbeaeabef4867bd7b/execute/async - {"script":"<script> [20 bytes]","args":[{"enterText":"1","selector":{"id":"CreateDialog::TriggerType::SequenceNumber-inner","searchOpenDialogs":true,"interaction":{"idSuffix":"inner"}},"clearTextFirst":true,"interactionType":"ENTER_TEXT"}]}
COMMAND: GET /session/87060ecc61b90b9cbeaeabef4867bd7b/screenshot - {}
RESULT: {"script":"<script> [20 bytes]","args":[{"enterText":"1","selector":{"id":"CreateDialog::TriggerType::SequenceNumber-inner","searchOpenDialogs":true,"interaction":{"idSuffix":"inner"}},"clearTextFirst":true,"interactionType":"ENTER_TEXT"}]}
COMMAND: POST /session/87060ecc61b90b9cbeaeabef4867bd7b/element - {"using":"css selector","value":"div.sapUiLocalBusyIndicator"}
RESULT: {}
RESULT: {"using":"css selector","value":"div.sapUiLocalBusyIndicator"}
COMMAND: POST /session/87060ecc61b90b9cbeaeabef4867bd7b/execute/sync - {"script":"<script> [21 bytes]","args":[{"element-6066-11e4-a52e-4f735466cecf":"f.01EC4218B1658738BDFE80954B26D4A5.d.BB22219130877FAF85E3653733F50CAB.e.1388","ELEMENT":"f.01EC4218B1658738BDFE80954B26D4A5.d.BB22219130877FAF85E3653733F50CAB.e.1388"}]}
RESULT: {"script":"<script> [21 bytes]","args":[{"element-6066-11e4-a52e-4f735466cecf":"f.01EC4218B1658738BDFE80954B26D4A5.d.BB22219130877FAF85E3653733F50CAB.e.1388","ELEMENT":"f.01EC4218B1658738BDFE80954B26D4A5.d.BB22219130877FAF85E3653733F50CAB.e.1388"}]}
COMMAND: POST /session/87060ecc61b90b9cbeaeabef4867bd7b/execute/async - {"script":"<script> [21 bytes]","args":[{"forceSelect":true,"selector":{"controlType":"sap.m.Button","viewName":"sap.fe.templates.ObjectPage.ObjectPage","viewId":"rfm.triggerui::TriggerSet__TriggerObjectPage","properties":{"text":"Continue"},"searchOpenDialogs":true,"interaction":{"idSuffix":"BDI-content"}},"wdio_ui5_key":"sapfe.templates.ObjectPage.ObjectPagesap.m.Button{\"text\":\"Continue\"}"}]}
COMMAND: GET /session/87060ecc61b90b9cbeaeabef4867bd7b/screenshot - {}
RESULT: {"script":"<script> [21 bytes]","args":[{"forceSelect":true,"selector":{"controlType":"sap.m.Button","viewName":"sap.fe.templates.ObjectPage.ObjectPage","viewId":"rfm.triggerui::TriggerSet__TriggerObjectPage","properties":{"text":"Continue"},"searchOpenDialogs":true,"interaction":{"idSuffix":"BDI-content"}},"wdio_ui5_key":"sapfe.templates.ObjectPage.ObjectPagesap.m.Button{\"text\":\"Continue\"}"}]}
RESULT: undefined
COMMAND: POST /session/87060ecc61b90b9cbeaeabef4867bd7b/element - {"using":"xpath","value":"//*[@id=\"__button304\"]"}
RESULT: {}
RESULT: {"using":"xpath","value":"//*[@id=\"__button304\"]"}
COMMAND: POST /session/87060ecc61b90b9cbeaeabef4867bd7b/element/f.01EC4218B1658738BDFE80954B26D4A5.d.BB22219130877FAF85E3653733F50CAB.e.1393/click - {}
COMMAND: POST /session/87060ecc61b90b9cbeaeabef4867bd7b/element - {"using":"css selector","value":"div.sapUiLocalBusyIndicator"}
RESULT: {"using":"css selector","value":"div.sapUiLocalBusyIndicator"}
COMMAND: POST /session/87060ecc61b90b9cbeaeabef4867bd7b/execute/sync - {"script":"<script> [21 bytes]","args":[{"element-6066-11e4-a52e-4f735466cecf":"f.01EC4218B1658738BDFE80954B26D4A5.d.BB22219130877FAF85E3653733F50CAB.e.1388","ELEMENT":"f.01EC4218B1658738BDFE80954B26D4A5.d.BB22219130877FAF85E3653733F50CAB.e.1388"}]}
RESULT: {"script":"<script> [21 bytes]","args":[{"element-6066-11e4-a52e-4f735466cecf":"f.01EC4218B1658738BDFE80954B26D4A5.d.BB22219130877FAF85E3653733F50CAB.e.1388","ELEMENT":"f.01EC4218B1658738BDFE80954B26D4A5.d.BB22219130877FAF85E3653733F50CAB.e.1388"}]}
RESULT: undefined
COMMAND: POST /session/87060ecc61b90b9cbeaeabef4867bd7b/element - {"using":"xpath","value":"//*[@id=\"rfm.triggerui::TriggerSetObjectPage--fe::FooterBar::StandardAction::Save\"]"}
COMMAND: GET /session/87060ecc61b90b9cbeaeabef4867bd7b/screenshot - {}
RESULT: {"using":"xpath","value":"//*[@id=\"rfm.triggerui::TriggerSetObjectPage--fe::FooterBar::StandardAction::Save\"]"}
COMMAND: POST /session/87060ecc61b90b9cbeaeabef4867bd7b/element/f.01EC4218B1658738BDFE80954B26D4A5.d.BB22219130877FAF85E3653733F50CAB.e.1209/click - {}
RESULT: {}
COMMAND: POST /session/87060ecc61b90b9cbeaeabef4867bd7b/element - {"using":"css selector","value":"div.sapUiLocalBusyIndicator"}
RESULT: {"using":"css selector","value":"div.sapUiLocalBusyIndicator"}
COMMAND: POST /session/87060ecc61b90b9cbeaeabef4867bd7b/execute/sync - {"script":"<script> [21 bytes]","args":[{"element-6066-11e4-a52e-4f735466cecf":"f.01EC4218B1658738BDFE80954B26D4A5.d.BB22219130877FAF85E3653733F50CAB.e.1388","ELEMENT":"f.01EC4218B1658738BDFE80954B26D4A5.d.BB22219130877FAF85E3653733F50CAB.e.1388"}]}
RESULT: {"script":"<script> [21 bytes]","args":[{"element-6066-11e4-a52e-4f735466cecf":"f.01EC4218B1658738BDFE80954B26D4A5.d.BB22219130877FAF85E3653733F50CAB.e.1388","ELEMENT":"f.01EC4218B1658738BDFE80954B26D4A5.d.BB22219130877FAF85E3653733F50CAB.e.1388"}]}
RESULT: undefined
COMMAND: POST /session/87060ecc61b90b9cbeaeabef4867bd7b/element - {"using":"xpath","value":"//*[@id=\"rfm.triggerui::TriggerSetObjectPage--fe::table::_Trigger::LineItem-innerTable-rows-row0\"]"}
COMMAND: GET /session/87060ecc61b90b9cbeaeabef4867bd7b/screenshot - {}
RESULT: {"using":"xpath","value":"//*[@id=\"rfm.triggerui::TriggerSetObjectPage--fe::table::_Trigger::LineItem-innerTable-rows-row0\"]"}
COMMAND: POST /session/87060ecc61b90b9cbeaeabef4867bd7b/element/f.01EC4218B1658738BDFE80954B26D4A5.d.BB22219130877FAF85E3653733F50CAB.e.1405/click - {}
RESULT: {}
COMMAND: POST /session/87060ecc61b90b9cbeaeabef4867bd7b/element - {"using":"css selector","value":"div.sapUiLocalBusyIndicator"}
RESULT: {"using":"css selector","value":"div.sapUiLocalBusyIndicator"}
COMMAND: POST /session/87060ecc61b90b9cbeaeabef4867bd7b/execute/sync - {"script":"<script> [21 bytes]","args":[{"element-6066-11e4-a52e-4f735466cecf":"f.01EC4218B1658738BDFE80954B26D4A5.d.BB22219130877FAF85E3653733F50CAB.e.1388","ELEMENT":"f.01EC4218B1658738BDFE80954B26D4A5.d.BB22219130877FAF85E3653733F50CAB.e.1388"}]}
RESULT: {"script":"<script> [21 bytes]","args":[{"element-6066-11e4-a52e-4f735466cecf":"f.01EC4218B1658738BDFE80954B26D4A5.d.BB22219130877FAF85E3653733F50CAB.e.1388","ELEMENT":"f.01EC4218B1658738BDFE80954B26D4A5.d.BB22219130877FAF85E3653733F50CAB.e.1388"}]}
RESULT: undefined
COMMAND: POST /session/87060ecc61b90b9cbeaeabef4867bd7b/execute/async - {"script":"<script> [21 bytes]","args":[{"element-6066-11e4-a52e-4f735466cecf":"f.01EC4218B1658738BDFE80954B26D4A5.d.BB22219130877FAF85E3653733F50CAB.e.1405"},"getBindingContext",[]]}
COMMAND: GET /session/87060ecc61b90b9cbeaeabef4867bd7b/screenshot - {}
RESULT: {"script":"<script> [21 bytes]","args":[{"element-6066-11e4-a52e-4f735466cecf":"f.01EC4218B1658738BDFE80954B26D4A5.d.BB22219130877FAF85E3653733F50CAB.e.1405"},"getBindingContext",[]]}
COMMAND: POST /session/87060ecc61b90b9cbeaeabef4867bd7b/execute/async - {"script":"<script> [21 bytes]","args":["65066066-66db-4c48-bb83-db2c8285c282","getPath",[]]}
RESULT: {}
RESULT: {"script":"<script> [21 bytes]","args":["65066066-66db-4c48-bb83-db2c8285c282","getPath",[]]}
COMMAND: POST /session/87060ecc61b90b9cbeaeabef4867bd7b/element - {"using":"css selector","value":"div.sapUiLocalBusyIndicator"}
RESULT: {"using":"css selector","value":"div.sapUiLocalBusyIndicator"}
COMMAND: POST /session/87060ecc61b90b9cbeaeabef4867bd7b/execute/sync - {"script":"<script> [21 bytes]","args":[{"element-6066-11e4-a52e-4f735466cecf":"f.01EC4218B1658738BDFE80954B26D4A5.d.BB22219130877FAF85E3653733F50CAB.e.1388","ELEMENT":"f.01EC4218B1658738BDFE80954B26D4A5.d.BB22219130877FAF85E3653733F50CAB.e.1388"}]}
RESULT: {"script":"<script> [21 bytes]","args":[{"element-6066-11e4-a52e-4f735466cecf":"f.01EC4218B1658738BDFE80954B26D4A5.d.BB22219130877FAF85E3653733F50CAB.e.1388","ELEMENT":"f.01EC4218B1658738BDFE80954B26D4A5.d.BB22219130877FAF85E3653733F50CAB.e.1388"}]}
RESULT: undefined
COMMAND: POST /session/87060ecc61b90b9cbeaeabef4867bd7b/element - {"using":"css selector","value":"div.sapUiLocalBusyIndicator"}
COMMAND: GET /session/87060ecc61b90b9cbeaeabef4867bd7b/screenshot - {}
RESULT: {"using":"css selector","value":"div.sapUiLocalBusyIndicator"}
COMMAND: POST /session/87060ecc61b90b9cbeaeabef4867bd7b/execute/sync - {"script":"<script> [21 bytes]","args":[{"element-6066-11e4-a52e-4f735466cecf":"f.01EC4218B1658738BDFE80954B26D4A5.d.BB22219130877FAF85E3653733F50CAB.e.1388","ELEMENT":"f.01EC4218B1658738BDFE80954B26D4A5.d.BB22219130877FAF85E3653733F50CAB.e.1388"}]}
RESULT: {}
RESULT: {"script":"<script> [21 bytes]","args":[{"element-6066-11e4-a52e-4f735466cecf":"f.01EC4218B1658738BDFE80954B26D4A5.d.BB22219130877FAF85E3653733F50CAB.e.1388","ELEMENT":"f.01EC4218B1658738BDFE80954B26D4A5.d.BB22219130877FAF85E3653733F50CAB.e.1388"}]}
COMMAND: GET /session/87060ecc61b90b9cbeaeabef4867bd7b/screenshot - {}
COMMAND: GET /session/87060ecc61b90b9cbeaeabef4867bd7b/screenshot - {}
COMMAND: GET /session/87060ecc61b90b9cbeaeabef4867bd7b/screenshot - {}
RESULT: {}
]]></system-out>
      <system-err><![CDATA[
Error: expect(received).toEqual(expected) // deep equality

Expected: "Simple"
Received: undefined
    at Context.<anonymous> (D:\a\1\s\test\specs\BusinessObjects\Trigger.spec.js:1214:18)
]]></system-err>
    </testcase>
    <testcase classname="chrome.139_0_7258_67.windows.Trigger" name="Should check Evaluate action" time="13.227">
      <system-out><![CDATA[
COMMAND: POST /session/87060ecc61b90b9cbeaeabef4867bd7b/execute/async - {"script":"<script> [21 bytes]","args":[{"selector":{"id":"rfm.triggerui::TriggerSetObjectPage--fe::DataFieldForAction::com.sap.gateway.srvd.rfm.ui_trigger.v0001.Evaluate::com.sap.gateway.srvd.rfm.ui_trigger.v0001.TriggerSetType","interaction":{"idSuffix":"BDI-content"}},"wdio_ui5_key":"rfmtriggerui::TriggerSetObjectPage--fe::DataFieldForAction::com.sap.gateway.srvd.rfm.ui_trigger.v0001.Evaluate::com.sap.gateway.srvd.rfm.ui_trigger.v0001.TriggerSetType"}]}
COMMAND: GET /session/87060ecc61b90b9cbeaeabef4867bd7b/screenshot - {}
RESULT: {}
RESULT: {}
RESULT: {"script":"<script> [21 bytes]","args":[{"selector":{"id":"rfm.triggerui::TriggerSetObjectPage--fe::DataFieldForAction::com.sap.gateway.srvd.rfm.ui_trigger.v0001.Evaluate::com.sap.gateway.srvd.rfm.ui_trigger.v0001.TriggerSetType","interaction":{"idSuffix":"BDI-content"}},"wdio_ui5_key":"rfmtriggerui::TriggerSetObjectPage--fe::DataFieldForAction::com.sap.gateway.srvd.rfm.ui_trigger.v0001.Evaluate::com.sap.gateway.srvd.rfm.ui_trigger.v0001.TriggerSetType"}]}
RESULT: undefined
COMMAND: POST /session/87060ecc61b90b9cbeaeabef4867bd7b/element - {"using":"xpath","value":"//*[@id=\"rfm.triggerui::TriggerSetObjectPage--fe::DataFieldForAction::com.sap.gateway.srvd.rfm.ui_trigger.v0001.Evaluate::com.sap.gateway.srvd.rfm.ui_trigger.v0001.TriggerSetType\"]"}
RESULT: {}
RESULT: {"using":"xpath","value":"//*[@id=\"rfm.triggerui::TriggerSetObjectPage--fe::DataFieldForAction::com.sap.gateway.srvd.rfm.ui_trigger.v0001.Evaluate::com.sap.gateway.srvd.rfm.ui_trigger.v0001.TriggerSetType\"]"}
COMMAND: POST /session/87060ecc61b90b9cbeaeabef4867bd7b/element/f.01EC4218B1658738BDFE80954B26D4A5.d.BB22219130877FAF85E3653733F50CAB.e.1253/click - {}
COMMAND: POST /session/87060ecc61b90b9cbeaeabef4867bd7b/element - {"using":"css selector","value":"div.sapUiLocalBusyIndicator"}
RESULT: {"using":"css selector","value":"div.sapUiLocalBusyIndicator"}
COMMAND: POST /session/87060ecc61b90b9cbeaeabef4867bd7b/execute/sync - {"script":"<script> [21 bytes]","args":[{"element-6066-11e4-a52e-4f735466cecf":"f.01EC4218B1658738BDFE80954B26D4A5.d.BB22219130877FAF85E3653733F50CAB.e.1388","ELEMENT":"f.01EC4218B1658738BDFE80954B26D4A5.d.BB22219130877FAF85E3653733F50CAB.e.1388"}]}
RESULT: {"script":"<script> [21 bytes]","args":[{"element-6066-11e4-a52e-4f735466cecf":"f.01EC4218B1658738BDFE80954B26D4A5.d.BB22219130877FAF85E3653733F50CAB.e.1388","ELEMENT":"f.01EC4218B1658738BDFE80954B26D4A5.d.BB22219130877FAF85E3653733F50CAB.e.1388"}]}
COMMAND: POST /session/87060ecc61b90b9cbeaeabef4867bd7b/execute/async - {"script":"<script> [21 bytes]","args":[{"selector":{"controlType":"sap.m.Text","properties":{"text":"Error"},"searchOpenDialogs":true},"wdio_ui5_key":"sapm.Text{\"text\":\"Error\"}"}]}
COMMAND: GET /session/87060ecc61b90b9cbeaeabef4867bd7b/screenshot - {}
RESULT: {"script":"<script> [21 bytes]","args":[{"selector":{"controlType":"sap.m.Text","properties":{"text":"Error"},"searchOpenDialogs":true},"wdio_ui5_key":"sapm.Text{\"text\":\"Error\"}"}]}
RESULT: undefined
COMMAND: POST /session/87060ecc61b90b9cbeaeabef4867bd7b/execute/async - {"script":"<script> [21 bytes]","args":[{"element-6066-11e4-a52e-4f735466cecf":"f.01EC4218B1658738BDFE80954B26D4A5.d.BB22219130877FAF85E3653733F50CAB.e.1407"},"getText",[]]}
RESULT: {}
RESULT: {"script":"<script> [21 bytes]","args":[{"element-6066-11e4-a52e-4f735466cecf":"f.01EC4218B1658738BDFE80954B26D4A5.d.BB22219130877FAF85E3653733F50CAB.e.1407"},"getText",[]]}
COMMAND: POST /session/87060ecc61b90b9cbeaeabef4867bd7b/element - {"using":"css selector","value":"div.sapUiLocalBusyIndicator"}
RESULT: {"using":"css selector","value":"div.sapUiLocalBusyIndicator"}
COMMAND: POST /session/87060ecc61b90b9cbeaeabef4867bd7b/execute/sync - {"script":"<script> [21 bytes]","args":[{"element-6066-11e4-a52e-4f735466cecf":"f.01EC4218B1658738BDFE80954B26D4A5.d.BB22219130877FAF85E3653733F50CAB.e.1388","ELEMENT":"f.01EC4218B1658738BDFE80954B26D4A5.d.BB22219130877FAF85E3653733F50CAB.e.1388"}]}
RESULT: {"script":"<script> [21 bytes]","args":[{"element-6066-11e4-a52e-4f735466cecf":"f.01EC4218B1658738BDFE80954B26D4A5.d.BB22219130877FAF85E3653733F50CAB.e.1388","ELEMENT":"f.01EC4218B1658738BDFE80954B26D4A5.d.BB22219130877FAF85E3653733F50CAB.e.1388"}]}
COMMAND: POST /session/87060ecc61b90b9cbeaeabef4867bd7b/execute/async - {"script":"<script> [21 bytes]","args":[{"forceSelect":true,"selector":{"controlType":"sap.m.Button","properties":{"text":"Close"},"searchOpenDialogs":true,"interaction":{"idSuffix":"content"}},"wdio_ui5_key":"sapm.Button{\"text\":\"Close\"}"}]}
COMMAND: GET /session/87060ecc61b90b9cbeaeabef4867bd7b/screenshot - {}
RESULT: {"script":"<script> [21 bytes]","args":[{"forceSelect":true,"selector":{"controlType":"sap.m.Button","properties":{"text":"Close"},"searchOpenDialogs":true,"interaction":{"idSuffix":"content"}},"wdio_ui5_key":"sapm.Button{\"text\":\"Close\"}"}]}
RESULT: undefined
COMMAND: POST /session/87060ecc61b90b9cbeaeabef4867bd7b/element - {"using":"xpath","value":"//*[@id=\"__button307\"]"}
RESULT: {}
RESULT: {"using":"xpath","value":"//*[@id=\"__button307\"]"}
COMMAND: POST /session/87060ecc61b90b9cbeaeabef4867bd7b/element/f.01EC4218B1658738BDFE80954B26D4A5.d.BB22219130877FAF85E3653733F50CAB.e.1399/click - {}
RESULT: {}
COMMAND: POST /session/87060ecc61b90b9cbeaeabef4867bd7b/element - {"using":"css selector","value":"div.sapUiLocalBusyIndicator"}
COMMAND: GET /session/87060ecc61b90b9cbeaeabef4867bd7b/screenshot - {}
RESULT: {"using":"css selector","value":"div.sapUiLocalBusyIndicator"}
COMMAND: POST /session/87060ecc61b90b9cbeaeabef4867bd7b/execute/sync - {"script":"<script> [21 bytes]","args":[{"element-6066-11e4-a52e-4f735466cecf":"f.01EC4218B1658738BDFE80954B26D4A5.d.BB22219130877FAF85E3653733F50CAB.e.1388","ELEMENT":"f.01EC4218B1658738BDFE80954B26D4A5.d.BB22219130877FAF85E3653733F50CAB.e.1388"}]}
RESULT: {}
RESULT: {"script":"<script> [21 bytes]","args":[{"element-6066-11e4-a52e-4f735466cecf":"f.01EC4218B1658738BDFE80954B26D4A5.d.BB22219130877FAF85E3653733F50CAB.e.1388","ELEMENT":"f.01EC4218B1658738BDFE80954B26D4A5.d.BB22219130877FAF85E3653733F50CAB.e.1388"}]}
COMMAND: GET /session/87060ecc61b90b9cbeaeabef4867bd7b/screenshot - {}
]]></system-out>
    </testcase>
    <testcase classname="chrome.139_0_7258_67.windows.Trigger" name="Should check deletion of a trigger" time="6.671">
      <skipped/>
      <system-out><![CDATA[
RESULT: undefined
COMMAND: POST /session/87060ecc61b90b9cbeaeabef4867bd7b/element - {"using":"css selector","value":"div.sapUiLocalBusyIndicator"}
COMMAND: GET /session/87060ecc61b90b9cbeaeabef4867bd7b/screenshot - {}
RESULT: {"using":"css selector","value":"div.sapUiLocalBusyIndicator"}
COMMAND: POST /session/87060ecc61b90b9cbeaeabef4867bd7b/execute/sync - {"script":"<script> [21 bytes]","args":[{"element-6066-11e4-a52e-4f735466cecf":"f.01EC4218B1658738BDFE80954B26D4A5.d.BB22219130877FAF85E3653733F50CAB.e.1388","ELEMENT":"f.01EC4218B1658738BDFE80954B26D4A5.d.BB22219130877FAF85E3653733F50CAB.e.1388"}]}
RESULT: {}
RESULT: {}
RESULT: {"script":"<script> [21 bytes]","args":[{"element-6066-11e4-a52e-4f735466cecf":"f.01EC4218B1658738BDFE80954B26D4A5.d.BB22219130877FAF85E3653733F50CAB.e.1388","ELEMENT":"f.01EC4218B1658738BDFE80954B26D4A5.d.BB22219130877FAF85E3653733F50CAB.e.1388"}]}
COMMAND: POST /session/87060ecc61b90b9cbeaeabef4867bd7b/element - {"using":"css selector","value":"div[id='rfm.triggerui::TriggerSetObjectPage--fe::table::_Trigger::LineItem-innerTable-rowsel0']"}
COMMAND: GET /session/87060ecc61b90b9cbeaeabef4867bd7b/screenshot - {}
RESULT: {"using":"css selector","value":"div[id='rfm.triggerui::TriggerSetObjectPage--fe::table::_Trigger::LineItem-innerTable-rowsel0']"}
COMMAND: POST /session/87060ecc61b90b9cbeaeabef4867bd7b/element/f.01EC4218B1658738BDFE80954B26D4A5.d.BB22219130877FAF85E3653733F50CAB.e.1410/click - {}
RESULT: {}
COMMAND: GET /session/87060ecc61b90b9cbeaeabef4867bd7b/screenshot - {}
COMMAND: GET /session/87060ecc61b90b9cbeaeabef4867bd7b/screenshot - {}
RESULT: {}
]]></system-out>
      <system-err><![CDATA[
element click intercepted: element click intercepted: Element <div id="rfm.triggerui::TriggerSetObjectPage--fe::table::_Trigger::LineItem-innerTable-rowsel0" tabindex="-1" role="gridcell" aria-colindex="1" class="sapUiTableCell sapUiTableContentCell sapUiTableRowSelectionCell" style="height: 33px;" aria-selected="false">...</div> is not clickable at point (494, 467). Other element would receive the click: <div id="sap-ui-blocklayer-popup" tabindex="0" class="sapUiBLy" style="z-index: 139; visibility: visible; display: block;"></div>
  (Session info: chrome=139.0.7258.67)
    at async Context.<anonymous> (D:\a\1\s\test\specs\BusinessObjects\Trigger.spec.js:1275:5)
]]></system-err>
    </testcase>
    <testcase classname="chrome.139_0_7258_67.windows.Trigger" name="Should check deletion of a trigger" time="7.005">
      <failure/>
      <error message="element click intercepted: Element &lt;div id=&quot;rfm.triggerui::TriggerSetObjectPage--fe::table::_Trigger::LineItem-innerTable-rowsel0&quot; tabindex=&quot;-1&quot; role=&quot;gridcell&quot; aria-colindex=&quot;1&quot; class=&quot;sapUiTableCell sapUiTableContentCell sapUiTableRowSelectionCell&quot; style=&quot;height: 33px;&quot; aria-selected=&quot;false&quot;>...&lt;/div> is not clickable at point (494, 467). Other element would receive the click: &lt;div id=&quot;sap-ui-blocklayer-popup&quot; tabindex=&quot;0&quot; class=&quot;sapUiBLy&quot; style=&quot;z-index: 139; visibility: visible; display: block;&quot;>&lt;/div>&#xA;  (Session info: chrome=139.0.7258.67)"/>
      <system-out><![CDATA[
RESULT: undefined
COMMAND: POST /session/87060ecc61b90b9cbeaeabef4867bd7b/element - {"using":"css selector","value":"div.sapUiLocalBusyIndicator"}
RESULT: {}
RESULT: {"using":"css selector","value":"div.sapUiLocalBusyIndicator"}
COMMAND: POST /session/87060ecc61b90b9cbeaeabef4867bd7b/execute/sync - {"script":"<script> [21 bytes]","args":[{"element-6066-11e4-a52e-4f735466cecf":"f.01EC4218B1658738BDFE80954B26D4A5.d.BB22219130877FAF85E3653733F50CAB.e.1388","ELEMENT":"f.01EC4218B1658738BDFE80954B26D4A5.d.BB22219130877FAF85E3653733F50CAB.e.1388"}]}
RESULT: {"script":"<script> [21 bytes]","args":[{"element-6066-11e4-a52e-4f735466cecf":"f.01EC4218B1658738BDFE80954B26D4A5.d.BB22219130877FAF85E3653733F50CAB.e.1388","ELEMENT":"f.01EC4218B1658738BDFE80954B26D4A5.d.BB22219130877FAF85E3653733F50CAB.e.1388"}]}
COMMAND: POST /session/87060ecc61b90b9cbeaeabef4867bd7b/element - {"using":"css selector","value":"div[id='rfm.triggerui::TriggerSetObjectPage--fe::table::_Trigger::LineItem-innerTable-rowsel0']"}
COMMAND: GET /session/87060ecc61b90b9cbeaeabef4867bd7b/screenshot - {}
RESULT: {"using":"css selector","value":"div[id='rfm.triggerui::TriggerSetObjectPage--fe::table::_Trigger::LineItem-innerTable-rowsel0']"}
COMMAND: POST /session/87060ecc61b90b9cbeaeabef4867bd7b/element/f.01EC4218B1658738BDFE80954B26D4A5.d.BB22219130877FAF85E3653733F50CAB.e.1410/click - {}
RESULT: {}
COMMAND: GET /session/87060ecc61b90b9cbeaeabef4867bd7b/screenshot - {}
COMMAND: GET /session/87060ecc61b90b9cbeaeabef4867bd7b/screenshot - {}
RESULT: {}
]]></system-out>
      <system-err><![CDATA[
element click intercepted: element click intercepted: Element <div id="rfm.triggerui::TriggerSetObjectPage--fe::table::_Trigger::LineItem-innerTable-rowsel0" tabindex="-1" role="gridcell" aria-colindex="1" class="sapUiTableCell sapUiTableContentCell sapUiTableRowSelectionCell" style="height: 33px;" aria-selected="false">...</div> is not clickable at point (494, 467). Other element would receive the click: <div id="sap-ui-blocklayer-popup" tabindex="0" class="sapUiBLy" style="z-index: 139; visibility: visible; display: block;"></div>
  (Session info: chrome=139.0.7258.67)
    at async Context.<anonymous> (D:\a\1\s\test\specs\BusinessObjects\Trigger.spec.js:1275:5)
]]></system-err>
    </testcase>
    <testcase classname="chrome.139_0_7258_67.windows.Trigger" name="Should check navigation to Transaction" time="14.907">
      <system-out><![CDATA[
COMMAND: POST /session/87060ecc61b90b9cbeaeabef4867bd7b/execute/async - {"script":"<script> [21 bytes]","args":[{"selector":{"id":"rfm.triggerui::TriggerSetObjectPage--fe::HeaderFacet::Form::headerFieldsGP1::DataFieldWithIntentBasedNavigation::TransactionId::FundingTransaction::Manage::Field-content"},"wdio_ui5_key":"rfmtriggerui::TriggerSetObjectPage--fe::HeaderFacet::Form::headerFieldsGP1::DataFieldWithIntentBasedNavigation::TransactionId::FundingTransaction::Manage::Field-content"}]}
COMMAND: GET /session/87060ecc61b90b9cbeaeabef4867bd7b/screenshot - {}
RESULT: {}
RESULT: {"script":"<script> [21 bytes]","args":[{"selector":{"id":"rfm.triggerui::TriggerSetObjectPage--fe::HeaderFacet::Form::headerFieldsGP1::DataFieldWithIntentBasedNavigation::TransactionId::FundingTransaction::Manage::Field-content"},"wdio_ui5_key":"rfmtriggerui::TriggerSetObjectPage--fe::HeaderFacet::Form::headerFieldsGP1::DataFieldWithIntentBasedNavigation::TransactionId::FundingTransaction::Manage::Field-content"}]}
RESULT: undefined
COMMAND: POST /session/87060ecc61b90b9cbeaeabef4867bd7b/element - {"using":"xpath","value":"//*[@id=\"rfm.triggerui::TriggerSetObjectPage--fe::HeaderFacet::Form::headerFieldsGP1::DataFieldWithIntentBasedNavigation::TransactionId::FundingTransaction::Manage::Field-content\"]"}
RESULT: {}
RESULT: {"using":"xpath","value":"//*[@id=\"rfm.triggerui::TriggerSetObjectPage--fe::HeaderFacet::Form::headerFieldsGP1::DataFieldWithIntentBasedNavigation::TransactionId::FundingTransaction::Manage::Field-content\"]"}
COMMAND: POST /session/87060ecc61b90b9cbeaeabef4867bd7b/element/f.01EC4218B1658738BDFE80954B26D4A5.d.BB22219130877FAF85E3653733F50CAB.e.1219/click - {}
COMMAND: POST /session/87060ecc61b90b9cbeaeabef4867bd7b/element - {"using":"css selector","value":"div.sapUiLocalBusyIndicator"}
RESULT: {"using":"css selector","value":"div.sapUiLocalBusyIndicator"}
COMMAND: POST /session/87060ecc61b90b9cbeaeabef4867bd7b/execute/sync - {"script":"<script> [21 bytes]","args":[{"element-6066-11e4-a52e-4f735466cecf":"f.01EC4218B1658738BDFE80954B26D4A5.d.BB22219130877FAF85E3653733F50CAB.e.1388","ELEMENT":"f.01EC4218B1658738BDFE80954B26D4A5.d.BB22219130877FAF85E3653733F50CAB.e.1388"}]}
RESULT: {"script":"<script> [21 bytes]","args":[{"element-6066-11e4-a52e-4f735466cecf":"f.01EC4218B1658738BDFE80954B26D4A5.d.BB22219130877FAF85E3653733F50CAB.e.1388","ELEMENT":"f.01EC4218B1658738BDFE80954B26D4A5.d.BB22219130877FAF85E3653733F50CAB.e.1388"}]}
COMMAND: POST /session/87060ecc61b90b9cbeaeabef4867bd7b/execute/async - {"script":"<script> [21 bytes]","args":[{"selector":{"id":"rfm.transactionui::xRFMxCU_TransactionObjectPage--fe::HeaderFacet::Form::headerFieldsGP1::DataField::TransactionId::Field-content"},"wdio_ui5_key":"rfmtransactionui::xRFMxCU_TransactionObjectPage--fe::HeaderFacet::Form::headerFieldsGP1::DataField::TransactionId::Field-content"}]}
COMMAND: GET /session/87060ecc61b90b9cbeaeabef4867bd7b/screenshot - {}
RESULT: {"script":"<script> [21 bytes]","args":[{"selector":{"id":"rfm.transactionui::xRFMxCU_TransactionObjectPage--fe::HeaderFacet::Form::headerFieldsGP1::DataField::TransactionId::Field-content"},"wdio_ui5_key":"rfmtransactionui::xRFMxCU_TransactionObjectPage--fe::HeaderFacet::Form::headerFieldsGP1::DataField::TransactionId::Field-content"}]}
RESULT: undefined
COMMAND: POST /session/87060ecc61b90b9cbeaeabef4867bd7b/element - {"using":"css selector","value":"div.sapUiLocalBusyIndicator"}
RESULT: {}
RESULT: {"using":"css selector","value":"div.sapUiLocalBusyIndicator"}
COMMAND: POST /session/87060ecc61b90b9cbeaeabef4867bd7b/execute/sync - {"script":"<script> [21 bytes]","args":[{"element-6066-11e4-a52e-4f735466cecf":"f.01EC4218B1658738BDFE80954B26D4A5.d.BB22219130877FAF85E3653733F50CAB.e.1388","ELEMENT":"f.01EC4218B1658738BDFE80954B26D4A5.d.BB22219130877FAF85E3653733F50CAB.e.1388"}]}
RESULT: {"script":"<script> [21 bytes]","args":[{"element-6066-11e4-a52e-4f735466cecf":"f.01EC4218B1658738BDFE80954B26D4A5.d.BB22219130877FAF85E3653733F50CAB.e.1388","ELEMENT":"f.01EC4218B1658738BDFE80954B26D4A5.d.BB22219130877FAF85E3653733F50CAB.e.1388"}]}
RESULT: undefined
COMMAND: POST /session/87060ecc61b90b9cbeaeabef4867bd7b/element - {"using":"xpath","value":"//*[@id=\"backBtn\"]"}
COMMAND: GET /session/87060ecc61b90b9cbeaeabef4867bd7b/screenshot - {}
RESULT: {"using":"xpath","value":"//*[@id=\"backBtn\"]"}
COMMAND: POST /session/87060ecc61b90b9cbeaeabef4867bd7b/element/f.01EC4218B1658738BDFE80954B26D4A5.d.BB22219130877FAF85E3653733F50CAB.e.1411/click - {}
RESULT: {}
COMMAND: POST /session/87060ecc61b90b9cbeaeabef4867bd7b/element - {"using":"css selector","value":"div.sapUiLocalBusyIndicator"}
RESULT: {"using":"css selector","value":"div.sapUiLocalBusyIndicator"}
COMMAND: POST /session/87060ecc61b90b9cbeaeabef4867bd7b/execute/sync - {"script":"<script> [21 bytes]","args":[{"element-6066-11e4-a52e-4f735466cecf":"f.01EC4218B1658738BDFE80954B26D4A5.d.BB22219130877FAF85E3653733F50CAB.e.1388","ELEMENT":"f.01EC4218B1658738BDFE80954B26D4A5.d.BB22219130877FAF85E3653733F50CAB.e.1388"}]}
RESULT: {"script":"<script> [21 bytes]","args":[{"element-6066-11e4-a52e-4f735466cecf":"f.01EC4218B1658738BDFE80954B26D4A5.d.BB22219130877FAF85E3653733F50CAB.e.1388","ELEMENT":"f.01EC4218B1658738BDFE80954B26D4A5.d.BB22219130877FAF85E3653733F50CAB.e.1388"}]}
COMMAND: GET /session/87060ecc61b90b9cbeaeabef4867bd7b/screenshot - {}
]]></system-out>
    </testcase>
    <testcase classname="chrome.139_0_7258_67.windows.Trigger" name="Should check navigation to Program" time="9.629">
      <skipped/>
      <system-out><![CDATA[
COMMAND: POST /session/87060ecc61b90b9cbeaeabef4867bd7b/execute/async - {"script":"<script> [21 bytes]","args":[{"selector":{"id":"rfm.triggerui::TriggerSetObjectPage--fe::HeaderFacet::Form::headerFieldsGP1::DataFieldWithIntentBasedNavigation::ProgramId::FundingProgram::Manage::Field-content"},"wdio_ui5_key":"rfmtriggerui::TriggerSetObjectPage--fe::HeaderFacet::Form::headerFieldsGP1::DataFieldWithIntentBasedNavigation::ProgramId::FundingProgram::Manage::Field-content"}]}
COMMAND: GET /session/87060ecc61b90b9cbeaeabef4867bd7b/screenshot - {}
RESULT: {"script":"<script> [21 bytes]","args":[{"selector":{"id":"rfm.triggerui::TriggerSetObjectPage--fe::HeaderFacet::Form::headerFieldsGP1::DataFieldWithIntentBasedNavigation::ProgramId::FundingProgram::Manage::Field-content"},"wdio_ui5_key":"rfmtriggerui::TriggerSetObjectPage--fe::HeaderFacet::Form::headerFieldsGP1::DataFieldWithIntentBasedNavigation::ProgramId::FundingProgram::Manage::Field-content"}]}
RESULT: undefined
COMMAND: POST /session/87060ecc61b90b9cbeaeabef4867bd7b/element - {"using":"xpath","value":"//*[@id=\"rfm.triggerui::TriggerSetObjectPage--fe::HeaderFacet::Form::headerFieldsGP1::DataFieldWithIntentBasedNavigation::ProgramId::FundingProgram::Manage::Field-content\"]"}
RESULT: {}
RESULT: {}
RESULT: {"using":"xpath","value":"//*[@id=\"rfm.triggerui::TriggerSetObjectPage--fe::HeaderFacet::Form::headerFieldsGP1::DataFieldWithIntentBasedNavigation::ProgramId::FundingProgram::Manage::Field-content\"]"}
COMMAND: POST /session/87060ecc61b90b9cbeaeabef4867bd7b/element/f.01EC4218B1658738BDFE80954B26D4A5.d.BB22219130877FAF85E3653733F50CAB.e.1222/click - {}
COMMAND: POST /session/87060ecc61b90b9cbeaeabef4867bd7b/element - {"using":"css selector","value":"div.sapUiLocalBusyIndicator"}
RESULT: {"using":"css selector","value":"div.sapUiLocalBusyIndicator"}
COMMAND: POST /session/87060ecc61b90b9cbeaeabef4867bd7b/execute/sync - {"script":"<script> [21 bytes]","args":[{"element-6066-11e4-a52e-4f735466cecf":"f.01EC4218B1658738BDFE80954B26D4A5.d.BB22219130877FAF85E3653733F50CAB.e.1388","ELEMENT":"f.01EC4218B1658738BDFE80954B26D4A5.d.BB22219130877FAF85E3653733F50CAB.e.1388"}]}
RESULT: {"script":"<script> [21 bytes]","args":[{"element-6066-11e4-a52e-4f735466cecf":"f.01EC4218B1658738BDFE80954B26D4A5.d.BB22219130877FAF85E3653733F50CAB.e.1388","ELEMENT":"f.01EC4218B1658738BDFE80954B26D4A5.d.BB22219130877FAF85E3653733F50CAB.e.1388"}]}
RESULT: undefined
COMMAND: POST /session/87060ecc61b90b9cbeaeabef4867bd7b/execute/async - {"script":"<script> [21 bytes]","args":[{"element-6066-11e4-a52e-4f735466cecf":"f.01EC4218B1658738BDFE80954B26D4A5.d.BB22219130877FAF85E3653733F50CAB.e.585"},"getText",[]]}
COMMAND: GET /session/87060ecc61b90b9cbeaeabef4867bd7b/screenshot - {}
COMMAND: POST /session/87060ecc61b90b9cbeaeabef4867bd7b/execute/async - {"script":"<script> [21 bytes]","args":[{"selector":{"id":"rfm.programui::xRFMxCU_ProgramObjectPage--fe::HeaderFacet::Form::headerFieldsGP1::DataField::ProgramId::Field-content"},"wdio_ui5_key":"rfmprogramui::xRFMxCU_ProgramObjectPage--fe::HeaderFacet::Form::headerFieldsGP1::DataField::ProgramId::Field-content"}]}
RESULT: {}
RESULT: {"script":"<script> [21 bytes]","args":[{"selector":{"id":"rfm.programui::xRFMxCU_ProgramObjectPage--fe::HeaderFacet::Form::headerFieldsGP1::DataField::ProgramId::Field-content"},"wdio_ui5_key":"rfmprogramui::xRFMxCU_ProgramObjectPage--fe::HeaderFacet::Form::headerFieldsGP1::DataField::ProgramId::Field-content"}]}
COMMAND: POST /session/87060ecc61b90b9cbeaeabef4867bd7b/element - {"using":"css selector","value":"div.sapUiLocalBusyIndicator"}
RESULT: {"using":"css selector","value":"div.sapUiLocalBusyIndicator"}
COMMAND: POST /session/87060ecc61b90b9cbeaeabef4867bd7b/execute/sync - {"script":"<script> [21 bytes]","args":[{"element-6066-11e4-a52e-4f735466cecf":"f.01EC4218B1658738BDFE80954B26D4A5.d.BB22219130877FAF85E3653733F50CAB.e.1388","ELEMENT":"f.01EC4218B1658738BDFE80954B26D4A5.d.BB22219130877FAF85E3653733F50CAB.e.1388"}]}
RESULT: {"script":"<script> [21 bytes]","args":[{"element-6066-11e4-a52e-4f735466cecf":"f.01EC4218B1658738BDFE80954B26D4A5.d.BB22219130877FAF85E3653733F50CAB.e.1388","ELEMENT":"f.01EC4218B1658738BDFE80954B26D4A5.d.BB22219130877FAF85E3653733F50CAB.e.1388"}]}
COMMAND: GET /session/87060ecc61b90b9cbeaeabef4867bd7b/screenshot - {}
COMMAND: GET /session/87060ecc61b90b9cbeaeabef4867bd7b/screenshot - {}
COMMAND: GET /session/87060ecc61b90b9cbeaeabef4867bd7b/screenshot - {}
RESULT: {}
]]></system-out>
      <system-err><![CDATA[
Error: expect(received).toEqual(expected) // deep equality

Expected: "1853"
Received: null
    at Context.<anonymous> (D:\a\1\s\test\specs\BusinessObjects\Trigger.spec.js:1367:43)
]]></system-err>
    </testcase>
    <testcase classname="chrome.139_0_7258_67.windows.Trigger" name="Should check navigation to Program" time="7.187">
      <failure/>
      <error message="expect(received).toEqual(expected) // deep equality&#xA;&#xA;Expected: &quot;1853&quot;&#xA;Received: null"/>
      <system-out><![CDATA[
RESULT: undefined
COMMAND: POST /session/87060ecc61b90b9cbeaeabef4867bd7b/element - {"using":"xpath","value":"//*[@id=\"rfm.triggerui::TriggerSetObjectPage--fe::HeaderFacet::Form::headerFieldsGP1::DataFieldWithIntentBasedNavigation::ProgramId::FundingProgram::Manage::Field-content\"]"}
RESULT: {}
RESULT: {}
RESULT: {"using":"xpath","value":"//*[@id=\"rfm.triggerui::TriggerSetObjectPage--fe::HeaderFacet::Form::headerFieldsGP1::DataFieldWithIntentBasedNavigation::ProgramId::FundingProgram::Manage::Field-content\"]"}
COMMAND: POST /session/87060ecc61b90b9cbeaeabef4867bd7b/element/f.01EC4218B1658738BDFE80954B26D4A5.d.BB22219130877FAF85E3653733F50CAB.e.1222/click - {}
COMMAND: POST /session/87060ecc61b90b9cbeaeabef4867bd7b/element - {"using":"css selector","value":"div.sapUiLocalBusyIndicator"}
RESULT: {"using":"css selector","value":"div.sapUiLocalBusyIndicator"}
COMMAND: POST /session/87060ecc61b90b9cbeaeabef4867bd7b/execute/sync - {"script":"<script> [21 bytes]","args":[{"element-6066-11e4-a52e-4f735466cecf":"f.01EC4218B1658738BDFE80954B26D4A5.d.BB22219130877FAF85E3653733F50CAB.e.1388","ELEMENT":"f.01EC4218B1658738BDFE80954B26D4A5.d.BB22219130877FAF85E3653733F50CAB.e.1388"}]}
RESULT: {"script":"<script> [21 bytes]","args":[{"element-6066-11e4-a52e-4f735466cecf":"f.01EC4218B1658738BDFE80954B26D4A5.d.BB22219130877FAF85E3653733F50CAB.e.1388","ELEMENT":"f.01EC4218B1658738BDFE80954B26D4A5.d.BB22219130877FAF85E3653733F50CAB.e.1388"}]}
RESULT: undefined
COMMAND: POST /session/87060ecc61b90b9cbeaeabef4867bd7b/execute/async - {"script":"<script> [21 bytes]","args":[{"element-6066-11e4-a52e-4f735466cecf":"f.01EC4218B1658738BDFE80954B26D4A5.d.BB22219130877FAF85E3653733F50CAB.e.585"},"getText",[]]}
COMMAND: GET /session/87060ecc61b90b9cbeaeabef4867bd7b/screenshot - {}
COMMAND: POST /session/87060ecc61b90b9cbeaeabef4867bd7b/execute/async - {"script":"<script> [21 bytes]","args":[{"selector":{"id":"rfm.programui::xRFMxCU_ProgramObjectPage--fe::HeaderFacet::Form::headerFieldsGP1::DataField::ProgramId::Field-content"},"wdio_ui5_key":"rfmprogramui::xRFMxCU_ProgramObjectPage--fe::HeaderFacet::Form::headerFieldsGP1::DataField::ProgramId::Field-content"}]}
RESULT: {}
RESULT: {"script":"<script> [21 bytes]","args":[{"selector":{"id":"rfm.programui::xRFMxCU_ProgramObjectPage--fe::HeaderFacet::Form::headerFieldsGP1::DataField::ProgramId::Field-content"},"wdio_ui5_key":"rfmprogramui::xRFMxCU_ProgramObjectPage--fe::HeaderFacet::Form::headerFieldsGP1::DataField::ProgramId::Field-content"}]}
COMMAND: POST /session/87060ecc61b90b9cbeaeabef4867bd7b/element - {"using":"css selector","value":"div.sapUiLocalBusyIndicator"}
RESULT: {"using":"css selector","value":"div.sapUiLocalBusyIndicator"}
COMMAND: POST /session/87060ecc61b90b9cbeaeabef4867bd7b/execute/sync - {"script":"<script> [21 bytes]","args":[{"element-6066-11e4-a52e-4f735466cecf":"f.01EC4218B1658738BDFE80954B26D4A5.d.BB22219130877FAF85E3653733F50CAB.e.1388","ELEMENT":"f.01EC4218B1658738BDFE80954B26D4A5.d.BB22219130877FAF85E3653733F50CAB.e.1388"}]}
RESULT: {"script":"<script> [21 bytes]","args":[{"element-6066-11e4-a52e-4f735466cecf":"f.01EC4218B1658738BDFE80954B26D4A5.d.BB22219130877FAF85E3653733F50CAB.e.1388","ELEMENT":"f.01EC4218B1658738BDFE80954B26D4A5.d.BB22219130877FAF85E3653733F50CAB.e.1388"}]}
COMMAND: GET /session/87060ecc61b90b9cbeaeabef4867bd7b/screenshot - {}
COMMAND: GET /session/87060ecc61b90b9cbeaeabef4867bd7b/screenshot - {}
COMMAND: GET /session/87060ecc61b90b9cbeaeabef4867bd7b/screenshot - {}
RESULT: {}
COMMAND: DELETE /session/87060ecc61b90b9cbeaeabef4867bd7b - {}
COMMAND: GET /session/87060ecc61b90b9cbeaeabef4867bd7b/screenshot - {}
COMMAND: GET /session/87060ecc61b90b9cbeaeabef4867bd7b/screenshot - {}
RESULT: {}
RESULT: {}
RESULT: {}
]]></system-out>
      <system-err><![CDATA[
Error: expect(received).toEqual(expected) // deep equality

Expected: "1853"
Received: null
    at Context.<anonymous> (D:\a\1\s\test\specs\BusinessObjects\Trigger.spec.js:1367:43)
]]></system-err>
    </testcase>
  </testsuite>
</testsuites>