<?xml version="1.0" encoding="UTF-8"?>
<testsuites tests="3" failures="0" errors="0" skipped="0">
  <testsuite timestamp="2025-08-09T22:03:32" time="130.003" tests="3" failures="0" errors="0" skipped="0">
    <properties>
      <property name="specId" value="0"/>
      <property name="suiteName" value="Sanity Tests"/>
      <property name="capabilities" value="chrome.138_0_7204_184.windows"/>
      <property name="file" value="file:///D:/a/1/s/test/specs/General/sanity.spec.js"/>
    </properties>
    <testcase classname="chrome.138_0_7204_184.windows.Sanity_Tests" name="Should open Funding Asset page" time="26.455">
      <system-out><![CDATA[
COMMAND: POST /session/f226eccfdde0e8fed48a9b9a3c707a21/execute/async - {"script":"<script> [21 bytes]","args":[{"selector":{"controlType":"sap.m.GenericTile","properties":{"header":"Funding Asset"}},"wdio_ui5_key":"sapm.GenericTile{\"header\":\"Funding Asset\"}"}]}
RESULT: {"script":"<script> [21 bytes]","args":[{"selector":{"controlType":"sap.m.GenericTile","properties":{"header":"Funding Asset"}},"wdio_ui5_key":"sapm.GenericTile{\"header\":\"Funding Asset\"}"}]}
RESULT: undefined
COMMAND: POST /session/f226eccfdde0e8fed48a9b9a3c707a21/element - {"using":"xpath","value":"//*[@id=\"__tile53\"]"}
RESULT: {"using":"xpath","value":"//*[@id=\"__tile53\"]"}
COMMAND: POST /session/f226eccfdde0e8fed48a9b9a3c707a21/element/f.6DB20810EEB0A3D99C365FCC611B14B6.d.B761DB3232663D51342EAD7126718DD7.e.77/click - {}
RESULT: {}
COMMAND: GET /session/f226eccfdde0e8fed48a9b9a3c707a21/screenshot - {}
RESULT: {}
RESULT: undefined
COMMAND: POST /session/f226eccfdde0e8fed48a9b9a3c707a21/element - {"using":"xpath","value":"//*[@id=\"__tile53\"]"}
RESULT: {"using":"xpath","value":"//*[@id=\"__tile53\"]"}
COMMAND: POST /session/f226eccfdde0e8fed48a9b9a3c707a21/element/f.6DB20810EEB0A3D99C365FCC611B14B6.d.B761DB3232663D51342EAD7126718DD7.e.152/click - {}
RESULT: undefined
COMMAND: POST /session/f226eccfdde0e8fed48a9b9a3c707a21/element - {"using":"xpath","value":"//*[@id=\"__tile53\"]"}
RESULT: {"using":"xpath","value":"//*[@id=\"__tile53\"]"}
COMMAND: POST /session/f226eccfdde0e8fed48a9b9a3c707a21/element/f.6DB20810EEB0A3D99C365FCC611B14B6.d.B761DB3232663D51342EAD7126718DD7.e.152/click - {}
COMMAND: POST /session/f226eccfdde0e8fed48a9b9a3c707a21/execute/async - {"script":"<script> [21 bytes]","args":[{"selector":{"id":"shellAppTitle"},"wdio_ui5_key":"shellAppTitle"}]}
RESULT: {"script":"<script> [21 bytes]","args":[{"selector":{"id":"shellAppTitle"},"wdio_ui5_key":"shellAppTitle"}]}
RESULT: undefined
COMMAND: POST /session/f226eccfdde0e8fed48a9b9a3c707a21/execute/async - {"script":"<script> [21 bytes]","args":[{"element-6066-11e4-a52e-4f735466cecf":"f.6DB20810EEB0A3D99C365FCC611B14B6.d.B761DB3232663D51342EAD7126718DD7.e.187"},"getTitle",[]]}
RESULT: {"script":"<script> [21 bytes]","args":[{"element-6066-11e4-a52e-4f735466cecf":"f.6DB20810EEB0A3D99C365FCC611B14B6.d.B761DB3232663D51342EAD7126718DD7.e.187"},"getTitle",[]]}
COMMAND: POST /session/f226eccfdde0e8fed48a9b9a3c707a21/execute/async - {"script":"<script> [21 bytes]","args":[{"selector":{"id":"backBtn"},"wdio_ui5_key":"backBtn"}]}
RESULT: {"script":"<script> [21 bytes]","args":[{"selector":{"id":"backBtn"},"wdio_ui5_key":"backBtn"}]}
RESULT: undefined
COMMAND: POST /session/f226eccfdde0e8fed48a9b9a3c707a21/element - {"using":"xpath","value":"//*[@id=\"backBtn\"]"}
RESULT: {"using":"xpath","value":"//*[@id=\"backBtn\"]"}
COMMAND: POST /session/f226eccfdde0e8fed48a9b9a3c707a21/element/f.6DB20810EEB0A3D99C365FCC611B14B6.d.B761DB3232663D51342EAD7126718DD7.e.188/click - {}
RESULT: {}
COMMAND: GET /session/f226eccfdde0e8fed48a9b9a3c707a21/screenshot - {}
RESULT: {}
COMMAND: GET /session/f226eccfdde0e8fed48a9b9a3c707a21/screenshot - {}
]]></system-out>
    </testcase>
    <testcase classname="chrome.138_0_7204_184.windows.Sanity_Tests" name="Should open Funding Debtor page" time="26.388">
      <system-out><![CDATA[
COMMAND: POST /session/f226eccfdde0e8fed48a9b9a3c707a21/execute/async - {"script":"<script> [21 bytes]","args":[{"selector":{"controlType":"sap.m.GenericTile","properties":{"header":"Funding Debtor"}},"wdio_ui5_key":"sapm.GenericTile{\"header\":\"Funding Debtor\"}"}]}
RESULT: {}
RESULT: {"script":"<script> [21 bytes]","args":[{"selector":{"controlType":"sap.m.GenericTile","properties":{"header":"Funding Debtor"}},"wdio_ui5_key":"sapm.GenericTile{\"header\":\"Funding Debtor\"}"}]}
RESULT: undefined
COMMAND: POST /session/f226eccfdde0e8fed48a9b9a3c707a21/element - {"using":"xpath","value":"//*[@id=\"__tile54\"]"}
RESULT: {"using":"xpath","value":"//*[@id=\"__tile54\"]"}
COMMAND: POST /session/f226eccfdde0e8fed48a9b9a3c707a21/element/f.6DB20810EEB0A3D99C365FCC611B14B6.d.B761DB3232663D51342EAD7126718DD7.e.193/click - {}
RESULT: {}
COMMAND: GET /session/f226eccfdde0e8fed48a9b9a3c707a21/screenshot - {}
RESULT: {}
RESULT: undefined
COMMAND: POST /session/f226eccfdde0e8fed48a9b9a3c707a21/element - {"using":"xpath","value":"//*[@id=\"__tile54\"]"}
RESULT: {"using":"xpath","value":"//*[@id=\"__tile54\"]"}
COMMAND: POST /session/f226eccfdde0e8fed48a9b9a3c707a21/element/f.6DB20810EEB0A3D99C365FCC611B14B6.d.B761DB3232663D51342EAD7126718DD7.e.378/click - {}
RESULT: undefined
COMMAND: POST /session/f226eccfdde0e8fed48a9b9a3c707a21/element - {"using":"xpath","value":"//*[@id=\"__tile54\"]"}
RESULT: {"using":"xpath","value":"//*[@id=\"__tile54\"]"}
COMMAND: POST /session/f226eccfdde0e8fed48a9b9a3c707a21/element/f.6DB20810EEB0A3D99C365FCC611B14B6.d.B761DB3232663D51342EAD7126718DD7.e.378/click - {}
RESULT: undefined
COMMAND: POST /session/f226eccfdde0e8fed48a9b9a3c707a21/execute/async - {"script":"<script> [21 bytes]","args":[{"element-6066-11e4-a52e-4f735466cecf":"f.6DB20810EEB0A3D99C365FCC611B14B6.d.B761DB3232663D51342EAD7126718DD7.e.187"},"getTitle",[]]}
RESULT: {"script":"<script> [21 bytes]","args":[{"element-6066-11e4-a52e-4f735466cecf":"f.6DB20810EEB0A3D99C365FCC611B14B6.d.B761DB3232663D51342EAD7126718DD7.e.187"},"getTitle",[]]}
RESULT: undefined
COMMAND: POST /session/f226eccfdde0e8fed48a9b9a3c707a21/element/f.6DB20810EEB0A3D99C365FCC611B14B6.d.B761DB3232663D51342EAD7126718DD7.e.188/click - {}
RESULT: {}
COMMAND: GET /session/f226eccfdde0e8fed48a9b9a3c707a21/screenshot - {}
RESULT: {}
COMMAND: GET /session/f226eccfdde0e8fed48a9b9a3c707a21/screenshot - {}
]]></system-out>
    </testcase>
    <testcase classname="chrome.138_0_7204_184.windows.Sanity_Tests" name="Should open Asset Warehouse page" time="27.48">
      <system-out><![CDATA[
COMMAND: POST /session/f226eccfdde0e8fed48a9b9a3c707a21/execute/async - {"script":"<script> [21 bytes]","args":[{"selector":{"controlType":"sap.m.GenericTile","properties":{"header":"Asset Warehouse"}},"wdio_ui5_key":"sapm.GenericTile{\"header\":\"Asset Warehouse\"}"}]}
RESULT: {}
RESULT: {"script":"<script> [21 bytes]","args":[{"selector":{"controlType":"sap.m.GenericTile","properties":{"header":"Asset Warehouse"}},"wdio_ui5_key":"sapm.GenericTile{\"header\":\"Asset Warehouse\"}"}]}
RESULT: undefined
COMMAND: POST /session/f226eccfdde0e8fed48a9b9a3c707a21/element - {"using":"xpath","value":"//*[@id=\"__tile55\"]"}
RESULT: {"using":"xpath","value":"//*[@id=\"__tile55\"]"}
COMMAND: POST /session/f226eccfdde0e8fed48a9b9a3c707a21/element/f.6DB20810EEB0A3D99C365FCC611B14B6.d.B761DB3232663D51342EAD7126718DD7.e.385/click - {}
RESULT: {}
COMMAND: GET /session/f226eccfdde0e8fed48a9b9a3c707a21/screenshot - {}
RESULT: {}
RESULT: undefined
COMMAND: POST /session/f226eccfdde0e8fed48a9b9a3c707a21/element - {"using":"xpath","value":"//*[@id=\"__tile55\"]"}
RESULT: {"using":"xpath","value":"//*[@id=\"__tile55\"]"}
COMMAND: POST /session/f226eccfdde0e8fed48a9b9a3c707a21/element/f.6DB20810EEB0A3D99C365FCC611B14B6.d.B761DB3232663D51342EAD7126718DD7.e.532/click - {}
RESULT: undefined
COMMAND: POST /session/f226eccfdde0e8fed48a9b9a3c707a21/element - {"using":"xpath","value":"//*[@id=\"__tile55\"]"}
RESULT: {"using":"xpath","value":"//*[@id=\"__tile55\"]"}
COMMAND: POST /session/f226eccfdde0e8fed48a9b9a3c707a21/element/f.6DB20810EEB0A3D99C365FCC611B14B6.d.B761DB3232663D51342EAD7126718DD7.e.532/click - {}
RESULT: undefined
COMMAND: POST /session/f226eccfdde0e8fed48a9b9a3c707a21/execute/async - {"script":"<script> [21 bytes]","args":[{"element-6066-11e4-a52e-4f735466cecf":"f.6DB20810EEB0A3D99C365FCC611B14B6.d.B761DB3232663D51342EAD7126718DD7.e.187"},"getTitle",[]]}
RESULT: {"script":"<script> [21 bytes]","args":[{"element-6066-11e4-a52e-4f735466cecf":"f.6DB20810EEB0A3D99C365FCC611B14B6.d.B761DB3232663D51342EAD7126718DD7.e.187"},"getTitle",[]]}
RESULT: undefined
COMMAND: POST /session/f226eccfdde0e8fed48a9b9a3c707a21/element/f.6DB20810EEB0A3D99C365FCC611B14B6.d.B761DB3232663D51342EAD7126718DD7.e.188/click - {}
COMMAND: POST /session/f226eccfdde0e8fed48a9b9a3c707a21/element - {"using":"xpath","value":"//*[@id=\"backBtn\"]"}
RESULT: {"using":"xpath","value":"//*[@id=\"backBtn\"]"}
COMMAND: POST /session/f226eccfdde0e8fed48a9b9a3c707a21/element/f.6DB20810EEB0A3D99C365FCC611B14B6.d.B761DB3232663D51342EAD7126718DD7.e.188/click - {}
COMMAND: POST /session/f226eccfdde0e8fed48a9b9a3c707a21/element - {"using":"xpath","value":"//*[@id=\"backBtn\"]"}
RESULT: {"using":"xpath","value":"//*[@id=\"backBtn\"]"}
COMMAND: POST /session/f226eccfdde0e8fed48a9b9a3c707a21/element/f.6DB20810EEB0A3D99C365FCC611B14B6.d.B761DB3232663D51342EAD7126718DD7.e.539/click - {}
RESULT: {}
COMMAND: GET /session/f226eccfdde0e8fed48a9b9a3c707a21/screenshot - {}
RESULT: {}
COMMAND: GET /session/f226eccfdde0e8fed48a9b9a3c707a21/screenshot - {}
COMMAND: DELETE /session/f226eccfdde0e8fed48a9b9a3c707a21 - {}
RESULT: {}
RESULT: {}
]]></system-out>
    </testcase>
  </testsuite>
</testsuites>