<?xml version="1.0" encoding="UTF-8"?>
<testsuites tests="3" failures="0" errors="0" skipped="0">
  <testsuite timestamp="2025-09-03T22:05:31" time="133.731" tests="3" failures="0" errors="0" skipped="0">
    <properties>
      <property name="specId" value="0"/>
      <property name="suiteName" value="Sanity Tests"/>
      <property name="capabilities" value="chrome.139_0_7258_155.windows"/>
      <property name="file" value="file:///D:/a/1/s/test/specs/General/sanity.spec.js"/>
    </properties>
    <testcase classname="chrome.139_0_7258_155.windows.Sanity_Tests" name="Should open Funding Asset page" time="27.527">
      <system-out><![CDATA[
COMMAND: POST /session/e8ed590cfe708f8df83148a59660b8bd/execute/async - {"script":"<script> [21 bytes]","args":[{"selector":{"controlType":"sap.m.GenericTile","properties":{"header":"Funding Asset"}},"wdio_ui5_key":"sapm.GenericTile{\"header\":\"Funding Asset\"}"}]}
RESULT: {"script":"<script> [21 bytes]","args":[{"selector":{"controlType":"sap.m.GenericTile","properties":{"header":"Funding Asset"}},"wdio_ui5_key":"sapm.GenericTile{\"header\":\"Funding Asset\"}"}]}
RESULT: undefined
COMMAND: POST /session/e8ed590cfe708f8df83148a59660b8bd/element - {"using":"xpath","value":"//*[@id=\"__tile53\"]"}
RESULT: {"using":"xpath","value":"//*[@id=\"__tile53\"]"}
COMMAND: POST /session/e8ed590cfe708f8df83148a59660b8bd/element/f.F0981FDCB1BBCC12CB37D2F2373FF289.d.A8363E1E1595C10AE4156AB4D9B13549.e.76/click - {}
RESULT: {}
COMMAND: GET /session/e8ed590cfe708f8df83148a59660b8bd/screenshot - {}
RESULT: {}
RESULT: undefined
COMMAND: POST /session/e8ed590cfe708f8df83148a59660b8bd/element - {"using":"xpath","value":"//*[@id=\"__tile53\"]"}
RESULT: {"using":"xpath","value":"//*[@id=\"__tile53\"]"}
COMMAND: POST /session/e8ed590cfe708f8df83148a59660b8bd/element/f.F0981FDCB1BBCC12CB37D2F2373FF289.d.A8363E1E1595C10AE4156AB4D9B13549.e.187/click - {}
RESULT: undefined
COMMAND: POST /session/e8ed590cfe708f8df83148a59660b8bd/element - {"using":"xpath","value":"//*[@id=\"__tile53\"]"}
RESULT: {"using":"xpath","value":"//*[@id=\"__tile53\"]"}
COMMAND: POST /session/e8ed590cfe708f8df83148a59660b8bd/element/f.F0981FDCB1BBCC12CB37D2F2373FF289.d.A8363E1E1595C10AE4156AB4D9B13549.e.187/click - {}
COMMAND: POST /session/e8ed590cfe708f8df83148a59660b8bd/execute/async - {"script":"<script> [21 bytes]","args":[{"selector":{"id":"shellAppTitle"},"wdio_ui5_key":"shellAppTitle"}]}
RESULT: {"script":"<script> [21 bytes]","args":[{"selector":{"id":"shellAppTitle"},"wdio_ui5_key":"shellAppTitle"}]}
RESULT: undefined
COMMAND: POST /session/e8ed590cfe708f8df83148a59660b8bd/execute/async - {"script":"<script> [21 bytes]","args":[{"element-6066-11e4-a52e-4f735466cecf":"f.F0981FDCB1BBCC12CB37D2F2373FF289.d.A8363E1E1595C10AE4156AB4D9B13549.e.222"},"getTitle",[]]}
RESULT: {"script":"<script> [21 bytes]","args":[{"element-6066-11e4-a52e-4f735466cecf":"f.F0981FDCB1BBCC12CB37D2F2373FF289.d.A8363E1E1595C10AE4156AB4D9B13549.e.222"},"getTitle",[]]}
COMMAND: POST /session/e8ed590cfe708f8df83148a59660b8bd/execute/async - {"script":"<script> [21 bytes]","args":[{"selector":{"id":"backBtn"},"wdio_ui5_key":"backBtn"}]}
RESULT: {"script":"<script> [21 bytes]","args":[{"selector":{"id":"backBtn"},"wdio_ui5_key":"backBtn"}]}
RESULT: undefined
COMMAND: POST /session/e8ed590cfe708f8df83148a59660b8bd/element - {"using":"xpath","value":"//*[@id=\"backBtn\"]"}
RESULT: {"using":"xpath","value":"//*[@id=\"backBtn\"]"}
COMMAND: POST /session/e8ed590cfe708f8df83148a59660b8bd/element/f.F0981FDCB1BBCC12CB37D2F2373FF289.d.A8363E1E1595C10AE4156AB4D9B13549.e.223/click - {}
RESULT: {}
COMMAND: GET /session/e8ed590cfe708f8df83148a59660b8bd/screenshot - {}
RESULT: {}
COMMAND: GET /session/e8ed590cfe708f8df83148a59660b8bd/screenshot - {}
]]></system-out>
    </testcase>
    <testcase classname="chrome.139_0_7258_155.windows.Sanity_Tests" name="Should open Funding Debtor page" time="25.445">
      <system-out><![CDATA[
COMMAND: POST /session/e8ed590cfe708f8df83148a59660b8bd/execute/async - {"script":"<script> [21 bytes]","args":[{"selector":{"controlType":"sap.m.GenericTile","properties":{"header":"Funding Debtor"}},"wdio_ui5_key":"sapm.GenericTile{\"header\":\"Funding Debtor\"}"}]}
RESULT: {}
RESULT: {"script":"<script> [21 bytes]","args":[{"selector":{"controlType":"sap.m.GenericTile","properties":{"header":"Funding Debtor"}},"wdio_ui5_key":"sapm.GenericTile{\"header\":\"Funding Debtor\"}"}]}
RESULT: undefined
COMMAND: POST /session/e8ed590cfe708f8df83148a59660b8bd/element - {"using":"xpath","value":"//*[@id=\"__tile54\"]"}
RESULT: {"using":"xpath","value":"//*[@id=\"__tile54\"]"}
COMMAND: POST /session/e8ed590cfe708f8df83148a59660b8bd/element/f.F0981FDCB1BBCC12CB37D2F2373FF289.d.A8363E1E1595C10AE4156AB4D9B13549.e.226/click - {}
RESULT: {}
COMMAND: GET /session/e8ed590cfe708f8df83148a59660b8bd/screenshot - {}
RESULT: {}
RESULT: undefined
COMMAND: POST /session/e8ed590cfe708f8df83148a59660b8bd/element - {"using":"xpath","value":"//*[@id=\"__tile54\"]"}
RESULT: {"using":"xpath","value":"//*[@id=\"__tile54\"]"}
COMMAND: POST /session/e8ed590cfe708f8df83148a59660b8bd/element/f.F0981FDCB1BBCC12CB37D2F2373FF289.d.A8363E1E1595C10AE4156AB4D9B13549.e.312/click - {}
RESULT: undefined
COMMAND: POST /session/e8ed590cfe708f8df83148a59660b8bd/element - {"using":"xpath","value":"//*[@id=\"__tile54\"]"}
RESULT: {"using":"xpath","value":"//*[@id=\"__tile54\"]"}
COMMAND: POST /session/e8ed590cfe708f8df83148a59660b8bd/element/f.F0981FDCB1BBCC12CB37D2F2373FF289.d.A8363E1E1595C10AE4156AB4D9B13549.e.312/click - {}
RESULT: undefined
COMMAND: POST /session/e8ed590cfe708f8df83148a59660b8bd/execute/async - {"script":"<script> [21 bytes]","args":[{"element-6066-11e4-a52e-4f735466cecf":"f.F0981FDCB1BBCC12CB37D2F2373FF289.d.A8363E1E1595C10AE4156AB4D9B13549.e.222"},"getTitle",[]]}
RESULT: {"script":"<script> [21 bytes]","args":[{"element-6066-11e4-a52e-4f735466cecf":"f.F0981FDCB1BBCC12CB37D2F2373FF289.d.A8363E1E1595C10AE4156AB4D9B13549.e.222"},"getTitle",[]]}
RESULT: undefined
COMMAND: POST /session/e8ed590cfe708f8df83148a59660b8bd/element/f.F0981FDCB1BBCC12CB37D2F2373FF289.d.A8363E1E1595C10AE4156AB4D9B13549.e.223/click - {}
RESULT: {}
COMMAND: GET /session/e8ed590cfe708f8df83148a59660b8bd/screenshot - {}
RESULT: {}
COMMAND: GET /session/e8ed590cfe708f8df83148a59660b8bd/screenshot - {}
]]></system-out>
    </testcase>
    <testcase classname="chrome.139_0_7258_155.windows.Sanity_Tests" name="Should open Asset Warehouse page" time="26.597">
      <system-out><![CDATA[
COMMAND: POST /session/e8ed590cfe708f8df83148a59660b8bd/execute/async - {"script":"<script> [21 bytes]","args":[{"selector":{"controlType":"sap.m.GenericTile","properties":{"header":"Asset Warehouse"}},"wdio_ui5_key":"sapm.GenericTile{\"header\":\"Asset Warehouse\"}"}]}
RESULT: {}
RESULT: {"script":"<script> [21 bytes]","args":[{"selector":{"controlType":"sap.m.GenericTile","properties":{"header":"Asset Warehouse"}},"wdio_ui5_key":"sapm.GenericTile{\"header\":\"Asset Warehouse\"}"}]}
RESULT: undefined
COMMAND: POST /session/e8ed590cfe708f8df83148a59660b8bd/element - {"using":"xpath","value":"//*[@id=\"__tile55\"]"}
RESULT: {"using":"xpath","value":"//*[@id=\"__tile55\"]"}
COMMAND: POST /session/e8ed590cfe708f8df83148a59660b8bd/element/f.F0981FDCB1BBCC12CB37D2F2373FF289.d.A8363E1E1595C10AE4156AB4D9B13549.e.321/click - {}
RESULT: {}
COMMAND: GET /session/e8ed590cfe708f8df83148a59660b8bd/screenshot - {}
RESULT: {}
RESULT: undefined
COMMAND: POST /session/e8ed590cfe708f8df83148a59660b8bd/element - {"using":"xpath","value":"//*[@id=\"__tile55\"]"}
RESULT: {"using":"xpath","value":"//*[@id=\"__tile55\"]"}
COMMAND: POST /session/e8ed590cfe708f8df83148a59660b8bd/element/f.F0981FDCB1BBCC12CB37D2F2373FF289.d.A8363E1E1595C10AE4156AB4D9B13549.e.547/click - {}
RESULT: undefined
COMMAND: POST /session/e8ed590cfe708f8df83148a59660b8bd/element - {"using":"xpath","value":"//*[@id=\"__tile55\"]"}
RESULT: {"using":"xpath","value":"//*[@id=\"__tile55\"]"}
COMMAND: POST /session/e8ed590cfe708f8df83148a59660b8bd/element/f.F0981FDCB1BBCC12CB37D2F2373FF289.d.A8363E1E1595C10AE4156AB4D9B13549.e.547/click - {}
RESULT: undefined
COMMAND: POST /session/e8ed590cfe708f8df83148a59660b8bd/execute/async - {"script":"<script> [21 bytes]","args":[{"element-6066-11e4-a52e-4f735466cecf":"f.F0981FDCB1BBCC12CB37D2F2373FF289.d.A8363E1E1595C10AE4156AB4D9B13549.e.222"},"getTitle",[]]}
RESULT: {"script":"<script> [21 bytes]","args":[{"element-6066-11e4-a52e-4f735466cecf":"f.F0981FDCB1BBCC12CB37D2F2373FF289.d.A8363E1E1595C10AE4156AB4D9B13549.e.222"},"getTitle",[]]}
RESULT: undefined
COMMAND: POST /session/e8ed590cfe708f8df83148a59660b8bd/element/f.F0981FDCB1BBCC12CB37D2F2373FF289.d.A8363E1E1595C10AE4156AB4D9B13549.e.223/click - {}
COMMAND: POST /session/e8ed590cfe708f8df83148a59660b8bd/element - {"using":"xpath","value":"//*[@id=\"backBtn\"]"}
RESULT: {"using":"xpath","value":"//*[@id=\"backBtn\"]"}
COMMAND: POST /session/e8ed590cfe708f8df83148a59660b8bd/element/f.F0981FDCB1BBCC12CB37D2F2373FF289.d.A8363E1E1595C10AE4156AB4D9B13549.e.223/click - {}
COMMAND: POST /session/e8ed590cfe708f8df83148a59660b8bd/element - {"using":"xpath","value":"//*[@id=\"backBtn\"]"}
RESULT: {"using":"xpath","value":"//*[@id=\"backBtn\"]"}
COMMAND: POST /session/e8ed590cfe708f8df83148a59660b8bd/element/f.F0981FDCB1BBCC12CB37D2F2373FF289.d.A8363E1E1595C10AE4156AB4D9B13549.e.549/click - {}
RESULT: {}
COMMAND: GET /session/e8ed590cfe708f8df83148a59660b8bd/screenshot - {}
RESULT: {}
COMMAND: GET /session/e8ed590cfe708f8df83148a59660b8bd/screenshot - {}
COMMAND: DELETE /session/e8ed590cfe708f8df83148a59660b8bd - {}
RESULT: {}
RESULT: {}
]]></system-out>
    </testcase>
  </testsuite>
</testsuites>