<?xml version="1.0" encoding="UTF-8"?>
<testsuites tests="3" failures="0" errors="0" skipped="0">
  <testsuite timestamp="2025-08-12T22:04:10" time="134.821" tests="3" failures="0" errors="0" skipped="0">
    <properties>
      <property name="specId" value="0"/>
      <property name="suiteName" value="Sanity Tests"/>
      <property name="capabilities" value="chrome.138_0_7204_184.windows"/>
      <property name="file" value="file:///D:/a/1/s/test/specs/General/sanity.spec.js"/>
    </properties>
    <testcase classname="chrome.138_0_7204_184.windows.Sanity_Tests" name="Should open Funding Asset page" time="27.68">
      <system-out><![CDATA[
COMMAND: POST /session/9e01c0a3bb92331ab8f755ca6f5601aa/execute/async - {"script":"<script> [21 bytes]","args":[{"selector":{"controlType":"sap.m.GenericTile","properties":{"header":"Funding Asset"}},"wdio_ui5_key":"sapm.GenericTile{\"header\":\"Funding Asset\"}"}]}
RESULT: {"script":"<script> [21 bytes]","args":[{"selector":{"controlType":"sap.m.GenericTile","properties":{"header":"Funding Asset"}},"wdio_ui5_key":"sapm.GenericTile{\"header\":\"Funding Asset\"}"}]}
RESULT: undefined
COMMAND: POST /session/9e01c0a3bb92331ab8f755ca6f5601aa/element - {"using":"xpath","value":"//*[@id=\"__tile53\"]"}
RESULT: {"using":"xpath","value":"//*[@id=\"__tile53\"]"}
COMMAND: POST /session/9e01c0a3bb92331ab8f755ca6f5601aa/element/f.9E0735BC4CEA7727B3B016F4ABD270D4.d.13D7F525AE89271C754F17FA79F179FC.e.78/click - {}
RESULT: {}
COMMAND: GET /session/9e01c0a3bb92331ab8f755ca6f5601aa/screenshot - {}
RESULT: {}
RESULT: undefined
COMMAND: POST /session/9e01c0a3bb92331ab8f755ca6f5601aa/element - {"using":"xpath","value":"//*[@id=\"__tile53\"]"}
RESULT: {"using":"xpath","value":"//*[@id=\"__tile53\"]"}
COMMAND: POST /session/9e01c0a3bb92331ab8f755ca6f5601aa/element/f.9E0735BC4CEA7727B3B016F4ABD270D4.d.13D7F525AE89271C754F17FA79F179FC.e.191/click - {}
RESULT: undefined
COMMAND: POST /session/9e01c0a3bb92331ab8f755ca6f5601aa/element - {"using":"xpath","value":"//*[@id=\"__tile53\"]"}
RESULT: {"using":"xpath","value":"//*[@id=\"__tile53\"]"}
COMMAND: POST /session/9e01c0a3bb92331ab8f755ca6f5601aa/element/f.9E0735BC4CEA7727B3B016F4ABD270D4.d.13D7F525AE89271C754F17FA79F179FC.e.191/click - {}
COMMAND: POST /session/9e01c0a3bb92331ab8f755ca6f5601aa/execute/async - {"script":"<script> [21 bytes]","args":[{"selector":{"id":"shellAppTitle"},"wdio_ui5_key":"shellAppTitle"}]}
RESULT: {"script":"<script> [21 bytes]","args":[{"selector":{"id":"shellAppTitle"},"wdio_ui5_key":"shellAppTitle"}]}
RESULT: undefined
COMMAND: POST /session/9e01c0a3bb92331ab8f755ca6f5601aa/execute/async - {"script":"<script> [21 bytes]","args":[{"element-6066-11e4-a52e-4f735466cecf":"f.9E0735BC4CEA7727B3B016F4ABD270D4.d.13D7F525AE89271C754F17FA79F179FC.e.225"},"getTitle",[]]}
RESULT: {"script":"<script> [21 bytes]","args":[{"element-6066-11e4-a52e-4f735466cecf":"f.9E0735BC4CEA7727B3B016F4ABD270D4.d.13D7F525AE89271C754F17FA79F179FC.e.225"},"getTitle",[]]}
COMMAND: POST /session/9e01c0a3bb92331ab8f755ca6f5601aa/execute/async - {"script":"<script> [21 bytes]","args":[{"selector":{"id":"backBtn"},"wdio_ui5_key":"backBtn"}]}
RESULT: {"script":"<script> [21 bytes]","args":[{"selector":{"id":"backBtn"},"wdio_ui5_key":"backBtn"}]}
RESULT: undefined
COMMAND: POST /session/9e01c0a3bb92331ab8f755ca6f5601aa/element - {"using":"xpath","value":"//*[@id=\"backBtn\"]"}
RESULT: {"using":"xpath","value":"//*[@id=\"backBtn\"]"}
COMMAND: POST /session/9e01c0a3bb92331ab8f755ca6f5601aa/element/f.9E0735BC4CEA7727B3B016F4ABD270D4.d.13D7F525AE89271C754F17FA79F179FC.e.226/click - {}
RESULT: {}
COMMAND: GET /session/9e01c0a3bb92331ab8f755ca6f5601aa/screenshot - {}
RESULT: {}
COMMAND: GET /session/9e01c0a3bb92331ab8f755ca6f5601aa/screenshot - {}
]]></system-out>
    </testcase>
    <testcase classname="chrome.138_0_7204_184.windows.Sanity_Tests" name="Should open Funding Debtor page" time="26.633">
      <system-out><![CDATA[
COMMAND: POST /session/9e01c0a3bb92331ab8f755ca6f5601aa/execute/async - {"script":"<script> [21 bytes]","args":[{"selector":{"controlType":"sap.m.GenericTile","properties":{"header":"Funding Debtor"}},"wdio_ui5_key":"sapm.GenericTile{\"header\":\"Funding Debtor\"}"}]}
RESULT: {}
RESULT: {"script":"<script> [21 bytes]","args":[{"selector":{"controlType":"sap.m.GenericTile","properties":{"header":"Funding Debtor"}},"wdio_ui5_key":"sapm.GenericTile{\"header\":\"Funding Debtor\"}"}]}
RESULT: undefined
COMMAND: POST /session/9e01c0a3bb92331ab8f755ca6f5601aa/element - {"using":"xpath","value":"//*[@id=\"__tile54\"]"}
RESULT: {"using":"xpath","value":"//*[@id=\"__tile54\"]"}
COMMAND: POST /session/9e01c0a3bb92331ab8f755ca6f5601aa/element/f.9E0735BC4CEA7727B3B016F4ABD270D4.d.13D7F525AE89271C754F17FA79F179FC.e.231/click - {}
RESULT: {}
COMMAND: GET /session/9e01c0a3bb92331ab8f755ca6f5601aa/screenshot - {}
RESULT: {}
RESULT: undefined
COMMAND: POST /session/9e01c0a3bb92331ab8f755ca6f5601aa/element - {"using":"xpath","value":"//*[@id=\"__tile54\"]"}
RESULT: {"using":"xpath","value":"//*[@id=\"__tile54\"]"}
COMMAND: POST /session/9e01c0a3bb92331ab8f755ca6f5601aa/element/f.9E0735BC4CEA7727B3B016F4ABD270D4.d.13D7F525AE89271C754F17FA79F179FC.e.377/click - {}
RESULT: undefined
COMMAND: POST /session/9e01c0a3bb92331ab8f755ca6f5601aa/element - {"using":"xpath","value":"//*[@id=\"__tile54\"]"}
RESULT: {"using":"xpath","value":"//*[@id=\"__tile54\"]"}
COMMAND: POST /session/9e01c0a3bb92331ab8f755ca6f5601aa/element/f.9E0735BC4CEA7727B3B016F4ABD270D4.d.13D7F525AE89271C754F17FA79F179FC.e.377/click - {}
RESULT: undefined
COMMAND: POST /session/9e01c0a3bb92331ab8f755ca6f5601aa/execute/async - {"script":"<script> [21 bytes]","args":[{"element-6066-11e4-a52e-4f735466cecf":"f.9E0735BC4CEA7727B3B016F4ABD270D4.d.13D7F525AE89271C754F17FA79F179FC.e.225"},"getTitle",[]]}
RESULT: {"script":"<script> [21 bytes]","args":[{"element-6066-11e4-a52e-4f735466cecf":"f.9E0735BC4CEA7727B3B016F4ABD270D4.d.13D7F525AE89271C754F17FA79F179FC.e.225"},"getTitle",[]]}
RESULT: undefined
COMMAND: POST /session/9e01c0a3bb92331ab8f755ca6f5601aa/element/f.9E0735BC4CEA7727B3B016F4ABD270D4.d.13D7F525AE89271C754F17FA79F179FC.e.226/click - {}
RESULT: {}
COMMAND: GET /session/9e01c0a3bb92331ab8f755ca6f5601aa/screenshot - {}
RESULT: {}
COMMAND: GET /session/9e01c0a3bb92331ab8f755ca6f5601aa/screenshot - {}
]]></system-out>
    </testcase>
    <testcase classname="chrome.138_0_7204_184.windows.Sanity_Tests" name="Should open Asset Warehouse page" time="27.633">
      <system-out><![CDATA[
COMMAND: POST /session/9e01c0a3bb92331ab8f755ca6f5601aa/execute/async - {"script":"<script> [21 bytes]","args":[{"selector":{"controlType":"sap.m.GenericTile","properties":{"header":"Asset Warehouse"}},"wdio_ui5_key":"sapm.GenericTile{\"header\":\"Asset Warehouse\"}"}]}
RESULT: {}
RESULT: {"script":"<script> [21 bytes]","args":[{"selector":{"controlType":"sap.m.GenericTile","properties":{"header":"Asset Warehouse"}},"wdio_ui5_key":"sapm.GenericTile{\"header\":\"Asset Warehouse\"}"}]}
RESULT: undefined
COMMAND: POST /session/9e01c0a3bb92331ab8f755ca6f5601aa/element - {"using":"xpath","value":"//*[@id=\"__tile55\"]"}
RESULT: {"using":"xpath","value":"//*[@id=\"__tile55\"]"}
COMMAND: POST /session/9e01c0a3bb92331ab8f755ca6f5601aa/element/f.9E0735BC4CEA7727B3B016F4ABD270D4.d.13D7F525AE89271C754F17FA79F179FC.e.432/click - {}
RESULT: {}
COMMAND: GET /session/9e01c0a3bb92331ab8f755ca6f5601aa/screenshot - {}
RESULT: {}
RESULT: undefined
COMMAND: POST /session/9e01c0a3bb92331ab8f755ca6f5601aa/element - {"using":"xpath","value":"//*[@id=\"__tile55\"]"}
RESULT: {"using":"xpath","value":"//*[@id=\"__tile55\"]"}
COMMAND: POST /session/9e01c0a3bb92331ab8f755ca6f5601aa/element/f.9E0735BC4CEA7727B3B016F4ABD270D4.d.13D7F525AE89271C754F17FA79F179FC.e.539/click - {}
RESULT: undefined
COMMAND: POST /session/9e01c0a3bb92331ab8f755ca6f5601aa/element - {"using":"xpath","value":"//*[@id=\"__tile55\"]"}
RESULT: {"using":"xpath","value":"//*[@id=\"__tile55\"]"}
COMMAND: POST /session/9e01c0a3bb92331ab8f755ca6f5601aa/element/f.9E0735BC4CEA7727B3B016F4ABD270D4.d.13D7F525AE89271C754F17FA79F179FC.e.539/click - {}
RESULT: undefined
COMMAND: POST /session/9e01c0a3bb92331ab8f755ca6f5601aa/execute/async - {"script":"<script> [21 bytes]","args":[{"element-6066-11e4-a52e-4f735466cecf":"f.9E0735BC4CEA7727B3B016F4ABD270D4.d.13D7F525AE89271C754F17FA79F179FC.e.225"},"getTitle",[]]}
RESULT: {"script":"<script> [21 bytes]","args":[{"element-6066-11e4-a52e-4f735466cecf":"f.9E0735BC4CEA7727B3B016F4ABD270D4.d.13D7F525AE89271C754F17FA79F179FC.e.225"},"getTitle",[]]}
RESULT: undefined
COMMAND: POST /session/9e01c0a3bb92331ab8f755ca6f5601aa/element/f.9E0735BC4CEA7727B3B016F4ABD270D4.d.13D7F525AE89271C754F17FA79F179FC.e.226/click - {}
COMMAND: POST /session/9e01c0a3bb92331ab8f755ca6f5601aa/element - {"using":"xpath","value":"//*[@id=\"backBtn\"]"}
RESULT: {"using":"xpath","value":"//*[@id=\"backBtn\"]"}
COMMAND: POST /session/9e01c0a3bb92331ab8f755ca6f5601aa/element/f.9E0735BC4CEA7727B3B016F4ABD270D4.d.13D7F525AE89271C754F17FA79F179FC.e.226/click - {}
COMMAND: POST /session/9e01c0a3bb92331ab8f755ca6f5601aa/element - {"using":"xpath","value":"//*[@id=\"backBtn\"]"}
RESULT: {"using":"xpath","value":"//*[@id=\"backBtn\"]"}
COMMAND: POST /session/9e01c0a3bb92331ab8f755ca6f5601aa/element/f.9E0735BC4CEA7727B3B016F4ABD270D4.d.13D7F525AE89271C754F17FA79F179FC.e.547/click - {}
RESULT: {}
COMMAND: GET /session/9e01c0a3bb92331ab8f755ca6f5601aa/screenshot - {}
RESULT: {}
COMMAND: GET /session/9e01c0a3bb92331ab8f755ca6f5601aa/screenshot - {}
COMMAND: DELETE /session/9e01c0a3bb92331ab8f755ca6f5601aa - {}
RESULT: {}
RESULT: {}
]]></system-out>
    </testcase>
  </testsuite>
</testsuites>