<?xml version="1.0" encoding="UTF-8"?>
<testsuites tests="3" failures="0" errors="0" skipped="0">
  <testsuite timestamp="2025-08-13T22:06:14" time="139.955" tests="3" failures="0" errors="0" skipped="0">
    <properties>
      <property name="specId" value="0"/>
      <property name="suiteName" value="Sanity Tests"/>
      <property name="capabilities" value="chrome.138_0_7204_184.windows"/>
      <property name="file" value="file:///D:/a/1/s/test/specs/General/sanity.spec.js"/>
    </properties>
    <testcase classname="chrome.138_0_7204_184.windows.Sanity_Tests" name="Should open Funding Asset page" time="27.546">
      <system-out><![CDATA[
COMMAND: POST /session/557fd77018cae2a7a50ae028d62b3778/execute/async - {"script":"<script> [21 bytes]","args":[{"selector":{"controlType":"sap.m.GenericTile","properties":{"header":"Funding Asset"}},"wdio_ui5_key":"sapm.GenericTile{\"header\":\"Funding Asset\"}"}]}
RESULT: {"script":"<script> [21 bytes]","args":[{"selector":{"controlType":"sap.m.GenericTile","properties":{"header":"Funding Asset"}},"wdio_ui5_key":"sapm.GenericTile{\"header\":\"Funding Asset\"}"}]}
RESULT: undefined
COMMAND: POST /session/557fd77018cae2a7a50ae028d62b3778/element - {"using":"xpath","value":"//*[@id=\"__tile53\"]"}
RESULT: {"using":"xpath","value":"//*[@id=\"__tile53\"]"}
COMMAND: POST /session/557fd77018cae2a7a50ae028d62b3778/element/f.828B9023A7096BEF8316E7C86D46ED9D.d.5B5C0F725B17275F606F337CEDD0D8C1.e.77/click - {}
RESULT: {}
COMMAND: GET /session/557fd77018cae2a7a50ae028d62b3778/screenshot - {}
RESULT: {}
RESULT: undefined
COMMAND: POST /session/557fd77018cae2a7a50ae028d62b3778/element - {"using":"xpath","value":"//*[@id=\"__tile53\"]"}
RESULT: {"using":"xpath","value":"//*[@id=\"__tile53\"]"}
COMMAND: POST /session/557fd77018cae2a7a50ae028d62b3778/element/f.828B9023A7096BEF8316E7C86D46ED9D.d.5B5C0F725B17275F606F337CEDD0D8C1.e.185/click - {}
RESULT: undefined
COMMAND: POST /session/557fd77018cae2a7a50ae028d62b3778/element - {"using":"xpath","value":"//*[@id=\"__tile53\"]"}
RESULT: {"using":"xpath","value":"//*[@id=\"__tile53\"]"}
COMMAND: POST /session/557fd77018cae2a7a50ae028d62b3778/element/f.828B9023A7096BEF8316E7C86D46ED9D.d.5B5C0F725B17275F606F337CEDD0D8C1.e.185/click - {}
COMMAND: POST /session/557fd77018cae2a7a50ae028d62b3778/execute/async - {"script":"<script> [21 bytes]","args":[{"selector":{"id":"shellAppTitle"},"wdio_ui5_key":"shellAppTitle"}]}
RESULT: {"script":"<script> [21 bytes]","args":[{"selector":{"id":"shellAppTitle"},"wdio_ui5_key":"shellAppTitle"}]}
RESULT: undefined
COMMAND: POST /session/557fd77018cae2a7a50ae028d62b3778/execute/async - {"script":"<script> [21 bytes]","args":[{"element-6066-11e4-a52e-4f735466cecf":"f.828B9023A7096BEF8316E7C86D46ED9D.d.5B5C0F725B17275F606F337CEDD0D8C1.e.219"},"getTitle",[]]}
RESULT: {"script":"<script> [21 bytes]","args":[{"element-6066-11e4-a52e-4f735466cecf":"f.828B9023A7096BEF8316E7C86D46ED9D.d.5B5C0F725B17275F606F337CEDD0D8C1.e.219"},"getTitle",[]]}
COMMAND: POST /session/557fd77018cae2a7a50ae028d62b3778/execute/async - {"script":"<script> [21 bytes]","args":[{"selector":{"id":"backBtn"},"wdio_ui5_key":"backBtn"}]}
RESULT: {"script":"<script> [21 bytes]","args":[{"selector":{"id":"backBtn"},"wdio_ui5_key":"backBtn"}]}
RESULT: undefined
COMMAND: POST /session/557fd77018cae2a7a50ae028d62b3778/element - {"using":"xpath","value":"//*[@id=\"backBtn\"]"}
RESULT: {"using":"xpath","value":"//*[@id=\"backBtn\"]"}
COMMAND: POST /session/557fd77018cae2a7a50ae028d62b3778/element/f.828B9023A7096BEF8316E7C86D46ED9D.d.5B5C0F725B17275F606F337CEDD0D8C1.e.220/click - {}
RESULT: {}
COMMAND: GET /session/557fd77018cae2a7a50ae028d62b3778/screenshot - {}
RESULT: {}
COMMAND: GET /session/557fd77018cae2a7a50ae028d62b3778/screenshot - {}
]]></system-out>
    </testcase>
    <testcase classname="chrome.138_0_7204_184.windows.Sanity_Tests" name="Should open Funding Debtor page" time="26.165">
      <system-out><![CDATA[
COMMAND: POST /session/557fd77018cae2a7a50ae028d62b3778/execute/async - {"script":"<script> [21 bytes]","args":[{"selector":{"controlType":"sap.m.GenericTile","properties":{"header":"Funding Debtor"}},"wdio_ui5_key":"sapm.GenericTile{\"header\":\"Funding Debtor\"}"}]}
RESULT: {}
RESULT: {"script":"<script> [21 bytes]","args":[{"selector":{"controlType":"sap.m.GenericTile","properties":{"header":"Funding Debtor"}},"wdio_ui5_key":"sapm.GenericTile{\"header\":\"Funding Debtor\"}"}]}
RESULT: undefined
COMMAND: POST /session/557fd77018cae2a7a50ae028d62b3778/element - {"using":"xpath","value":"//*[@id=\"__tile54\"]"}
RESULT: {"using":"xpath","value":"//*[@id=\"__tile54\"]"}
COMMAND: POST /session/557fd77018cae2a7a50ae028d62b3778/element/f.828B9023A7096BEF8316E7C86D46ED9D.d.5B5C0F725B17275F606F337CEDD0D8C1.e.224/click - {}
RESULT: {}
COMMAND: GET /session/557fd77018cae2a7a50ae028d62b3778/screenshot - {}
RESULT: {}
RESULT: undefined
COMMAND: POST /session/557fd77018cae2a7a50ae028d62b3778/element - {"using":"xpath","value":"//*[@id=\"__tile54\"]"}
RESULT: {"using":"xpath","value":"//*[@id=\"__tile54\"]"}
COMMAND: POST /session/557fd77018cae2a7a50ae028d62b3778/element/f.828B9023A7096BEF8316E7C86D46ED9D.d.5B5C0F725B17275F606F337CEDD0D8C1.e.325/click - {}
RESULT: undefined
COMMAND: POST /session/557fd77018cae2a7a50ae028d62b3778/element - {"using":"xpath","value":"//*[@id=\"__tile54\"]"}
RESULT: {"using":"xpath","value":"//*[@id=\"__tile54\"]"}
COMMAND: POST /session/557fd77018cae2a7a50ae028d62b3778/element/f.828B9023A7096BEF8316E7C86D46ED9D.d.5B5C0F725B17275F606F337CEDD0D8C1.e.325/click - {}
RESULT: undefined
COMMAND: POST /session/557fd77018cae2a7a50ae028d62b3778/execute/async - {"script":"<script> [21 bytes]","args":[{"element-6066-11e4-a52e-4f735466cecf":"f.828B9023A7096BEF8316E7C86D46ED9D.d.5B5C0F725B17275F606F337CEDD0D8C1.e.219"},"getTitle",[]]}
RESULT: {"script":"<script> [21 bytes]","args":[{"element-6066-11e4-a52e-4f735466cecf":"f.828B9023A7096BEF8316E7C86D46ED9D.d.5B5C0F725B17275F606F337CEDD0D8C1.e.219"},"getTitle",[]]}
RESULT: undefined
COMMAND: POST /session/557fd77018cae2a7a50ae028d62b3778/element/f.828B9023A7096BEF8316E7C86D46ED9D.d.5B5C0F725B17275F606F337CEDD0D8C1.e.220/click - {}
RESULT: {}
COMMAND: GET /session/557fd77018cae2a7a50ae028d62b3778/screenshot - {}
RESULT: {}
COMMAND: GET /session/557fd77018cae2a7a50ae028d62b3778/screenshot - {}
]]></system-out>
    </testcase>
    <testcase classname="chrome.138_0_7204_184.windows.Sanity_Tests" name="Should open Asset Warehouse page" time="26.746">
      <system-out><![CDATA[
COMMAND: POST /session/557fd77018cae2a7a50ae028d62b3778/execute/async - {"script":"<script> [21 bytes]","args":[{"selector":{"controlType":"sap.m.GenericTile","properties":{"header":"Asset Warehouse"}},"wdio_ui5_key":"sapm.GenericTile{\"header\":\"Asset Warehouse\"}"}]}
RESULT: {}
RESULT: {"script":"<script> [21 bytes]","args":[{"selector":{"controlType":"sap.m.GenericTile","properties":{"header":"Asset Warehouse"}},"wdio_ui5_key":"sapm.GenericTile{\"header\":\"Asset Warehouse\"}"}]}
RESULT: undefined
COMMAND: POST /session/557fd77018cae2a7a50ae028d62b3778/element - {"using":"xpath","value":"//*[@id=\"__tile55\"]"}
RESULT: {"using":"xpath","value":"//*[@id=\"__tile55\"]"}
COMMAND: POST /session/557fd77018cae2a7a50ae028d62b3778/element/f.828B9023A7096BEF8316E7C86D46ED9D.d.5B5C0F725B17275F606F337CEDD0D8C1.e.380/click - {}
RESULT: {}
COMMAND: GET /session/557fd77018cae2a7a50ae028d62b3778/screenshot - {}
RESULT: {}
RESULT: undefined
COMMAND: POST /session/557fd77018cae2a7a50ae028d62b3778/element - {"using":"xpath","value":"//*[@id=\"__tile55\"]"}
RESULT: {"using":"xpath","value":"//*[@id=\"__tile55\"]"}
COMMAND: POST /session/557fd77018cae2a7a50ae028d62b3778/element/f.828B9023A7096BEF8316E7C86D46ED9D.d.5B5C0F725B17275F606F337CEDD0D8C1.e.527/click - {}
RESULT: undefined
COMMAND: POST /session/557fd77018cae2a7a50ae028d62b3778/element - {"using":"xpath","value":"//*[@id=\"__tile55\"]"}
RESULT: {"using":"xpath","value":"//*[@id=\"__tile55\"]"}
COMMAND: POST /session/557fd77018cae2a7a50ae028d62b3778/element/f.828B9023A7096BEF8316E7C86D46ED9D.d.5B5C0F725B17275F606F337CEDD0D8C1.e.527/click - {}
RESULT: undefined
COMMAND: POST /session/557fd77018cae2a7a50ae028d62b3778/execute/async - {"script":"<script> [21 bytes]","args":[{"element-6066-11e4-a52e-4f735466cecf":"f.828B9023A7096BEF8316E7C86D46ED9D.d.5B5C0F725B17275F606F337CEDD0D8C1.e.219"},"getTitle",[]]}
RESULT: {"script":"<script> [21 bytes]","args":[{"element-6066-11e4-a52e-4f735466cecf":"f.828B9023A7096BEF8316E7C86D46ED9D.d.5B5C0F725B17275F606F337CEDD0D8C1.e.219"},"getTitle",[]]}
RESULT: undefined
COMMAND: POST /session/557fd77018cae2a7a50ae028d62b3778/element/f.828B9023A7096BEF8316E7C86D46ED9D.d.5B5C0F725B17275F606F337CEDD0D8C1.e.220/click - {}
COMMAND: POST /session/557fd77018cae2a7a50ae028d62b3778/element - {"using":"xpath","value":"//*[@id=\"backBtn\"]"}
RESULT: {"using":"xpath","value":"//*[@id=\"backBtn\"]"}
COMMAND: POST /session/557fd77018cae2a7a50ae028d62b3778/element/f.828B9023A7096BEF8316E7C86D46ED9D.d.5B5C0F725B17275F606F337CEDD0D8C1.e.220/click - {}
COMMAND: POST /session/557fd77018cae2a7a50ae028d62b3778/element - {"using":"xpath","value":"//*[@id=\"backBtn\"]"}
RESULT: {"using":"xpath","value":"//*[@id=\"backBtn\"]"}
COMMAND: POST /session/557fd77018cae2a7a50ae028d62b3778/element/f.828B9023A7096BEF8316E7C86D46ED9D.d.5B5C0F725B17275F606F337CEDD0D8C1.e.535/click - {}
RESULT: {}
COMMAND: GET /session/557fd77018cae2a7a50ae028d62b3778/screenshot - {}
RESULT: {}
COMMAND: GET /session/557fd77018cae2a7a50ae028d62b3778/screenshot - {}
COMMAND: DELETE /session/557fd77018cae2a7a50ae028d62b3778 - {}
RESULT: {}
RESULT: {}
]]></system-out>
    </testcase>
  </testsuite>
</testsuites>