<?xml version="1.0" encoding="UTF-8"?>
<testsuites tests="16" failures="0" errors="0" skipped="0">
  <testsuite timestamp="2025-08-14T22:42:48" time="883.229" tests="16" failures="0" errors="0" skipped="0">
    <properties>
      <property name="specId" value="0"/>
      <property name="suiteName" value="Replenishment"/>
      <property name="capabilities" value="chrome.138_0_7204_184.windows"/>
      <property name="file" value="file:///D:/a/1/s/test/specs/BusinessOperations/Replenishment.spec.js"/>
    </properties>
    <testcase classname="chrome.138_0_7204_184.windows.Replenishment" name="Should create Program" time="96.299">
      <system-out><![CDATA[
COMMAND: POST /session/c2385f56a648397eaacc8d3cf68bb68b/execute/async - {"script":"<script> [21 bytes]","args":[{"selector":{"controlType":"sap.m.GenericTile","properties":{"header":"Funding Program"}},"wdio_ui5_key":"sapm.GenericTile{\"header\":\"Funding Program\"}"}]}
RESULT: {"script":"<script> [21 bytes]","args":[{"selector":{"controlType":"sap.m.GenericTile","properties":{"header":"Funding Program"}},"wdio_ui5_key":"sapm.GenericTile{\"header\":\"Funding Program\"}"}]}
RESULT: undefined
COMMAND: POST /session/c2385f56a648397eaacc8d3cf68bb68b/element - {"using":"xpath","value":"//*[@id=\"__tile29\"]"}
RESULT: {"using":"xpath","value":"//*[@id=\"__tile29\"]"}
COMMAND: POST /session/c2385f56a648397eaacc8d3cf68bb68b/element/f.0A240B68A77F84A30B8E27BE8FE38A54.d.687E18B43F17A21321720F82E0D55C35.e.79/click - {}
RESULT: {}
COMMAND: POST /session/c2385f56a648397eaacc8d3cf68bb68b/execute/async - {"script":"<script> [21 bytes]","args":[{"selector":{"id":"rfm.programui::xRFMxCU_ProgramList--fe::table::allTab::LineItem::StandardAction::Create","controlType":"sap.m.Button"},"wdio_ui5_key":"rfmprogramui::xRFMxCU_ProgramList--fe::table::allTab::LineItem::StandardAction::Createsap.m.Button"}]}
COMMAND: GET /session/c2385f56a648397eaacc8d3cf68bb68b/screenshot - {}
RESULT: {"script":"<script> [21 bytes]","args":[{"selector":{"id":"rfm.programui::xRFMxCU_ProgramList--fe::table::allTab::LineItem::StandardAction::Create","controlType":"sap.m.Button"},"wdio_ui5_key":"rfmprogramui::xRFMxCU_ProgramList--fe::table::allTab::LineItem::StandardAction::Createsap.m.Button"}]}
RESULT: undefined
COMMAND: POST /session/c2385f56a648397eaacc8d3cf68bb68b/element - {"using":"xpath","value":"//*[@id=\"rfm.programui::xRFMxCU_ProgramList--fe::table::allTab::LineItem::StandardAction::Create\"]"}
RESULT: {}
RESULT: {"using":"xpath","value":"//*[@id=\"rfm.programui::xRFMxCU_ProgramList--fe::table::allTab::LineItem::StandardAction::Create\"]"}
COMMAND: POST /session/c2385f56a648397eaacc8d3cf68bb68b/element/f.0A240B68A77F84A30B8E27BE8FE38A54.d.687E18B43F17A21321720F82E0D55C35.e.144/click - {}
RESULT: {}
COMMAND: GET /session/c2385f56a648397eaacc8d3cf68bb68b/screenshot - {}
RESULT: {}
COMMAND: POST /session/c2385f56a648397eaacc8d3cf68bb68b/execute/async - {"script":"<script> [21 bytes]","args":[{"selector":{"id":"CreateDialog::xRFMxCU_ProgramType::FundingScope-inner","searchOpenDialogs":true,"interaction":{"idSuffix":"inner"}},"wdio_ui5_key":"CreateDialogxRFMxCU_ProgramType::FundingScope-inner"}]}
RESULT: {"script":"<script> [21 bytes]","args":[{"selector":{"id":"CreateDialog::xRFMxCU_ProgramType::FundingScope-inner","searchOpenDialogs":true,"interaction":{"idSuffix":"inner"}},"wdio_ui5_key":"CreateDialogxRFMxCU_ProgramType::FundingScope-inner"}]}
RESULT: undefined
COMMAND: POST /session/c2385f56a648397eaacc8d3cf68bb68b/execute/async - {"script":"<script> [20 bytes]","args":[{"enterText":"Total","selector":{"id":"CreateDialog::xRFMxCU_ProgramType::FundingScope-inner","searchOpenDialogs":true,"interaction":{"idSuffix":"inner"}},"clearTextFirst":true,"interactionType":"ENTER_TEXT"}]}
RESULT: {"script":"<script> [20 bytes]","args":[{"enterText":"Total","selector":{"id":"CreateDialog::xRFMxCU_ProgramType::FundingScope-inner","searchOpenDialogs":true,"interaction":{"idSuffix":"inner"}},"clearTextFirst":true,"interactionType":"ENTER_TEXT"}]}
COMMAND: POST /session/c2385f56a648397eaacc8d3cf68bb68b/execute/async - {"script":"<script> [21 bytes]","args":[{"selector":{"id":"CreateDialog::xRFMxCU_ProgramType::ValidFrom-inner","searchOpenDialogs":true,"interaction":{"idSuffix":"inner"}},"wdio_ui5_key":"CreateDialogxRFMxCU_ProgramType::ValidFrom-inner"}]}
RESULT: {"script":"<script> [21 bytes]","args":[{"selector":{"id":"CreateDialog::xRFMxCU_ProgramType::ValidFrom-inner","searchOpenDialogs":true,"interaction":{"idSuffix":"inner"}},"wdio_ui5_key":"CreateDialogxRFMxCU_ProgramType::ValidFrom-inner"}]}
RESULT: undefined
COMMAND: POST /session/c2385f56a648397eaacc8d3cf68bb68b/execute/async - {"script":"<script> [20 bytes]","args":[{"enterText":"2025-01-01","selector":{"id":"CreateDialog::xRFMxCU_ProgramType::ValidFrom-inner","searchOpenDialogs":true,"interaction":{"idSuffix":"inner"}},"clearTextFirst":true,"interactionType":"ENTER_TEXT"}]}
RESULT: {"script":"<script> [20 bytes]","args":[{"enterText":"2025-01-01","selector":{"id":"CreateDialog::xRFMxCU_ProgramType::ValidFrom-inner","searchOpenDialogs":true,"interaction":{"idSuffix":"inner"}},"clearTextFirst":true,"interactionType":"ENTER_TEXT"}]}
COMMAND: POST /session/c2385f56a648397eaacc8d3cf68bb68b/execute/async - {"script":"<script> [21 bytes]","args":[{"selector":{"id":"CreateDialog::xRFMxCU_ProgramType::PortfolioId-inner","searchOpenDialogs":true,"interaction":{"idSuffix":"inner"}},"wdio_ui5_key":"CreateDialogxRFMxCU_ProgramType::PortfolioId-inner"}]}
RESULT: {"script":"<script> [21 bytes]","args":[{"selector":{"id":"CreateDialog::xRFMxCU_ProgramType::PortfolioId-inner","searchOpenDialogs":true,"interaction":{"idSuffix":"inner"}},"wdio_ui5_key":"CreateDialogxRFMxCU_ProgramType::PortfolioId-inner"}]}
RESULT: undefined
COMMAND: POST /session/c2385f56a648397eaacc8d3cf68bb68b/execute/async - {"script":"<script> [20 bytes]","args":[{"enterText":"1","selector":{"id":"CreateDialog::xRFMxCU_ProgramType::PortfolioId-inner","searchOpenDialogs":true,"interaction":{"idSuffix":"inner"}},"clearTextFirst":true,"interactionType":"ENTER_TEXT"}]}
RESULT: {"script":"<script> [20 bytes]","args":[{"enterText":"1","selector":{"id":"CreateDialog::xRFMxCU_ProgramType::PortfolioId-inner","searchOpenDialogs":true,"interaction":{"idSuffix":"inner"}},"clearTextFirst":true,"interactionType":"ENTER_TEXT"}]}
COMMAND: POST /session/c2385f56a648397eaacc8d3cf68bb68b/execute/async - {"script":"<script> [21 bytes]","args":[{"selector":{"controlType":"sap.m.Button","viewName":"sap.fe.templates.ObjectPage.ObjectPage","viewId":"rfm.programui::xRFMxCU_ProgramObjectPage","properties":{"text":"Continue"},"searchOpenDialogs":true,"interaction":{"idSuffix":"BDI-content"}},"wdio_ui5_key":"sapfe.templates.ObjectPage.ObjectPagesap.m.Button{\"text\":\"Continue\"}"}]}
RESULT: {"script":"<script> [21 bytes]","args":[{"selector":{"controlType":"sap.m.Button","viewName":"sap.fe.templates.ObjectPage.ObjectPage","viewId":"rfm.programui::xRFMxCU_ProgramObjectPage","properties":{"text":"Continue"},"searchOpenDialogs":true,"interaction":{"idSuffix":"BDI-content"}},"wdio_ui5_key":"sapfe.templates.ObjectPage.ObjectPagesap.m.Button{\"text\":\"Continue\"}"}]}
RESULT: undefined
COMMAND: POST /session/c2385f56a648397eaacc8d3cf68bb68b/element - {"using":"xpath","value":"//*[@id=\"__button187\"]"}
RESULT: {"using":"xpath","value":"//*[@id=\"__button187\"]"}
COMMAND: POST /session/c2385f56a648397eaacc8d3cf68bb68b/element/f.0A240B68A77F84A30B8E27BE8FE38A54.d.687E18B43F17A21321720F82E0D55C35.e.310/click - {}
RESULT: {}
COMMAND: GET /session/c2385f56a648397eaacc8d3cf68bb68b/screenshot - {}
RESULT: {}
COMMAND: POST /session/c2385f56a648397eaacc8d3cf68bb68b/execute/async - {"script":"<script> [21 bytes]","args":[{"selector":{"id":"rfm.programui::xRFMxCU_ProgramObjectPage--fe::CustomSubSection::CustomDetailsSection--fe::FormContainer::FieldGroup::basicData1::FormElement::DataField::Currency::Field-edit-inner","interaction":{"idSuffix":"inner"}},"wdio_ui5_key":"rfmprogramui::xRFMxCU_ProgramObjectPage--fe::CustomSubSection::CustomDetailsSection--fe::FormContainer::FieldGroup::basicData1::FormElement::DataField::Currency::Field-edit-inner"}]}
RESULT: {"script":"<script> [21 bytes]","args":[{"selector":{"id":"rfm.programui::xRFMxCU_ProgramObjectPage--fe::CustomSubSection::CustomDetailsSection--fe::FormContainer::FieldGroup::basicData1::FormElement::DataField::Currency::Field-edit-inner","interaction":{"idSuffix":"inner"}},"wdio_ui5_key":"rfmprogramui::xRFMxCU_ProgramObjectPage--fe::CustomSubSection::CustomDetailsSection--fe::FormContainer::FieldGroup::basicData1::FormElement::DataField::Currency::Field-edit-inner"}]}
RESULT: undefined
COMMAND: POST /session/c2385f56a648397eaacc8d3cf68bb68b/execute/async - {"script":"<script> [20 bytes]","args":[{"enterText":"EUR","selector":{"id":"rfm.programui::xRFMxCU_ProgramObjectPage--fe::CustomSubSection::CustomDetailsSection--fe::FormContainer::FieldGroup::basicData1::FormElement::DataField::Currency::Field-edit-inner","interaction":{"idSuffix":"inner"}},"clearTextFirst":true,"interactionType":"ENTER_TEXT"}]}
RESULT: {"script":"<script> [20 bytes]","args":[{"enterText":"EUR","selector":{"id":"rfm.programui::xRFMxCU_ProgramObjectPage--fe::CustomSubSection::CustomDetailsSection--fe::FormContainer::FieldGroup::basicData1::FormElement::DataField::Currency::Field-edit-inner","interaction":{"idSuffix":"inner"}},"clearTextFirst":true,"interactionType":"ENTER_TEXT"}]}
COMMAND: POST /session/c2385f56a648397eaacc8d3cf68bb68b/execute/async - {"script":"<script> [21 bytes]","args":[{"selector":{"id":"rfm.programui::xRFMxCU_ProgramObjectPage--fe::CustomSubSection::CustomDetailsSection--fe::FormContainer::FieldGroup::basicData1::FormElement::DataField::Volume::Field-edit-inner","interaction":{"idSuffix":"inner"}},"wdio_ui5_key":"rfmprogramui::xRFMxCU_ProgramObjectPage--fe::CustomSubSection::CustomDetailsSection--fe::FormContainer::FieldGroup::basicData1::FormElement::DataField::Volume::Field-edit-inner"}]}
RESULT: {"script":"<script> [21 bytes]","args":[{"selector":{"id":"rfm.programui::xRFMxCU_ProgramObjectPage--fe::CustomSubSection::CustomDetailsSection--fe::FormContainer::FieldGroup::basicData1::FormElement::DataField::Volume::Field-edit-inner","interaction":{"idSuffix":"inner"}},"wdio_ui5_key":"rfmprogramui::xRFMxCU_ProgramObjectPage--fe::CustomSubSection::CustomDetailsSection--fe::FormContainer::FieldGroup::basicData1::FormElement::DataField::Volume::Field-edit-inner"}]}
RESULT: undefined
COMMAND: POST /session/c2385f56a648397eaacc8d3cf68bb68b/execute/async - {"script":"<script> [20 bytes]","args":[{"enterText":"1,000,000,000.00","selector":{"id":"rfm.programui::xRFMxCU_ProgramObjectPage--fe::CustomSubSection::CustomDetailsSection--fe::FormContainer::FieldGroup::basicData1::FormElement::DataField::Volume::Field-edit-inner","interaction":{"idSuffix":"inner"}},"clearTextFirst":true,"interactionType":"ENTER_TEXT"}]}
RESULT: {"script":"<script> [20 bytes]","args":[{"enterText":"1,000,000,000.00","selector":{"id":"rfm.programui::xRFMxCU_ProgramObjectPage--fe::CustomSubSection::CustomDetailsSection--fe::FormContainer::FieldGroup::basicData1::FormElement::DataField::Volume::Field-edit-inner","interaction":{"idSuffix":"inner"}},"clearTextFirst":true,"interactionType":"ENTER_TEXT"}]}
COMMAND: POST /session/c2385f56a648397eaacc8d3cf68bb68b/execute/async - {"script":"<script> [21 bytes]","args":[{"selector":{"id":"rfm.programui::xRFMxCU_ProgramObjectPage--fe::CustomSubSection::CustomDetailsSection--fe::FormContainer::FieldGroup::basicData1::FormElement::DataField::ValidTo::Field-edit","interaction":{"idSuffix":"inner"}},"wdio_ui5_key":"rfmprogramui::xRFMxCU_ProgramObjectPage--fe::CustomSubSection::CustomDetailsSection--fe::FormContainer::FieldGroup::basicData1::FormElement::DataField::ValidTo::Field-edit"}]}
RESULT: {"script":"<script> [21 bytes]","args":[{"selector":{"id":"rfm.programui::xRFMxCU_ProgramObjectPage--fe::CustomSubSection::CustomDetailsSection--fe::FormContainer::FieldGroup::basicData1::FormElement::DataField::ValidTo::Field-edit","interaction":{"idSuffix":"inner"}},"wdio_ui5_key":"rfmprogramui::xRFMxCU_ProgramObjectPage--fe::CustomSubSection::CustomDetailsSection--fe::FormContainer::FieldGroup::basicData1::FormElement::DataField::ValidTo::Field-edit"}]}
RESULT: undefined
COMMAND: POST /session/c2385f56a648397eaacc8d3cf68bb68b/execute/async - {"script":"<script> [20 bytes]","args":[{"enterText":"2027-12-31","selector":{"id":"rfm.programui::xRFMxCU_ProgramObjectPage--fe::CustomSubSection::CustomDetailsSection--fe::FormContainer::FieldGroup::basicData1::FormElement::DataField::ValidTo::Field-edit","interaction":{"idSuffix":"inner"}},"clearTextFirst":true,"interactionType":"ENTER_TEXT"}]}
RESULT: {"script":"<script> [20 bytes]","args":[{"enterText":"2027-12-31","selector":{"id":"rfm.programui::xRFMxCU_ProgramObjectPage--fe::CustomSubSection::CustomDetailsSection--fe::FormContainer::FieldGroup::basicData1::FormElement::DataField::ValidTo::Field-edit","interaction":{"idSuffix":"inner"}},"clearTextFirst":true,"interactionType":"ENTER_TEXT"}]}
COMMAND: POST /session/c2385f56a648397eaacc8d3cf68bb68b/execute/async - {"script":"<script> [21 bytes]","args":[{"selector":{"id":"rfm.programui::xRFMxCU_ProgramObjectPage--fe::CustomSubSection::CustomDetailsSection--fe::FormContainer::FieldGroup::basicData2::FormElement::DataField::CompanyCode::Field-edit-inner","interaction":{"idSuffix":"inner"}},"wdio_ui5_key":"rfmprogramui::xRFMxCU_ProgramObjectPage--fe::CustomSubSection::CustomDetailsSection--fe::FormContainer::FieldGroup::basicData2::FormElement::DataField::CompanyCode::Field-edit-inner"}]}
RESULT: {"script":"<script> [21 bytes]","args":[{"selector":{"id":"rfm.programui::xRFMxCU_ProgramObjectPage--fe::CustomSubSection::CustomDetailsSection--fe::FormContainer::FieldGroup::basicData2::FormElement::DataField::CompanyCode::Field-edit-inner","interaction":{"idSuffix":"inner"}},"wdio_ui5_key":"rfmprogramui::xRFMxCU_ProgramObjectPage--fe::CustomSubSection::CustomDetailsSection--fe::FormContainer::FieldGroup::basicData2::FormElement::DataField::CompanyCode::Field-edit-inner"}]}
RESULT: undefined
COMMAND: POST /session/c2385f56a648397eaacc8d3cf68bb68b/execute/async - {"script":"<script> [20 bytes]","args":[{"enterText":"BearingPoint (0001)","selector":{"id":"rfm.programui::xRFMxCU_ProgramObjectPage--fe::CustomSubSection::CustomDetailsSection--fe::FormContainer::FieldGroup::basicData2::FormElement::DataField::CompanyCode::Field-edit-inner","interaction":{"idSuffix":"inner"}},"clearTextFirst":true,"interactionType":"ENTER_TEXT"}]}
RESULT: {"script":"<script> [20 bytes]","args":[{"enterText":"BearingPoint (0001)","selector":{"id":"rfm.programui::xRFMxCU_ProgramObjectPage--fe::CustomSubSection::CustomDetailsSection--fe::FormContainer::FieldGroup::basicData2::FormElement::DataField::CompanyCode::Field-edit-inner","interaction":{"idSuffix":"inner"}},"clearTextFirst":true,"interactionType":"ENTER_TEXT"}]}
COMMAND: POST /session/c2385f56a648397eaacc8d3cf68bb68b/execute/async - {"script":"<script> [21 bytes]","args":[{"selector":{"id":"rfm.programui::xRFMxCU_ProgramObjectPage--fe::CustomSubSection::CustomDetailsSection--DetailsFundingTypesTable-content::StandardAction::Create","interaction":{"idSuffix":"BDI-content"}},"wdio_ui5_key":"rfmprogramui::xRFMxCU_ProgramObjectPage--fe::CustomSubSection::CustomDetailsSection--DetailsFundingTypesTable-content::StandardAction::Create"}]}
RESULT: {"script":"<script> [21 bytes]","args":[{"selector":{"id":"rfm.programui::xRFMxCU_ProgramObjectPage--fe::CustomSubSection::CustomDetailsSection--DetailsFundingTypesTable-content::StandardAction::Create","interaction":{"idSuffix":"BDI-content"}},"wdio_ui5_key":"rfmprogramui::xRFMxCU_ProgramObjectPage--fe::CustomSubSection::CustomDetailsSection--DetailsFundingTypesTable-content::StandardAction::Create"}]}
RESULT: undefined
COMMAND: POST /session/c2385f56a648397eaacc8d3cf68bb68b/element - {"using":"xpath","value":"//*[@id=\"rfm.programui::xRFMxCU_ProgramObjectPage--fe::CustomSubSection::CustomDetailsSection--DetailsFundingTypesTable-content::StandardAction::Create\"]"}
RESULT: {"using":"xpath","value":"//*[@id=\"rfm.programui::xRFMxCU_ProgramObjectPage--fe::CustomSubSection::CustomDetailsSection--DetailsFundingTypesTable-content::StandardAction::Create\"]"}
COMMAND: POST /session/c2385f56a648397eaacc8d3cf68bb68b/element/f.0A240B68A77F84A30B8E27BE8FE38A54.d.687E18B43F17A21321720F82E0D55C35.e.363/click - {}
RESULT: {}
COMMAND: POST /session/c2385f56a648397eaacc8d3cf68bb68b/execute/async - {"script":"<script> [21 bytes]","args":[{"selector":{"id":"CreateDialog::xRFMxCU_ProgramFundingTypeType::FundingType-inner","searchOpenDialogs":true,"interaction":{"idSuffix":"inner"}},"wdio_ui5_key":"CreateDialogxRFMxCU_ProgramFundingTypeType::FundingType-inner"}]}
COMMAND: GET /session/c2385f56a648397eaacc8d3cf68bb68b/screenshot - {}
RESULT: {"script":"<script> [21 bytes]","args":[{"selector":{"id":"CreateDialog::xRFMxCU_ProgramFundingTypeType::FundingType-inner","searchOpenDialogs":true,"interaction":{"idSuffix":"inner"}},"wdio_ui5_key":"CreateDialogxRFMxCU_ProgramFundingTypeType::FundingType-inner"}]}
RESULT: undefined
COMMAND: POST /session/c2385f56a648397eaacc8d3cf68bb68b/execute/async - {"script":"<script> [20 bytes]","args":[{"enterText":"External Funding (40)","selector":{"id":"CreateDialog::xRFMxCU_ProgramFundingTypeType::FundingType-inner","searchOpenDialogs":true,"interaction":{"idSuffix":"inner"}},"clearTextFirst":true,"interactionType":"ENTER_TEXT"}]}
RESULT: {}
RESULT: {"script":"<script> [20 bytes]","args":[{"enterText":"External Funding (40)","selector":{"id":"CreateDialog::xRFMxCU_ProgramFundingTypeType::FundingType-inner","searchOpenDialogs":true,"interaction":{"idSuffix":"inner"}},"clearTextFirst":true,"interactionType":"ENTER_TEXT"}]}
COMMAND: POST /session/c2385f56a648397eaacc8d3cf68bb68b/execute/async - {"script":"<script> [21 bytes]","args":[{"selector":{"id":"CreateDialog::xRFMxCU_Program::_AllowedFundingType-footer","searchOpenDialogs":true},"wdio_ui5_key":"CreateDialogxRFMxCU_Program::_AllowedFundingType-footer"}]}
RESULT: {"script":"<script> [21 bytes]","args":[{"selector":{"id":"CreateDialog::xRFMxCU_Program::_AllowedFundingType-footer","searchOpenDialogs":true},"wdio_ui5_key":"CreateDialogxRFMxCU_Program::_AllowedFundingType-footer"}]}
RESULT: undefined
COMMAND: POST /session/c2385f56a648397eaacc8d3cf68bb68b/element - {"using":"xpath","value":"//*[@id=\"CreateDialog::xRFMxCU_Program::_AllowedFundingType-footer\"]"}
RESULT: {"using":"xpath","value":"//*[@id=\"CreateDialog::xRFMxCU_Program::_AllowedFundingType-footer\"]"}
COMMAND: POST /session/c2385f56a648397eaacc8d3cf68bb68b/element/f.0A240B68A77F84A30B8E27BE8FE38A54.d.687E18B43F17A21321720F82E0D55C35.e.503/click - {}
RESULT: {}
COMMAND: GET /session/c2385f56a648397eaacc8d3cf68bb68b/screenshot - {}
RESULT: {}
COMMAND: POST /session/c2385f56a648397eaacc8d3cf68bb68b/execute/async - {"script":"<script> [21 bytes]","args":[{"forceSelect":true,"selector":{"controlType":"sap.m.Button","viewName":"sap.fe.templates.ObjectPage.ObjectPage","viewId":"rfm.programui::xRFMxCU_Program__AllowedFundingTypeObjectPage","properties":{"text":"Continue"},"searchOpenDialogs":true,"interaction":{"idSuffix":"content"}},"wdio_ui5_key":"sapfe.templates.ObjectPage.ObjectPagesap.m.Button{\"text\":\"Continue\"}"}]}
RESULT: {"script":"<script> [21 bytes]","args":[{"forceSelect":true,"selector":{"controlType":"sap.m.Button","viewName":"sap.fe.templates.ObjectPage.ObjectPage","viewId":"rfm.programui::xRFMxCU_Program__AllowedFundingTypeObjectPage","properties":{"text":"Continue"},"searchOpenDialogs":true,"interaction":{"idSuffix":"content"}},"wdio_ui5_key":"sapfe.templates.ObjectPage.ObjectPagesap.m.Button{\"text\":\"Continue\"}"}]}
RESULT: undefined
COMMAND: POST /session/c2385f56a648397eaacc8d3cf68bb68b/element - {"using":"xpath","value":"//*[@id=\"__button199\"]"}
RESULT: {"using":"xpath","value":"//*[@id=\"__button199\"]"}
COMMAND: POST /session/c2385f56a648397eaacc8d3cf68bb68b/element/f.0A240B68A77F84A30B8E27BE8FE38A54.d.687E18B43F17A21321720F82E0D55C35.e.505/click - {}
RESULT: {}
COMMAND: GET /session/c2385f56a648397eaacc8d3cf68bb68b/screenshot - {}
RESULT: {}
COMMAND: POST /session/c2385f56a648397eaacc8d3cf68bb68b/execute/async - {"script":"<script> [21 bytes]","args":[{"selector":{"id":"rfm.programui::xRFMxCU_Program__AllowedFundingTypeObjectPage--fe::FooterBar::_fc"},"wdio_ui5_key":"rfmprogramui::xRFMxCU_Program__AllowedFundingTypeObjectPage--fe::FooterBar::_fc"}]}
RESULT: {"script":"<script> [21 bytes]","args":[{"selector":{"id":"rfm.programui::xRFMxCU_Program__AllowedFundingTypeObjectPage--fe::FooterBar::_fc"},"wdio_ui5_key":"rfmprogramui::xRFMxCU_Program__AllowedFundingTypeObjectPage--fe::FooterBar::_fc"}]}
RESULT: undefined
COMMAND: POST /session/c2385f56a648397eaacc8d3cf68bb68b/element - {"using":"xpath","value":"//*[@id=\"rfm.programui::xRFMxCU_Program__AllowedFundingTypeObjectPage--fe::FooterBar::_fc\"]"}
RESULT: {"using":"xpath","value":"//*[@id=\"rfm.programui::xRFMxCU_Program__AllowedFundingTypeObjectPage--fe::FooterBar::_fc\"]"}
COMMAND: POST /session/c2385f56a648397eaacc8d3cf68bb68b/element/f.0A240B68A77F84A30B8E27BE8FE38A54.d.687E18B43F17A21321720F82E0D55C35.e.511/click - {}
RESULT: {}
COMMAND: GET /session/c2385f56a648397eaacc8d3cf68bb68b/screenshot - {}
RESULT: {}
COMMAND: POST /session/c2385f56a648397eaacc8d3cf68bb68b/execute/async - {"script":"<script> [21 bytes]","args":[{"forceSelect":true,"selector":{"id":"rfm.programui::xRFMxCU_Program__AllowedFundingTypeObjectPage--fe::FooterBar::StandardAction::Apply"},"wdio_ui5_key":"rfmprogramui::xRFMxCU_Program__AllowedFundingTypeObjectPage--fe::FooterBar::StandardAction::Apply"}]}
RESULT: {"script":"<script> [21 bytes]","args":[{"forceSelect":true,"selector":{"id":"rfm.programui::xRFMxCU_Program__AllowedFundingTypeObjectPage--fe::FooterBar::StandardAction::Apply"},"wdio_ui5_key":"rfmprogramui::xRFMxCU_Program__AllowedFundingTypeObjectPage--fe::FooterBar::StandardAction::Apply"}]}
RESULT: undefined
COMMAND: POST /session/c2385f56a648397eaacc8d3cf68bb68b/element - {"using":"xpath","value":"//*[@id=\"rfm.programui::xRFMxCU_Program__AllowedFundingTypeObjectPage--fe::FooterBar::StandardAction::Apply\"]"}
RESULT: {"using":"xpath","value":"//*[@id=\"rfm.programui::xRFMxCU_Program__AllowedFundingTypeObjectPage--fe::FooterBar::StandardAction::Apply\"]"}
COMMAND: POST /session/c2385f56a648397eaacc8d3cf68bb68b/element/f.0A240B68A77F84A30B8E27BE8FE38A54.d.687E18B43F17A21321720F82E0D55C35.e.494/click - {}
RESULT: {}
COMMAND: GET /session/c2385f56a648397eaacc8d3cf68bb68b/screenshot - {}
RESULT: {}
COMMAND: POST /session/c2385f56a648397eaacc8d3cf68bb68b/execute/async - {"script":"<script> [21 bytes]","args":[{"selector":{"id":"rfm.programui::xRFMxCU_ProgramObjectPage--fe::ObjectPage-anchBar-rfm.programui::xRFMxCU_ProgramObjectPage--fe::EditableHeaderSection-anchor","interaction":{"idSuffix":"text"}},"wdio_ui5_key":"rfmprogramui::xRFMxCU_ProgramObjectPage--fe::ObjectPage-anchBar-rfm.programui::xRFMxCU_ProgramObjectPage--fe::EditableHeaderSection-anchor"}]}
RESULT: {"script":"<script> [21 bytes]","args":[{"selector":{"id":"rfm.programui::xRFMxCU_ProgramObjectPage--fe::ObjectPage-anchBar-rfm.programui::xRFMxCU_ProgramObjectPage--fe::EditableHeaderSection-anchor","interaction":{"idSuffix":"text"}},"wdio_ui5_key":"rfmprogramui::xRFMxCU_ProgramObjectPage--fe::ObjectPage-anchBar-rfm.programui::xRFMxCU_ProgramObjectPage--fe::EditableHeaderSection-anchor"}]}
RESULT: undefined
COMMAND: POST /session/c2385f56a648397eaacc8d3cf68bb68b/element - {"using":"xpath","value":"//*[@id=\"rfm.programui::xRFMxCU_ProgramObjectPage--fe::ObjectPage-anchBar-rfm.programui::xRFMxCU_ProgramObjectPage--fe::EditableHeaderSection-anchor\"]"}
RESULT: {"using":"xpath","value":"//*[@id=\"rfm.programui::xRFMxCU_ProgramObjectPage--fe::ObjectPage-anchBar-rfm.programui::xRFMxCU_ProgramObjectPage--fe::EditableHeaderSection-anchor\"]"}
COMMAND: POST /session/c2385f56a648397eaacc8d3cf68bb68b/element/f.0A240B68A77F84A30B8E27BE8FE38A54.d.687E18B43F17A21321720F82E0D55C35.e.563/click - {}
RESULT: {}
COMMAND: GET /session/c2385f56a648397eaacc8d3cf68bb68b/screenshot - {}
RESULT: {}
COMMAND: POST /session/c2385f56a648397eaacc8d3cf68bb68b/execute/async - {"script":"<script> [21 bytes]","args":[{"selector":{"id":"rfm.programui::xRFMxCU_ProgramObjectPage--fe::HeaderFacet::FormContainer::headerFieldsGP1::FormElement::DataField::Name::Field-edit","interaction":{"idSuffix":"inner"}},"wdio_ui5_key":"rfmprogramui::xRFMxCU_ProgramObjectPage--fe::HeaderFacet::FormContainer::headerFieldsGP1::FormElement::DataField::Name::Field-edit"}]}
RESULT: {"script":"<script> [21 bytes]","args":[{"selector":{"id":"rfm.programui::xRFMxCU_ProgramObjectPage--fe::HeaderFacet::FormContainer::headerFieldsGP1::FormElement::DataField::Name::Field-edit","interaction":{"idSuffix":"inner"}},"wdio_ui5_key":"rfmprogramui::xRFMxCU_ProgramObjectPage--fe::HeaderFacet::FormContainer::headerFieldsGP1::FormElement::DataField::Name::Field-edit"}]}
RESULT: undefined
COMMAND: POST /session/c2385f56a648397eaacc8d3cf68bb68b/execute/async - {"script":"<script> [20 bytes]","args":[{"enterText":"WDIO_Replenishment_2025-08-14_22-42-38","selector":{"id":"rfm.programui::xRFMxCU_ProgramObjectPage--fe::HeaderFacet::FormContainer::headerFieldsGP1::FormElement::DataField::Name::Field-edit","interaction":{"idSuffix":"inner"}},"clearTextFirst":true,"interactionType":"ENTER_TEXT"}]}
RESULT: {"script":"<script> [20 bytes]","args":[{"enterText":"WDIO_Replenishment_2025-08-14_22-42-38","selector":{"id":"rfm.programui::xRFMxCU_ProgramObjectPage--fe::HeaderFacet::FormContainer::headerFieldsGP1::FormElement::DataField::Name::Field-edit","interaction":{"idSuffix":"inner"}},"clearTextFirst":true,"interactionType":"ENTER_TEXT"}]}
COMMAND: POST /session/c2385f56a648397eaacc8d3cf68bb68b/execute/async - {"script":"<script> [21 bytes]","args":[{"selector":{"id":"rfm.programui::xRFMxCU_ProgramObjectPage--fe::FooterBar::StandardAction::Save","interaction":{"idSuffix":"BDI-content"}},"wdio_ui5_key":"rfmprogramui::xRFMxCU_ProgramObjectPage--fe::FooterBar::StandardAction::Save"}]}
RESULT: {"script":"<script> [21 bytes]","args":[{"selector":{"id":"rfm.programui::xRFMxCU_ProgramObjectPage--fe::FooterBar::StandardAction::Save","interaction":{"idSuffix":"BDI-content"}},"wdio_ui5_key":"rfmprogramui::xRFMxCU_ProgramObjectPage--fe::FooterBar::StandardAction::Save"}]}
RESULT: undefined
COMMAND: POST /session/c2385f56a648397eaacc8d3cf68bb68b/element - {"using":"xpath","value":"//*[@id=\"rfm.programui::xRFMxCU_ProgramObjectPage--fe::FooterBar::StandardAction::Save\"]"}
RESULT: {"using":"xpath","value":"//*[@id=\"rfm.programui::xRFMxCU_ProgramObjectPage--fe::FooterBar::StandardAction::Save\"]"}
COMMAND: POST /session/c2385f56a648397eaacc8d3cf68bb68b/element/f.0A240B68A77F84A30B8E27BE8FE38A54.d.687E18B43F17A21321720F82E0D55C35.e.418/click - {}
RESULT: {}
COMMAND: POST /session/c2385f56a648397eaacc8d3cf68bb68b/execute/async - {"script":"<script> [21 bytes]","args":[{"selector":{"id":"rfm.programui::xRFMxCU_ProgramObjectPage--fe::HeaderFacet::Form::headerFieldsGP1::DataField::ProgramId::Field-content"},"wdio_ui5_key":"rfmprogramui::xRFMxCU_ProgramObjectPage--fe::HeaderFacet::Form::headerFieldsGP1::DataField::ProgramId::Field-content"}]}
COMMAND: GET /session/c2385f56a648397eaacc8d3cf68bb68b/screenshot - {}
RESULT: {"script":"<script> [21 bytes]","args":[{"selector":{"id":"rfm.programui::xRFMxCU_ProgramObjectPage--fe::HeaderFacet::Form::headerFieldsGP1::DataField::ProgramId::Field-content"},"wdio_ui5_key":"rfmprogramui::xRFMxCU_ProgramObjectPage--fe::HeaderFacet::Form::headerFieldsGP1::DataField::ProgramId::Field-content"}]}
RESULT: undefined
COMMAND: POST /session/c2385f56a648397eaacc8d3cf68bb68b/execute/async - {"script":"<script> [21 bytes]","args":[{"element-6066-11e4-a52e-4f735466cecf":"f.0A240B68A77F84A30B8E27BE8FE38A54.d.687E18B43F17A21321720F82E0D55C35.e.580"},"getText",[]]}
RESULT: {}
RESULT: {"script":"<script> [21 bytes]","args":[{"element-6066-11e4-a52e-4f735466cecf":"f.0A240B68A77F84A30B8E27BE8FE38A54.d.687E18B43F17A21321720F82E0D55C35.e.580"},"getText",[]]}
COMMAND: POST /session/c2385f56a648397eaacc8d3cf68bb68b/execute/async - {"script":"<script> [21 bytes]","args":[{"selector":{"id":"rfm.programui::xRFMxCU_ProgramObjectPage--fe::DataFieldForAction::com.sap.gateway.srvd.rfm.ui_program.v0001.Open::com.sap.gateway.srvd.rfm.ui_program.v0001.xRFMxCU_ProgramType","interaction":{"idSuffix":"BDI-content"}},"wdio_ui5_key":"rfmprogramui::xRFMxCU_ProgramObjectPage--fe::DataFieldForAction::com.sap.gateway.srvd.rfm.ui_program.v0001.Open::com.sap.gateway.srvd.rfm.ui_program.v0001.xRFMxCU_ProgramType"}]}
RESULT: {"script":"<script> [21 bytes]","args":[{"selector":{"id":"rfm.programui::xRFMxCU_ProgramObjectPage--fe::DataFieldForAction::com.sap.gateway.srvd.rfm.ui_program.v0001.Open::com.sap.gateway.srvd.rfm.ui_program.v0001.xRFMxCU_ProgramType","interaction":{"idSuffix":"BDI-content"}},"wdio_ui5_key":"rfmprogramui::xRFMxCU_ProgramObjectPage--fe::DataFieldForAction::com.sap.gateway.srvd.rfm.ui_program.v0001.Open::com.sap.gateway.srvd.rfm.ui_program.v0001.xRFMxCU_ProgramType"}]}
RESULT: undefined
COMMAND: POST /session/c2385f56a648397eaacc8d3cf68bb68b/element - {"using":"xpath","value":"//*[@id=\"rfm.programui::xRFMxCU_ProgramObjectPage--fe::DataFieldForAction::com.sap.gateway.srvd.rfm.ui_program.v0001.Open::com.sap.gateway.srvd.rfm.ui_program.v0001.xRFMxCU_ProgramType\"]"}
RESULT: {"using":"xpath","value":"//*[@id=\"rfm.programui::xRFMxCU_ProgramObjectPage--fe::DataFieldForAction::com.sap.gateway.srvd.rfm.ui_program.v0001.Open::com.sap.gateway.srvd.rfm.ui_program.v0001.xRFMxCU_ProgramType\"]"}
COMMAND: POST /session/c2385f56a648397eaacc8d3cf68bb68b/element/f.0A240B68A77F84A30B8E27BE8FE38A54.d.687E18B43F17A21321720F82E0D55C35.e.341/click - {}
RESULT: {}
COMMAND: GET /session/c2385f56a648397eaacc8d3cf68bb68b/screenshot - {}
RESULT: {}
COMMAND: POST /session/c2385f56a648397eaacc8d3cf68bb68b/execute/async - {"script":"<script> [21 bytes]","args":[{"selector":{"controlType":"sap.m.Button","properties":{"text":"OK"},"searchOpenDialogs":true,"interaction":{"idSuffix":"BDI-content"}},"wdio_ui5_key":"sapm.Button{\"text\":\"OK\"}"}]}
RESULT: {"script":"<script> [21 bytes]","args":[{"selector":{"controlType":"sap.m.Button","properties":{"text":"OK"},"searchOpenDialogs":true,"interaction":{"idSuffix":"BDI-content"}},"wdio_ui5_key":"sapm.Button{\"text\":\"OK\"}"}]}
RESULT: undefined
COMMAND: POST /session/c2385f56a648397eaacc8d3cf68bb68b/element - {"using":"xpath","value":"//*[@id=\"__mbox-btn-0\"]"}
RESULT: {"using":"xpath","value":"//*[@id=\"__mbox-btn-0\"]"}
COMMAND: POST /session/c2385f56a648397eaacc8d3cf68bb68b/element/f.0A240B68A77F84A30B8E27BE8FE38A54.d.687E18B43F17A21321720F82E0D55C35.e.582/click - {}
RESULT: {}
COMMAND: POST /session/c2385f56a648397eaacc8d3cf68bb68b/execute/async - {"script":"<script> [21 bytes]","args":[{"selector":{"id":"backBtn"},"wdio_ui5_key":"backBtn"}]}
COMMAND: GET /session/c2385f56a648397eaacc8d3cf68bb68b/screenshot - {}
RESULT: {"script":"<script> [21 bytes]","args":[{"selector":{"id":"backBtn"},"wdio_ui5_key":"backBtn"}]}
RESULT: undefined
COMMAND: POST /session/c2385f56a648397eaacc8d3cf68bb68b/element - {"using":"xpath","value":"//*[@id=\"backBtn\"]"}
RESULT: {}
RESULT: {"using":"xpath","value":"//*[@id=\"backBtn\"]"}
COMMAND: POST /session/c2385f56a648397eaacc8d3cf68bb68b/element/f.0A240B68A77F84A30B8E27BE8FE38A54.d.687E18B43F17A21321720F82E0D55C35.e.587/click - {}
RESULT: {}
COMMAND: GET /session/c2385f56a648397eaacc8d3cf68bb68b/screenshot - {}
RESULT: {}
COMMAND: POST /session/c2385f56a648397eaacc8d3cf68bb68b/element/f.0A240B68A77F84A30B8E27BE8FE38A54.d.687E18B43F17A21321720F82E0D55C35.e.587/click - {}
COMMAND: GET /session/c2385f56a648397eaacc8d3cf68bb68b/screenshot - {}
]]></system-out>
    </testcase>
    <testcase classname="chrome.138_0_7204_184.windows.Replenishment" name="Should create asset 1" time="163.753">
      <system-out><![CDATA[
RESULT: {}
COMMAND: GET /session/c2385f56a648397eaacc8d3cf68bb68b/screenshot - {}
RESULT: {}
RESULT: {}
COMMAND: POST /session/c2385f56a648397eaacc8d3cf68bb68b/execute/async - {"script":"<script> [21 bytes]","args":[{"selector":{"controlType":"sap.m.GenericTile","properties":{"header":"Funding Asset"}},"wdio_ui5_key":"sapm.GenericTile{\"header\":\"Funding Asset\"}"}]}
RESULT: {"script":"<script> [21 bytes]","args":[{"selector":{"controlType":"sap.m.GenericTile","properties":{"header":"Funding Asset"}},"wdio_ui5_key":"sapm.GenericTile{\"header\":\"Funding Asset\"}"}]}
RESULT: undefined
COMMAND: POST /session/c2385f56a648397eaacc8d3cf68bb68b/element - {"using":"xpath","value":"//*[@id=\"__tile53\"]"}
RESULT: {"using":"xpath","value":"//*[@id=\"__tile53\"]"}
COMMAND: POST /session/c2385f56a648397eaacc8d3cf68bb68b/element/f.0A240B68A77F84A30B8E27BE8FE38A54.d.687E18B43F17A21321720F82E0D55C35.e.677/click - {}
RESULT: {}
COMMAND: POST /session/c2385f56a648397eaacc8d3cf68bb68b/execute/async - {"script":"<script> [21 bytes]","args":[{"selector":{"id":"rfm.assetui::xRFMxCU_AssetList--fe::table::allTab::LineItem::StandardAction::Create","controlType":"sap.m.Button"},"wdio_ui5_key":"rfmassetui::xRFMxCU_AssetList--fe::table::allTab::LineItem::StandardAction::Createsap.m.Button"}]}
COMMAND: GET /session/c2385f56a648397eaacc8d3cf68bb68b/screenshot - {}
RESULT: {"script":"<script> [21 bytes]","args":[{"selector":{"id":"rfm.assetui::xRFMxCU_AssetList--fe::table::allTab::LineItem::StandardAction::Create","controlType":"sap.m.Button"},"wdio_ui5_key":"rfmassetui::xRFMxCU_AssetList--fe::table::allTab::LineItem::StandardAction::Createsap.m.Button"}]}
RESULT: undefined
COMMAND: POST /session/c2385f56a648397eaacc8d3cf68bb68b/element - {"using":"xpath","value":"//*[@id=\"rfm.assetui::xRFMxCU_AssetList--fe::table::allTab::LineItem::StandardAction::Create\"]"}
RESULT: {}
RESULT: {"using":"xpath","value":"//*[@id=\"rfm.assetui::xRFMxCU_AssetList--fe::table::allTab::LineItem::StandardAction::Create\"]"}
COMMAND: POST /session/c2385f56a648397eaacc8d3cf68bb68b/element/f.0A240B68A77F84A30B8E27BE8FE38A54.d.687E18B43F17A21321720F82E0D55C35.e.701/click - {}
RESULT: {}
COMMAND: GET /session/c2385f56a648397eaacc8d3cf68bb68b/screenshot - {}
RESULT: {}
COMMAND: POST /session/c2385f56a648397eaacc8d3cf68bb68b/execute/async - {"script":"<script> [21 bytes]","args":[{"selector":{"id":"CreateDialog::xRFMxCU_AssetType::AssetIdExtern-inner","controlType":"sap.ui.mdc.field.FieldInput","searchOpenDialogs":true},"wdio_ui5_key":"CreateDialogxRFMxCU_AssetType::AssetIdExtern-innersap.ui.mdc.field.FieldInput"}]}
RESULT: {"script":"<script> [21 bytes]","args":[{"selector":{"id":"CreateDialog::xRFMxCU_AssetType::AssetIdExtern-inner","controlType":"sap.ui.mdc.field.FieldInput","searchOpenDialogs":true},"wdio_ui5_key":"CreateDialogxRFMxCU_AssetType::AssetIdExtern-innersap.ui.mdc.field.FieldInput"}]}
RESULT: undefined
COMMAND: POST /session/c2385f56a648397eaacc8d3cf68bb68b/execute/async - {"script":"<script> [21 bytes]","args":[{"element-6066-11e4-a52e-4f735466cecf":"f.0A240B68A77F84A30B8E27BE8FE38A54.d.687E18B43F17A21321720F82E0D55C35.e.921"},"setValue",["WDIO_Replenishment_2025-08-14_22-42-38"]]}
RESULT: {"script":"<script> [21 bytes]","args":[{"element-6066-11e4-a52e-4f735466cecf":"f.0A240B68A77F84A30B8E27BE8FE38A54.d.687E18B43F17A21321720F82E0D55C35.e.921"},"setValue",["WDIO_Replenishment_2025-08-14_22-42-38"]]}
COMMAND: POST /session/c2385f56a648397eaacc8d3cf68bb68b/execute/async - {"script":"<script> [21 bytes]","args":[{"selector":{"id":"CreateDialog::xRFMxCU_AssetType::ExternalSystem-inner","searchOpenDialogs":true,"interaction":{"idSuffix":"inner"}},"wdio_ui5_key":"CreateDialogxRFMxCU_AssetType::ExternalSystem-inner"}]}
RESULT: {"script":"<script> [21 bytes]","args":[{"selector":{"id":"CreateDialog::xRFMxCU_AssetType::ExternalSystem-inner","searchOpenDialogs":true,"interaction":{"idSuffix":"inner"}},"wdio_ui5_key":"CreateDialogxRFMxCU_AssetType::ExternalSystem-inner"}]}
RESULT: undefined
COMMAND: POST /session/c2385f56a648397eaacc8d3cf68bb68b/execute/async - {"script":"<script> [20 bytes]","args":[{"enterText":"Test","selector":{"id":"CreateDialog::xRFMxCU_AssetType::ExternalSystem-inner","searchOpenDialogs":true,"interaction":{"idSuffix":"inner"}},"clearTextFirst":true,"interactionType":"ENTER_TEXT"}]}
RESULT: {"script":"<script> [20 bytes]","args":[{"enterText":"Test","selector":{"id":"CreateDialog::xRFMxCU_AssetType::ExternalSystem-inner","searchOpenDialogs":true,"interaction":{"idSuffix":"inner"}},"clearTextFirst":true,"interactionType":"ENTER_TEXT"}]}
COMMAND: POST /session/c2385f56a648397eaacc8d3cf68bb68b/execute/async - {"script":"<script> [21 bytes]","args":[{"selector":{"id":"CreateDialog::xRFMxCU_AssetType::InitiationDate-inner","controlType":"sap.m.DatePicker","searchOpenDialogs":true},"wdio_ui5_key":"CreateDialogxRFMxCU_AssetType::InitiationDate-innersap.m.DatePicker"}]}
RESULT: {"script":"<script> [21 bytes]","args":[{"selector":{"id":"CreateDialog::xRFMxCU_AssetType::InitiationDate-inner","controlType":"sap.m.DatePicker","searchOpenDialogs":true},"wdio_ui5_key":"CreateDialogxRFMxCU_AssetType::InitiationDate-innersap.m.DatePicker"}]}
RESULT: undefined
COMMAND: POST /session/c2385f56a648397eaacc8d3cf68bb68b/execute/async - {"script":"<script> [21 bytes]","args":[{"element-6066-11e4-a52e-4f735466cecf":"f.0A240B68A77F84A30B8E27BE8FE38A54.d.687E18B43F17A21321720F82E0D55C35.e.922"},"setValue",["2025-01-01"]]}
RESULT: {"script":"<script> [21 bytes]","args":[{"element-6066-11e4-a52e-4f735466cecf":"f.0A240B68A77F84A30B8E27BE8FE38A54.d.687E18B43F17A21321720F82E0D55C35.e.922"},"setValue",["2025-01-01"]]}
COMMAND: POST /session/c2385f56a648397eaacc8d3cf68bb68b/execute/async - {"script":"<script> [21 bytes]","args":[{"selector":{"id":"CreateDialog::xRFMxCU_AssetType::ClosingDate-inner","controlType":"sap.m.DatePicker","searchOpenDialogs":true},"wdio_ui5_key":"CreateDialogxRFMxCU_AssetType::ClosingDate-innersap.m.DatePicker"}]}
RESULT: {"script":"<script> [21 bytes]","args":[{"selector":{"id":"CreateDialog::xRFMxCU_AssetType::ClosingDate-inner","controlType":"sap.m.DatePicker","searchOpenDialogs":true},"wdio_ui5_key":"CreateDialogxRFMxCU_AssetType::ClosingDate-innersap.m.DatePicker"}]}
RESULT: undefined
COMMAND: POST /session/c2385f56a648397eaacc8d3cf68bb68b/execute/async - {"script":"<script> [21 bytes]","args":[{"element-6066-11e4-a52e-4f735466cecf":"f.0A240B68A77F84A30B8E27BE8FE38A54.d.687E18B43F17A21321720F82E0D55C35.e.923"},"setValue",["2027-12-31"]]}
RESULT: {"script":"<script> [21 bytes]","args":[{"element-6066-11e4-a52e-4f735466cecf":"f.0A240B68A77F84A30B8E27BE8FE38A54.d.687E18B43F17A21321720F82E0D55C35.e.923"},"setValue",["2027-12-31"]]}
COMMAND: POST /session/c2385f56a648397eaacc8d3cf68bb68b/execute/async - {"script":"<script> [21 bytes]","args":[{"forceSelect":true,"selector":{"controlType":"sap.m.Button","properties":{"text":"Continue"},"searchOpenDialogs":true},"wdio_ui5_key":"sapm.Button{\"text\":\"Continue\"}"}]}
RESULT: {"script":"<script> [21 bytes]","args":[{"forceSelect":true,"selector":{"controlType":"sap.m.Button","properties":{"text":"Continue"},"searchOpenDialogs":true},"wdio_ui5_key":"sapm.Button{\"text\":\"Continue\"}"}]}
RESULT: undefined
COMMAND: POST /session/c2385f56a648397eaacc8d3cf68bb68b/execute/async - {"script":"<script> [21 bytes]","args":[{"selector":{"id":"__button233"}}]}
RESULT: {"script":"<script> [21 bytes]","args":[{"selector":{"id":"__button233"}}]}
COMMAND: POST /session/c2385f56a648397eaacc8d3cf68bb68b/execute/async - {"script":"<script> [21 bytes]","args":[{"element-6066-11e4-a52e-4f735466cecf":"f.0A240B68A77F84A30B8E27BE8FE38A54.d.687E18B43F17A21321720F82E0D55C35.e.936"},"getVisible",[]]}
RESULT: {"script":"<script> [21 bytes]","args":[{"element-6066-11e4-a52e-4f735466cecf":"f.0A240B68A77F84A30B8E27BE8FE38A54.d.687E18B43F17A21321720F82E0D55C35.e.936"},"getVisible",[]]}
COMMAND: POST /session/c2385f56a648397eaacc8d3cf68bb68b/execute/async - {"script":"<script> [21 bytes]","args":[{"selector":{"id":"__button233"}}]}
RESULT: {"script":"<script> [21 bytes]","args":[{"selector":{"id":"__button233"}}]}
COMMAND: POST /session/c2385f56a648397eaacc8d3cf68bb68b/execute/async - {"script":"<script> [21 bytes]","args":[{"element-6066-11e4-a52e-4f735466cecf":"f.0A240B68A77F84A30B8E27BE8FE38A54.d.687E18B43F17A21321720F82E0D55C35.e.936"},"getEnabled",[]]}
RESULT: {"script":"<script> [21 bytes]","args":[{"element-6066-11e4-a52e-4f735466cecf":"f.0A240B68A77F84A30B8E27BE8FE38A54.d.687E18B43F17A21321720F82E0D55C35.e.936"},"getEnabled",[]]}
COMMAND: POST /session/c2385f56a648397eaacc8d3cf68bb68b/element - {"using":"xpath","value":"//*[@id=\"__button233\"]"}
RESULT: {"using":"xpath","value":"//*[@id=\"__button233\"]"}
COMMAND: POST /session/c2385f56a648397eaacc8d3cf68bb68b/element/f.0A240B68A77F84A30B8E27BE8FE38A54.d.687E18B43F17A21321720F82E0D55C35.e.936/click - {}
RESULT: {}
COMMAND: POST /session/c2385f56a648397eaacc8d3cf68bb68b/execute/async - {"script":"<script> [21 bytes]","args":[{"selector":{"id":"rfm.assetui::xRFMxCU_AssetObjectPage--fe::FormContainer::FieldGroup::detailsFieldsGP1::FormElement::DataFieldWithIntentBasedNavigation::PartnerId::Debtor::Manage::Field-edit","interaction":{"idSuffix":"inner"}},"wdio_ui5_key":"rfmassetui::xRFMxCU_AssetObjectPage--fe::FormContainer::FieldGroup::detailsFieldsGP1::FormElement::DataFieldWithIntentBasedNavigation::PartnerId::Debtor::Manage::Field-edit"}]}
COMMAND: GET /session/c2385f56a648397eaacc8d3cf68bb68b/screenshot - {}
RESULT: {"script":"<script> [21 bytes]","args":[{"selector":{"id":"rfm.assetui::xRFMxCU_AssetObjectPage--fe::FormContainer::FieldGroup::detailsFieldsGP1::FormElement::DataFieldWithIntentBasedNavigation::PartnerId::Debtor::Manage::Field-edit","interaction":{"idSuffix":"inner"}},"wdio_ui5_key":"rfmassetui::xRFMxCU_AssetObjectPage--fe::FormContainer::FieldGroup::detailsFieldsGP1::FormElement::DataFieldWithIntentBasedNavigation::PartnerId::Debtor::Manage::Field-edit"}]}
RESULT: undefined
COMMAND: POST /session/c2385f56a648397eaacc8d3cf68bb68b/execute/async - {"script":"<script> [20 bytes]","args":[{"enterText":"117009960","selector":{"id":"rfm.assetui::xRFMxCU_AssetObjectPage--fe::FormContainer::FieldGroup::detailsFieldsGP1::FormElement::DataFieldWithIntentBasedNavigation::PartnerId::Debtor::Manage::Field-edit","interaction":{"idSuffix":"inner"}},"clearTextFirst":true,"interactionType":"ENTER_TEXT"}]}
RESULT: {}
RESULT: {"script":"<script> [20 bytes]","args":[{"enterText":"117009960","selector":{"id":"rfm.assetui::xRFMxCU_AssetObjectPage--fe::FormContainer::FieldGroup::detailsFieldsGP1::FormElement::DataFieldWithIntentBasedNavigation::PartnerId::Debtor::Manage::Field-edit","interaction":{"idSuffix":"inner"}},"clearTextFirst":true,"interactionType":"ENTER_TEXT"}]}
COMMAND: POST /session/c2385f56a648397eaacc8d3cf68bb68b/execute/async - {"script":"<script> [21 bytes]","args":[{"selector":{"id":"rfm.assetui::xRFMxCU_AssetObjectPage--fe::FormContainer::FieldGroup::detailsFieldsGP1::FormElement::DataField::NominalValue::Field-edit-inner","interaction":{"idSuffix":"inner"}},"wdio_ui5_key":"rfmassetui::xRFMxCU_AssetObjectPage--fe::FormContainer::FieldGroup::detailsFieldsGP1::FormElement::DataField::NominalValue::Field-edit-inner"}]}
RESULT: {"script":"<script> [21 bytes]","args":[{"selector":{"id":"rfm.assetui::xRFMxCU_AssetObjectPage--fe::FormContainer::FieldGroup::detailsFieldsGP1::FormElement::DataField::NominalValue::Field-edit-inner","interaction":{"idSuffix":"inner"}},"wdio_ui5_key":"rfmassetui::xRFMxCU_AssetObjectPage--fe::FormContainer::FieldGroup::detailsFieldsGP1::FormElement::DataField::NominalValue::Field-edit-inner"}]}
RESULT: undefined
COMMAND: POST /session/c2385f56a648397eaacc8d3cf68bb68b/execute/async - {"script":"<script> [20 bytes]","args":[{"enterText":"47,611.20","selector":{"id":"rfm.assetui::xRFMxCU_AssetObjectPage--fe::FormContainer::FieldGroup::detailsFieldsGP1::FormElement::DataField::NominalValue::Field-edit-inner","interaction":{"idSuffix":"inner"}},"clearTextFirst":true,"interactionType":"ENTER_TEXT"}]}
RESULT: {"script":"<script> [20 bytes]","args":[{"enterText":"47,611.20","selector":{"id":"rfm.assetui::xRFMxCU_AssetObjectPage--fe::FormContainer::FieldGroup::detailsFieldsGP1::FormElement::DataField::NominalValue::Field-edit-inner","interaction":{"idSuffix":"inner"}},"clearTextFirst":true,"interactionType":"ENTER_TEXT"}]}
COMMAND: POST /session/c2385f56a648397eaacc8d3cf68bb68b/execute/async - {"script":"<script> [21 bytes]","args":[{"selector":{"id":"rfm.assetui::xRFMxCU_AssetObjectPage--fe::FormContainer::FieldGroup::detailsFieldsGP1::FormElement::DataField::NominalValue::Field-edit-inner-unit","interaction":{"idSuffix":"inner"}},"wdio_ui5_key":"rfmassetui::xRFMxCU_AssetObjectPage--fe::FormContainer::FieldGroup::detailsFieldsGP1::FormElement::DataField::NominalValue::Field-edit-inner-unit"}]}
RESULT: {"script":"<script> [21 bytes]","args":[{"selector":{"id":"rfm.assetui::xRFMxCU_AssetObjectPage--fe::FormContainer::FieldGroup::detailsFieldsGP1::FormElement::DataField::NominalValue::Field-edit-inner-unit","interaction":{"idSuffix":"inner"}},"wdio_ui5_key":"rfmassetui::xRFMxCU_AssetObjectPage--fe::FormContainer::FieldGroup::detailsFieldsGP1::FormElement::DataField::NominalValue::Field-edit-inner-unit"}]}
RESULT: undefined
COMMAND: POST /session/c2385f56a648397eaacc8d3cf68bb68b/execute/async - {"script":"<script> [20 bytes]","args":[{"enterText":"EUR","selector":{"id":"rfm.assetui::xRFMxCU_AssetObjectPage--fe::FormContainer::FieldGroup::detailsFieldsGP1::FormElement::DataField::NominalValue::Field-edit-inner-unit","interaction":{"idSuffix":"inner"}},"clearTextFirst":true,"interactionType":"ENTER_TEXT"}]}
RESULT: {"script":"<script> [20 bytes]","args":[{"enterText":"EUR","selector":{"id":"rfm.assetui::xRFMxCU_AssetObjectPage--fe::FormContainer::FieldGroup::detailsFieldsGP1::FormElement::DataField::NominalValue::Field-edit-inner-unit","interaction":{"idSuffix":"inner"}},"clearTextFirst":true,"interactionType":"ENTER_TEXT"}]}
COMMAND: POST /session/c2385f56a648397eaacc8d3cf68bb68b/execute/async - {"script":"<script> [21 bytes]","args":[{"selector":{"id":"rfm.assetui::xRFMxCU_AssetObjectPage--fe::FormContainer::FieldGroup::detailsFieldsGP2::FormElement::DataField::AssetCategory::Field-edit-inner","interaction":{"idSuffix":"inner"}},"wdio_ui5_key":"rfmassetui::xRFMxCU_AssetObjectPage--fe::FormContainer::FieldGroup::detailsFieldsGP2::FormElement::DataField::AssetCategory::Field-edit-inner"}]}
RESULT: {"script":"<script> [21 bytes]","args":[{"selector":{"id":"rfm.assetui::xRFMxCU_AssetObjectPage--fe::FormContainer::FieldGroup::detailsFieldsGP2::FormElement::DataField::AssetCategory::Field-edit-inner","interaction":{"idSuffix":"inner"}},"wdio_ui5_key":"rfmassetui::xRFMxCU_AssetObjectPage--fe::FormContainer::FieldGroup::detailsFieldsGP2::FormElement::DataField::AssetCategory::Field-edit-inner"}]}
RESULT: undefined
COMMAND: POST /session/c2385f56a648397eaacc8d3cf68bb68b/execute/async - {"script":"<script> [20 bytes]","args":[{"enterText":"Leasing","selector":{"id":"rfm.assetui::xRFMxCU_AssetObjectPage--fe::FormContainer::FieldGroup::detailsFieldsGP2::FormElement::DataField::AssetCategory::Field-edit-inner","interaction":{"idSuffix":"inner"}},"clearTextFirst":true,"interactionType":"ENTER_TEXT"}]}
RESULT: {"script":"<script> [20 bytes]","args":[{"enterText":"Leasing","selector":{"id":"rfm.assetui::xRFMxCU_AssetObjectPage--fe::FormContainer::FieldGroup::detailsFieldsGP2::FormElement::DataField::AssetCategory::Field-edit-inner","interaction":{"idSuffix":"inner"}},"clearTextFirst":true,"interactionType":"ENTER_TEXT"}]}
COMMAND: POST /session/c2385f56a648397eaacc8d3cf68bb68b/execute/async - {"script":"<script> [21 bytes]","args":[{"selector":{"id":"rfm.assetui::xRFMxCU_AssetObjectPage--fe::FormContainer::FieldGroup::detailsFieldsGP2::FormElement::DataField::ContractType::Field-edit-inner","interaction":{"idSuffix":"inner"}},"wdio_ui5_key":"rfmassetui::xRFMxCU_AssetObjectPage--fe::FormContainer::FieldGroup::detailsFieldsGP2::FormElement::DataField::ContractType::Field-edit-inner"}]}
RESULT: {"script":"<script> [21 bytes]","args":[{"selector":{"id":"rfm.assetui::xRFMxCU_AssetObjectPage--fe::FormContainer::FieldGroup::detailsFieldsGP2::FormElement::DataField::ContractType::Field-edit-inner","interaction":{"idSuffix":"inner"}},"wdio_ui5_key":"rfmassetui::xRFMxCU_AssetObjectPage--fe::FormContainer::FieldGroup::detailsFieldsGP2::FormElement::DataField::ContractType::Field-edit-inner"}]}
RESULT: undefined
COMMAND: POST /session/c2385f56a648397eaacc8d3cf68bb68b/execute/async - {"script":"<script> [20 bytes]","args":[{"enterText":"Operating Lease (100)","selector":{"id":"rfm.assetui::xRFMxCU_AssetObjectPage--fe::FormContainer::FieldGroup::detailsFieldsGP2::FormElement::DataField::ContractType::Field-edit-inner","interaction":{"idSuffix":"inner"}},"clearTextFirst":true,"interactionType":"ENTER_TEXT"}]}
RESULT: {"script":"<script> [20 bytes]","args":[{"enterText":"Operating Lease (100)","selector":{"id":"rfm.assetui::xRFMxCU_AssetObjectPage--fe::FormContainer::FieldGroup::detailsFieldsGP2::FormElement::DataField::ContractType::Field-edit-inner","interaction":{"idSuffix":"inner"}},"clearTextFirst":true,"interactionType":"ENTER_TEXT"}]}
COMMAND: POST /session/c2385f56a648397eaacc8d3cf68bb68b/execute/async - {"script":"<script> [21 bytes]","args":[{"selector":{"id":"rfm.assetui::xRFMxCU_AssetObjectPage--fe::FormContainer::FieldGroup::detailsFieldsGP2::FormElement::DataField::Status::Field-edit-inner","interaction":{"idSuffix":"inner"}},"wdio_ui5_key":"rfmassetui::xRFMxCU_AssetObjectPage--fe::FormContainer::FieldGroup::detailsFieldsGP2::FormElement::DataField::Status::Field-edit-inner"}]}
RESULT: {"script":"<script> [21 bytes]","args":[{"selector":{"id":"rfm.assetui::xRFMxCU_AssetObjectPage--fe::FormContainer::FieldGroup::detailsFieldsGP2::FormElement::DataField::Status::Field-edit-inner","interaction":{"idSuffix":"inner"}},"wdio_ui5_key":"rfmassetui::xRFMxCU_AssetObjectPage--fe::FormContainer::FieldGroup::detailsFieldsGP2::FormElement::DataField::Status::Field-edit-inner"}]}
RESULT: undefined
COMMAND: POST /session/c2385f56a648397eaacc8d3cf68bb68b/execute/async - {"script":"<script> [20 bytes]","args":[{"enterText":"Active","selector":{"id":"rfm.assetui::xRFMxCU_AssetObjectPage--fe::FormContainer::FieldGroup::detailsFieldsGP2::FormElement::DataField::Status::Field-edit-inner","interaction":{"idSuffix":"inner"}},"clearTextFirst":true,"interactionType":"ENTER_TEXT"}]}
RESULT: {"script":"<script> [20 bytes]","args":[{"enterText":"Active","selector":{"id":"rfm.assetui::xRFMxCU_AssetObjectPage--fe::FormContainer::FieldGroup::detailsFieldsGP2::FormElement::DataField::Status::Field-edit-inner","interaction":{"idSuffix":"inner"}},"clearTextFirst":true,"interactionType":"ENTER_TEXT"}]}
COMMAND: POST /session/c2385f56a648397eaacc8d3cf68bb68b/execute/async - {"script":"<script> [21 bytes]","args":[{"selector":{"id":"rfm.assetui::xRFMxCU_AssetObjectPage--fe::ObjectPage-anchBar-rfm.assetui::xRFMxCU_AssetObjectPage--fe::FacetSection::CashFlowCollection-anchor","interaction":{"idSuffix":"text"}},"wdio_ui5_key":"rfmassetui::xRFMxCU_AssetObjectPage--fe::ObjectPage-anchBar-rfm.assetui::xRFMxCU_AssetObjectPage--fe::FacetSection::CashFlowCollection-anchor"}]}
RESULT: {"script":"<script> [21 bytes]","args":[{"selector":{"id":"rfm.assetui::xRFMxCU_AssetObjectPage--fe::ObjectPage-anchBar-rfm.assetui::xRFMxCU_AssetObjectPage--fe::FacetSection::CashFlowCollection-anchor","interaction":{"idSuffix":"text"}},"wdio_ui5_key":"rfmassetui::xRFMxCU_AssetObjectPage--fe::ObjectPage-anchBar-rfm.assetui::xRFMxCU_AssetObjectPage--fe::FacetSection::CashFlowCollection-anchor"}]}
RESULT: undefined
COMMAND: POST /session/c2385f56a648397eaacc8d3cf68bb68b/element - {"using":"xpath","value":"//*[@id=\"rfm.assetui::xRFMxCU_AssetObjectPage--fe::ObjectPage-anchBar-rfm.assetui::xRFMxCU_AssetObjectPage--fe::FacetSection::CashFlowCollection-anchor\"]"}
RESULT: {"using":"xpath","value":"//*[@id=\"rfm.assetui::xRFMxCU_AssetObjectPage--fe::ObjectPage-anchBar-rfm.assetui::xRFMxCU_AssetObjectPage--fe::FacetSection::CashFlowCollection-anchor\"]"}
COMMAND: POST /session/c2385f56a648397eaacc8d3cf68bb68b/element/f.0A240B68A77F84A30B8E27BE8FE38A54.d.687E18B43F17A21321720F82E0D55C35.e.1008/click - {}
RESULT: {}
COMMAND: GET /session/c2385f56a648397eaacc8d3cf68bb68b/screenshot - {}
RESULT: {}
COMMAND: POST /session/c2385f56a648397eaacc8d3cf68bb68b/execute/async - {"script":"<script> [21 bytes]","args":[{"selector":{"id":"rfm.assetui::xRFMxCU_AssetObjectPage--fe::FacetSubSection::PlannedCFCollection"},"wdio_ui5_key":"rfmassetui::xRFMxCU_AssetObjectPage--fe::FacetSubSection::PlannedCFCollection"}]}
RESULT: {"script":"<script> [21 bytes]","args":[{"selector":{"id":"rfm.assetui::xRFMxCU_AssetObjectPage--fe::FacetSubSection::PlannedCFCollection"},"wdio_ui5_key":"rfmassetui::xRFMxCU_AssetObjectPage--fe::FacetSubSection::PlannedCFCollection"}]}
RESULT: undefined
COMMAND: POST /session/c2385f56a648397eaacc8d3cf68bb68b/element - {"using":"xpath","value":"//*[@id=\"rfm.assetui::xRFMxCU_AssetObjectPage--fe::FacetSubSection::PlannedCFCollection\"]"}
RESULT: {"using":"xpath","value":"//*[@id=\"rfm.assetui::xRFMxCU_AssetObjectPage--fe::FacetSubSection::PlannedCFCollection\"]"}
COMMAND: POST /session/c2385f56a648397eaacc8d3cf68bb68b/element/f.0A240B68A77F84A30B8E27BE8FE38A54.d.687E18B43F17A21321720F82E0D55C35.e.1071/click - {}
RESULT: {}
COMMAND: POST /session/c2385f56a648397eaacc8d3cf68bb68b/execute/async - {"script":"<script> [21 bytes]","args":[{"selector":{"id":"rfm.assetui::xRFMxCU_AssetObjectPage--fe::table::_AssetCashflow::LineItem::StandardAction::Create","interaction":{"idSuffix":"BDI-content"}},"wdio_ui5_key":"rfmassetui::xRFMxCU_AssetObjectPage--fe::table::_AssetCashflow::LineItem::StandardAction::Create"}]}
COMMAND: GET /session/c2385f56a648397eaacc8d3cf68bb68b/screenshot - {}
RESULT: {"script":"<script> [21 bytes]","args":[{"selector":{"id":"rfm.assetui::xRFMxCU_AssetObjectPage--fe::table::_AssetCashflow::LineItem::StandardAction::Create","interaction":{"idSuffix":"BDI-content"}},"wdio_ui5_key":"rfmassetui::xRFMxCU_AssetObjectPage--fe::table::_AssetCashflow::LineItem::StandardAction::Create"}]}
RESULT: undefined
COMMAND: POST /session/c2385f56a648397eaacc8d3cf68bb68b/element - {"using":"xpath","value":"//*[@id=\"rfm.assetui::xRFMxCU_AssetObjectPage--fe::table::_AssetCashflow::LineItem::StandardAction::Create\"]"}
RESULT: {}
RESULT: {"using":"xpath","value":"//*[@id=\"rfm.assetui::xRFMxCU_AssetObjectPage--fe::table::_AssetCashflow::LineItem::StandardAction::Create\"]"}
COMMAND: POST /session/c2385f56a648397eaacc8d3cf68bb68b/element/f.0A240B68A77F84A30B8E27BE8FE38A54.d.687E18B43F17A21321720F82E0D55C35.e.1009/click - {}
RESULT: {}
COMMAND: GET /session/c2385f56a648397eaacc8d3cf68bb68b/screenshot - {}
RESULT: {}
COMMAND: POST /session/c2385f56a648397eaacc8d3cf68bb68b/execute/async - {"script":"<script> [21 bytes]","args":[{"selector":{"id":"CreateDialog::xRFMxCU_AssetCashflowType::CashflowPartType-inner","searchOpenDialogs":true,"interaction":{"idSuffix":"inner"}},"wdio_ui5_key":"CreateDialogxRFMxCU_AssetCashflowType::CashflowPartType-inner"}]}
RESULT: {"script":"<script> [21 bytes]","args":[{"selector":{"id":"CreateDialog::xRFMxCU_AssetCashflowType::CashflowPartType-inner","searchOpenDialogs":true,"interaction":{"idSuffix":"inner"}},"wdio_ui5_key":"CreateDialogxRFMxCU_AssetCashflowType::CashflowPartType-inner"}]}
RESULT: undefined
COMMAND: POST /session/c2385f56a648397eaacc8d3cf68bb68b/execute/async - {"script":"<script> [20 bytes]","args":[{"enterText":"Interest","selector":{"id":"CreateDialog::xRFMxCU_AssetCashflowType::CashflowPartType-inner","searchOpenDialogs":true,"interaction":{"idSuffix":"inner"}},"clearTextFirst":true,"interactionType":"ENTER_TEXT"}]}
RESULT: {"script":"<script> [20 bytes]","args":[{"enterText":"Interest","selector":{"id":"CreateDialog::xRFMxCU_AssetCashflowType::CashflowPartType-inner","searchOpenDialogs":true,"interaction":{"idSuffix":"inner"}},"clearTextFirst":true,"interactionType":"ENTER_TEXT"}]}
COMMAND: POST /session/c2385f56a648397eaacc8d3cf68bb68b/execute/async - {"script":"<script> [21 bytes]","args":[{"selector":{"id":"CreateDialog::xRFMxCU_AssetCashflowType::DueDate-inner","searchOpenDialogs":true,"interaction":{"idSuffix":"inner"}},"wdio_ui5_key":"CreateDialogxRFMxCU_AssetCashflowType::DueDate-inner"}]}
RESULT: {"script":"<script> [21 bytes]","args":[{"selector":{"id":"CreateDialog::xRFMxCU_AssetCashflowType::DueDate-inner","searchOpenDialogs":true,"interaction":{"idSuffix":"inner"}},"wdio_ui5_key":"CreateDialogxRFMxCU_AssetCashflowType::DueDate-inner"}]}
RESULT: undefined
COMMAND: POST /session/c2385f56a648397eaacc8d3cf68bb68b/execute/async - {"script":"<script> [20 bytes]","args":[{"enterText":"2025-01-01","selector":{"id":"CreateDialog::xRFMxCU_AssetCashflowType::DueDate-inner","searchOpenDialogs":true,"interaction":{"idSuffix":"inner"}},"clearTextFirst":true,"interactionType":"ENTER_TEXT"}]}
RESULT: {"script":"<script> [20 bytes]","args":[{"enterText":"2025-01-01","selector":{"id":"CreateDialog::xRFMxCU_AssetCashflowType::DueDate-inner","searchOpenDialogs":true,"interaction":{"idSuffix":"inner"}},"clearTextFirst":true,"interactionType":"ENTER_TEXT"}]}
COMMAND: POST /session/c2385f56a648397eaacc8d3cf68bb68b/execute/async - {"script":"<script> [21 bytes]","args":[{"forceSelect":true,"selector":{"controlType":"sap.m.Button","viewName":"sap.fe.templates.ObjectPage.ObjectPage","viewId":"rfm.assetui::xRFMxCU_Asset__AssetCashflowObjectPage","properties":{"text":"Continue"},"searchOpenDialogs":true},"wdio_ui5_key":"sapfe.templates.ObjectPage.ObjectPagesap.m.Button{\"text\":\"Continue\"}"}]}
RESULT: {"script":"<script> [21 bytes]","args":[{"forceSelect":true,"selector":{"controlType":"sap.m.Button","viewName":"sap.fe.templates.ObjectPage.ObjectPage","viewId":"rfm.assetui::xRFMxCU_Asset__AssetCashflowObjectPage","properties":{"text":"Continue"},"searchOpenDialogs":true},"wdio_ui5_key":"sapfe.templates.ObjectPage.ObjectPagesap.m.Button{\"text\":\"Continue\"}"}]}
RESULT: undefined
COMMAND: POST /session/c2385f56a648397eaacc8d3cf68bb68b/execute/async - {"script":"<script> [21 bytes]","args":[{"selector":{"id":"__button246"}}]}
RESULT: {"script":"<script> [21 bytes]","args":[{"selector":{"id":"__button246"}}]}
COMMAND: POST /session/c2385f56a648397eaacc8d3cf68bb68b/execute/async - {"script":"<script> [21 bytes]","args":[{"element-6066-11e4-a52e-4f735466cecf":"f.0A240B68A77F84A30B8E27BE8FE38A54.d.687E18B43F17A21321720F82E0D55C35.e.1231"},"getEnabled",[]]}
RESULT: {"script":"<script> [21 bytes]","args":[{"element-6066-11e4-a52e-4f735466cecf":"f.0A240B68A77F84A30B8E27BE8FE38A54.d.687E18B43F17A21321720F82E0D55C35.e.1231"},"getEnabled",[]]}
COMMAND: POST /session/c2385f56a648397eaacc8d3cf68bb68b/element - {"using":"xpath","value":"//*[@id=\"__button246\"]"}
RESULT: {"using":"xpath","value":"//*[@id=\"__button246\"]"}
COMMAND: POST /session/c2385f56a648397eaacc8d3cf68bb68b/element/f.0A240B68A77F84A30B8E27BE8FE38A54.d.687E18B43F17A21321720F82E0D55C35.e.1231/click - {}
RESULT: {}
COMMAND: GET /session/c2385f56a648397eaacc8d3cf68bb68b/screenshot - {}
RESULT: {}
COMMAND: POST /session/c2385f56a648397eaacc8d3cf68bb68b/execute/async - {"script":"<script> [21 bytes]","args":[{"selector":{"id":"rfm.assetui::xRFMxCU_Asset__AssetCashflowObjectPage--fe::FormContainer::CashFlow::FormElement::DataField::Amount::Field-edit-inner","interaction":{"idSuffix":"inner"}},"wdio_ui5_key":"rfmassetui::xRFMxCU_Asset__AssetCashflowObjectPage--fe::FormContainer::CashFlow::FormElement::DataField::Amount::Field-edit-inner"}]}
RESULT: {"script":"<script> [21 bytes]","args":[{"selector":{"id":"rfm.assetui::xRFMxCU_Asset__AssetCashflowObjectPage--fe::FormContainer::CashFlow::FormElement::DataField::Amount::Field-edit-inner","interaction":{"idSuffix":"inner"}},"wdio_ui5_key":"rfmassetui::xRFMxCU_Asset__AssetCashflowObjectPage--fe::FormContainer::CashFlow::FormElement::DataField::Amount::Field-edit-inner"}]}
RESULT: undefined
COMMAND: POST /session/c2385f56a648397eaacc8d3cf68bb68b/execute/async - {"script":"<script> [20 bytes]","args":[{"enterText":"141.77","selector":{"id":"rfm.assetui::xRFMxCU_Asset__AssetCashflowObjectPage--fe::FormContainer::CashFlow::FormElement::DataField::Amount::Field-edit-inner","interaction":{"idSuffix":"inner"}},"clearTextFirst":true,"interactionType":"ENTER_TEXT"}]}
RESULT: {"script":"<script> [20 bytes]","args":[{"enterText":"141.77","selector":{"id":"rfm.assetui::xRFMxCU_Asset__AssetCashflowObjectPage--fe::FormContainer::CashFlow::FormElement::DataField::Amount::Field-edit-inner","interaction":{"idSuffix":"inner"}},"clearTextFirst":true,"interactionType":"ENTER_TEXT"}]}
COMMAND: POST /session/c2385f56a648397eaacc8d3cf68bb68b/execute/async - {"script":"<script> [21 bytes]","args":[{"selector":{"id":"rfm.assetui::xRFMxCU_Asset__AssetCashflowObjectPage--fe::FormContainer::CashFlow::FormElement::DataField::Amount::Field-edit-inner-unit-vhi"},"wdio_ui5_key":"rfmassetui::xRFMxCU_Asset__AssetCashflowObjectPage--fe::FormContainer::CashFlow::FormElement::DataField::Amount::Field-edit-inner-unit-vhi"}]}
RESULT: {"script":"<script> [21 bytes]","args":[{"selector":{"id":"rfm.assetui::xRFMxCU_Asset__AssetCashflowObjectPage--fe::FormContainer::CashFlow::FormElement::DataField::Amount::Field-edit-inner-unit-vhi"},"wdio_ui5_key":"rfmassetui::xRFMxCU_Asset__AssetCashflowObjectPage--fe::FormContainer::CashFlow::FormElement::DataField::Amount::Field-edit-inner-unit-vhi"}]}
RESULT: undefined
COMMAND: POST /session/c2385f56a648397eaacc8d3cf68bb68b/element - {"using":"xpath","value":"//*[@id=\"rfm.assetui::xRFMxCU_Asset__AssetCashflowObjectPage--fe::FormContainer::CashFlow::FormElement::DataField::Amount::Field-edit-inner-unit-vhi\"]"}
RESULT: {"using":"xpath","value":"//*[@id=\"rfm.assetui::xRFMxCU_Asset__AssetCashflowObjectPage--fe::FormContainer::CashFlow::FormElement::DataField::Amount::Field-edit-inner-unit-vhi\"]"}
COMMAND: POST /session/c2385f56a648397eaacc8d3cf68bb68b/element/f.0A240B68A77F84A30B8E27BE8FE38A54.d.687E18B43F17A21321720F82E0D55C35.e.1252/click - {}
RESULT: {}
COMMAND: POST /session/c2385f56a648397eaacc8d3cf68bb68b/execute/async - {"script":"<script> [21 bytes]","args":[{"selector":{"id":"rfm.assetui::xRFMxCU_Asset__AssetCashflowObjectPage--fe::FormContainer::CashFlow::FieldValueHelp::_AssetCashflow::Amount::_AssetCashflow::Currency::Dialog::qualifier::-search-inner","searchOpenDialogs":true,"interaction":{"idSuffix":"I"}},"wdio_ui5_key":"rfmassetui::xRFMxCU_Asset__AssetCashflowObjectPage--fe::FormContainer::CashFlow::FieldValueHelp::_AssetCashflow::Amount::_AssetCashflow::Currency::Dialog::qualifier::-search-inner"}]}
COMMAND: GET /session/c2385f56a648397eaacc8d3cf68bb68b/screenshot - {}
RESULT: {"script":"<script> [21 bytes]","args":[{"selector":{"id":"rfm.assetui::xRFMxCU_Asset__AssetCashflowObjectPage--fe::FormContainer::CashFlow::FieldValueHelp::_AssetCashflow::Amount::_AssetCashflow::Currency::Dialog::qualifier::-search-inner","searchOpenDialogs":true,"interaction":{"idSuffix":"I"}},"wdio_ui5_key":"rfmassetui::xRFMxCU_Asset__AssetCashflowObjectPage--fe::FormContainer::CashFlow::FieldValueHelp::_AssetCashflow::Amount::_AssetCashflow::Currency::Dialog::qualifier::-search-inner"}]}
RESULT: undefined
COMMAND: POST /session/c2385f56a648397eaacc8d3cf68bb68b/execute/async - {"script":"<script> [20 bytes]","args":[{"enterText":"EUR","selector":{"id":"rfm.assetui::xRFMxCU_Asset__AssetCashflowObjectPage--fe::FormContainer::CashFlow::FieldValueHelp::_AssetCashflow::Amount::_AssetCashflow::Currency::Dialog::qualifier::-search-inner","searchOpenDialogs":true,"interaction":{"idSuffix":"I"}},"clearTextFirst":true,"interactionType":"ENTER_TEXT"}]}
RESULT: {}
RESULT: {"script":"<script> [20 bytes]","args":[{"enterText":"EUR","selector":{"id":"rfm.assetui::xRFMxCU_Asset__AssetCashflowObjectPage--fe::FormContainer::CashFlow::FieldValueHelp::_AssetCashflow::Amount::_AssetCashflow::Currency::Dialog::qualifier::-search-inner","searchOpenDialogs":true,"interaction":{"idSuffix":"I"}},"clearTextFirst":true,"interactionType":"ENTER_TEXT"}]}
COMMAND: POST /session/c2385f56a648397eaacc8d3cf68bb68b/execute/async - {"script":"<script> [21 bytes]","args":[{"selector":{"id":"rfm.assetui::xRFMxCU_Asset__AssetCashflowObjectPage--fe::FormContainer::CashFlow::FieldValueHelp::_AssetCashflow::Amount::_AssetCashflow::Currency::Dialog::qualifier::::Table-innerTable-rows-row0","searchOpenDialogs":true,"interaction":{"idSuffix":"col0"}},"wdio_ui5_key":"rfmassetui::xRFMxCU_Asset__AssetCashflowObjectPage--fe::FormContainer::CashFlow::FieldValueHelp::_AssetCashflow::Amount::_AssetCashflow::Currency::Dialog::qualifier::::Table-innerTable-rows-row0"}]}
RESULT: {"script":"<script> [21 bytes]","args":[{"selector":{"id":"rfm.assetui::xRFMxCU_Asset__AssetCashflowObjectPage--fe::FormContainer::CashFlow::FieldValueHelp::_AssetCashflow::Amount::_AssetCashflow::Currency::Dialog::qualifier::::Table-innerTable-rows-row0","searchOpenDialogs":true,"interaction":{"idSuffix":"col0"}},"wdio_ui5_key":"rfmassetui::xRFMxCU_Asset__AssetCashflowObjectPage--fe::FormContainer::CashFlow::FieldValueHelp::_AssetCashflow::Amount::_AssetCashflow::Currency::Dialog::qualifier::::Table-innerTable-rows-row0"}]}
RESULT: undefined
COMMAND: POST /session/c2385f56a648397eaacc8d3cf68bb68b/element - {"using":"xpath","value":"//*[@id=\"rfm.assetui::xRFMxCU_Asset__AssetCashflowObjectPage--fe::FormContainer::CashFlow::FieldValueHelp::_AssetCashflow::Amount::_AssetCashflow::Currency::Dialog::qualifier::::Table-innerTable-rows-row0\"]"}
RESULT: {"using":"xpath","value":"//*[@id=\"rfm.assetui::xRFMxCU_Asset__AssetCashflowObjectPage--fe::FormContainer::CashFlow::FieldValueHelp::_AssetCashflow::Amount::_AssetCashflow::Currency::Dialog::qualifier::::Table-innerTable-rows-row0\"]"}
COMMAND: POST /session/c2385f56a648397eaacc8d3cf68bb68b/element/f.0A240B68A77F84A30B8E27BE8FE38A54.d.687E18B43F17A21321720F82E0D55C35.e.1263/click - {}
RESULT: {}
COMMAND: POST /session/c2385f56a648397eaacc8d3cf68bb68b/execute/async - {"script":"<script> [21 bytes]","args":[{"forceSelect":true,"selector":{"id":"rfm.assetui::xRFMxCU_Asset__AssetCashflowObjectPage--fe::FooterBar::StandardAction::Apply","interaction":{"idSuffix":"BDI-content"}},"wdio_ui5_key":"rfmassetui::xRFMxCU_Asset__AssetCashflowObjectPage--fe::FooterBar::StandardAction::Apply"}]}
COMMAND: GET /session/c2385f56a648397eaacc8d3cf68bb68b/screenshot - {}
RESULT: {"script":"<script> [21 bytes]","args":[{"forceSelect":true,"selector":{"id":"rfm.assetui::xRFMxCU_Asset__AssetCashflowObjectPage--fe::FooterBar::StandardAction::Apply","interaction":{"idSuffix":"BDI-content"}},"wdio_ui5_key":"rfmassetui::xRFMxCU_Asset__AssetCashflowObjectPage--fe::FooterBar::StandardAction::Apply"}]}
RESULT: undefined
COMMAND: POST /session/c2385f56a648397eaacc8d3cf68bb68b/element - {"using":"xpath","value":"//*[@id=\"rfm.assetui::xRFMxCU_Asset__AssetCashflowObjectPage--fe::FooterBar::StandardAction::Apply\"]"}
RESULT: {}
RESULT: {"using":"xpath","value":"//*[@id=\"rfm.assetui::xRFMxCU_Asset__AssetCashflowObjectPage--fe::FooterBar::StandardAction::Apply\"]"}
COMMAND: POST /session/c2385f56a648397eaacc8d3cf68bb68b/element/f.0A240B68A77F84A30B8E27BE8FE38A54.d.687E18B43F17A21321720F82E0D55C35.e.1223/click - {}
RESULT: {}
COMMAND: GET /session/c2385f56a648397eaacc8d3cf68bb68b/screenshot - {}
RESULT: {}
COMMAND: POST /session/c2385f56a648397eaacc8d3cf68bb68b/execute/async - {"script":"<script> [21 bytes]","args":[{"selector":{"id":"rfm.assetui::xRFMxCU_AssetObjectPage--fe::FooterBar::StandardAction::Save","controlType":"sap.m.Button"},"wdio_ui5_key":"rfmassetui::xRFMxCU_AssetObjectPage--fe::FooterBar::StandardAction::Savesap.m.Button"}]}
RESULT: {"script":"<script> [21 bytes]","args":[{"selector":{"id":"rfm.assetui::xRFMxCU_AssetObjectPage--fe::FooterBar::StandardAction::Save","controlType":"sap.m.Button"},"wdio_ui5_key":"rfmassetui::xRFMxCU_AssetObjectPage--fe::FooterBar::StandardAction::Savesap.m.Button"}]}
RESULT: undefined
COMMAND: POST /session/c2385f56a648397eaacc8d3cf68bb68b/element - {"using":"xpath","value":"//*[@id=\"rfm.assetui::xRFMxCU_AssetObjectPage--fe::FooterBar::StandardAction::Save\"]"}
RESULT: {"using":"xpath","value":"//*[@id=\"rfm.assetui::xRFMxCU_AssetObjectPage--fe::FooterBar::StandardAction::Save\"]"}
COMMAND: POST /session/c2385f56a648397eaacc8d3cf68bb68b/element/f.0A240B68A77F84A30B8E27BE8FE38A54.d.687E18B43F17A21321720F82E0D55C35.e.1170/click - {}
RESULT: {}
COMMAND: GET /session/c2385f56a648397eaacc8d3cf68bb68b/screenshot - {}
RESULT: {}
COMMAND: POST /session/c2385f56a648397eaacc8d3cf68bb68b/execute/async - {"script":"<script> [21 bytes]","args":[{"selector":{"id":"rfm.assetui::xRFMxCU_AssetObjectPage--fe::StandardAction::Edit","interaction":{"idSuffix":"content"}},"wdio_ui5_key":"rfmassetui::xRFMxCU_AssetObjectPage--fe::StandardAction::Edit"}]}
RESULT: {"script":"<script> [21 bytes]","args":[{"selector":{"id":"rfm.assetui::xRFMxCU_AssetObjectPage--fe::StandardAction::Edit","interaction":{"idSuffix":"content"}},"wdio_ui5_key":"rfmassetui::xRFMxCU_AssetObjectPage--fe::StandardAction::Edit"}]}
RESULT: undefined
COMMAND: POST /session/c2385f56a648397eaacc8d3cf68bb68b/element - {"using":"xpath","value":"//*[@id=\"rfm.assetui::xRFMxCU_AssetObjectPage--fe::StandardAction::Edit\"]"}
RESULT: {"using":"xpath","value":"//*[@id=\"rfm.assetui::xRFMxCU_AssetObjectPage--fe::StandardAction::Edit\"]"}
COMMAND: POST /session/c2385f56a648397eaacc8d3cf68bb68b/element/f.0A240B68A77F84A30B8E27BE8FE38A54.d.687E18B43F17A21321720F82E0D55C35.e.1401/click - {}
RESULT: {}
RESULT: undefined
COMMAND: POST /session/c2385f56a648397eaacc8d3cf68bb68b/element - {"using":"xpath","value":"//*[@id=\"rfm.assetui::xRFMxCU_AssetObjectPage--fe::ObjectPage-anchBar-rfm.assetui::xRFMxCU_AssetObjectPage--fe::FacetSection::CashFlowCollection-anchor\"]"}
COMMAND: GET /session/c2385f56a648397eaacc8d3cf68bb68b/screenshot - {}
RESULT: {"using":"xpath","value":"//*[@id=\"rfm.assetui::xRFMxCU_AssetObjectPage--fe::ObjectPage-anchBar-rfm.assetui::xRFMxCU_AssetObjectPage--fe::FacetSection::CashFlowCollection-anchor\"]"}
COMMAND: POST /session/c2385f56a648397eaacc8d3cf68bb68b/element/f.0A240B68A77F84A30B8E27BE8FE38A54.d.687E18B43F17A21321720F82E0D55C35.e.1404/click - {}
RESULT: {}
RESULT: {}
RESULT: undefined
COMMAND: POST /session/c2385f56a648397eaacc8d3cf68bb68b/element - {"using":"xpath","value":"//*[@id=\"rfm.assetui::xRFMxCU_AssetObjectPage--fe::table::_AssetCashflow::LineItem::StandardAction::Create\"]"}
COMMAND: GET /session/c2385f56a648397eaacc8d3cf68bb68b/screenshot - {}
RESULT: {"using":"xpath","value":"//*[@id=\"rfm.assetui::xRFMxCU_AssetObjectPage--fe::table::_AssetCashflow::LineItem::StandardAction::Create\"]"}
COMMAND: POST /session/c2385f56a648397eaacc8d3cf68bb68b/element/f.0A240B68A77F84A30B8E27BE8FE38A54.d.687E18B43F17A21321720F82E0D55C35.e.1405/click - {}
RESULT: {}
RESULT: {}
COMMAND: GET /session/c2385f56a648397eaacc8d3cf68bb68b/screenshot - {}
RESULT: {}
RESULT: undefined
COMMAND: POST /session/c2385f56a648397eaacc8d3cf68bb68b/execute/async - {"script":"<script> [20 bytes]","args":[{"enterText":"Principal","selector":{"id":"CreateDialog::xRFMxCU_AssetCashflowType::CashflowPartType-inner","searchOpenDialogs":true,"interaction":{"idSuffix":"inner"}},"clearTextFirst":true,"interactionType":"ENTER_TEXT"}]}
RESULT: {"script":"<script> [20 bytes]","args":[{"enterText":"Principal","selector":{"id":"CreateDialog::xRFMxCU_AssetCashflowType::CashflowPartType-inner","searchOpenDialogs":true,"interaction":{"idSuffix":"inner"}},"clearTextFirst":true,"interactionType":"ENTER_TEXT"}]}
RESULT: undefined
COMMAND: POST /session/c2385f56a648397eaacc8d3cf68bb68b/execute/async - {"script":"<script> [20 bytes]","args":[{"enterText":"2025-01-01","selector":{"id":"CreateDialog::xRFMxCU_AssetCashflowType::DueDate-inner","searchOpenDialogs":true,"interaction":{"idSuffix":"inner"}},"clearTextFirst":true,"interactionType":"ENTER_TEXT"}]}
RESULT: {"script":"<script> [20 bytes]","args":[{"enterText":"2025-01-01","selector":{"id":"CreateDialog::xRFMxCU_AssetCashflowType::DueDate-inner","searchOpenDialogs":true,"interaction":{"idSuffix":"inner"}},"clearTextFirst":true,"interactionType":"ENTER_TEXT"}]}
COMMAND: POST /session/c2385f56a648397eaacc8d3cf68bb68b/execute/async - {"script":"<script> [21 bytes]","args":[{"selector":{"id":"CreateDialog::xRFMxCU_Asset::_AssetCashflow-footer","searchOpenDialogs":true},"wdio_ui5_key":"CreateDialogxRFMxCU_Asset::_AssetCashflow-footer"}]}
RESULT: {"script":"<script> [21 bytes]","args":[{"selector":{"id":"CreateDialog::xRFMxCU_Asset::_AssetCashflow-footer","searchOpenDialogs":true},"wdio_ui5_key":"CreateDialogxRFMxCU_Asset::_AssetCashflow-footer"}]}
RESULT: undefined
COMMAND: POST /session/c2385f56a648397eaacc8d3cf68bb68b/execute/async - {"script":"<script> [21 bytes]","args":[{"element-6066-11e4-a52e-4f735466cecf":"f.0A240B68A77F84A30B8E27BE8FE38A54.d.687E18B43F17A21321720F82E0D55C35.e.1520"},"getEnabled",[]]}
RESULT: {"script":"<script> [21 bytes]","args":[{"element-6066-11e4-a52e-4f735466cecf":"f.0A240B68A77F84A30B8E27BE8FE38A54.d.687E18B43F17A21321720F82E0D55C35.e.1520"},"getEnabled",[]]}
COMMAND: POST /session/c2385f56a648397eaacc8d3cf68bb68b/element - {"using":"xpath","value":"//*[@id=\"CreateDialog::xRFMxCU_Asset::_AssetCashflow-footer\"]"}
RESULT: {"using":"xpath","value":"//*[@id=\"CreateDialog::xRFMxCU_Asset::_AssetCashflow-footer\"]"}
COMMAND: POST /session/c2385f56a648397eaacc8d3cf68bb68b/element/f.0A240B68A77F84A30B8E27BE8FE38A54.d.687E18B43F17A21321720F82E0D55C35.e.1520/click - {}
RESULT: {}
COMMAND: GET /session/c2385f56a648397eaacc8d3cf68bb68b/screenshot - {}
RESULT: {}
COMMAND: POST /session/c2385f56a648397eaacc8d3cf68bb68b/execute/async - {"script":"<script> [21 bytes]","args":[{"forceSelect":true,"selector":{"controlType":"sap.m.Button","properties":{"text":"Continue"},"searchOpenDialogs":true},"wdio_ui5_key":"sapm.Button{\"text\":\"Continue\"}"}]}
RESULT: {"script":"<script> [21 bytes]","args":[{"forceSelect":true,"selector":{"controlType":"sap.m.Button","properties":{"text":"Continue"},"searchOpenDialogs":true},"wdio_ui5_key":"sapm.Button{\"text\":\"Continue\"}"}]}
RESULT: undefined
COMMAND: POST /session/c2385f56a648397eaacc8d3cf68bb68b/execute/async - {"script":"<script> [21 bytes]","args":[{"selector":{"id":"__button248"}}]}
RESULT: {"script":"<script> [21 bytes]","args":[{"selector":{"id":"__button248"}}]}
COMMAND: POST /session/c2385f56a648397eaacc8d3cf68bb68b/execute/async - {"script":"<script> [21 bytes]","args":[{"element-6066-11e4-a52e-4f735466cecf":"f.0A240B68A77F84A30B8E27BE8FE38A54.d.687E18B43F17A21321720F82E0D55C35.e.1521"},"getVisible",[]]}
RESULT: {"script":"<script> [21 bytes]","args":[{"element-6066-11e4-a52e-4f735466cecf":"f.0A240B68A77F84A30B8E27BE8FE38A54.d.687E18B43F17A21321720F82E0D55C35.e.1521"},"getVisible",[]]}
COMMAND: POST /session/c2385f56a648397eaacc8d3cf68bb68b/execute/async - {"script":"<script> [21 bytes]","args":[{"selector":{"id":"__button248"}}]}
RESULT: {"script":"<script> [21 bytes]","args":[{"selector":{"id":"__button248"}}]}
COMMAND: POST /session/c2385f56a648397eaacc8d3cf68bb68b/execute/async - {"script":"<script> [21 bytes]","args":[{"element-6066-11e4-a52e-4f735466cecf":"f.0A240B68A77F84A30B8E27BE8FE38A54.d.687E18B43F17A21321720F82E0D55C35.e.1521"},"getEnabled",[]]}
RESULT: {"script":"<script> [21 bytes]","args":[{"element-6066-11e4-a52e-4f735466cecf":"f.0A240B68A77F84A30B8E27BE8FE38A54.d.687E18B43F17A21321720F82E0D55C35.e.1521"},"getEnabled",[]]}
COMMAND: POST /session/c2385f56a648397eaacc8d3cf68bb68b/execute/async - {"script":"<script> [21 bytes]","args":[{"selector":{"id":"__button248"}}]}
RESULT: {"script":"<script> [21 bytes]","args":[{"selector":{"id":"__button248"}}]}
COMMAND: POST /session/c2385f56a648397eaacc8d3cf68bb68b/execute/async - {"script":"<script> [21 bytes]","args":[{"element-6066-11e4-a52e-4f735466cecf":"f.0A240B68A77F84A30B8E27BE8FE38A54.d.687E18B43F17A21321720F82E0D55C35.e.1521"},"focus",[]]}
RESULT: {"script":"<script> [21 bytes]","args":[{"element-6066-11e4-a52e-4f735466cecf":"f.0A240B68A77F84A30B8E27BE8FE38A54.d.687E18B43F17A21321720F82E0D55C35.e.1521"},"focus",[]]}
COMMAND: POST /session/c2385f56a648397eaacc8d3cf68bb68b/element - {"using":"xpath","value":"//*[@id=\"__button248\"]"}
RESULT: {"using":"xpath","value":"//*[@id=\"__button248\"]"}
COMMAND: POST /session/c2385f56a648397eaacc8d3cf68bb68b/element/f.0A240B68A77F84A30B8E27BE8FE38A54.d.687E18B43F17A21321720F82E0D55C35.e.1521/click - {}
RESULT: {}
COMMAND: GET /session/c2385f56a648397eaacc8d3cf68bb68b/screenshot - {}
RESULT: {}
RESULT: undefined
COMMAND: POST /session/c2385f56a648397eaacc8d3cf68bb68b/execute/async - {"script":"<script> [20 bytes]","args":[{"enterText":"1,445.27","selector":{"id":"rfm.assetui::xRFMxCU_Asset__AssetCashflowObjectPage--fe::FormContainer::CashFlow::FormElement::DataField::Amount::Field-edit-inner","interaction":{"idSuffix":"inner"}},"clearTextFirst":true,"interactionType":"ENTER_TEXT"}]}
RESULT: {"script":"<script> [20 bytes]","args":[{"enterText":"1,445.27","selector":{"id":"rfm.assetui::xRFMxCU_Asset__AssetCashflowObjectPage--fe::FormContainer::CashFlow::FormElement::DataField::Amount::Field-edit-inner","interaction":{"idSuffix":"inner"}},"clearTextFirst":true,"interactionType":"ENTER_TEXT"}]}
COMMAND: POST /session/c2385f56a648397eaacc8d3cf68bb68b/execute/async - {"script":"<script> [21 bytes]","args":[{"selector":{"id":"rfm.assetui::xRFMxCU_Asset__AssetCashflowObjectPage--fe::FormContainer::CashFlow::FormElement::DataField::Amount::Field-edit-inner-unit","interaction":{"idSuffix":"inner"}},"wdio_ui5_key":"rfmassetui::xRFMxCU_Asset__AssetCashflowObjectPage--fe::FormContainer::CashFlow::FormElement::DataField::Amount::Field-edit-inner-unit"}]}
RESULT: {"script":"<script> [21 bytes]","args":[{"selector":{"id":"rfm.assetui::xRFMxCU_Asset__AssetCashflowObjectPage--fe::FormContainer::CashFlow::FormElement::DataField::Amount::Field-edit-inner-unit","interaction":{"idSuffix":"inner"}},"wdio_ui5_key":"rfmassetui::xRFMxCU_Asset__AssetCashflowObjectPage--fe::FormContainer::CashFlow::FormElement::DataField::Amount::Field-edit-inner-unit"}]}
RESULT: undefined
COMMAND: POST /session/c2385f56a648397eaacc8d3cf68bb68b/execute/async - {"script":"<script> [20 bytes]","args":[{"enterText":"EUR","selector":{"id":"rfm.assetui::xRFMxCU_Asset__AssetCashflowObjectPage--fe::FormContainer::CashFlow::FormElement::DataField::Amount::Field-edit-inner-unit","interaction":{"idSuffix":"inner"}},"clearTextFirst":true,"interactionType":"ENTER_TEXT"}]}
RESULT: {"script":"<script> [20 bytes]","args":[{"enterText":"EUR","selector":{"id":"rfm.assetui::xRFMxCU_Asset__AssetCashflowObjectPage--fe::FormContainer::CashFlow::FormElement::DataField::Amount::Field-edit-inner-unit","interaction":{"idSuffix":"inner"}},"clearTextFirst":true,"interactionType":"ENTER_TEXT"}]}
COMMAND: POST /session/c2385f56a648397eaacc8d3cf68bb68b/execute/async - {"script":"<script> [21 bytes]","args":[{"forceSelect":true,"selector":{"id":"rfm.assetui::xRFMxCU_Asset__AssetCashflowObjectPage--fe::FooterBar::StandardAction::Apply","interaction":{"idSuffix":"content"}},"wdio_ui5_key":"rfmassetui::xRFMxCU_Asset__AssetCashflowObjectPage--fe::FooterBar::StandardAction::Apply"}]}
RESULT: {"script":"<script> [21 bytes]","args":[{"forceSelect":true,"selector":{"id":"rfm.assetui::xRFMxCU_Asset__AssetCashflowObjectPage--fe::FooterBar::StandardAction::Apply","interaction":{"idSuffix":"content"}},"wdio_ui5_key":"rfmassetui::xRFMxCU_Asset__AssetCashflowObjectPage--fe::FooterBar::StandardAction::Apply"}]}
RESULT: undefined
COMMAND: POST /session/c2385f56a648397eaacc8d3cf68bb68b/element - {"using":"xpath","value":"//*[@id=\"rfm.assetui::xRFMxCU_Asset__AssetCashflowObjectPage--fe::FooterBar::StandardAction::Apply\"]"}
RESULT: {"using":"xpath","value":"//*[@id=\"rfm.assetui::xRFMxCU_Asset__AssetCashflowObjectPage--fe::FooterBar::StandardAction::Apply\"]"}
COMMAND: POST /session/c2385f56a648397eaacc8d3cf68bb68b/element/f.0A240B68A77F84A30B8E27BE8FE38A54.d.687E18B43F17A21321720F82E0D55C35.e.1518/click - {}
RESULT: {}
COMMAND: GET /session/c2385f56a648397eaacc8d3cf68bb68b/screenshot - {}
RESULT: {}
RESULT: undefined
COMMAND: POST /session/c2385f56a648397eaacc8d3cf68bb68b/element/f.0A240B68A77F84A30B8E27BE8FE38A54.d.687E18B43F17A21321720F82E0D55C35.e.1170/click - {}
COMMAND: POST /session/c2385f56a648397eaacc8d3cf68bb68b/element - {"using":"xpath","value":"//*[@id=\"rfm.assetui::xRFMxCU_AssetObjectPage--fe::FooterBar::StandardAction::Save\"]"}
RESULT: {"using":"xpath","value":"//*[@id=\"rfm.assetui::xRFMxCU_AssetObjectPage--fe::FooterBar::StandardAction::Save\"]"}
COMMAND: POST /session/c2385f56a648397eaacc8d3cf68bb68b/element/f.0A240B68A77F84A30B8E27BE8FE38A54.d.687E18B43F17A21321720F82E0D55C35.e.1170/click - {}
COMMAND: POST /session/c2385f56a648397eaacc8d3cf68bb68b/element - {"using":"xpath","value":"//*[@id=\"rfm.assetui::xRFMxCU_AssetObjectPage--fe::FooterBar::StandardAction::Save\"]"}
RESULT: {"using":"xpath","value":"//*[@id=\"rfm.assetui::xRFMxCU_AssetObjectPage--fe::FooterBar::StandardAction::Save\"]"}
COMMAND: POST /session/c2385f56a648397eaacc8d3cf68bb68b/element/f.0A240B68A77F84A30B8E27BE8FE38A54.d.687E18B43F17A21321720F82E0D55C35.e.1449/click - {}
RESULT: {}
COMMAND: GET /session/c2385f56a648397eaacc8d3cf68bb68b/screenshot - {}
RESULT: {}
COMMAND: POST /session/c2385f56a648397eaacc8d3cf68bb68b/execute/async - {"script":"<script> [21 bytes]","args":[{"selector":{"id":"rfm.assetui::xRFMxCU_AssetObjectPage--fe::FooterBar::MessageButton-img"},"wdio_ui5_key":"rfmassetui::xRFMxCU_AssetObjectPage--fe::FooterBar::MessageButton-img"}]}
RESULT: {"script":"<script> [21 bytes]","args":[{"selector":{"id":"rfm.assetui::xRFMxCU_AssetObjectPage--fe::FooterBar::MessageButton-img"},"wdio_ui5_key":"rfmassetui::xRFMxCU_AssetObjectPage--fe::FooterBar::MessageButton-img"}]}
RESULT: undefined
COMMAND: POST /session/c2385f56a648397eaacc8d3cf68bb68b/execute/async - {"script":"<script> [21 bytes]","args":[{"selector":{"id":"rfm.assetui::xRFMxCU_AssetObjectPage--fe::ObjectPage-anchBar-rfm.assetui::xRFMxCU_AssetObjectPage--fe::FacetSection::Object-anchor"},"wdio_ui5_key":"rfmassetui::xRFMxCU_AssetObjectPage--fe::ObjectPage-anchBar-rfm.assetui::xRFMxCU_AssetObjectPage--fe::FacetSection::Object-anchor"}]}
RESULT: {"script":"<script> [21 bytes]","args":[{"selector":{"id":"rfm.assetui::xRFMxCU_AssetObjectPage--fe::ObjectPage-anchBar-rfm.assetui::xRFMxCU_AssetObjectPage--fe::FacetSection::Object-anchor"},"wdio_ui5_key":"rfmassetui::xRFMxCU_AssetObjectPage--fe::ObjectPage-anchBar-rfm.assetui::xRFMxCU_AssetObjectPage--fe::FacetSection::Object-anchor"}]}
RESULT: undefined
COMMAND: POST /session/c2385f56a648397eaacc8d3cf68bb68b/element - {"using":"xpath","value":"//*[@id=\"rfm.assetui::xRFMxCU_AssetObjectPage--fe::ObjectPage-anchBar-rfm.assetui::xRFMxCU_AssetObjectPage--fe::FacetSection::Object-anchor\"]"}
RESULT: {"using":"xpath","value":"//*[@id=\"rfm.assetui::xRFMxCU_AssetObjectPage--fe::ObjectPage-anchBar-rfm.assetui::xRFMxCU_AssetObjectPage--fe::FacetSection::Object-anchor\"]"}
COMMAND: POST /session/c2385f56a648397eaacc8d3cf68bb68b/element/f.0A240B68A77F84A30B8E27BE8FE38A54.d.687E18B43F17A21321720F82E0D55C35.e.1601/click - {}
RESULT: {}
COMMAND: GET /session/c2385f56a648397eaacc8d3cf68bb68b/screenshot - {}
RESULT: {}
COMMAND: GET /session/c2385f56a648397eaacc8d3cf68bb68b/url - {}
RESULT: {}
RESULT: undefined
COMMAND: POST /session/c2385f56a648397eaacc8d3cf68bb68b/element/f.0A240B68A77F84A30B8E27BE8FE38A54.d.687E18B43F17A21321720F82E0D55C35.e.587/click - {}
COMMAND: GET /session/c2385f56a648397eaacc8d3cf68bb68b/screenshot - {}
RESULT: {}
COMMAND: GET /session/c2385f56a648397eaacc8d3cf68bb68b/screenshot - {}
RESULT: {}
COMMAND: POST /session/c2385f56a648397eaacc8d3cf68bb68b/element/f.0A240B68A77F84A30B8E27BE8FE38A54.d.687E18B43F17A21321720F82E0D55C35.e.587/click - {}
COMMAND: POST /session/c2385f56a648397eaacc8d3cf68bb68b/element/f.0A240B68A77F84A30B8E27BE8FE38A54.d.687E18B43F17A21321720F82E0D55C35.e.587/click - {}
COMMAND: GET /session/c2385f56a648397eaacc8d3cf68bb68b/screenshot - {}
]]></system-out>
    </testcase>
    <testcase classname="chrome.138_0_7204_184.windows.Replenishment" name="Should create asset 2" time="143.89">
      <system-out><![CDATA[
RESULT: {}
COMMAND: POST /session/c2385f56a648397eaacc8d3cf68bb68b/element - {"using":"xpath","value":"//*[@id=\"backBtn\"]"}
RESULT: {}
COMMAND: POST /session/c2385f56a648397eaacc8d3cf68bb68b/element - {"using":"xpath","value":"//*[@id=\"backBtn\"]"}
RESULT: {"using":"xpath","value":"//*[@id=\"backBtn\"]"}
COMMAND: POST /session/c2385f56a648397eaacc8d3cf68bb68b/elements - {"using":"xpath","value":"//*[@id=\"backBtn\"]"}
RESULT: {"using":"xpath","value":"//*[@id=\"backBtn\"]"}
COMMAND: POST /session/c2385f56a648397eaacc8d3cf68bb68b/elements - {"using":"xpath","value":"//*[@id=\"backBtn\"]"}
RESULT: {"using":"xpath","value":"//*[@id=\"backBtn\"]"}
RESULT: {"using":"xpath","value":"//*[@id=\"backBtn\"]"}
COMMAND: POST /session/c2385f56a648397eaacc8d3cf68bb68b/elements - {"using":"xpath","value":"//*[@id=\"backBtn\"]"}
RESULT: {"using":"xpath","value":"//*[@id=\"backBtn\"]"}
COMMAND: POST /session/c2385f56a648397eaacc8d3cf68bb68b/elements - {"using":"xpath","value":"//*[@id=\"backBtn\"]"}
RESULT: {"using":"xpath","value":"//*[@id=\"backBtn\"]"}
COMMAND: POST /session/c2385f56a648397eaacc8d3cf68bb68b/elements - {"using":"xpath","value":"//*[@id=\"backBtn\"]"}
RESULT: {"using":"xpath","value":"//*[@id=\"backBtn\"]"}
COMMAND: POST /session/c2385f56a648397eaacc8d3cf68bb68b/elements - {"using":"xpath","value":"//*[@id=\"backBtn\"]"}
RESULT: {"using":"xpath","value":"//*[@id=\"backBtn\"]"}
COMMAND: POST /session/c2385f56a648397eaacc8d3cf68bb68b/elements - {"using":"xpath","value":"//*[@id=\"backBtn\"]"}
RESULT: {"using":"xpath","value":"//*[@id=\"backBtn\"]"}
COMMAND: POST /session/c2385f56a648397eaacc8d3cf68bb68b/elements - {"using":"xpath","value":"//*[@id=\"backBtn\"]"}
RESULT: {"using":"xpath","value":"//*[@id=\"backBtn\"]"}
COMMAND: POST /session/c2385f56a648397eaacc8d3cf68bb68b/elements - {"using":"xpath","value":"//*[@id=\"backBtn\"]"}
RESULT: {"using":"xpath","value":"//*[@id=\"backBtn\"]"}
COMMAND: POST /session/c2385f56a648397eaacc8d3cf68bb68b/elements - {"using":"xpath","value":"//*[@id=\"backBtn\"]"}
RESULT: {"using":"xpath","value":"//*[@id=\"backBtn\"]"}
COMMAND: POST /session/c2385f56a648397eaacc8d3cf68bb68b/elements - {"using":"xpath","value":"//*[@id=\"backBtn\"]"}
RESULT: {"using":"xpath","value":"//*[@id=\"backBtn\"]"}
COMMAND: POST /session/c2385f56a648397eaacc8d3cf68bb68b/elements - {"using":"xpath","value":"//*[@id=\"backBtn\"]"}
RESULT: {"using":"xpath","value":"//*[@id=\"backBtn\"]"}
COMMAND: POST /session/c2385f56a648397eaacc8d3cf68bb68b/elements - {"using":"xpath","value":"//*[@id=\"backBtn\"]"}
RESULT: {"using":"xpath","value":"//*[@id=\"backBtn\"]"}
COMMAND: POST /session/c2385f56a648397eaacc8d3cf68bb68b/elements - {"using":"xpath","value":"//*[@id=\"backBtn\"]"}
RESULT: {"using":"xpath","value":"//*[@id=\"backBtn\"]"}
COMMAND: POST /session/c2385f56a648397eaacc8d3cf68bb68b/elements - {"using":"xpath","value":"//*[@id=\"backBtn\"]"}
RESULT: {"using":"xpath","value":"//*[@id=\"backBtn\"]"}
COMMAND: POST /session/c2385f56a648397eaacc8d3cf68bb68b/elements - {"using":"xpath","value":"//*[@id=\"backBtn\"]"}
RESULT: {"using":"xpath","value":"//*[@id=\"backBtn\"]"}
COMMAND: POST /session/c2385f56a648397eaacc8d3cf68bb68b/elements - {"using":"xpath","value":"//*[@id=\"backBtn\"]"}
RESULT: {"using":"xpath","value":"//*[@id=\"backBtn\"]"}
COMMAND: POST /session/c2385f56a648397eaacc8d3cf68bb68b/elements - {"using":"xpath","value":"//*[@id=\"backBtn\"]"}
RESULT: {"using":"xpath","value":"//*[@id=\"backBtn\"]"}
COMMAND: POST /session/c2385f56a648397eaacc8d3cf68bb68b/elements - {"using":"xpath","value":"//*[@id=\"backBtn\"]"}
RESULT: {"using":"xpath","value":"//*[@id=\"backBtn\"]"}
COMMAND: POST /session/c2385f56a648397eaacc8d3cf68bb68b/elements - {"using":"xpath","value":"//*[@id=\"backBtn\"]"}
RESULT: {"using":"xpath","value":"//*[@id=\"backBtn\"]"}
RESULT: undefined
COMMAND: POST /session/c2385f56a648397eaacc8d3cf68bb68b/element - {"using":"xpath","value":"//*[@id=\"__tile53\"]"}
RESULT: {"using":"xpath","value":"//*[@id=\"__tile53\"]"}
COMMAND: POST /session/c2385f56a648397eaacc8d3cf68bb68b/element/f.0A240B68A77F84A30B8E27BE8FE38A54.d.687E18B43F17A21321720F82E0D55C35.e.1626/click - {}
RESULT: {}
COMMAND: GET /session/c2385f56a648397eaacc8d3cf68bb68b/screenshot - {}
RESULT: {}
COMMAND: POST /session/c2385f56a648397eaacc8d3cf68bb68b/elements - {"using":"xpath","value":"//*[@id=\"backBtn\"]"}
RESULT: {"using":"xpath","value":"//*[@id=\"backBtn\"]"}
COMMAND: POST /session/c2385f56a648397eaacc8d3cf68bb68b/elements - {"using":"xpath","value":"//*[@id=\"backBtn\"]"}
RESULT: {"using":"xpath","value":"//*[@id=\"backBtn\"]"}
COMMAND: POST /session/c2385f56a648397eaacc8d3cf68bb68b/elements - {"using":"xpath","value":"//*[@id=\"backBtn\"]"}
COMMAND: POST /session/c2385f56a648397eaacc8d3cf68bb68b/elements - {"using":"xpath","value":"//*[@id=\"backBtn\"]"}
RESULT: {"using":"xpath","value":"//*[@id=\"backBtn\"]"}
COMMAND: POST /session/c2385f56a648397eaacc8d3cf68bb68b/element - {"using":"xpath","value":"//*[@id=\"backBtn\"]"}
RESULT: {"using":"xpath","value":"//*[@id=\"backBtn\"]"}
COMMAND: POST /session/c2385f56a648397eaacc8d3cf68bb68b/element - {"using":"xpath","value":"//*[@id=\"backBtn\"]"}
RESULT: {"using":"xpath","value":"//*[@id=\"backBtn\"]"}
COMMAND: POST /session/c2385f56a648397eaacc8d3cf68bb68b/element/f.0A240B68A77F84A30B8E27BE8FE38A54.d.687E18B43F17A21321720F82E0D55C35.e.587/click - {}
RESULT: {"using":"xpath","value":"//*[@id=\"backBtn\"]"}
COMMAND: POST /session/c2385f56a648397eaacc8d3cf68bb68b/element/f.0A240B68A77F84A30B8E27BE8FE38A54.d.687E18B43F17A21321720F82E0D55C35.e.587/click - {}
COMMAND: POST /session/c2385f56a648397eaacc8d3cf68bb68b/element - {"using":"xpath","value":"//*[@id=\"backBtn\"]"}
COMMAND: POST /session/c2385f56a648397eaacc8d3cf68bb68b/element - {"using":"xpath","value":"//*[@id=\"backBtn\"]"}
RESULT: {"using":"xpath","value":"//*[@id=\"backBtn\"]"}
COMMAND: POST /session/c2385f56a648397eaacc8d3cf68bb68b/element/f.0A240B68A77F84A30B8E27BE8FE38A54.d.687E18B43F17A21321720F82E0D55C35.e.1795/click - {}
RESULT: {"using":"xpath","value":"//*[@id=\"backBtn\"]"}
COMMAND: POST /session/c2385f56a648397eaacc8d3cf68bb68b/element/f.0A240B68A77F84A30B8E27BE8FE38A54.d.687E18B43F17A21321720F82E0D55C35.e.1795/click - {}
RESULT: {}
COMMAND: GET /session/c2385f56a648397eaacc8d3cf68bb68b/screenshot - {}
RESULT: {}
COMMAND: GET /session/c2385f56a648397eaacc8d3cf68bb68b/screenshot - {}
RESULT: {}
RESULT: {}
RESULT: undefined
COMMAND: POST /session/c2385f56a648397eaacc8d3cf68bb68b/element - {"using":"xpath","value":"//*[@id=\"__tile53\"]"}
RESULT: {"using":"xpath","value":"//*[@id=\"__tile53\"]"}
COMMAND: POST /session/c2385f56a648397eaacc8d3cf68bb68b/element/f.0A240B68A77F84A30B8E27BE8FE38A54.d.687E18B43F17A21321720F82E0D55C35.e.1800/click - {}
RESULT: {}
COMMAND: GET /session/c2385f56a648397eaacc8d3cf68bb68b/screenshot - {}
COMMAND: POST /session/c2385f56a648397eaacc8d3cf68bb68b/execute/async - {"script":"<script> [21 bytes]","args":[{"forceSelect":true,"selector":{"id":"rfm.assetui::xRFMxCU_AssetList--fe::table::allTab::LineItem::StandardAction::Create","interaction":{"idSuffix":"BDI-content"}},"wdio_ui5_key":"rfmassetui::xRFMxCU_AssetList--fe::table::allTab::LineItem::StandardAction::Create"}]}
RESULT: {}
RESULT: {"script":"<script> [21 bytes]","args":[{"forceSelect":true,"selector":{"id":"rfm.assetui::xRFMxCU_AssetList--fe::table::allTab::LineItem::StandardAction::Create","interaction":{"idSuffix":"BDI-content"}},"wdio_ui5_key":"rfmassetui::xRFMxCU_AssetList--fe::table::allTab::LineItem::StandardAction::Create"}]}
RESULT: undefined
COMMAND: POST /session/c2385f56a648397eaacc8d3cf68bb68b/element - {"using":"xpath","value":"//*[@id=\"rfm.assetui::xRFMxCU_AssetList--fe::table::allTab::LineItem::StandardAction::Create\"]"}
RESULT: {"using":"xpath","value":"//*[@id=\"rfm.assetui::xRFMxCU_AssetList--fe::table::allTab::LineItem::StandardAction::Create\"]"}
COMMAND: POST /session/c2385f56a648397eaacc8d3cf68bb68b/element/f.0A240B68A77F84A30B8E27BE8FE38A54.d.687E18B43F17A21321720F82E0D55C35.e.1848/click - {}
RESULT: {}
COMMAND: GET /session/c2385f56a648397eaacc8d3cf68bb68b/screenshot - {}
RESULT: {}
RESULT: undefined
COMMAND: POST /session/c2385f56a648397eaacc8d3cf68bb68b/execute/async - {"script":"<script> [21 bytes]","args":[{"element-6066-11e4-a52e-4f735466cecf":"f.0A240B68A77F84A30B8E27BE8FE38A54.d.687E18B43F17A21321720F82E0D55C35.e.921"},"setValue",["WDIO_Replenishment2_2025-08-14_22-42-38"]]}
COMMAND: POST /session/c2385f56a648397eaacc8d3cf68bb68b/execute/async - {"script":"<script> [21 bytes]","args":[{"selector":{"id":"CreateDialog::xRFMxCU_AssetType::AssetIdExtern-inner","controlType":"sap.ui.mdc.field.FieldInput","searchOpenDialogs":true},"wdio_ui5_key":"CreateDialogxRFMxCU_AssetType::AssetIdExtern-innersap.ui.mdc.field.FieldInput"}]}
RESULT: {"script":"<script> [21 bytes]","args":[{"selector":{"id":"CreateDialog::xRFMxCU_AssetType::AssetIdExtern-inner","controlType":"sap.ui.mdc.field.FieldInput","searchOpenDialogs":true},"wdio_ui5_key":"CreateDialogxRFMxCU_AssetType::AssetIdExtern-innersap.ui.mdc.field.FieldInput"}]}
COMMAND: POST /session/c2385f56a648397eaacc8d3cf68bb68b/execute/async - {"script":"<script> [21 bytes]","args":[{"element-6066-11e4-a52e-4f735466cecf":"f.0A240B68A77F84A30B8E27BE8FE38A54.d.687E18B43F17A21321720F82E0D55C35.e.2079"},"setValue",["WDIO_Replenishment2_2025-08-14_22-42-38"]]}
RESULT: {"script":"<script> [21 bytes]","args":[{"element-6066-11e4-a52e-4f735466cecf":"f.0A240B68A77F84A30B8E27BE8FE38A54.d.687E18B43F17A21321720F82E0D55C35.e.2079"},"setValue",["WDIO_Replenishment2_2025-08-14_22-42-38"]]}
RESULT: undefined
COMMAND: POST /session/c2385f56a648397eaacc8d3cf68bb68b/execute/async - {"script":"<script> [20 bytes]","args":[{"enterText":"Test","selector":{"id":"CreateDialog::xRFMxCU_AssetType::ExternalSystem-inner","searchOpenDialogs":true,"interaction":{"idSuffix":"inner"}},"clearTextFirst":true,"interactionType":"ENTER_TEXT"}]}
RESULT: {"script":"<script> [20 bytes]","args":[{"enterText":"Test","selector":{"id":"CreateDialog::xRFMxCU_AssetType::ExternalSystem-inner","searchOpenDialogs":true,"interaction":{"idSuffix":"inner"}},"clearTextFirst":true,"interactionType":"ENTER_TEXT"}]}
RESULT: undefined
COMMAND: POST /session/c2385f56a648397eaacc8d3cf68bb68b/execute/async - {"script":"<script> [21 bytes]","args":[{"element-6066-11e4-a52e-4f735466cecf":"f.0A240B68A77F84A30B8E27BE8FE38A54.d.687E18B43F17A21321720F82E0D55C35.e.922"},"setValue",["2025-01-01"]]}
COMMAND: POST /session/c2385f56a648397eaacc8d3cf68bb68b/execute/async - {"script":"<script> [21 bytes]","args":[{"selector":{"id":"CreateDialog::xRFMxCU_AssetType::InitiationDate-inner","controlType":"sap.m.DatePicker","searchOpenDialogs":true},"wdio_ui5_key":"CreateDialogxRFMxCU_AssetType::InitiationDate-innersap.m.DatePicker"}]}
RESULT: {"script":"<script> [21 bytes]","args":[{"selector":{"id":"CreateDialog::xRFMxCU_AssetType::InitiationDate-inner","controlType":"sap.m.DatePicker","searchOpenDialogs":true},"wdio_ui5_key":"CreateDialogxRFMxCU_AssetType::InitiationDate-innersap.m.DatePicker"}]}
COMMAND: POST /session/c2385f56a648397eaacc8d3cf68bb68b/execute/async - {"script":"<script> [21 bytes]","args":[{"element-6066-11e4-a52e-4f735466cecf":"f.0A240B68A77F84A30B8E27BE8FE38A54.d.687E18B43F17A21321720F82E0D55C35.e.2080"},"setValue",["2025-01-01"]]}
RESULT: {"script":"<script> [21 bytes]","args":[{"element-6066-11e4-a52e-4f735466cecf":"f.0A240B68A77F84A30B8E27BE8FE38A54.d.687E18B43F17A21321720F82E0D55C35.e.2080"},"setValue",["2025-01-01"]]}
RESULT: undefined
COMMAND: POST /session/c2385f56a648397eaacc8d3cf68bb68b/execute/async - {"script":"<script> [21 bytes]","args":[{"element-6066-11e4-a52e-4f735466cecf":"f.0A240B68A77F84A30B8E27BE8FE38A54.d.687E18B43F17A21321720F82E0D55C35.e.923"},"setValue",["2027-12-31"]]}
COMMAND: POST /session/c2385f56a648397eaacc8d3cf68bb68b/execute/async - {"script":"<script> [21 bytes]","args":[{"selector":{"id":"CreateDialog::xRFMxCU_AssetType::ClosingDate-inner","controlType":"sap.m.DatePicker","searchOpenDialogs":true},"wdio_ui5_key":"CreateDialogxRFMxCU_AssetType::ClosingDate-innersap.m.DatePicker"}]}
RESULT: {"script":"<script> [21 bytes]","args":[{"selector":{"id":"CreateDialog::xRFMxCU_AssetType::ClosingDate-inner","controlType":"sap.m.DatePicker","searchOpenDialogs":true},"wdio_ui5_key":"CreateDialogxRFMxCU_AssetType::ClosingDate-innersap.m.DatePicker"}]}
COMMAND: POST /session/c2385f56a648397eaacc8d3cf68bb68b/execute/async - {"script":"<script> [21 bytes]","args":[{"element-6066-11e4-a52e-4f735466cecf":"f.0A240B68A77F84A30B8E27BE8FE38A54.d.687E18B43F17A21321720F82E0D55C35.e.2081"},"setValue",["2027-12-31"]]}
RESULT: {"script":"<script> [21 bytes]","args":[{"element-6066-11e4-a52e-4f735466cecf":"f.0A240B68A77F84A30B8E27BE8FE38A54.d.687E18B43F17A21321720F82E0D55C35.e.2081"},"setValue",["2027-12-31"]]}
COMMAND: POST /session/c2385f56a648397eaacc8d3cf68bb68b/execute/async - {"script":"<script> [21 bytes]","args":[{"selector":{"id":"CreateDialog::xRFMxCU_Asset-footer","searchOpenDialogs":true},"wdio_ui5_key":"CreateDialogxRFMxCU_Asset-footer"}]}
RESULT: {"script":"<script> [21 bytes]","args":[{"selector":{"id":"CreateDialog::xRFMxCU_Asset-footer","searchOpenDialogs":true},"wdio_ui5_key":"CreateDialogxRFMxCU_Asset-footer"}]}
RESULT: undefined
COMMAND: POST /session/c2385f56a648397eaacc8d3cf68bb68b/element - {"using":"xpath","value":"//*[@id=\"CreateDialog::xRFMxCU_Asset-footer\"]"}
RESULT: {"using":"xpath","value":"//*[@id=\"CreateDialog::xRFMxCU_Asset-footer\"]"}
COMMAND: POST /session/c2385f56a648397eaacc8d3cf68bb68b/element/f.0A240B68A77F84A30B8E27BE8FE38A54.d.687E18B43F17A21321720F82E0D55C35.e.2087/click - {}
RESULT: {}
COMMAND: POST /session/c2385f56a648397eaacc8d3cf68bb68b/execute/async - {"script":"<script> [21 bytes]","args":[{"forceSelect":true,"selector":{"controlType":"sap.m.Button","viewName":"sap.fe.templates.ObjectPage.ObjectPage","viewId":"rfm.assetui::xRFMxCU_AssetObjectPage","properties":{"text":"Continue"},"searchOpenDialogs":true},"wdio_ui5_key":"sapfe.templates.ObjectPage.ObjectPagesap.m.Button{\"text\":\"Continue\"}"}]}
COMMAND: GET /session/c2385f56a648397eaacc8d3cf68bb68b/screenshot - {}
RESULT: {"script":"<script> [21 bytes]","args":[{"forceSelect":true,"selector":{"controlType":"sap.m.Button","viewName":"sap.fe.templates.ObjectPage.ObjectPage","viewId":"rfm.assetui::xRFMxCU_AssetObjectPage","properties":{"text":"Continue"},"searchOpenDialogs":true},"wdio_ui5_key":"sapfe.templates.ObjectPage.ObjectPagesap.m.Button{\"text\":\"Continue\"}"}]}
RESULT: undefined
COMMAND: POST /session/c2385f56a648397eaacc8d3cf68bb68b/element - {"using":"xpath","value":"//*[@id=\"__button291\"]"}
RESULT: {}
RESULT: {"using":"xpath","value":"//*[@id=\"__button291\"]"}
COMMAND: POST /session/c2385f56a648397eaacc8d3cf68bb68b/element/f.0A240B68A77F84A30B8E27BE8FE38A54.d.687E18B43F17A21321720F82E0D55C35.e.2088/click - {}
RESULT: {}
COMMAND: GET /session/c2385f56a648397eaacc8d3cf68bb68b/screenshot - {}
RESULT: {}
RESULT: undefined
COMMAND: POST /session/c2385f56a648397eaacc8d3cf68bb68b/execute/async - {"script":"<script> [20 bytes]","args":[{"enterText":"117009960","selector":{"id":"rfm.assetui::xRFMxCU_AssetObjectPage--fe::FormContainer::FieldGroup::detailsFieldsGP1::FormElement::DataFieldWithIntentBasedNavigation::PartnerId::Debtor::Manage::Field-edit","interaction":{"idSuffix":"inner"}},"clearTextFirst":true,"interactionType":"ENTER_TEXT"}]}
RESULT: {"script":"<script> [20 bytes]","args":[{"enterText":"117009960","selector":{"id":"rfm.assetui::xRFMxCU_AssetObjectPage--fe::FormContainer::FieldGroup::detailsFieldsGP1::FormElement::DataFieldWithIntentBasedNavigation::PartnerId::Debtor::Manage::Field-edit","interaction":{"idSuffix":"inner"}},"clearTextFirst":true,"interactionType":"ENTER_TEXT"}]}
RESULT: undefined
COMMAND: POST /session/c2385f56a648397eaacc8d3cf68bb68b/execute/async - {"script":"<script> [20 bytes]","args":[{"enterText":"19,765.44","selector":{"id":"rfm.assetui::xRFMxCU_AssetObjectPage--fe::FormContainer::FieldGroup::detailsFieldsGP1::FormElement::DataField::NominalValue::Field-edit-inner","interaction":{"idSuffix":"inner"}},"clearTextFirst":true,"interactionType":"ENTER_TEXT"}]}
RESULT: {"script":"<script> [20 bytes]","args":[{"enterText":"19,765.44","selector":{"id":"rfm.assetui::xRFMxCU_AssetObjectPage--fe::FormContainer::FieldGroup::detailsFieldsGP1::FormElement::DataField::NominalValue::Field-edit-inner","interaction":{"idSuffix":"inner"}},"clearTextFirst":true,"interactionType":"ENTER_TEXT"}]}
RESULT: undefined
COMMAND: POST /session/c2385f56a648397eaacc8d3cf68bb68b/execute/async - {"script":"<script> [20 bytes]","args":[{"enterText":"EUR","selector":{"id":"rfm.assetui::xRFMxCU_AssetObjectPage--fe::FormContainer::FieldGroup::detailsFieldsGP1::FormElement::DataField::NominalValue::Field-edit-inner-unit","interaction":{"idSuffix":"inner"}},"clearTextFirst":true,"interactionType":"ENTER_TEXT"}]}
RESULT: {"script":"<script> [20 bytes]","args":[{"enterText":"EUR","selector":{"id":"rfm.assetui::xRFMxCU_AssetObjectPage--fe::FormContainer::FieldGroup::detailsFieldsGP1::FormElement::DataField::NominalValue::Field-edit-inner-unit","interaction":{"idSuffix":"inner"}},"clearTextFirst":true,"interactionType":"ENTER_TEXT"}]}
RESULT: undefined
COMMAND: POST /session/c2385f56a648397eaacc8d3cf68bb68b/execute/async - {"script":"<script> [20 bytes]","args":[{"enterText":"Leasing","selector":{"id":"rfm.assetui::xRFMxCU_AssetObjectPage--fe::FormContainer::FieldGroup::detailsFieldsGP2::FormElement::DataField::AssetCategory::Field-edit-inner","interaction":{"idSuffix":"inner"}},"clearTextFirst":true,"interactionType":"ENTER_TEXT"}]}
RESULT: {"script":"<script> [20 bytes]","args":[{"enterText":"Leasing","selector":{"id":"rfm.assetui::xRFMxCU_AssetObjectPage--fe::FormContainer::FieldGroup::detailsFieldsGP2::FormElement::DataField::AssetCategory::Field-edit-inner","interaction":{"idSuffix":"inner"}},"clearTextFirst":true,"interactionType":"ENTER_TEXT"}]}
RESULT: undefined
COMMAND: POST /session/c2385f56a648397eaacc8d3cf68bb68b/execute/async - {"script":"<script> [20 bytes]","args":[{"enterText":"2","selector":{"id":"rfm.assetui::xRFMxCU_AssetObjectPage--fe::FormContainer::FieldGroup::detailsFieldsGP2::FormElement::DataField::ContractType::Field-edit-inner","interaction":{"idSuffix":"inner"}},"clearTextFirst":true,"interactionType":"ENTER_TEXT"}]}
RESULT: {"script":"<script> [20 bytes]","args":[{"enterText":"2","selector":{"id":"rfm.assetui::xRFMxCU_AssetObjectPage--fe::FormContainer::FieldGroup::detailsFieldsGP2::FormElement::DataField::ContractType::Field-edit-inner","interaction":{"idSuffix":"inner"}},"clearTextFirst":true,"interactionType":"ENTER_TEXT"}]}
RESULT: undefined
COMMAND: POST /session/c2385f56a648397eaacc8d3cf68bb68b/execute/async - {"script":"<script> [20 bytes]","args":[{"enterText":"Active","selector":{"id":"rfm.assetui::xRFMxCU_AssetObjectPage--fe::FormContainer::FieldGroup::detailsFieldsGP2::FormElement::DataField::Status::Field-edit-inner","interaction":{"idSuffix":"inner"}},"clearTextFirst":true,"interactionType":"ENTER_TEXT"}]}
RESULT: {"script":"<script> [20 bytes]","args":[{"enterText":"Active","selector":{"id":"rfm.assetui::xRFMxCU_AssetObjectPage--fe::FormContainer::FieldGroup::detailsFieldsGP2::FormElement::DataField::Status::Field-edit-inner","interaction":{"idSuffix":"inner"}},"clearTextFirst":true,"interactionType":"ENTER_TEXT"}]}
RESULT: undefined
COMMAND: POST /session/c2385f56a648397eaacc8d3cf68bb68b/element - {"using":"xpath","value":"//*[@id=\"rfm.assetui::xRFMxCU_AssetObjectPage--fe::ObjectPage-anchBar-rfm.assetui::xRFMxCU_AssetObjectPage--fe::FacetSection::CashFlowCollection-anchor\"]"}
RESULT: {"using":"xpath","value":"//*[@id=\"rfm.assetui::xRFMxCU_AssetObjectPage--fe::ObjectPage-anchBar-rfm.assetui::xRFMxCU_AssetObjectPage--fe::FacetSection::CashFlowCollection-anchor\"]"}
COMMAND: POST /session/c2385f56a648397eaacc8d3cf68bb68b/element/f.0A240B68A77F84A30B8E27BE8FE38A54.d.687E18B43F17A21321720F82E0D55C35.e.2139/click - {}
RESULT: {}
COMMAND: GET /session/c2385f56a648397eaacc8d3cf68bb68b/screenshot - {}
RESULT: {}
RESULT: undefined
COMMAND: POST /session/c2385f56a648397eaacc8d3cf68bb68b/element - {"using":"xpath","value":"//*[@id=\"rfm.assetui::xRFMxCU_AssetObjectPage--fe::FacetSubSection::PlannedCFCollection\"]"}
RESULT: {"using":"xpath","value":"//*[@id=\"rfm.assetui::xRFMxCU_AssetObjectPage--fe::FacetSubSection::PlannedCFCollection\"]"}
COMMAND: POST /session/c2385f56a648397eaacc8d3cf68bb68b/element/f.0A240B68A77F84A30B8E27BE8FE38A54.d.687E18B43F17A21321720F82E0D55C35.e.2201/click - {}
RESULT: {}
RESULT: undefined
COMMAND: POST /session/c2385f56a648397eaacc8d3cf68bb68b/element - {"using":"xpath","value":"//*[@id=\"rfm.assetui::xRFMxCU_AssetObjectPage--fe::table::_AssetCashflow::LineItem::StandardAction::Create\"]"}
COMMAND: GET /session/c2385f56a648397eaacc8d3cf68bb68b/screenshot - {}
RESULT: {"using":"xpath","value":"//*[@id=\"rfm.assetui::xRFMxCU_AssetObjectPage--fe::table::_AssetCashflow::LineItem::StandardAction::Create\"]"}
COMMAND: POST /session/c2385f56a648397eaacc8d3cf68bb68b/element/f.0A240B68A77F84A30B8E27BE8FE38A54.d.687E18B43F17A21321720F82E0D55C35.e.2140/click - {}
RESULT: {}
RESULT: {}
COMMAND: GET /session/c2385f56a648397eaacc8d3cf68bb68b/screenshot - {}
RESULT: {}
RESULT: undefined
COMMAND: POST /session/c2385f56a648397eaacc8d3cf68bb68b/execute/async - {"script":"<script> [20 bytes]","args":[{"enterText":"Interest","selector":{"id":"CreateDialog::xRFMxCU_AssetCashflowType::CashflowPartType-inner","searchOpenDialogs":true,"interaction":{"idSuffix":"inner"}},"clearTextFirst":true,"interactionType":"ENTER_TEXT"}]}
RESULT: {"script":"<script> [20 bytes]","args":[{"enterText":"Interest","selector":{"id":"CreateDialog::xRFMxCU_AssetCashflowType::CashflowPartType-inner","searchOpenDialogs":true,"interaction":{"idSuffix":"inner"}},"clearTextFirst":true,"interactionType":"ENTER_TEXT"}]}
RESULT: undefined
COMMAND: POST /session/c2385f56a648397eaacc8d3cf68bb68b/execute/async - {"script":"<script> [20 bytes]","args":[{"enterText":"2025-01-01","selector":{"id":"CreateDialog::xRFMxCU_AssetCashflowType::DueDate-inner","searchOpenDialogs":true,"interaction":{"idSuffix":"inner"}},"clearTextFirst":true,"interactionType":"ENTER_TEXT"}]}
RESULT: {"script":"<script> [20 bytes]","args":[{"enterText":"2025-01-01","selector":{"id":"CreateDialog::xRFMxCU_AssetCashflowType::DueDate-inner","searchOpenDialogs":true,"interaction":{"idSuffix":"inner"}},"clearTextFirst":true,"interactionType":"ENTER_TEXT"}]}
RESULT: undefined
COMMAND: POST /session/c2385f56a648397eaacc8d3cf68bb68b/element - {"using":"xpath","value":"//*[@id=\"CreateDialog::xRFMxCU_Asset::_AssetCashflow-footer\"]"}
RESULT: {"using":"xpath","value":"//*[@id=\"CreateDialog::xRFMxCU_Asset::_AssetCashflow-footer\"]"}
COMMAND: POST /session/c2385f56a648397eaacc8d3cf68bb68b/element/f.0A240B68A77F84A30B8E27BE8FE38A54.d.687E18B43F17A21321720F82E0D55C35.e.2358/click - {}
RESULT: {}
COMMAND: POST /session/c2385f56a648397eaacc8d3cf68bb68b/execute/async - {"script":"<script> [21 bytes]","args":[{"forceSelect":true,"selector":{"controlType":"sap.m.Button","viewName":"sap.fe.templates.ObjectPage.ObjectPage","viewId":"rfm.assetui::xRFMxCU_Asset__AssetCashflowObjectPage","properties":{"text":"Continue"},"searchOpenDialogs":true,"interaction":{"idSuffix":"content"}},"wdio_ui5_key":"sapfe.templates.ObjectPage.ObjectPagesap.m.Button{\"text\":\"Continue\"}"}]}
COMMAND: GET /session/c2385f56a648397eaacc8d3cf68bb68b/screenshot - {}
RESULT: {"script":"<script> [21 bytes]","args":[{"forceSelect":true,"selector":{"controlType":"sap.m.Button","viewName":"sap.fe.templates.ObjectPage.ObjectPage","viewId":"rfm.assetui::xRFMxCU_Asset__AssetCashflowObjectPage","properties":{"text":"Continue"},"searchOpenDialogs":true,"interaction":{"idSuffix":"content"}},"wdio_ui5_key":"sapfe.templates.ObjectPage.ObjectPagesap.m.Button{\"text\":\"Continue\"}"}]}
RESULT: undefined
COMMAND: POST /session/c2385f56a648397eaacc8d3cf68bb68b/element - {"using":"xpath","value":"//*[@id=\"__button304\"]"}
RESULT: {}
RESULT: {"using":"xpath","value":"//*[@id=\"__button304\"]"}
COMMAND: POST /session/c2385f56a648397eaacc8d3cf68bb68b/element/f.0A240B68A77F84A30B8E27BE8FE38A54.d.687E18B43F17A21321720F82E0D55C35.e.2360/click - {}
RESULT: {}
COMMAND: GET /session/c2385f56a648397eaacc8d3cf68bb68b/screenshot - {}
RESULT: {}
RESULT: undefined
COMMAND: POST /session/c2385f56a648397eaacc8d3cf68bb68b/execute/async - {"script":"<script> [20 bytes]","args":[{"enterText":"19.49","selector":{"id":"rfm.assetui::xRFMxCU_Asset__AssetCashflowObjectPage--fe::FormContainer::CashFlow::FormElement::DataField::Amount::Field-edit-inner","interaction":{"idSuffix":"inner"}},"clearTextFirst":true,"interactionType":"ENTER_TEXT"}]}
RESULT: {"script":"<script> [20 bytes]","args":[{"enterText":"19.49","selector":{"id":"rfm.assetui::xRFMxCU_Asset__AssetCashflowObjectPage--fe::FormContainer::CashFlow::FormElement::DataField::Amount::Field-edit-inner","interaction":{"idSuffix":"inner"}},"clearTextFirst":true,"interactionType":"ENTER_TEXT"}]}
RESULT: undefined
COMMAND: POST /session/c2385f56a648397eaacc8d3cf68bb68b/element - {"using":"xpath","value":"//*[@id=\"rfm.assetui::xRFMxCU_Asset__AssetCashflowObjectPage--fe::FormContainer::CashFlow::FormElement::DataField::Amount::Field-edit-inner-unit-vhi\"]"}
RESULT: {"using":"xpath","value":"//*[@id=\"rfm.assetui::xRFMxCU_Asset__AssetCashflowObjectPage--fe::FormContainer::CashFlow::FormElement::DataField::Amount::Field-edit-inner-unit-vhi\"]"}
COMMAND: POST /session/c2385f56a648397eaacc8d3cf68bb68b/element/f.0A240B68A77F84A30B8E27BE8FE38A54.d.687E18B43F17A21321720F82E0D55C35.e.2380/click - {}
RESULT: {}
RESULT: undefined
COMMAND: POST /session/c2385f56a648397eaacc8d3cf68bb68b/execute/async - {"script":"<script> [20 bytes]","args":[{"enterText":"EUR","selector":{"id":"rfm.assetui::xRFMxCU_Asset__AssetCashflowObjectPage--fe::FormContainer::CashFlow::FieldValueHelp::_AssetCashflow::Amount::_AssetCashflow::Currency::Dialog::qualifier::-search-inner","searchOpenDialogs":true,"interaction":{"idSuffix":"I"}},"clearTextFirst":true,"interactionType":"ENTER_TEXT"}]}
COMMAND: GET /session/c2385f56a648397eaacc8d3cf68bb68b/screenshot - {}
RESULT: {"script":"<script> [20 bytes]","args":[{"enterText":"EUR","selector":{"id":"rfm.assetui::xRFMxCU_Asset__AssetCashflowObjectPage--fe::FormContainer::CashFlow::FieldValueHelp::_AssetCashflow::Amount::_AssetCashflow::Currency::Dialog::qualifier::-search-inner","searchOpenDialogs":true,"interaction":{"idSuffix":"I"}},"clearTextFirst":true,"interactionType":"ENTER_TEXT"}]}
RESULT: undefined
COMMAND: POST /session/c2385f56a648397eaacc8d3cf68bb68b/element - {"using":"xpath","value":"//*[@id=\"rfm.assetui::xRFMxCU_Asset__AssetCashflowObjectPage--fe::FormContainer::CashFlow::FieldValueHelp::_AssetCashflow::Amount::_AssetCashflow::Currency::Dialog::qualifier::::Table-innerTable-rows-row0\"]"}
RESULT: {}
RESULT: {"using":"xpath","value":"//*[@id=\"rfm.assetui::xRFMxCU_Asset__AssetCashflowObjectPage--fe::FormContainer::CashFlow::FieldValueHelp::_AssetCashflow::Amount::_AssetCashflow::Currency::Dialog::qualifier::::Table-innerTable-rows-row0\"]"}
COMMAND: POST /session/c2385f56a648397eaacc8d3cf68bb68b/element/f.0A240B68A77F84A30B8E27BE8FE38A54.d.687E18B43F17A21321720F82E0D55C35.e.2387/click - {}
RESULT: {}
COMMAND: POST /session/c2385f56a648397eaacc8d3cf68bb68b/execute/async - {"script":"<script> [21 bytes]","args":[{"forceSelect":true,"selector":{"id":"rfm.assetui::xRFMxCU_Asset__AssetCashflowObjectPage--fe::FooterBar::StandardAction::Apply","interaction":{"idSuffix":"BDI-content"}},"wdio_ui5_key":"rfmassetui::xRFMxCU_Asset__AssetCashflowObjectPage--fe::FooterBar::StandardAction::Apply"}]}
COMMAND: GET /session/c2385f56a648397eaacc8d3cf68bb68b/screenshot - {}
RESULT: {"script":"<script> [21 bytes]","args":[{"forceSelect":true,"selector":{"id":"rfm.assetui::xRFMxCU_Asset__AssetCashflowObjectPage--fe::FooterBar::StandardAction::Apply","interaction":{"idSuffix":"BDI-content"}},"wdio_ui5_key":"rfmassetui::xRFMxCU_Asset__AssetCashflowObjectPage--fe::FooterBar::StandardAction::Apply"}]}
RESULT: undefined
COMMAND: POST /session/c2385f56a648397eaacc8d3cf68bb68b/element - {"using":"xpath","value":"//*[@id=\"rfm.assetui::xRFMxCU_Asset__AssetCashflowObjectPage--fe::FooterBar::StandardAction::Apply\"]"}
RESULT: {}
RESULT: {"using":"xpath","value":"//*[@id=\"rfm.assetui::xRFMxCU_Asset__AssetCashflowObjectPage--fe::FooterBar::StandardAction::Apply\"]"}
COMMAND: POST /session/c2385f56a648397eaacc8d3cf68bb68b/element/f.0A240B68A77F84A30B8E27BE8FE38A54.d.687E18B43F17A21321720F82E0D55C35.e.2351/click - {}
RESULT: {}
COMMAND: GET /session/c2385f56a648397eaacc8d3cf68bb68b/screenshot - {}
RESULT: {}
RESULT: undefined
COMMAND: POST /session/c2385f56a648397eaacc8d3cf68bb68b/element - {"using":"xpath","value":"//*[@id=\"rfm.assetui::xRFMxCU_AssetObjectPage--fe::table::_AssetCashflow::LineItem::StandardAction::Create\"]"}
RESULT: {"using":"xpath","value":"//*[@id=\"rfm.assetui::xRFMxCU_AssetObjectPage--fe::table::_AssetCashflow::LineItem::StandardAction::Create\"]"}
COMMAND: POST /session/c2385f56a648397eaacc8d3cf68bb68b/element/f.0A240B68A77F84A30B8E27BE8FE38A54.d.687E18B43F17A21321720F82E0D55C35.e.2140/click - {}
RESULT: {}
COMMAND: GET /session/c2385f56a648397eaacc8d3cf68bb68b/screenshot - {}
RESULT: {}
RESULT: undefined
COMMAND: POST /session/c2385f56a648397eaacc8d3cf68bb68b/execute/async - {"script":"<script> [20 bytes]","args":[{"enterText":"Principal","selector":{"id":"CreateDialog::xRFMxCU_AssetCashflowType::CashflowPartType-inner","searchOpenDialogs":true,"interaction":{"idSuffix":"inner"}},"clearTextFirst":true,"interactionType":"ENTER_TEXT"}]}
RESULT: {"script":"<script> [20 bytes]","args":[{"enterText":"Principal","selector":{"id":"CreateDialog::xRFMxCU_AssetCashflowType::CashflowPartType-inner","searchOpenDialogs":true,"interaction":{"idSuffix":"inner"}},"clearTextFirst":true,"interactionType":"ENTER_TEXT"}]}
RESULT: undefined
COMMAND: POST /session/c2385f56a648397eaacc8d3cf68bb68b/execute/async - {"script":"<script> [20 bytes]","args":[{"enterText":"2025-01-01","selector":{"id":"CreateDialog::xRFMxCU_AssetCashflowType::DueDate-inner","searchOpenDialogs":true,"interaction":{"idSuffix":"inner"}},"clearTextFirst":true,"interactionType":"ENTER_TEXT"}]}
RESULT: {"script":"<script> [20 bytes]","args":[{"enterText":"2025-01-01","selector":{"id":"CreateDialog::xRFMxCU_AssetCashflowType::DueDate-inner","searchOpenDialogs":true,"interaction":{"idSuffix":"inner"}},"clearTextFirst":true,"interactionType":"ENTER_TEXT"}]}
RESULT: undefined
COMMAND: POST /session/c2385f56a648397eaacc8d3cf68bb68b/element - {"using":"xpath","value":"//*[@id=\"CreateDialog::xRFMxCU_Asset::_AssetCashflow-footer\"]"}
RESULT: {"using":"xpath","value":"//*[@id=\"CreateDialog::xRFMxCU_Asset::_AssetCashflow-footer\"]"}
COMMAND: POST /session/c2385f56a648397eaacc8d3cf68bb68b/element/f.0A240B68A77F84A30B8E27BE8FE38A54.d.687E18B43F17A21321720F82E0D55C35.e.2503/click - {}
RESULT: {}
COMMAND: GET /session/c2385f56a648397eaacc8d3cf68bb68b/screenshot - {}
RESULT: {}
COMMAND: POST /session/c2385f56a648397eaacc8d3cf68bb68b/execute/async - {"script":"<script> [21 bytes]","args":[{"forceSelect":true,"selector":{"controlType":"sap.m.Button","viewName":"sap.fe.templates.ObjectPage.ObjectPage","viewId":"rfm.assetui::xRFMxCU_Asset__AssetCashflowObjectPage","properties":{"text":"Continue"},"searchOpenDialogs":true,"interaction":{"idSuffix":"content"}},"wdio_ui5_key":"sapfe.templates.ObjectPage.ObjectPagesap.m.Button{\"text\":\"Continue\"}"}]}
RESULT: {"script":"<script> [21 bytes]","args":[{"forceSelect":true,"selector":{"controlType":"sap.m.Button","viewName":"sap.fe.templates.ObjectPage.ObjectPage","viewId":"rfm.assetui::xRFMxCU_Asset__AssetCashflowObjectPage","properties":{"text":"Continue"},"searchOpenDialogs":true,"interaction":{"idSuffix":"content"}},"wdio_ui5_key":"sapfe.templates.ObjectPage.ObjectPagesap.m.Button{\"text\":\"Continue\"}"}]}
RESULT: undefined
COMMAND: POST /session/c2385f56a648397eaacc8d3cf68bb68b/element - {"using":"xpath","value":"//*[@id=\"__button306\"]"}
RESULT: {"using":"xpath","value":"//*[@id=\"__button306\"]"}
COMMAND: POST /session/c2385f56a648397eaacc8d3cf68bb68b/element/f.0A240B68A77F84A30B8E27BE8FE38A54.d.687E18B43F17A21321720F82E0D55C35.e.2505/click - {}
RESULT: {}
COMMAND: GET /session/c2385f56a648397eaacc8d3cf68bb68b/screenshot - {}
RESULT: {}
RESULT: undefined
COMMAND: POST /session/c2385f56a648397eaacc8d3cf68bb68b/execute/async - {"script":"<script> [20 bytes]","args":[{"enterText":"52.55","selector":{"id":"rfm.assetui::xRFMxCU_Asset__AssetCashflowObjectPage--fe::FormContainer::CashFlow::FormElement::DataField::Amount::Field-edit-inner","interaction":{"idSuffix":"inner"}},"clearTextFirst":true,"interactionType":"ENTER_TEXT"}]}
RESULT: {"script":"<script> [20 bytes]","args":[{"enterText":"52.55","selector":{"id":"rfm.assetui::xRFMxCU_Asset__AssetCashflowObjectPage--fe::FormContainer::CashFlow::FormElement::DataField::Amount::Field-edit-inner","interaction":{"idSuffix":"inner"}},"clearTextFirst":true,"interactionType":"ENTER_TEXT"}]}
RESULT: undefined
COMMAND: POST /session/c2385f56a648397eaacc8d3cf68bb68b/execute/async - {"script":"<script> [20 bytes]","args":[{"enterText":"EUR","selector":{"id":"rfm.assetui::xRFMxCU_Asset__AssetCashflowObjectPage--fe::FormContainer::CashFlow::FormElement::DataField::Amount::Field-edit-inner-unit","interaction":{"idSuffix":"inner"}},"clearTextFirst":true,"interactionType":"ENTER_TEXT"}]}
RESULT: {"script":"<script> [20 bytes]","args":[{"enterText":"EUR","selector":{"id":"rfm.assetui::xRFMxCU_Asset__AssetCashflowObjectPage--fe::FormContainer::CashFlow::FormElement::DataField::Amount::Field-edit-inner-unit","interaction":{"idSuffix":"inner"}},"clearTextFirst":true,"interactionType":"ENTER_TEXT"}]}
COMMAND: POST /session/c2385f56a648397eaacc8d3cf68bb68b/execute/async - {"script":"<script> [21 bytes]","args":[{"forceSelect":true,"selector":{"id":"rfm.assetui::xRFMxCU_Asset__AssetCashflowObjectPage--fe::FooterBar::StandardAction::Apply","interaction":{"idSuffix":"content"}},"wdio_ui5_key":"rfmassetui::xRFMxCU_Asset__AssetCashflowObjectPage--fe::FooterBar::StandardAction::Apply"}]}
RESULT: {"script":"<script> [21 bytes]","args":[{"forceSelect":true,"selector":{"id":"rfm.assetui::xRFMxCU_Asset__AssetCashflowObjectPage--fe::FooterBar::StandardAction::Apply","interaction":{"idSuffix":"content"}},"wdio_ui5_key":"rfmassetui::xRFMxCU_Asset__AssetCashflowObjectPage--fe::FooterBar::StandardAction::Apply"}]}
RESULT: undefined
COMMAND: POST /session/c2385f56a648397eaacc8d3cf68bb68b/element - {"using":"xpath","value":"//*[@id=\"rfm.assetui::xRFMxCU_Asset__AssetCashflowObjectPage--fe::FooterBar::StandardAction::Apply\"]"}
RESULT: {"using":"xpath","value":"//*[@id=\"rfm.assetui::xRFMxCU_Asset__AssetCashflowObjectPage--fe::FooterBar::StandardAction::Apply\"]"}
COMMAND: POST /session/c2385f56a648397eaacc8d3cf68bb68b/element/f.0A240B68A77F84A30B8E27BE8FE38A54.d.687E18B43F17A21321720F82E0D55C35.e.2351/click - {}
RESULT: {}
COMMAND: GET /session/c2385f56a648397eaacc8d3cf68bb68b/screenshot - {}
RESULT: {}
RESULT: undefined
COMMAND: POST /session/c2385f56a648397eaacc8d3cf68bb68b/element/f.0A240B68A77F84A30B8E27BE8FE38A54.d.687E18B43F17A21321720F82E0D55C35.e.1449/click - {}
COMMAND: POST /session/c2385f56a648397eaacc8d3cf68bb68b/element - {"using":"xpath","value":"//*[@id=\"rfm.assetui::xRFMxCU_AssetObjectPage--fe::FooterBar::StandardAction::Save\"]"}
RESULT: {"using":"xpath","value":"//*[@id=\"rfm.assetui::xRFMxCU_AssetObjectPage--fe::FooterBar::StandardAction::Save\"]"}
COMMAND: POST /session/c2385f56a648397eaacc8d3cf68bb68b/element/f.0A240B68A77F84A30B8E27BE8FE38A54.d.687E18B43F17A21321720F82E0D55C35.e.1449/click - {}
COMMAND: POST /session/c2385f56a648397eaacc8d3cf68bb68b/element - {"using":"xpath","value":"//*[@id=\"rfm.assetui::xRFMxCU_AssetObjectPage--fe::FooterBar::StandardAction::Save\"]"}
RESULT: {"using":"xpath","value":"//*[@id=\"rfm.assetui::xRFMxCU_AssetObjectPage--fe::FooterBar::StandardAction::Save\"]"}
COMMAND: POST /session/c2385f56a648397eaacc8d3cf68bb68b/element/f.0A240B68A77F84A30B8E27BE8FE38A54.d.687E18B43F17A21321720F82E0D55C35.e.2299/click - {}
RESULT: {}
COMMAND: GET /session/c2385f56a648397eaacc8d3cf68bb68b/screenshot - {}
RESULT: {}
RESULT: undefined
RESULT: undefined
COMMAND: POST /session/c2385f56a648397eaacc8d3cf68bb68b/element - {"using":"xpath","value":"//*[@id=\"rfm.assetui::xRFMxCU_AssetObjectPage--fe::ObjectPage-anchBar-rfm.assetui::xRFMxCU_AssetObjectPage--fe::FacetSection::Object-anchor\"]"}
RESULT: {"using":"xpath","value":"//*[@id=\"rfm.assetui::xRFMxCU_AssetObjectPage--fe::ObjectPage-anchBar-rfm.assetui::xRFMxCU_AssetObjectPage--fe::FacetSection::Object-anchor\"]"}
COMMAND: POST /session/c2385f56a648397eaacc8d3cf68bb68b/element/f.0A240B68A77F84A30B8E27BE8FE38A54.d.687E18B43F17A21321720F82E0D55C35.e.2658/click - {}
RESULT: {}
COMMAND: GET /session/c2385f56a648397eaacc8d3cf68bb68b/screenshot - {}
RESULT: {}
COMMAND: GET /session/c2385f56a648397eaacc8d3cf68bb68b/url - {}
RESULT: {}
RESULT: undefined
COMMAND: POST /session/c2385f56a648397eaacc8d3cf68bb68b/element/f.0A240B68A77F84A30B8E27BE8FE38A54.d.687E18B43F17A21321720F82E0D55C35.e.1795/click - {}
COMMAND: GET /session/c2385f56a648397eaacc8d3cf68bb68b/screenshot - {}
RESULT: {}
COMMAND: GET /session/c2385f56a648397eaacc8d3cf68bb68b/screenshot - {}
RESULT: {}
RESULT: {}
COMMAND: POST /session/c2385f56a648397eaacc8d3cf68bb68b/element/f.0A240B68A77F84A30B8E27BE8FE38A54.d.687E18B43F17A21321720F82E0D55C35.e.1795/click - {}
COMMAND: POST /session/c2385f56a648397eaacc8d3cf68bb68b/element/f.0A240B68A77F84A30B8E27BE8FE38A54.d.687E18B43F17A21321720F82E0D55C35.e.1795/click - {}
COMMAND: POST /session/c2385f56a648397eaacc8d3cf68bb68b/element - {"using":"xpath","value":"//*[@id=\"backBtn\"]"}
COMMAND: POST /session/c2385f56a648397eaacc8d3cf68bb68b/element - {"using":"xpath","value":"//*[@id=\"backBtn\"]"}
RESULT: {"using":"xpath","value":"//*[@id=\"backBtn\"]"}
COMMAND: POST /session/c2385f56a648397eaacc8d3cf68bb68b/elements - {"using":"xpath","value":"//*[@id=\"backBtn\"]"}
RESULT: {"using":"xpath","value":"//*[@id=\"backBtn\"]"}
COMMAND: POST /session/c2385f56a648397eaacc8d3cf68bb68b/elements - {"using":"xpath","value":"//*[@id=\"backBtn\"]"}
RESULT: {"using":"xpath","value":"//*[@id=\"backBtn\"]"}
RESULT: {"using":"xpath","value":"//*[@id=\"backBtn\"]"}
COMMAND: POST /session/c2385f56a648397eaacc8d3cf68bb68b/elements - {"using":"xpath","value":"//*[@id=\"backBtn\"]"}
RESULT: {"using":"xpath","value":"//*[@id=\"backBtn\"]"}
COMMAND: POST /session/c2385f56a648397eaacc8d3cf68bb68b/elements - {"using":"xpath","value":"//*[@id=\"backBtn\"]"}
RESULT: {"using":"xpath","value":"//*[@id=\"backBtn\"]"}
COMMAND: POST /session/c2385f56a648397eaacc8d3cf68bb68b/elements - {"using":"xpath","value":"//*[@id=\"backBtn\"]"}
RESULT: {"using":"xpath","value":"//*[@id=\"backBtn\"]"}
COMMAND: POST /session/c2385f56a648397eaacc8d3cf68bb68b/elements - {"using":"xpath","value":"//*[@id=\"backBtn\"]"}
RESULT: {"using":"xpath","value":"//*[@id=\"backBtn\"]"}
COMMAND: POST /session/c2385f56a648397eaacc8d3cf68bb68b/elements - {"using":"xpath","value":"//*[@id=\"backBtn\"]"}
RESULT: {"using":"xpath","value":"//*[@id=\"backBtn\"]"}
COMMAND: POST /session/c2385f56a648397eaacc8d3cf68bb68b/elements - {"using":"xpath","value":"//*[@id=\"backBtn\"]"}
RESULT: {"using":"xpath","value":"//*[@id=\"backBtn\"]"}
COMMAND: GET /session/c2385f56a648397eaacc8d3cf68bb68b/screenshot - {}
]]></system-out>
    </testcase>
    <testcase classname="chrome.138_0_7204_184.windows.Replenishment" name="Should create Transaction" time="177.652">
      <system-out><![CDATA[
COMMAND: POST /session/c2385f56a648397eaacc8d3cf68bb68b/execute/async - {"script":"<script> [21 bytes]","args":[{"selector":{"controlType":"sap.m.GenericTile","properties":{"header":"Funding Transaction"}},"wdio_ui5_key":"sapm.GenericTile{\"header\":\"Funding Transaction\"}"}]}
COMMAND: POST /session/c2385f56a648397eaacc8d3cf68bb68b/elements - {"using":"xpath","value":"//*[@id=\"backBtn\"]"}
COMMAND: POST /session/c2385f56a648397eaacc8d3cf68bb68b/elements - {"using":"xpath","value":"//*[@id=\"backBtn\"]"}
RESULT: {}
RESULT: {"script":"<script> [21 bytes]","args":[{"selector":{"controlType":"sap.m.GenericTile","properties":{"header":"Funding Transaction"}},"wdio_ui5_key":"sapm.GenericTile{\"header\":\"Funding Transaction\"}"}]}
RESULT: undefined
COMMAND: POST /session/c2385f56a648397eaacc8d3cf68bb68b/element - {"using":"xpath","value":"//*[@id=\"__tile30\"]"}
RESULT: {"using":"xpath","value":"//*[@id=\"backBtn\"]"}
RESULT: {"using":"xpath","value":"//*[@id=\"backBtn\"]"}
COMMAND: POST /session/c2385f56a648397eaacc8d3cf68bb68b/elements - {"using":"xpath","value":"//*[@id=\"backBtn\"]"}
COMMAND: POST /session/c2385f56a648397eaacc8d3cf68bb68b/elements - {"using":"xpath","value":"//*[@id=\"backBtn\"]"}
RESULT: {"using":"xpath","value":"//*[@id=\"__tile30\"]"}
COMMAND: POST /session/c2385f56a648397eaacc8d3cf68bb68b/element/f.0A240B68A77F84A30B8E27BE8FE38A54.d.687E18B43F17A21321720F82E0D55C35.e.2685/click - {}
RESULT: {"using":"xpath","value":"//*[@id=\"backBtn\"]"}
RESULT: {"using":"xpath","value":"//*[@id=\"backBtn\"]"}
RESULT: {}
COMMAND: POST /session/c2385f56a648397eaacc8d3cf68bb68b/execute/async - {"script":"<script> [21 bytes]","args":[{"selector":{"id":"rfm.transactionui::xRFMxCU_TransactionList--fe::table::allTab::LineItem::StandardAction::Create","controlType":"sap.m.Button"},"wdio_ui5_key":"rfmtransactionui::xRFMxCU_TransactionList--fe::table::allTab::LineItem::StandardAction::Createsap.m.Button"}]}
COMMAND: GET /session/c2385f56a648397eaacc8d3cf68bb68b/screenshot - {}
COMMAND: POST /session/c2385f56a648397eaacc8d3cf68bb68b/elements - {"using":"xpath","value":"//*[@id=\"backBtn\"]"}
COMMAND: POST /session/c2385f56a648397eaacc8d3cf68bb68b/elements - {"using":"xpath","value":"//*[@id=\"backBtn\"]"}
RESULT: {"script":"<script> [21 bytes]","args":[{"selector":{"id":"rfm.transactionui::xRFMxCU_TransactionList--fe::table::allTab::LineItem::StandardAction::Create","controlType":"sap.m.Button"},"wdio_ui5_key":"rfmtransactionui::xRFMxCU_TransactionList--fe::table::allTab::LineItem::StandardAction::Createsap.m.Button"}]}
RESULT: undefined
COMMAND: POST /session/c2385f56a648397eaacc8d3cf68bb68b/element - {"using":"xpath","value":"//*[@id=\"rfm.transactionui::xRFMxCU_TransactionList--fe::table::allTab::LineItem::StandardAction::Create\"]"}
RESULT: {}
RESULT: {"using":"xpath","value":"//*[@id=\"backBtn\"]"}
COMMAND: POST /session/c2385f56a648397eaacc8d3cf68bb68b/element - {"using":"xpath","value":"//*[@id=\"backBtn\"]"}
RESULT: {"using":"xpath","value":"//*[@id=\"backBtn\"]"}
COMMAND: POST /session/c2385f56a648397eaacc8d3cf68bb68b/element - {"using":"xpath","value":"//*[@id=\"backBtn\"]"}
RESULT: {"using":"xpath","value":"//*[@id=\"rfm.transactionui::xRFMxCU_TransactionList--fe::table::allTab::LineItem::StandardAction::Create\"]"}
COMMAND: POST /session/c2385f56a648397eaacc8d3cf68bb68b/element/f.0A240B68A77F84A30B8E27BE8FE38A54.d.687E18B43F17A21321720F82E0D55C35.e.2743/click - {}
RESULT: {"using":"xpath","value":"//*[@id=\"backBtn\"]"}
COMMAND: POST /session/c2385f56a648397eaacc8d3cf68bb68b/element/f.0A240B68A77F84A30B8E27BE8FE38A54.d.687E18B43F17A21321720F82E0D55C35.e.1795/click - {}
RESULT: {"using":"xpath","value":"//*[@id=\"backBtn\"]"}
COMMAND: POST /session/c2385f56a648397eaacc8d3cf68bb68b/element/f.0A240B68A77F84A30B8E27BE8FE38A54.d.687E18B43F17A21321720F82E0D55C35.e.1795/click - {}
RESULT: {}
COMMAND: GET /session/c2385f56a648397eaacc8d3cf68bb68b/screenshot - {}
COMMAND: POST /session/c2385f56a648397eaacc8d3cf68bb68b/element - {"using":"xpath","value":"//*[@id=\"backBtn\"]"}
COMMAND: POST /session/c2385f56a648397eaacc8d3cf68bb68b/element - {"using":"xpath","value":"//*[@id=\"backBtn\"]"}
RESULT: {}
RESULT: {"using":"xpath","value":"//*[@id=\"backBtn\"]"}
COMMAND: POST /session/c2385f56a648397eaacc8d3cf68bb68b/element/f.0A240B68A77F84A30B8E27BE8FE38A54.d.687E18B43F17A21321720F82E0D55C35.e.2841/click - {}
RESULT: {"using":"xpath","value":"//*[@id=\"backBtn\"]"}
COMMAND: POST /session/c2385f56a648397eaacc8d3cf68bb68b/element/f.0A240B68A77F84A30B8E27BE8FE38A54.d.687E18B43F17A21321720F82E0D55C35.e.2841/click - {}
COMMAND: POST /session/c2385f56a648397eaacc8d3cf68bb68b/execute/async - {"script":"<script> [21 bytes]","args":[{"selector":{"id":"CreateDialog::xRFMxCU_TransactionType::ProgramId-inner-vhi","searchOpenDialogs":true},"wdio_ui5_key":"CreateDialogxRFMxCU_TransactionType::ProgramId-inner-vhi"}]}
RESULT: {"script":"<script> [21 bytes]","args":[{"selector":{"id":"CreateDialog::xRFMxCU_TransactionType::ProgramId-inner-vhi","searchOpenDialogs":true},"wdio_ui5_key":"CreateDialogxRFMxCU_TransactionType::ProgramId-inner-vhi"}]}
RESULT: undefined
COMMAND: POST /session/c2385f56a648397eaacc8d3cf68bb68b/element - {"using":"xpath","value":"//*[@id=\"CreateDialog::xRFMxCU_TransactionType::ProgramId-inner-vhi\"]"}
RESULT: {"using":"xpath","value":"//*[@id=\"CreateDialog::xRFMxCU_TransactionType::ProgramId-inner-vhi\"]"}
COMMAND: POST /session/c2385f56a648397eaacc8d3cf68bb68b/element/f.0A240B68A77F84A30B8E27BE8FE38A54.d.687E18B43F17A21321720F82E0D55C35.e.2928/click - {}
RESULT: {}
COMMAND: POST /session/c2385f56a648397eaacc8d3cf68bb68b/execute/async - {"script":"<script> [21 bytes]","args":[{"selector":{"id":"ProgramId::VH::Dialog::qualifier::-search-inner","searchOpenDialogs":true,"interaction":{"idSuffix":"I"}},"wdio_ui5_key":"ProgramIdVH::Dialog::qualifier::-search-inner"}]}
COMMAND: GET /session/c2385f56a648397eaacc8d3cf68bb68b/screenshot - {}
RESULT: {"script":"<script> [21 bytes]","args":[{"selector":{"id":"ProgramId::VH::Dialog::qualifier::-search-inner","searchOpenDialogs":true,"interaction":{"idSuffix":"I"}},"wdio_ui5_key":"ProgramIdVH::Dialog::qualifier::-search-inner"}]}
RESULT: undefined
COMMAND: POST /session/c2385f56a648397eaacc8d3cf68bb68b/execute/async - {"script":"<script> [20 bytes]","args":[{"enterText":"*1621*","selector":{"id":"ProgramId::VH::Dialog::qualifier::-search-inner","searchOpenDialogs":true,"interaction":{"idSuffix":"I"}},"clearTextFirst":true,"interactionType":"ENTER_TEXT"}]}
RESULT: {}
RESULT: {"script":"<script> [20 bytes]","args":[{"enterText":"*1621*","selector":{"id":"ProgramId::VH::Dialog::qualifier::-search-inner","searchOpenDialogs":true,"interaction":{"idSuffix":"I"}},"clearTextFirst":true,"interactionType":"ENTER_TEXT"}]}
COMMAND: POST /session/c2385f56a648397eaacc8d3cf68bb68b/execute/async - {"script":"<script> [21 bytes]","args":[{"selector":{"id":"ProgramId::VH::Dialog::qualifier::::Table-innerTable-rows-row0","searchOpenDialogs":true},"wdio_ui5_key":"ProgramIdVH::Dialog::qualifier::::Table-innerTable-rows-row0"}]}
RESULT: {"script":"<script> [21 bytes]","args":[{"selector":{"id":"ProgramId::VH::Dialog::qualifier::::Table-innerTable-rows-row0","searchOpenDialogs":true},"wdio_ui5_key":"ProgramIdVH::Dialog::qualifier::::Table-innerTable-rows-row0"}]}
RESULT: undefined
COMMAND: POST /session/c2385f56a648397eaacc8d3cf68bb68b/element - {"using":"xpath","value":"//*[@id=\"ProgramId::VH::Dialog::qualifier::::Table-innerTable-rows-row0\"]"}
RESULT: {"using":"xpath","value":"//*[@id=\"ProgramId::VH::Dialog::qualifier::::Table-innerTable-rows-row0\"]"}
COMMAND: POST /session/c2385f56a648397eaacc8d3cf68bb68b/element/f.0A240B68A77F84A30B8E27BE8FE38A54.d.687E18B43F17A21321720F82E0D55C35.e.2937/click - {}
RESULT: {}
COMMAND: GET /session/c2385f56a648397eaacc8d3cf68bb68b/screenshot - {}
RESULT: {}
COMMAND: POST /session/c2385f56a648397eaacc8d3cf68bb68b/execute/async - {"script":"<script> [21 bytes]","args":[{"selector":{"id":"CreateDialog::xRFMxCU_Transaction-footer","searchOpenDialogs":true},"wdio_ui5_key":"CreateDialogxRFMxCU_Transaction-footer"}]}
RESULT: {"script":"<script> [21 bytes]","args":[{"selector":{"id":"CreateDialog::xRFMxCU_Transaction-footer","searchOpenDialogs":true},"wdio_ui5_key":"CreateDialogxRFMxCU_Transaction-footer"}]}
RESULT: undefined
COMMAND: POST /session/c2385f56a648397eaacc8d3cf68bb68b/element - {"using":"xpath","value":"//*[@id=\"CreateDialog::xRFMxCU_Transaction-footer\"]"}
RESULT: {"using":"xpath","value":"//*[@id=\"CreateDialog::xRFMxCU_Transaction-footer\"]"}
COMMAND: POST /session/c2385f56a648397eaacc8d3cf68bb68b/element/f.0A240B68A77F84A30B8E27BE8FE38A54.d.687E18B43F17A21321720F82E0D55C35.e.2939/click - {}
RESULT: {}
COMMAND: POST /session/c2385f56a648397eaacc8d3cf68bb68b/execute/async - {"script":"<script> [21 bytes]","args":[{"forceSelect":true,"selector":{"controlType":"sap.m.Button","viewName":"sap.fe.templates.ObjectPage.ObjectPage","viewId":"rfm.transactionui::xRFMxCU_TransactionObjectPage","properties":{"text":"Continue"},"searchOpenDialogs":true,"interaction":{"idSuffix":"BDI-content"}},"wdio_ui5_key":"sapfe.templates.ObjectPage.ObjectPagesap.m.Button{\"text\":\"Continue\"}"}]}
COMMAND: GET /session/c2385f56a648397eaacc8d3cf68bb68b/screenshot - {}
RESULT: {"script":"<script> [21 bytes]","args":[{"forceSelect":true,"selector":{"controlType":"sap.m.Button","viewName":"sap.fe.templates.ObjectPage.ObjectPage","viewId":"rfm.transactionui::xRFMxCU_TransactionObjectPage","properties":{"text":"Continue"},"searchOpenDialogs":true,"interaction":{"idSuffix":"BDI-content"}},"wdio_ui5_key":"sapfe.templates.ObjectPage.ObjectPagesap.m.Button{\"text\":\"Continue\"}"}]}
RESULT: undefined
COMMAND: POST /session/c2385f56a648397eaacc8d3cf68bb68b/element - {"using":"xpath","value":"//*[@id=\"__button352\"]"}
RESULT: {}
RESULT: {"using":"xpath","value":"//*[@id=\"__button352\"]"}
COMMAND: POST /session/c2385f56a648397eaacc8d3cf68bb68b/element/f.0A240B68A77F84A30B8E27BE8FE38A54.d.687E18B43F17A21321720F82E0D55C35.e.2941/click - {}
RESULT: {}
COMMAND: GET /session/c2385f56a648397eaacc8d3cf68bb68b/screenshot - {}
RESULT: {}
COMMAND: POST /session/c2385f56a648397eaacc8d3cf68bb68b/execute/async - {"script":"<script> [21 bytes]","args":[{"selector":{"id":"rfm.transactionui::xRFMxCU_TransactionObjectPage--fe::CustomSubSection::CustomDetailsSection--fe::FormContainer::FieldGroup::Term::FormElement::DataField::AssetCashflowDateFrom::Field-edit","interaction":{"idSuffix":"inner"}},"wdio_ui5_key":"rfmtransactionui::xRFMxCU_TransactionObjectPage--fe::CustomSubSection::CustomDetailsSection--fe::FormContainer::FieldGroup::Term::FormElement::DataField::AssetCashflowDateFrom::Field-edit"}]}
RESULT: {"script":"<script> [21 bytes]","args":[{"selector":{"id":"rfm.transactionui::xRFMxCU_TransactionObjectPage--fe::CustomSubSection::CustomDetailsSection--fe::FormContainer::FieldGroup::Term::FormElement::DataField::AssetCashflowDateFrom::Field-edit","interaction":{"idSuffix":"inner"}},"wdio_ui5_key":"rfmtransactionui::xRFMxCU_TransactionObjectPage--fe::CustomSubSection::CustomDetailsSection--fe::FormContainer::FieldGroup::Term::FormElement::DataField::AssetCashflowDateFrom::Field-edit"}]}
RESULT: undefined
COMMAND: POST /session/c2385f56a648397eaacc8d3cf68bb68b/execute/async - {"script":"<script> [20 bytes]","args":[{"enterText":"2025-01-01","selector":{"id":"rfm.transactionui::xRFMxCU_TransactionObjectPage--fe::CustomSubSection::CustomDetailsSection--fe::FormContainer::FieldGroup::Term::FormElement::DataField::AssetCashflowDateFrom::Field-edit","interaction":{"idSuffix":"inner"}},"clearTextFirst":true,"interactionType":"ENTER_TEXT"}]}
RESULT: {"script":"<script> [20 bytes]","args":[{"enterText":"2025-01-01","selector":{"id":"rfm.transactionui::xRFMxCU_TransactionObjectPage--fe::CustomSubSection::CustomDetailsSection--fe::FormContainer::FieldGroup::Term::FormElement::DataField::AssetCashflowDateFrom::Field-edit","interaction":{"idSuffix":"inner"}},"clearTextFirst":true,"interactionType":"ENTER_TEXT"}]}
COMMAND: POST /session/c2385f56a648397eaacc8d3cf68bb68b/execute/async - {"script":"<script> [21 bytes]","args":[{"selector":{"id":"rfm.transactionui::xRFMxCU_TransactionObjectPage--fe::CustomSubSection::CustomDetailsSection--fe::FormContainer::FieldGroup::Term::FormElement::DataField::AssetCashflowDateTo::Field-edit","interaction":{"idSuffix":"inner"}},"wdio_ui5_key":"rfmtransactionui::xRFMxCU_TransactionObjectPage--fe::CustomSubSection::CustomDetailsSection--fe::FormContainer::FieldGroup::Term::FormElement::DataField::AssetCashflowDateTo::Field-edit"}]}
RESULT: {"script":"<script> [21 bytes]","args":[{"selector":{"id":"rfm.transactionui::xRFMxCU_TransactionObjectPage--fe::CustomSubSection::CustomDetailsSection--fe::FormContainer::FieldGroup::Term::FormElement::DataField::AssetCashflowDateTo::Field-edit","interaction":{"idSuffix":"inner"}},"wdio_ui5_key":"rfmtransactionui::xRFMxCU_TransactionObjectPage--fe::CustomSubSection::CustomDetailsSection--fe::FormContainer::FieldGroup::Term::FormElement::DataField::AssetCashflowDateTo::Field-edit"}]}
RESULT: undefined
COMMAND: POST /session/c2385f56a648397eaacc8d3cf68bb68b/execute/async - {"script":"<script> [20 bytes]","args":[{"enterText":"2027-12-31","selector":{"id":"rfm.transactionui::xRFMxCU_TransactionObjectPage--fe::CustomSubSection::CustomDetailsSection--fe::FormContainer::FieldGroup::Term::FormElement::DataField::AssetCashflowDateTo::Field-edit","interaction":{"idSuffix":"inner"}},"clearTextFirst":true,"interactionType":"ENTER_TEXT"}]}
RESULT: {"script":"<script> [20 bytes]","args":[{"enterText":"2027-12-31","selector":{"id":"rfm.transactionui::xRFMxCU_TransactionObjectPage--fe::CustomSubSection::CustomDetailsSection--fe::FormContainer::FieldGroup::Term::FormElement::DataField::AssetCashflowDateTo::Field-edit","interaction":{"idSuffix":"inner"}},"clearTextFirst":true,"interactionType":"ENTER_TEXT"}]}
COMMAND: POST /session/c2385f56a648397eaacc8d3cf68bb68b/execute/async - {"script":"<script> [21 bytes]","args":[{"selector":{"id":"rfm.transactionui::xRFMxCU_TransactionObjectPage--fe::ObjectPage-anchBar-rfm.transactionui::xRFMxCU_TransactionObjectPage--fe::EditableHeaderSection-anchor","interaction":{"idSuffix":"text"}},"wdio_ui5_key":"rfmtransactionui::xRFMxCU_TransactionObjectPage--fe::ObjectPage-anchBar-rfm.transactionui::xRFMxCU_TransactionObjectPage--fe::EditableHeaderSection-anchor"}]}
RESULT: {"script":"<script> [21 bytes]","args":[{"selector":{"id":"rfm.transactionui::xRFMxCU_TransactionObjectPage--fe::ObjectPage-anchBar-rfm.transactionui::xRFMxCU_TransactionObjectPage--fe::EditableHeaderSection-anchor","interaction":{"idSuffix":"text"}},"wdio_ui5_key":"rfmtransactionui::xRFMxCU_TransactionObjectPage--fe::ObjectPage-anchBar-rfm.transactionui::xRFMxCU_TransactionObjectPage--fe::EditableHeaderSection-anchor"}]}
RESULT: undefined
COMMAND: POST /session/c2385f56a648397eaacc8d3cf68bb68b/element - {"using":"xpath","value":"//*[@id=\"rfm.transactionui::xRFMxCU_TransactionObjectPage--fe::ObjectPage-anchBar-rfm.transactionui::xRFMxCU_TransactionObjectPage--fe::EditableHeaderSection-anchor\"]"}
RESULT: {"using":"xpath","value":"//*[@id=\"rfm.transactionui::xRFMxCU_TransactionObjectPage--fe::ObjectPage-anchBar-rfm.transactionui::xRFMxCU_TransactionObjectPage--fe::EditableHeaderSection-anchor\"]"}
COMMAND: POST /session/c2385f56a648397eaacc8d3cf68bb68b/element/f.0A240B68A77F84A30B8E27BE8FE38A54.d.687E18B43F17A21321720F82E0D55C35.e.3018/click - {}
RESULT: {}
COMMAND: GET /session/c2385f56a648397eaacc8d3cf68bb68b/screenshot - {}
RESULT: {}
COMMAND: POST /session/c2385f56a648397eaacc8d3cf68bb68b/execute/async - {"script":"<script> [21 bytes]","args":[{"selector":{"id":"rfm.transactionui::xRFMxCU_TransactionObjectPage--fe::HeaderFacet::FormContainer::headerFieldsGP1::FormElement::DataField::Name::Field-edit","interaction":{"idSuffix":"inner"}},"wdio_ui5_key":"rfmtransactionui::xRFMxCU_TransactionObjectPage--fe::HeaderFacet::FormContainer::headerFieldsGP1::FormElement::DataField::Name::Field-edit"}]}
RESULT: {"script":"<script> [21 bytes]","args":[{"selector":{"id":"rfm.transactionui::xRFMxCU_TransactionObjectPage--fe::HeaderFacet::FormContainer::headerFieldsGP1::FormElement::DataField::Name::Field-edit","interaction":{"idSuffix":"inner"}},"wdio_ui5_key":"rfmtransactionui::xRFMxCU_TransactionObjectPage--fe::HeaderFacet::FormContainer::headerFieldsGP1::FormElement::DataField::Name::Field-edit"}]}
RESULT: undefined
COMMAND: POST /session/c2385f56a648397eaacc8d3cf68bb68b/execute/async - {"script":"<script> [20 bytes]","args":[{"enterText":"WDIO_Replenishment_2025-08-14_22-42-38","selector":{"id":"rfm.transactionui::xRFMxCU_TransactionObjectPage--fe::HeaderFacet::FormContainer::headerFieldsGP1::FormElement::DataField::Name::Field-edit","interaction":{"idSuffix":"inner"}},"clearTextFirst":true,"interactionType":"ENTER_TEXT"}]}
RESULT: {"script":"<script> [20 bytes]","args":[{"enterText":"WDIO_Replenishment_2025-08-14_22-42-38","selector":{"id":"rfm.transactionui::xRFMxCU_TransactionObjectPage--fe::HeaderFacet::FormContainer::headerFieldsGP1::FormElement::DataField::Name::Field-edit","interaction":{"idSuffix":"inner"}},"clearTextFirst":true,"interactionType":"ENTER_TEXT"}]}
COMMAND: POST /session/c2385f56a648397eaacc8d3cf68bb68b/execute/async - {"script":"<script> [21 bytes]","args":[{"selector":{"id":"rfm.transactionui::xRFMxCU_TransactionObjectPage--fe::HeaderFacet::FormContainer::headerFieldsGP1::FormElement::DataField::TransactionId::Field-display"},"wdio_ui5_key":"rfmtransactionui::xRFMxCU_TransactionObjectPage--fe::HeaderFacet::FormContainer::headerFieldsGP1::FormElement::DataField::TransactionId::Field-display"}]}
RESULT: {"script":"<script> [21 bytes]","args":[{"selector":{"id":"rfm.transactionui::xRFMxCU_TransactionObjectPage--fe::HeaderFacet::FormContainer::headerFieldsGP1::FormElement::DataField::TransactionId::Field-display"},"wdio_ui5_key":"rfmtransactionui::xRFMxCU_TransactionObjectPage--fe::HeaderFacet::FormContainer::headerFieldsGP1::FormElement::DataField::TransactionId::Field-display"}]}
RESULT: undefined
COMMAND: POST /session/c2385f56a648397eaacc8d3cf68bb68b/execute/async - {"script":"<script> [21 bytes]","args":[{"element-6066-11e4-a52e-4f735466cecf":"f.0A240B68A77F84A30B8E27BE8FE38A54.d.687E18B43F17A21321720F82E0D55C35.e.3026"},"getText",[]]}
RESULT: {"script":"<script> [21 bytes]","args":[{"element-6066-11e4-a52e-4f735466cecf":"f.0A240B68A77F84A30B8E27BE8FE38A54.d.687E18B43F17A21321720F82E0D55C35.e.3026"},"getText",[]]}
COMMAND: POST /session/c2385f56a648397eaacc8d3cf68bb68b/execute/async - {"script":"<script> [21 bytes]","args":[{"selector":{"id":"rfm.transactionui::xRFMxCU_TransactionObjectPage--fe::ObjectPage-anchBar-rfm.transactionui::xRFMxCU_TransactionObjectPage--fe::FacetSection::FundingScopeCollection-anchor"},"wdio_ui5_key":"rfmtransactionui::xRFMxCU_TransactionObjectPage--fe::ObjectPage-anchBar-rfm.transactionui::xRFMxCU_TransactionObjectPage--fe::FacetSection::FundingScopeCollection-anchor"}]}
RESULT: {"script":"<script> [21 bytes]","args":[{"selector":{"id":"rfm.transactionui::xRFMxCU_TransactionObjectPage--fe::ObjectPage-anchBar-rfm.transactionui::xRFMxCU_TransactionObjectPage--fe::FacetSection::FundingScopeCollection-anchor"},"wdio_ui5_key":"rfmtransactionui::xRFMxCU_TransactionObjectPage--fe::ObjectPage-anchBar-rfm.transactionui::xRFMxCU_TransactionObjectPage--fe::FacetSection::FundingScopeCollection-anchor"}]}
RESULT: undefined
COMMAND: POST /session/c2385f56a648397eaacc8d3cf68bb68b/element - {"using":"xpath","value":"//*[@id=\"rfm.transactionui::xRFMxCU_TransactionObjectPage--fe::ObjectPage-anchBar-rfm.transactionui::xRFMxCU_TransactionObjectPage--fe::FacetSection::FundingScopeCollection-anchor\"]"}
RESULT: {"using":"xpath","value":"//*[@id=\"rfm.transactionui::xRFMxCU_TransactionObjectPage--fe::ObjectPage-anchBar-rfm.transactionui::xRFMxCU_TransactionObjectPage--fe::FacetSection::FundingScopeCollection-anchor\"]"}
COMMAND: POST /session/c2385f56a648397eaacc8d3cf68bb68b/element/f.0A240B68A77F84A30B8E27BE8FE38A54.d.687E18B43F17A21321720F82E0D55C35.e.3027/click - {}
RESULT: {}
COMMAND: GET /session/c2385f56a648397eaacc8d3cf68bb68b/screenshot - {}
RESULT: {}
COMMAND: POST /session/c2385f56a648397eaacc8d3cf68bb68b/execute/async - {"script":"<script> [21 bytes]","args":[{"selector":{"controlType":"sap.ui.mdc.field.FieldInput","viewName":"sap.fe.templates.ObjectPage.ObjectPage","viewId":"rfm.transactionui::xRFMxCU_TransactionObjectPage","bindingPath":{"path":"","propertyPath":"/conditions","modelName":"$field"},"ancestor":{"controlType":"sap.ui.mdc.Field","viewName":"sap.fe.templates.ObjectPage.ObjectPage","viewId":"rfm.transactionui::xRFMxCU_TransactionObjectPage","bindingPath":{"path":"/xRFMxCU_Transaction(TransactionId='1081',IsActiveEntity=false)/_TransactionCFPart(TransactionId='1081',CashFlowPartType='1',IsActiveEntity=false)","propertyPath":"__EntityControl/Updatable"}},"interaction":{"idSuffix":"inner"}},"wdio_ui5_key":"sapfe.templates.ObjectPage.ObjectPagesap.ui.mdc.field.FieldInput{\"path\":\"\",\"propertyPath\":\"/conditions\",\"modelName\":\"$field\"}{\"controlType\":\"sap.ui.mdc.Field\",\"viewName\":\"sap.fe.templates.ObjectPage.ObjectPage\",\"viewId\":\"rfm.transactionui::xRFMxCU_TransactionObjectPage\",\"bindingPath\":{\"path\":\"/xRFMxCU_Transaction(TransactionId='1081',IsActiveEntity=false)/_TransactionCFPart(TransactionId='1081',CashFlowPartType='1',IsActiveEntity=false)\",\"propertyPath\":\"__EntityControl/Updatable\"}}"}]}
RESULT: {"script":"<script> [21 bytes]","args":[{"selector":{"controlType":"sap.ui.mdc.field.FieldInput","viewName":"sap.fe.templates.ObjectPage.ObjectPage","viewId":"rfm.transactionui::xRFMxCU_TransactionObjectPage","bindingPath":{"path":"","propertyPath":"/conditions","modelName":"$field"},"ancestor":{"controlType":"sap.ui.mdc.Field","viewName":"sap.fe.templates.ObjectPage.ObjectPage","viewId":"rfm.transactionui::xRFMxCU_TransactionObjectPage","bindingPath":{"path":"/xRFMxCU_Transaction(TransactionId='1081',IsActiveEntity=false)/_TransactionCFPart(TransactionId='1081',CashFlowPartType='1',IsActiveEntity=false)","propertyPath":"__EntityControl/Updatable"}},"interaction":{"idSuffix":"inner"}},"wdio_ui5_key":"sapfe.templates.ObjectPage.ObjectPagesap.ui.mdc.field.FieldInput{\"path\":\"\",\"propertyPath\":\"/conditions\",\"modelName\":\"$field\"}{\"controlType\":\"sap.ui.mdc.Field\",\"viewName\":\"sap.fe.templates.ObjectPage.ObjectPage\",\"viewId\":\"rfm.transactionui::xRFMxCU_TransactionObjectPage\",\"bindingPath\":{\"path\":\"/xRFMxCU_Transaction(TransactionId='1081',IsActiveEntity=false)/_TransactionCFPart(TransactionId='1081',CashFlowPartType='1',IsActiveEntity=false)\",\"propertyPath\":\"__EntityControl/Updatable\"}}"}]}
RESULT: undefined
COMMAND: POST /session/c2385f56a648397eaacc8d3cf68bb68b/execute/async - {"script":"<script> [20 bytes]","args":[{"enterText":"Funding","selector":{"controlType":"sap.ui.mdc.field.FieldInput","viewName":"sap.fe.templates.ObjectPage.ObjectPage","viewId":"rfm.transactionui::xRFMxCU_TransactionObjectPage","bindingPath":{"path":"","propertyPath":"/conditions","modelName":"$field"},"ancestor":{"controlType":"sap.ui.mdc.Field","viewName":"sap.fe.templates.ObjectPage.ObjectPage","viewId":"rfm.transactionui::xRFMxCU_TransactionObjectPage","bindingPath":{"path":"/xRFMxCU_Transaction(TransactionId='1081',IsActiveEntity=false)/_TransactionCFPart(TransactionId='1081',CashFlowPartType='1',IsActiveEntity=false)","propertyPath":"__EntityControl/Updatable"}},"interaction":{"idSuffix":"inner"}},"clearTextFirst":true,"interactionType":"ENTER_TEXT"}]}
RESULT: {"script":"<script> [20 bytes]","args":[{"enterText":"Funding","selector":{"controlType":"sap.ui.mdc.field.FieldInput","viewName":"sap.fe.templates.ObjectPage.ObjectPage","viewId":"rfm.transactionui::xRFMxCU_TransactionObjectPage","bindingPath":{"path":"","propertyPath":"/conditions","modelName":"$field"},"ancestor":{"controlType":"sap.ui.mdc.Field","viewName":"sap.fe.templates.ObjectPage.ObjectPage","viewId":"rfm.transactionui::xRFMxCU_TransactionObjectPage","bindingPath":{"path":"/xRFMxCU_Transaction(TransactionId='1081',IsActiveEntity=false)/_TransactionCFPart(TransactionId='1081',CashFlowPartType='1',IsActiveEntity=false)","propertyPath":"__EntityControl/Updatable"}},"interaction":{"idSuffix":"inner"}},"clearTextFirst":true,"interactionType":"ENTER_TEXT"}]}
COMMAND: POST /session/c2385f56a648397eaacc8d3cf68bb68b/execute/async - {"script":"<script> [21 bytes]","args":[{"selector":{"id":"rfm.transactionui::xRFMxCU_TransactionObjectPage--fe::table::_TransactionCFPart::LineItem-innerTable-rows-row1","interaction":{"idSuffix":"col0"}},"wdio_ui5_key":"rfmtransactionui::xRFMxCU_TransactionObjectPage--fe::table::_TransactionCFPart::LineItem-innerTable-rows-row1"}]}
RESULT: {"script":"<script> [21 bytes]","args":[{"selector":{"id":"rfm.transactionui::xRFMxCU_TransactionObjectPage--fe::table::_TransactionCFPart::LineItem-innerTable-rows-row1","interaction":{"idSuffix":"col0"}},"wdio_ui5_key":"rfmtransactionui::xRFMxCU_TransactionObjectPage--fe::table::_TransactionCFPart::LineItem-innerTable-rows-row1"}]}
RESULT: undefined
COMMAND: POST /session/c2385f56a648397eaacc8d3cf68bb68b/element - {"using":"xpath","value":"//*[@id=\"rfm.transactionui::xRFMxCU_TransactionObjectPage--fe::table::_TransactionCFPart::LineItem-innerTable-rows-row1\"]"}
RESULT: {"using":"xpath","value":"//*[@id=\"rfm.transactionui::xRFMxCU_TransactionObjectPage--fe::table::_TransactionCFPart::LineItem-innerTable-rows-row1\"]"}
COMMAND: POST /session/c2385f56a648397eaacc8d3cf68bb68b/element/f.0A240B68A77F84A30B8E27BE8FE38A54.d.687E18B43F17A21321720F82E0D55C35.e.3040/click - {}
RESULT: {}
COMMAND: GET /session/c2385f56a648397eaacc8d3cf68bb68b/screenshot - {}
RESULT: {}
COMMAND: POST /session/c2385f56a648397eaacc8d3cf68bb68b/execute/async - {"script":"<script> [21 bytes]","args":[{"selector":{"controlType":"sap.ui.mdc.field.FieldInput","viewName":"sap.fe.templates.ObjectPage.ObjectPage","viewId":"rfm.transactionui::xRFMxCU_TransactionObjectPage","bindingPath":{"path":"","propertyPath":"/conditions","modelName":"$field"},"ancestor":{"controlType":"sap.ui.mdc.Field","viewName":"sap.fe.templates.ObjectPage.ObjectPage","viewId":"rfm.transactionui::xRFMxCU_TransactionObjectPage","bindingPath":{"path":"/xRFMxCU_Transaction(TransactionId='1081',IsActiveEntity=false)/_TransactionCFPart(TransactionId='1081',CashFlowPartType='2',IsActiveEntity=false)","propertyPath":"__EntityControl/Updatable"}},"interaction":{"idSuffix":"inner"}},"wdio_ui5_key":"sapfe.templates.ObjectPage.ObjectPagesap.ui.mdc.field.FieldInput{\"path\":\"\",\"propertyPath\":\"/conditions\",\"modelName\":\"$field\"}{\"controlType\":\"sap.ui.mdc.Field\",\"viewName\":\"sap.fe.templates.ObjectPage.ObjectPage\",\"viewId\":\"rfm.transactionui::xRFMxCU_TransactionObjectPage\",\"bindingPath\":{\"path\":\"/xRFMxCU_Transaction(TransactionId='1081',IsActiveEntity=false)/_TransactionCFPart(TransactionId='1081',CashFlowPartType='2',IsActiveEntity=false)\",\"propertyPath\":\"__EntityControl/Updatable\"}}"}]}
RESULT: {"script":"<script> [21 bytes]","args":[{"selector":{"controlType":"sap.ui.mdc.field.FieldInput","viewName":"sap.fe.templates.ObjectPage.ObjectPage","viewId":"rfm.transactionui::xRFMxCU_TransactionObjectPage","bindingPath":{"path":"","propertyPath":"/conditions","modelName":"$field"},"ancestor":{"controlType":"sap.ui.mdc.Field","viewName":"sap.fe.templates.ObjectPage.ObjectPage","viewId":"rfm.transactionui::xRFMxCU_TransactionObjectPage","bindingPath":{"path":"/xRFMxCU_Transaction(TransactionId='1081',IsActiveEntity=false)/_TransactionCFPart(TransactionId='1081',CashFlowPartType='2',IsActiveEntity=false)","propertyPath":"__EntityControl/Updatable"}},"interaction":{"idSuffix":"inner"}},"wdio_ui5_key":"sapfe.templates.ObjectPage.ObjectPagesap.ui.mdc.field.FieldInput{\"path\":\"\",\"propertyPath\":\"/conditions\",\"modelName\":\"$field\"}{\"controlType\":\"sap.ui.mdc.Field\",\"viewName\":\"sap.fe.templates.ObjectPage.ObjectPage\",\"viewId\":\"rfm.transactionui::xRFMxCU_TransactionObjectPage\",\"bindingPath\":{\"path\":\"/xRFMxCU_Transaction(TransactionId='1081',IsActiveEntity=false)/_TransactionCFPart(TransactionId='1081',CashFlowPartType='2',IsActiveEntity=false)\",\"propertyPath\":\"__EntityControl/Updatable\"}}"}]}
RESULT: undefined
COMMAND: POST /session/c2385f56a648397eaacc8d3cf68bb68b/execute/async - {"script":"<script> [20 bytes]","args":[{"enterText":"Funding","selector":{"controlType":"sap.ui.mdc.field.FieldInput","viewName":"sap.fe.templates.ObjectPage.ObjectPage","viewId":"rfm.transactionui::xRFMxCU_TransactionObjectPage","bindingPath":{"path":"","propertyPath":"/conditions","modelName":"$field"},"ancestor":{"controlType":"sap.ui.mdc.Field","viewName":"sap.fe.templates.ObjectPage.ObjectPage","viewId":"rfm.transactionui::xRFMxCU_TransactionObjectPage","bindingPath":{"path":"/xRFMxCU_Transaction(TransactionId='1081',IsActiveEntity=false)/_TransactionCFPart(TransactionId='1081',CashFlowPartType='2',IsActiveEntity=false)","propertyPath":"__EntityControl/Updatable"}},"interaction":{"idSuffix":"inner"}},"clearTextFirst":true,"interactionType":"ENTER_TEXT"}]}
RESULT: {"script":"<script> [20 bytes]","args":[{"enterText":"Funding","selector":{"controlType":"sap.ui.mdc.field.FieldInput","viewName":"sap.fe.templates.ObjectPage.ObjectPage","viewId":"rfm.transactionui::xRFMxCU_TransactionObjectPage","bindingPath":{"path":"","propertyPath":"/conditions","modelName":"$field"},"ancestor":{"controlType":"sap.ui.mdc.Field","viewName":"sap.fe.templates.ObjectPage.ObjectPage","viewId":"rfm.transactionui::xRFMxCU_TransactionObjectPage","bindingPath":{"path":"/xRFMxCU_Transaction(TransactionId='1081',IsActiveEntity=false)/_TransactionCFPart(TransactionId='1081',CashFlowPartType='2',IsActiveEntity=false)","propertyPath":"__EntityControl/Updatable"}},"interaction":{"idSuffix":"inner"}},"clearTextFirst":true,"interactionType":"ENTER_TEXT"}]}
COMMAND: POST /session/c2385f56a648397eaacc8d3cf68bb68b/execute/async - {"script":"<script> [21 bytes]","args":[{"selector":{"id":"rfm.transactionui::xRFMxCU_TransactionObjectPage--fe::FooterBar::StandardAction::Save","interaction":{"idSuffix":"BDI-content"}},"wdio_ui5_key":"rfmtransactionui::xRFMxCU_TransactionObjectPage--fe::FooterBar::StandardAction::Save"}]}
RESULT: {"script":"<script> [21 bytes]","args":[{"selector":{"id":"rfm.transactionui::xRFMxCU_TransactionObjectPage--fe::FooterBar::StandardAction::Save","interaction":{"idSuffix":"BDI-content"}},"wdio_ui5_key":"rfmtransactionui::xRFMxCU_TransactionObjectPage--fe::FooterBar::StandardAction::Save"}]}
RESULT: undefined
COMMAND: POST /session/c2385f56a648397eaacc8d3cf68bb68b/element - {"using":"xpath","value":"//*[@id=\"rfm.transactionui::xRFMxCU_TransactionObjectPage--fe::FooterBar::StandardAction::Save\"]"}
RESULT: {"using":"xpath","value":"//*[@id=\"rfm.transactionui::xRFMxCU_TransactionObjectPage--fe::FooterBar::StandardAction::Save\"]"}
COMMAND: POST /session/c2385f56a648397eaacc8d3cf68bb68b/element/f.0A240B68A77F84A30B8E27BE8FE38A54.d.687E18B43F17A21321720F82E0D55C35.e.3043/click - {}
RESULT: {}
COMMAND: POST /session/c2385f56a648397eaacc8d3cf68bb68b/execute/async - {"script":"<script> [21 bytes]","args":[{"selector":{"id":"rfm.transactionui::xRFMxCU_TransactionObjectPage--fe::FooterBar::MessageButton-img"},"wdio_ui5_key":"rfmtransactionui::xRFMxCU_TransactionObjectPage--fe::FooterBar::MessageButton-img"}]}
COMMAND: GET /session/c2385f56a648397eaacc8d3cf68bb68b/screenshot - {}
RESULT: {"script":"<script> [21 bytes]","args":[{"selector":{"id":"rfm.transactionui::xRFMxCU_TransactionObjectPage--fe::FooterBar::MessageButton-img"},"wdio_ui5_key":"rfmtransactionui::xRFMxCU_TransactionObjectPage--fe::FooterBar::MessageButton-img"}]}
RESULT: undefined
COMMAND: POST /session/c2385f56a648397eaacc8d3cf68bb68b/execute/async - {"script":"<script> [21 bytes]","args":[{"selector":{"id":"rfm.transactionui::xRFMxCU_TransactionObjectPage--fe::DataFieldForAction::com.sap.gateway.srvd.rfm.ui_transaction.v0001.Fix::com.sap.gateway.srvd.rfm.ui_transaction.v0001.xRFMxCU_TransactionType","interaction":{"idSuffix":"BDI-content"}},"wdio_ui5_key":"rfmtransactionui::xRFMxCU_TransactionObjectPage--fe::DataFieldForAction::com.sap.gateway.srvd.rfm.ui_transaction.v0001.Fix::com.sap.gateway.srvd.rfm.ui_transaction.v0001.xRFMxCU_TransactionType"}]}
RESULT: {}
RESULT: {"script":"<script> [21 bytes]","args":[{"selector":{"id":"rfm.transactionui::xRFMxCU_TransactionObjectPage--fe::DataFieldForAction::com.sap.gateway.srvd.rfm.ui_transaction.v0001.Fix::com.sap.gateway.srvd.rfm.ui_transaction.v0001.xRFMxCU_TransactionType","interaction":{"idSuffix":"BDI-content"}},"wdio_ui5_key":"rfmtransactionui::xRFMxCU_TransactionObjectPage--fe::DataFieldForAction::com.sap.gateway.srvd.rfm.ui_transaction.v0001.Fix::com.sap.gateway.srvd.rfm.ui_transaction.v0001.xRFMxCU_TransactionType"}]}
RESULT: undefined
COMMAND: POST /session/c2385f56a648397eaacc8d3cf68bb68b/element - {"using":"xpath","value":"//*[@id=\"rfm.transactionui::xRFMxCU_TransactionObjectPage--fe::DataFieldForAction::com.sap.gateway.srvd.rfm.ui_transaction.v0001.Fix::com.sap.gateway.srvd.rfm.ui_transaction.v0001.xRFMxCU_TransactionType\"]"}
RESULT: {"using":"xpath","value":"//*[@id=\"rfm.transactionui::xRFMxCU_TransactionObjectPage--fe::DataFieldForAction::com.sap.gateway.srvd.rfm.ui_transaction.v0001.Fix::com.sap.gateway.srvd.rfm.ui_transaction.v0001.xRFMxCU_TransactionType\"]"}
COMMAND: POST /session/c2385f56a648397eaacc8d3cf68bb68b/element/f.0A240B68A77F84A30B8E27BE8FE38A54.d.687E18B43F17A21321720F82E0D55C35.e.2987/click - {}
RESULT: {}
COMMAND: GET /session/c2385f56a648397eaacc8d3cf68bb68b/screenshot - {}
RESULT: {}
COMMAND: POST /session/c2385f56a648397eaacc8d3cf68bb68b/execute/async - {"script":"<script> [21 bytes]","args":[{"selector":{"controlType":"sap.m.Text","properties":{"text":"Success"},"searchOpenDialogs":true},"wdio_ui5_key":"sapm.Text{\"text\":\"Success\"}"}]}
RESULT: {"script":"<script> [21 bytes]","args":[{"selector":{"controlType":"sap.m.Text","properties":{"text":"Success"},"searchOpenDialogs":true},"wdio_ui5_key":"sapm.Text{\"text\":\"Success\"}"}]}
RESULT: undefined
COMMAND: POST /session/c2385f56a648397eaacc8d3cf68bb68b/execute/async - {"script":"<script> [21 bytes]","args":[{"element-6066-11e4-a52e-4f735466cecf":"f.0A240B68A77F84A30B8E27BE8FE38A54.d.687E18B43F17A21321720F82E0D55C35.e.3068"},"getText",[]]}
RESULT: {"script":"<script> [21 bytes]","args":[{"element-6066-11e4-a52e-4f735466cecf":"f.0A240B68A77F84A30B8E27BE8FE38A54.d.687E18B43F17A21321720F82E0D55C35.e.3068"},"getText",[]]}
COMMAND: POST /session/c2385f56a648397eaacc8d3cf68bb68b/execute/async - {"script":"<script> [21 bytes]","args":[{"forceSelect":true,"selector":{"controlType":"sap.m.Button","properties":{"text":"Close"},"searchOpenDialogs":true,"interaction":{"idSuffix":"BDI-content"}},"wdio_ui5_key":"sapm.Button{\"text\":\"Close\"}"}]}
RESULT: {"script":"<script> [21 bytes]","args":[{"forceSelect":true,"selector":{"controlType":"sap.m.Button","properties":{"text":"Close"},"searchOpenDialogs":true,"interaction":{"idSuffix":"BDI-content"}},"wdio_ui5_key":"sapm.Button{\"text\":\"Close\"}"}]}
RESULT: undefined
COMMAND: POST /session/c2385f56a648397eaacc8d3cf68bb68b/element - {"using":"xpath","value":"//*[@id=\"__button357\"]"}
RESULT: {"using":"xpath","value":"//*[@id=\"__button357\"]"}
COMMAND: POST /session/c2385f56a648397eaacc8d3cf68bb68b/element/f.0A240B68A77F84A30B8E27BE8FE38A54.d.687E18B43F17A21321720F82E0D55C35.e.3070/click - {}
RESULT: {}
COMMAND: POST /session/c2385f56a648397eaacc8d3cf68bb68b/execute/async - {"script":"<script> [21 bytes]","args":[{"selector":{"id":"rfm.transactionui::xRFMxCU_TransactionObjectPage--fe::DataFieldForAction::com.sap.gateway.srvd.rfm.ui_transaction.v0001.Accept::com.sap.gateway.srvd.rfm.ui_transaction.v0001.xRFMxCU_TransactionType","interaction":{"idSuffix":"BDI-content"}},"wdio_ui5_key":"rfmtransactionui::xRFMxCU_TransactionObjectPage--fe::DataFieldForAction::com.sap.gateway.srvd.rfm.ui_transaction.v0001.Accept::com.sap.gateway.srvd.rfm.ui_transaction.v0001.xRFMxCU_TransactionType"}]}
COMMAND: GET /session/c2385f56a648397eaacc8d3cf68bb68b/screenshot - {}
RESULT: {"script":"<script> [21 bytes]","args":[{"selector":{"id":"rfm.transactionui::xRFMxCU_TransactionObjectPage--fe::DataFieldForAction::com.sap.gateway.srvd.rfm.ui_transaction.v0001.Accept::com.sap.gateway.srvd.rfm.ui_transaction.v0001.xRFMxCU_TransactionType","interaction":{"idSuffix":"BDI-content"}},"wdio_ui5_key":"rfmtransactionui::xRFMxCU_TransactionObjectPage--fe::DataFieldForAction::com.sap.gateway.srvd.rfm.ui_transaction.v0001.Accept::com.sap.gateway.srvd.rfm.ui_transaction.v0001.xRFMxCU_TransactionType"}]}
RESULT: undefined
COMMAND: POST /session/c2385f56a648397eaacc8d3cf68bb68b/element - {"using":"xpath","value":"//*[@id=\"rfm.transactionui::xRFMxCU_TransactionObjectPage--fe::DataFieldForAction::com.sap.gateway.srvd.rfm.ui_transaction.v0001.Accept::com.sap.gateway.srvd.rfm.ui_transaction.v0001.xRFMxCU_TransactionType\"]"}
RESULT: {}
RESULT: {"using":"xpath","value":"//*[@id=\"rfm.transactionui::xRFMxCU_TransactionObjectPage--fe::DataFieldForAction::com.sap.gateway.srvd.rfm.ui_transaction.v0001.Accept::com.sap.gateway.srvd.rfm.ui_transaction.v0001.xRFMxCU_TransactionType\"]"}
COMMAND: POST /session/c2385f56a648397eaacc8d3cf68bb68b/element/f.0A240B68A77F84A30B8E27BE8FE38A54.d.687E18B43F17A21321720F82E0D55C35.e.3072/click - {}
RESULT: {}
COMMAND: GET /session/c2385f56a648397eaacc8d3cf68bb68b/screenshot - {}
RESULT: {}
COMMAND: POST /session/c2385f56a648397eaacc8d3cf68bb68b/execute/async - {"script":"<script> [21 bytes]","args":[{"selector":{"id":"rfm.transactionui::xRFMxCU_TransactionObjectPage--fe::DataFieldForAction::com.sap.gateway.srvd.rfm.ui_transaction.v0001.Fund::com.sap.gateway.srvd.rfm.ui_transaction.v0001.xRFMxCU_TransactionType","interaction":{"idSuffix":"BDI-content"}},"wdio_ui5_key":"rfmtransactionui::xRFMxCU_TransactionObjectPage--fe::DataFieldForAction::com.sap.gateway.srvd.rfm.ui_transaction.v0001.Fund::com.sap.gateway.srvd.rfm.ui_transaction.v0001.xRFMxCU_TransactionType"}]}
RESULT: {"script":"<script> [21 bytes]","args":[{"selector":{"id":"rfm.transactionui::xRFMxCU_TransactionObjectPage--fe::DataFieldForAction::com.sap.gateway.srvd.rfm.ui_transaction.v0001.Fund::com.sap.gateway.srvd.rfm.ui_transaction.v0001.xRFMxCU_TransactionType","interaction":{"idSuffix":"BDI-content"}},"wdio_ui5_key":"rfmtransactionui::xRFMxCU_TransactionObjectPage--fe::DataFieldForAction::com.sap.gateway.srvd.rfm.ui_transaction.v0001.Fund::com.sap.gateway.srvd.rfm.ui_transaction.v0001.xRFMxCU_TransactionType"}]}
RESULT: undefined
COMMAND: POST /session/c2385f56a648397eaacc8d3cf68bb68b/element - {"using":"xpath","value":"//*[@id=\"rfm.transactionui::xRFMxCU_TransactionObjectPage--fe::DataFieldForAction::com.sap.gateway.srvd.rfm.ui_transaction.v0001.Fund::com.sap.gateway.srvd.rfm.ui_transaction.v0001.xRFMxCU_TransactionType\"]"}
RESULT: {"using":"xpath","value":"//*[@id=\"rfm.transactionui::xRFMxCU_TransactionObjectPage--fe::DataFieldForAction::com.sap.gateway.srvd.rfm.ui_transaction.v0001.Fund::com.sap.gateway.srvd.rfm.ui_transaction.v0001.xRFMxCU_TransactionType\"]"}
COMMAND: POST /session/c2385f56a648397eaacc8d3cf68bb68b/element/f.0A240B68A77F84A30B8E27BE8FE38A54.d.687E18B43F17A21321720F82E0D55C35.e.3077/click - {}
RESULT: {}
COMMAND: GET /session/c2385f56a648397eaacc8d3cf68bb68b/screenshot - {}
RESULT: {}
COMMAND: POST /session/c2385f56a648397eaacc8d3cf68bb68b/execute/async - {"script":"<script> [21 bytes]","args":[{"selector":{"controlType":"sap.m.AssociativeOverflowToolbar","properties":{"active":false},"searchOpenDialogs":true},"wdio_ui5_key":"sapm.AssociativeOverflowToolbar{\"active\":false}"}]}
RESULT: {"script":"<script> [21 bytes]","args":[{"selector":{"controlType":"sap.m.AssociativeOverflowToolbar","properties":{"active":false},"searchOpenDialogs":true},"wdio_ui5_key":"sapm.AssociativeOverflowToolbar{\"active\":false}"}]}
RESULT: undefined
COMMAND: POST /session/c2385f56a648397eaacc8d3cf68bb68b/element - {"using":"xpath","value":"//*[@id=\"__confirm1-footer\"]"}
RESULT: {"using":"xpath","value":"//*[@id=\"__confirm1-footer\"]"}
COMMAND: POST /session/c2385f56a648397eaacc8d3cf68bb68b/element/f.0A240B68A77F84A30B8E27BE8FE38A54.d.687E18B43F17A21321720F82E0D55C35.e.3081/click - {}
RESULT: {}
COMMAND: GET /session/c2385f56a648397eaacc8d3cf68bb68b/screenshot - {}
RESULT: {}
COMMAND: POST /session/c2385f56a648397eaacc8d3cf68bb68b/execute/async - {"script":"<script> [21 bytes]","args":[{"forceSelect":true,"selector":{"controlType":"sap.m.Button","properties":{"text":"OK"},"searchOpenDialogs":true},"wdio_ui5_key":"sapm.Button{\"text\":\"OK\"}"}]}
RESULT: {"script":"<script> [21 bytes]","args":[{"forceSelect":true,"selector":{"controlType":"sap.m.Button","properties":{"text":"OK"},"searchOpenDialogs":true},"wdio_ui5_key":"sapm.Button{\"text\":\"OK\"}"}]}
RESULT: undefined
COMMAND: POST /session/c2385f56a648397eaacc8d3cf68bb68b/element - {"using":"xpath","value":"//*[@id=\"__mbox-btn-2\"]"}
RESULT: {"using":"xpath","value":"//*[@id=\"__mbox-btn-2\"]"}
COMMAND: POST /session/c2385f56a648397eaacc8d3cf68bb68b/element/f.0A240B68A77F84A30B8E27BE8FE38A54.d.687E18B43F17A21321720F82E0D55C35.e.3079/click - {}
RESULT: {}
COMMAND: POST /session/c2385f56a648397eaacc8d3cf68bb68b/element - {"using":"xpath","value":"//*[@id=\"__mbox-btn-2\"]"}
COMMAND: GET /session/c2385f56a648397eaacc8d3cf68bb68b/screenshot - {}
RESULT: {}
RESULT: {"using":"xpath","value":"//*[@id=\"__mbox-btn-2\"]"}
COMMAND: POST /session/c2385f56a648397eaacc8d3cf68bb68b/element/f.0A240B68A77F84A30B8E27BE8FE38A54.d.687E18B43F17A21321720F82E0D55C35.e.3079/click - {}
COMMAND: POST /session/c2385f56a648397eaacc8d3cf68bb68b/element - {"using":"xpath","value":"//*[@id=\"__mbox-btn-2\"]"}
RESULT: {"using":"xpath","value":"//*[@id=\"__mbox-btn-2\"]"}
COMMAND: POST /session/c2385f56a648397eaacc8d3cf68bb68b/elements - {"using":"xpath","value":"//*[@id=\"__mbox-btn-2\"]"}
RESULT: {"using":"xpath","value":"//*[@id=\"__mbox-btn-2\"]"}
COMMAND: POST /session/c2385f56a648397eaacc8d3cf68bb68b/elements - {"using":"xpath","value":"//*[@id=\"__mbox-btn-2\"]"}
RESULT: {"using":"xpath","value":"//*[@id=\"__mbox-btn-2\"]"}
COMMAND: POST /session/c2385f56a648397eaacc8d3cf68bb68b/elements - {"using":"xpath","value":"//*[@id=\"__mbox-btn-2\"]"}
RESULT: {"using":"xpath","value":"//*[@id=\"__mbox-btn-2\"]"}
COMMAND: POST /session/c2385f56a648397eaacc8d3cf68bb68b/elements - {"using":"xpath","value":"//*[@id=\"__mbox-btn-2\"]"}
RESULT: {"using":"xpath","value":"//*[@id=\"__mbox-btn-2\"]"}
COMMAND: POST /session/c2385f56a648397eaacc8d3cf68bb68b/elements - {"using":"xpath","value":"//*[@id=\"__mbox-btn-2\"]"}
RESULT: {"using":"xpath","value":"//*[@id=\"__mbox-btn-2\"]"}
COMMAND: POST /session/c2385f56a648397eaacc8d3cf68bb68b/elements - {"using":"xpath","value":"//*[@id=\"__mbox-btn-2\"]"}
RESULT: {"using":"xpath","value":"//*[@id=\"__mbox-btn-2\"]"}
COMMAND: POST /session/c2385f56a648397eaacc8d3cf68bb68b/elements - {"using":"xpath","value":"//*[@id=\"__mbox-btn-2\"]"}
RESULT: {"using":"xpath","value":"//*[@id=\"__mbox-btn-2\"]"}
COMMAND: POST /session/c2385f56a648397eaacc8d3cf68bb68b/elements - {"using":"xpath","value":"//*[@id=\"__mbox-btn-2\"]"}
RESULT: {"using":"xpath","value":"//*[@id=\"__mbox-btn-2\"]"}
COMMAND: POST /session/c2385f56a648397eaacc8d3cf68bb68b/elements - {"using":"xpath","value":"//*[@id=\"__mbox-btn-2\"]"}
RESULT: {"using":"xpath","value":"//*[@id=\"__mbox-btn-2\"]"}
COMMAND: POST /session/c2385f56a648397eaacc8d3cf68bb68b/elements - {"using":"xpath","value":"//*[@id=\"__mbox-btn-2\"]"}
RESULT: {"using":"xpath","value":"//*[@id=\"__mbox-btn-2\"]"}
COMMAND: POST /session/c2385f56a648397eaacc8d3cf68bb68b/elements - {"using":"xpath","value":"//*[@id=\"__mbox-btn-2\"]"}
RESULT: {"using":"xpath","value":"//*[@id=\"__mbox-btn-2\"]"}
COMMAND: POST /session/c2385f56a648397eaacc8d3cf68bb68b/elements - {"using":"xpath","value":"//*[@id=\"__mbox-btn-2\"]"}
RESULT: {"using":"xpath","value":"//*[@id=\"__mbox-btn-2\"]"}
COMMAND: POST /session/c2385f56a648397eaacc8d3cf68bb68b/elements - {"using":"xpath","value":"//*[@id=\"__mbox-btn-2\"]"}
RESULT: {"using":"xpath","value":"//*[@id=\"__mbox-btn-2\"]"}
COMMAND: POST /session/c2385f56a648397eaacc8d3cf68bb68b/elements - {"using":"xpath","value":"//*[@id=\"__mbox-btn-2\"]"}
RESULT: {"using":"xpath","value":"//*[@id=\"__mbox-btn-2\"]"}
COMMAND: POST /session/c2385f56a648397eaacc8d3cf68bb68b/elements - {"using":"xpath","value":"//*[@id=\"__mbox-btn-2\"]"}
RESULT: {"using":"xpath","value":"//*[@id=\"__mbox-btn-2\"]"}
COMMAND: POST /session/c2385f56a648397eaacc8d3cf68bb68b/elements - {"using":"xpath","value":"//*[@id=\"__mbox-btn-2\"]"}
RESULT: {"using":"xpath","value":"//*[@id=\"__mbox-btn-2\"]"}
COMMAND: POST /session/c2385f56a648397eaacc8d3cf68bb68b/elements - {"using":"xpath","value":"//*[@id=\"__mbox-btn-2\"]"}
RESULT: {"using":"xpath","value":"//*[@id=\"__mbox-btn-2\"]"}
COMMAND: POST /session/c2385f56a648397eaacc8d3cf68bb68b/elements - {"using":"xpath","value":"//*[@id=\"__mbox-btn-2\"]"}
RESULT: {"using":"xpath","value":"//*[@id=\"__mbox-btn-2\"]"}
COMMAND: POST /session/c2385f56a648397eaacc8d3cf68bb68b/elements - {"using":"xpath","value":"//*[@id=\"__mbox-btn-2\"]"}
RESULT: {"using":"xpath","value":"//*[@id=\"__mbox-btn-2\"]"}
COMMAND: POST /session/c2385f56a648397eaacc8d3cf68bb68b/elements - {"using":"xpath","value":"//*[@id=\"__mbox-btn-2\"]"}
RESULT: {"using":"xpath","value":"//*[@id=\"__mbox-btn-2\"]"}
COMMAND: POST /session/c2385f56a648397eaacc8d3cf68bb68b/elements - {"using":"xpath","value":"//*[@id=\"__mbox-btn-2\"]"}
RESULT: {"using":"xpath","value":"//*[@id=\"__mbox-btn-2\"]"}
COMMAND: POST /session/c2385f56a648397eaacc8d3cf68bb68b/elements - {"using":"xpath","value":"//*[@id=\"__mbox-btn-2\"]"}
RESULT: {"using":"xpath","value":"//*[@id=\"__mbox-btn-2\"]"}
COMMAND: POST /session/c2385f56a648397eaacc8d3cf68bb68b/elements - {"using":"xpath","value":"//*[@id=\"__mbox-btn-2\"]"}
RESULT: {"using":"xpath","value":"//*[@id=\"__mbox-btn-2\"]"}
COMMAND: POST /session/c2385f56a648397eaacc8d3cf68bb68b/elements - {"using":"xpath","value":"//*[@id=\"__mbox-btn-2\"]"}
RESULT: {"using":"xpath","value":"//*[@id=\"__mbox-btn-2\"]"}
COMMAND: POST /session/c2385f56a648397eaacc8d3cf68bb68b/elements - {"using":"xpath","value":"//*[@id=\"__mbox-btn-2\"]"}
RESULT: {"using":"xpath","value":"//*[@id=\"__mbox-btn-2\"]"}
COMMAND: POST /session/c2385f56a648397eaacc8d3cf68bb68b/elements - {"using":"xpath","value":"//*[@id=\"__mbox-btn-2\"]"}
RESULT: {"using":"xpath","value":"//*[@id=\"__mbox-btn-2\"]"}
COMMAND: POST /session/c2385f56a648397eaacc8d3cf68bb68b/elements - {"using":"xpath","value":"//*[@id=\"__mbox-btn-2\"]"}
RESULT: {"using":"xpath","value":"//*[@id=\"__mbox-btn-2\"]"}
COMMAND: POST /session/c2385f56a648397eaacc8d3cf68bb68b/elements - {"using":"xpath","value":"//*[@id=\"__mbox-btn-2\"]"}
RESULT: {"using":"xpath","value":"//*[@id=\"__mbox-btn-2\"]"}
COMMAND: POST /session/c2385f56a648397eaacc8d3cf68bb68b/elements - {"using":"xpath","value":"//*[@id=\"__mbox-btn-2\"]"}
RESULT: {"using":"xpath","value":"//*[@id=\"__mbox-btn-2\"]"}
COMMAND: POST /session/c2385f56a648397eaacc8d3cf68bb68b/elements - {"using":"xpath","value":"//*[@id=\"__mbox-btn-2\"]"}
RESULT: {"using":"xpath","value":"//*[@id=\"__mbox-btn-2\"]"}
COMMAND: POST /session/c2385f56a648397eaacc8d3cf68bb68b/elements - {"using":"xpath","value":"//*[@id=\"__mbox-btn-2\"]"}
RESULT: {"using":"xpath","value":"//*[@id=\"__mbox-btn-2\"]"}
COMMAND: POST /session/c2385f56a648397eaacc8d3cf68bb68b/elements - {"using":"xpath","value":"//*[@id=\"__mbox-btn-2\"]"}
RESULT: {"using":"xpath","value":"//*[@id=\"__mbox-btn-2\"]"}
COMMAND: POST /session/c2385f56a648397eaacc8d3cf68bb68b/elements - {"using":"xpath","value":"//*[@id=\"__mbox-btn-2\"]"}
RESULT: {"using":"xpath","value":"//*[@id=\"__mbox-btn-2\"]"}
COMMAND: POST /session/c2385f56a648397eaacc8d3cf68bb68b/elements - {"using":"xpath","value":"//*[@id=\"__mbox-btn-2\"]"}
RESULT: {"using":"xpath","value":"//*[@id=\"__mbox-btn-2\"]"}
COMMAND: POST /session/c2385f56a648397eaacc8d3cf68bb68b/elements - {"using":"xpath","value":"//*[@id=\"__mbox-btn-2\"]"}
RESULT: {"using":"xpath","value":"//*[@id=\"__mbox-btn-2\"]"}
COMMAND: POST /session/c2385f56a648397eaacc8d3cf68bb68b/elements - {"using":"xpath","value":"//*[@id=\"__mbox-btn-2\"]"}
RESULT: {"using":"xpath","value":"//*[@id=\"__mbox-btn-2\"]"}
COMMAND: POST /session/c2385f56a648397eaacc8d3cf68bb68b/elements - {"using":"xpath","value":"//*[@id=\"__mbox-btn-2\"]"}
RESULT: {"using":"xpath","value":"//*[@id=\"__mbox-btn-2\"]"}
COMMAND: POST /session/c2385f56a648397eaacc8d3cf68bb68b/elements - {"using":"xpath","value":"//*[@id=\"__mbox-btn-2\"]"}
RESULT: {"using":"xpath","value":"//*[@id=\"__mbox-btn-2\"]"}
COMMAND: POST /session/c2385f56a648397eaacc8d3cf68bb68b/elements - {"using":"xpath","value":"//*[@id=\"__mbox-btn-2\"]"}
RESULT: {"using":"xpath","value":"//*[@id=\"__mbox-btn-2\"]"}
COMMAND: POST /session/c2385f56a648397eaacc8d3cf68bb68b/elements - {"using":"xpath","value":"//*[@id=\"__mbox-btn-2\"]"}
RESULT: {"using":"xpath","value":"//*[@id=\"__mbox-btn-2\"]"}
COMMAND: POST /session/c2385f56a648397eaacc8d3cf68bb68b/elements - {"using":"xpath","value":"//*[@id=\"__mbox-btn-2\"]"}
RESULT: {"using":"xpath","value":"//*[@id=\"__mbox-btn-2\"]"}
COMMAND: POST /session/c2385f56a648397eaacc8d3cf68bb68b/elements - {"using":"xpath","value":"//*[@id=\"__mbox-btn-2\"]"}
RESULT: {"using":"xpath","value":"//*[@id=\"__mbox-btn-2\"]"}
COMMAND: POST /session/c2385f56a648397eaacc8d3cf68bb68b/elements - {"using":"xpath","value":"//*[@id=\"__mbox-btn-2\"]"}
RESULT: {"using":"xpath","value":"//*[@id=\"__mbox-btn-2\"]"}
COMMAND: POST /session/c2385f56a648397eaacc8d3cf68bb68b/elements - {"using":"xpath","value":"//*[@id=\"__mbox-btn-2\"]"}
RESULT: {"using":"xpath","value":"//*[@id=\"__mbox-btn-2\"]"}
COMMAND: POST /session/c2385f56a648397eaacc8d3cf68bb68b/elements - {"using":"xpath","value":"//*[@id=\"__mbox-btn-2\"]"}
RESULT: {"using":"xpath","value":"//*[@id=\"__mbox-btn-2\"]"}
COMMAND: POST /session/c2385f56a648397eaacc8d3cf68bb68b/elements - {"using":"xpath","value":"//*[@id=\"__mbox-btn-2\"]"}
RESULT: {"using":"xpath","value":"//*[@id=\"__mbox-btn-2\"]"}
COMMAND: POST /session/c2385f56a648397eaacc8d3cf68bb68b/elements - {"using":"xpath","value":"//*[@id=\"__mbox-btn-2\"]"}
RESULT: {"using":"xpath","value":"//*[@id=\"__mbox-btn-2\"]"}
COMMAND: POST /session/c2385f56a648397eaacc8d3cf68bb68b/elements - {"using":"xpath","value":"//*[@id=\"__mbox-btn-2\"]"}
RESULT: {"using":"xpath","value":"//*[@id=\"__mbox-btn-2\"]"}
COMMAND: POST /session/c2385f56a648397eaacc8d3cf68bb68b/elements - {"using":"xpath","value":"//*[@id=\"__mbox-btn-2\"]"}
RESULT: {"using":"xpath","value":"//*[@id=\"__mbox-btn-2\"]"}
COMMAND: POST /session/c2385f56a648397eaacc8d3cf68bb68b/elements - {"using":"xpath","value":"//*[@id=\"__mbox-btn-2\"]"}
RESULT: {"using":"xpath","value":"//*[@id=\"__mbox-btn-2\"]"}
COMMAND: POST /session/c2385f56a648397eaacc8d3cf68bb68b/elements - {"using":"xpath","value":"//*[@id=\"__mbox-btn-2\"]"}
RESULT: {"using":"xpath","value":"//*[@id=\"__mbox-btn-2\"]"}
COMMAND: POST /session/c2385f56a648397eaacc8d3cf68bb68b/elements - {"using":"xpath","value":"//*[@id=\"__mbox-btn-2\"]"}
RESULT: {"using":"xpath","value":"//*[@id=\"__mbox-btn-2\"]"}
COMMAND: POST /session/c2385f56a648397eaacc8d3cf68bb68b/elements - {"using":"xpath","value":"//*[@id=\"__mbox-btn-2\"]"}
RESULT: {"using":"xpath","value":"//*[@id=\"__mbox-btn-2\"]"}
COMMAND: POST /session/c2385f56a648397eaacc8d3cf68bb68b/elements - {"using":"xpath","value":"//*[@id=\"__mbox-btn-2\"]"}
RESULT: {"using":"xpath","value":"//*[@id=\"__mbox-btn-2\"]"}
COMMAND: POST /session/c2385f56a648397eaacc8d3cf68bb68b/elements - {"using":"xpath","value":"//*[@id=\"__mbox-btn-2\"]"}
RESULT: {"using":"xpath","value":"//*[@id=\"__mbox-btn-2\"]"}
COMMAND: POST /session/c2385f56a648397eaacc8d3cf68bb68b/elements - {"using":"xpath","value":"//*[@id=\"__mbox-btn-2\"]"}
RESULT: {"using":"xpath","value":"//*[@id=\"__mbox-btn-2\"]"}
COMMAND: POST /session/c2385f56a648397eaacc8d3cf68bb68b/elements - {"using":"xpath","value":"//*[@id=\"__mbox-btn-2\"]"}
RESULT: {"using":"xpath","value":"//*[@id=\"__mbox-btn-2\"]"}
COMMAND: POST /session/c2385f56a648397eaacc8d3cf68bb68b/elements - {"using":"xpath","value":"//*[@id=\"__mbox-btn-2\"]"}
RESULT: {"using":"xpath","value":"//*[@id=\"__mbox-btn-2\"]"}
COMMAND: POST /session/c2385f56a648397eaacc8d3cf68bb68b/elements - {"using":"xpath","value":"//*[@id=\"__mbox-btn-2\"]"}
RESULT: {"using":"xpath","value":"//*[@id=\"__mbox-btn-2\"]"}
COMMAND: POST /session/c2385f56a648397eaacc8d3cf68bb68b/elements - {"using":"xpath","value":"//*[@id=\"__mbox-btn-2\"]"}
RESULT: {"using":"xpath","value":"//*[@id=\"__mbox-btn-2\"]"}
COMMAND: POST /session/c2385f56a648397eaacc8d3cf68bb68b/elements - {"using":"xpath","value":"//*[@id=\"__mbox-btn-2\"]"}
RESULT: {"using":"xpath","value":"//*[@id=\"__mbox-btn-2\"]"}
COMMAND: POST /session/c2385f56a648397eaacc8d3cf68bb68b/elements - {"using":"xpath","value":"//*[@id=\"__mbox-btn-2\"]"}
RESULT: {"using":"xpath","value":"//*[@id=\"__mbox-btn-2\"]"}
COMMAND: POST /session/c2385f56a648397eaacc8d3cf68bb68b/elements - {"using":"xpath","value":"//*[@id=\"__mbox-btn-2\"]"}
RESULT: {"using":"xpath","value":"//*[@id=\"__mbox-btn-2\"]"}
COMMAND: POST /session/c2385f56a648397eaacc8d3cf68bb68b/elements - {"using":"xpath","value":"//*[@id=\"__mbox-btn-2\"]"}
RESULT: {"using":"xpath","value":"//*[@id=\"__mbox-btn-2\"]"}
COMMAND: POST /session/c2385f56a648397eaacc8d3cf68bb68b/elements - {"using":"xpath","value":"//*[@id=\"__mbox-btn-2\"]"}
RESULT: {"using":"xpath","value":"//*[@id=\"__mbox-btn-2\"]"}
COMMAND: POST /session/c2385f56a648397eaacc8d3cf68bb68b/elements - {"using":"xpath","value":"//*[@id=\"__mbox-btn-2\"]"}
RESULT: {"using":"xpath","value":"//*[@id=\"__mbox-btn-2\"]"}
COMMAND: POST /session/c2385f56a648397eaacc8d3cf68bb68b/elements - {"using":"xpath","value":"//*[@id=\"__mbox-btn-2\"]"}
RESULT: {"using":"xpath","value":"//*[@id=\"__mbox-btn-2\"]"}
COMMAND: POST /session/c2385f56a648397eaacc8d3cf68bb68b/elements - {"using":"xpath","value":"//*[@id=\"__mbox-btn-2\"]"}
RESULT: {"using":"xpath","value":"//*[@id=\"__mbox-btn-2\"]"}
COMMAND: POST /session/c2385f56a648397eaacc8d3cf68bb68b/elements - {"using":"xpath","value":"//*[@id=\"__mbox-btn-2\"]"}
RESULT: {"using":"xpath","value":"//*[@id=\"__mbox-btn-2\"]"}
COMMAND: POST /session/c2385f56a648397eaacc8d3cf68bb68b/elements - {"using":"xpath","value":"//*[@id=\"__mbox-btn-2\"]"}
RESULT: {"using":"xpath","value":"//*[@id=\"__mbox-btn-2\"]"}
COMMAND: POST /session/c2385f56a648397eaacc8d3cf68bb68b/elements - {"using":"xpath","value":"//*[@id=\"__mbox-btn-2\"]"}
RESULT: {"using":"xpath","value":"//*[@id=\"__mbox-btn-2\"]"}
COMMAND: POST /session/c2385f56a648397eaacc8d3cf68bb68b/elements - {"using":"xpath","value":"//*[@id=\"__mbox-btn-2\"]"}
RESULT: {"using":"xpath","value":"//*[@id=\"__mbox-btn-2\"]"}
COMMAND: POST /session/c2385f56a648397eaacc8d3cf68bb68b/elements - {"using":"xpath","value":"//*[@id=\"__mbox-btn-2\"]"}
RESULT: {"using":"xpath","value":"//*[@id=\"__mbox-btn-2\"]"}
COMMAND: POST /session/c2385f56a648397eaacc8d3cf68bb68b/elements - {"using":"xpath","value":"//*[@id=\"__mbox-btn-2\"]"}
RESULT: {"using":"xpath","value":"//*[@id=\"__mbox-btn-2\"]"}
COMMAND: POST /session/c2385f56a648397eaacc8d3cf68bb68b/elements - {"using":"xpath","value":"//*[@id=\"__mbox-btn-2\"]"}
RESULT: {"using":"xpath","value":"//*[@id=\"__mbox-btn-2\"]"}
COMMAND: POST /session/c2385f56a648397eaacc8d3cf68bb68b/elements - {"using":"xpath","value":"//*[@id=\"__mbox-btn-2\"]"}
RESULT: {"using":"xpath","value":"//*[@id=\"__mbox-btn-2\"]"}
COMMAND: POST /session/c2385f56a648397eaacc8d3cf68bb68b/elements - {"using":"xpath","value":"//*[@id=\"__mbox-btn-2\"]"}
RESULT: {"using":"xpath","value":"//*[@id=\"__mbox-btn-2\"]"}
COMMAND: POST /session/c2385f56a648397eaacc8d3cf68bb68b/elements - {"using":"xpath","value":"//*[@id=\"__mbox-btn-2\"]"}
RESULT: {"using":"xpath","value":"//*[@id=\"__mbox-btn-2\"]"}
COMMAND: POST /session/c2385f56a648397eaacc8d3cf68bb68b/elements - {"using":"xpath","value":"//*[@id=\"__mbox-btn-2\"]"}
RESULT: {"using":"xpath","value":"//*[@id=\"__mbox-btn-2\"]"}
COMMAND: POST /session/c2385f56a648397eaacc8d3cf68bb68b/elements - {"using":"xpath","value":"//*[@id=\"__mbox-btn-2\"]"}
RESULT: {"using":"xpath","value":"//*[@id=\"__mbox-btn-2\"]"}
COMMAND: POST /session/c2385f56a648397eaacc8d3cf68bb68b/elements - {"using":"xpath","value":"//*[@id=\"__mbox-btn-2\"]"}
RESULT: {"using":"xpath","value":"//*[@id=\"__mbox-btn-2\"]"}
COMMAND: POST /session/c2385f56a648397eaacc8d3cf68bb68b/elements - {"using":"xpath","value":"//*[@id=\"__mbox-btn-2\"]"}
RESULT: {"using":"xpath","value":"//*[@id=\"__mbox-btn-2\"]"}
COMMAND: POST /session/c2385f56a648397eaacc8d3cf68bb68b/elements - {"using":"xpath","value":"//*[@id=\"__mbox-btn-2\"]"}
RESULT: {"using":"xpath","value":"//*[@id=\"__mbox-btn-2\"]"}
COMMAND: POST /session/c2385f56a648397eaacc8d3cf68bb68b/elements - {"using":"xpath","value":"//*[@id=\"__mbox-btn-2\"]"}
RESULT: {"using":"xpath","value":"//*[@id=\"__mbox-btn-2\"]"}
COMMAND: POST /session/c2385f56a648397eaacc8d3cf68bb68b/elements - {"using":"xpath","value":"//*[@id=\"__mbox-btn-2\"]"}
RESULT: {"using":"xpath","value":"//*[@id=\"__mbox-btn-2\"]"}
COMMAND: POST /session/c2385f56a648397eaacc8d3cf68bb68b/elements - {"using":"xpath","value":"//*[@id=\"__mbox-btn-2\"]"}
RESULT: {"using":"xpath","value":"//*[@id=\"__mbox-btn-2\"]"}
COMMAND: POST /session/c2385f56a648397eaacc8d3cf68bb68b/elements - {"using":"xpath","value":"//*[@id=\"__mbox-btn-2\"]"}
RESULT: {"using":"xpath","value":"//*[@id=\"__mbox-btn-2\"]"}
COMMAND: POST /session/c2385f56a648397eaacc8d3cf68bb68b/elements - {"using":"xpath","value":"//*[@id=\"__mbox-btn-2\"]"}
RESULT: {"using":"xpath","value":"//*[@id=\"__mbox-btn-2\"]"}
COMMAND: POST /session/c2385f56a648397eaacc8d3cf68bb68b/elements - {"using":"xpath","value":"//*[@id=\"__mbox-btn-2\"]"}
RESULT: {"using":"xpath","value":"//*[@id=\"__mbox-btn-2\"]"}
COMMAND: POST /session/c2385f56a648397eaacc8d3cf68bb68b/elements - {"using":"xpath","value":"//*[@id=\"__mbox-btn-2\"]"}
RESULT: {"using":"xpath","value":"//*[@id=\"__mbox-btn-2\"]"}
COMMAND: POST /session/c2385f56a648397eaacc8d3cf68bb68b/elements - {"using":"xpath","value":"//*[@id=\"__mbox-btn-2\"]"}
RESULT: {"using":"xpath","value":"//*[@id=\"__mbox-btn-2\"]"}
COMMAND: POST /session/c2385f56a648397eaacc8d3cf68bb68b/elements - {"using":"xpath","value":"//*[@id=\"__mbox-btn-2\"]"}
RESULT: {"using":"xpath","value":"//*[@id=\"__mbox-btn-2\"]"}
COMMAND: POST /session/c2385f56a648397eaacc8d3cf68bb68b/elements - {"using":"xpath","value":"//*[@id=\"__mbox-btn-2\"]"}
RESULT: {"using":"xpath","value":"//*[@id=\"__mbox-btn-2\"]"}
COMMAND: POST /session/c2385f56a648397eaacc8d3cf68bb68b/elements - {"using":"xpath","value":"//*[@id=\"__mbox-btn-2\"]"}
RESULT: {"using":"xpath","value":"//*[@id=\"__mbox-btn-2\"]"}
COMMAND: POST /session/c2385f56a648397eaacc8d3cf68bb68b/elements - {"using":"xpath","value":"//*[@id=\"__mbox-btn-2\"]"}
RESULT: {"using":"xpath","value":"//*[@id=\"__mbox-btn-2\"]"}
COMMAND: POST /session/c2385f56a648397eaacc8d3cf68bb68b/elements - {"using":"xpath","value":"//*[@id=\"__mbox-btn-2\"]"}
RESULT: {"using":"xpath","value":"//*[@id=\"__mbox-btn-2\"]"}
COMMAND: POST /session/c2385f56a648397eaacc8d3cf68bb68b/elements - {"using":"xpath","value":"//*[@id=\"__mbox-btn-2\"]"}
RESULT: {"using":"xpath","value":"//*[@id=\"__mbox-btn-2\"]"}
COMMAND: POST /session/c2385f56a648397eaacc8d3cf68bb68b/elements - {"using":"xpath","value":"//*[@id=\"__mbox-btn-2\"]"}
RESULT: {"using":"xpath","value":"//*[@id=\"__mbox-btn-2\"]"}
COMMAND: POST /session/c2385f56a648397eaacc8d3cf68bb68b/elements - {"using":"xpath","value":"//*[@id=\"__mbox-btn-2\"]"}
RESULT: {"using":"xpath","value":"//*[@id=\"__mbox-btn-2\"]"}
COMMAND: POST /session/c2385f56a648397eaacc8d3cf68bb68b/elements - {"using":"xpath","value":"//*[@id=\"__mbox-btn-2\"]"}
RESULT: {"using":"xpath","value":"//*[@id=\"__mbox-btn-2\"]"}
COMMAND: POST /session/c2385f56a648397eaacc8d3cf68bb68b/elements - {"using":"xpath","value":"//*[@id=\"__mbox-btn-2\"]"}
RESULT: {"using":"xpath","value":"//*[@id=\"__mbox-btn-2\"]"}
COMMAND: POST /session/c2385f56a648397eaacc8d3cf68bb68b/elements - {"using":"xpath","value":"//*[@id=\"__mbox-btn-2\"]"}
RESULT: {"using":"xpath","value":"//*[@id=\"__mbox-btn-2\"]"}
COMMAND: POST /session/c2385f56a648397eaacc8d3cf68bb68b/elements - {"using":"xpath","value":"//*[@id=\"__mbox-btn-2\"]"}
RESULT: {"using":"xpath","value":"//*[@id=\"__mbox-btn-2\"]"}
COMMAND: POST /session/c2385f56a648397eaacc8d3cf68bb68b/elements - {"using":"xpath","value":"//*[@id=\"__mbox-btn-2\"]"}
RESULT: {"using":"xpath","value":"//*[@id=\"__mbox-btn-2\"]"}
COMMAND: POST /session/c2385f56a648397eaacc8d3cf68bb68b/elements - {"using":"xpath","value":"//*[@id=\"__mbox-btn-2\"]"}
RESULT: {"using":"xpath","value":"//*[@id=\"__mbox-btn-2\"]"}
COMMAND: POST /session/c2385f56a648397eaacc8d3cf68bb68b/elements - {"using":"xpath","value":"//*[@id=\"__mbox-btn-2\"]"}
RESULT: {"using":"xpath","value":"//*[@id=\"__mbox-btn-2\"]"}
COMMAND: POST /session/c2385f56a648397eaacc8d3cf68bb68b/elements - {"using":"xpath","value":"//*[@id=\"__mbox-btn-2\"]"}
RESULT: {"using":"xpath","value":"//*[@id=\"__mbox-btn-2\"]"}
COMMAND: POST /session/c2385f56a648397eaacc8d3cf68bb68b/elements - {"using":"xpath","value":"//*[@id=\"__mbox-btn-2\"]"}
RESULT: {"using":"xpath","value":"//*[@id=\"__mbox-btn-2\"]"}
COMMAND: POST /session/c2385f56a648397eaacc8d3cf68bb68b/elements - {"using":"xpath","value":"//*[@id=\"__mbox-btn-2\"]"}
RESULT: {"using":"xpath","value":"//*[@id=\"__mbox-btn-2\"]"}
COMMAND: POST /session/c2385f56a648397eaacc8d3cf68bb68b/elements - {"using":"xpath","value":"//*[@id=\"__mbox-btn-2\"]"}
RESULT: {"using":"xpath","value":"//*[@id=\"__mbox-btn-2\"]"}
COMMAND: POST /session/c2385f56a648397eaacc8d3cf68bb68b/elements - {"using":"xpath","value":"//*[@id=\"__mbox-btn-2\"]"}
RESULT: {"using":"xpath","value":"//*[@id=\"__mbox-btn-2\"]"}
COMMAND: POST /session/c2385f56a648397eaacc8d3cf68bb68b/elements - {"using":"xpath","value":"//*[@id=\"__mbox-btn-2\"]"}
RESULT: {"using":"xpath","value":"//*[@id=\"__mbox-btn-2\"]"}
COMMAND: POST /session/c2385f56a648397eaacc8d3cf68bb68b/elements - {"using":"xpath","value":"//*[@id=\"__mbox-btn-2\"]"}
RESULT: {"using":"xpath","value":"//*[@id=\"__mbox-btn-2\"]"}
COMMAND: POST /session/c2385f56a648397eaacc8d3cf68bb68b/elements - {"using":"xpath","value":"//*[@id=\"__mbox-btn-2\"]"}
RESULT: {"using":"xpath","value":"//*[@id=\"__mbox-btn-2\"]"}
COMMAND: POST /session/c2385f56a648397eaacc8d3cf68bb68b/elements - {"using":"xpath","value":"//*[@id=\"__mbox-btn-2\"]"}
RESULT: {"using":"xpath","value":"//*[@id=\"__mbox-btn-2\"]"}
COMMAND: POST /session/c2385f56a648397eaacc8d3cf68bb68b/elements - {"using":"xpath","value":"//*[@id=\"__mbox-btn-2\"]"}
RESULT: {"using":"xpath","value":"//*[@id=\"__mbox-btn-2\"]"}
COMMAND: POST /session/c2385f56a648397eaacc8d3cf68bb68b/elements - {"using":"xpath","value":"//*[@id=\"__mbox-btn-2\"]"}
RESULT: {"using":"xpath","value":"//*[@id=\"__mbox-btn-2\"]"}
COMMAND: POST /session/c2385f56a648397eaacc8d3cf68bb68b/elements - {"using":"xpath","value":"//*[@id=\"__mbox-btn-2\"]"}
RESULT: {"using":"xpath","value":"//*[@id=\"__mbox-btn-2\"]"}
COMMAND: POST /session/c2385f56a648397eaacc8d3cf68bb68b/elements - {"using":"xpath","value":"//*[@id=\"__mbox-btn-2\"]"}
RESULT: {"using":"xpath","value":"//*[@id=\"__mbox-btn-2\"]"}
COMMAND: POST /session/c2385f56a648397eaacc8d3cf68bb68b/elements - {"using":"xpath","value":"//*[@id=\"__mbox-btn-2\"]"}
RESULT: {"using":"xpath","value":"//*[@id=\"__mbox-btn-2\"]"}
COMMAND: POST /session/c2385f56a648397eaacc8d3cf68bb68b/elements - {"using":"xpath","value":"//*[@id=\"__mbox-btn-2\"]"}
RESULT: {"using":"xpath","value":"//*[@id=\"__mbox-btn-2\"]"}
RESULT: undefined
COMMAND: POST /session/c2385f56a648397eaacc8d3cf68bb68b/element/f.0A240B68A77F84A30B8E27BE8FE38A54.d.687E18B43F17A21321720F82E0D55C35.e.2841/click - {}
COMMAND: POST /session/c2385f56a648397eaacc8d3cf68bb68b/element/f.0A240B68A77F84A30B8E27BE8FE38A54.d.687E18B43F17A21321720F82E0D55C35.e.2841/click - {}
COMMAND: GET /session/c2385f56a648397eaacc8d3cf68bb68b/screenshot - {}
RESULT: {}
COMMAND: GET /session/c2385f56a648397eaacc8d3cf68bb68b/screenshot - {}
]]></system-out>
    </testcase>
    <testcase classname="chrome.138_0_7204_184.windows.Replenishment" name="Should filter created Transaction" time="19.343">
      <system-out><![CDATA[
RESULT: {}
COMMAND: GET /session/c2385f56a648397eaacc8d3cf68bb68b/screenshot - {}
RESULT: {}
RESULT: {}
RESULT: {}
COMMAND: POST /session/c2385f56a648397eaacc8d3cf68bb68b/execute/async - {"script":"<script> [21 bytes]","args":[{"selector":{"controlType":"sap.m.GenericTile","properties":{"header":"Replenishment"}},"wdio_ui5_key":"sapm.GenericTile{\"header\":\"Replenishment\"}"}]}
RESULT: {"script":"<script> [21 bytes]","args":[{"selector":{"controlType":"sap.m.GenericTile","properties":{"header":"Replenishment"}},"wdio_ui5_key":"sapm.GenericTile{\"header\":\"Replenishment\"}"}]}
RESULT: undefined
COMMAND: POST /session/c2385f56a648397eaacc8d3cf68bb68b/element - {"using":"xpath","value":"//*[@id=\"__tile45\"]"}
RESULT: {"using":"xpath","value":"//*[@id=\"__tile45\"]"}
COMMAND: POST /session/c2385f56a648397eaacc8d3cf68bb68b/element/f.0A240B68A77F84A30B8E27BE8FE38A54.d.687E18B43F17A21321720F82E0D55C35.e.3135/click - {}
RESULT: {}
COMMAND: GET /session/c2385f56a648397eaacc8d3cf68bb68b/screenshot - {}
RESULT: {}
RESULT: undefined
COMMAND: POST /session/c2385f56a648397eaacc8d3cf68bb68b/element - {"using":"xpath","value":"//*[@id=\"__tile45\"]"}
RESULT: {"using":"xpath","value":"//*[@id=\"__tile45\"]"}
COMMAND: POST /session/c2385f56a648397eaacc8d3cf68bb68b/element/f.0A240B68A77F84A30B8E27BE8FE38A54.d.687E18B43F17A21321720F82E0D55C35.e.3299/click - {}
COMMAND: POST /session/c2385f56a648397eaacc8d3cf68bb68b/execute/async - {"script":"<script> [21 bytes]","args":[{"selector":{"id":"rfm.replenishmentui::xRFMxCU_ReplTransactionList--fe::FilterBar::xRFMxCU_ReplTransaction::FilterField::TransactionId-inner","interaction":{"idSuffix":"inner"}},"wdio_ui5_key":"rfmreplenishmentui::xRFMxCU_ReplTransactionList--fe::FilterBar::xRFMxCU_ReplTransaction::FilterField::TransactionId-inner"}]}
RESULT: {"script":"<script> [21 bytes]","args":[{"selector":{"id":"rfm.replenishmentui::xRFMxCU_ReplTransactionList--fe::FilterBar::xRFMxCU_ReplTransaction::FilterField::TransactionId-inner","interaction":{"idSuffix":"inner"}},"wdio_ui5_key":"rfmreplenishmentui::xRFMxCU_ReplTransactionList--fe::FilterBar::xRFMxCU_ReplTransaction::FilterField::TransactionId-inner"}]}
RESULT: undefined
COMMAND: POST /session/c2385f56a648397eaacc8d3cf68bb68b/execute/async - {"script":"<script> [20 bytes]","args":[{"enterText":"1081","selector":{"id":"rfm.replenishmentui::xRFMxCU_ReplTransactionList--fe::FilterBar::xRFMxCU_ReplTransaction::FilterField::TransactionId-inner","interaction":{"idSuffix":"inner"}},"clearTextFirst":true,"interactionType":"ENTER_TEXT"}]}
RESULT: {"script":"<script> [20 bytes]","args":[{"enterText":"1081","selector":{"id":"rfm.replenishmentui::xRFMxCU_ReplTransactionList--fe::FilterBar::xRFMxCU_ReplTransaction::FilterField::TransactionId-inner","interaction":{"idSuffix":"inner"}},"clearTextFirst":true,"interactionType":"ENTER_TEXT"}]}
COMMAND: POST /session/c2385f56a648397eaacc8d3cf68bb68b/execute/async - {"script":"<script> [21 bytes]","args":[{"selector":{"id":"rfm.replenishmentui::xRFMxCU_ReplTransactionList--fe::FilterBar::xRFMxCU_ReplTransaction-btnSearch","interaction":{"idSuffix":"content"}},"wdio_ui5_key":"rfmreplenishmentui::xRFMxCU_ReplTransactionList--fe::FilterBar::xRFMxCU_ReplTransaction-btnSearch"}]}
RESULT: {"script":"<script> [21 bytes]","args":[{"selector":{"id":"rfm.replenishmentui::xRFMxCU_ReplTransactionList--fe::FilterBar::xRFMxCU_ReplTransaction-btnSearch","interaction":{"idSuffix":"content"}},"wdio_ui5_key":"rfmreplenishmentui::xRFMxCU_ReplTransactionList--fe::FilterBar::xRFMxCU_ReplTransaction-btnSearch"}]}
RESULT: undefined
COMMAND: POST /session/c2385f56a648397eaacc8d3cf68bb68b/element - {"using":"xpath","value":"//*[@id=\"rfm.replenishmentui::xRFMxCU_ReplTransactionList--fe::FilterBar::xRFMxCU_ReplTransaction-btnSearch\"]"}
RESULT: {"using":"xpath","value":"//*[@id=\"rfm.replenishmentui::xRFMxCU_ReplTransactionList--fe::FilterBar::xRFMxCU_ReplTransaction-btnSearch\"]"}
COMMAND: POST /session/c2385f56a648397eaacc8d3cf68bb68b/element/f.0A240B68A77F84A30B8E27BE8FE38A54.d.687E18B43F17A21321720F82E0D55C35.e.3304/click - {}
RESULT: {}
COMMAND: GET /session/c2385f56a648397eaacc8d3cf68bb68b/screenshot - {}
RESULT: {}
COMMAND: POST /session/c2385f56a648397eaacc8d3cf68bb68b/execute/async - {"script":"<script> [21 bytes]","args":[{"selector":{"controlType":"sap.m.Text","viewName":"sap.fe.templates.ListReport.ListReport","viewId":"rfm.replenishmentui::xRFMxCU_ReplTransactionList","bindingPath":{"path":"/xRFMxCU_ReplTransaction('1081')","propertyPath":"TransactionId"}},"wdio_ui5_key":"sapfe.templates.ListReport.ListReportsap.m.Text{\"path\":\"/xRFMxCU_ReplTransaction('1081')\",\"propertyPath\":\"TransactionId\"}"}]}
RESULT: {"script":"<script> [21 bytes]","args":[{"selector":{"controlType":"sap.m.Text","viewName":"sap.fe.templates.ListReport.ListReport","viewId":"rfm.replenishmentui::xRFMxCU_ReplTransactionList","bindingPath":{"path":"/xRFMxCU_ReplTransaction('1081')","propertyPath":"TransactionId"}},"wdio_ui5_key":"sapfe.templates.ListReport.ListReportsap.m.Text{\"path\":\"/xRFMxCU_ReplTransaction('1081')\",\"propertyPath\":\"TransactionId\"}"}]}
RESULT: undefined
COMMAND: POST /session/c2385f56a648397eaacc8d3cf68bb68b/execute/async - {"script":"<script> [21 bytes]","args":[{"element-6066-11e4-a52e-4f735466cecf":"f.0A240B68A77F84A30B8E27BE8FE38A54.d.687E18B43F17A21321720F82E0D55C35.e.3306"},"getText",[]]}
RESULT: {"script":"<script> [21 bytes]","args":[{"element-6066-11e4-a52e-4f735466cecf":"f.0A240B68A77F84A30B8E27BE8FE38A54.d.687E18B43F17A21321720F82E0D55C35.e.3306"},"getText",[]]}
COMMAND: GET /session/c2385f56a648397eaacc8d3cf68bb68b/screenshot - {}
]]></system-out>
    </testcase>
    <testcase classname="chrome.138_0_7204_184.windows.Replenishment" name="Should check if a new replenishment can be created and deleted" time="22.126">
      <system-out><![CDATA[
COMMAND: POST /session/c2385f56a648397eaacc8d3cf68bb68b/execute/async - {"script":"<script> [21 bytes]","args":[{"selector":{"controlType":"sap.m.RadioButton","viewName":"sap.fe.templates.ListReport.ListReport","viewId":"rfm.replenishmentui::xRFMxCU_ReplTransactionList","properties":{"editable":true}},"wdio_ui5_key":"sapfe.templates.ListReport.ListReportsap.m.RadioButton{\"editable\":true}"}]}
RESULT: {}
RESULT: {"script":"<script> [21 bytes]","args":[{"selector":{"controlType":"sap.m.RadioButton","viewName":"sap.fe.templates.ListReport.ListReport","viewId":"rfm.replenishmentui::xRFMxCU_ReplTransactionList","properties":{"editable":true}},"wdio_ui5_key":"sapfe.templates.ListReport.ListReportsap.m.RadioButton{\"editable\":true}"}]}
RESULT: undefined
COMMAND: POST /session/c2385f56a648397eaacc8d3cf68bb68b/element - {"using":"xpath","value":"//*[@id=\"rfm.replenishmentui::xRFMxCU_ReplTransactionList--fe::table::xRFMxCU_ReplTransaction::LineItem-innerTableRow-__clone2905-selectSingle\"]"}
RESULT: {"using":"xpath","value":"//*[@id=\"rfm.replenishmentui::xRFMxCU_ReplTransactionList--fe::table::xRFMxCU_ReplTransaction::LineItem-innerTableRow-__clone2905-selectSingle\"]"}
COMMAND: POST /session/c2385f56a648397eaacc8d3cf68bb68b/element/f.0A240B68A77F84A30B8E27BE8FE38A54.d.687E18B43F17A21321720F82E0D55C35.e.3233/click - {}
RESULT: {}
COMMAND: POST /session/c2385f56a648397eaacc8d3cf68bb68b/execute/async - {"script":"<script> [21 bytes]","args":[{"selector":{"id":"rfm.replenishmentui::xRFMxCU_ReplTransactionList--fe::table::xRFMxCU_ReplTransaction::LineItem::CustomAction::Replenish","interaction":{"idSuffix":"BDI-content"}},"wdio_ui5_key":"rfmreplenishmentui::xRFMxCU_ReplTransactionList--fe::table::xRFMxCU_ReplTransaction::LineItem::CustomAction::Replenish"}]}
COMMAND: GET /session/c2385f56a648397eaacc8d3cf68bb68b/screenshot - {}
RESULT: {"script":"<script> [21 bytes]","args":[{"selector":{"id":"rfm.replenishmentui::xRFMxCU_ReplTransactionList--fe::table::xRFMxCU_ReplTransaction::LineItem::CustomAction::Replenish","interaction":{"idSuffix":"BDI-content"}},"wdio_ui5_key":"rfmreplenishmentui::xRFMxCU_ReplTransactionList--fe::table::xRFMxCU_ReplTransaction::LineItem::CustomAction::Replenish"}]}
RESULT: undefined
COMMAND: POST /session/c2385f56a648397eaacc8d3cf68bb68b/element - {"using":"xpath","value":"//*[@id=\"rfm.replenishmentui::xRFMxCU_ReplTransactionList--fe::table::xRFMxCU_ReplTransaction::LineItem::CustomAction::Replenish\"]"}
RESULT: {}
RESULT: {"using":"xpath","value":"//*[@id=\"rfm.replenishmentui::xRFMxCU_ReplTransactionList--fe::table::xRFMxCU_ReplTransaction::LineItem::CustomAction::Replenish\"]"}
COMMAND: POST /session/c2385f56a648397eaacc8d3cf68bb68b/element/f.0A240B68A77F84A30B8E27BE8FE38A54.d.687E18B43F17A21321720F82E0D55C35.e.3160/click - {}
RESULT: {}
COMMAND: GET /session/c2385f56a648397eaacc8d3cf68bb68b/screenshot - {}
RESULT: {}
COMMAND: POST /session/c2385f56a648397eaacc8d3cf68bb68b/execute/async - {"script":"<script> [21 bytes]","args":[{"selector":{"id":"rfm.replenishmentui::xRFMxCU_ReplenishmentObjectPage--fe::FormContainer::ReplenishmentDetails::FormElement::DataField::ReplenishmentNumber::Field-display"},"wdio_ui5_key":"rfmreplenishmentui::xRFMxCU_ReplenishmentObjectPage--fe::FormContainer::ReplenishmentDetails::FormElement::DataField::ReplenishmentNumber::Field-display"}]}
RESULT: {"script":"<script> [21 bytes]","args":[{"selector":{"id":"rfm.replenishmentui::xRFMxCU_ReplenishmentObjectPage--fe::FormContainer::ReplenishmentDetails::FormElement::DataField::ReplenishmentNumber::Field-display"},"wdio_ui5_key":"rfmreplenishmentui::xRFMxCU_ReplenishmentObjectPage--fe::FormContainer::ReplenishmentDetails::FormElement::DataField::ReplenishmentNumber::Field-display"}]}
RESULT: undefined
COMMAND: POST /session/c2385f56a648397eaacc8d3cf68bb68b/execute/async - {"script":"<script> [21 bytes]","args":[{"element-6066-11e4-a52e-4f735466cecf":"f.0A240B68A77F84A30B8E27BE8FE38A54.d.687E18B43F17A21321720F82E0D55C35.e.3408"},"getText",[]]}
RESULT: {"script":"<script> [21 bytes]","args":[{"element-6066-11e4-a52e-4f735466cecf":"f.0A240B68A77F84A30B8E27BE8FE38A54.d.687E18B43F17A21321720F82E0D55C35.e.3408"},"getText",[]]}
COMMAND: POST /session/c2385f56a648397eaacc8d3cf68bb68b/execute/async - {"script":"<script> [21 bytes]","args":[{"selector":{"id":"rfm.replenishmentui::xRFMxCU_ReplenishmentObjectPage--fe::StandardAction::Delete","interaction":{"idSuffix":"BDI-content"}},"wdio_ui5_key":"rfmreplenishmentui::xRFMxCU_ReplenishmentObjectPage--fe::StandardAction::Delete"}]}
RESULT: {"script":"<script> [21 bytes]","args":[{"selector":{"id":"rfm.replenishmentui::xRFMxCU_ReplenishmentObjectPage--fe::StandardAction::Delete","interaction":{"idSuffix":"BDI-content"}},"wdio_ui5_key":"rfmreplenishmentui::xRFMxCU_ReplenishmentObjectPage--fe::StandardAction::Delete"}]}
RESULT: undefined
COMMAND: POST /session/c2385f56a648397eaacc8d3cf68bb68b/element - {"using":"xpath","value":"//*[@id=\"rfm.replenishmentui::xRFMxCU_ReplenishmentObjectPage--fe::StandardAction::Delete\"]"}
RESULT: {"using":"xpath","value":"//*[@id=\"rfm.replenishmentui::xRFMxCU_ReplenishmentObjectPage--fe::StandardAction::Delete\"]"}
COMMAND: POST /session/c2385f56a648397eaacc8d3cf68bb68b/element/f.0A240B68A77F84A30B8E27BE8FE38A54.d.687E18B43F17A21321720F82E0D55C35.e.3410/click - {}
RESULT: {}
COMMAND: GET /session/c2385f56a648397eaacc8d3cf68bb68b/screenshot - {}
RESULT: {}
COMMAND: POST /session/c2385f56a648397eaacc8d3cf68bb68b/execute/async - {"script":"<script> [21 bytes]","args":[{"selector":{"controlType":"sap.m.Button","properties":{"text":"Delete"},"searchOpenDialogs":true,"interaction":{"idSuffix":"BDI-content"}},"wdio_ui5_key":"sapm.Button{\"text\":\"Delete\"}"}]}
RESULT: {"script":"<script> [21 bytes]","args":[{"selector":{"controlType":"sap.m.Button","properties":{"text":"Delete"},"searchOpenDialogs":true,"interaction":{"idSuffix":"BDI-content"}},"wdio_ui5_key":"sapm.Button{\"text\":\"Delete\"}"}]}
RESULT: undefined
COMMAND: POST /session/c2385f56a648397eaacc8d3cf68bb68b/element - {"using":"xpath","value":"//*[@id=\"__button392\"]"}
RESULT: {"using":"xpath","value":"//*[@id=\"__button392\"]"}
COMMAND: POST /session/c2385f56a648397eaacc8d3cf68bb68b/element/f.0A240B68A77F84A30B8E27BE8FE38A54.d.687E18B43F17A21321720F82E0D55C35.e.3411/click - {}
RESULT: {}
COMMAND: GET /session/c2385f56a648397eaacc8d3cf68bb68b/screenshot - {}
RESULT: {}
COMMAND: POST /session/c2385f56a648397eaacc8d3cf68bb68b/execute/async - {"script":"<script> [21 bytes]","args":[{"selector":{"controlType":"sap.m.Text","viewName":"sap.fe.templates.ListReport.ListReport","viewId":"rfm.replenishmentui::xRFMxCU_ReplTransactionList","bindingPath":{"path":"/xRFMxCU_ReplTransaction('${TransactionIdText}')","propertyPath":"TransactionId"}},"wdio_ui5_key":"sapfe.templates.ListReport.ListReportsap.m.Text{\"path\":\"/xRFMxCU_ReplTransaction('${TransactionIdText}')\",\"propertyPath\":\"TransactionId\"}"}]}
RESULT: {"script":"<script> [21 bytes]","args":[{"selector":{"controlType":"sap.m.Text","viewName":"sap.fe.templates.ListReport.ListReport","viewId":"rfm.replenishmentui::xRFMxCU_ReplTransactionList","bindingPath":{"path":"/xRFMxCU_ReplTransaction('${TransactionIdText}')","propertyPath":"TransactionId"}},"wdio_ui5_key":"sapfe.templates.ListReport.ListReportsap.m.Text{\"path\":\"/xRFMxCU_ReplTransaction('${TransactionIdText}')\",\"propertyPath\":\"TransactionId\"}"}]}
RESULT: undefined
COMMAND: POST /session/c2385f56a648397eaacc8d3cf68bb68b/element - {"using":"xpath","value":"//*[@id=\"__text1137-__clone2903-__clone2905\"]"}
RESULT: {"using":"xpath","value":"//*[@id=\"__text1137-__clone2903-__clone2905\"]"}
COMMAND: POST /session/c2385f56a648397eaacc8d3cf68bb68b/element/f.0A240B68A77F84A30B8E27BE8FE38A54.d.687E18B43F17A21321720F82E0D55C35.e.3306/click - {}
RESULT: {}
COMMAND: GET /session/c2385f56a648397eaacc8d3cf68bb68b/screenshot - {}
RESULT: {}
COMMAND: POST /session/c2385f56a648397eaacc8d3cf68bb68b/execute/async - {"script":"<script> [21 bytes]","args":[{"selector":{"controlType":"sap.m.Title","viewName":"sap.fe.templates.ObjectPage.ObjectPage","viewId":"rfm.replenishmentui::xRFMxCU_ReplTransactionObjectPage","properties":{"text":"No items available"}},"wdio_ui5_key":"sapfe.templates.ObjectPage.ObjectPagesap.m.Title{\"text\":\"No items available\"}"}]}
RESULT: {"script":"<script> [21 bytes]","args":[{"selector":{"controlType":"sap.m.Title","viewName":"sap.fe.templates.ObjectPage.ObjectPage","viewId":"rfm.replenishmentui::xRFMxCU_ReplTransactionObjectPage","properties":{"text":"No items available"}},"wdio_ui5_key":"sapfe.templates.ObjectPage.ObjectPagesap.m.Title{\"text\":\"No items available\"}"}]}
RESULT: undefined
COMMAND: POST /session/c2385f56a648397eaacc8d3cf68bb68b/execute/async - {"script":"<script> [21 bytes]","args":[{"element-6066-11e4-a52e-4f735466cecf":"f.0A240B68A77F84A30B8E27BE8FE38A54.d.687E18B43F17A21321720F82E0D55C35.e.3457"},"getText",[]]}
RESULT: {"script":"<script> [21 bytes]","args":[{"element-6066-11e4-a52e-4f735466cecf":"f.0A240B68A77F84A30B8E27BE8FE38A54.d.687E18B43F17A21321720F82E0D55C35.e.3457"},"getText",[]]}
COMMAND: GET /session/c2385f56a648397eaacc8d3cf68bb68b/screenshot - {}
]]></system-out>
    </testcase>
    <testcase classname="chrome.138_0_7204_184.windows.Replenishment" name="Should trigger action replenish" time="0.547">
      <system-out><![CDATA[
RESULT: undefined
COMMAND: POST /session/c2385f56a648397eaacc8d3cf68bb68b/element - {"using":"xpath","value":"//*[@id=\"rfm.replenishmentui::xRFMxCU_ReplTransactionList--fe::table::xRFMxCU_ReplTransaction::LineItem-innerTableRow-__clone2905-selectSingle\"]"}
RESULT: {}
RESULT: {"using":"xpath","value":"//*[@id=\"rfm.replenishmentui::xRFMxCU_ReplTransactionList--fe::table::xRFMxCU_ReplTransaction::LineItem-innerTableRow-__clone2905-selectSingle\"]"}
COMMAND: POST /session/c2385f56a648397eaacc8d3cf68bb68b/element/f.0A240B68A77F84A30B8E27BE8FE38A54.d.687E18B43F17A21321720F82E0D55C35.e.3233/click - {}
RESULT: {}
RESULT: undefined
COMMAND: POST /session/c2385f56a648397eaacc8d3cf68bb68b/element - {"using":"xpath","value":"//*[@id=\"rfm.replenishmentui::xRFMxCU_ReplTransactionList--fe::table::xRFMxCU_ReplTransaction::LineItem::CustomAction::Replenish\"]"}
COMMAND: GET /session/c2385f56a648397eaacc8d3cf68bb68b/screenshot - {}
RESULT: {"using":"xpath","value":"//*[@id=\"rfm.replenishmentui::xRFMxCU_ReplTransactionList--fe::table::xRFMxCU_ReplTransaction::LineItem::CustomAction::Replenish\"]"}
COMMAND: POST /session/c2385f56a648397eaacc8d3cf68bb68b/element/f.0A240B68A77F84A30B8E27BE8FE38A54.d.687E18B43F17A21321720F82E0D55C35.e.3160/click - {}
RESULT: {}
RESULT: {}
COMMAND: GET /session/c2385f56a648397eaacc8d3cf68bb68b/screenshot - {}
COMMAND: GET /session/c2385f56a648397eaacc8d3cf68bb68b/screenshot - {}
]]></system-out>
    </testcase>
    <testcase classname="chrome.138_0_7204_184.windows.Replenishment" name="Should check navigation to selection rules" time="12.394">
      <system-out><![CDATA[
COMMAND: POST /session/c2385f56a648397eaacc8d3cf68bb68b/execute/async - {"script":"<script> [21 bytes]","args":[{"selector":{"id":"rfm.replenishmentui::xRFMxCU_ReplenishmentObjectPage--fe::ObjectPageDynamicHeaderTitle-_actionsToolbar"},"wdio_ui5_key":"rfmreplenishmentui::xRFMxCU_ReplenishmentObjectPage--fe::ObjectPageDynamicHeaderTitle-_actionsToolbar"}]}
RESULT: {}
RESULT: {}
RESULT: {"script":"<script> [21 bytes]","args":[{"selector":{"id":"rfm.replenishmentui::xRFMxCU_ReplenishmentObjectPage--fe::ObjectPageDynamicHeaderTitle-_actionsToolbar"},"wdio_ui5_key":"rfmreplenishmentui::xRFMxCU_ReplenishmentObjectPage--fe::ObjectPageDynamicHeaderTitle-_actionsToolbar"}]}
RESULT: undefined
COMMAND: POST /session/c2385f56a648397eaacc8d3cf68bb68b/element - {"using":"xpath","value":"//*[@id=\"rfm.replenishmentui::xRFMxCU_ReplenishmentObjectPage--fe::ObjectPageDynamicHeaderTitle-_actionsToolbar\"]"}
RESULT: {"using":"xpath","value":"//*[@id=\"rfm.replenishmentui::xRFMxCU_ReplenishmentObjectPage--fe::ObjectPageDynamicHeaderTitle-_actionsToolbar\"]"}
COMMAND: POST /session/c2385f56a648397eaacc8d3cf68bb68b/element/f.0A240B68A77F84A30B8E27BE8FE38A54.d.687E18B43F17A21321720F82E0D55C35.e.3469/click - {}
RESULT: {}
COMMAND: POST /session/c2385f56a648397eaacc8d3cf68bb68b/execute/async - {"script":"<script> [21 bytes]","args":[{"selector":{"id":"rfm.replenishmentui::xRFMxCU_ReplenishmentObjectPage--fe::DataFieldForIntentBasedNavigation::SelectionRule::manage","interaction":{"idSuffix":"content"}},"wdio_ui5_key":"rfmreplenishmentui::xRFMxCU_ReplenishmentObjectPage--fe::DataFieldForIntentBasedNavigation::SelectionRule::manage"}]}
COMMAND: GET /session/c2385f56a648397eaacc8d3cf68bb68b/screenshot - {}
RESULT: {"script":"<script> [21 bytes]","args":[{"selector":{"id":"rfm.replenishmentui::xRFMxCU_ReplenishmentObjectPage--fe::DataFieldForIntentBasedNavigation::SelectionRule::manage","interaction":{"idSuffix":"content"}},"wdio_ui5_key":"rfmreplenishmentui::xRFMxCU_ReplenishmentObjectPage--fe::DataFieldForIntentBasedNavigation::SelectionRule::manage"}]}
RESULT: undefined
RESULT: {}
COMMAND: POST /session/c2385f56a648397eaacc8d3cf68bb68b/execute/async - {"script":"<script> [21 bytes]","args":[{"selector":{"id":"shellAppTitle"},"wdio_ui5_key":"shellAppTitle"}]}
RESULT: {"script":"<script> [21 bytes]","args":[{"selector":{"id":"shellAppTitle"},"wdio_ui5_key":"shellAppTitle"}]}
RESULT: undefined
COMMAND: POST /session/c2385f56a648397eaacc8d3cf68bb68b/execute/async - {"script":"<script> [21 bytes]","args":[{"element-6066-11e4-a52e-4f735466cecf":"f.0A240B68A77F84A30B8E27BE8FE38A54.d.687E18B43F17A21321720F82E0D55C35.e.3476"},"getTitle",[]]}
RESULT: {"script":"<script> [21 bytes]","args":[{"element-6066-11e4-a52e-4f735466cecf":"f.0A240B68A77F84A30B8E27BE8FE38A54.d.687E18B43F17A21321720F82E0D55C35.e.3476"},"getTitle",[]]}
RESULT: undefined
COMMAND: POST /session/c2385f56a648397eaacc8d3cf68bb68b/element - {"using":"xpath","value":"//*[@id=\"backBtn\"]"}
RESULT: {"using":"xpath","value":"//*[@id=\"backBtn\"]"}
COMMAND: POST /session/c2385f56a648397eaacc8d3cf68bb68b/element/f.0A240B68A77F84A30B8E27BE8FE38A54.d.687E18B43F17A21321720F82E0D55C35.e.3477/click - {}
RESULT: {}
COMMAND: GET /session/c2385f56a648397eaacc8d3cf68bb68b/screenshot - {}
]]></system-out>
    </testcase>
    <testcase classname="chrome.138_0_7204_184.windows.Replenishment" name="Should check if the right transaction is present and navigate to it" time="33.92">
      <system-out><![CDATA[
COMMAND: GET /session/c2385f56a648397eaacc8d3cf68bb68b/screenshot - {}
COMMAND: POST /session/c2385f56a648397eaacc8d3cf68bb68b/execute/async - {"script":"<script> [21 bytes]","args":[{"selector":{"id":"rfm.replenishmentui::xRFMxCU_ReplenishmentObjectPage--fe::ObjectPage-anchBar-rfm.replenishmentui::xRFMxCU_ReplenishmentObjectPage--fe::FacetSection::TransactionDetails-anchor"},"wdio_ui5_key":"rfmreplenishmentui::xRFMxCU_ReplenishmentObjectPage--fe::ObjectPage-anchBar-rfm.replenishmentui::xRFMxCU_ReplenishmentObjectPage--fe::FacetSection::TransactionDetails-anchor"}]}
RESULT: {}
RESULT: {}
RESULT: {"script":"<script> [21 bytes]","args":[{"selector":{"id":"rfm.replenishmentui::xRFMxCU_ReplenishmentObjectPage--fe::ObjectPage-anchBar-rfm.replenishmentui::xRFMxCU_ReplenishmentObjectPage--fe::FacetSection::TransactionDetails-anchor"},"wdio_ui5_key":"rfmreplenishmentui::xRFMxCU_ReplenishmentObjectPage--fe::ObjectPage-anchBar-rfm.replenishmentui::xRFMxCU_ReplenishmentObjectPage--fe::FacetSection::TransactionDetails-anchor"}]}
RESULT: undefined
COMMAND: POST /session/c2385f56a648397eaacc8d3cf68bb68b/element - {"using":"xpath","value":"//*[@id=\"rfm.replenishmentui::xRFMxCU_ReplenishmentObjectPage--fe::ObjectPage-anchBar-rfm.replenishmentui::xRFMxCU_ReplenishmentObjectPage--fe::FacetSection::TransactionDetails-anchor\"]"}
RESULT: {"using":"xpath","value":"//*[@id=\"rfm.replenishmentui::xRFMxCU_ReplenishmentObjectPage--fe::ObjectPage-anchBar-rfm.replenishmentui::xRFMxCU_ReplenishmentObjectPage--fe::FacetSection::TransactionDetails-anchor\"]"}
COMMAND: POST /session/c2385f56a648397eaacc8d3cf68bb68b/element/f.0A240B68A77F84A30B8E27BE8FE38A54.d.687E18B43F17A21321720F82E0D55C35.e.3625/click - {}
RESULT: {}
COMMAND: POST /session/c2385f56a648397eaacc8d3cf68bb68b/execute/async - {"script":"<script> [21 bytes]","args":[{"selector":{"id":"rfm.replenishmentui::xRFMxCU_ReplenishmentObjectPage--fe::FormContainer::TransactionDetails::FormElement::DataFieldWithIntentBasedNavigation::TransactionId::FundingTransaction::Manage::Field-display"},"wdio_ui5_key":"rfmreplenishmentui::xRFMxCU_ReplenishmentObjectPage--fe::FormContainer::TransactionDetails::FormElement::DataFieldWithIntentBasedNavigation::TransactionId::FundingTransaction::Manage::Field-display"}]}
COMMAND: GET /session/c2385f56a648397eaacc8d3cf68bb68b/screenshot - {}
RESULT: {"script":"<script> [21 bytes]","args":[{"selector":{"id":"rfm.replenishmentui::xRFMxCU_ReplenishmentObjectPage--fe::FormContainer::TransactionDetails::FormElement::DataFieldWithIntentBasedNavigation::TransactionId::FundingTransaction::Manage::Field-display"},"wdio_ui5_key":"rfmreplenishmentui::xRFMxCU_ReplenishmentObjectPage--fe::FormContainer::TransactionDetails::FormElement::DataFieldWithIntentBasedNavigation::TransactionId::FundingTransaction::Manage::Field-display"}]}
RESULT: undefined
COMMAND: POST /session/c2385f56a648397eaacc8d3cf68bb68b/execute/async - {"script":"<script> [21 bytes]","args":[{"element-6066-11e4-a52e-4f735466cecf":"f.0A240B68A77F84A30B8E27BE8FE38A54.d.687E18B43F17A21321720F82E0D55C35.e.3633"},"getText",[]]}
RESULT: {}
RESULT: {"script":"<script> [21 bytes]","args":[{"element-6066-11e4-a52e-4f735466cecf":"f.0A240B68A77F84A30B8E27BE8FE38A54.d.687E18B43F17A21321720F82E0D55C35.e.3633"},"getText",[]]}
RESULT: undefined
COMMAND: POST /session/c2385f56a648397eaacc8d3cf68bb68b/element - {"using":"xpath","value":"//*[@id=\"rfm.replenishmentui::xRFMxCU_ReplenishmentObjectPage--fe::FormContainer::TransactionDetails::FormElement::DataFieldWithIntentBasedNavigation::TransactionId::FundingTransaction::Manage::Field-display\"]"}
RESULT: {"using":"xpath","value":"//*[@id=\"rfm.replenishmentui::xRFMxCU_ReplenishmentObjectPage--fe::FormContainer::TransactionDetails::FormElement::DataFieldWithIntentBasedNavigation::TransactionId::FundingTransaction::Manage::Field-display\"]"}
COMMAND: POST /session/c2385f56a648397eaacc8d3cf68bb68b/element/f.0A240B68A77F84A30B8E27BE8FE38A54.d.687E18B43F17A21321720F82E0D55C35.e.3633/click - {}
RESULT: {}
COMMAND: GET /session/c2385f56a648397eaacc8d3cf68bb68b/screenshot - {}
RESULT: {}
COMMAND: POST /session/c2385f56a648397eaacc8d3cf68bb68b/execute/async - {"script":"<script> [21 bytes]","args":[{"selector":{"id":"rfm.transactionui::xRFMxCU_TransactionObjectPage--fe::HeaderFacet::Form::headerFieldsGP1::DataField::TransactionId::Field-content"},"wdio_ui5_key":"rfmtransactionui::xRFMxCU_TransactionObjectPage--fe::HeaderFacet::Form::headerFieldsGP1::DataField::TransactionId::Field-content"}]}
RESULT: {"script":"<script> [21 bytes]","args":[{"selector":{"id":"rfm.transactionui::xRFMxCU_TransactionObjectPage--fe::HeaderFacet::Form::headerFieldsGP1::DataField::TransactionId::Field-content"},"wdio_ui5_key":"rfmtransactionui::xRFMxCU_TransactionObjectPage--fe::HeaderFacet::Form::headerFieldsGP1::DataField::TransactionId::Field-content"}]}
RESULT: undefined
COMMAND: POST /session/c2385f56a648397eaacc8d3cf68bb68b/execute/async - {"script":"<script> [21 bytes]","args":[{"element-6066-11e4-a52e-4f735466cecf":"f.0A240B68A77F84A30B8E27BE8FE38A54.d.687E18B43F17A21321720F82E0D55C35.e.3763"},"getText",[]]}
RESULT: {"script":"<script> [21 bytes]","args":[{"element-6066-11e4-a52e-4f735466cecf":"f.0A240B68A77F84A30B8E27BE8FE38A54.d.687E18B43F17A21321720F82E0D55C35.e.3763"},"getText",[]]}
RESULT: undefined
COMMAND: POST /session/c2385f56a648397eaacc8d3cf68bb68b/element - {"using":"xpath","value":"//*[@id=\"backBtn\"]"}
RESULT: {"using":"xpath","value":"//*[@id=\"backBtn\"]"}
COMMAND: POST /session/c2385f56a648397eaacc8d3cf68bb68b/element/f.0A240B68A77F84A30B8E27BE8FE38A54.d.687E18B43F17A21321720F82E0D55C35.e.3477/click - {}
RESULT: {}
COMMAND: GET /session/c2385f56a648397eaacc8d3cf68bb68b/screenshot - {}
RESULT: {}
COMMAND: GET /session/c2385f56a648397eaacc8d3cf68bb68b/screenshot - {}
]]></system-out>
    </testcase>
    <testcase classname="chrome.138_0_7204_184.windows.Replenishment" name="Should check navigation from one asset from Assets section" time="27.184">
      <system-out><![CDATA[
COMMAND: GET /session/c2385f56a648397eaacc8d3cf68bb68b/url - {}
RESULT: {}
RESULT: {}
COMMAND: POST /session/c2385f56a648397eaacc8d3cf68bb68b/execute/async - {"script":"<script> [21 bytes]","args":[{"selector":{"id":"rfm.replenishmentui::xRFMxCU_ReplenishmentObjectPage--fe::ObjectPage-anchBar-rfm.replenishmentui::xRFMxCU_ReplenishmentObjectPage--fe::FacetSection::Assets-anchor","interaction":{"idSuffix":"text"}},"wdio_ui5_key":"rfmreplenishmentui::xRFMxCU_ReplenishmentObjectPage--fe::ObjectPage-anchBar-rfm.replenishmentui::xRFMxCU_ReplenishmentObjectPage--fe::FacetSection::Assets-anchor"}]}
COMMAND: GET /session/c2385f56a648397eaacc8d3cf68bb68b/screenshot - {}
RESULT: {"script":"<script> [21 bytes]","args":[{"selector":{"id":"rfm.replenishmentui::xRFMxCU_ReplenishmentObjectPage--fe::ObjectPage-anchBar-rfm.replenishmentui::xRFMxCU_ReplenishmentObjectPage--fe::FacetSection::Assets-anchor","interaction":{"idSuffix":"text"}},"wdio_ui5_key":"rfmreplenishmentui::xRFMxCU_ReplenishmentObjectPage--fe::ObjectPage-anchBar-rfm.replenishmentui::xRFMxCU_ReplenishmentObjectPage--fe::FacetSection::Assets-anchor"}]}
RESULT: undefined
COMMAND: POST /session/c2385f56a648397eaacc8d3cf68bb68b/element - {"using":"xpath","value":"//*[@id=\"rfm.replenishmentui::xRFMxCU_ReplenishmentObjectPage--fe::ObjectPage-anchBar-rfm.replenishmentui::xRFMxCU_ReplenishmentObjectPage--fe::FacetSection::Assets-anchor\"]"}
RESULT: {}
RESULT: {"using":"xpath","value":"//*[@id=\"rfm.replenishmentui::xRFMxCU_ReplenishmentObjectPage--fe::ObjectPage-anchBar-rfm.replenishmentui::xRFMxCU_ReplenishmentObjectPage--fe::FacetSection::Assets-anchor\"]"}
COMMAND: POST /session/c2385f56a648397eaacc8d3cf68bb68b/element/f.0A240B68A77F84A30B8E27BE8FE38A54.d.687E18B43F17A21321720F82E0D55C35.e.3939/click - {}
RESULT: {}
COMMAND: POST /session/c2385f56a648397eaacc8d3cf68bb68b/execute/async - {"script":"<script> [21 bytes]","args":[{"selector":{"controlType":"sap.m.Link","viewName":"sap.fe.templates.ObjectPage.ObjectPage","viewId":"rfm.replenishmentui::xRFMxCU_ReplenishmentObjectPage","bindingPath":{"path":"/xRFMxCU_Replenishment(ReplenishmentId=4e4439c8-6b75-1fd0-9eac-326caa3d5bf0,IsActiveEntity=true)/_ReplAsset(ReplenishmentId=4e4439c8-6b75-1fd0-9eac-326caa3d5bf0,AssetId=4e4439c8-6b75-1fd0-9eac-19c4acc27bf0)","propertyPath":"AssetIdExtern"}},"wdio_ui5_key":"sapfe.templates.ObjectPage.ObjectPagesap.m.Link{\"path\":\"/xRFMxCU_Replenishment(ReplenishmentId=4e4439c8-6b75-1fd0-9eac-326caa3d5bf0,IsActiveEntity=true)/_ReplAsset(ReplenishmentId=4e4439c8-6b75-1fd0-9eac-326caa3d5bf0,AssetId=4e4439c8-6b75-1fd0-9eac-19c4acc27bf0)\",\"propertyPath\":\"AssetIdExtern\"}"}]}
COMMAND: GET /session/c2385f56a648397eaacc8d3cf68bb68b/screenshot - {}
RESULT: {"script":"<script> [21 bytes]","args":[{"selector":{"controlType":"sap.m.Link","viewName":"sap.fe.templates.ObjectPage.ObjectPage","viewId":"rfm.replenishmentui::xRFMxCU_ReplenishmentObjectPage","bindingPath":{"path":"/xRFMxCU_Replenishment(ReplenishmentId=4e4439c8-6b75-1fd0-9eac-326caa3d5bf0,IsActiveEntity=true)/_ReplAsset(ReplenishmentId=4e4439c8-6b75-1fd0-9eac-326caa3d5bf0,AssetId=4e4439c8-6b75-1fd0-9eac-19c4acc27bf0)","propertyPath":"AssetIdExtern"}},"wdio_ui5_key":"sapfe.templates.ObjectPage.ObjectPagesap.m.Link{\"path\":\"/xRFMxCU_Replenishment(ReplenishmentId=4e4439c8-6b75-1fd0-9eac-326caa3d5bf0,IsActiveEntity=true)/_ReplAsset(ReplenishmentId=4e4439c8-6b75-1fd0-9eac-326caa3d5bf0,AssetId=4e4439c8-6b75-1fd0-9eac-19c4acc27bf0)\",\"propertyPath\":\"AssetIdExtern\"}"}]}
RESULT: undefined
COMMAND: POST /session/c2385f56a648397eaacc8d3cf68bb68b/execute/async - {"script":"<script> [21 bytes]","args":[{"element-6066-11e4-a52e-4f735466cecf":"f.0A240B68A77F84A30B8E27BE8FE38A54.d.687E18B43F17A21321720F82E0D55C35.e.3946"},"getText",[]]}
RESULT: {}
RESULT: {"script":"<script> [21 bytes]","args":[{"element-6066-11e4-a52e-4f735466cecf":"f.0A240B68A77F84A30B8E27BE8FE38A54.d.687E18B43F17A21321720F82E0D55C35.e.3946"},"getText",[]]}
COMMAND: POST /session/c2385f56a648397eaacc8d3cf68bb68b/execute/async - {"script":"<script> [21 bytes]","args":[{"selector":{"controlType":"sap.m.ColumnListItem","viewName":"sap.fe.templates.ObjectPage.ObjectPage","viewId":"rfm.replenishmentui::xRFMxCU_ReplenishmentObjectPage","bindingPath":{"path":"/xRFMxCU_Replenishment(ReplenishmentId=4e4439c8-6b75-1fd0-9eac-326caa3d5bf0,IsActiveEntity=true)/_ReplAsset(ReplenishmentId=4e4439c8-6b75-1fd0-9eac-326caa3d5bf0,AssetId=4e4439c8-6b75-1fd0-9eac-0d6884a6fbf0)","propertyPath":"ReplenishmentId"}},"wdio_ui5_key":"sapfe.templates.ObjectPage.ObjectPagesap.m.ColumnListItem{\"path\":\"/xRFMxCU_Replenishment(ReplenishmentId=4e4439c8-6b75-1fd0-9eac-326caa3d5bf0,IsActiveEntity=true)/_ReplAsset(ReplenishmentId=4e4439c8-6b75-1fd0-9eac-326caa3d5bf0,AssetId=4e4439c8-6b75-1fd0-9eac-0d6884a6fbf0)\",\"propertyPath\":\"ReplenishmentId\"}"}]}
RESULT: {"script":"<script> [21 bytes]","args":[{"selector":{"controlType":"sap.m.ColumnListItem","viewName":"sap.fe.templates.ObjectPage.ObjectPage","viewId":"rfm.replenishmentui::xRFMxCU_ReplenishmentObjectPage","bindingPath":{"path":"/xRFMxCU_Replenishment(ReplenishmentId=4e4439c8-6b75-1fd0-9eac-326caa3d5bf0,IsActiveEntity=true)/_ReplAsset(ReplenishmentId=4e4439c8-6b75-1fd0-9eac-326caa3d5bf0,AssetId=4e4439c8-6b75-1fd0-9eac-0d6884a6fbf0)","propertyPath":"ReplenishmentId"}},"wdio_ui5_key":"sapfe.templates.ObjectPage.ObjectPagesap.m.ColumnListItem{\"path\":\"/xRFMxCU_Replenishment(ReplenishmentId=4e4439c8-6b75-1fd0-9eac-326caa3d5bf0,IsActiveEntity=true)/_ReplAsset(ReplenishmentId=4e4439c8-6b75-1fd0-9eac-326caa3d5bf0,AssetId=4e4439c8-6b75-1fd0-9eac-0d6884a6fbf0)\",\"propertyPath\":\"ReplenishmentId\"}"}]}
RESULT: undefined
COMMAND: POST /session/c2385f56a648397eaacc8d3cf68bb68b/element - {"using":"xpath","value":"//*[@id=\"rfm.replenishmentui::xRFMxCU_ReplenishmentObjectPage--fe::table::_ReplAsset::LineItem-innerTableRow-__clone3717\"]"}
RESULT: {"using":"xpath","value":"//*[@id=\"rfm.replenishmentui::xRFMxCU_ReplenishmentObjectPage--fe::table::_ReplAsset::LineItem-innerTableRow-__clone3717\"]"}
COMMAND: POST /session/c2385f56a648397eaacc8d3cf68bb68b/element/f.0A240B68A77F84A30B8E27BE8FE38A54.d.687E18B43F17A21321720F82E0D55C35.e.3947/click - {}
RESULT: {}
COMMAND: GET /session/c2385f56a648397eaacc8d3cf68bb68b/screenshot - {}
RESULT: {}
RESULT: undefined
COMMAND: POST /session/c2385f56a648397eaacc8d3cf68bb68b/element - {"using":"xpath","value":"//*[@id=\"__link58-__clone3694-__clone3716\"]"}
RESULT: {"using":"xpath","value":"//*[@id=\"__link58-__clone3694-__clone3716\"]"}
COMMAND: POST /session/c2385f56a648397eaacc8d3cf68bb68b/element/f.0A240B68A77F84A30B8E27BE8FE38A54.d.687E18B43F17A21321720F82E0D55C35.e.3946/click - {}
RESULT: {}
COMMAND: POST /session/c2385f56a648397eaacc8d3cf68bb68b/execute/async - {"script":"<script> [21 bytes]","args":[{"selector":{"controlType":"sap.m.Title","viewName":"sap.fe.templates.ObjectPage.ObjectPage","viewId":"rfm.assetui::xRFMxCU_AssetObjectPage","bindingPath":{"path":"/xRFMxCU_Asset(AssetId=4e4439c8-6b75-1fd0-9eac-19c4acc27bf0,IsActiveEntity=true)","propertyPath":"AssetIdExtern"}},"wdio_ui5_key":"sapfe.templates.ObjectPage.ObjectPagesap.m.Title{\"path\":\"/xRFMxCU_Asset(AssetId=4e4439c8-6b75-1fd0-9eac-19c4acc27bf0,IsActiveEntity=true)\",\"propertyPath\":\"AssetIdExtern\"}"}]}
COMMAND: GET /session/c2385f56a648397eaacc8d3cf68bb68b/screenshot - {}
RESULT: {"script":"<script> [21 bytes]","args":[{"selector":{"controlType":"sap.m.Title","viewName":"sap.fe.templates.ObjectPage.ObjectPage","viewId":"rfm.assetui::xRFMxCU_AssetObjectPage","bindingPath":{"path":"/xRFMxCU_Asset(AssetId=4e4439c8-6b75-1fd0-9eac-19c4acc27bf0,IsActiveEntity=true)","propertyPath":"AssetIdExtern"}},"wdio_ui5_key":"sapfe.templates.ObjectPage.ObjectPagesap.m.Title{\"path\":\"/xRFMxCU_Asset(AssetId=4e4439c8-6b75-1fd0-9eac-19c4acc27bf0,IsActiveEntity=true)\",\"propertyPath\":\"AssetIdExtern\"}"}]}
RESULT: undefined
COMMAND: POST /session/c2385f56a648397eaacc8d3cf68bb68b/execute/async - {"script":"<script> [21 bytes]","args":[{"element-6066-11e4-a52e-4f735466cecf":"f.0A240B68A77F84A30B8E27BE8FE38A54.d.687E18B43F17A21321720F82E0D55C35.e.4097"},"getText",[]]}
RESULT: {}
RESULT: {"script":"<script> [21 bytes]","args":[{"element-6066-11e4-a52e-4f735466cecf":"f.0A240B68A77F84A30B8E27BE8FE38A54.d.687E18B43F17A21321720F82E0D55C35.e.4097"},"getText",[]]}
COMMAND: POST /session/c2385f56a648397eaacc8d3cf68bb68b/execute/async - {"script":"<script> [21 bytes]","args":[{"forceSelect":true,"selector":{"id":"backBtn"},"wdio_ui5_key":"backBtn"}]}
RESULT: {"script":"<script> [21 bytes]","args":[{"forceSelect":true,"selector":{"id":"backBtn"},"wdio_ui5_key":"backBtn"}]}
RESULT: undefined
COMMAND: POST /session/c2385f56a648397eaacc8d3cf68bb68b/element - {"using":"xpath","value":"//*[@id=\"backBtn\"]"}
RESULT: {"using":"xpath","value":"//*[@id=\"backBtn\"]"}
COMMAND: POST /session/c2385f56a648397eaacc8d3cf68bb68b/element/f.0A240B68A77F84A30B8E27BE8FE38A54.d.687E18B43F17A21321720F82E0D55C35.e.3477/click - {}
RESULT: {}
COMMAND: GET /session/c2385f56a648397eaacc8d3cf68bb68b/screenshot - {}
]]></system-out>
    </testcase>
    <testcase classname="chrome.138_0_7204_184.windows.Replenishment" name="Should check the addition of asset to the outflow" time="22.299">
      <system-out><![CDATA[
RESULT: undefined
COMMAND: POST /session/c2385f56a648397eaacc8d3cf68bb68b/element - {"using":"xpath","value":"//*[@id=\"rfm.replenishmentui::xRFMxCU_ReplenishmentObjectPage--fe::ObjectPage-anchBar-rfm.replenishmentui::xRFMxCU_ReplenishmentObjectPage--fe::FacetSection::Assets-anchor\"]"}
COMMAND: GET /session/c2385f56a648397eaacc8d3cf68bb68b/screenshot - {}
RESULT: {"using":"xpath","value":"//*[@id=\"rfm.replenishmentui::xRFMxCU_ReplenishmentObjectPage--fe::ObjectPage-anchBar-rfm.replenishmentui::xRFMxCU_ReplenishmentObjectPage--fe::FacetSection::Assets-anchor\"]"}
COMMAND: POST /session/c2385f56a648397eaacc8d3cf68bb68b/elements - {"using":"xpath","value":"//*[@id=\"rfm.replenishmentui::xRFMxCU_ReplenishmentObjectPage--fe::ObjectPage-anchBar-rfm.replenishmentui::xRFMxCU_ReplenishmentObjectPage--fe::FacetSection::Assets-anchor\"]"}
RESULT: {}
RESULT: {}
RESULT: {"using":"xpath","value":"//*[@id=\"rfm.replenishmentui::xRFMxCU_ReplenishmentObjectPage--fe::ObjectPage-anchBar-rfm.replenishmentui::xRFMxCU_ReplenishmentObjectPage--fe::FacetSection::Assets-anchor\"]"}
COMMAND: POST /session/c2385f56a648397eaacc8d3cf68bb68b/element - {"using":"xpath","value":"//*[@id=\"rfm.replenishmentui::xRFMxCU_ReplenishmentObjectPage--fe::ObjectPage-anchBar-rfm.replenishmentui::xRFMxCU_ReplenishmentObjectPage--fe::FacetSection::Assets-anchor\"]"}
RESULT: {"using":"xpath","value":"//*[@id=\"rfm.replenishmentui::xRFMxCU_ReplenishmentObjectPage--fe::ObjectPage-anchBar-rfm.replenishmentui::xRFMxCU_ReplenishmentObjectPage--fe::FacetSection::Assets-anchor\"]"}
COMMAND: POST /session/c2385f56a648397eaacc8d3cf68bb68b/element/f.0A240B68A77F84A30B8E27BE8FE38A54.d.687E18B43F17A21321720F82E0D55C35.e.4235/click - {}
RESULT: {}
COMMAND: GET /session/c2385f56a648397eaacc8d3cf68bb68b/screenshot - {}
RESULT: {}
COMMAND: POST /session/c2385f56a648397eaacc8d3cf68bb68b/execute/async - {"script":"<script> [21 bytes]","args":[{"selector":{"controlType":"sap.m.CheckBox","viewName":"sap.fe.templates.ObjectPage.ObjectPage","viewId":"rfm.replenishmentui::xRFMxCU_ReplenishmentObjectPage","properties":{"editable":true},"ancestor":{"controlType":"sap.m.ColumnListItem","viewName":"sap.fe.templates.ObjectPage.ObjectPage","viewId":"rfm.replenishmentui::xRFMxCU_ReplenishmentObjectPage","bindingPath":{"path":"/xRFMxCU_Replenishment(ReplenishmentId=4e4439c8-6b75-1fd0-9eac-326caa3d5bf0,IsActiveEntity=true)/_ReplAsset(ReplenishmentId=4e4439c8-6b75-1fd0-9eac-326caa3d5bf0,AssetId=4e4439c8-6b75-1fd0-9eac-19c4acc27bf0)"}}},"wdio_ui5_key":"sapfe.templates.ObjectPage.ObjectPagesap.m.CheckBox{\"editable\":true}{\"controlType\":\"sap.m.ColumnListItem\",\"viewName\":\"sap.fe.templates.ObjectPage.ObjectPage\",\"viewId\":\"rfm.replenishmentui::xRFMxCU_ReplenishmentObjectPage\",\"bindingPath\":{\"path\":\"/xRFMxCU_Replenishment(ReplenishmentId=4e4439c8-6b75-1fd0-9eac-326caa3d5bf0,IsActiveEntity=true)/_ReplAsset(ReplenishmentId=4e4439c8-6b75-1fd0-9eac-326caa3d5bf0,AssetId=4e4439c8-6b75-1fd0-9eac-19c4acc27bf0)\"}}"}]}
RESULT: {"script":"<script> [21 bytes]","args":[{"selector":{"controlType":"sap.m.CheckBox","viewName":"sap.fe.templates.ObjectPage.ObjectPage","viewId":"rfm.replenishmentui::xRFMxCU_ReplenishmentObjectPage","properties":{"editable":true},"ancestor":{"controlType":"sap.m.ColumnListItem","viewName":"sap.fe.templates.ObjectPage.ObjectPage","viewId":"rfm.replenishmentui::xRFMxCU_ReplenishmentObjectPage","bindingPath":{"path":"/xRFMxCU_Replenishment(ReplenishmentId=4e4439c8-6b75-1fd0-9eac-326caa3d5bf0,IsActiveEntity=true)/_ReplAsset(ReplenishmentId=4e4439c8-6b75-1fd0-9eac-326caa3d5bf0,AssetId=4e4439c8-6b75-1fd0-9eac-19c4acc27bf0)"}}},"wdio_ui5_key":"sapfe.templates.ObjectPage.ObjectPagesap.m.CheckBox{\"editable\":true}{\"controlType\":\"sap.m.ColumnListItem\",\"viewName\":\"sap.fe.templates.ObjectPage.ObjectPage\",\"viewId\":\"rfm.replenishmentui::xRFMxCU_ReplenishmentObjectPage\",\"bindingPath\":{\"path\":\"/xRFMxCU_Replenishment(ReplenishmentId=4e4439c8-6b75-1fd0-9eac-326caa3d5bf0,IsActiveEntity=true)/_ReplAsset(ReplenishmentId=4e4439c8-6b75-1fd0-9eac-326caa3d5bf0,AssetId=4e4439c8-6b75-1fd0-9eac-19c4acc27bf0)\"}}"}]}
RESULT: undefined
COMMAND: POST /session/c2385f56a648397eaacc8d3cf68bb68b/execute/async - {"script":"<script> [21 bytes]","args":[{"element-6066-11e4-a52e-4f735466cecf":"f.0A240B68A77F84A30B8E27BE8FE38A54.d.687E18B43F17A21321720F82E0D55C35.e.4240"},"getEnabled",[]]}
RESULT: {"script":"<script> [21 bytes]","args":[{"element-6066-11e4-a52e-4f735466cecf":"f.0A240B68A77F84A30B8E27BE8FE38A54.d.687E18B43F17A21321720F82E0D55C35.e.4240"},"getEnabled",[]]}
COMMAND: POST /session/c2385f56a648397eaacc8d3cf68bb68b/element - {"using":"xpath","value":"//*[@id=\"rfm.replenishmentui::xRFMxCU_ReplenishmentObjectPage--fe::table::_ReplAsset::LineItem-innerTableRow-__clone4012-selectMulti\"]"}
RESULT: {"using":"xpath","value":"//*[@id=\"rfm.replenishmentui::xRFMxCU_ReplenishmentObjectPage--fe::table::_ReplAsset::LineItem-innerTableRow-__clone4012-selectMulti\"]"}
COMMAND: POST /session/c2385f56a648397eaacc8d3cf68bb68b/element/f.0A240B68A77F84A30B8E27BE8FE38A54.d.687E18B43F17A21321720F82E0D55C35.e.4240/click - {}
RESULT: {}
RESULT: undefined
COMMAND: POST /session/c2385f56a648397eaacc8d3cf68bb68b/execute/async - {"script":"<script> [21 bytes]","args":[{"element-6066-11e4-a52e-4f735466cecf":"f.0A240B68A77F84A30B8E27BE8FE38A54.d.687E18B43F17A21321720F82E0D55C35.e.3946"},"getText",[]]}
COMMAND: GET /session/c2385f56a648397eaacc8d3cf68bb68b/screenshot - {}
COMMAND: POST /session/c2385f56a648397eaacc8d3cf68bb68b/execute/async - {"script":"<script> [21 bytes]","args":[{"selector":{"controlType":"sap.m.Link","viewName":"sap.fe.templates.ObjectPage.ObjectPage","viewId":"rfm.replenishmentui::xRFMxCU_ReplenishmentObjectPage","bindingPath":{"path":"/xRFMxCU_Replenishment(ReplenishmentId=4e4439c8-6b75-1fd0-9eac-326caa3d5bf0,IsActiveEntity=true)/_ReplAsset(ReplenishmentId=4e4439c8-6b75-1fd0-9eac-326caa3d5bf0,AssetId=4e4439c8-6b75-1fd0-9eac-19c4acc27bf0)","propertyPath":"AssetIdExtern"}},"wdio_ui5_key":"sapfe.templates.ObjectPage.ObjectPagesap.m.Link{\"path\":\"/xRFMxCU_Replenishment(ReplenishmentId=4e4439c8-6b75-1fd0-9eac-326caa3d5bf0,IsActiveEntity=true)/_ReplAsset(ReplenishmentId=4e4439c8-6b75-1fd0-9eac-326caa3d5bf0,AssetId=4e4439c8-6b75-1fd0-9eac-19c4acc27bf0)\",\"propertyPath\":\"AssetIdExtern\"}"}]}
RESULT: {}
RESULT: {"script":"<script> [21 bytes]","args":[{"selector":{"controlType":"sap.m.Link","viewName":"sap.fe.templates.ObjectPage.ObjectPage","viewId":"rfm.replenishmentui::xRFMxCU_ReplenishmentObjectPage","bindingPath":{"path":"/xRFMxCU_Replenishment(ReplenishmentId=4e4439c8-6b75-1fd0-9eac-326caa3d5bf0,IsActiveEntity=true)/_ReplAsset(ReplenishmentId=4e4439c8-6b75-1fd0-9eac-326caa3d5bf0,AssetId=4e4439c8-6b75-1fd0-9eac-19c4acc27bf0)","propertyPath":"AssetIdExtern"}},"wdio_ui5_key":"sapfe.templates.ObjectPage.ObjectPagesap.m.Link{\"path\":\"/xRFMxCU_Replenishment(ReplenishmentId=4e4439c8-6b75-1fd0-9eac-326caa3d5bf0,IsActiveEntity=true)/_ReplAsset(ReplenishmentId=4e4439c8-6b75-1fd0-9eac-326caa3d5bf0,AssetId=4e4439c8-6b75-1fd0-9eac-19c4acc27bf0)\",\"propertyPath\":\"AssetIdExtern\"}"}]}
COMMAND: POST /session/c2385f56a648397eaacc8d3cf68bb68b/execute/async - {"script":"<script> [21 bytes]","args":[{"element-6066-11e4-a52e-4f735466cecf":"f.0A240B68A77F84A30B8E27BE8FE38A54.d.687E18B43F17A21321720F82E0D55C35.e.4249"},"getText",[]]}
RESULT: {"script":"<script> [21 bytes]","args":[{"element-6066-11e4-a52e-4f735466cecf":"f.0A240B68A77F84A30B8E27BE8FE38A54.d.687E18B43F17A21321720F82E0D55C35.e.4249"},"getText",[]]}
COMMAND: POST /session/c2385f56a648397eaacc8d3cf68bb68b/execute/async - {"script":"<script> [21 bytes]","args":[{"selector":{"id":"rfm.replenishmentui::xRFMxCU_ReplenishmentObjectPage--fe::table::_ReplAsset::LineItem::CustomAction::DataFieldForAction::com.sap.gateway.srvd.rfm.ui_replenishment.v0001.AddToOutflow::com.sap.gateway.srvd.rfm.ui_replenishment.v0001.xRFMxCU_ReplenishmentType","interaction":{"idSuffix":"BDI-content"}},"wdio_ui5_key":"rfmreplenishmentui::xRFMxCU_ReplenishmentObjectPage--fe::table::_ReplAsset::LineItem::CustomAction::DataFieldForAction::com.sap.gateway.srvd.rfm.ui_replenishment.v0001.AddToOutflow::com.sap.gateway.srvd.rfm.ui_replenishment.v0001.xRFMxCU_ReplenishmentType"}]}
RESULT: {"script":"<script> [21 bytes]","args":[{"selector":{"id":"rfm.replenishmentui::xRFMxCU_ReplenishmentObjectPage--fe::table::_ReplAsset::LineItem::CustomAction::DataFieldForAction::com.sap.gateway.srvd.rfm.ui_replenishment.v0001.AddToOutflow::com.sap.gateway.srvd.rfm.ui_replenishment.v0001.xRFMxCU_ReplenishmentType","interaction":{"idSuffix":"BDI-content"}},"wdio_ui5_key":"rfmreplenishmentui::xRFMxCU_ReplenishmentObjectPage--fe::table::_ReplAsset::LineItem::CustomAction::DataFieldForAction::com.sap.gateway.srvd.rfm.ui_replenishment.v0001.AddToOutflow::com.sap.gateway.srvd.rfm.ui_replenishment.v0001.xRFMxCU_ReplenishmentType"}]}
RESULT: undefined
COMMAND: POST /session/c2385f56a648397eaacc8d3cf68bb68b/element - {"using":"xpath","value":"//*[@id=\"rfm.replenishmentui::xRFMxCU_ReplenishmentObjectPage--fe::table::_ReplAsset::LineItem::CustomAction::DataFieldForAction::com.sap.gateway.srvd.rfm.ui_replenishment.v0001.AddToOutflow::com.sap.gateway.srvd.rfm.ui_replenishment.v0001.xRFMxCU_ReplenishmentType\"]"}
RESULT: {"using":"xpath","value":"//*[@id=\"rfm.replenishmentui::xRFMxCU_ReplenishmentObjectPage--fe::table::_ReplAsset::LineItem::CustomAction::DataFieldForAction::com.sap.gateway.srvd.rfm.ui_replenishment.v0001.AddToOutflow::com.sap.gateway.srvd.rfm.ui_replenishment.v0001.xRFMxCU_ReplenishmentType\"]"}
COMMAND: POST /session/c2385f56a648397eaacc8d3cf68bb68b/element/f.0A240B68A77F84A30B8E27BE8FE38A54.d.687E18B43F17A21321720F82E0D55C35.e.4251/click - {}
RESULT: {}
COMMAND: POST /session/c2385f56a648397eaacc8d3cf68bb68b/execute/async - {"script":"<script> [21 bytes]","args":[{"selector":{"controlType":"sap.m.Dialog","properties":{"icon":"sap-icon://information"},"searchOpenDialogs":true},"wdio_ui5_key":"sapm.Dialog{\"icon\":\"sap-icon://information\"}"}]}
COMMAND: GET /session/c2385f56a648397eaacc8d3cf68bb68b/screenshot - {}
RESULT: {"script":"<script> [21 bytes]","args":[{"selector":{"controlType":"sap.m.Dialog","properties":{"icon":"sap-icon://information"},"searchOpenDialogs":true},"wdio_ui5_key":"sapm.Dialog{\"icon\":\"sap-icon://information\"}"}]}
RESULT: undefined
COMMAND: POST /session/c2385f56a648397eaacc8d3cf68bb68b/execute/async - {"script":"<script> [21 bytes]","args":[{"element-6066-11e4-a52e-4f735466cecf":"f.0A240B68A77F84A30B8E27BE8FE38A54.d.687E18B43F17A21321720F82E0D55C35.e.4269"},"getTitle",[]]}
RESULT: {}
RESULT: {"script":"<script> [21 bytes]","args":[{"element-6066-11e4-a52e-4f735466cecf":"f.0A240B68A77F84A30B8E27BE8FE38A54.d.687E18B43F17A21321720F82E0D55C35.e.4269"},"getTitle",[]]}
COMMAND: POST /session/c2385f56a648397eaacc8d3cf68bb68b/execute/async - {"script":"<script> [21 bytes]","args":[{"forceSelect":true,"selector":{"controlType":"sap.m.Button","properties":{"text":"OK"},"searchOpenDialogs":true,"interaction":{"idSuffix":"BDI-content"}},"wdio_ui5_key":"sapm.Button{\"text\":\"OK\"}"}]}
RESULT: {"script":"<script> [21 bytes]","args":[{"forceSelect":true,"selector":{"controlType":"sap.m.Button","properties":{"text":"OK"},"searchOpenDialogs":true,"interaction":{"idSuffix":"BDI-content"}},"wdio_ui5_key":"sapm.Button{\"text\":\"OK\"}"}]}
RESULT: undefined
COMMAND: POST /session/c2385f56a648397eaacc8d3cf68bb68b/element - {"using":"xpath","value":"//*[@id=\"__mbox-btn-4\"]"}
RESULT: {"using":"xpath","value":"//*[@id=\"__mbox-btn-4\"]"}
COMMAND: POST /session/c2385f56a648397eaacc8d3cf68bb68b/element/f.0A240B68A77F84A30B8E27BE8FE38A54.d.687E18B43F17A21321720F82E0D55C35.e.4252/click - {}
RESULT: {}
COMMAND: POST /session/c2385f56a648397eaacc8d3cf68bb68b/execute/async - {"script":"<script> [21 bytes]","args":[{"selector":{"id":"rfm.replenishmentui::xRFMxCU_ReplenishmentObjectPage--fe::ObjectPage-anchBar-rfm.replenishmentui::xRFMxCU_ReplenishmentObjectPage--fe::FacetSection::RemovedAssets-anchor","interaction":{"idSuffix":"text"}},"wdio_ui5_key":"rfmreplenishmentui::xRFMxCU_ReplenishmentObjectPage--fe::ObjectPage-anchBar-rfm.replenishmentui::xRFMxCU_ReplenishmentObjectPage--fe::FacetSection::RemovedAssets-anchor"}]}
COMMAND: GET /session/c2385f56a648397eaacc8d3cf68bb68b/screenshot - {}
RESULT: {}
RESULT: {"script":"<script> [21 bytes]","args":[{"selector":{"id":"rfm.replenishmentui::xRFMxCU_ReplenishmentObjectPage--fe::ObjectPage-anchBar-rfm.replenishmentui::xRFMxCU_ReplenishmentObjectPage--fe::FacetSection::RemovedAssets-anchor","interaction":{"idSuffix":"text"}},"wdio_ui5_key":"rfmreplenishmentui::xRFMxCU_ReplenishmentObjectPage--fe::ObjectPage-anchBar-rfm.replenishmentui::xRFMxCU_ReplenishmentObjectPage--fe::FacetSection::RemovedAssets-anchor"}]}
RESULT: undefined
COMMAND: POST /session/c2385f56a648397eaacc8d3cf68bb68b/element - {"using":"xpath","value":"//*[@id=\"rfm.replenishmentui::xRFMxCU_ReplenishmentObjectPage--fe::ObjectPage-anchBar-rfm.replenishmentui::xRFMxCU_ReplenishmentObjectPage--fe::FacetSection::RemovedAssets-anchor\"]"}
RESULT: {"using":"xpath","value":"//*[@id=\"rfm.replenishmentui::xRFMxCU_ReplenishmentObjectPage--fe::ObjectPage-anchBar-rfm.replenishmentui::xRFMxCU_ReplenishmentObjectPage--fe::FacetSection::RemovedAssets-anchor\"]"}
COMMAND: POST /session/c2385f56a648397eaacc8d3cf68bb68b/element/f.0A240B68A77F84A30B8E27BE8FE38A54.d.687E18B43F17A21321720F82E0D55C35.e.4275/click - {}
RESULT: {}
COMMAND: GET /session/c2385f56a648397eaacc8d3cf68bb68b/screenshot - {}
RESULT: {}
COMMAND: POST /session/c2385f56a648397eaacc8d3cf68bb68b/execute/async - {"script":"<script> [21 bytes]","args":[{"selector":{"controlType":"sap.m.Link","viewName":"sap.fe.templates.ObjectPage.ObjectPage","viewId":"rfm.replenishmentui::xRFMxCU_ReplenishmentObjectPage","bindingPath":{"path":"/xRFMxCU_Replenishment(ReplenishmentId=4e4439c8-6b75-1fd0-9eac-326caa3d5bf0,IsActiveEntity=true)/_RemovedAsset(ReplenishmentId=4e4439c8-6b75-1fd0-9eac-326caa3d5bf0,AssetId=4e4439c8-6b75-1fd0-9eac-19c4acc27bf0,IsActiveEntity=true)","propertyPath":"AssetIdExtern"}},"wdio_ui5_key":"sapfe.templates.ObjectPage.ObjectPagesap.m.Link{\"path\":\"/xRFMxCU_Replenishment(ReplenishmentId=4e4439c8-6b75-1fd0-9eac-326caa3d5bf0,IsActiveEntity=true)/_RemovedAsset(ReplenishmentId=4e4439c8-6b75-1fd0-9eac-326caa3d5bf0,AssetId=4e4439c8-6b75-1fd0-9eac-19c4acc27bf0,IsActiveEntity=true)\",\"propertyPath\":\"AssetIdExtern\"}"}]}
RESULT: {"script":"<script> [21 bytes]","args":[{"selector":{"controlType":"sap.m.Link","viewName":"sap.fe.templates.ObjectPage.ObjectPage","viewId":"rfm.replenishmentui::xRFMxCU_ReplenishmentObjectPage","bindingPath":{"path":"/xRFMxCU_Replenishment(ReplenishmentId=4e4439c8-6b75-1fd0-9eac-326caa3d5bf0,IsActiveEntity=true)/_RemovedAsset(ReplenishmentId=4e4439c8-6b75-1fd0-9eac-326caa3d5bf0,AssetId=4e4439c8-6b75-1fd0-9eac-19c4acc27bf0,IsActiveEntity=true)","propertyPath":"AssetIdExtern"}},"wdio_ui5_key":"sapfe.templates.ObjectPage.ObjectPagesap.m.Link{\"path\":\"/xRFMxCU_Replenishment(ReplenishmentId=4e4439c8-6b75-1fd0-9eac-326caa3d5bf0,IsActiveEntity=true)/_RemovedAsset(ReplenishmentId=4e4439c8-6b75-1fd0-9eac-326caa3d5bf0,AssetId=4e4439c8-6b75-1fd0-9eac-19c4acc27bf0,IsActiveEntity=true)\",\"propertyPath\":\"AssetIdExtern\"}"}]}
RESULT: undefined
COMMAND: POST /session/c2385f56a648397eaacc8d3cf68bb68b/execute/async - {"script":"<script> [21 bytes]","args":[{"element-6066-11e4-a52e-4f735466cecf":"f.0A240B68A77F84A30B8E27BE8FE38A54.d.687E18B43F17A21321720F82E0D55C35.e.4278"},"getText",[]]}
RESULT: {"script":"<script> [21 bytes]","args":[{"element-6066-11e4-a52e-4f735466cecf":"f.0A240B68A77F84A30B8E27BE8FE38A54.d.687E18B43F17A21321720F82E0D55C35.e.4278"},"getText",[]]}
COMMAND: GET /session/c2385f56a648397eaacc8d3cf68bb68b/screenshot - {}
]]></system-out>
    </testcase>
    <testcase classname="chrome.138_0_7204_184.windows.Replenishment" name="Should check the action Execute" time="25.938">
      <system-out><![CDATA[
RESULT: {}
COMMAND: POST /session/c2385f56a648397eaacc8d3cf68bb68b/execute/async - {"script":"<script> [21 bytes]","args":[{"selector":{"id":"rfm.replenishmentui::xRFMxCU_ReplenishmentObjectPage--fe::DataFieldForAction::com.sap.gateway.srvd.rfm.ui_replenishment.v0001.Execute::com.sap.gateway.srvd.rfm.ui_replenishment.v0001.xRFMxCU_ReplenishmentType","interaction":{"idSuffix":"BDI-content"}},"wdio_ui5_key":"rfmreplenishmentui::xRFMxCU_ReplenishmentObjectPage--fe::DataFieldForAction::com.sap.gateway.srvd.rfm.ui_replenishment.v0001.Execute::com.sap.gateway.srvd.rfm.ui_replenishment.v0001.xRFMxCU_ReplenishmentType"}]}
RESULT: {"script":"<script> [21 bytes]","args":[{"selector":{"id":"rfm.replenishmentui::xRFMxCU_ReplenishmentObjectPage--fe::DataFieldForAction::com.sap.gateway.srvd.rfm.ui_replenishment.v0001.Execute::com.sap.gateway.srvd.rfm.ui_replenishment.v0001.xRFMxCU_ReplenishmentType","interaction":{"idSuffix":"BDI-content"}},"wdio_ui5_key":"rfmreplenishmentui::xRFMxCU_ReplenishmentObjectPage--fe::DataFieldForAction::com.sap.gateway.srvd.rfm.ui_replenishment.v0001.Execute::com.sap.gateway.srvd.rfm.ui_replenishment.v0001.xRFMxCU_ReplenishmentType"}]}
RESULT: undefined
COMMAND: POST /session/c2385f56a648397eaacc8d3cf68bb68b/element - {"using":"xpath","value":"//*[@id=\"rfm.replenishmentui::xRFMxCU_ReplenishmentObjectPage--fe::DataFieldForAction::com.sap.gateway.srvd.rfm.ui_replenishment.v0001.Execute::com.sap.gateway.srvd.rfm.ui_replenishment.v0001.xRFMxCU_ReplenishmentType\"]"}
RESULT: {"using":"xpath","value":"//*[@id=\"rfm.replenishmentui::xRFMxCU_ReplenishmentObjectPage--fe::DataFieldForAction::com.sap.gateway.srvd.rfm.ui_replenishment.v0001.Execute::com.sap.gateway.srvd.rfm.ui_replenishment.v0001.xRFMxCU_ReplenishmentType\"]"}
COMMAND: POST /session/c2385f56a648397eaacc8d3cf68bb68b/element/f.0A240B68A77F84A30B8E27BE8FE38A54.d.687E18B43F17A21321720F82E0D55C35.e.4282/click - {}
RESULT: {}
COMMAND: GET /session/c2385f56a648397eaacc8d3cf68bb68b/screenshot - {}
RESULT: {}
COMMAND: POST /session/c2385f56a648397eaacc8d3cf68bb68b/execute/async - {"script":"<script> [21 bytes]","args":[{"selector":{"id":"rfm.replenishmentui::xRFMxCU_ReplenishmentObjectPage--fe::ObjectPage-anchBar-rfm.replenishmentui::xRFMxCU_ReplenishmentObjectPage--fe::FacetSection::ReplenishmentDetails-anchor"},"wdio_ui5_key":"rfmreplenishmentui::xRFMxCU_ReplenishmentObjectPage--fe::ObjectPage-anchBar-rfm.replenishmentui::xRFMxCU_ReplenishmentObjectPage--fe::FacetSection::ReplenishmentDetails-anchor"}]}
RESULT: {"script":"<script> [21 bytes]","args":[{"selector":{"id":"rfm.replenishmentui::xRFMxCU_ReplenishmentObjectPage--fe::ObjectPage-anchBar-rfm.replenishmentui::xRFMxCU_ReplenishmentObjectPage--fe::FacetSection::ReplenishmentDetails-anchor"},"wdio_ui5_key":"rfmreplenishmentui::xRFMxCU_ReplenishmentObjectPage--fe::ObjectPage-anchBar-rfm.replenishmentui::xRFMxCU_ReplenishmentObjectPage--fe::FacetSection::ReplenishmentDetails-anchor"}]}
RESULT: undefined
COMMAND: POST /session/c2385f56a648397eaacc8d3cf68bb68b/element - {"using":"xpath","value":"//*[@id=\"rfm.replenishmentui::xRFMxCU_ReplenishmentObjectPage--fe::ObjectPage-anchBar-rfm.replenishmentui::xRFMxCU_ReplenishmentObjectPage--fe::FacetSection::ReplenishmentDetails-anchor\"]"}
RESULT: {"using":"xpath","value":"//*[@id=\"rfm.replenishmentui::xRFMxCU_ReplenishmentObjectPage--fe::ObjectPage-anchBar-rfm.replenishmentui::xRFMxCU_ReplenishmentObjectPage--fe::FacetSection::ReplenishmentDetails-anchor\"]"}
COMMAND: POST /session/c2385f56a648397eaacc8d3cf68bb68b/element/f.0A240B68A77F84A30B8E27BE8FE38A54.d.687E18B43F17A21321720F82E0D55C35.e.4285/click - {}
RESULT: {}
COMMAND: GET /session/c2385f56a648397eaacc8d3cf68bb68b/screenshot - {}
RESULT: {}
COMMAND: POST /session/c2385f56a648397eaacc8d3cf68bb68b/execute/async - {"script":"<script> [21 bytes]","args":[{"selector":{"id":"rfm.replenishmentui::xRFMxCU_ReplenishmentObjectPage--fe::FormContainer::ReplenishmentDetails::FormElement::DataField::Status::Field-display"},"wdio_ui5_key":"rfmreplenishmentui::xRFMxCU_ReplenishmentObjectPage--fe::FormContainer::ReplenishmentDetails::FormElement::DataField::Status::Field-display"}]}
RESULT: {"script":"<script> [21 bytes]","args":[{"selector":{"id":"rfm.replenishmentui::xRFMxCU_ReplenishmentObjectPage--fe::FormContainer::ReplenishmentDetails::FormElement::DataField::Status::Field-display"},"wdio_ui5_key":"rfmreplenishmentui::xRFMxCU_ReplenishmentObjectPage--fe::FormContainer::ReplenishmentDetails::FormElement::DataField::Status::Field-display"}]}
RESULT: undefined
COMMAND: POST /session/c2385f56a648397eaacc8d3cf68bb68b/execute/async - {"script":"<script> [21 bytes]","args":[{"element-6066-11e4-a52e-4f735466cecf":"f.0A240B68A77F84A30B8E27BE8FE38A54.d.687E18B43F17A21321720F82E0D55C35.e.4288"},"getText",[]]}
RESULT: {"script":"<script> [21 bytes]","args":[{"element-6066-11e4-a52e-4f735466cecf":"f.0A240B68A77F84A30B8E27BE8FE38A54.d.687E18B43F17A21321720F82E0D55C35.e.4288"},"getText",[]]}
COMMAND: GET /session/c2385f56a648397eaacc8d3cf68bb68b/screenshot - {}
]]></system-out>
    </testcase>
    <testcase classname="chrome.138_0_7204_184.windows.Replenishment" name="Should check whether the Replenishment can be found in the Business Operations tab" time="50.295">
      <system-out><![CDATA[
RESULT: undefined
COMMAND: POST /session/c2385f56a648397eaacc8d3cf68bb68b/element - {"using":"xpath","value":"//*[@id=\"rfm.replenishmentui::xRFMxCU_ReplenishmentObjectPage--fe::ObjectPage-anchBar-rfm.replenishmentui::xRFMxCU_ReplenishmentObjectPage--fe::FacetSection::TransactionDetails-anchor\"]"}
RESULT: {}
RESULT: {"using":"xpath","value":"//*[@id=\"rfm.replenishmentui::xRFMxCU_ReplenishmentObjectPage--fe::ObjectPage-anchBar-rfm.replenishmentui::xRFMxCU_ReplenishmentObjectPage--fe::FacetSection::TransactionDetails-anchor\"]"}
COMMAND: POST /session/c2385f56a648397eaacc8d3cf68bb68b/element/f.0A240B68A77F84A30B8E27BE8FE38A54.d.687E18B43F17A21321720F82E0D55C35.e.4290/click - {}
RESULT: {}
COMMAND: GET /session/c2385f56a648397eaacc8d3cf68bb68b/screenshot - {}
RESULT: {}
RESULT: undefined
COMMAND: POST /session/c2385f56a648397eaacc8d3cf68bb68b/execute/async - {"script":"<script> [21 bytes]","args":[{"element-6066-11e4-a52e-4f735466cecf":"f.0A240B68A77F84A30B8E27BE8FE38A54.d.687E18B43F17A21321720F82E0D55C35.e.3633"},"getText",[]]}
COMMAND: POST /session/c2385f56a648397eaacc8d3cf68bb68b/execute/async - {"script":"<script> [21 bytes]","args":[{"selector":{"id":"rfm.replenishmentui::xRFMxCU_ReplenishmentObjectPage--fe::FormContainer::TransactionDetails::FormElement::DataFieldWithIntentBasedNavigation::TransactionId::FundingTransaction::Manage::Field-display"},"wdio_ui5_key":"rfmreplenishmentui::xRFMxCU_ReplenishmentObjectPage--fe::FormContainer::TransactionDetails::FormElement::DataFieldWithIntentBasedNavigation::TransactionId::FundingTransaction::Manage::Field-display"}]}
RESULT: {"script":"<script> [21 bytes]","args":[{"selector":{"id":"rfm.replenishmentui::xRFMxCU_ReplenishmentObjectPage--fe::FormContainer::TransactionDetails::FormElement::DataFieldWithIntentBasedNavigation::TransactionId::FundingTransaction::Manage::Field-display"},"wdio_ui5_key":"rfmreplenishmentui::xRFMxCU_ReplenishmentObjectPage--fe::FormContainer::TransactionDetails::FormElement::DataFieldWithIntentBasedNavigation::TransactionId::FundingTransaction::Manage::Field-display"}]}
COMMAND: POST /session/c2385f56a648397eaacc8d3cf68bb68b/execute/async - {"script":"<script> [21 bytes]","args":[{"element-6066-11e4-a52e-4f735466cecf":"f.0A240B68A77F84A30B8E27BE8FE38A54.d.687E18B43F17A21321720F82E0D55C35.e.4291"},"getText",[]]}
RESULT: {"script":"<script> [21 bytes]","args":[{"element-6066-11e4-a52e-4f735466cecf":"f.0A240B68A77F84A30B8E27BE8FE38A54.d.687E18B43F17A21321720F82E0D55C35.e.4291"},"getText",[]]}
RESULT: undefined
COMMAND: POST /session/c2385f56a648397eaacc8d3cf68bb68b/element - {"using":"xpath","value":"//*[@id=\"rfm.replenishmentui::xRFMxCU_ReplenishmentObjectPage--fe::FormContainer::TransactionDetails::FormElement::DataFieldWithIntentBasedNavigation::TransactionId::FundingTransaction::Manage::Field-display\"]"}
RESULT: {"using":"xpath","value":"//*[@id=\"rfm.replenishmentui::xRFMxCU_ReplenishmentObjectPage--fe::FormContainer::TransactionDetails::FormElement::DataFieldWithIntentBasedNavigation::TransactionId::FundingTransaction::Manage::Field-display\"]"}
COMMAND: POST /session/c2385f56a648397eaacc8d3cf68bb68b/element/f.0A240B68A77F84A30B8E27BE8FE38A54.d.687E18B43F17A21321720F82E0D55C35.e.4291/click - {}
RESULT: {}
COMMAND: GET /session/c2385f56a648397eaacc8d3cf68bb68b/screenshot - {}
RESULT: {}
RESULT: undefined
COMMAND: POST /session/c2385f56a648397eaacc8d3cf68bb68b/execute/async - {"script":"<script> [21 bytes]","args":[{"element-6066-11e4-a52e-4f735466cecf":"f.0A240B68A77F84A30B8E27BE8FE38A54.d.687E18B43F17A21321720F82E0D55C35.e.3763"},"getText",[]]}
COMMAND: POST /session/c2385f56a648397eaacc8d3cf68bb68b/execute/async - {"script":"<script> [21 bytes]","args":[{"selector":{"id":"rfm.transactionui::xRFMxCU_TransactionObjectPage--fe::HeaderFacet::Form::headerFieldsGP1::DataField::TransactionId::Field-content"},"wdio_ui5_key":"rfmtransactionui::xRFMxCU_TransactionObjectPage--fe::HeaderFacet::Form::headerFieldsGP1::DataField::TransactionId::Field-content"}]}
RESULT: {"script":"<script> [21 bytes]","args":[{"selector":{"id":"rfm.transactionui::xRFMxCU_TransactionObjectPage--fe::HeaderFacet::Form::headerFieldsGP1::DataField::TransactionId::Field-content"},"wdio_ui5_key":"rfmtransactionui::xRFMxCU_TransactionObjectPage--fe::HeaderFacet::Form::headerFieldsGP1::DataField::TransactionId::Field-content"}]}
COMMAND: POST /session/c2385f56a648397eaacc8d3cf68bb68b/execute/async - {"script":"<script> [21 bytes]","args":[{"element-6066-11e4-a52e-4f735466cecf":"f.0A240B68A77F84A30B8E27BE8FE38A54.d.687E18B43F17A21321720F82E0D55C35.e.4419"},"getText",[]]}
RESULT: {"script":"<script> [21 bytes]","args":[{"element-6066-11e4-a52e-4f735466cecf":"f.0A240B68A77F84A30B8E27BE8FE38A54.d.687E18B43F17A21321720F82E0D55C35.e.4419"},"getText",[]]}
COMMAND: POST /session/c2385f56a648397eaacc8d3cf68bb68b/execute/async - {"script":"<script> [21 bytes]","args":[{"selector":{"id":"rfm.transactionui::xRFMxCU_TransactionObjectPage--fe::FCLStandardAction::FullScreen-img"},"wdio_ui5_key":"rfmtransactionui::xRFMxCU_TransactionObjectPage--fe::FCLStandardAction::FullScreen-img"}]}
RESULT: {"script":"<script> [21 bytes]","args":[{"selector":{"id":"rfm.transactionui::xRFMxCU_TransactionObjectPage--fe::FCLStandardAction::FullScreen-img"},"wdio_ui5_key":"rfmtransactionui::xRFMxCU_TransactionObjectPage--fe::FCLStandardAction::FullScreen-img"}]}
RESULT: undefined
COMMAND: POST /session/c2385f56a648397eaacc8d3cf68bb68b/element - {"using":"xpath","value":"//*[@id=\"rfm.transactionui::xRFMxCU_TransactionObjectPage--fe::FCLStandardAction::FullScreen-img\"]"}
RESULT: {"using":"xpath","value":"//*[@id=\"rfm.transactionui::xRFMxCU_TransactionObjectPage--fe::FCLStandardAction::FullScreen-img\"]"}
COMMAND: POST /session/c2385f56a648397eaacc8d3cf68bb68b/element/f.0A240B68A77F84A30B8E27BE8FE38A54.d.687E18B43F17A21321720F82E0D55C35.e.4452/click - {}
RESULT: {}
COMMAND: POST /session/c2385f56a648397eaacc8d3cf68bb68b/execute/async - {"script":"<script> [21 bytes]","args":[{"selector":{"id":"rfm.transactionui::xRFMxCU_TransactionObjectPage--fe::ObjectPage-anchBar-rfm.transactionui::xRFMxCU_TransactionObjectPage--fe::FacetSection::BusinessOperations-anchor"},"wdio_ui5_key":"rfmtransactionui::xRFMxCU_TransactionObjectPage--fe::ObjectPage-anchBar-rfm.transactionui::xRFMxCU_TransactionObjectPage--fe::FacetSection::BusinessOperations-anchor"}]}
COMMAND: GET /session/c2385f56a648397eaacc8d3cf68bb68b/screenshot - {}
RESULT: {"script":"<script> [21 bytes]","args":[{"selector":{"id":"rfm.transactionui::xRFMxCU_TransactionObjectPage--fe::ObjectPage-anchBar-rfm.transactionui::xRFMxCU_TransactionObjectPage--fe::FacetSection::BusinessOperations-anchor"},"wdio_ui5_key":"rfmtransactionui::xRFMxCU_TransactionObjectPage--fe::ObjectPage-anchBar-rfm.transactionui::xRFMxCU_TransactionObjectPage--fe::FacetSection::BusinessOperations-anchor"}]}
RESULT: undefined
COMMAND: POST /session/c2385f56a648397eaacc8d3cf68bb68b/element - {"using":"xpath","value":"//*[@id=\"rfm.transactionui::xRFMxCU_TransactionObjectPage--fe::ObjectPage-anchBar-rfm.transactionui::xRFMxCU_TransactionObjectPage--fe::FacetSection::BusinessOperations-anchor\"]"}
RESULT: {}
RESULT: {"using":"xpath","value":"//*[@id=\"rfm.transactionui::xRFMxCU_TransactionObjectPage--fe::ObjectPage-anchBar-rfm.transactionui::xRFMxCU_TransactionObjectPage--fe::FacetSection::BusinessOperations-anchor\"]"}
COMMAND: POST /session/c2385f56a648397eaacc8d3cf68bb68b/element/f.0A240B68A77F84A30B8E27BE8FE38A54.d.687E18B43F17A21321720F82E0D55C35.e.4542/click - {}
RESULT: {}
COMMAND: GET /session/c2385f56a648397eaacc8d3cf68bb68b/screenshot - {}
RESULT: {}
COMMAND: POST /session/c2385f56a648397eaacc8d3cf68bb68b/execute/async - {"script":"<script> [21 bytes]","args":[{"selector":{"id":"rfm.transactionui::xRFMxCU_TransactionObjectPage--fe::table::_BusinessOperations::LineItem-innerTable-rows-row0"},"wdio_ui5_key":"rfmtransactionui::xRFMxCU_TransactionObjectPage--fe::table::_BusinessOperations::LineItem-innerTable-rows-row0"}]}
RESULT: {"script":"<script> [21 bytes]","args":[{"selector":{"id":"rfm.transactionui::xRFMxCU_TransactionObjectPage--fe::table::_BusinessOperations::LineItem-innerTable-rows-row0"},"wdio_ui5_key":"rfmtransactionui::xRFMxCU_TransactionObjectPage--fe::table::_BusinessOperations::LineItem-innerTable-rows-row0"}]}
RESULT: undefined
COMMAND: POST /session/c2385f56a648397eaacc8d3cf68bb68b/element - {"using":"xpath","value":"//*[@id=\"rfm.transactionui::xRFMxCU_TransactionObjectPage--fe::table::_BusinessOperations::LineItem-innerTable-rows-row0\"]"}
RESULT: {"using":"xpath","value":"//*[@id=\"rfm.transactionui::xRFMxCU_TransactionObjectPage--fe::table::_BusinessOperations::LineItem-innerTable-rows-row0\"]"}
COMMAND: POST /session/c2385f56a648397eaacc8d3cf68bb68b/element/f.0A240B68A77F84A30B8E27BE8FE38A54.d.687E18B43F17A21321720F82E0D55C35.e.4546/click - {}
RESULT: {}
RESULT: undefined
COMMAND: POST /session/c2385f56a648397eaacc8d3cf68bb68b/execute/async - {"script":"<script> [21 bytes]","args":[{"element-6066-11e4-a52e-4f735466cecf":"f.0A240B68A77F84A30B8E27BE8FE38A54.d.687E18B43F17A21321720F82E0D55C35.e.4546"},"getBindingContext",[]]}
COMMAND: GET /session/c2385f56a648397eaacc8d3cf68bb68b/screenshot - {}
RESULT: {"script":"<script> [21 bytes]","args":[{"element-6066-11e4-a52e-4f735466cecf":"f.0A240B68A77F84A30B8E27BE8FE38A54.d.687E18B43F17A21321720F82E0D55C35.e.4546"},"getBindingContext",[]]}
COMMAND: POST /session/c2385f56a648397eaacc8d3cf68bb68b/execute/async - {"script":"<script> [21 bytes]","args":["47682c05-9a14-4dba-aa49-c6ca0600c241","getPath",[]]}
RESULT: {}
RESULT: {"script":"<script> [21 bytes]","args":["47682c05-9a14-4dba-aa49-c6ca0600c241","getPath",[]]}
COMMAND: POST /session/c2385f56a648397eaacc8d3cf68bb68b/execute/async - {"script":"<script> [21 bytes]","args":[{"selector":{"id":"rfm.transactionui::xRFMxCU_TransactionObjectPage--fe::table::_BusinessOperations::LineItem"},"wdio_ui5_key":"rfmtransactionui::xRFMxCU_TransactionObjectPage--fe::table::_BusinessOperations::LineItem"}]}
RESULT: {"script":"<script> [21 bytes]","args":[{"selector":{"id":"rfm.transactionui::xRFMxCU_TransactionObjectPage--fe::table::_BusinessOperations::LineItem"},"wdio_ui5_key":"rfmtransactionui::xRFMxCU_TransactionObjectPage--fe::table::_BusinessOperations::LineItem"}]}
RESULT: undefined
COMMAND: POST /session/c2385f56a648397eaacc8d3cf68bb68b/element - {"using":"xpath","value":"//*[@id=\"rfm.transactionui::xRFMxCU_TransactionObjectPage--fe::table::_BusinessOperations::LineItem\"]"}
RESULT: {"using":"xpath","value":"//*[@id=\"rfm.transactionui::xRFMxCU_TransactionObjectPage--fe::table::_BusinessOperations::LineItem\"]"}
COMMAND: POST /session/c2385f56a648397eaacc8d3cf68bb68b/element/f.0A240B68A77F84A30B8E27BE8FE38A54.d.687E18B43F17A21321720F82E0D55C35.e.4549/click - {}
RESULT: {}
COMMAND: POST /session/c2385f56a648397eaacc8d3cf68bb68b/execute/async - {"script":"<script> [21 bytes]","args":[{"selector":{"controlType":"sap.m.Link","viewName":"sap.fe.templates.ObjectPage.ObjectPage","viewId":"rfm.transactionui::xRFMxCU_TransactionObjectPage","properties":{"text":"Replenishment"},"ancestor":{"controlType":"sap.fe.macros.controls.TextLink","viewName":"sap.fe.templates.ObjectPage.ObjectPage","viewId":"rfm.transactionui::xRFMxCU_TransactionObjectPage","bindingPath":{"path":"/xRFMxCU_Transaction(TransactionId='1081',IsActiveEntity=true)/_BusinessOperations(BusinessOperationId=4e4439c8-6b75-1fd0-9eac-326caa3d5bf0,TransactionId='1081')","propertyPath":"SemanticObj"}}},"wdio_ui5_key":"sapfe.templates.ObjectPage.ObjectPagesap.m.Link{\"text\":\"Replenishment\"}{\"controlType\":\"sap.fe.macros.controls.TextLink\",\"viewName\":\"sap.fe.templates.ObjectPage.ObjectPage\",\"viewId\":\"rfm.transactionui::xRFMxCU_TransactionObjectPage\",\"bindingPath\":{\"path\":\"/xRFMxCU_Transaction(TransactionId='1081',IsActiveEntity=true)/_BusinessOperations(BusinessOperationId=4e4439c8-6b75-1fd0-9eac-326caa3d5bf0,TransactionId='1081')\",\"propertyPath\":\"SemanticObj\"}}"}]}
COMMAND: GET /session/c2385f56a648397eaacc8d3cf68bb68b/screenshot - {}
RESULT: {"script":"<script> [21 bytes]","args":[{"selector":{"controlType":"sap.m.Link","viewName":"sap.fe.templates.ObjectPage.ObjectPage","viewId":"rfm.transactionui::xRFMxCU_TransactionObjectPage","properties":{"text":"Replenishment"},"ancestor":{"controlType":"sap.fe.macros.controls.TextLink","viewName":"sap.fe.templates.ObjectPage.ObjectPage","viewId":"rfm.transactionui::xRFMxCU_TransactionObjectPage","bindingPath":{"path":"/xRFMxCU_Transaction(TransactionId='1081',IsActiveEntity=true)/_BusinessOperations(BusinessOperationId=4e4439c8-6b75-1fd0-9eac-326caa3d5bf0,TransactionId='1081')","propertyPath":"SemanticObj"}}},"wdio_ui5_key":"sapfe.templates.ObjectPage.ObjectPagesap.m.Link{\"text\":\"Replenishment\"}{\"controlType\":\"sap.fe.macros.controls.TextLink\",\"viewName\":\"sap.fe.templates.ObjectPage.ObjectPage\",\"viewId\":\"rfm.transactionui::xRFMxCU_TransactionObjectPage\",\"bindingPath\":{\"path\":\"/xRFMxCU_Transaction(TransactionId='1081',IsActiveEntity=true)/_BusinessOperations(BusinessOperationId=4e4439c8-6b75-1fd0-9eac-326caa3d5bf0,TransactionId='1081')\",\"propertyPath\":\"SemanticObj\"}}"}]}
RESULT: undefined
COMMAND: POST /session/c2385f56a648397eaacc8d3cf68bb68b/execute/async - {"script":"<script> [21 bytes]","args":[{"element-6066-11e4-a52e-4f735466cecf":"f.0A240B68A77F84A30B8E27BE8FE38A54.d.687E18B43F17A21321720F82E0D55C35.e.4551"},"getText",[]]}
RESULT: {}
RESULT: {"script":"<script> [21 bytes]","args":[{"element-6066-11e4-a52e-4f735466cecf":"f.0A240B68A77F84A30B8E27BE8FE38A54.d.687E18B43F17A21321720F82E0D55C35.e.4551"},"getText",[]]}
COMMAND: GET /session/c2385f56a648397eaacc8d3cf68bb68b/screenshot - {}
]]></system-out>
    </testcase>
    <testcase classname="chrome.138_0_7204_184.windows.Replenishment" name="Should check if the navigation from Business Operations back to the Replenishment works" time="14.027">
      <system-out><![CDATA[
COMMAND: POST /session/c2385f56a648397eaacc8d3cf68bb68b/execute/async - {"script":"<script> [21 bytes]","args":[{"selector":{"controlType":"sap.m.Text","viewName":"sap.fe.templates.ObjectPage.ObjectPage","viewId":"rfm.transactionui::xRFMxCU_TransactionObjectPage","bindingPath":{"path":"/xRFMxCU_Transaction(TransactionId='1081',IsActiveEntity=true)/_BusinessOperations(BusinessOperationId=4e4439c8-6b75-1fd0-9eac-326caa3d5bf0,TransactionId='1081')","propertyPath":"KeyDate"}},"wdio_ui5_key":"sapfe.templates.ObjectPage.ObjectPagesap.m.Text{\"path\":\"/xRFMxCU_Transaction(TransactionId='1081',IsActiveEntity=true)/_BusinessOperations(BusinessOperationId=4e4439c8-6b75-1fd0-9eac-326caa3d5bf0,TransactionId='1081')\",\"propertyPath\":\"KeyDate\"}"}]}
RESULT: {}
RESULT: {"script":"<script> [21 bytes]","args":[{"selector":{"controlType":"sap.m.Text","viewName":"sap.fe.templates.ObjectPage.ObjectPage","viewId":"rfm.transactionui::xRFMxCU_TransactionObjectPage","bindingPath":{"path":"/xRFMxCU_Transaction(TransactionId='1081',IsActiveEntity=true)/_BusinessOperations(BusinessOperationId=4e4439c8-6b75-1fd0-9eac-326caa3d5bf0,TransactionId='1081')","propertyPath":"KeyDate"}},"wdio_ui5_key":"sapfe.templates.ObjectPage.ObjectPagesap.m.Text{\"path\":\"/xRFMxCU_Transaction(TransactionId='1081',IsActiveEntity=true)/_BusinessOperations(BusinessOperationId=4e4439c8-6b75-1fd0-9eac-326caa3d5bf0,TransactionId='1081')\",\"propertyPath\":\"KeyDate\"}"}]}
RESULT: undefined
COMMAND: POST /session/c2385f56a648397eaacc8d3cf68bb68b/execute/async - {"script":"<script> [21 bytes]","args":[{"element-6066-11e4-a52e-4f735466cecf":"f.0A240B68A77F84A30B8E27BE8FE38A54.d.687E18B43F17A21321720F82E0D55C35.e.4552"},"getText",[]]}
RESULT: {"script":"<script> [21 bytes]","args":[{"element-6066-11e4-a52e-4f735466cecf":"f.0A240B68A77F84A30B8E27BE8FE38A54.d.687E18B43F17A21321720F82E0D55C35.e.4552"},"getText",[]]}
RESULT: undefined
COMMAND: POST /session/c2385f56a648397eaacc8d3cf68bb68b/element - {"using":"xpath","value":"//*[@id=\"__link77\"]"}
RESULT: {"using":"xpath","value":"//*[@id=\"__link77\"]"}
COMMAND: POST /session/c2385f56a648397eaacc8d3cf68bb68b/element/f.0A240B68A77F84A30B8E27BE8FE38A54.d.687E18B43F17A21321720F82E0D55C35.e.4551/click - {}
RESULT: {}
COMMAND: GET /session/c2385f56a648397eaacc8d3cf68bb68b/screenshot - {}
RESULT: {}
COMMAND: POST /session/c2385f56a648397eaacc8d3cf68bb68b/execute/async - {"script":"<script> [21 bytes]","args":[{"selector":{"id":"rfm.replenishmentui::xRFMxCU_ReplenishmentObjectPage--fe::FormContainer::ReplenishmentDetails::FormElement::DataField::KeyDate::Field-display"},"wdio_ui5_key":"rfmreplenishmentui::xRFMxCU_ReplenishmentObjectPage--fe::FormContainer::ReplenishmentDetails::FormElement::DataField::KeyDate::Field-display"}]}
RESULT: {"script":"<script> [21 bytes]","args":[{"selector":{"id":"rfm.replenishmentui::xRFMxCU_ReplenishmentObjectPage--fe::FormContainer::ReplenishmentDetails::FormElement::DataField::KeyDate::Field-display"},"wdio_ui5_key":"rfmreplenishmentui::xRFMxCU_ReplenishmentObjectPage--fe::FormContainer::ReplenishmentDetails::FormElement::DataField::KeyDate::Field-display"}]}
RESULT: undefined
COMMAND: POST /session/c2385f56a648397eaacc8d3cf68bb68b/execute/async - {"script":"<script> [21 bytes]","args":[{"element-6066-11e4-a52e-4f735466cecf":"f.0A240B68A77F84A30B8E27BE8FE38A54.d.687E18B43F17A21321720F82E0D55C35.e.4696"},"getText",[]]}
RESULT: {"script":"<script> [21 bytes]","args":[{"element-6066-11e4-a52e-4f735466cecf":"f.0A240B68A77F84A30B8E27BE8FE38A54.d.687E18B43F17A21321720F82E0D55C35.e.4696"},"getText",[]]}
COMMAND: GET /session/c2385f56a648397eaacc8d3cf68bb68b/screenshot - {}
]]></system-out>
    </testcase>
    <testcase classname="chrome.138_0_7204_184.windows.Replenishment" name="Should check action Cancel" time="12.772">
      <system-out><![CDATA[
COMMAND: POST /session/c2385f56a648397eaacc8d3cf68bb68b/execute/async - {"script":"<script> [21 bytes]","args":[{"selector":{"id":"rfm.replenishmentui::xRFMxCU_ReplenishmentObjectPage--fe::DataFieldForAction::com.sap.gateway.srvd.rfm.ui_replenishment.v0001.Cancel::com.sap.gateway.srvd.rfm.ui_replenishment.v0001.xRFMxCU_ReplenishmentType","interaction":{"idSuffix":"BDI-content"}},"wdio_ui5_key":"rfmreplenishmentui::xRFMxCU_ReplenishmentObjectPage--fe::DataFieldForAction::com.sap.gateway.srvd.rfm.ui_replenishment.v0001.Cancel::com.sap.gateway.srvd.rfm.ui_replenishment.v0001.xRFMxCU_ReplenishmentType"}]}
RESULT: {}
RESULT: {"script":"<script> [21 bytes]","args":[{"selector":{"id":"rfm.replenishmentui::xRFMxCU_ReplenishmentObjectPage--fe::DataFieldForAction::com.sap.gateway.srvd.rfm.ui_replenishment.v0001.Cancel::com.sap.gateway.srvd.rfm.ui_replenishment.v0001.xRFMxCU_ReplenishmentType","interaction":{"idSuffix":"BDI-content"}},"wdio_ui5_key":"rfmreplenishmentui::xRFMxCU_ReplenishmentObjectPage--fe::DataFieldForAction::com.sap.gateway.srvd.rfm.ui_replenishment.v0001.Cancel::com.sap.gateway.srvd.rfm.ui_replenishment.v0001.xRFMxCU_ReplenishmentType"}]}
RESULT: undefined
COMMAND: POST /session/c2385f56a648397eaacc8d3cf68bb68b/element - {"using":"xpath","value":"//*[@id=\"rfm.replenishmentui::xRFMxCU_ReplenishmentObjectPage--fe::DataFieldForAction::com.sap.gateway.srvd.rfm.ui_replenishment.v0001.Cancel::com.sap.gateway.srvd.rfm.ui_replenishment.v0001.xRFMxCU_ReplenishmentType\"]"}
RESULT: {"using":"xpath","value":"//*[@id=\"rfm.replenishmentui::xRFMxCU_ReplenishmentObjectPage--fe::DataFieldForAction::com.sap.gateway.srvd.rfm.ui_replenishment.v0001.Cancel::com.sap.gateway.srvd.rfm.ui_replenishment.v0001.xRFMxCU_ReplenishmentType\"]"}
COMMAND: POST /session/c2385f56a648397eaacc8d3cf68bb68b/element/f.0A240B68A77F84A30B8E27BE8FE38A54.d.687E18B43F17A21321720F82E0D55C35.e.4700/click - {}
RESULT: {}
COMMAND: GET /session/c2385f56a648397eaacc8d3cf68bb68b/screenshot - {}
RESULT: {}
RESULT: undefined
COMMAND: POST /session/c2385f56a648397eaacc8d3cf68bb68b/element - {"using":"xpath","value":"//*[@id=\"rfm.replenishmentui::xRFMxCU_ReplenishmentObjectPage--fe::ObjectPage-anchBar-rfm.replenishmentui::xRFMxCU_ReplenishmentObjectPage--fe::FacetSection::ReplenishmentDetails-anchor\"]"}
RESULT: {"using":"xpath","value":"//*[@id=\"rfm.replenishmentui::xRFMxCU_ReplenishmentObjectPage--fe::ObjectPage-anchBar-rfm.replenishmentui::xRFMxCU_ReplenishmentObjectPage--fe::FacetSection::ReplenishmentDetails-anchor\"]"}
COMMAND: POST /session/c2385f56a648397eaacc8d3cf68bb68b/element/f.0A240B68A77F84A30B8E27BE8FE38A54.d.687E18B43F17A21321720F82E0D55C35.e.4704/click - {}
RESULT: {}
COMMAND: GET /session/c2385f56a648397eaacc8d3cf68bb68b/screenshot - {}
RESULT: {}
RESULT: undefined
COMMAND: POST /session/c2385f56a648397eaacc8d3cf68bb68b/execute/async - {"script":"<script> [21 bytes]","args":[{"element-6066-11e4-a52e-4f735466cecf":"f.0A240B68A77F84A30B8E27BE8FE38A54.d.687E18B43F17A21321720F82E0D55C35.e.4288"},"getText",[]]}
COMMAND: POST /session/c2385f56a648397eaacc8d3cf68bb68b/execute/async - {"script":"<script> [21 bytes]","args":[{"selector":{"id":"rfm.replenishmentui::xRFMxCU_ReplenishmentObjectPage--fe::FormContainer::ReplenishmentDetails::FormElement::DataField::Status::Field-display"},"wdio_ui5_key":"rfmreplenishmentui::xRFMxCU_ReplenishmentObjectPage--fe::FormContainer::ReplenishmentDetails::FormElement::DataField::Status::Field-display"}]}
RESULT: {"script":"<script> [21 bytes]","args":[{"selector":{"id":"rfm.replenishmentui::xRFMxCU_ReplenishmentObjectPage--fe::FormContainer::ReplenishmentDetails::FormElement::DataField::Status::Field-display"},"wdio_ui5_key":"rfmreplenishmentui::xRFMxCU_ReplenishmentObjectPage--fe::FormContainer::ReplenishmentDetails::FormElement::DataField::Status::Field-display"}]}
COMMAND: POST /session/c2385f56a648397eaacc8d3cf68bb68b/execute/async - {"script":"<script> [21 bytes]","args":[{"element-6066-11e4-a52e-4f735466cecf":"f.0A240B68A77F84A30B8E27BE8FE38A54.d.687E18B43F17A21321720F82E0D55C35.e.4705"},"getText",[]]}
RESULT: {"script":"<script> [21 bytes]","args":[{"element-6066-11e4-a52e-4f735466cecf":"f.0A240B68A77F84A30B8E27BE8FE38A54.d.687E18B43F17A21321720F82E0D55C35.e.4705"},"getText",[]]}
COMMAND: GET /session/c2385f56a648397eaacc8d3cf68bb68b/screenshot - {}
]]></system-out>
    </testcase>
    <testcase classname="chrome.138_0_7204_184.windows.Replenishment" name="Should check whether the replenishment can be found in the Replenishment History List" time="9.329">
      <system-out><![CDATA[
COMMAND: POST /session/c2385f56a648397eaacc8d3cf68bb68b/execute/async - {"script":"<script> [21 bytes]","args":[{"selector":{"id":"rfm.replenishmentui::xRFMxCU_ReplenishmentObjectPage--fe::FCLStandardAction::Close-img"},"wdio_ui5_key":"rfmreplenishmentui::xRFMxCU_ReplenishmentObjectPage--fe::FCLStandardAction::Close-img"}]}
RESULT: {}
RESULT: {"script":"<script> [21 bytes]","args":[{"selector":{"id":"rfm.replenishmentui::xRFMxCU_ReplenishmentObjectPage--fe::FCLStandardAction::Close-img"},"wdio_ui5_key":"rfmreplenishmentui::xRFMxCU_ReplenishmentObjectPage--fe::FCLStandardAction::Close-img"}]}
RESULT: undefined
COMMAND: POST /session/c2385f56a648397eaacc8d3cf68bb68b/element - {"using":"xpath","value":"//*[@id=\"rfm.replenishmentui::xRFMxCU_ReplenishmentObjectPage--fe::FCLStandardAction::Close-img\"]"}
RESULT: {"using":"xpath","value":"//*[@id=\"rfm.replenishmentui::xRFMxCU_ReplenishmentObjectPage--fe::FCLStandardAction::Close-img\"]"}
COMMAND: POST /session/c2385f56a648397eaacc8d3cf68bb68b/element/f.0A240B68A77F84A30B8E27BE8FE38A54.d.687E18B43F17A21321720F82E0D55C35.e.4706/click - {}
RESULT: {}
COMMAND: POST /session/c2385f56a648397eaacc8d3cf68bb68b/execute/async - {"script":"<script> [21 bytes]","args":[{"selector":{"controlType":"sap.ui.core.Icon","viewName":"sap.fe.templates.ListReport.ListReport","viewId":"rfm.replenishmentui::xRFMxCU_ReplTransactionList","properties":{"src":{"regex":{"source":"decline"}}},"ancestor":{"controlType":"sap.m.Token","viewName":"sap.fe.templates.ListReport.ListReport","viewId":"rfm.replenishmentui::xRFMxCU_ReplTransactionList","properties":{"text":"=1"}}},"wdio_ui5_key":"sapfe.templates.ListReport.ListReportsap.ui.core.Icon{\"src\":{\"regex\":{\"source\":\"decline\"}}}{\"controlType\":\"sap.m.Token\",\"viewName\":\"sap.fe.templates.ListReport.ListReport\",\"viewId\":\"rfm.replenishmentui::xRFMxCU_ReplTransactionList\",\"properties\":{\"text\":\"=1\"}}"}]}
COMMAND: GET /session/c2385f56a648397eaacc8d3cf68bb68b/screenshot - {}
RESULT: {"script":"<script> [21 bytes]","args":[{"selector":{"controlType":"sap.ui.core.Icon","viewName":"sap.fe.templates.ListReport.ListReport","viewId":"rfm.replenishmentui::xRFMxCU_ReplTransactionList","properties":{"src":{"regex":{"source":"decline"}}},"ancestor":{"controlType":"sap.m.Token","viewName":"sap.fe.templates.ListReport.ListReport","viewId":"rfm.replenishmentui::xRFMxCU_ReplTransactionList","properties":{"text":"=1"}}},"wdio_ui5_key":"sapfe.templates.ListReport.ListReportsap.ui.core.Icon{\"src\":{\"regex\":{\"source\":\"decline\"}}}{\"controlType\":\"sap.m.Token\",\"viewName\":\"sap.fe.templates.ListReport.ListReport\",\"viewId\":\"rfm.replenishmentui::xRFMxCU_ReplTransactionList\",\"properties\":{\"text\":\"=1\"}}"}]}
RESULT: undefined
RESULT: undefined
COMMAND: POST /session/c2385f56a648397eaacc8d3cf68bb68b/element - {"using":"xpath","value":"//*[@id=\"rfm.replenishmentui::xRFMxCU_ReplTransactionList--fe::FilterBar::xRFMxCU_ReplTransaction-btnSearch\"]"}
RESULT: {}
RESULT: {"using":"xpath","value":"//*[@id=\"rfm.replenishmentui::xRFMxCU_ReplTransactionList--fe::FilterBar::xRFMxCU_ReplTransaction-btnSearch\"]"}
COMMAND: POST /session/c2385f56a648397eaacc8d3cf68bb68b/element/f.0A240B68A77F84A30B8E27BE8FE38A54.d.687E18B43F17A21321720F82E0D55C35.e.4748/click - {}
RESULT: {}
COMMAND: POST /session/c2385f56a648397eaacc8d3cf68bb68b/execute/async - {"script":"<script> [21 bytes]","args":[{"selector":{"controlType":"sap.ui.core.Icon","viewName":"sap.fe.templates.ListReport.ListReport","viewId":"rfm.replenishmentui::xRFMxCU_ReplTransactionList","properties":{"src":{"regex":{"source":"slim\\-arrow\\-right"}}}},"wdio_ui5_key":"sapfe.templates.ListReport.ListReportsap.ui.core.Icon{\"src\":{\"regex\":{\"source\":\"slim\\\\-arrow\\\\-right\"}}}"}]}
COMMAND: GET /session/c2385f56a648397eaacc8d3cf68bb68b/screenshot - {}
RESULT: {"script":"<script> [21 bytes]","args":[{"selector":{"controlType":"sap.ui.core.Icon","viewName":"sap.fe.templates.ListReport.ListReport","viewId":"rfm.replenishmentui::xRFMxCU_ReplTransactionList","properties":{"src":{"regex":{"source":"slim\\-arrow\\-right"}}}},"wdio_ui5_key":"sapfe.templates.ListReport.ListReportsap.ui.core.Icon{\"src\":{\"regex\":{\"source\":\"slim\\\\-arrow\\\\-right\"}}}"}]}
RESULT: undefined
COMMAND: POST /session/c2385f56a648397eaacc8d3cf68bb68b/element - {"using":"xpath","value":"//*[@id=\"rfm.replenishmentui::xRFMxCU_ReplTransactionList--fe::table::xRFMxCU_ReplTransaction::LineItem-innerTableRow-__clone4613-imgNav\"]"}
RESULT: {}
RESULT: {"using":"xpath","value":"//*[@id=\"rfm.replenishmentui::xRFMxCU_ReplTransactionList--fe::table::xRFMxCU_ReplTransaction::LineItem-innerTableRow-__clone4613-imgNav\"]"}
COMMAND: POST /session/c2385f56a648397eaacc8d3cf68bb68b/element/f.0A240B68A77F84A30B8E27BE8FE38A54.d.687E18B43F17A21321720F82E0D55C35.e.4735/click - {}
RESULT: {}
COMMAND: GET /session/c2385f56a648397eaacc8d3cf68bb68b/screenshot - {}
RESULT: {}
COMMAND: POST /session/c2385f56a648397eaacc8d3cf68bb68b/execute/async - {"script":"<script> [21 bytes]","args":[{"selector":{"controlType":"sap.m.Text","viewName":"sap.fe.templates.ObjectPage.ObjectPage","viewId":"rfm.replenishmentui::xRFMxCU_ReplTransactionObjectPage","bindingPath":{"path":"/xRFMxCU_ReplTransaction('1081')/_Replenishment(ReplenishmentId=4e4439c8-6b75-1fd0-9eac-326caa3d5bf0,IsActiveEntity=true)","propertyPath":"KeyDate"}},"wdio_ui5_key":"sapfe.templates.ObjectPage.ObjectPagesap.m.Text{\"path\":\"/xRFMxCU_ReplTransaction('1081')/_Replenishment(ReplenishmentId=4e4439c8-6b75-1fd0-9eac-326caa3d5bf0,IsActiveEntity=true)\",\"propertyPath\":\"KeyDate\"}"}]}
RESULT: {"script":"<script> [21 bytes]","args":[{"selector":{"controlType":"sap.m.Text","viewName":"sap.fe.templates.ObjectPage.ObjectPage","viewId":"rfm.replenishmentui::xRFMxCU_ReplTransactionObjectPage","bindingPath":{"path":"/xRFMxCU_ReplTransaction('1081')/_Replenishment(ReplenishmentId=4e4439c8-6b75-1fd0-9eac-326caa3d5bf0,IsActiveEntity=true)","propertyPath":"KeyDate"}},"wdio_ui5_key":"sapfe.templates.ObjectPage.ObjectPagesap.m.Text{\"path\":\"/xRFMxCU_ReplTransaction('1081')/_Replenishment(ReplenishmentId=4e4439c8-6b75-1fd0-9eac-326caa3d5bf0,IsActiveEntity=true)\",\"propertyPath\":\"KeyDate\"}"}]}
RESULT: undefined
COMMAND: POST /session/c2385f56a648397eaacc8d3cf68bb68b/execute/async - {"script":"<script> [21 bytes]","args":[{"element-6066-11e4-a52e-4f735466cecf":"f.0A240B68A77F84A30B8E27BE8FE38A54.d.687E18B43F17A21321720F82E0D55C35.e.4788"},"getText",[]]}
RESULT: {"script":"<script> [21 bytes]","args":[{"element-6066-11e4-a52e-4f735466cecf":"f.0A240B68A77F84A30B8E27BE8FE38A54.d.687E18B43F17A21321720F82E0D55C35.e.4788"},"getText",[]]}
COMMAND: GET /session/c2385f56a648397eaacc8d3cf68bb68b/screenshot - {}
COMMAND: DELETE /session/c2385f56a648397eaacc8d3cf68bb68b - {}
RESULT: {}
RESULT: {}
]]></system-out>
    </testcase>
  </testsuite>
</testsuites>