<?xml version="1.0" encoding="UTF-8"?>
<testsuites tests="3" failures="0" errors="0" skipped="0">
  <testsuite timestamp="2025-09-29T22:03:24" time="146.357" tests="3" failures="0" errors="0" skipped="0">
    <properties>
      <property name="specId" value="0"/>
      <property name="suiteName" value="Sanity Tests"/>
      <property name="capabilities" value="chrome.140_0_7339_186.windows"/>
      <property name="file" value="file:///D:/a/1/s/test/specs/General/sanity.spec.js"/>
    </properties>
    <testcase classname="chrome.140_0_7339_186.windows.Sanity_Tests" name="Should open Funding Asset page" time="41.56">
      <system-out><![CDATA[
COMMAND: POST /session/ec564e3b89f6df84444473a03c3c8a8c/execute/async - {"script":"<script> [21 bytes]","args":[{"selector":{"controlType":"sap.m.GenericTile","properties":{"header":"Funding Asset"}},"wdio_ui5_key":"sapm.GenericTile{\"header\":\"Funding Asset\"}"}]}
RESULT: {"script":"<script> [21 bytes]","args":[{"selector":{"controlType":"sap.m.GenericTile","properties":{"header":"Funding Asset"}},"wdio_ui5_key":"sapm.GenericTile{\"header\":\"Funding Asset\"}"}]}
RESULT: undefined
COMMAND: POST /session/ec564e3b89f6df84444473a03c3c8a8c/element - {"using":"xpath","value":"//*[@id=\"__tile53\"]"}
RESULT: {"using":"xpath","value":"//*[@id=\"__tile53\"]"}
COMMAND: POST /session/ec564e3b89f6df84444473a03c3c8a8c/element/f.604FC02F0BE9759BC322782377D14368.d.F0A8300A51C11664D553F1292889ED39.e.70/click - {}
RESULT: {}
COMMAND: GET /session/ec564e3b89f6df84444473a03c3c8a8c/screenshot - {}
RESULT: {}
RESULT: undefined
COMMAND: POST /session/ec564e3b89f6df84444473a03c3c8a8c/element - {"using":"xpath","value":"//*[@id=\"__tile53\"]"}
RESULT: {"using":"xpath","value":"//*[@id=\"__tile53\"]"}
COMMAND: POST /session/ec564e3b89f6df84444473a03c3c8a8c/element/f.604FC02F0BE9759BC322782377D14368.d.F0A8300A51C11664D553F1292889ED39.e.181/click - {}
RESULT: undefined
COMMAND: POST /session/ec564e3b89f6df84444473a03c3c8a8c/element - {"using":"xpath","value":"//*[@id=\"__tile53\"]"}
RESULT: {"using":"xpath","value":"//*[@id=\"__tile53\"]"}
COMMAND: POST /session/ec564e3b89f6df84444473a03c3c8a8c/element/f.604FC02F0BE9759BC322782377D14368.d.F0A8300A51C11664D553F1292889ED39.e.181/click - {}
COMMAND: POST /session/ec564e3b89f6df84444473a03c3c8a8c/execute/async - {"script":"<script> [21 bytes]","args":[{"selector":{"id":"shellAppTitle"},"wdio_ui5_key":"shellAppTitle"}]}
RESULT: {"script":"<script> [21 bytes]","args":[{"selector":{"id":"shellAppTitle"},"wdio_ui5_key":"shellAppTitle"}]}
RESULT: undefined
COMMAND: POST /session/ec564e3b89f6df84444473a03c3c8a8c/execute/async - {"script":"<script> [21 bytes]","args":[{"element-6066-11e4-a52e-4f735466cecf":"f.604FC02F0BE9759BC322782377D14368.d.F0A8300A51C11664D553F1292889ED39.e.184"},"getTitle",[]]}
RESULT: {"script":"<script> [21 bytes]","args":[{"element-6066-11e4-a52e-4f735466cecf":"f.604FC02F0BE9759BC322782377D14368.d.F0A8300A51C11664D553F1292889ED39.e.184"},"getTitle",[]]}
COMMAND: POST /session/ec564e3b89f6df84444473a03c3c8a8c/execute/async - {"script":"<script> [21 bytes]","args":[{"selector":{"id":"backBtn"},"wdio_ui5_key":"backBtn"}]}
RESULT: {"script":"<script> [21 bytes]","args":[{"selector":{"id":"backBtn"},"wdio_ui5_key":"backBtn"}]}
RESULT: undefined
COMMAND: POST /session/ec564e3b89f6df84444473a03c3c8a8c/element - {"using":"xpath","value":"//*[@id=\"backBtn\"]"}
RESULT: {"using":"xpath","value":"//*[@id=\"backBtn\"]"}
COMMAND: POST /session/ec564e3b89f6df84444473a03c3c8a8c/element/f.604FC02F0BE9759BC322782377D14368.d.F0A8300A51C11664D553F1292889ED39.e.185/click - {}
RESULT: {}
COMMAND: GET /session/ec564e3b89f6df84444473a03c3c8a8c/screenshot - {}
RESULT: {}
COMMAND: GET /session/ec564e3b89f6df84444473a03c3c8a8c/screenshot - {}
]]></system-out>
    </testcase>
    <testcase classname="chrome.140_0_7339_186.windows.Sanity_Tests" name="Should open Funding Debtor page" time="25.962">
      <system-out><![CDATA[
COMMAND: POST /session/ec564e3b89f6df84444473a03c3c8a8c/execute/async - {"script":"<script> [21 bytes]","args":[{"selector":{"controlType":"sap.m.GenericTile","properties":{"header":"Funding Debtor"}},"wdio_ui5_key":"sapm.GenericTile{\"header\":\"Funding Debtor\"}"}]}
RESULT: {}
RESULT: {"script":"<script> [21 bytes]","args":[{"selector":{"controlType":"sap.m.GenericTile","properties":{"header":"Funding Debtor"}},"wdio_ui5_key":"sapm.GenericTile{\"header\":\"Funding Debtor\"}"}]}
RESULT: undefined
COMMAND: POST /session/ec564e3b89f6df84444473a03c3c8a8c/element - {"using":"xpath","value":"//*[@id=\"__tile54\"]"}
RESULT: {"using":"xpath","value":"//*[@id=\"__tile54\"]"}
COMMAND: POST /session/ec564e3b89f6df84444473a03c3c8a8c/element/f.604FC02F0BE9759BC322782377D14368.d.F0A8300A51C11664D553F1292889ED39.e.190/click - {}
RESULT: {}
COMMAND: GET /session/ec564e3b89f6df84444473a03c3c8a8c/screenshot - {}
RESULT: {}
RESULT: undefined
COMMAND: POST /session/ec564e3b89f6df84444473a03c3c8a8c/element - {"using":"xpath","value":"//*[@id=\"__tile54\"]"}
RESULT: {"using":"xpath","value":"//*[@id=\"__tile54\"]"}
COMMAND: POST /session/ec564e3b89f6df84444473a03c3c8a8c/element/f.604FC02F0BE9759BC322782377D14368.d.F0A8300A51C11664D553F1292889ED39.e.275/click - {}
RESULT: undefined
COMMAND: POST /session/ec564e3b89f6df84444473a03c3c8a8c/element - {"using":"xpath","value":"//*[@id=\"__tile54\"]"}
RESULT: {"using":"xpath","value":"//*[@id=\"__tile54\"]"}
COMMAND: POST /session/ec564e3b89f6df84444473a03c3c8a8c/element/f.604FC02F0BE9759BC322782377D14368.d.F0A8300A51C11664D553F1292889ED39.e.275/click - {}
RESULT: undefined
COMMAND: POST /session/ec564e3b89f6df84444473a03c3c8a8c/execute/async - {"script":"<script> [21 bytes]","args":[{"element-6066-11e4-a52e-4f735466cecf":"f.604FC02F0BE9759BC322782377D14368.d.F0A8300A51C11664D553F1292889ED39.e.184"},"getTitle",[]]}
RESULT: {"script":"<script> [21 bytes]","args":[{"element-6066-11e4-a52e-4f735466cecf":"f.604FC02F0BE9759BC322782377D14368.d.F0A8300A51C11664D553F1292889ED39.e.184"},"getTitle",[]]}
RESULT: undefined
COMMAND: POST /session/ec564e3b89f6df84444473a03c3c8a8c/element/f.604FC02F0BE9759BC322782377D14368.d.F0A8300A51C11664D553F1292889ED39.e.185/click - {}
RESULT: {}
COMMAND: GET /session/ec564e3b89f6df84444473a03c3c8a8c/screenshot - {}
RESULT: {}
COMMAND: GET /session/ec564e3b89f6df84444473a03c3c8a8c/screenshot - {}
]]></system-out>
    </testcase>
    <testcase classname="chrome.140_0_7339_186.windows.Sanity_Tests" name="Should open Asset Warehouse page" time="26.799">
      <system-out><![CDATA[
COMMAND: POST /session/ec564e3b89f6df84444473a03c3c8a8c/execute/async - {"script":"<script> [21 bytes]","args":[{"selector":{"controlType":"sap.m.GenericTile","properties":{"header":"Asset Warehouse"}},"wdio_ui5_key":"sapm.GenericTile{\"header\":\"Asset Warehouse\"}"}]}
RESULT: {}
RESULT: {"script":"<script> [21 bytes]","args":[{"selector":{"controlType":"sap.m.GenericTile","properties":{"header":"Asset Warehouse"}},"wdio_ui5_key":"sapm.GenericTile{\"header\":\"Asset Warehouse\"}"}]}
RESULT: undefined
COMMAND: POST /session/ec564e3b89f6df84444473a03c3c8a8c/element - {"using":"xpath","value":"//*[@id=\"__tile55\"]"}
RESULT: {"using":"xpath","value":"//*[@id=\"__tile55\"]"}
COMMAND: POST /session/ec564e3b89f6df84444473a03c3c8a8c/element/f.604FC02F0BE9759BC322782377D14368.d.F0A8300A51C11664D553F1292889ED39.e.283/click - {}
RESULT: {}
COMMAND: GET /session/ec564e3b89f6df84444473a03c3c8a8c/screenshot - {}
RESULT: {}
RESULT: undefined
COMMAND: POST /session/ec564e3b89f6df84444473a03c3c8a8c/element - {"using":"xpath","value":"//*[@id=\"__tile55\"]"}
RESULT: {"using":"xpath","value":"//*[@id=\"__tile55\"]"}
COMMAND: POST /session/ec564e3b89f6df84444473a03c3c8a8c/element/f.604FC02F0BE9759BC322782377D14368.d.F0A8300A51C11664D553F1292889ED39.e.461/click - {}
RESULT: undefined
COMMAND: POST /session/ec564e3b89f6df84444473a03c3c8a8c/element - {"using":"xpath","value":"//*[@id=\"__tile55\"]"}
RESULT: {"using":"xpath","value":"//*[@id=\"__tile55\"]"}
COMMAND: POST /session/ec564e3b89f6df84444473a03c3c8a8c/element/f.604FC02F0BE9759BC322782377D14368.d.F0A8300A51C11664D553F1292889ED39.e.461/click - {}
RESULT: undefined
COMMAND: POST /session/ec564e3b89f6df84444473a03c3c8a8c/execute/async - {"script":"<script> [21 bytes]","args":[{"element-6066-11e4-a52e-4f735466cecf":"f.604FC02F0BE9759BC322782377D14368.d.F0A8300A51C11664D553F1292889ED39.e.184"},"getTitle",[]]}
RESULT: {"script":"<script> [21 bytes]","args":[{"element-6066-11e4-a52e-4f735466cecf":"f.604FC02F0BE9759BC322782377D14368.d.F0A8300A51C11664D553F1292889ED39.e.184"},"getTitle",[]]}
RESULT: undefined
COMMAND: POST /session/ec564e3b89f6df84444473a03c3c8a8c/element/f.604FC02F0BE9759BC322782377D14368.d.F0A8300A51C11664D553F1292889ED39.e.185/click - {}
COMMAND: POST /session/ec564e3b89f6df84444473a03c3c8a8c/element - {"using":"xpath","value":"//*[@id=\"backBtn\"]"}
RESULT: {"using":"xpath","value":"//*[@id=\"backBtn\"]"}
COMMAND: POST /session/ec564e3b89f6df84444473a03c3c8a8c/element/f.604FC02F0BE9759BC322782377D14368.d.F0A8300A51C11664D553F1292889ED39.e.185/click - {}
COMMAND: POST /session/ec564e3b89f6df84444473a03c3c8a8c/element - {"using":"xpath","value":"//*[@id=\"backBtn\"]"}
RESULT: {"using":"xpath","value":"//*[@id=\"backBtn\"]"}
COMMAND: POST /session/ec564e3b89f6df84444473a03c3c8a8c/element/f.604FC02F0BE9759BC322782377D14368.d.F0A8300A51C11664D553F1292889ED39.e.462/click - {}
RESULT: {}
COMMAND: GET /session/ec564e3b89f6df84444473a03c3c8a8c/screenshot - {}
RESULT: {}
COMMAND: GET /session/ec564e3b89f6df84444473a03c3c8a8c/screenshot - {}
COMMAND: DELETE /session/ec564e3b89f6df84444473a03c3c8a8c - {}
RESULT: {}
RESULT: {}
]]></system-out>
    </testcase>
  </testsuite>
</testsuites>