<?xml version="1.0" encoding="UTF-8"?>
<testsuites tests="3" failures="0" errors="0" skipped="0">
  <testsuite timestamp="2025-10-03T22:04:52" time="135.093" tests="3" failures="0" errors="0" skipped="0">
    <properties>
      <property name="specId" value="0"/>
      <property name="suiteName" value="Sanity Tests"/>
      <property name="capabilities" value="chrome.140_0_7339_208.windows"/>
      <property name="file" value="file:///D:/a/1/s/test/specs/General/sanity.spec.js"/>
    </properties>
    <testcase classname="chrome.140_0_7339_208.windows.Sanity_Tests" name="Should open Funding Asset page" time="27.819">
      <system-out><![CDATA[
COMMAND: POST /session/84ae402e97e66f5321e8075bc35bb824/execute/async - {"script":"<script> [21 bytes]","args":[{"selector":{"controlType":"sap.m.GenericTile","properties":{"header":"Funding Asset"}},"wdio_ui5_key":"sapm.GenericTile{\"header\":\"Funding Asset\"}"}]}
RESULT: {"script":"<script> [21 bytes]","args":[{"selector":{"controlType":"sap.m.GenericTile","properties":{"header":"Funding Asset"}},"wdio_ui5_key":"sapm.GenericTile{\"header\":\"Funding Asset\"}"}]}
RESULT: undefined
COMMAND: POST /session/84ae402e97e66f5321e8075bc35bb824/element - {"using":"xpath","value":"//*[@id=\"__tile53\"]"}
RESULT: {"using":"xpath","value":"//*[@id=\"__tile53\"]"}
COMMAND: POST /session/84ae402e97e66f5321e8075bc35bb824/element/f.E125757063D9149FE84E8339C42AFD33.d.6A90C42C58CAB16F12A8FF84A3988AD4.e.69/click - {}
RESULT: {}
COMMAND: GET /session/84ae402e97e66f5321e8075bc35bb824/screenshot - {}
RESULT: {}
RESULT: undefined
COMMAND: POST /session/84ae402e97e66f5321e8075bc35bb824/element - {"using":"xpath","value":"//*[@id=\"__tile53\"]"}
RESULT: {"using":"xpath","value":"//*[@id=\"__tile53\"]"}
COMMAND: POST /session/84ae402e97e66f5321e8075bc35bb824/element/f.E125757063D9149FE84E8339C42AFD33.d.6A90C42C58CAB16F12A8FF84A3988AD4.e.211/click - {}
RESULT: undefined
COMMAND: POST /session/84ae402e97e66f5321e8075bc35bb824/element - {"using":"xpath","value":"//*[@id=\"__tile53\"]"}
RESULT: {"using":"xpath","value":"//*[@id=\"__tile53\"]"}
COMMAND: POST /session/84ae402e97e66f5321e8075bc35bb824/element/f.E125757063D9149FE84E8339C42AFD33.d.6A90C42C58CAB16F12A8FF84A3988AD4.e.211/click - {}
COMMAND: POST /session/84ae402e97e66f5321e8075bc35bb824/execute/async - {"script":"<script> [21 bytes]","args":[{"selector":{"id":"shellAppTitle"},"wdio_ui5_key":"shellAppTitle"}]}
RESULT: {"script":"<script> [21 bytes]","args":[{"selector":{"id":"shellAppTitle"},"wdio_ui5_key":"shellAppTitle"}]}
RESULT: undefined
COMMAND: POST /session/84ae402e97e66f5321e8075bc35bb824/execute/async - {"script":"<script> [21 bytes]","args":[{"element-6066-11e4-a52e-4f735466cecf":"f.E125757063D9149FE84E8339C42AFD33.d.6A90C42C58CAB16F12A8FF84A3988AD4.e.214"},"getTitle",[]]}
RESULT: {"script":"<script> [21 bytes]","args":[{"element-6066-11e4-a52e-4f735466cecf":"f.E125757063D9149FE84E8339C42AFD33.d.6A90C42C58CAB16F12A8FF84A3988AD4.e.214"},"getTitle",[]]}
COMMAND: POST /session/84ae402e97e66f5321e8075bc35bb824/execute/async - {"script":"<script> [21 bytes]","args":[{"selector":{"id":"backBtn"},"wdio_ui5_key":"backBtn"}]}
RESULT: {"script":"<script> [21 bytes]","args":[{"selector":{"id":"backBtn"},"wdio_ui5_key":"backBtn"}]}
RESULT: undefined
COMMAND: POST /session/84ae402e97e66f5321e8075bc35bb824/element - {"using":"xpath","value":"//*[@id=\"backBtn\"]"}
RESULT: {"using":"xpath","value":"//*[@id=\"backBtn\"]"}
COMMAND: POST /session/84ae402e97e66f5321e8075bc35bb824/element/f.E125757063D9149FE84E8339C42AFD33.d.6A90C42C58CAB16F12A8FF84A3988AD4.e.215/click - {}
RESULT: {}
COMMAND: GET /session/84ae402e97e66f5321e8075bc35bb824/screenshot - {}
RESULT: {}
COMMAND: GET /session/84ae402e97e66f5321e8075bc35bb824/screenshot - {}
]]></system-out>
    </testcase>
    <testcase classname="chrome.140_0_7339_208.windows.Sanity_Tests" name="Should open Funding Debtor page" time="25.398">
      <system-out><![CDATA[
RESULT: {}
COMMAND: POST /session/84ae402e97e66f5321e8075bc35bb824/execute/async - {"script":"<script> [21 bytes]","args":[{"selector":{"controlType":"sap.m.GenericTile","properties":{"header":"Funding Debtor"}},"wdio_ui5_key":"sapm.GenericTile{\"header\":\"Funding Debtor\"}"}]}
RESULT: {"script":"<script> [21 bytes]","args":[{"selector":{"controlType":"sap.m.GenericTile","properties":{"header":"Funding Debtor"}},"wdio_ui5_key":"sapm.GenericTile{\"header\":\"Funding Debtor\"}"}]}
RESULT: undefined
COMMAND: POST /session/84ae402e97e66f5321e8075bc35bb824/element - {"using":"xpath","value":"//*[@id=\"__tile54\"]"}
RESULT: {"using":"xpath","value":"//*[@id=\"__tile54\"]"}
COMMAND: POST /session/84ae402e97e66f5321e8075bc35bb824/element/f.E125757063D9149FE84E8339C42AFD33.d.6A90C42C58CAB16F12A8FF84A3988AD4.e.219/click - {}
RESULT: {}
COMMAND: GET /session/84ae402e97e66f5321e8075bc35bb824/screenshot - {}
RESULT: {}
RESULT: undefined
COMMAND: POST /session/84ae402e97e66f5321e8075bc35bb824/element - {"using":"xpath","value":"//*[@id=\"__tile54\"]"}
RESULT: {"using":"xpath","value":"//*[@id=\"__tile54\"]"}
COMMAND: POST /session/84ae402e97e66f5321e8075bc35bb824/element/f.E125757063D9149FE84E8339C42AFD33.d.6A90C42C58CAB16F12A8FF84A3988AD4.e.307/click - {}
RESULT: undefined
COMMAND: POST /session/84ae402e97e66f5321e8075bc35bb824/element - {"using":"xpath","value":"//*[@id=\"__tile54\"]"}
RESULT: {"using":"xpath","value":"//*[@id=\"__tile54\"]"}
COMMAND: POST /session/84ae402e97e66f5321e8075bc35bb824/element/f.E125757063D9149FE84E8339C42AFD33.d.6A90C42C58CAB16F12A8FF84A3988AD4.e.307/click - {}
RESULT: undefined
COMMAND: POST /session/84ae402e97e66f5321e8075bc35bb824/execute/async - {"script":"<script> [21 bytes]","args":[{"element-6066-11e4-a52e-4f735466cecf":"f.E125757063D9149FE84E8339C42AFD33.d.6A90C42C58CAB16F12A8FF84A3988AD4.e.214"},"getTitle",[]]}
RESULT: {"script":"<script> [21 bytes]","args":[{"element-6066-11e4-a52e-4f735466cecf":"f.E125757063D9149FE84E8339C42AFD33.d.6A90C42C58CAB16F12A8FF84A3988AD4.e.214"},"getTitle",[]]}
RESULT: undefined
COMMAND: POST /session/84ae402e97e66f5321e8075bc35bb824/element/f.E125757063D9149FE84E8339C42AFD33.d.6A90C42C58CAB16F12A8FF84A3988AD4.e.215/click - {}
RESULT: {}
COMMAND: GET /session/84ae402e97e66f5321e8075bc35bb824/screenshot - {}
RESULT: {}
COMMAND: GET /session/84ae402e97e66f5321e8075bc35bb824/screenshot - {}
]]></system-out>
    </testcase>
    <testcase classname="chrome.140_0_7339_208.windows.Sanity_Tests" name="Should open Asset Warehouse page" time="26.234">
      <system-out><![CDATA[
COMMAND: POST /session/84ae402e97e66f5321e8075bc35bb824/execute/async - {"script":"<script> [21 bytes]","args":[{"selector":{"controlType":"sap.m.GenericTile","properties":{"header":"Asset Warehouse"}},"wdio_ui5_key":"sapm.GenericTile{\"header\":\"Asset Warehouse\"}"}]}
RESULT: {}
RESULT: {"script":"<script> [21 bytes]","args":[{"selector":{"controlType":"sap.m.GenericTile","properties":{"header":"Asset Warehouse"}},"wdio_ui5_key":"sapm.GenericTile{\"header\":\"Asset Warehouse\"}"}]}
RESULT: undefined
COMMAND: POST /session/84ae402e97e66f5321e8075bc35bb824/element - {"using":"xpath","value":"//*[@id=\"__tile55\"]"}
RESULT: {"using":"xpath","value":"//*[@id=\"__tile55\"]"}
COMMAND: POST /session/84ae402e97e66f5321e8075bc35bb824/element/f.E125757063D9149FE84E8339C42AFD33.d.6A90C42C58CAB16F12A8FF84A3988AD4.e.312/click - {}
RESULT: {}
COMMAND: GET /session/84ae402e97e66f5321e8075bc35bb824/screenshot - {}
RESULT: {}
RESULT: undefined
COMMAND: POST /session/84ae402e97e66f5321e8075bc35bb824/element - {"using":"xpath","value":"//*[@id=\"__tile55\"]"}
RESULT: {"using":"xpath","value":"//*[@id=\"__tile55\"]"}
COMMAND: POST /session/84ae402e97e66f5321e8075bc35bb824/element/f.E125757063D9149FE84E8339C42AFD33.d.6A90C42C58CAB16F12A8FF84A3988AD4.e.404/click - {}
RESULT: undefined
COMMAND: POST /session/84ae402e97e66f5321e8075bc35bb824/element - {"using":"xpath","value":"//*[@id=\"__tile55\"]"}
RESULT: {"using":"xpath","value":"//*[@id=\"__tile55\"]"}
COMMAND: POST /session/84ae402e97e66f5321e8075bc35bb824/element/f.E125757063D9149FE84E8339C42AFD33.d.6A90C42C58CAB16F12A8FF84A3988AD4.e.404/click - {}
RESULT: undefined
COMMAND: POST /session/84ae402e97e66f5321e8075bc35bb824/execute/async - {"script":"<script> [21 bytes]","args":[{"element-6066-11e4-a52e-4f735466cecf":"f.E125757063D9149FE84E8339C42AFD33.d.6A90C42C58CAB16F12A8FF84A3988AD4.e.214"},"getTitle",[]]}
RESULT: {"script":"<script> [21 bytes]","args":[{"element-6066-11e4-a52e-4f735466cecf":"f.E125757063D9149FE84E8339C42AFD33.d.6A90C42C58CAB16F12A8FF84A3988AD4.e.214"},"getTitle",[]]}
RESULT: undefined
COMMAND: POST /session/84ae402e97e66f5321e8075bc35bb824/element/f.E125757063D9149FE84E8339C42AFD33.d.6A90C42C58CAB16F12A8FF84A3988AD4.e.215/click - {}
COMMAND: POST /session/84ae402e97e66f5321e8075bc35bb824/element - {"using":"xpath","value":"//*[@id=\"backBtn\"]"}
RESULT: {"using":"xpath","value":"//*[@id=\"backBtn\"]"}
COMMAND: POST /session/84ae402e97e66f5321e8075bc35bb824/element/f.E125757063D9149FE84E8339C42AFD33.d.6A90C42C58CAB16F12A8FF84A3988AD4.e.215/click - {}
COMMAND: POST /session/84ae402e97e66f5321e8075bc35bb824/element - {"using":"xpath","value":"//*[@id=\"backBtn\"]"}
RESULT: {"using":"xpath","value":"//*[@id=\"backBtn\"]"}
COMMAND: POST /session/84ae402e97e66f5321e8075bc35bb824/element/f.E125757063D9149FE84E8339C42AFD33.d.6A90C42C58CAB16F12A8FF84A3988AD4.e.410/click - {}
RESULT: {}
COMMAND: GET /session/84ae402e97e66f5321e8075bc35bb824/screenshot - {}
RESULT: {}
COMMAND: GET /session/84ae402e97e66f5321e8075bc35bb824/screenshot - {}
COMMAND: DELETE /session/84ae402e97e66f5321e8075bc35bb824 - {}
RESULT: {}
RESULT: {}
]]></system-out>
    </testcase>
  </testsuite>
</testsuites>