<?xml version="1.0" encoding="UTF-8"?>
<testsuites tests="3" failures="0" errors="0" skipped="0">
  <testsuite timestamp="2025-09-02T22:04:17" time="130.018" tests="3" failures="0" errors="0" skipped="0">
    <properties>
      <property name="specId" value="0"/>
      <property name="suiteName" value="Sanity Tests"/>
      <property name="capabilities" value="chrome.139_0_7258_155.windows"/>
      <property name="file" value="file:///D:/a/1/s/test/specs/General/sanity.spec.js"/>
    </properties>
    <testcase classname="chrome.139_0_7258_155.windows.Sanity_Tests" name="Should open Funding Asset page" time="26.698">
      <system-out><![CDATA[
COMMAND: POST /session/4cc2655dae23bb0056f93029916a5561/execute/async - {"script":"<script> [21 bytes]","args":[{"selector":{"controlType":"sap.m.GenericTile","properties":{"header":"Funding Asset"}},"wdio_ui5_key":"sapm.GenericTile{\"header\":\"Funding Asset\"}"}]}
RESULT: {"script":"<script> [21 bytes]","args":[{"selector":{"controlType":"sap.m.GenericTile","properties":{"header":"Funding Asset"}},"wdio_ui5_key":"sapm.GenericTile{\"header\":\"Funding Asset\"}"}]}
RESULT: undefined
COMMAND: POST /session/4cc2655dae23bb0056f93029916a5561/element - {"using":"xpath","value":"//*[@id=\"__tile53\"]"}
RESULT: {"using":"xpath","value":"//*[@id=\"__tile53\"]"}
COMMAND: POST /session/4cc2655dae23bb0056f93029916a5561/element/f.ADF0C7676623E1F008E232848727EEDB.d.EC01CF2C7A74B97B83823492B02AD10A.e.74/click - {}
RESULT: {}
COMMAND: GET /session/4cc2655dae23bb0056f93029916a5561/screenshot - {}
RESULT: {}
RESULT: undefined
COMMAND: POST /session/4cc2655dae23bb0056f93029916a5561/element - {"using":"xpath","value":"//*[@id=\"__tile53\"]"}
RESULT: {"using":"xpath","value":"//*[@id=\"__tile53\"]"}
COMMAND: POST /session/4cc2655dae23bb0056f93029916a5561/element/f.ADF0C7676623E1F008E232848727EEDB.d.EC01CF2C7A74B97B83823492B02AD10A.e.184/click - {}
RESULT: undefined
COMMAND: POST /session/4cc2655dae23bb0056f93029916a5561/element - {"using":"xpath","value":"//*[@id=\"__tile53\"]"}
RESULT: {"using":"xpath","value":"//*[@id=\"__tile53\"]"}
COMMAND: POST /session/4cc2655dae23bb0056f93029916a5561/element/f.ADF0C7676623E1F008E232848727EEDB.d.EC01CF2C7A74B97B83823492B02AD10A.e.184/click - {}
COMMAND: POST /session/4cc2655dae23bb0056f93029916a5561/execute/async - {"script":"<script> [21 bytes]","args":[{"selector":{"id":"shellAppTitle"},"wdio_ui5_key":"shellAppTitle"}]}
RESULT: {"script":"<script> [21 bytes]","args":[{"selector":{"id":"shellAppTitle"},"wdio_ui5_key":"shellAppTitle"}]}
RESULT: undefined
COMMAND: POST /session/4cc2655dae23bb0056f93029916a5561/execute/async - {"script":"<script> [21 bytes]","args":[{"element-6066-11e4-a52e-4f735466cecf":"f.ADF0C7676623E1F008E232848727EEDB.d.EC01CF2C7A74B97B83823492B02AD10A.e.219"},"getTitle",[]]}
RESULT: {"script":"<script> [21 bytes]","args":[{"element-6066-11e4-a52e-4f735466cecf":"f.ADF0C7676623E1F008E232848727EEDB.d.EC01CF2C7A74B97B83823492B02AD10A.e.219"},"getTitle",[]]}
COMMAND: POST /session/4cc2655dae23bb0056f93029916a5561/execute/async - {"script":"<script> [21 bytes]","args":[{"selector":{"id":"backBtn"},"wdio_ui5_key":"backBtn"}]}
RESULT: {"script":"<script> [21 bytes]","args":[{"selector":{"id":"backBtn"},"wdio_ui5_key":"backBtn"}]}
RESULT: undefined
COMMAND: POST /session/4cc2655dae23bb0056f93029916a5561/element - {"using":"xpath","value":"//*[@id=\"backBtn\"]"}
RESULT: {"using":"xpath","value":"//*[@id=\"backBtn\"]"}
COMMAND: POST /session/4cc2655dae23bb0056f93029916a5561/element/f.ADF0C7676623E1F008E232848727EEDB.d.EC01CF2C7A74B97B83823492B02AD10A.e.220/click - {}
RESULT: {}
COMMAND: GET /session/4cc2655dae23bb0056f93029916a5561/screenshot - {}
RESULT: {}
COMMAND: GET /session/4cc2655dae23bb0056f93029916a5561/screenshot - {}
]]></system-out>
    </testcase>
    <testcase classname="chrome.139_0_7258_155.windows.Sanity_Tests" name="Should open Funding Debtor page" time="25.819">
      <system-out><![CDATA[
COMMAND: POST /session/4cc2655dae23bb0056f93029916a5561/execute/async - {"script":"<script> [21 bytes]","args":[{"selector":{"controlType":"sap.m.GenericTile","properties":{"header":"Funding Debtor"}},"wdio_ui5_key":"sapm.GenericTile{\"header\":\"Funding Debtor\"}"}]}
RESULT: {}
RESULT: {"script":"<script> [21 bytes]","args":[{"selector":{"controlType":"sap.m.GenericTile","properties":{"header":"Funding Debtor"}},"wdio_ui5_key":"sapm.GenericTile{\"header\":\"Funding Debtor\"}"}]}
RESULT: undefined
COMMAND: POST /session/4cc2655dae23bb0056f93029916a5561/element - {"using":"xpath","value":"//*[@id=\"__tile54\"]"}
RESULT: {"using":"xpath","value":"//*[@id=\"__tile54\"]"}
COMMAND: POST /session/4cc2655dae23bb0056f93029916a5561/element/f.ADF0C7676623E1F008E232848727EEDB.d.EC01CF2C7A74B97B83823492B02AD10A.e.223/click - {}
RESULT: {}
COMMAND: GET /session/4cc2655dae23bb0056f93029916a5561/screenshot - {}
RESULT: {}
RESULT: undefined
COMMAND: POST /session/4cc2655dae23bb0056f93029916a5561/element - {"using":"xpath","value":"//*[@id=\"__tile54\"]"}
RESULT: {"using":"xpath","value":"//*[@id=\"__tile54\"]"}
COMMAND: POST /session/4cc2655dae23bb0056f93029916a5561/element/f.ADF0C7676623E1F008E232848727EEDB.d.EC01CF2C7A74B97B83823492B02AD10A.e.309/click - {}
RESULT: undefined
COMMAND: POST /session/4cc2655dae23bb0056f93029916a5561/element - {"using":"xpath","value":"//*[@id=\"__tile54\"]"}
RESULT: {"using":"xpath","value":"//*[@id=\"__tile54\"]"}
COMMAND: POST /session/4cc2655dae23bb0056f93029916a5561/element/f.ADF0C7676623E1F008E232848727EEDB.d.EC01CF2C7A74B97B83823492B02AD10A.e.309/click - {}
RESULT: undefined
COMMAND: POST /session/4cc2655dae23bb0056f93029916a5561/execute/async - {"script":"<script> [21 bytes]","args":[{"element-6066-11e4-a52e-4f735466cecf":"f.ADF0C7676623E1F008E232848727EEDB.d.EC01CF2C7A74B97B83823492B02AD10A.e.219"},"getTitle",[]]}
RESULT: {"script":"<script> [21 bytes]","args":[{"element-6066-11e4-a52e-4f735466cecf":"f.ADF0C7676623E1F008E232848727EEDB.d.EC01CF2C7A74B97B83823492B02AD10A.e.219"},"getTitle",[]]}
RESULT: undefined
COMMAND: POST /session/4cc2655dae23bb0056f93029916a5561/element/f.ADF0C7676623E1F008E232848727EEDB.d.EC01CF2C7A74B97B83823492B02AD10A.e.220/click - {}
RESULT: {}
COMMAND: GET /session/4cc2655dae23bb0056f93029916a5561/screenshot - {}
RESULT: {}
COMMAND: GET /session/4cc2655dae23bb0056f93029916a5561/screenshot - {}
]]></system-out>
    </testcase>
    <testcase classname="chrome.139_0_7258_155.windows.Sanity_Tests" name="Should open Asset Warehouse page" time="26.856">
      <system-out><![CDATA[
COMMAND: POST /session/4cc2655dae23bb0056f93029916a5561/execute/async - {"script":"<script> [21 bytes]","args":[{"selector":{"controlType":"sap.m.GenericTile","properties":{"header":"Asset Warehouse"}},"wdio_ui5_key":"sapm.GenericTile{\"header\":\"Asset Warehouse\"}"}]}
RESULT: {}
RESULT: {"script":"<script> [21 bytes]","args":[{"selector":{"controlType":"sap.m.GenericTile","properties":{"header":"Asset Warehouse"}},"wdio_ui5_key":"sapm.GenericTile{\"header\":\"Asset Warehouse\"}"}]}
RESULT: undefined
COMMAND: POST /session/4cc2655dae23bb0056f93029916a5561/element - {"using":"xpath","value":"//*[@id=\"__tile55\"]"}
RESULT: {"using":"xpath","value":"//*[@id=\"__tile55\"]"}
COMMAND: POST /session/4cc2655dae23bb0056f93029916a5561/element/f.ADF0C7676623E1F008E232848727EEDB.d.EC01CF2C7A74B97B83823492B02AD10A.e.316/click - {}
RESULT: {}
COMMAND: GET /session/4cc2655dae23bb0056f93029916a5561/screenshot - {}
RESULT: {}
RESULT: undefined
COMMAND: POST /session/4cc2655dae23bb0056f93029916a5561/element - {"using":"xpath","value":"//*[@id=\"__tile55\"]"}
RESULT: {"using":"xpath","value":"//*[@id=\"__tile55\"]"}
COMMAND: POST /session/4cc2655dae23bb0056f93029916a5561/element/f.ADF0C7676623E1F008E232848727EEDB.d.EC01CF2C7A74B97B83823492B02AD10A.e.413/click - {}
RESULT: undefined
COMMAND: POST /session/4cc2655dae23bb0056f93029916a5561/element - {"using":"xpath","value":"//*[@id=\"__tile55\"]"}
RESULT: {"using":"xpath","value":"//*[@id=\"__tile55\"]"}
COMMAND: POST /session/4cc2655dae23bb0056f93029916a5561/element/f.ADF0C7676623E1F008E232848727EEDB.d.EC01CF2C7A74B97B83823492B02AD10A.e.413/click - {}
RESULT: undefined
COMMAND: POST /session/4cc2655dae23bb0056f93029916a5561/execute/async - {"script":"<script> [21 bytes]","args":[{"element-6066-11e4-a52e-4f735466cecf":"f.ADF0C7676623E1F008E232848727EEDB.d.EC01CF2C7A74B97B83823492B02AD10A.e.219"},"getTitle",[]]}
RESULT: {"script":"<script> [21 bytes]","args":[{"element-6066-11e4-a52e-4f735466cecf":"f.ADF0C7676623E1F008E232848727EEDB.d.EC01CF2C7A74B97B83823492B02AD10A.e.219"},"getTitle",[]]}
RESULT: undefined
COMMAND: POST /session/4cc2655dae23bb0056f93029916a5561/element/f.ADF0C7676623E1F008E232848727EEDB.d.EC01CF2C7A74B97B83823492B02AD10A.e.220/click - {}
COMMAND: POST /session/4cc2655dae23bb0056f93029916a5561/element - {"using":"xpath","value":"//*[@id=\"backBtn\"]"}
RESULT: {"using":"xpath","value":"//*[@id=\"backBtn\"]"}
COMMAND: POST /session/4cc2655dae23bb0056f93029916a5561/element/f.ADF0C7676623E1F008E232848727EEDB.d.EC01CF2C7A74B97B83823492B02AD10A.e.220/click - {}
COMMAND: POST /session/4cc2655dae23bb0056f93029916a5561/element - {"using":"xpath","value":"//*[@id=\"backBtn\"]"}
RESULT: {"using":"xpath","value":"//*[@id=\"backBtn\"]"}
COMMAND: POST /session/4cc2655dae23bb0056f93029916a5561/element/f.ADF0C7676623E1F008E232848727EEDB.d.EC01CF2C7A74B97B83823492B02AD10A.e.419/click - {}
RESULT: {}
COMMAND: GET /session/4cc2655dae23bb0056f93029916a5561/screenshot - {}
RESULT: {}
COMMAND: GET /session/4cc2655dae23bb0056f93029916a5561/screenshot - {}
COMMAND: DELETE /session/4cc2655dae23bb0056f93029916a5561 - {}
RESULT: {}
RESULT: {}
]]></system-out>
    </testcase>
  </testsuite>
</testsuites>