<?xml version="1.0" encoding="UTF-8"?>
<testsuites tests="3" failures="0" errors="0" skipped="0">
  <testsuite timestamp="2025-08-15T22:03:33" time="141.467" tests="3" failures="0" errors="0" skipped="0">
    <properties>
      <property name="specId" value="0"/>
      <property name="suiteName" value="Sanity Tests"/>
      <property name="capabilities" value="chrome.139_0_7258_67.windows"/>
      <property name="file" value="file:///D:/a/1/s/test/specs/General/sanity.spec.js"/>
    </properties>
    <testcase classname="chrome.139_0_7258_67.windows.Sanity_Tests" name="Should open Funding Asset page" time="27.968">
      <system-out><![CDATA[
COMMAND: POST /session/876d2846b7fe3f2c3f2c45f9aedcf95a/execute/async - {"script":"<script> [21 bytes]","args":[{"selector":{"controlType":"sap.m.GenericTile","properties":{"header":"Funding Asset"}},"wdio_ui5_key":"sapm.GenericTile{\"header\":\"Funding Asset\"}"}]}
RESULT: {"script":"<script> [21 bytes]","args":[{"selector":{"controlType":"sap.m.GenericTile","properties":{"header":"Funding Asset"}},"wdio_ui5_key":"sapm.GenericTile{\"header\":\"Funding Asset\"}"}]}
RESULT: undefined
COMMAND: POST /session/876d2846b7fe3f2c3f2c45f9aedcf95a/element - {"using":"xpath","value":"//*[@id=\"__tile53\"]"}
RESULT: {"using":"xpath","value":"//*[@id=\"__tile53\"]"}
COMMAND: POST /session/876d2846b7fe3f2c3f2c45f9aedcf95a/element/f.0DF891F943BCDCE945572DE064D091AA.d.8A00FCA6D195D5BF9F240CB62820CC7A.e.78/click - {}
RESULT: {}
COMMAND: GET /session/876d2846b7fe3f2c3f2c45f9aedcf95a/screenshot - {}
RESULT: {}
RESULT: undefined
COMMAND: POST /session/876d2846b7fe3f2c3f2c45f9aedcf95a/element - {"using":"xpath","value":"//*[@id=\"__tile53\"]"}
RESULT: {"using":"xpath","value":"//*[@id=\"__tile53\"]"}
COMMAND: POST /session/876d2846b7fe3f2c3f2c45f9aedcf95a/element/f.0DF891F943BCDCE945572DE064D091AA.d.8A00FCA6D195D5BF9F240CB62820CC7A.e.190/click - {}
RESULT: undefined
COMMAND: POST /session/876d2846b7fe3f2c3f2c45f9aedcf95a/element - {"using":"xpath","value":"//*[@id=\"__tile53\"]"}
RESULT: {"using":"xpath","value":"//*[@id=\"__tile53\"]"}
COMMAND: POST /session/876d2846b7fe3f2c3f2c45f9aedcf95a/element/f.0DF891F943BCDCE945572DE064D091AA.d.8A00FCA6D195D5BF9F240CB62820CC7A.e.190/click - {}
COMMAND: POST /session/876d2846b7fe3f2c3f2c45f9aedcf95a/execute/async - {"script":"<script> [21 bytes]","args":[{"selector":{"id":"shellAppTitle"},"wdio_ui5_key":"shellAppTitle"}]}
RESULT: {"script":"<script> [21 bytes]","args":[{"selector":{"id":"shellAppTitle"},"wdio_ui5_key":"shellAppTitle"}]}
RESULT: undefined
COMMAND: POST /session/876d2846b7fe3f2c3f2c45f9aedcf95a/execute/async - {"script":"<script> [21 bytes]","args":[{"element-6066-11e4-a52e-4f735466cecf":"f.0DF891F943BCDCE945572DE064D091AA.d.8A00FCA6D195D5BF9F240CB62820CC7A.e.224"},"getTitle",[]]}
RESULT: {"script":"<script> [21 bytes]","args":[{"element-6066-11e4-a52e-4f735466cecf":"f.0DF891F943BCDCE945572DE064D091AA.d.8A00FCA6D195D5BF9F240CB62820CC7A.e.224"},"getTitle",[]]}
COMMAND: POST /session/876d2846b7fe3f2c3f2c45f9aedcf95a/execute/async - {"script":"<script> [21 bytes]","args":[{"selector":{"id":"backBtn"},"wdio_ui5_key":"backBtn"}]}
RESULT: {"script":"<script> [21 bytes]","args":[{"selector":{"id":"backBtn"},"wdio_ui5_key":"backBtn"}]}
RESULT: undefined
COMMAND: POST /session/876d2846b7fe3f2c3f2c45f9aedcf95a/element - {"using":"xpath","value":"//*[@id=\"backBtn\"]"}
RESULT: {"using":"xpath","value":"//*[@id=\"backBtn\"]"}
COMMAND: POST /session/876d2846b7fe3f2c3f2c45f9aedcf95a/element/f.0DF891F943BCDCE945572DE064D091AA.d.8A00FCA6D195D5BF9F240CB62820CC7A.e.225/click - {}
RESULT: {}
COMMAND: GET /session/876d2846b7fe3f2c3f2c45f9aedcf95a/screenshot - {}
RESULT: {}
COMMAND: GET /session/876d2846b7fe3f2c3f2c45f9aedcf95a/screenshot - {}
]]></system-out>
    </testcase>
    <testcase classname="chrome.139_0_7258_67.windows.Sanity_Tests" name="Should open Funding Debtor page" time="25.68">
      <system-out><![CDATA[
COMMAND: POST /session/876d2846b7fe3f2c3f2c45f9aedcf95a/execute/async - {"script":"<script> [21 bytes]","args":[{"selector":{"controlType":"sap.m.GenericTile","properties":{"header":"Funding Debtor"}},"wdio_ui5_key":"sapm.GenericTile{\"header\":\"Funding Debtor\"}"}]}
RESULT: {}
RESULT: {"script":"<script> [21 bytes]","args":[{"selector":{"controlType":"sap.m.GenericTile","properties":{"header":"Funding Debtor"}},"wdio_ui5_key":"sapm.GenericTile{\"header\":\"Funding Debtor\"}"}]}
RESULT: undefined
COMMAND: POST /session/876d2846b7fe3f2c3f2c45f9aedcf95a/element - {"using":"xpath","value":"//*[@id=\"__tile54\"]"}
RESULT: {"using":"xpath","value":"//*[@id=\"__tile54\"]"}
COMMAND: POST /session/876d2846b7fe3f2c3f2c45f9aedcf95a/element/f.0DF891F943BCDCE945572DE064D091AA.d.8A00FCA6D195D5BF9F240CB62820CC7A.e.229/click - {}
RESULT: {}
COMMAND: GET /session/876d2846b7fe3f2c3f2c45f9aedcf95a/screenshot - {}
RESULT: {}
RESULT: undefined
COMMAND: POST /session/876d2846b7fe3f2c3f2c45f9aedcf95a/element - {"using":"xpath","value":"//*[@id=\"__tile54\"]"}
RESULT: {"using":"xpath","value":"//*[@id=\"__tile54\"]"}
COMMAND: POST /session/876d2846b7fe3f2c3f2c45f9aedcf95a/element/f.0DF891F943BCDCE945572DE064D091AA.d.8A00FCA6D195D5BF9F240CB62820CC7A.e.229/click - {}
RESULT: {}
RESULT: undefined
COMMAND: POST /session/876d2846b7fe3f2c3f2c45f9aedcf95a/element - {"using":"xpath","value":"//*[@id=\"__tile54\"]"}
COMMAND: GET /session/876d2846b7fe3f2c3f2c45f9aedcf95a/screenshot - {}
RESULT: {"using":"xpath","value":"//*[@id=\"__tile54\"]"}
COMMAND: POST /session/876d2846b7fe3f2c3f2c45f9aedcf95a/element/f.0DF891F943BCDCE945572DE064D091AA.d.8A00FCA6D195D5BF9F240CB62820CC7A.e.229/click - {}
RESULT: {}
RESULT: {}
COMMAND: GET /session/876d2846b7fe3f2c3f2c45f9aedcf95a/screenshot - {}
RESULT: {}
RESULT: undefined
COMMAND: POST /session/876d2846b7fe3f2c3f2c45f9aedcf95a/execute/async - {"script":"<script> [21 bytes]","args":[{"element-6066-11e4-a52e-4f735466cecf":"f.0DF891F943BCDCE945572DE064D091AA.d.8A00FCA6D195D5BF9F240CB62820CC7A.e.224"},"getTitle",[]]}
RESULT: {"script":"<script> [21 bytes]","args":[{"element-6066-11e4-a52e-4f735466cecf":"f.0DF891F943BCDCE945572DE064D091AA.d.8A00FCA6D195D5BF9F240CB62820CC7A.e.224"},"getTitle",[]]}
RESULT: undefined
COMMAND: POST /session/876d2846b7fe3f2c3f2c45f9aedcf95a/element/f.0DF891F943BCDCE945572DE064D091AA.d.8A00FCA6D195D5BF9F240CB62820CC7A.e.225/click - {}
RESULT: {}
COMMAND: GET /session/876d2846b7fe3f2c3f2c45f9aedcf95a/screenshot - {}
RESULT: {}
COMMAND: GET /session/876d2846b7fe3f2c3f2c45f9aedcf95a/screenshot - {}
]]></system-out>
    </testcase>
    <testcase classname="chrome.139_0_7258_67.windows.Sanity_Tests" name="Should open Asset Warehouse page" time="27.933">
      <system-out><![CDATA[
COMMAND: POST /session/876d2846b7fe3f2c3f2c45f9aedcf95a/execute/async - {"script":"<script> [21 bytes]","args":[{"selector":{"controlType":"sap.m.GenericTile","properties":{"header":"Asset Warehouse"}},"wdio_ui5_key":"sapm.GenericTile{\"header\":\"Asset Warehouse\"}"}]}
RESULT: {}
RESULT: {"script":"<script> [21 bytes]","args":[{"selector":{"controlType":"sap.m.GenericTile","properties":{"header":"Asset Warehouse"}},"wdio_ui5_key":"sapm.GenericTile{\"header\":\"Asset Warehouse\"}"}]}
RESULT: undefined
COMMAND: POST /session/876d2846b7fe3f2c3f2c45f9aedcf95a/element - {"using":"xpath","value":"//*[@id=\"__tile55\"]"}
RESULT: {"using":"xpath","value":"//*[@id=\"__tile55\"]"}
COMMAND: POST /session/876d2846b7fe3f2c3f2c45f9aedcf95a/element/f.0DF891F943BCDCE945572DE064D091AA.d.8A00FCA6D195D5BF9F240CB62820CC7A.e.320/click - {}
RESULT: {}
COMMAND: GET /session/876d2846b7fe3f2c3f2c45f9aedcf95a/screenshot - {}
RESULT: {}
RESULT: undefined
COMMAND: POST /session/876d2846b7fe3f2c3f2c45f9aedcf95a/element - {"using":"xpath","value":"//*[@id=\"__tile55\"]"}
RESULT: {"using":"xpath","value":"//*[@id=\"__tile55\"]"}
COMMAND: POST /session/876d2846b7fe3f2c3f2c45f9aedcf95a/element/f.0DF891F943BCDCE945572DE064D091AA.d.8A00FCA6D195D5BF9F240CB62820CC7A.e.397/click - {}
RESULT: undefined
COMMAND: POST /session/876d2846b7fe3f2c3f2c45f9aedcf95a/element - {"using":"xpath","value":"//*[@id=\"__tile55\"]"}
RESULT: {"using":"xpath","value":"//*[@id=\"__tile55\"]"}
COMMAND: POST /session/876d2846b7fe3f2c3f2c45f9aedcf95a/element/f.0DF891F943BCDCE945572DE064D091AA.d.8A00FCA6D195D5BF9F240CB62820CC7A.e.397/click - {}
RESULT: undefined
COMMAND: POST /session/876d2846b7fe3f2c3f2c45f9aedcf95a/execute/async - {"script":"<script> [21 bytes]","args":[{"element-6066-11e4-a52e-4f735466cecf":"f.0DF891F943BCDCE945572DE064D091AA.d.8A00FCA6D195D5BF9F240CB62820CC7A.e.224"},"getTitle",[]]}
RESULT: {"script":"<script> [21 bytes]","args":[{"element-6066-11e4-a52e-4f735466cecf":"f.0DF891F943BCDCE945572DE064D091AA.d.8A00FCA6D195D5BF9F240CB62820CC7A.e.224"},"getTitle",[]]}
RESULT: undefined
COMMAND: POST /session/876d2846b7fe3f2c3f2c45f9aedcf95a/element/f.0DF891F943BCDCE945572DE064D091AA.d.8A00FCA6D195D5BF9F240CB62820CC7A.e.225/click - {}
COMMAND: POST /session/876d2846b7fe3f2c3f2c45f9aedcf95a/element - {"using":"xpath","value":"//*[@id=\"backBtn\"]"}
RESULT: {"using":"xpath","value":"//*[@id=\"backBtn\"]"}
COMMAND: POST /session/876d2846b7fe3f2c3f2c45f9aedcf95a/element/f.0DF891F943BCDCE945572DE064D091AA.d.8A00FCA6D195D5BF9F240CB62820CC7A.e.225/click - {}
COMMAND: POST /session/876d2846b7fe3f2c3f2c45f9aedcf95a/element - {"using":"xpath","value":"//*[@id=\"backBtn\"]"}
RESULT: {"using":"xpath","value":"//*[@id=\"backBtn\"]"}
COMMAND: POST /session/876d2846b7fe3f2c3f2c45f9aedcf95a/element/f.0DF891F943BCDCE945572DE064D091AA.d.8A00FCA6D195D5BF9F240CB62820CC7A.e.399/click - {}
RESULT: {}
COMMAND: GET /session/876d2846b7fe3f2c3f2c45f9aedcf95a/screenshot - {}
RESULT: {}
COMMAND: GET /session/876d2846b7fe3f2c3f2c45f9aedcf95a/screenshot - {}
COMMAND: DELETE /session/876d2846b7fe3f2c3f2c45f9aedcf95a - {}
RESULT: {}
RESULT: {}
]]></system-out>
    </testcase>
  </testsuite>
</testsuites>