<?xml version="1.0" encoding="UTF-8"?>
<testsuites tests="3" failures="0" errors="0" skipped="0">
  <testsuite timestamp="2025-08-19T22:03:43" time="135.701" tests="3" failures="0" errors="0" skipped="0">
    <properties>
      <property name="specId" value="0"/>
      <property name="suiteName" value="Sanity Tests"/>
      <property name="capabilities" value="chrome.139_0_7258_67.windows"/>
      <property name="file" value="file:///D:/a/1/s/test/specs/General/sanity.spec.js"/>
    </properties>
    <testcase classname="chrome.139_0_7258_67.windows.Sanity_Tests" name="Should open Funding Asset page" time="27.023">
      <system-out><![CDATA[
COMMAND: POST /session/fbdd99fc047e9325db1d88030a050df7/execute/async - {"script":"<script> [21 bytes]","args":[{"selector":{"controlType":"sap.m.GenericTile","properties":{"header":"Funding Asset"}},"wdio_ui5_key":"sapm.GenericTile{\"header\":\"Funding Asset\"}"}]}
RESULT: {"script":"<script> [21 bytes]","args":[{"selector":{"controlType":"sap.m.GenericTile","properties":{"header":"Funding Asset"}},"wdio_ui5_key":"sapm.GenericTile{\"header\":\"Funding Asset\"}"}]}
RESULT: undefined
COMMAND: POST /session/fbdd99fc047e9325db1d88030a050df7/element - {"using":"xpath","value":"//*[@id=\"__tile53\"]"}
RESULT: {"using":"xpath","value":"//*[@id=\"__tile53\"]"}
COMMAND: POST /session/fbdd99fc047e9325db1d88030a050df7/element/f.B0F6E34B6DD4E3BD299F67E7DA5F4026.d.8DB4E521009CF98DB2CF3AC948C05CCE.e.74/click - {}
RESULT: {}
COMMAND: GET /session/fbdd99fc047e9325db1d88030a050df7/screenshot - {}
RESULT: {}
RESULT: undefined
COMMAND: POST /session/fbdd99fc047e9325db1d88030a050df7/element - {"using":"xpath","value":"//*[@id=\"__tile53\"]"}
RESULT: {"using":"xpath","value":"//*[@id=\"__tile53\"]"}
COMMAND: POST /session/fbdd99fc047e9325db1d88030a050df7/element/f.B0F6E34B6DD4E3BD299F67E7DA5F4026.d.8DB4E521009CF98DB2CF3AC948C05CCE.e.184/click - {}
RESULT: undefined
COMMAND: POST /session/fbdd99fc047e9325db1d88030a050df7/element - {"using":"xpath","value":"//*[@id=\"__tile53\"]"}
RESULT: {"using":"xpath","value":"//*[@id=\"__tile53\"]"}
COMMAND: POST /session/fbdd99fc047e9325db1d88030a050df7/element/f.B0F6E34B6DD4E3BD299F67E7DA5F4026.d.8DB4E521009CF98DB2CF3AC948C05CCE.e.184/click - {}
COMMAND: POST /session/fbdd99fc047e9325db1d88030a050df7/execute/async - {"script":"<script> [21 bytes]","args":[{"selector":{"id":"shellAppTitle"},"wdio_ui5_key":"shellAppTitle"}]}
RESULT: {"script":"<script> [21 bytes]","args":[{"selector":{"id":"shellAppTitle"},"wdio_ui5_key":"shellAppTitle"}]}
RESULT: undefined
COMMAND: POST /session/fbdd99fc047e9325db1d88030a050df7/execute/async - {"script":"<script> [21 bytes]","args":[{"element-6066-11e4-a52e-4f735466cecf":"f.B0F6E34B6DD4E3BD299F67E7DA5F4026.d.8DB4E521009CF98DB2CF3AC948C05CCE.e.217"},"getTitle",[]]}
RESULT: {"script":"<script> [21 bytes]","args":[{"element-6066-11e4-a52e-4f735466cecf":"f.B0F6E34B6DD4E3BD299F67E7DA5F4026.d.8DB4E521009CF98DB2CF3AC948C05CCE.e.217"},"getTitle",[]]}
COMMAND: POST /session/fbdd99fc047e9325db1d88030a050df7/execute/async - {"script":"<script> [21 bytes]","args":[{"selector":{"id":"backBtn"},"wdio_ui5_key":"backBtn"}]}
RESULT: {"script":"<script> [21 bytes]","args":[{"selector":{"id":"backBtn"},"wdio_ui5_key":"backBtn"}]}
RESULT: undefined
COMMAND: POST /session/fbdd99fc047e9325db1d88030a050df7/element - {"using":"xpath","value":"//*[@id=\"backBtn\"]"}
RESULT: {"using":"xpath","value":"//*[@id=\"backBtn\"]"}
COMMAND: POST /session/fbdd99fc047e9325db1d88030a050df7/element/f.B0F6E34B6DD4E3BD299F67E7DA5F4026.d.8DB4E521009CF98DB2CF3AC948C05CCE.e.218/click - {}
RESULT: {}
COMMAND: GET /session/fbdd99fc047e9325db1d88030a050df7/screenshot - {}
RESULT: {}
COMMAND: GET /session/fbdd99fc047e9325db1d88030a050df7/screenshot - {}
]]></system-out>
    </testcase>
    <testcase classname="chrome.139_0_7258_67.windows.Sanity_Tests" name="Should open Funding Debtor page" time="26.25">
      <system-out><![CDATA[
COMMAND: POST /session/fbdd99fc047e9325db1d88030a050df7/execute/async - {"script":"<script> [21 bytes]","args":[{"selector":{"controlType":"sap.m.GenericTile","properties":{"header":"Funding Debtor"}},"wdio_ui5_key":"sapm.GenericTile{\"header\":\"Funding Debtor\"}"}]}
RESULT: {}
RESULT: {"script":"<script> [21 bytes]","args":[{"selector":{"controlType":"sap.m.GenericTile","properties":{"header":"Funding Debtor"}},"wdio_ui5_key":"sapm.GenericTile{\"header\":\"Funding Debtor\"}"}]}
RESULT: undefined
COMMAND: POST /session/fbdd99fc047e9325db1d88030a050df7/element - {"using":"xpath","value":"//*[@id=\"__tile54\"]"}
RESULT: {"using":"xpath","value":"//*[@id=\"__tile54\"]"}
COMMAND: POST /session/fbdd99fc047e9325db1d88030a050df7/element/f.B0F6E34B6DD4E3BD299F67E7DA5F4026.d.8DB4E521009CF98DB2CF3AC948C05CCE.e.223/click - {}
RESULT: {}
COMMAND: GET /session/fbdd99fc047e9325db1d88030a050df7/screenshot - {}
RESULT: {}
RESULT: undefined
COMMAND: POST /session/fbdd99fc047e9325db1d88030a050df7/element - {"using":"xpath","value":"//*[@id=\"__tile54\"]"}
RESULT: {"using":"xpath","value":"//*[@id=\"__tile54\"]"}
COMMAND: POST /session/fbdd99fc047e9325db1d88030a050df7/element/f.B0F6E34B6DD4E3BD299F67E7DA5F4026.d.8DB4E521009CF98DB2CF3AC948C05CCE.e.309/click - {}
RESULT: undefined
COMMAND: POST /session/fbdd99fc047e9325db1d88030a050df7/element - {"using":"xpath","value":"//*[@id=\"__tile54\"]"}
RESULT: {"using":"xpath","value":"//*[@id=\"__tile54\"]"}
COMMAND: POST /session/fbdd99fc047e9325db1d88030a050df7/element/f.B0F6E34B6DD4E3BD299F67E7DA5F4026.d.8DB4E521009CF98DB2CF3AC948C05CCE.e.309/click - {}
RESULT: undefined
COMMAND: POST /session/fbdd99fc047e9325db1d88030a050df7/execute/async - {"script":"<script> [21 bytes]","args":[{"element-6066-11e4-a52e-4f735466cecf":"f.B0F6E34B6DD4E3BD299F67E7DA5F4026.d.8DB4E521009CF98DB2CF3AC948C05CCE.e.217"},"getTitle",[]]}
RESULT: {"script":"<script> [21 bytes]","args":[{"element-6066-11e4-a52e-4f735466cecf":"f.B0F6E34B6DD4E3BD299F67E7DA5F4026.d.8DB4E521009CF98DB2CF3AC948C05CCE.e.217"},"getTitle",[]]}
RESULT: undefined
COMMAND: POST /session/fbdd99fc047e9325db1d88030a050df7/element/f.B0F6E34B6DD4E3BD299F67E7DA5F4026.d.8DB4E521009CF98DB2CF3AC948C05CCE.e.218/click - {}
RESULT: {}
COMMAND: GET /session/fbdd99fc047e9325db1d88030a050df7/screenshot - {}
RESULT: {}
COMMAND: GET /session/fbdd99fc047e9325db1d88030a050df7/screenshot - {}
]]></system-out>
    </testcase>
    <testcase classname="chrome.139_0_7258_67.windows.Sanity_Tests" name="Should open Asset Warehouse page" time="28.811">
      <system-out><![CDATA[
COMMAND: POST /session/fbdd99fc047e9325db1d88030a050df7/execute/async - {"script":"<script> [21 bytes]","args":[{"selector":{"controlType":"sap.m.GenericTile","properties":{"header":"Asset Warehouse"}},"wdio_ui5_key":"sapm.GenericTile{\"header\":\"Asset Warehouse\"}"}]}
RESULT: {}
RESULT: {"script":"<script> [21 bytes]","args":[{"selector":{"controlType":"sap.m.GenericTile","properties":{"header":"Asset Warehouse"}},"wdio_ui5_key":"sapm.GenericTile{\"header\":\"Asset Warehouse\"}"}]}
RESULT: undefined
COMMAND: POST /session/fbdd99fc047e9325db1d88030a050df7/element - {"using":"xpath","value":"//*[@id=\"__tile55\"]"}
RESULT: {"using":"xpath","value":"//*[@id=\"__tile55\"]"}
COMMAND: POST /session/fbdd99fc047e9325db1d88030a050df7/element/f.B0F6E34B6DD4E3BD299F67E7DA5F4026.d.8DB4E521009CF98DB2CF3AC948C05CCE.e.315/click - {}
RESULT: {}
COMMAND: GET /session/fbdd99fc047e9325db1d88030a050df7/screenshot - {}
RESULT: {}
RESULT: undefined
COMMAND: POST /session/fbdd99fc047e9325db1d88030a050df7/element - {"using":"xpath","value":"//*[@id=\"__tile55\"]"}
RESULT: {"using":"xpath","value":"//*[@id=\"__tile55\"]"}
COMMAND: POST /session/fbdd99fc047e9325db1d88030a050df7/element/f.B0F6E34B6DD4E3BD299F67E7DA5F4026.d.8DB4E521009CF98DB2CF3AC948C05CCE.e.518/click - {}
RESULT: undefined
COMMAND: POST /session/fbdd99fc047e9325db1d88030a050df7/element - {"using":"xpath","value":"//*[@id=\"__tile55\"]"}
RESULT: {"using":"xpath","value":"//*[@id=\"__tile55\"]"}
COMMAND: POST /session/fbdd99fc047e9325db1d88030a050df7/element/f.B0F6E34B6DD4E3BD299F67E7DA5F4026.d.8DB4E521009CF98DB2CF3AC948C05CCE.e.518/click - {}
RESULT: undefined
COMMAND: POST /session/fbdd99fc047e9325db1d88030a050df7/execute/async - {"script":"<script> [21 bytes]","args":[{"element-6066-11e4-a52e-4f735466cecf":"f.B0F6E34B6DD4E3BD299F67E7DA5F4026.d.8DB4E521009CF98DB2CF3AC948C05CCE.e.217"},"getTitle",[]]}
RESULT: {"script":"<script> [21 bytes]","args":[{"element-6066-11e4-a52e-4f735466cecf":"f.B0F6E34B6DD4E3BD299F67E7DA5F4026.d.8DB4E521009CF98DB2CF3AC948C05CCE.e.217"},"getTitle",[]]}
RESULT: undefined
COMMAND: POST /session/fbdd99fc047e9325db1d88030a050df7/element/f.B0F6E34B6DD4E3BD299F67E7DA5F4026.d.8DB4E521009CF98DB2CF3AC948C05CCE.e.218/click - {}
COMMAND: POST /session/fbdd99fc047e9325db1d88030a050df7/element - {"using":"xpath","value":"//*[@id=\"backBtn\"]"}
RESULT: {"using":"xpath","value":"//*[@id=\"backBtn\"]"}
COMMAND: POST /session/fbdd99fc047e9325db1d88030a050df7/element/f.B0F6E34B6DD4E3BD299F67E7DA5F4026.d.8DB4E521009CF98DB2CF3AC948C05CCE.e.218/click - {}
COMMAND: POST /session/fbdd99fc047e9325db1d88030a050df7/element - {"using":"xpath","value":"//*[@id=\"backBtn\"]"}
RESULT: {"using":"xpath","value":"//*[@id=\"backBtn\"]"}
COMMAND: POST /session/fbdd99fc047e9325db1d88030a050df7/element/f.B0F6E34B6DD4E3BD299F67E7DA5F4026.d.8DB4E521009CF98DB2CF3AC948C05CCE.e.520/click - {}
RESULT: {}
COMMAND: GET /session/fbdd99fc047e9325db1d88030a050df7/screenshot - {}
RESULT: {}
COMMAND: GET /session/fbdd99fc047e9325db1d88030a050df7/screenshot - {}
COMMAND: DELETE /session/fbdd99fc047e9325db1d88030a050df7 - {}
RESULT: {}
RESULT: {}
]]></system-out>
    </testcase>
  </testsuite>
</testsuites>