<?xml version="1.0" encoding="UTF-8"?>
<testsuites tests="9" failures="4" errors="4" skipped="4">
  <testsuite timestamp="2025-08-16T23:44:58" time="104.444" tests="9" failures="4" errors="4" skipped="4">
    <properties>
      <property name="specId" value="0"/>
      <property name="suiteName" value="Funding Debtor"/>
      <property name="capabilities" value="chrome.139_0_7258_67.windows"/>
      <property name="file" value="file:///D:/a/1/s/test/specs/BusinessObjects/FundingDebtor.spec.js"/>
    </properties>
    <testcase classname="chrome.139_0_7258_67.windows.Funding_Debtor" name="Should create asset" time="11.657">
      <skipped/>
      <system-out><![CDATA[
COMMAND: POST /session/3c2d3dec65f06084d67cc91ae5f8addb/execute/async - {"script":"<script> [21 bytes]","args":[{"selector":{"controlType":"sap.m.GenericTile","properties":{"header":"Funding Asset"}},"wdio_ui5_key":"sapm.GenericTile{\"header\":\"Funding Asset\"}"}]}
RESULT: {"script":"<script> [21 bytes]","args":[{"selector":{"controlType":"sap.m.GenericTile","properties":{"header":"Funding Asset"}},"wdio_ui5_key":"sapm.GenericTile{\"header\":\"Funding Asset\"}"}]}
RESULT: undefined
COMMAND: POST /session/3c2d3dec65f06084d67cc91ae5f8addb/execute/async - {"script":"<script> [21 bytes]","args":[{"selector":{"id":"rfm.assetui::xRFMxCU_AssetList--fe::table::allTab::LineItem::StandardAction::Create","controlType":"sap.m.Button"},"wdio_ui5_key":"rfmassetui::xRFMxCU_AssetList--fe::table::allTab::LineItem::StandardAction::Createsap.m.Button"}]}
RESULT: {"script":"<script> [21 bytes]","args":[{"selector":{"id":"rfm.assetui::xRFMxCU_AssetList--fe::table::allTab::LineItem::StandardAction::Create","controlType":"sap.m.Button"},"wdio_ui5_key":"rfmassetui::xRFMxCU_AssetList--fe::table::allTab::LineItem::StandardAction::Createsap.m.Button"}]}
RESULT: undefined
COMMAND: POST /session/3c2d3dec65f06084d67cc91ae5f8addb/execute/async - {"script":"<script> [21 bytes]","args":[{"selector":{"id":"CreateDialog::xRFMxCU_AssetType::AssetIdExtern-inner","controlType":"sap.ui.mdc.field.FieldInput","searchOpenDialogs":true},"wdio_ui5_key":"CreateDialogxRFMxCU_AssetType::AssetIdExtern-innersap.ui.mdc.field.FieldInput"}]}
RESULT: {"script":"<script> [21 bytes]","args":[{"selector":{"id":"CreateDialog::xRFMxCU_AssetType::AssetIdExtern-inner","controlType":"sap.ui.mdc.field.FieldInput","searchOpenDialogs":true},"wdio_ui5_key":"CreateDialogxRFMxCU_AssetType::AssetIdExtern-innersap.ui.mdc.field.FieldInput"}]}
RESULT: undefined
COMMAND: GET /session/3c2d3dec65f06084d67cc91ae5f8addb/screenshot - {}
COMMAND: GET /session/3c2d3dec65f06084d67cc91ae5f8addb/screenshot - {}
RESULT: {}
RESULT: {}
]]></system-out>
      <system-err><![CDATA[
TypeError: inputField.setValue is not a function
    at exports.fillField (D:\a\1\s\test\utils\utils.js:73:22)
    at async Context.<anonymous> (D:\a\1\s\test\specs\BusinessObjects\FundingDebtor.spec.js:32:18)
]]></system-err>
    </testcase>
    <testcase classname="chrome.139_0_7258_67.windows.Funding_Debtor" name="Should create asset" time="10.338">
      <failure/>
      <error message="inputField.setValue is not a function"/>
      <system-out><![CDATA[
RESULT: undefined
RESULT: undefined
RESULT: undefined
COMMAND: GET /session/3c2d3dec65f06084d67cc91ae5f8addb/screenshot - {}
COMMAND: GET /session/3c2d3dec65f06084d67cc91ae5f8addb/screenshot - {}
RESULT: {}
RESULT: {}
]]></system-out>
      <system-err><![CDATA[
TypeError: inputField.setValue is not a function
    at exports.fillField (D:\a\1\s\test\utils\utils.js:73:22)
    at async Context.<anonymous> (D:\a\1\s\test\specs\BusinessObjects\FundingDebtor.spec.js:32:18)
]]></system-err>
    </testcase>
    <testcase classname="chrome.139_0_7258_67.windows.Funding_Debtor" name="Should filter created asset for Partner Id" time="8.019">
      <skipped/>
      <system-out><![CDATA[
COMMAND: GET /session/3c2d3dec65f06084d67cc91ae5f8addb/screenshot - {}
COMMAND: POST /session/3c2d3dec65f06084d67cc91ae5f8addb/execute/async - {"script":"<script> [21 bytes]","args":[{"selector":{"controlType":"sap.m.GenericTile","properties":{"header":"Funding Debtor"}},"wdio_ui5_key":"sapm.GenericTile{\"header\":\"Funding Debtor\"}"}]}
RESULT: {}
RESULT: {"script":"<script> [21 bytes]","args":[{"selector":{"controlType":"sap.m.GenericTile","properties":{"header":"Funding Debtor"}},"wdio_ui5_key":"sapm.GenericTile{\"header\":\"Funding Debtor\"}"}]}
RESULT: undefined
COMMAND: POST /session/3c2d3dec65f06084d67cc91ae5f8addb/execute/async - {"script":"<script> [21 bytes]","args":[{"selector":{"id":"rfm.debtorui::xRFMxCU_DebtorList--fe::FilterBar::xRFMxCU_Debtor::FilterField::PartnerNumber-inner","interaction":{"idSuffix":"inner"}},"wdio_ui5_key":"rfmdebtorui::xRFMxCU_DebtorList--fe::FilterBar::xRFMxCU_Debtor::FilterField::PartnerNumber-inner"}]}
RESULT: {"script":"<script> [21 bytes]","args":[{"selector":{"id":"rfm.debtorui::xRFMxCU_DebtorList--fe::FilterBar::xRFMxCU_Debtor::FilterField::PartnerNumber-inner","interaction":{"idSuffix":"inner"}},"wdio_ui5_key":"rfmdebtorui::xRFMxCU_DebtorList--fe::FilterBar::xRFMxCU_Debtor::FilterField::PartnerNumber-inner"}]}
RESULT: undefined
COMMAND: POST /session/3c2d3dec65f06084d67cc91ae5f8addb/execute/async - {"script":"<script> [21 bytes]","args":[{"selector":{"id":"rfm.debtorui::xRFMxCU_DebtorList--fe::FilterBar::xRFMxCU_Debtor-btnSearch","interaction":{"idSuffix":"BDI-content"}},"wdio_ui5_key":"rfmdebtorui::xRFMxCU_DebtorList--fe::FilterBar::xRFMxCU_Debtor-btnSearch"}]}
RESULT: {"script":"<script> [21 bytes]","args":[{"selector":{"id":"rfm.debtorui::xRFMxCU_DebtorList--fe::FilterBar::xRFMxCU_Debtor-btnSearch","interaction":{"idSuffix":"BDI-content"}},"wdio_ui5_key":"rfmdebtorui::xRFMxCU_DebtorList--fe::FilterBar::xRFMxCU_Debtor-btnSearch"}]}
RESULT: undefined
COMMAND: POST /session/3c2d3dec65f06084d67cc91ae5f8addb/execute/async - {"script":"<script> [21 bytes]","args":[{"selector":{"controlType":"sap.m.Text","viewName":"sap.fe.templates.ListReport.ListReport","viewId":"rfm.debtorui::xRFMxCU_DebtorList","bindingPath":{"path":"/xRFMxCU_Debtor('117363007')","propertyPath":"PartnerNumber"}},"wdio_ui5_key":"sapfe.templates.ListReport.ListReportsap.m.Text{\"path\":\"/xRFMxCU_Debtor('117363007')\",\"propertyPath\":\"PartnerNumber\"}"}]}
RESULT: {"script":"<script> [21 bytes]","args":[{"selector":{"controlType":"sap.m.Text","viewName":"sap.fe.templates.ListReport.ListReport","viewId":"rfm.debtorui::xRFMxCU_DebtorList","bindingPath":{"path":"/xRFMxCU_Debtor('117363007')","propertyPath":"PartnerNumber"}},"wdio_ui5_key":"sapfe.templates.ListReport.ListReportsap.m.Text{\"path\":\"/xRFMxCU_Debtor('117363007')\",\"propertyPath\":\"PartnerNumber\"}"}]}
RESULT: undefined
COMMAND: GET /session/3c2d3dec65f06084d67cc91ae5f8addb/screenshot - {}
COMMAND: GET /session/3c2d3dec65f06084d67cc91ae5f8addb/screenshot - {}
RESULT: {}
RESULT: {}
]]></system-out>
      <system-err><![CDATA[
Error: expect(received).toEqual(expected) // deep equality

Expected: "117363007"
Received: undefined
    at Context.<anonymous> (D:\a\1\s\test\specs\BusinessObjects\FundingDebtor.spec.js:524:30)
]]></system-err>
    </testcase>
    <testcase classname="chrome.139_0_7258_67.windows.Funding_Debtor" name="Should filter created asset for Partner Id" time="5.348">
      <failure/>
      <error message="expect(received).toEqual(expected) // deep equality&#xA;&#xA;Expected: &quot;117363007&quot;&#xA;Received: undefined"/>
      <system-out><![CDATA[
RESULT: undefined
RESULT: undefined
RESULT: undefined
RESULT: undefined
COMMAND: GET /session/3c2d3dec65f06084d67cc91ae5f8addb/screenshot - {}
COMMAND: GET /session/3c2d3dec65f06084d67cc91ae5f8addb/screenshot - {}
RESULT: {}
RESULT: {}
]]></system-out>
      <system-err><![CDATA[
Error: expect(received).toEqual(expected) // deep equality

Expected: "117363007"
Received: undefined
    at Context.<anonymous> (D:\a\1\s\test\specs\BusinessObjects\FundingDebtor.spec.js:524:30)
]]></system-err>
    </testcase>
    <testcase classname="chrome.139_0_7258_67.windows.Funding_Debtor" name="Should go through all sections" time="12.393">
      <system-out><![CDATA[
COMMAND: GET /session/3c2d3dec65f06084d67cc91ae5f8addb/screenshot - {}
COMMAND: POST /session/3c2d3dec65f06084d67cc91ae5f8addb/execute/async - {"script":"<script> [21 bytes]","args":[{"selector":{"id":"rfm.debtorui::xRFMxCU_DebtorObjectPage--fe::ObjectPage-anchBar-rfm.debtorui::xRFMxCU_DebtorObjectPage--fe::FacetSection::Rating-anchor"},"wdio_ui5_key":"rfmdebtorui::xRFMxCU_DebtorObjectPage--fe::ObjectPage-anchBar-rfm.debtorui::xRFMxCU_DebtorObjectPage--fe::FacetSection::Rating-anchor"}]}
RESULT: {}
RESULT: {"script":"<script> [21 bytes]","args":[{"selector":{"id":"rfm.debtorui::xRFMxCU_DebtorObjectPage--fe::ObjectPage-anchBar-rfm.debtorui::xRFMxCU_DebtorObjectPage--fe::FacetSection::Rating-anchor"},"wdio_ui5_key":"rfmdebtorui::xRFMxCU_DebtorObjectPage--fe::ObjectPage-anchBar-rfm.debtorui::xRFMxCU_DebtorObjectPage--fe::FacetSection::Rating-anchor"}]}
RESULT: undefined
COMMAND: POST /session/3c2d3dec65f06084d67cc91ae5f8addb/execute/async - {"script":"<script> [21 bytes]","args":[{"selector":{"id":"rfm.debtorui::xRFMxCU_DebtorObjectPage--fe::ObjectPage-anchBar-rfm.debtorui::xRFMxCU_DebtorObjectPage--fe::FacetSection::Assets-anchor"},"wdio_ui5_key":"rfmdebtorui::xRFMxCU_DebtorObjectPage--fe::ObjectPage-anchBar-rfm.debtorui::xRFMxCU_DebtorObjectPage--fe::FacetSection::Assets-anchor"}]}
RESULT: {"script":"<script> [21 bytes]","args":[{"selector":{"id":"rfm.debtorui::xRFMxCU_DebtorObjectPage--fe::ObjectPage-anchBar-rfm.debtorui::xRFMxCU_DebtorObjectPage--fe::FacetSection::Assets-anchor"},"wdio_ui5_key":"rfmdebtorui::xRFMxCU_DebtorObjectPage--fe::ObjectPage-anchBar-rfm.debtorui::xRFMxCU_DebtorObjectPage--fe::FacetSection::Assets-anchor"}]}
RESULT: undefined
COMMAND: POST /session/3c2d3dec65f06084d67cc91ae5f8addb/execute/async - {"script":"<script> [21 bytes]","args":[{"selector":{"id":"rfm.debtorui::xRFMxCU_DebtorObjectPage--fe::ObjectPage-anchBar-rfm.debtorui::xRFMxCU_DebtorObjectPage--fe::FacetSection::CustomerFields-anchor"},"wdio_ui5_key":"rfmdebtorui::xRFMxCU_DebtorObjectPage--fe::ObjectPage-anchBar-rfm.debtorui::xRFMxCU_DebtorObjectPage--fe::FacetSection::CustomerFields-anchor"}]}
RESULT: {"script":"<script> [21 bytes]","args":[{"selector":{"id":"rfm.debtorui::xRFMxCU_DebtorObjectPage--fe::ObjectPage-anchBar-rfm.debtorui::xRFMxCU_DebtorObjectPage--fe::FacetSection::CustomerFields-anchor"},"wdio_ui5_key":"rfmdebtorui::xRFMxCU_DebtorObjectPage--fe::ObjectPage-anchBar-rfm.debtorui::xRFMxCU_DebtorObjectPage--fe::FacetSection::CustomerFields-anchor"}]}
RESULT: undefined
COMMAND: POST /session/3c2d3dec65f06084d67cc91ae5f8addb/execute/async - {"script":"<script> [21 bytes]","args":[{"selector":{"id":"rfm.debtorui::xRFMxCU_DebtorObjectPage--fe::ObjectPage-anchBar-rfm.debtorui::xRFMxCU_DebtorObjectPage--fe::FacetSection::ChangeInfo-anchor"},"wdio_ui5_key":"rfmdebtorui::xRFMxCU_DebtorObjectPage--fe::ObjectPage-anchBar-rfm.debtorui::xRFMxCU_DebtorObjectPage--fe::FacetSection::ChangeInfo-anchor"}]}
RESULT: {"script":"<script> [21 bytes]","args":[{"selector":{"id":"rfm.debtorui::xRFMxCU_DebtorObjectPage--fe::ObjectPage-anchBar-rfm.debtorui::xRFMxCU_DebtorObjectPage--fe::FacetSection::ChangeInfo-anchor"},"wdio_ui5_key":"rfmdebtorui::xRFMxCU_DebtorObjectPage--fe::ObjectPage-anchBar-rfm.debtorui::xRFMxCU_DebtorObjectPage--fe::FacetSection::ChangeInfo-anchor"}]}
RESULT: undefined
COMMAND: POST /session/3c2d3dec65f06084d67cc91ae5f8addb/execute/async - {"script":"<script> [21 bytes]","args":[{"selector":{"id":"rfm.debtorui::xRFMxCU_DebtorObjectPage--fe::ObjectPage-anchBar-rfm.debtorui::xRFMxCU_DebtorObjectPage--fe::FacetSection::Details-anchor"},"wdio_ui5_key":"rfmdebtorui::xRFMxCU_DebtorObjectPage--fe::ObjectPage-anchBar-rfm.debtorui::xRFMxCU_DebtorObjectPage--fe::FacetSection::Details-anchor"}]}
RESULT: {"script":"<script> [21 bytes]","args":[{"selector":{"id":"rfm.debtorui::xRFMxCU_DebtorObjectPage--fe::ObjectPage-anchBar-rfm.debtorui::xRFMxCU_DebtorObjectPage--fe::FacetSection::Details-anchor"},"wdio_ui5_key":"rfmdebtorui::xRFMxCU_DebtorObjectPage--fe::ObjectPage-anchBar-rfm.debtorui::xRFMxCU_DebtorObjectPage--fe::FacetSection::Details-anchor"}]}
RESULT: undefined
COMMAND: GET /session/3c2d3dec65f06084d67cc91ae5f8addb/screenshot - {}
]]></system-out>
    </testcase>
    <testcase classname="chrome.139_0_7258_67.windows.Funding_Debtor" name="Should check navigation to created Asset" time="1.225">
      <skipped/>
      <system-out><![CDATA[
RESULT: undefined
COMMAND: POST /session/3c2d3dec65f06084d67cc91ae5f8addb/execute/async - {"script":"<script> [21 bytes]","args":[{"selector":{"controlType":"sap.ui.core.Icon","viewName":"sap.fe.templates.ObjectPage.ObjectPage","viewId":"rfm.debtorui::xRFMxCU_DebtorObjectPage","properties":{"src":{"regex":{"source":"navigation\\-right\\-arrow"}}}},"wdio_ui5_key":"sapfe.templates.ObjectPage.ObjectPagesap.ui.core.Icon{\"src\":{\"regex\":{\"source\":\"navigation\\\\-right\\\\-arrow\"}}}"}]}
RESULT: {}
RESULT: {"script":"<script> [21 bytes]","args":[{"selector":{"controlType":"sap.ui.core.Icon","viewName":"sap.fe.templates.ObjectPage.ObjectPage","viewId":"rfm.debtorui::xRFMxCU_DebtorObjectPage","properties":{"src":{"regex":{"source":"navigation\\-right\\-arrow"}}}},"wdio_ui5_key":"sapfe.templates.ObjectPage.ObjectPagesap.ui.core.Icon{\"src\":{\"regex\":{\"source\":\"navigation\\\\-right\\\\-arrow\"}}}"}]}
RESULT: undefined
COMMAND: POST /session/3c2d3dec65f06084d67cc91ae5f8addb/execute/async - {"script":"<script> [21 bytes]","args":[{"selector":{"controlType":"sap.m.Title","viewName":"sap.fe.templates.ObjectPage.ObjectPage","viewId":"rfm.assetui::xRFMxCU_AssetObjectPage","bindingPath":{"path":"/xRFMxCU_Asset(AssetId=,IsActiveEntity=true)","propertyPath":"AssetIdExtern"}},"wdio_ui5_key":"sapfe.templates.ObjectPage.ObjectPagesap.m.Title{\"path\":\"/xRFMxCU_Asset(AssetId=,IsActiveEntity=true)\",\"propertyPath\":\"AssetIdExtern\"}"}]}
RESULT: {"script":"<script> [21 bytes]","args":[{"selector":{"controlType":"sap.m.Title","viewName":"sap.fe.templates.ObjectPage.ObjectPage","viewId":"rfm.assetui::xRFMxCU_AssetObjectPage","bindingPath":{"path":"/xRFMxCU_Asset(AssetId=,IsActiveEntity=true)","propertyPath":"AssetIdExtern"}},"wdio_ui5_key":"sapfe.templates.ObjectPage.ObjectPagesap.m.Title{\"path\":\"/xRFMxCU_Asset(AssetId=,IsActiveEntity=true)\",\"propertyPath\":\"AssetIdExtern\"}"}]}
RESULT: undefined
COMMAND: GET /session/3c2d3dec65f06084d67cc91ae5f8addb/screenshot - {}
COMMAND: GET /session/3c2d3dec65f06084d67cc91ae5f8addb/screenshot - {}
RESULT: {}
]]></system-out>
      <system-err><![CDATA[
Error: expect(received).toEqual(expected) // deep equality

Expected: "WDIO_Debtor_2025-08-16"
Received: undefined
    at Context.<anonymous> (D:\a\1\s\test\specs\BusinessObjects\FundingDebtor.spec.js:625:38)
]]></system-err>
    </testcase>
    <testcase classname="chrome.139_0_7258_67.windows.Funding_Debtor" name="Should check navigation to created Asset" time="0.52">
      <failure/>
      <error message="expect(received).toEqual(expected) // deep equality&#xA;&#xA;Expected: &quot;WDIO_Debtor_2025-08-16&quot;&#xA;Received: undefined"/>
      <system-out><![CDATA[
RESULT: undefined
RESULT: undefined
RESULT: undefined
COMMAND: GET /session/3c2d3dec65f06084d67cc91ae5f8addb/screenshot - {}
COMMAND: GET /session/3c2d3dec65f06084d67cc91ae5f8addb/screenshot - {}
RESULT: {}
RESULT: {}
RESULT: {}
]]></system-out>
      <system-err><![CDATA[
Error: expect(received).toEqual(expected) // deep equality

Expected: "WDIO_Debtor_2025-08-16"
Received: undefined
    at Context.<anonymous> (D:\a\1\s\test\specs\BusinessObjects\FundingDebtor.spec.js:625:38)
]]></system-err>
    </testcase>
    <testcase classname="chrome.139_0_7258_67.windows.Funding_Debtor" name="Should delete created Asset and check Assets section from Debtor" time="4.152">
      <skipped/>
      <system-out><![CDATA[
COMMAND: POST /session/3c2d3dec65f06084d67cc91ae5f8addb/execute/async - {"script":"<script> [21 bytes]","args":[{"selector":{"id":"rfm.assetui::xRFMxCU_AssetObjectPage--fe::StandardAction::Delete","interaction":{"idSuffix":"BDI-content"}},"wdio_ui5_key":"rfmassetui::xRFMxCU_AssetObjectPage--fe::StandardAction::Delete"}]}
COMMAND: GET /session/3c2d3dec65f06084d67cc91ae5f8addb/screenshot - {}
RESULT: {"script":"<script> [21 bytes]","args":[{"selector":{"id":"rfm.assetui::xRFMxCU_AssetObjectPage--fe::StandardAction::Delete","interaction":{"idSuffix":"BDI-content"}},"wdio_ui5_key":"rfmassetui::xRFMxCU_AssetObjectPage--fe::StandardAction::Delete"}]}
RESULT: undefined
COMMAND: POST /session/3c2d3dec65f06084d67cc91ae5f8addb/execute/async - {"script":"<script> [21 bytes]","args":[{"forceSelect":true,"selector":{"controlType":"sap.m.Button","properties":{"text":"Delete"},"searchOpenDialogs":true,"interaction":{"idSuffix":"BDI-content"}},"wdio_ui5_key":"sapm.Button{\"text\":\"Delete\"}"}]}
RESULT: {}
RESULT: {"script":"<script> [21 bytes]","args":[{"forceSelect":true,"selector":{"controlType":"sap.m.Button","properties":{"text":"Delete"},"searchOpenDialogs":true,"interaction":{"idSuffix":"BDI-content"}},"wdio_ui5_key":"sapm.Button{\"text\":\"Delete\"}"}]}
RESULT: undefined
COMMAND: POST /session/3c2d3dec65f06084d67cc91ae5f8addb/execute/async - {"script":"<script> [21 bytes]","args":[{"selector":{"id":"backBtn"},"wdio_ui5_key":"backBtn"}]}
RESULT: {"script":"<script> [21 bytes]","args":[{"selector":{"id":"backBtn"},"wdio_ui5_key":"backBtn"}]}
RESULT: undefined
RESULT: undefined
COMMAND: POST /session/3c2d3dec65f06084d67cc91ae5f8addb/execute/async - {"script":"<script> [21 bytes]","args":[{"selector":{"controlType":"sap.m.Title","viewName":"sap.fe.templates.ObjectPage.ObjectPage","viewId":"rfm.debtorui::xRFMxCU_DebtorObjectPage","properties":{"text":"No items available"}},"wdio_ui5_key":"sapfe.templates.ObjectPage.ObjectPagesap.m.Title{\"text\":\"No items available\"}"}]}
RESULT: {"script":"<script> [21 bytes]","args":[{"selector":{"controlType":"sap.m.Title","viewName":"sap.fe.templates.ObjectPage.ObjectPage","viewId":"rfm.debtorui::xRFMxCU_DebtorObjectPage","properties":{"text":"No items available"}},"wdio_ui5_key":"sapfe.templates.ObjectPage.ObjectPagesap.m.Title{\"text\":\"No items available\"}"}]}
RESULT: undefined
COMMAND: GET /session/3c2d3dec65f06084d67cc91ae5f8addb/screenshot - {}
COMMAND: GET /session/3c2d3dec65f06084d67cc91ae5f8addb/screenshot - {}
RESULT: {}
]]></system-out>
      <system-err><![CDATA[
Error: expect(received).toEqual(expected) // deep equality

Expected: "No items available"
Received: undefined
    at Context.<anonymous> (D:\a\1\s\test\specs\BusinessObjects\FundingDebtor.spec.js:682:46)
]]></system-err>
    </testcase>
    <testcase classname="chrome.139_0_7258_67.windows.Funding_Debtor" name="Should delete created Asset and check Assets section from Debtor" time="2.942">
      <failure/>
      <error message="expect(received).toEqual(expected) // deep equality&#xA;&#xA;Expected: &quot;No items available&quot;&#xA;Received: undefined"/>
      <system-out><![CDATA[
RESULT: undefined
COMMAND: POST /session/3c2d3dec65f06084d67cc91ae5f8addb/execute/async - {"script":"<script> [21 bytes]","args":[{"forceSelect":true,"selector":{"controlType":"sap.m.Button","properties":{"text":"Delete"},"searchOpenDialogs":true,"interaction":{"idSuffix":"BDI-content"}},"wdio_ui5_key":"sapm.Button{\"text\":\"Delete\"}"}]}
RESULT: {}
RESULT: {"script":"<script> [21 bytes]","args":[{"forceSelect":true,"selector":{"controlType":"sap.m.Button","properties":{"text":"Delete"},"searchOpenDialogs":true,"interaction":{"idSuffix":"BDI-content"}},"wdio_ui5_key":"sapm.Button{\"text\":\"Delete\"}"}]}
RESULT: undefined
RESULT: undefined
RESULT: undefined
RESULT: undefined
COMMAND: GET /session/3c2d3dec65f06084d67cc91ae5f8addb/screenshot - {}
COMMAND: GET /session/3c2d3dec65f06084d67cc91ae5f8addb/screenshot - {}
RESULT: {}
RESULT: {}
COMMAND: GET /session/3c2d3dec65f06084d67cc91ae5f8addb/screenshot - {}
COMMAND: DELETE /session/3c2d3dec65f06084d67cc91ae5f8addb - {}
COMMAND: GET /session/3c2d3dec65f06084d67cc91ae5f8addb/screenshot - {}
RESULT: {}
RESULT: {}
RESULT: {}
]]></system-out>
      <system-err><![CDATA[
Error: expect(received).toEqual(expected) // deep equality

Expected: "No items available"
Received: undefined
    at Context.<anonymous> (D:\a\1\s\test\specs\BusinessObjects\FundingDebtor.spec.js:682:46)
]]></system-err>
    </testcase>
  </testsuite>
</testsuites>