<?xml version="1.0" encoding="UTF-8"?>
<testsuites tests="17" failures="8" errors="8" skipped="8">
  <testsuite timestamp="2025-08-17T01:03:33" time="610.876" tests="17" failures="8" errors="8" skipped="8">
    <properties>
      <property name="specId" value="0"/>
      <property name="suiteName" value="FundingContract"/>
      <property name="capabilities" value="chrome.139_0_7258_67.windows"/>
      <property name="file" value="file:///D:/a/1/s/test/specs/BusinessObjects/FundingContract.spec.js"/>
    </properties>
    <testcase classname="chrome.139_0_7258_67.windows.FundingContract" name="Should create Program" time="76.52">
      <skipped/>
      <system-out><![CDATA[
COMMAND: POST /session/a8a149416626f66074a27941d72c7d2b/execute/async - {"script":"<script> [21 bytes]","args":[{"selector":{"controlType":"sap.m.GenericTile","properties":{"header":"Funding Program"}},"wdio_ui5_key":"sapm.GenericTile{\"header\":\"Funding Program\"}"}]}
RESULT: {"script":"<script> [21 bytes]","args":[{"selector":{"controlType":"sap.m.GenericTile","properties":{"header":"Funding Program"}},"wdio_ui5_key":"sapm.GenericTile{\"header\":\"Funding Program\"}"}]}
RESULT: undefined
COMMAND: POST /session/a8a149416626f66074a27941d72c7d2b/execute/async - {"script":"<script> [21 bytes]","args":[{"selector":{"id":"rfm.programui::xRFMxCU_ProgramList--fe::table::allTab::LineItem::StandardAction::Create","controlType":"sap.m.Button"},"wdio_ui5_key":"rfmprogramui::xRFMxCU_ProgramList--fe::table::allTab::LineItem::StandardAction::Createsap.m.Button"}]}
RESULT: {"script":"<script> [21 bytes]","args":[{"selector":{"id":"rfm.programui::xRFMxCU_ProgramList--fe::table::allTab::LineItem::StandardAction::Create","controlType":"sap.m.Button"},"wdio_ui5_key":"rfmprogramui::xRFMxCU_ProgramList--fe::table::allTab::LineItem::StandardAction::Createsap.m.Button"}]}
RESULT: undefined
COMMAND: POST /session/a8a149416626f66074a27941d72c7d2b/execute/async - {"script":"<script> [21 bytes]","args":[{"selector":{"id":"CreateDialog::xRFMxCU_ProgramType::FundingScope-inner","searchOpenDialogs":true,"interaction":{"idSuffix":"inner"}},"wdio_ui5_key":"CreateDialogxRFMxCU_ProgramType::FundingScope-inner"}]}
RESULT: {"script":"<script> [21 bytes]","args":[{"selector":{"id":"CreateDialog::xRFMxCU_ProgramType::FundingScope-inner","searchOpenDialogs":true,"interaction":{"idSuffix":"inner"}},"wdio_ui5_key":"CreateDialogxRFMxCU_ProgramType::FundingScope-inner"}]}
RESULT: undefined
COMMAND: POST /session/a8a149416626f66074a27941d72c7d2b/execute/async - {"script":"<script> [21 bytes]","args":[{"selector":{"id":"CreateDialog::xRFMxCU_ProgramType::ValidFrom-inner","searchOpenDialogs":true,"interaction":{"idSuffix":"inner"}},"wdio_ui5_key":"CreateDialogxRFMxCU_ProgramType::ValidFrom-inner"}]}
RESULT: {"script":"<script> [21 bytes]","args":[{"selector":{"id":"CreateDialog::xRFMxCU_ProgramType::ValidFrom-inner","searchOpenDialogs":true,"interaction":{"idSuffix":"inner"}},"wdio_ui5_key":"CreateDialogxRFMxCU_ProgramType::ValidFrom-inner"}]}
RESULT: undefined
COMMAND: POST /session/a8a149416626f66074a27941d72c7d2b/execute/async - {"script":"<script> [21 bytes]","args":[{"selector":{"id":"CreateDialog::xRFMxCU_ProgramType::PortfolioId-inner","searchOpenDialogs":true,"interaction":{"idSuffix":"inner"}},"wdio_ui5_key":"CreateDialogxRFMxCU_ProgramType::PortfolioId-inner"}]}
RESULT: {"script":"<script> [21 bytes]","args":[{"selector":{"id":"CreateDialog::xRFMxCU_ProgramType::PortfolioId-inner","searchOpenDialogs":true,"interaction":{"idSuffix":"inner"}},"wdio_ui5_key":"CreateDialogxRFMxCU_ProgramType::PortfolioId-inner"}]}
RESULT: undefined
COMMAND: POST /session/a8a149416626f66074a27941d72c7d2b/execute/async - {"script":"<script> [21 bytes]","args":[{"selector":{"controlType":"sap.m.Button","viewName":"sap.fe.templates.ObjectPage.ObjectPage","viewId":"rfm.programui::xRFMxCU_ProgramObjectPage","properties":{"text":"Continue"},"searchOpenDialogs":true,"interaction":{"idSuffix":"BDI-content"}},"wdio_ui5_key":"sapfe.templates.ObjectPage.ObjectPagesap.m.Button{\"text\":\"Continue\"}"}]}
RESULT: {"script":"<script> [21 bytes]","args":[{"selector":{"controlType":"sap.m.Button","viewName":"sap.fe.templates.ObjectPage.ObjectPage","viewId":"rfm.programui::xRFMxCU_ProgramObjectPage","properties":{"text":"Continue"},"searchOpenDialogs":true,"interaction":{"idSuffix":"BDI-content"}},"wdio_ui5_key":"sapfe.templates.ObjectPage.ObjectPagesap.m.Button{\"text\":\"Continue\"}"}]}
RESULT: undefined
COMMAND: POST /session/a8a149416626f66074a27941d72c7d2b/execute/async - {"script":"<script> [21 bytes]","args":[{"selector":{"id":"rfm.programui::xRFMxCU_ProgramObjectPage--fe::CustomSubSection::CustomDetailsSection--fe::FormContainer::FieldGroup::basicData1::FormElement::DataField::Currency::Field-edit-inner","interaction":{"idSuffix":"inner"}},"wdio_ui5_key":"rfmprogramui::xRFMxCU_ProgramObjectPage--fe::CustomSubSection::CustomDetailsSection--fe::FormContainer::FieldGroup::basicData1::FormElement::DataField::Currency::Field-edit-inner"}]}
RESULT: {"script":"<script> [21 bytes]","args":[{"selector":{"id":"rfm.programui::xRFMxCU_ProgramObjectPage--fe::CustomSubSection::CustomDetailsSection--fe::FormContainer::FieldGroup::basicData1::FormElement::DataField::Currency::Field-edit-inner","interaction":{"idSuffix":"inner"}},"wdio_ui5_key":"rfmprogramui::xRFMxCU_ProgramObjectPage--fe::CustomSubSection::CustomDetailsSection--fe::FormContainer::FieldGroup::basicData1::FormElement::DataField::Currency::Field-edit-inner"}]}
RESULT: undefined
COMMAND: POST /session/a8a149416626f66074a27941d72c7d2b/execute/async - {"script":"<script> [21 bytes]","args":[{"selector":{"id":"rfm.programui::xRFMxCU_ProgramObjectPage--fe::CustomSubSection::CustomDetailsSection--fe::FormContainer::FieldGroup::basicData1::FormElement::DataField::Volume::Field-edit-inner","interaction":{"idSuffix":"inner"}},"wdio_ui5_key":"rfmprogramui::xRFMxCU_ProgramObjectPage--fe::CustomSubSection::CustomDetailsSection--fe::FormContainer::FieldGroup::basicData1::FormElement::DataField::Volume::Field-edit-inner"}]}
RESULT: {"script":"<script> [21 bytes]","args":[{"selector":{"id":"rfm.programui::xRFMxCU_ProgramObjectPage--fe::CustomSubSection::CustomDetailsSection--fe::FormContainer::FieldGroup::basicData1::FormElement::DataField::Volume::Field-edit-inner","interaction":{"idSuffix":"inner"}},"wdio_ui5_key":"rfmprogramui::xRFMxCU_ProgramObjectPage--fe::CustomSubSection::CustomDetailsSection--fe::FormContainer::FieldGroup::basicData1::FormElement::DataField::Volume::Field-edit-inner"}]}
RESULT: undefined
COMMAND: POST /session/a8a149416626f66074a27941d72c7d2b/execute/async - {"script":"<script> [21 bytes]","args":[{"selector":{"id":"rfm.programui::xRFMxCU_ProgramObjectPage--fe::CustomSubSection::CustomDetailsSection--fe::FormContainer::FieldGroup::basicData1::FormElement::DataField::ValidTo::Field-edit","interaction":{"idSuffix":"inner"}},"wdio_ui5_key":"rfmprogramui::xRFMxCU_ProgramObjectPage--fe::CustomSubSection::CustomDetailsSection--fe::FormContainer::FieldGroup::basicData1::FormElement::DataField::ValidTo::Field-edit"}]}
RESULT: {"script":"<script> [21 bytes]","args":[{"selector":{"id":"rfm.programui::xRFMxCU_ProgramObjectPage--fe::CustomSubSection::CustomDetailsSection--fe::FormContainer::FieldGroup::basicData1::FormElement::DataField::ValidTo::Field-edit","interaction":{"idSuffix":"inner"}},"wdio_ui5_key":"rfmprogramui::xRFMxCU_ProgramObjectPage--fe::CustomSubSection::CustomDetailsSection--fe::FormContainer::FieldGroup::basicData1::FormElement::DataField::ValidTo::Field-edit"}]}
RESULT: undefined
COMMAND: POST /session/a8a149416626f66074a27941d72c7d2b/execute/async - {"script":"<script> [21 bytes]","args":[{"selector":{"id":"rfm.programui::xRFMxCU_ProgramObjectPage--fe::CustomSubSection::CustomDetailsSection--fe::FormContainer::FieldGroup::basicData2::FormElement::DataField::CompanyCode::Field-edit-inner","interaction":{"idSuffix":"inner"}},"wdio_ui5_key":"rfmprogramui::xRFMxCU_ProgramObjectPage--fe::CustomSubSection::CustomDetailsSection--fe::FormContainer::FieldGroup::basicData2::FormElement::DataField::CompanyCode::Field-edit-inner"}]}
RESULT: {"script":"<script> [21 bytes]","args":[{"selector":{"id":"rfm.programui::xRFMxCU_ProgramObjectPage--fe::CustomSubSection::CustomDetailsSection--fe::FormContainer::FieldGroup::basicData2::FormElement::DataField::CompanyCode::Field-edit-inner","interaction":{"idSuffix":"inner"}},"wdio_ui5_key":"rfmprogramui::xRFMxCU_ProgramObjectPage--fe::CustomSubSection::CustomDetailsSection--fe::FormContainer::FieldGroup::basicData2::FormElement::DataField::CompanyCode::Field-edit-inner"}]}
RESULT: undefined
COMMAND: POST /session/a8a149416626f66074a27941d72c7d2b/execute/async - {"script":"<script> [21 bytes]","args":[{"selector":{"id":"rfm.programui::xRFMxCU_ProgramObjectPage--fe::CustomSubSection::CustomDetailsSection--DetailsFundingTypesTable-content::StandardAction::Create","interaction":{"idSuffix":"BDI-content"}},"wdio_ui5_key":"rfmprogramui::xRFMxCU_ProgramObjectPage--fe::CustomSubSection::CustomDetailsSection--DetailsFundingTypesTable-content::StandardAction::Create"}]}
RESULT: {"script":"<script> [21 bytes]","args":[{"selector":{"id":"rfm.programui::xRFMxCU_ProgramObjectPage--fe::CustomSubSection::CustomDetailsSection--DetailsFundingTypesTable-content::StandardAction::Create","interaction":{"idSuffix":"BDI-content"}},"wdio_ui5_key":"rfmprogramui::xRFMxCU_ProgramObjectPage--fe::CustomSubSection::CustomDetailsSection--DetailsFundingTypesTable-content::StandardAction::Create"}]}
RESULT: undefined
COMMAND: POST /session/a8a149416626f66074a27941d72c7d2b/execute/async - {"script":"<script> [21 bytes]","args":[{"selector":{"id":"CreateDialog::xRFMxCU_ProgramFundingTypeType::FundingType-inner","searchOpenDialogs":true,"interaction":{"idSuffix":"inner"}},"wdio_ui5_key":"CreateDialogxRFMxCU_ProgramFundingTypeType::FundingType-inner"}]}
RESULT: {"script":"<script> [21 bytes]","args":[{"selector":{"id":"CreateDialog::xRFMxCU_ProgramFundingTypeType::FundingType-inner","searchOpenDialogs":true,"interaction":{"idSuffix":"inner"}},"wdio_ui5_key":"CreateDialogxRFMxCU_ProgramFundingTypeType::FundingType-inner"}]}
RESULT: undefined
COMMAND: POST /session/a8a149416626f66074a27941d72c7d2b/execute/async - {"script":"<script> [21 bytes]","args":[{"selector":{"id":"CreateDialog::xRFMxCU_Program::_AllowedFundingType-footer","searchOpenDialogs":true},"wdio_ui5_key":"CreateDialogxRFMxCU_Program::_AllowedFundingType-footer"}]}
RESULT: {"script":"<script> [21 bytes]","args":[{"selector":{"id":"CreateDialog::xRFMxCU_Program::_AllowedFundingType-footer","searchOpenDialogs":true},"wdio_ui5_key":"CreateDialogxRFMxCU_Program::_AllowedFundingType-footer"}]}
RESULT: undefined
RESULT: undefined
COMMAND: GET /session/a8a149416626f66074a27941d72c7d2b/screenshot - {}
COMMAND: GET /session/a8a149416626f66074a27941d72c7d2b/screenshot - {}
RESULT: {}
RESULT: {}
]]></system-out>
      <system-err><![CDATA[
Error: waitUntil condition failed with the following reason: continueButton.getEnabled is not a function
    at async Context.<anonymous> (D:\a\1\s\test\specs\BusinessObjects\FundingContract.spec.js:169:26)
]]></system-err>
    </testcase>
    <testcase classname="chrome.139_0_7258_67.windows.FundingContract" name="Should create Program" time="70.476">
      <failure/>
      <error message="waitUntil condition failed with the following reason: continueButton.getEnabled is not a function"/>
      <system-out><![CDATA[
RESULT: undefined
RESULT: undefined
RESULT: undefined
RESULT: undefined
RESULT: undefined
RESULT: undefined
RESULT: undefined
RESULT: undefined
RESULT: undefined
RESULT: undefined
RESULT: undefined
RESULT: undefined
RESULT: undefined
RESULT: undefined
COMMAND: GET /session/a8a149416626f66074a27941d72c7d2b/screenshot - {}
COMMAND: GET /session/a8a149416626f66074a27941d72c7d2b/screenshot - {}
RESULT: {}
RESULT: {}
COMMAND: GET /session/a8a149416626f66074a27941d72c7d2b/screenshot - {}
]]></system-out>
      <system-err><![CDATA[
Error: waitUntil condition failed with the following reason: continueButton.getEnabled is not a function
    at process.processTimers (node:internal/timers:516:9)
    at async Context.<anonymous> (D:\a\1\s\test\specs\BusinessObjects\FundingContract.spec.js:169:26)
]]></system-err>
    </testcase>
    <testcase classname="chrome.139_0_7258_67.windows.FundingContract" name="Should create asset" time="11.642">
      <skipped/>
      <system-out><![CDATA[
RESULT: {}
COMMAND: POST /session/a8a149416626f66074a27941d72c7d2b/execute/async - {"script":"<script> [21 bytes]","args":[{"selector":{"controlType":"sap.m.GenericTile","properties":{"header":"Funding Asset"}},"wdio_ui5_key":"sapm.GenericTile{\"header\":\"Funding Asset\"}"}]}
RESULT: {"script":"<script> [21 bytes]","args":[{"selector":{"controlType":"sap.m.GenericTile","properties":{"header":"Funding Asset"}},"wdio_ui5_key":"sapm.GenericTile{\"header\":\"Funding Asset\"}"}]}
RESULT: undefined
COMMAND: POST /session/a8a149416626f66074a27941d72c7d2b/execute/async - {"script":"<script> [21 bytes]","args":[{"selector":{"id":"rfm.assetui::xRFMxCU_AssetList--fe::table::allTab::LineItem::StandardAction::Create","controlType":"sap.m.Button"},"wdio_ui5_key":"rfmassetui::xRFMxCU_AssetList--fe::table::allTab::LineItem::StandardAction::Createsap.m.Button"}]}
RESULT: {"script":"<script> [21 bytes]","args":[{"selector":{"id":"rfm.assetui::xRFMxCU_AssetList--fe::table::allTab::LineItem::StandardAction::Create","controlType":"sap.m.Button"},"wdio_ui5_key":"rfmassetui::xRFMxCU_AssetList--fe::table::allTab::LineItem::StandardAction::Createsap.m.Button"}]}
RESULT: undefined
COMMAND: POST /session/a8a149416626f66074a27941d72c7d2b/execute/async - {"script":"<script> [21 bytes]","args":[{"selector":{"id":"CreateDialog::xRFMxCU_AssetType::AssetIdExtern-inner","controlType":"sap.ui.mdc.field.FieldInput","searchOpenDialogs":true},"wdio_ui5_key":"CreateDialogxRFMxCU_AssetType::AssetIdExtern-innersap.ui.mdc.field.FieldInput"}]}
RESULT: {"script":"<script> [21 bytes]","args":[{"selector":{"id":"CreateDialog::xRFMxCU_AssetType::AssetIdExtern-inner","controlType":"sap.ui.mdc.field.FieldInput","searchOpenDialogs":true},"wdio_ui5_key":"CreateDialogxRFMxCU_AssetType::AssetIdExtern-innersap.ui.mdc.field.FieldInput"}]}
RESULT: undefined
COMMAND: GET /session/a8a149416626f66074a27941d72c7d2b/screenshot - {}
COMMAND: GET /session/a8a149416626f66074a27941d72c7d2b/screenshot - {}
RESULT: {}
RESULT: {}
]]></system-out>
      <system-err><![CDATA[
TypeError: inputField.setValue is not a function
    at exports.fillField (D:\a\1\s\test\utils\utils.js:73:22)
    at async Context.<anonymous> (D:\a\1\s\test\specs\BusinessObjects\FundingContract.spec.js:272:27)
]]></system-err>
    </testcase>
    <testcase classname="chrome.139_0_7258_67.windows.FundingContract" name="Should create asset" time="10.318">
      <failure/>
      <error message="inputField.setValue is not a function"/>
      <system-out><![CDATA[
RESULT: undefined
RESULT: undefined
RESULT: undefined
COMMAND: GET /session/a8a149416626f66074a27941d72c7d2b/screenshot - {}
COMMAND: GET /session/a8a149416626f66074a27941d72c7d2b/screenshot - {}
RESULT: {}
RESULT: {}
]]></system-out>
      <system-err><![CDATA[
TypeError: inputField.setValue is not a function
    at exports.fillField (D:\a\1\s\test\utils\utils.js:73:22)
    at async Context.<anonymous> (D:\a\1\s\test\specs\BusinessObjects\FundingContract.spec.js:272:27)
]]></system-err>
    </testcase>
    <testcase classname="chrome.139_0_7258_67.windows.FundingContract" name="Should create Transaction" time="94.433">
      <skipped/>
      <system-out><![CDATA[
COMMAND: POST /session/a8a149416626f66074a27941d72c7d2b/execute/async - {"script":"<script> [21 bytes]","args":[{"selector":{"controlType":"sap.m.GenericTile","properties":{"header":"Funding Transaction"}},"wdio_ui5_key":"sapm.GenericTile{\"header\":\"Funding Transaction\"}"}]}
COMMAND: GET /session/a8a149416626f66074a27941d72c7d2b/screenshot - {}
RESULT: {"script":"<script> [21 bytes]","args":[{"selector":{"controlType":"sap.m.GenericTile","properties":{"header":"Funding Transaction"}},"wdio_ui5_key":"sapm.GenericTile{\"header\":\"Funding Transaction\"}"}]}
RESULT: undefined
COMMAND: POST /session/a8a149416626f66074a27941d72c7d2b/execute/async - {"script":"<script> [21 bytes]","args":[{"selector":{"id":"rfm.transactionui::xRFMxCU_TransactionList--fe::table::allTab::LineItem::StandardAction::Create","controlType":"sap.m.Button"},"wdio_ui5_key":"rfmtransactionui::xRFMxCU_TransactionList--fe::table::allTab::LineItem::StandardAction::Createsap.m.Button"}]}
RESULT: {}
RESULT: {"script":"<script> [21 bytes]","args":[{"selector":{"id":"rfm.transactionui::xRFMxCU_TransactionList--fe::table::allTab::LineItem::StandardAction::Create","controlType":"sap.m.Button"},"wdio_ui5_key":"rfmtransactionui::xRFMxCU_TransactionList--fe::table::allTab::LineItem::StandardAction::Createsap.m.Button"}]}
RESULT: undefined
COMMAND: POST /session/a8a149416626f66074a27941d72c7d2b/execute/async - {"script":"<script> [21 bytes]","args":[{"selector":{"id":"CreateDialog::xRFMxCU_TransactionType::ProgramId-inner-vhi","searchOpenDialogs":true},"wdio_ui5_key":"CreateDialogxRFMxCU_TransactionType::ProgramId-inner-vhi"}]}
RESULT: {"script":"<script> [21 bytes]","args":[{"selector":{"id":"CreateDialog::xRFMxCU_TransactionType::ProgramId-inner-vhi","searchOpenDialogs":true},"wdio_ui5_key":"CreateDialogxRFMxCU_TransactionType::ProgramId-inner-vhi"}]}
RESULT: undefined
COMMAND: POST /session/a8a149416626f66074a27941d72c7d2b/execute/async - {"script":"<script> [21 bytes]","args":[{"selector":{"id":"ProgramId::VH::Dialog::qualifier::-search-inner","searchOpenDialogs":true,"interaction":{"idSuffix":"I"}},"wdio_ui5_key":"ProgramIdVH::Dialog::qualifier::-search-inner"}]}
RESULT: {"script":"<script> [21 bytes]","args":[{"selector":{"id":"ProgramId::VH::Dialog::qualifier::-search-inner","searchOpenDialogs":true,"interaction":{"idSuffix":"I"}},"wdio_ui5_key":"ProgramIdVH::Dialog::qualifier::-search-inner"}]}
RESULT: undefined
COMMAND: POST /session/a8a149416626f66074a27941d72c7d2b/execute/async - {"script":"<script> [21 bytes]","args":[{"selector":{"id":"ProgramId::VH::Dialog::qualifier::::Table-innerTable-rows-row0","searchOpenDialogs":true},"wdio_ui5_key":"ProgramIdVH::Dialog::qualifier::::Table-innerTable-rows-row0"}]}
RESULT: {"script":"<script> [21 bytes]","args":[{"selector":{"id":"ProgramId::VH::Dialog::qualifier::::Table-innerTable-rows-row0","searchOpenDialogs":true},"wdio_ui5_key":"ProgramIdVH::Dialog::qualifier::::Table-innerTable-rows-row0"}]}
RESULT: undefined
COMMAND: POST /session/a8a149416626f66074a27941d72c7d2b/execute/async - {"script":"<script> [21 bytes]","args":[{"selector":{"id":"CreateDialog::xRFMxCU_TransactionType::FundingType-inner","searchOpenDialogs":true,"interaction":{"idSuffix":"inner"}},"wdio_ui5_key":"CreateDialogxRFMxCU_TransactionType::FundingType-inner"}]}
RESULT: {"script":"<script> [21 bytes]","args":[{"selector":{"id":"CreateDialog::xRFMxCU_TransactionType::FundingType-inner","searchOpenDialogs":true,"interaction":{"idSuffix":"inner"}},"wdio_ui5_key":"CreateDialogxRFMxCU_TransactionType::FundingType-inner"}]}
RESULT: undefined
COMMAND: POST /session/a8a149416626f66074a27941d72c7d2b/execute/async - {"script":"<script> [21 bytes]","args":[{"selector":{"id":"CreateDialog::xRFMxCU_Transaction-footer","searchOpenDialogs":true},"wdio_ui5_key":"CreateDialogxRFMxCU_Transaction-footer"}]}
RESULT: {"script":"<script> [21 bytes]","args":[{"selector":{"id":"CreateDialog::xRFMxCU_Transaction-footer","searchOpenDialogs":true},"wdio_ui5_key":"CreateDialogxRFMxCU_Transaction-footer"}]}
RESULT: undefined
COMMAND: POST /session/a8a149416626f66074a27941d72c7d2b/execute/async - {"script":"<script> [21 bytes]","args":[{"forceSelect":true,"selector":{"controlType":"sap.m.Button","viewName":"sap.fe.templates.ObjectPage.ObjectPage","viewId":"rfm.transactionui::xRFMxCU_TransactionObjectPage","properties":{"text":"Continue"},"searchOpenDialogs":true,"interaction":{"idSuffix":"BDI-content"}},"wdio_ui5_key":"sapfe.templates.ObjectPage.ObjectPagesap.m.Button{\"text\":\"Continue\"}"}]}
RESULT: {"script":"<script> [21 bytes]","args":[{"forceSelect":true,"selector":{"controlType":"sap.m.Button","viewName":"sap.fe.templates.ObjectPage.ObjectPage","viewId":"rfm.transactionui::xRFMxCU_TransactionObjectPage","properties":{"text":"Continue"},"searchOpenDialogs":true,"interaction":{"idSuffix":"BDI-content"}},"wdio_ui5_key":"sapfe.templates.ObjectPage.ObjectPagesap.m.Button{\"text\":\"Continue\"}"}]}
RESULT: undefined
COMMAND: POST /session/a8a149416626f66074a27941d72c7d2b/execute/async - {"script":"<script> [21 bytes]","args":[{"selector":{"id":"rfm.transactionui::xRFMxCU_TransactionObjectPage--fe::CustomSubSection::CustomDetailsSection--fe::FormContainer::FieldGroup::Term::FormElement::DataField::AssetCashflowDateFrom::Field-edit","interaction":{"idSuffix":"inner"}},"wdio_ui5_key":"rfmtransactionui::xRFMxCU_TransactionObjectPage--fe::CustomSubSection::CustomDetailsSection--fe::FormContainer::FieldGroup::Term::FormElement::DataField::AssetCashflowDateFrom::Field-edit"}]}
RESULT: {"script":"<script> [21 bytes]","args":[{"selector":{"id":"rfm.transactionui::xRFMxCU_TransactionObjectPage--fe::CustomSubSection::CustomDetailsSection--fe::FormContainer::FieldGroup::Term::FormElement::DataField::AssetCashflowDateFrom::Field-edit","interaction":{"idSuffix":"inner"}},"wdio_ui5_key":"rfmtransactionui::xRFMxCU_TransactionObjectPage--fe::CustomSubSection::CustomDetailsSection--fe::FormContainer::FieldGroup::Term::FormElement::DataField::AssetCashflowDateFrom::Field-edit"}]}
RESULT: undefined
COMMAND: POST /session/a8a149416626f66074a27941d72c7d2b/execute/async - {"script":"<script> [21 bytes]","args":[{"selector":{"id":"rfm.transactionui::xRFMxCU_TransactionObjectPage--fe::CustomSubSection::CustomDetailsSection--fe::FormContainer::FieldGroup::Term::FormElement::DataField::AssetCashflowDateTo::Field-edit","interaction":{"idSuffix":"inner"}},"wdio_ui5_key":"rfmtransactionui::xRFMxCU_TransactionObjectPage--fe::CustomSubSection::CustomDetailsSection--fe::FormContainer::FieldGroup::Term::FormElement::DataField::AssetCashflowDateTo::Field-edit"}]}
RESULT: {"script":"<script> [21 bytes]","args":[{"selector":{"id":"rfm.transactionui::xRFMxCU_TransactionObjectPage--fe::CustomSubSection::CustomDetailsSection--fe::FormContainer::FieldGroup::Term::FormElement::DataField::AssetCashflowDateTo::Field-edit","interaction":{"idSuffix":"inner"}},"wdio_ui5_key":"rfmtransactionui::xRFMxCU_TransactionObjectPage--fe::CustomSubSection::CustomDetailsSection--fe::FormContainer::FieldGroup::Term::FormElement::DataField::AssetCashflowDateTo::Field-edit"}]}
RESULT: undefined
COMMAND: POST /session/a8a149416626f66074a27941d72c7d2b/execute/async - {"script":"<script> [21 bytes]","args":[{"selector":{"id":"rfm.transactionui::xRFMxCU_TransactionObjectPage--fe::ObjectPage-anchBar-rfm.transactionui::xRFMxCU_TransactionObjectPage--fe::EditableHeaderSection-anchor","interaction":{"idSuffix":"text"}},"wdio_ui5_key":"rfmtransactionui::xRFMxCU_TransactionObjectPage--fe::ObjectPage-anchBar-rfm.transactionui::xRFMxCU_TransactionObjectPage--fe::EditableHeaderSection-anchor"}]}
RESULT: {"script":"<script> [21 bytes]","args":[{"selector":{"id":"rfm.transactionui::xRFMxCU_TransactionObjectPage--fe::ObjectPage-anchBar-rfm.transactionui::xRFMxCU_TransactionObjectPage--fe::EditableHeaderSection-anchor","interaction":{"idSuffix":"text"}},"wdio_ui5_key":"rfmtransactionui::xRFMxCU_TransactionObjectPage--fe::ObjectPage-anchBar-rfm.transactionui::xRFMxCU_TransactionObjectPage--fe::EditableHeaderSection-anchor"}]}
RESULT: undefined
COMMAND: POST /session/a8a149416626f66074a27941d72c7d2b/execute/async - {"script":"<script> [21 bytes]","args":[{"selector":{"id":"rfm.transactionui::xRFMxCU_TransactionObjectPage--fe::HeaderFacet::FormContainer::headerFieldsGP1::FormElement::DataField::Name::Field-edit","interaction":{"idSuffix":"inner"}},"wdio_ui5_key":"rfmtransactionui::xRFMxCU_TransactionObjectPage--fe::HeaderFacet::FormContainer::headerFieldsGP1::FormElement::DataField::Name::Field-edit"}]}
RESULT: {"script":"<script> [21 bytes]","args":[{"selector":{"id":"rfm.transactionui::xRFMxCU_TransactionObjectPage--fe::HeaderFacet::FormContainer::headerFieldsGP1::FormElement::DataField::Name::Field-edit","interaction":{"idSuffix":"inner"}},"wdio_ui5_key":"rfmtransactionui::xRFMxCU_TransactionObjectPage--fe::HeaderFacet::FormContainer::headerFieldsGP1::FormElement::DataField::Name::Field-edit"}]}
RESULT: undefined
COMMAND: POST /session/a8a149416626f66074a27941d72c7d2b/execute/async - {"script":"<script> [21 bytes]","args":[{"selector":{"id":"rfm.transactionui::xRFMxCU_TransactionObjectPage--fe::HeaderFacet::FormContainer::headerFieldsGP1::FormElement::DataField::TransactionId::Field-display"},"wdio_ui5_key":"rfmtransactionui::xRFMxCU_TransactionObjectPage--fe::HeaderFacet::FormContainer::headerFieldsGP1::FormElement::DataField::TransactionId::Field-display"}]}
RESULT: {"script":"<script> [21 bytes]","args":[{"selector":{"id":"rfm.transactionui::xRFMxCU_TransactionObjectPage--fe::HeaderFacet::FormContainer::headerFieldsGP1::FormElement::DataField::TransactionId::Field-display"},"wdio_ui5_key":"rfmtransactionui::xRFMxCU_TransactionObjectPage--fe::HeaderFacet::FormContainer::headerFieldsGP1::FormElement::DataField::TransactionId::Field-display"}]}
RESULT: undefined
COMMAND: POST /session/a8a149416626f66074a27941d72c7d2b/execute/async - {"script":"<script> [21 bytes]","args":[{"selector":{"id":"rfm.transactionui::xRFMxCU_TransactionObjectPage--fe::ObjectPage-anchBar-rfm.transactionui::xRFMxCU_TransactionObjectPage--fe::FacetSection::FundingScopeCollection-anchor"},"wdio_ui5_key":"rfmtransactionui::xRFMxCU_TransactionObjectPage--fe::ObjectPage-anchBar-rfm.transactionui::xRFMxCU_TransactionObjectPage--fe::FacetSection::FundingScopeCollection-anchor"}]}
RESULT: {"script":"<script> [21 bytes]","args":[{"selector":{"id":"rfm.transactionui::xRFMxCU_TransactionObjectPage--fe::ObjectPage-anchBar-rfm.transactionui::xRFMxCU_TransactionObjectPage--fe::FacetSection::FundingScopeCollection-anchor"},"wdio_ui5_key":"rfmtransactionui::xRFMxCU_TransactionObjectPage--fe::ObjectPage-anchBar-rfm.transactionui::xRFMxCU_TransactionObjectPage--fe::FacetSection::FundingScopeCollection-anchor"}]}
RESULT: undefined
COMMAND: POST /session/a8a149416626f66074a27941d72c7d2b/execute/async - {"script":"<script> [21 bytes]","args":[{"selector":{"controlType":"sap.ui.mdc.field.FieldInput","viewName":"sap.fe.templates.ObjectPage.ObjectPage","viewId":"rfm.transactionui::xRFMxCU_TransactionObjectPage","bindingPath":{"path":"","propertyPath":"/conditions","modelName":"$field"},"ancestor":{"controlType":"sap.ui.mdc.Field","viewName":"sap.fe.templates.ObjectPage.ObjectPage","viewId":"rfm.transactionui::xRFMxCU_TransactionObjectPage","bindingPath":{"path":"/xRFMxCU_Transaction(TransactionId='undefined',IsActiveEntity=false)/_TransactionCFPart(TransactionId='undefined',CashFlowPartType='1',IsActiveEntity=false)","propertyPath":"__EntityControl/Updatable"}},"interaction":{"idSuffix":"inner"}},"wdio_ui5_key":"sapfe.templates.ObjectPage.ObjectPagesap.ui.mdc.field.FieldInput{\"path\":\"\",\"propertyPath\":\"/conditions\",\"modelName\":\"$field\"}{\"controlType\":\"sap.ui.mdc.Field\",\"viewName\":\"sap.fe.templates.ObjectPage.ObjectPage\",\"viewId\":\"rfm.transactionui::xRFMxCU_TransactionObjectPage\",\"bindingPath\":{\"path\":\"/xRFMxCU_Transaction(TransactionId='undefined',IsActiveEntity=false)/_TransactionCFPart(TransactionId='undefined',CashFlowPartType='1',IsActiveEntity=false)\",\"propertyPath\":\"__EntityControl/Updatable\"}}"}]}
RESULT: {"script":"<script> [21 bytes]","args":[{"selector":{"controlType":"sap.ui.mdc.field.FieldInput","viewName":"sap.fe.templates.ObjectPage.ObjectPage","viewId":"rfm.transactionui::xRFMxCU_TransactionObjectPage","bindingPath":{"path":"","propertyPath":"/conditions","modelName":"$field"},"ancestor":{"controlType":"sap.ui.mdc.Field","viewName":"sap.fe.templates.ObjectPage.ObjectPage","viewId":"rfm.transactionui::xRFMxCU_TransactionObjectPage","bindingPath":{"path":"/xRFMxCU_Transaction(TransactionId='undefined',IsActiveEntity=false)/_TransactionCFPart(TransactionId='undefined',CashFlowPartType='1',IsActiveEntity=false)","propertyPath":"__EntityControl/Updatable"}},"interaction":{"idSuffix":"inner"}},"wdio_ui5_key":"sapfe.templates.ObjectPage.ObjectPagesap.ui.mdc.field.FieldInput{\"path\":\"\",\"propertyPath\":\"/conditions\",\"modelName\":\"$field\"}{\"controlType\":\"sap.ui.mdc.Field\",\"viewName\":\"sap.fe.templates.ObjectPage.ObjectPage\",\"viewId\":\"rfm.transactionui::xRFMxCU_TransactionObjectPage\",\"bindingPath\":{\"path\":\"/xRFMxCU_Transaction(TransactionId='undefined',IsActiveEntity=false)/_TransactionCFPart(TransactionId='undefined',CashFlowPartType='1',IsActiveEntity=false)\",\"propertyPath\":\"__EntityControl/Updatable\"}}"}]}
RESULT: undefined
COMMAND: POST /session/a8a149416626f66074a27941d72c7d2b/execute/async - {"script":"<script> [21 bytes]","args":[{"selector":{"id":"rfm.transactionui::xRFMxCU_TransactionObjectPage--fe::table::_TransactionCFPart::LineItem-innerTable-rows-row1","interaction":{"idSuffix":"col0"}},"wdio_ui5_key":"rfmtransactionui::xRFMxCU_TransactionObjectPage--fe::table::_TransactionCFPart::LineItem-innerTable-rows-row1"}]}
RESULT: {"script":"<script> [21 bytes]","args":[{"selector":{"id":"rfm.transactionui::xRFMxCU_TransactionObjectPage--fe::table::_TransactionCFPart::LineItem-innerTable-rows-row1","interaction":{"idSuffix":"col0"}},"wdio_ui5_key":"rfmtransactionui::xRFMxCU_TransactionObjectPage--fe::table::_TransactionCFPart::LineItem-innerTable-rows-row1"}]}
RESULT: undefined
COMMAND: POST /session/a8a149416626f66074a27941d72c7d2b/execute/async - {"script":"<script> [21 bytes]","args":[{"forceSelect":true,"selector":{"controlType":"sap.ui.mdc.field.FieldInput","viewName":"sap.fe.templates.ObjectPage.ObjectPage","viewId":"rfm.transactionui::xRFMxCU_TransactionObjectPage","bindingPath":{"path":"","propertyPath":"/conditions","modelName":"$field"},"ancestor":{"controlType":"sap.ui.mdc.Field","viewName":"sap.fe.templates.ObjectPage.ObjectPage","viewId":"rfm.transactionui::xRFMxCU_TransactionObjectPage","bindingPath":{"path":"/xRFMxCU_Transaction(TransactionId='undefined',IsActiveEntity=false)/_TransactionCFPart(TransactionId='undefined',CashFlowPartType='2',IsActiveEntity=false)","propertyPath":"__EntityControl/Updatable"}},"interaction":{"idSuffix":"inner"}},"wdio_ui5_key":"sapfe.templates.ObjectPage.ObjectPagesap.ui.mdc.field.FieldInput{\"path\":\"\",\"propertyPath\":\"/conditions\",\"modelName\":\"$field\"}{\"controlType\":\"sap.ui.mdc.Field\",\"viewName\":\"sap.fe.templates.ObjectPage.ObjectPage\",\"viewId\":\"rfm.transactionui::xRFMxCU_TransactionObjectPage\",\"bindingPath\":{\"path\":\"/xRFMxCU_Transaction(TransactionId='undefined',IsActiveEntity=false)/_TransactionCFPart(TransactionId='undefined',CashFlowPartType='2',IsActiveEntity=false)\",\"propertyPath\":\"__EntityControl/Updatable\"}}"}]}
RESULT: {"script":"<script> [21 bytes]","args":[{"forceSelect":true,"selector":{"controlType":"sap.ui.mdc.field.FieldInput","viewName":"sap.fe.templates.ObjectPage.ObjectPage","viewId":"rfm.transactionui::xRFMxCU_TransactionObjectPage","bindingPath":{"path":"","propertyPath":"/conditions","modelName":"$field"},"ancestor":{"controlType":"sap.ui.mdc.Field","viewName":"sap.fe.templates.ObjectPage.ObjectPage","viewId":"rfm.transactionui::xRFMxCU_TransactionObjectPage","bindingPath":{"path":"/xRFMxCU_Transaction(TransactionId='undefined',IsActiveEntity=false)/_TransactionCFPart(TransactionId='undefined',CashFlowPartType='2',IsActiveEntity=false)","propertyPath":"__EntityControl/Updatable"}},"interaction":{"idSuffix":"inner"}},"wdio_ui5_key":"sapfe.templates.ObjectPage.ObjectPagesap.ui.mdc.field.FieldInput{\"path\":\"\",\"propertyPath\":\"/conditions\",\"modelName\":\"$field\"}{\"controlType\":\"sap.ui.mdc.Field\",\"viewName\":\"sap.fe.templates.ObjectPage.ObjectPage\",\"viewId\":\"rfm.transactionui::xRFMxCU_TransactionObjectPage\",\"bindingPath\":{\"path\":\"/xRFMxCU_Transaction(TransactionId='undefined',IsActiveEntity=false)/_TransactionCFPart(TransactionId='undefined',CashFlowPartType='2',IsActiveEntity=false)\",\"propertyPath\":\"__EntityControl/Updatable\"}}"}]}
RESULT: undefined
COMMAND: GET /session/a8a149416626f66074a27941d72c7d2b/screenshot - {}
COMMAND: GET /session/a8a149416626f66074a27941d72c7d2b/screenshot - {}
RESULT: {}
RESULT: {}
]]></system-out>
      <system-err><![CDATA[
Error: waitUntil condition failed with the following reason: fieldInput.getEditable is not a function
    at async Context.<anonymous> (D:\a\1\s\test\specs\BusinessObjects\FundingContract.spec.js:937:18)
]]></system-err>
    </testcase>
    <testcase classname="chrome.139_0_7258_67.windows.FundingContract" name="Should create Transaction" time="86.612">
      <failure/>
      <error message="waitUntil condition failed with the following reason: fieldInput.getEditable is not a function"/>
      <system-out><![CDATA[
RESULT: undefined
RESULT: undefined
RESULT: undefined
RESULT: undefined
RESULT: undefined
RESULT: undefined
RESULT: undefined
COMMAND: POST /session/a8a149416626f66074a27941d72c7d2b/execute/async - {"script":"<script> [21 bytes]","args":[{"forceSelect":true,"selector":{"controlType":"sap.m.Button","viewName":"sap.fe.templates.ObjectPage.ObjectPage","viewId":"rfm.transactionui::xRFMxCU_TransactionObjectPage","properties":{"text":"Continue"},"searchOpenDialogs":true,"interaction":{"idSuffix":"BDI-content"}},"wdio_ui5_key":"sapfe.templates.ObjectPage.ObjectPagesap.m.Button{\"text\":\"Continue\"}"}]}
RESULT: {"script":"<script> [21 bytes]","args":[{"forceSelect":true,"selector":{"controlType":"sap.m.Button","viewName":"sap.fe.templates.ObjectPage.ObjectPage","viewId":"rfm.transactionui::xRFMxCU_TransactionObjectPage","properties":{"text":"Continue"},"searchOpenDialogs":true,"interaction":{"idSuffix":"BDI-content"}},"wdio_ui5_key":"sapfe.templates.ObjectPage.ObjectPagesap.m.Button{\"text\":\"Continue\"}"}]}
RESULT: undefined
RESULT: undefined
RESULT: undefined
RESULT: undefined
RESULT: undefined
RESULT: undefined
RESULT: undefined
RESULT: undefined
RESULT: undefined
COMMAND: POST /session/a8a149416626f66074a27941d72c7d2b/execute/async - {"script":"<script> [21 bytes]","args":[{"forceSelect":true,"selector":{"controlType":"sap.ui.mdc.field.FieldInput","viewName":"sap.fe.templates.ObjectPage.ObjectPage","viewId":"rfm.transactionui::xRFMxCU_TransactionObjectPage","bindingPath":{"path":"","propertyPath":"/conditions","modelName":"$field"},"ancestor":{"controlType":"sap.ui.mdc.Field","viewName":"sap.fe.templates.ObjectPage.ObjectPage","viewId":"rfm.transactionui::xRFMxCU_TransactionObjectPage","bindingPath":{"path":"/xRFMxCU_Transaction(TransactionId='undefined',IsActiveEntity=false)/_TransactionCFPart(TransactionId='undefined',CashFlowPartType='2',IsActiveEntity=false)","propertyPath":"__EntityControl/Updatable"}},"interaction":{"idSuffix":"inner"}},"wdio_ui5_key":"sapfe.templates.ObjectPage.ObjectPagesap.ui.mdc.field.FieldInput{\"path\":\"\",\"propertyPath\":\"/conditions\",\"modelName\":\"$field\"}{\"controlType\":\"sap.ui.mdc.Field\",\"viewName\":\"sap.fe.templates.ObjectPage.ObjectPage\",\"viewId\":\"rfm.transactionui::xRFMxCU_TransactionObjectPage\",\"bindingPath\":{\"path\":\"/xRFMxCU_Transaction(TransactionId='undefined',IsActiveEntity=false)/_TransactionCFPart(TransactionId='undefined',CashFlowPartType='2',IsActiveEntity=false)\",\"propertyPath\":\"__EntityControl/Updatable\"}}"}]}
RESULT: {"script":"<script> [21 bytes]","args":[{"forceSelect":true,"selector":{"controlType":"sap.ui.mdc.field.FieldInput","viewName":"sap.fe.templates.ObjectPage.ObjectPage","viewId":"rfm.transactionui::xRFMxCU_TransactionObjectPage","bindingPath":{"path":"","propertyPath":"/conditions","modelName":"$field"},"ancestor":{"controlType":"sap.ui.mdc.Field","viewName":"sap.fe.templates.ObjectPage.ObjectPage","viewId":"rfm.transactionui::xRFMxCU_TransactionObjectPage","bindingPath":{"path":"/xRFMxCU_Transaction(TransactionId='undefined',IsActiveEntity=false)/_TransactionCFPart(TransactionId='undefined',CashFlowPartType='2',IsActiveEntity=false)","propertyPath":"__EntityControl/Updatable"}},"interaction":{"idSuffix":"inner"}},"wdio_ui5_key":"sapfe.templates.ObjectPage.ObjectPagesap.ui.mdc.field.FieldInput{\"path\":\"\",\"propertyPath\":\"/conditions\",\"modelName\":\"$field\"}{\"controlType\":\"sap.ui.mdc.Field\",\"viewName\":\"sap.fe.templates.ObjectPage.ObjectPage\",\"viewId\":\"rfm.transactionui::xRFMxCU_TransactionObjectPage\",\"bindingPath\":{\"path\":\"/xRFMxCU_Transaction(TransactionId='undefined',IsActiveEntity=false)/_TransactionCFPart(TransactionId='undefined',CashFlowPartType='2',IsActiveEntity=false)\",\"propertyPath\":\"__EntityControl/Updatable\"}}"}]}
RESULT: undefined
COMMAND: GET /session/a8a149416626f66074a27941d72c7d2b/screenshot - {}
COMMAND: GET /session/a8a149416626f66074a27941d72c7d2b/screenshot - {}
RESULT: {}
RESULT: {}
]]></system-out>
      <system-err><![CDATA[
Error: waitUntil condition failed with the following reason: fieldInput.getEditable is not a function
    at process.processTimers (node:internal/timers:516:9)
    at async Context.<anonymous> (D:\a\1\s\test\specs\BusinessObjects\FundingContract.spec.js:937:18)
]]></system-err>
    </testcase>
    <testcase classname="chrome.139_0_7258_67.windows.FundingContract" name="Should filter created Transaction" time="27.26">
      <skipped/>
      <system-out><![CDATA[
COMMAND: POST /session/a8a149416626f66074a27941d72c7d2b/execute/async - {"script":"<script> [21 bytes]","args":[{"selector":{"controlType":"sap.m.GenericTile","properties":{"header":"Funding Contract"}},"wdio_ui5_key":"sapm.GenericTile{\"header\":\"Funding Contract\"}"}]}
COMMAND: GET /session/a8a149416626f66074a27941d72c7d2b/screenshot - {}
RESULT: {"script":"<script> [21 bytes]","args":[{"selector":{"controlType":"sap.m.GenericTile","properties":{"header":"Funding Contract"}},"wdio_ui5_key":"sapm.GenericTile{\"header\":\"Funding Contract\"}"}]}
RESULT: undefined
RESULT: {}
COMMAND: POST /session/a8a149416626f66074a27941d72c7d2b/execute/async - {"script":"<script> [21 bytes]","args":[{"selector":{"id":"rfm.fundingcontractui::xRFMxCU_FundingContrProcessorList--fe::FilterBar::xRFMxCU_FundingContrProcessor::FilterField::OwnerId-inner","interaction":{"idSuffix":"inner"}},"wdio_ui5_key":"rfmfundingcontractui::xRFMxCU_FundingContrProcessorList--fe::FilterBar::xRFMxCU_FundingContrProcessor::FilterField::OwnerId-inner"}]}
RESULT: {"script":"<script> [21 bytes]","args":[{"selector":{"id":"rfm.fundingcontractui::xRFMxCU_FundingContrProcessorList--fe::FilterBar::xRFMxCU_FundingContrProcessor::FilterField::OwnerId-inner","interaction":{"idSuffix":"inner"}},"wdio_ui5_key":"rfmfundingcontractui::xRFMxCU_FundingContrProcessorList--fe::FilterBar::xRFMxCU_FundingContrProcessor::FilterField::OwnerId-inner"}]}
RESULT: undefined
COMMAND: POST /session/a8a149416626f66074a27941d72c7d2b/execute/async - {"script":"<script> [21 bytes]","args":[{"selector":{"id":"rfm.fundingcontractui::xRFMxCU_FundingContrProcessorList--fe::FilterBar::xRFMxCU_FundingContrProcessor-btnSearch","interaction":{"idSuffix":"BDI-content"}},"wdio_ui5_key":"rfmfundingcontractui::xRFMxCU_FundingContrProcessorList--fe::FilterBar::xRFMxCU_FundingContrProcessor-btnSearch"}]}
RESULT: {"script":"<script> [21 bytes]","args":[{"selector":{"id":"rfm.fundingcontractui::xRFMxCU_FundingContrProcessorList--fe::FilterBar::xRFMxCU_FundingContrProcessor-btnSearch","interaction":{"idSuffix":"BDI-content"}},"wdio_ui5_key":"rfmfundingcontractui::xRFMxCU_FundingContrProcessorList--fe::FilterBar::xRFMxCU_FundingContrProcessor-btnSearch"}]}
RESULT: undefined
COMMAND: POST /session/a8a149416626f66074a27941d72c7d2b/execute/async - {"script":"<script> [21 bytes]","args":[{"selector":{"id":"rfm.fundingcontractui::xRFMxCU_FundingContrProcessorList--fe::table::allTab::LineItem-innerTable-rows-row0"},"wdio_ui5_key":"rfmfundingcontractui::xRFMxCU_FundingContrProcessorList--fe::table::allTab::LineItem-innerTable-rows-row0"}]}
RESULT: {"script":"<script> [21 bytes]","args":[{"selector":{"id":"rfm.fundingcontractui::xRFMxCU_FundingContrProcessorList--fe::table::allTab::LineItem-innerTable-rows-row0"},"wdio_ui5_key":"rfmfundingcontractui::xRFMxCU_FundingContrProcessorList--fe::table::allTab::LineItem-innerTable-rows-row0"}]}
RESULT: undefined
RESULT: undefined
COMMAND: GET /session/a8a149416626f66074a27941d72c7d2b/screenshot - {}
COMMAND: GET /session/a8a149416626f66074a27941d72c7d2b/screenshot - {}
RESULT: {}
RESULT: {}
]]></system-out>
      <system-err><![CDATA[
TypeError: Cannot read properties of undefined (reading 'match')
    at Context.<anonymous> (D:\a\1\s\test\specs\BusinessObjects\FundingContract.spec.js:1087:49)
]]></system-err>
    </testcase>
    <testcase classname="chrome.139_0_7258_67.windows.FundingContract" name="Should filter created Transaction" time="25.371">
      <failure/>
      <error message="Cannot read properties of undefined (reading 'match')"/>
      <system-out><![CDATA[
RESULT: undefined
RESULT: undefined
RESULT: undefined
RESULT: undefined
RESULT: undefined
COMMAND: GET /session/a8a149416626f66074a27941d72c7d2b/screenshot - {}
COMMAND: GET /session/a8a149416626f66074a27941d72c7d2b/screenshot - {}
RESULT: {}
RESULT: {}
]]></system-out>
      <system-err><![CDATA[
TypeError: Cannot read properties of undefined (reading 'match')
    at Context.<anonymous> (D:\a\1\s\test\specs\BusinessObjects\FundingContract.spec.js:1087:49)
]]></system-err>
    </testcase>
    <testcase classname="chrome.139_0_7258_67.windows.FundingContract" name="Should check navigation to Transaction" time="6.14">
      <skipped/>
      <system-out><![CDATA[
COMMAND: GET /session/a8a149416626f66074a27941d72c7d2b/screenshot - {}
COMMAND: POST /session/a8a149416626f66074a27941d72c7d2b/execute/async - {"script":"<script> [21 bytes]","args":[{"selector":{"controlType":"sap.m.Title","viewName":"sap.fe.templates.ObjectPage.ObjectPage","viewId":"rfm.fundingcontractui::xRFMxCU_FundingContrProcessorObjectPage","bindingPath":{"path":"/xRFMxCU_FundingContrProcessor(FundingContractProcessorId=,IsActiveEntity=true)","propertyPath":"OwnerId"}},"wdio_ui5_key":"sapfe.templates.ObjectPage.ObjectPagesap.m.Title{\"path\":\"/xRFMxCU_FundingContrProcessor(FundingContractProcessorId=,IsActiveEntity=true)\",\"propertyPath\":\"OwnerId\"}"}]}
RESULT: {}
RESULT: {"script":"<script> [21 bytes]","args":[{"selector":{"controlType":"sap.m.Title","viewName":"sap.fe.templates.ObjectPage.ObjectPage","viewId":"rfm.fundingcontractui::xRFMxCU_FundingContrProcessorObjectPage","bindingPath":{"path":"/xRFMxCU_FundingContrProcessor(FundingContractProcessorId=,IsActiveEntity=true)","propertyPath":"OwnerId"}},"wdio_ui5_key":"sapfe.templates.ObjectPage.ObjectPagesap.m.Title{\"path\":\"/xRFMxCU_FundingContrProcessor(FundingContractProcessorId=,IsActiveEntity=true)\",\"propertyPath\":\"OwnerId\"}"}]}
RESULT: undefined
COMMAND: GET /session/a8a149416626f66074a27941d72c7d2b/screenshot - {}
COMMAND: GET /session/a8a149416626f66074a27941d72c7d2b/screenshot - {}
RESULT: {}
RESULT: {}
]]></system-out>
      <system-err><![CDATA[
Error: TransactionIdBeforeNav is undefined
    at Context.<anonymous> (D:\a\1\s\test\specs\BusinessObjects\FundingContract.spec.js:1153:19)
]]></system-err>
    </testcase>
    <testcase classname="chrome.139_0_7258_67.windows.FundingContract" name="Should check navigation to Transaction" time="5.321">
      <failure/>
      <error message="TransactionIdBeforeNav is undefined"/>
      <system-out><![CDATA[
RESULT: undefined
COMMAND: GET /session/a8a149416626f66074a27941d72c7d2b/screenshot - {}
COMMAND: GET /session/a8a149416626f66074a27941d72c7d2b/screenshot - {}
RESULT: {}
RESULT: {}
]]></system-out>
      <system-err><![CDATA[
Error: TransactionIdBeforeNav is undefined
    at Context.<anonymous> (D:\a\1\s\test\specs\BusinessObjects\FundingContract.spec.js:1153:19)
]]></system-err>
    </testcase>
    <testcase classname="chrome.139_0_7258_67.windows.FundingContract" name="Should check edit action" time="39.067">
      <skipped/>
      <system-out><![CDATA[
COMMAND: POST /session/a8a149416626f66074a27941d72c7d2b/execute/async - {"script":"<script> [21 bytes]","args":[{"selector":{"id":"rfm.fundingcontractui::xRFMxCU_FundingContrProcessorObjectPage--fe::ObjectPage-anchBar-rfm.fundingcontractui::xRFMxCU_FundingContrProcessorObjectPage--fe::FacetSection::Details-anchor"},"wdio_ui5_key":"rfmfundingcontractui::xRFMxCU_FundingContrProcessorObjectPage--fe::ObjectPage-anchBar-rfm.fundingcontractui::xRFMxCU_FundingContrProcessorObjectPage--fe::FacetSection::Details-anchor"}]}
COMMAND: GET /session/a8a149416626f66074a27941d72c7d2b/screenshot - {}
RESULT: {"script":"<script> [21 bytes]","args":[{"selector":{"id":"rfm.fundingcontractui::xRFMxCU_FundingContrProcessorObjectPage--fe::ObjectPage-anchBar-rfm.fundingcontractui::xRFMxCU_FundingContrProcessorObjectPage--fe::FacetSection::Details-anchor"},"wdio_ui5_key":"rfmfundingcontractui::xRFMxCU_FundingContrProcessorObjectPage--fe::ObjectPage-anchBar-rfm.fundingcontractui::xRFMxCU_FundingContrProcessorObjectPage--fe::FacetSection::Details-anchor"}]}
RESULT: undefined
RESULT: {}
COMMAND: POST /session/a8a149416626f66074a27941d72c7d2b/execute/async - {"script":"<script> [21 bytes]","args":[{"selector":{"id":"rfm.fundingcontractui::xRFMxCU_FundingContrProcessorObjectPage--fe::StandardAction::Edit","interaction":{"idSuffix":"BDI-content"}},"wdio_ui5_key":"rfmfundingcontractui::xRFMxCU_FundingContrProcessorObjectPage--fe::StandardAction::Edit"}]}
RESULT: {"script":"<script> [21 bytes]","args":[{"selector":{"id":"rfm.fundingcontractui::xRFMxCU_FundingContrProcessorObjectPage--fe::StandardAction::Edit","interaction":{"idSuffix":"BDI-content"}},"wdio_ui5_key":"rfmfundingcontractui::xRFMxCU_FundingContrProcessorObjectPage--fe::StandardAction::Edit"}]}
RESULT: undefined
COMMAND: POST /session/a8a149416626f66074a27941d72c7d2b/execute/async - {"script":"<script> [21 bytes]","args":[{"selector":{"id":"rfm.fundingcontractui::xRFMxCU_FundingContrProcessorObjectPage--fe::FormContainer::Details::FormElement::DataField::InterestCalcMethod::Field-edit-inner","interaction":{"idSuffix":"inner"}},"wdio_ui5_key":"rfmfundingcontractui::xRFMxCU_FundingContrProcessorObjectPage--fe::FormContainer::Details::FormElement::DataField::InterestCalcMethod::Field-edit-inner"}]}
RESULT: {"script":"<script> [21 bytes]","args":[{"selector":{"id":"rfm.fundingcontractui::xRFMxCU_FundingContrProcessorObjectPage--fe::FormContainer::Details::FormElement::DataField::InterestCalcMethod::Field-edit-inner","interaction":{"idSuffix":"inner"}},"wdio_ui5_key":"rfmfundingcontractui::xRFMxCU_FundingContrProcessorObjectPage--fe::FormContainer::Details::FormElement::DataField::InterestCalcMethod::Field-edit-inner"}]}
RESULT: undefined
COMMAND: POST /session/a8a149416626f66074a27941d72c7d2b/execute/async - {"script":"<script> [21 bytes]","args":[{"selector":{"id":"rfm.fundingcontractui::xRFMxCU_FundingContrProcessorObjectPage--fe::FormContainer::Details::FormElement::DataField::InterestRate::Field-edit","interaction":{"idSuffix":"inner"}},"wdio_ui5_key":"rfmfundingcontractui::xRFMxCU_FundingContrProcessorObjectPage--fe::FormContainer::Details::FormElement::DataField::InterestRate::Field-edit"}]}
RESULT: {"script":"<script> [21 bytes]","args":[{"selector":{"id":"rfm.fundingcontractui::xRFMxCU_FundingContrProcessorObjectPage--fe::FormContainer::Details::FormElement::DataField::InterestRate::Field-edit","interaction":{"idSuffix":"inner"}},"wdio_ui5_key":"rfmfundingcontractui::xRFMxCU_FundingContrProcessorObjectPage--fe::FormContainer::Details::FormElement::DataField::InterestRate::Field-edit"}]}
RESULT: undefined
COMMAND: POST /session/a8a149416626f66074a27941d72c7d2b/execute/async - {"script":"<script> [21 bytes]","args":[{"selector":{"id":"rfm.fundingcontractui::xRFMxCU_FundingContrProcessorObjectPage--fe::FormContainer::Details::FormElement::DataField::CompanyCode::Field-edit-inner","interaction":{"idSuffix":"inner"}},"wdio_ui5_key":"rfmfundingcontractui::xRFMxCU_FundingContrProcessorObjectPage--fe::FormContainer::Details::FormElement::DataField::CompanyCode::Field-edit-inner"}]}
RESULT: {"script":"<script> [21 bytes]","args":[{"selector":{"id":"rfm.fundingcontractui::xRFMxCU_FundingContrProcessorObjectPage--fe::FormContainer::Details::FormElement::DataField::CompanyCode::Field-edit-inner","interaction":{"idSuffix":"inner"}},"wdio_ui5_key":"rfmfundingcontractui::xRFMxCU_FundingContrProcessorObjectPage--fe::FormContainer::Details::FormElement::DataField::CompanyCode::Field-edit-inner"}]}
RESULT: undefined
COMMAND: POST /session/a8a149416626f66074a27941d72c7d2b/execute/async - {"script":"<script> [21 bytes]","args":[{"forceSelect":true,"selector":{"id":"rfm.fundingcontractui::xRFMxCU_FundingContrProcessorObjectPage--fe::FooterBar::StandardAction::Save","interaction":{"idSuffix":"BDI-content"}},"wdio_ui5_key":"rfmfundingcontractui::xRFMxCU_FundingContrProcessorObjectPage--fe::FooterBar::StandardAction::Save"}]}
RESULT: {"script":"<script> [21 bytes]","args":[{"forceSelect":true,"selector":{"id":"rfm.fundingcontractui::xRFMxCU_FundingContrProcessorObjectPage--fe::FooterBar::StandardAction::Save","interaction":{"idSuffix":"BDI-content"}},"wdio_ui5_key":"rfmfundingcontractui::xRFMxCU_FundingContrProcessorObjectPage--fe::FooterBar::StandardAction::Save"}]}
RESULT: undefined
COMMAND: POST /session/a8a149416626f66074a27941d72c7d2b/execute/async - {"script":"<script> [21 bytes]","args":[{"selector":{"id":"rfm.fundingcontractui::xRFMxCU_FundingContrProcessorObjectPage--fe::FormContainer::Details::FormElement::DataField::CompanyCode::Field-display"},"wdio_ui5_key":"rfmfundingcontractui::xRFMxCU_FundingContrProcessorObjectPage--fe::FormContainer::Details::FormElement::DataField::CompanyCode::Field-display"}]}
RESULT: {"script":"<script> [21 bytes]","args":[{"selector":{"id":"rfm.fundingcontractui::xRFMxCU_FundingContrProcessorObjectPage--fe::FormContainer::Details::FormElement::DataField::CompanyCode::Field-display"},"wdio_ui5_key":"rfmfundingcontractui::xRFMxCU_FundingContrProcessorObjectPage--fe::FormContainer::Details::FormElement::DataField::CompanyCode::Field-display"}]}
RESULT: undefined
COMMAND: GET /session/a8a149416626f66074a27941d72c7d2b/screenshot - {}
COMMAND: GET /session/a8a149416626f66074a27941d72c7d2b/screenshot - {}
RESULT: {}
RESULT: {}
]]></system-out>
      <system-err><![CDATA[
Error: expect(received).toEqual(expected) // deep equality

Expected: "BearingPoint (0001)"
Received: undefined
    at Context.<anonymous> (D:\a\1\s\test\specs\BusinessObjects\FundingContract.spec.js:1246:53)
]]></system-err>
    </testcase>
    <testcase classname="chrome.139_0_7258_67.windows.FundingContract" name="Should check edit action" time="36.011">
      <failure/>
      <error message="expect(received).toEqual(expected) // deep equality&#xA;&#xA;Expected: &quot;BearingPoint (0001)&quot;&#xA;Received: undefined"/>
      <system-out><![CDATA[
RESULT: undefined
RESULT: undefined
RESULT: undefined
RESULT: undefined
RESULT: undefined
COMMAND: POST /session/a8a149416626f66074a27941d72c7d2b/execute/async - {"script":"<script> [21 bytes]","args":[{"forceSelect":true,"selector":{"id":"rfm.fundingcontractui::xRFMxCU_FundingContrProcessorObjectPage--fe::FooterBar::StandardAction::Save","interaction":{"idSuffix":"BDI-content"}},"wdio_ui5_key":"rfmfundingcontractui::xRFMxCU_FundingContrProcessorObjectPage--fe::FooterBar::StandardAction::Save"}]}
RESULT: {"script":"<script> [21 bytes]","args":[{"forceSelect":true,"selector":{"id":"rfm.fundingcontractui::xRFMxCU_FundingContrProcessorObjectPage--fe::FooterBar::StandardAction::Save","interaction":{"idSuffix":"BDI-content"}},"wdio_ui5_key":"rfmfundingcontractui::xRFMxCU_FundingContrProcessorObjectPage--fe::FooterBar::StandardAction::Save"}]}
RESULT: undefined
RESULT: undefined
COMMAND: GET /session/a8a149416626f66074a27941d72c7d2b/screenshot - {}
COMMAND: GET /session/a8a149416626f66074a27941d72c7d2b/screenshot - {}
RESULT: {}
RESULT: {}
]]></system-out>
      <system-err><![CDATA[
Error: expect(received).toEqual(expected) // deep equality

Expected: "BearingPoint (0001)"
Received: undefined
    at Context.<anonymous> (D:\a\1\s\test\specs\BusinessObjects\FundingContract.spec.js:1246:53)
]]></system-err>
    </testcase>
    <testcase classname="chrome.139_0_7258_67.windows.FundingContract" name="Should check Generate Funding Contracts action" time="17.204">
      <system-out><![CDATA[
COMMAND: GET /session/a8a149416626f66074a27941d72c7d2b/screenshot - {}
COMMAND: POST /session/a8a149416626f66074a27941d72c7d2b/execute/async - {"script":"<script> [21 bytes]","args":[{"selector":{"id":"rfm.fundingcontractui::xRFMxCU_FundingContrProcessorObjectPage--fe::ObjectPage-anchBar-rfm.fundingcontractui::xRFMxCU_FundingContrProcessorObjectPage--fe::FacetSection::Contracts-anchor","interaction":{"idSuffix":"text"}},"wdio_ui5_key":"rfmfundingcontractui::xRFMxCU_FundingContrProcessorObjectPage--fe::ObjectPage-anchBar-rfm.fundingcontractui::xRFMxCU_FundingContrProcessorObjectPage--fe::FacetSection::Contracts-anchor"}]}
RESULT: {}
RESULT: {"script":"<script> [21 bytes]","args":[{"selector":{"id":"rfm.fundingcontractui::xRFMxCU_FundingContrProcessorObjectPage--fe::ObjectPage-anchBar-rfm.fundingcontractui::xRFMxCU_FundingContrProcessorObjectPage--fe::FacetSection::Contracts-anchor","interaction":{"idSuffix":"text"}},"wdio_ui5_key":"rfmfundingcontractui::xRFMxCU_FundingContrProcessorObjectPage--fe::ObjectPage-anchBar-rfm.fundingcontractui::xRFMxCU_FundingContrProcessorObjectPage--fe::FacetSection::Contracts-anchor"}]}
RESULT: undefined
COMMAND: POST /session/a8a149416626f66074a27941d72c7d2b/execute/async - {"script":"<script> [21 bytes]","args":[{"selector":{"id":"rfm.fundingcontractui::xRFMxCU_FundingContrProcessorObjectPage--fe::DataFieldForAction::com.sap.gateway.srvd.rfm.ui_fundingcontract.v0001.GenerateFundingContracts::com.sap.gateway.srvd.rfm.ui_fundingcontract.v0001.xRFMxCU_FundingContrProcessorType","interaction":{"idSuffix":"content"}},"wdio_ui5_key":"rfmfundingcontractui::xRFMxCU_FundingContrProcessorObjectPage--fe::DataFieldForAction::com.sap.gateway.srvd.rfm.ui_fundingcontract.v0001.GenerateFundingContracts::com.sap.gateway.srvd.rfm.ui_fundingcontract.v0001.xRFMxCU_FundingContrProcessorType"}]}
RESULT: {"script":"<script> [21 bytes]","args":[{"selector":{"id":"rfm.fundingcontractui::xRFMxCU_FundingContrProcessorObjectPage--fe::DataFieldForAction::com.sap.gateway.srvd.rfm.ui_fundingcontract.v0001.GenerateFundingContracts::com.sap.gateway.srvd.rfm.ui_fundingcontract.v0001.xRFMxCU_FundingContrProcessorType","interaction":{"idSuffix":"content"}},"wdio_ui5_key":"rfmfundingcontractui::xRFMxCU_FundingContrProcessorObjectPage--fe::DataFieldForAction::com.sap.gateway.srvd.rfm.ui_fundingcontract.v0001.GenerateFundingContracts::com.sap.gateway.srvd.rfm.ui_fundingcontract.v0001.xRFMxCU_FundingContrProcessorType"}]}
RESULT: undefined
COMMAND: POST /session/a8a149416626f66074a27941d72c7d2b/execute/async - {"script":"<script> [21 bytes]","args":[{"selector":{"controlType":"sap.m.Title","viewName":"sap.fe.templates.ObjectPage.ObjectPage","viewId":"rfm.fundingcontractui::xRFMxCU_FundingContrProcessorObjectPage","properties":{"text":"No items available"}},"wdio_ui5_key":"sapfe.templates.ObjectPage.ObjectPagesap.m.Title{\"text\":\"No items available\"}"}]}
RESULT: {"script":"<script> [21 bytes]","args":[{"selector":{"controlType":"sap.m.Title","viewName":"sap.fe.templates.ObjectPage.ObjectPage","viewId":"rfm.fundingcontractui::xRFMxCU_FundingContrProcessorObjectPage","properties":{"text":"No items available"}},"wdio_ui5_key":"sapfe.templates.ObjectPage.ObjectPagesap.m.Title{\"text\":\"No items available\"}"}]}
RESULT: undefined
COMMAND: GET /session/a8a149416626f66074a27941d72c7d2b/screenshot - {}
]]></system-out>
    </testcase>
    <testcase classname="chrome.139_0_7258_67.windows.FundingContract" name="Should check navigation to 3rd object page" time="15.799">
      <skipped/>
      <system-out><![CDATA[
RESULT: undefined
RESULT: {}
COMMAND: POST /session/a8a149416626f66074a27941d72c7d2b/execute/async - {"script":"<script> [21 bytes]","args":[{"selector":{"id":"rfm.fundingcontractui::xRFMxCU_FundingContrProcessorObjectPage--fe::table::_FundingContract::LineItem-innerTable-rows-row0"},"wdio_ui5_key":"rfmfundingcontractui::xRFMxCU_FundingContrProcessorObjectPage--fe::table::_FundingContract::LineItem-innerTable-rows-row0"}]}
RESULT: {"script":"<script> [21 bytes]","args":[{"selector":{"id":"rfm.fundingcontractui::xRFMxCU_FundingContrProcessorObjectPage--fe::table::_FundingContract::LineItem-innerTable-rows-row0"},"wdio_ui5_key":"rfmfundingcontractui::xRFMxCU_FundingContrProcessorObjectPage--fe::table::_FundingContract::LineItem-innerTable-rows-row0"}]}
RESULT: undefined
RESULT: undefined
COMMAND: GET /session/a8a149416626f66074a27941d72c7d2b/screenshot - {}
COMMAND: GET /session/a8a149416626f66074a27941d72c7d2b/screenshot - {}
RESULT: {}
RESULT: {}
]]></system-out>
      <system-err><![CDATA[
TypeError: Cannot read properties of undefined (reading 'match')
    at Context.<anonymous> (D:\a\1\s\test\specs\BusinessObjects\FundingContract.spec.js:1331:37)
]]></system-err>
    </testcase>
    <testcase classname="chrome.139_0_7258_67.windows.FundingContract" name="Should check navigation to 3rd object page" time="15.356">
      <failure/>
      <error message="Cannot read properties of undefined (reading 'match')"/>
      <system-out><![CDATA[
RESULT: undefined
RESULT: undefined
RESULT: undefined
COMMAND: GET /session/a8a149416626f66074a27941d72c7d2b/screenshot - {}
COMMAND: GET /session/a8a149416626f66074a27941d72c7d2b/screenshot - {}
RESULT: {}
RESULT: {}
]]></system-out>
      <system-err><![CDATA[
TypeError: Cannot read properties of undefined (reading 'match')
    at Context.<anonymous> (D:\a\1\s\test\specs\BusinessObjects\FundingContract.spec.js:1331:37)
]]></system-err>
    </testcase>
    <testcase classname="chrome.139_0_7258_67.windows.FundingContract" name="Should check navigation to asset" time="11.633">
      <skipped/>
      <system-out><![CDATA[
COMMAND: POST /session/a8a149416626f66074a27941d72c7d2b/execute/async - {"script":"<script> [21 bytes]","args":[{"selector":{"id":"rfm.fundingcontractui::xRFMxCU_FundingContrProcessor__FundingContractObjectPage--fe::ObjectPage-anchBar-rfm.fundingcontractui::xRFMxCU_FundingContrProcessor__FundingContractObjectPage--fe::FacetSection::Asset-anchor"},"wdio_ui5_key":"rfmfundingcontractui::xRFMxCU_FundingContrProcessor__FundingContractObjectPage--fe::ObjectPage-anchBar-rfm.fundingcontractui::xRFMxCU_FundingContrProcessor__FundingContractObjectPage--fe::FacetSection::Asset-anchor"}]}
COMMAND: GET /session/a8a149416626f66074a27941d72c7d2b/screenshot - {}
RESULT: {"script":"<script> [21 bytes]","args":[{"selector":{"id":"rfm.fundingcontractui::xRFMxCU_FundingContrProcessor__FundingContractObjectPage--fe::ObjectPage-anchBar-rfm.fundingcontractui::xRFMxCU_FundingContrProcessor__FundingContractObjectPage--fe::FacetSection::Asset-anchor"},"wdio_ui5_key":"rfmfundingcontractui::xRFMxCU_FundingContrProcessor__FundingContractObjectPage--fe::ObjectPage-anchBar-rfm.fundingcontractui::xRFMxCU_FundingContrProcessor__FundingContractObjectPage--fe::FacetSection::Asset-anchor"}]}
RESULT: undefined
RESULT: {}
COMMAND: POST /session/a8a149416626f66074a27941d72c7d2b/execute/async - {"script":"<script> [21 bytes]","args":[{"selector":{"id":"rfm.fundingcontractui::xRFMxCU_FundingContrProcessor__FundingContractObjectPage--fe::FormContainer::Asset::FormElement::DataFieldWithIntentBasedNavigation::AssetIdExtern::FundingAsset::Manage::Field-display"},"wdio_ui5_key":"rfmfundingcontractui::xRFMxCU_FundingContrProcessor__FundingContractObjectPage--fe::FormContainer::Asset::FormElement::DataFieldWithIntentBasedNavigation::AssetIdExtern::FundingAsset::Manage::Field-display"}]}
RESULT: {"script":"<script> [21 bytes]","args":[{"selector":{"id":"rfm.fundingcontractui::xRFMxCU_FundingContrProcessor__FundingContractObjectPage--fe::FormContainer::Asset::FormElement::DataFieldWithIntentBasedNavigation::AssetIdExtern::FundingAsset::Manage::Field-display"},"wdio_ui5_key":"rfmfundingcontractui::xRFMxCU_FundingContrProcessor__FundingContractObjectPage--fe::FormContainer::Asset::FormElement::DataFieldWithIntentBasedNavigation::AssetIdExtern::FundingAsset::Manage::Field-display"}]}
RESULT: undefined
COMMAND: GET /session/a8a149416626f66074a27941d72c7d2b/screenshot - {}
COMMAND: GET /session/a8a149416626f66074a27941d72c7d2b/screenshot - {}
RESULT: {}
RESULT: {}
]]></system-out>
      <system-err><![CDATA[
Error: AssetIdExternBeforeNav is undefined
    at Context.<anonymous> (D:\a\1\s\test\specs\BusinessObjects\FundingContract.spec.js:1403:23)
]]></system-err>
    </testcase>
    <testcase classname="chrome.139_0_7258_67.windows.FundingContract" name="Should check navigation to asset" time="10.36">
      <failure/>
      <error message="AssetIdExternBeforeNav is undefined"/>
      <system-out><![CDATA[
RESULT: undefined
RESULT: undefined
COMMAND: GET /session/a8a149416626f66074a27941d72c7d2b/screenshot - {}
COMMAND: GET /session/a8a149416626f66074a27941d72c7d2b/screenshot - {}
RESULT: {}
RESULT: {}
COMMAND: GET /session/a8a149416626f66074a27941d72c7d2b/screenshot - {}
COMMAND: DELETE /session/a8a149416626f66074a27941d72c7d2b - {}
COMMAND: GET /session/a8a149416626f66074a27941d72c7d2b/screenshot - {}
RESULT: {}
RESULT: {}
]]></system-out>
      <system-err><![CDATA[
Error: AssetIdExternBeforeNav is undefined
    at Context.<anonymous> (D:\a\1\s\test\specs\BusinessObjects\FundingContract.spec.js:1403:23)
]]></system-err>
    </testcase>
  </testsuite>
</testsuites>