<?xml version="1.0" encoding="UTF-8"?>
<testsuites tests="3" failures="0" errors="0" skipped="0">
  <testsuite timestamp="2025-08-29T22:03:57" time="132.822" tests="3" failures="0" errors="0" skipped="0">
    <properties>
      <property name="specId" value="0"/>
      <property name="suiteName" value="Sanity Tests"/>
      <property name="capabilities" value="chrome.139_0_7258_139.windows"/>
      <property name="file" value="file:///D:/a/1/s/test/specs/General/sanity.spec.js"/>
    </properties>
    <testcase classname="chrome.139_0_7258_139.windows.Sanity_Tests" name="Should open Funding Asset page" time="27.622">
      <system-out><![CDATA[
COMMAND: POST /session/ce97918bdc0a1a147a0182be0cb21eee/execute/async - {"script":"<script> [21 bytes]","args":[{"selector":{"controlType":"sap.m.GenericTile","properties":{"header":"Funding Asset"}},"wdio_ui5_key":"sapm.GenericTile{\"header\":\"Funding Asset\"}"}]}
RESULT: {"script":"<script> [21 bytes]","args":[{"selector":{"controlType":"sap.m.GenericTile","properties":{"header":"Funding Asset"}},"wdio_ui5_key":"sapm.GenericTile{\"header\":\"Funding Asset\"}"}]}
RESULT: undefined
COMMAND: POST /session/ce97918bdc0a1a147a0182be0cb21eee/element - {"using":"xpath","value":"//*[@id=\"__tile53\"]"}
RESULT: {"using":"xpath","value":"//*[@id=\"__tile53\"]"}
COMMAND: POST /session/ce97918bdc0a1a147a0182be0cb21eee/element/f.680953A48D6E86BA5DF8926C30E4CB29.d.9C49E58C3A12C33C746C9B3E6B38EC6D.e.67/click - {}
RESULT: {}
COMMAND: GET /session/ce97918bdc0a1a147a0182be0cb21eee/screenshot - {}
RESULT: {}
RESULT: undefined
COMMAND: POST /session/ce97918bdc0a1a147a0182be0cb21eee/element - {"using":"xpath","value":"//*[@id=\"__tile53\"]"}
RESULT: {"using":"xpath","value":"//*[@id=\"__tile53\"]"}
COMMAND: POST /session/ce97918bdc0a1a147a0182be0cb21eee/element/f.680953A48D6E86BA5DF8926C30E4CB29.d.9C49E58C3A12C33C746C9B3E6B38EC6D.e.178/click - {}
RESULT: undefined
COMMAND: POST /session/ce97918bdc0a1a147a0182be0cb21eee/element - {"using":"xpath","value":"//*[@id=\"__tile53\"]"}
RESULT: {"using":"xpath","value":"//*[@id=\"__tile53\"]"}
COMMAND: POST /session/ce97918bdc0a1a147a0182be0cb21eee/element/f.680953A48D6E86BA5DF8926C30E4CB29.d.9C49E58C3A12C33C746C9B3E6B38EC6D.e.178/click - {}
COMMAND: POST /session/ce97918bdc0a1a147a0182be0cb21eee/execute/async - {"script":"<script> [21 bytes]","args":[{"selector":{"id":"shellAppTitle"},"wdio_ui5_key":"shellAppTitle"}]}
RESULT: {"script":"<script> [21 bytes]","args":[{"selector":{"id":"shellAppTitle"},"wdio_ui5_key":"shellAppTitle"}]}
RESULT: undefined
COMMAND: POST /session/ce97918bdc0a1a147a0182be0cb21eee/execute/async - {"script":"<script> [21 bytes]","args":[{"element-6066-11e4-a52e-4f735466cecf":"f.680953A48D6E86BA5DF8926C30E4CB29.d.9C49E58C3A12C33C746C9B3E6B38EC6D.e.211"},"getTitle",[]]}
RESULT: {"script":"<script> [21 bytes]","args":[{"element-6066-11e4-a52e-4f735466cecf":"f.680953A48D6E86BA5DF8926C30E4CB29.d.9C49E58C3A12C33C746C9B3E6B38EC6D.e.211"},"getTitle",[]]}
COMMAND: POST /session/ce97918bdc0a1a147a0182be0cb21eee/execute/async - {"script":"<script> [21 bytes]","args":[{"selector":{"id":"backBtn"},"wdio_ui5_key":"backBtn"}]}
RESULT: {"script":"<script> [21 bytes]","args":[{"selector":{"id":"backBtn"},"wdio_ui5_key":"backBtn"}]}
RESULT: undefined
COMMAND: POST /session/ce97918bdc0a1a147a0182be0cb21eee/element - {"using":"xpath","value":"//*[@id=\"backBtn\"]"}
RESULT: {"using":"xpath","value":"//*[@id=\"backBtn\"]"}
COMMAND: POST /session/ce97918bdc0a1a147a0182be0cb21eee/element/f.680953A48D6E86BA5DF8926C30E4CB29.d.9C49E58C3A12C33C746C9B3E6B38EC6D.e.212/click - {}
RESULT: {}
COMMAND: GET /session/ce97918bdc0a1a147a0182be0cb21eee/screenshot - {}
RESULT: {}
COMMAND: GET /session/ce97918bdc0a1a147a0182be0cb21eee/screenshot - {}
]]></system-out>
    </testcase>
    <testcase classname="chrome.139_0_7258_139.windows.Sanity_Tests" name="Should open Funding Debtor page" time="25.759">
      <system-out><![CDATA[
COMMAND: POST /session/ce97918bdc0a1a147a0182be0cb21eee/execute/async - {"script":"<script> [21 bytes]","args":[{"selector":{"controlType":"sap.m.GenericTile","properties":{"header":"Funding Debtor"}},"wdio_ui5_key":"sapm.GenericTile{\"header\":\"Funding Debtor\"}"}]}
RESULT: {}
RESULT: {"script":"<script> [21 bytes]","args":[{"selector":{"controlType":"sap.m.GenericTile","properties":{"header":"Funding Debtor"}},"wdio_ui5_key":"sapm.GenericTile{\"header\":\"Funding Debtor\"}"}]}
RESULT: undefined
COMMAND: POST /session/ce97918bdc0a1a147a0182be0cb21eee/element - {"using":"xpath","value":"//*[@id=\"__tile54\"]"}
RESULT: {"using":"xpath","value":"//*[@id=\"__tile54\"]"}
COMMAND: POST /session/ce97918bdc0a1a147a0182be0cb21eee/element/f.680953A48D6E86BA5DF8926C30E4CB29.d.9C49E58C3A12C33C746C9B3E6B38EC6D.e.217/click - {}
RESULT: {}
COMMAND: GET /session/ce97918bdc0a1a147a0182be0cb21eee/screenshot - {}
RESULT: {}
RESULT: undefined
COMMAND: POST /session/ce97918bdc0a1a147a0182be0cb21eee/element - {"using":"xpath","value":"//*[@id=\"__tile54\"]"}
RESULT: {"using":"xpath","value":"//*[@id=\"__tile54\"]"}
COMMAND: POST /session/ce97918bdc0a1a147a0182be0cb21eee/element/f.680953A48D6E86BA5DF8926C30E4CB29.d.9C49E58C3A12C33C746C9B3E6B38EC6D.e.303/click - {}
RESULT: undefined
COMMAND: POST /session/ce97918bdc0a1a147a0182be0cb21eee/element - {"using":"xpath","value":"//*[@id=\"__tile54\"]"}
RESULT: {"using":"xpath","value":"//*[@id=\"__tile54\"]"}
COMMAND: POST /session/ce97918bdc0a1a147a0182be0cb21eee/element/f.680953A48D6E86BA5DF8926C30E4CB29.d.9C49E58C3A12C33C746C9B3E6B38EC6D.e.303/click - {}
RESULT: undefined
COMMAND: POST /session/ce97918bdc0a1a147a0182be0cb21eee/execute/async - {"script":"<script> [21 bytes]","args":[{"element-6066-11e4-a52e-4f735466cecf":"f.680953A48D6E86BA5DF8926C30E4CB29.d.9C49E58C3A12C33C746C9B3E6B38EC6D.e.211"},"getTitle",[]]}
RESULT: {"script":"<script> [21 bytes]","args":[{"element-6066-11e4-a52e-4f735466cecf":"f.680953A48D6E86BA5DF8926C30E4CB29.d.9C49E58C3A12C33C746C9B3E6B38EC6D.e.211"},"getTitle",[]]}
RESULT: undefined
COMMAND: POST /session/ce97918bdc0a1a147a0182be0cb21eee/element/f.680953A48D6E86BA5DF8926C30E4CB29.d.9C49E58C3A12C33C746C9B3E6B38EC6D.e.212/click - {}
RESULT: {}
COMMAND: GET /session/ce97918bdc0a1a147a0182be0cb21eee/screenshot - {}
RESULT: {}
COMMAND: GET /session/ce97918bdc0a1a147a0182be0cb21eee/screenshot - {}
]]></system-out>
    </testcase>
    <testcase classname="chrome.139_0_7258_139.windows.Sanity_Tests" name="Should open Asset Warehouse page" time="26.595">
      <system-out><![CDATA[
COMMAND: POST /session/ce97918bdc0a1a147a0182be0cb21eee/execute/async - {"script":"<script> [21 bytes]","args":[{"selector":{"controlType":"sap.m.GenericTile","properties":{"header":"Asset Warehouse"}},"wdio_ui5_key":"sapm.GenericTile{\"header\":\"Asset Warehouse\"}"}]}
RESULT: {}
RESULT: {"script":"<script> [21 bytes]","args":[{"selector":{"controlType":"sap.m.GenericTile","properties":{"header":"Asset Warehouse"}},"wdio_ui5_key":"sapm.GenericTile{\"header\":\"Asset Warehouse\"}"}]}
RESULT: undefined
COMMAND: POST /session/ce97918bdc0a1a147a0182be0cb21eee/element - {"using":"xpath","value":"//*[@id=\"__tile55\"]"}
RESULT: {"using":"xpath","value":"//*[@id=\"__tile55\"]"}
COMMAND: POST /session/ce97918bdc0a1a147a0182be0cb21eee/element/f.680953A48D6E86BA5DF8926C30E4CB29.d.9C49E58C3A12C33C746C9B3E6B38EC6D.e.311/click - {}
RESULT: {}
COMMAND: GET /session/ce97918bdc0a1a147a0182be0cb21eee/screenshot - {}
RESULT: {}
RESULT: undefined
COMMAND: POST /session/ce97918bdc0a1a147a0182be0cb21eee/element - {"using":"xpath","value":"//*[@id=\"__tile55\"]"}
RESULT: {"using":"xpath","value":"//*[@id=\"__tile55\"]"}
COMMAND: POST /session/ce97918bdc0a1a147a0182be0cb21eee/element/f.680953A48D6E86BA5DF8926C30E4CB29.d.9C49E58C3A12C33C746C9B3E6B38EC6D.e.399/click - {}
RESULT: undefined
COMMAND: POST /session/ce97918bdc0a1a147a0182be0cb21eee/element - {"using":"xpath","value":"//*[@id=\"__tile55\"]"}
RESULT: {"using":"xpath","value":"//*[@id=\"__tile55\"]"}
COMMAND: POST /session/ce97918bdc0a1a147a0182be0cb21eee/element/f.680953A48D6E86BA5DF8926C30E4CB29.d.9C49E58C3A12C33C746C9B3E6B38EC6D.e.399/click - {}
RESULT: undefined
COMMAND: POST /session/ce97918bdc0a1a147a0182be0cb21eee/execute/async - {"script":"<script> [21 bytes]","args":[{"element-6066-11e4-a52e-4f735466cecf":"f.680953A48D6E86BA5DF8926C30E4CB29.d.9C49E58C3A12C33C746C9B3E6B38EC6D.e.211"},"getTitle",[]]}
RESULT: {"script":"<script> [21 bytes]","args":[{"element-6066-11e4-a52e-4f735466cecf":"f.680953A48D6E86BA5DF8926C30E4CB29.d.9C49E58C3A12C33C746C9B3E6B38EC6D.e.211"},"getTitle",[]]}
RESULT: undefined
COMMAND: POST /session/ce97918bdc0a1a147a0182be0cb21eee/element/f.680953A48D6E86BA5DF8926C30E4CB29.d.9C49E58C3A12C33C746C9B3E6B38EC6D.e.212/click - {}
COMMAND: POST /session/ce97918bdc0a1a147a0182be0cb21eee/element - {"using":"xpath","value":"//*[@id=\"backBtn\"]"}
RESULT: {"using":"xpath","value":"//*[@id=\"backBtn\"]"}
COMMAND: POST /session/ce97918bdc0a1a147a0182be0cb21eee/element/f.680953A48D6E86BA5DF8926C30E4CB29.d.9C49E58C3A12C33C746C9B3E6B38EC6D.e.212/click - {}
COMMAND: POST /session/ce97918bdc0a1a147a0182be0cb21eee/element - {"using":"xpath","value":"//*[@id=\"backBtn\"]"}
RESULT: {"using":"xpath","value":"//*[@id=\"backBtn\"]"}
COMMAND: POST /session/ce97918bdc0a1a147a0182be0cb21eee/element/f.680953A48D6E86BA5DF8926C30E4CB29.d.9C49E58C3A12C33C746C9B3E6B38EC6D.e.406/click - {}
RESULT: {}
COMMAND: GET /session/ce97918bdc0a1a147a0182be0cb21eee/screenshot - {}
RESULT: {}
COMMAND: GET /session/ce97918bdc0a1a147a0182be0cb21eee/screenshot - {}
COMMAND: DELETE /session/ce97918bdc0a1a147a0182be0cb21eee - {}
RESULT: {}
RESULT: {}
]]></system-out>
    </testcase>
  </testsuite>
</testsuites>