<?xml version="1.0" encoding="UTF-8"?>
<testsuites tests="16" failures="7" errors="7" skipped="7">
  <testsuite timestamp="2025-08-28T01:03:13" time="613.129" tests="16" failures="7" errors="7" skipped="7">
    <properties>
      <property name="specId" value="0"/>
      <property name="suiteName" value="FundingContract"/>
      <property name="capabilities" value="chrome.139_0_7258_139.windows"/>
      <property name="file" value="file:///D:/a/1/s/test/specs/BusinessObjects/FundingContract.spec.js"/>
    </properties>
    <testcase classname="chrome.139_0_7258_139.windows.FundingContract" name="Should create Program" time="170.871">
      <system-out><![CDATA[
COMMAND: POST /session/58522511f3c42bf9b76750c5285d7f8d/execute/async - {"script":"<script> [21 bytes]","args":[{"selector":{"controlType":"sap.m.GenericTile","properties":{"header":"Funding Program"}},"wdio_ui5_key":"sapm.GenericTile{\"header\":\"Funding Program\"}"}]}
RESULT: {"script":"<script> [21 bytes]","args":[{"selector":{"controlType":"sap.m.GenericTile","properties":{"header":"Funding Program"}},"wdio_ui5_key":"sapm.GenericTile{\"header\":\"Funding Program\"}"}]}
RESULT: undefined
COMMAND: POST /session/58522511f3c42bf9b76750c5285d7f8d/element - {"using":"xpath","value":"//*[@id=\"__tile29\"]"}
RESULT: {"using":"xpath","value":"//*[@id=\"__tile29\"]"}
COMMAND: POST /session/58522511f3c42bf9b76750c5285d7f8d/element/f.9234DF757CE5BD014DE1A145965DEAFC.d.A81F2A4C550671822EDD311B1685285F.e.76/click - {}
RESULT: {}
COMMAND: POST /session/58522511f3c42bf9b76750c5285d7f8d/execute/async - {"script":"<script> [21 bytes]","args":[{"selector":{"id":"rfm.programui::xRFMxCU_ProgramList--fe::table::allTab::LineItem::StandardAction::Create","controlType":"sap.m.Button"},"wdio_ui5_key":"rfmprogramui::xRFMxCU_ProgramList--fe::table::allTab::LineItem::StandardAction::Createsap.m.Button"}]}
COMMAND: GET /session/58522511f3c42bf9b76750c5285d7f8d/screenshot - {}
RESULT: {"script":"<script> [21 bytes]","args":[{"selector":{"id":"rfm.programui::xRFMxCU_ProgramList--fe::table::allTab::LineItem::StandardAction::Create","controlType":"sap.m.Button"},"wdio_ui5_key":"rfmprogramui::xRFMxCU_ProgramList--fe::table::allTab::LineItem::StandardAction::Createsap.m.Button"}]}
RESULT: undefined
COMMAND: POST /session/58522511f3c42bf9b76750c5285d7f8d/element - {"using":"xpath","value":"//*[@id=\"rfm.programui::xRFMxCU_ProgramList--fe::table::allTab::LineItem::StandardAction::Create\"]"}
RESULT: {}
RESULT: {"using":"xpath","value":"//*[@id=\"rfm.programui::xRFMxCU_ProgramList--fe::table::allTab::LineItem::StandardAction::Create\"]"}
COMMAND: POST /session/58522511f3c42bf9b76750c5285d7f8d/element/f.9234DF757CE5BD014DE1A145965DEAFC.d.A81F2A4C550671822EDD311B1685285F.e.132/click - {}
RESULT: {}
COMMAND: GET /session/58522511f3c42bf9b76750c5285d7f8d/screenshot - {}
RESULT: {}
COMMAND: POST /session/58522511f3c42bf9b76750c5285d7f8d/execute/async - {"script":"<script> [21 bytes]","args":[{"selector":{"id":"CreateDialog::xRFMxCU_ProgramType::FundingScope-inner","searchOpenDialogs":true,"interaction":{"idSuffix":"inner"}},"wdio_ui5_key":"CreateDialogxRFMxCU_ProgramType::FundingScope-inner"}]}
RESULT: {"script":"<script> [21 bytes]","args":[{"selector":{"id":"CreateDialog::xRFMxCU_ProgramType::FundingScope-inner","searchOpenDialogs":true,"interaction":{"idSuffix":"inner"}},"wdio_ui5_key":"CreateDialogxRFMxCU_ProgramType::FundingScope-inner"}]}
RESULT: undefined
COMMAND: POST /session/58522511f3c42bf9b76750c5285d7f8d/execute/async - {"script":"<script> [20 bytes]","args":[{"enterText":"Installment","selector":{"id":"CreateDialog::xRFMxCU_ProgramType::FundingScope-inner","searchOpenDialogs":true,"interaction":{"idSuffix":"inner"}},"clearTextFirst":true,"interactionType":"ENTER_TEXT"}]}
RESULT: {"script":"<script> [20 bytes]","args":[{"enterText":"Installment","selector":{"id":"CreateDialog::xRFMxCU_ProgramType::FundingScope-inner","searchOpenDialogs":true,"interaction":{"idSuffix":"inner"}},"clearTextFirst":true,"interactionType":"ENTER_TEXT"}]}
COMMAND: POST /session/58522511f3c42bf9b76750c5285d7f8d/execute/async - {"script":"<script> [21 bytes]","args":[{"selector":{"id":"CreateDialog::xRFMxCU_ProgramType::ValidFrom-inner","searchOpenDialogs":true,"interaction":{"idSuffix":"inner"}},"wdio_ui5_key":"CreateDialogxRFMxCU_ProgramType::ValidFrom-inner"}]}
RESULT: {"script":"<script> [21 bytes]","args":[{"selector":{"id":"CreateDialog::xRFMxCU_ProgramType::ValidFrom-inner","searchOpenDialogs":true,"interaction":{"idSuffix":"inner"}},"wdio_ui5_key":"CreateDialogxRFMxCU_ProgramType::ValidFrom-inner"}]}
RESULT: undefined
COMMAND: POST /session/58522511f3c42bf9b76750c5285d7f8d/execute/async - {"script":"<script> [21 bytes]","args":[{"element-6066-11e4-a52e-4f735466cecf":"f.9234DF757CE5BD014DE1A145965DEAFC.d.A81F2A4C550671822EDD311B1685285F.e.274"},"setValue",["2025-01-01"]]}
RESULT: {"script":"<script> [21 bytes]","args":[{"element-6066-11e4-a52e-4f735466cecf":"f.9234DF757CE5BD014DE1A145965DEAFC.d.A81F2A4C550671822EDD311B1685285F.e.274"},"setValue",["2025-01-01"]]}
COMMAND: POST /session/58522511f3c42bf9b76750c5285d7f8d/execute/async - {"script":"<script> [21 bytes]","args":[{"selector":{"id":"CreateDialog::xRFMxCU_ProgramType::PortfolioId-inner","searchOpenDialogs":true,"interaction":{"idSuffix":"inner"}},"wdio_ui5_key":"CreateDialogxRFMxCU_ProgramType::PortfolioId-inner"}]}
RESULT: {"script":"<script> [21 bytes]","args":[{"selector":{"id":"CreateDialog::xRFMxCU_ProgramType::PortfolioId-inner","searchOpenDialogs":true,"interaction":{"idSuffix":"inner"}},"wdio_ui5_key":"CreateDialogxRFMxCU_ProgramType::PortfolioId-inner"}]}
RESULT: undefined
COMMAND: POST /session/58522511f3c42bf9b76750c5285d7f8d/execute/async - {"script":"<script> [20 bytes]","args":[{"enterText":"1","selector":{"id":"CreateDialog::xRFMxCU_ProgramType::PortfolioId-inner","searchOpenDialogs":true,"interaction":{"idSuffix":"inner"}},"clearTextFirst":true,"interactionType":"ENTER_TEXT"}]}
RESULT: {"script":"<script> [20 bytes]","args":[{"enterText":"1","selector":{"id":"CreateDialog::xRFMxCU_ProgramType::PortfolioId-inner","searchOpenDialogs":true,"interaction":{"idSuffix":"inner"}},"clearTextFirst":true,"interactionType":"ENTER_TEXT"}]}
COMMAND: POST /session/58522511f3c42bf9b76750c5285d7f8d/execute/async - {"script":"<script> [21 bytes]","args":[{"selector":{"controlType":"sap.m.Button","viewName":"sap.fe.templates.ObjectPage.ObjectPage","viewId":"rfm.programui::xRFMxCU_ProgramObjectPage","properties":{"text":"Continue"},"searchOpenDialogs":true,"interaction":{"idSuffix":"BDI-content"}},"wdio_ui5_key":"sapfe.templates.ObjectPage.ObjectPagesap.m.Button{\"text\":\"Continue\"}"}]}
RESULT: {"script":"<script> [21 bytes]","args":[{"selector":{"controlType":"sap.m.Button","viewName":"sap.fe.templates.ObjectPage.ObjectPage","viewId":"rfm.programui::xRFMxCU_ProgramObjectPage","properties":{"text":"Continue"},"searchOpenDialogs":true,"interaction":{"idSuffix":"BDI-content"}},"wdio_ui5_key":"sapfe.templates.ObjectPage.ObjectPagesap.m.Button{\"text\":\"Continue\"}"}]}
RESULT: undefined
COMMAND: POST /session/58522511f3c42bf9b76750c5285d7f8d/element - {"using":"xpath","value":"//*[@id=\"__button198\"]"}
RESULT: {"using":"xpath","value":"//*[@id=\"__button198\"]"}
COMMAND: POST /session/58522511f3c42bf9b76750c5285d7f8d/element/f.9234DF757CE5BD014DE1A145965DEAFC.d.A81F2A4C550671822EDD311B1685285F.e.291/click - {}
RESULT: {}
COMMAND: GET /session/58522511f3c42bf9b76750c5285d7f8d/screenshot - {}
RESULT: {}
COMMAND: POST /session/58522511f3c42bf9b76750c5285d7f8d/execute/async - {"script":"<script> [21 bytes]","args":[{"selector":{"id":"rfm.programui::xRFMxCU_ProgramObjectPage--fe::CustomSubSection::CustomDetailsSection--fe::FormContainer::FieldGroup::basicData1::FormElement::DataField::Currency::Field-edit-inner","interaction":{"idSuffix":"inner"}},"wdio_ui5_key":"rfmprogramui::xRFMxCU_ProgramObjectPage--fe::CustomSubSection::CustomDetailsSection--fe::FormContainer::FieldGroup::basicData1::FormElement::DataField::Currency::Field-edit-inner"}]}
RESULT: {"script":"<script> [21 bytes]","args":[{"selector":{"id":"rfm.programui::xRFMxCU_ProgramObjectPage--fe::CustomSubSection::CustomDetailsSection--fe::FormContainer::FieldGroup::basicData1::FormElement::DataField::Currency::Field-edit-inner","interaction":{"idSuffix":"inner"}},"wdio_ui5_key":"rfmprogramui::xRFMxCU_ProgramObjectPage--fe::CustomSubSection::CustomDetailsSection--fe::FormContainer::FieldGroup::basicData1::FormElement::DataField::Currency::Field-edit-inner"}]}
RESULT: undefined
COMMAND: POST /session/58522511f3c42bf9b76750c5285d7f8d/execute/async - {"script":"<script> [20 bytes]","args":[{"enterText":"EUR","selector":{"id":"rfm.programui::xRFMxCU_ProgramObjectPage--fe::CustomSubSection::CustomDetailsSection--fe::FormContainer::FieldGroup::basicData1::FormElement::DataField::Currency::Field-edit-inner","interaction":{"idSuffix":"inner"}},"clearTextFirst":true,"interactionType":"ENTER_TEXT"}]}
RESULT: {"script":"<script> [20 bytes]","args":[{"enterText":"EUR","selector":{"id":"rfm.programui::xRFMxCU_ProgramObjectPage--fe::CustomSubSection::CustomDetailsSection--fe::FormContainer::FieldGroup::basicData1::FormElement::DataField::Currency::Field-edit-inner","interaction":{"idSuffix":"inner"}},"clearTextFirst":true,"interactionType":"ENTER_TEXT"}]}
COMMAND: POST /session/58522511f3c42bf9b76750c5285d7f8d/execute/async - {"script":"<script> [21 bytes]","args":[{"selector":{"id":"rfm.programui::xRFMxCU_ProgramObjectPage--fe::CustomSubSection::CustomDetailsSection--fe::FormContainer::FieldGroup::basicData1::FormElement::DataField::Volume::Field-edit-inner","interaction":{"idSuffix":"inner"}},"wdio_ui5_key":"rfmprogramui::xRFMxCU_ProgramObjectPage--fe::CustomSubSection::CustomDetailsSection--fe::FormContainer::FieldGroup::basicData1::FormElement::DataField::Volume::Field-edit-inner"}]}
RESULT: {"script":"<script> [21 bytes]","args":[{"selector":{"id":"rfm.programui::xRFMxCU_ProgramObjectPage--fe::CustomSubSection::CustomDetailsSection--fe::FormContainer::FieldGroup::basicData1::FormElement::DataField::Volume::Field-edit-inner","interaction":{"idSuffix":"inner"}},"wdio_ui5_key":"rfmprogramui::xRFMxCU_ProgramObjectPage--fe::CustomSubSection::CustomDetailsSection--fe::FormContainer::FieldGroup::basicData1::FormElement::DataField::Volume::Field-edit-inner"}]}
RESULT: undefined
COMMAND: POST /session/58522511f3c42bf9b76750c5285d7f8d/execute/async - {"script":"<script> [20 bytes]","args":[{"enterText":"1,000,000,000.00","selector":{"id":"rfm.programui::xRFMxCU_ProgramObjectPage--fe::CustomSubSection::CustomDetailsSection--fe::FormContainer::FieldGroup::basicData1::FormElement::DataField::Volume::Field-edit-inner","interaction":{"idSuffix":"inner"}},"clearTextFirst":true,"interactionType":"ENTER_TEXT"}]}
RESULT: {"script":"<script> [20 bytes]","args":[{"enterText":"1,000,000,000.00","selector":{"id":"rfm.programui::xRFMxCU_ProgramObjectPage--fe::CustomSubSection::CustomDetailsSection--fe::FormContainer::FieldGroup::basicData1::FormElement::DataField::Volume::Field-edit-inner","interaction":{"idSuffix":"inner"}},"clearTextFirst":true,"interactionType":"ENTER_TEXT"}]}
COMMAND: POST /session/58522511f3c42bf9b76750c5285d7f8d/execute/async - {"script":"<script> [21 bytes]","args":[{"selector":{"id":"rfm.programui::xRFMxCU_ProgramObjectPage--fe::CustomSubSection::CustomDetailsSection--fe::FormContainer::FieldGroup::basicData1::FormElement::DataField::ValidTo::Field-edit","interaction":{"idSuffix":"inner"}},"wdio_ui5_key":"rfmprogramui::xRFMxCU_ProgramObjectPage--fe::CustomSubSection::CustomDetailsSection--fe::FormContainer::FieldGroup::basicData1::FormElement::DataField::ValidTo::Field-edit"}]}
RESULT: {"script":"<script> [21 bytes]","args":[{"selector":{"id":"rfm.programui::xRFMxCU_ProgramObjectPage--fe::CustomSubSection::CustomDetailsSection--fe::FormContainer::FieldGroup::basicData1::FormElement::DataField::ValidTo::Field-edit","interaction":{"idSuffix":"inner"}},"wdio_ui5_key":"rfmprogramui::xRFMxCU_ProgramObjectPage--fe::CustomSubSection::CustomDetailsSection--fe::FormContainer::FieldGroup::basicData1::FormElement::DataField::ValidTo::Field-edit"}]}
RESULT: undefined
COMMAND: POST /session/58522511f3c42bf9b76750c5285d7f8d/execute/async - {"script":"<script> [21 bytes]","args":[{"element-6066-11e4-a52e-4f735466cecf":"f.9234DF757CE5BD014DE1A145965DEAFC.d.A81F2A4C550671822EDD311B1685285F.e.344"},"setValue",["2027-12-31"]]}
RESULT: {"script":"<script> [21 bytes]","args":[{"element-6066-11e4-a52e-4f735466cecf":"f.9234DF757CE5BD014DE1A145965DEAFC.d.A81F2A4C550671822EDD311B1685285F.e.344"},"setValue",["2027-12-31"]]}
COMMAND: POST /session/58522511f3c42bf9b76750c5285d7f8d/execute/async - {"script":"<script> [21 bytes]","args":[{"selector":{"id":"rfm.programui::xRFMxCU_ProgramObjectPage--fe::CustomSubSection::CustomDetailsSection--fe::FormContainer::FieldGroup::basicData2::FormElement::DataField::CompanyCode::Field-edit-inner","interaction":{"idSuffix":"inner"}},"wdio_ui5_key":"rfmprogramui::xRFMxCU_ProgramObjectPage--fe::CustomSubSection::CustomDetailsSection--fe::FormContainer::FieldGroup::basicData2::FormElement::DataField::CompanyCode::Field-edit-inner"}]}
RESULT: {"script":"<script> [21 bytes]","args":[{"selector":{"id":"rfm.programui::xRFMxCU_ProgramObjectPage--fe::CustomSubSection::CustomDetailsSection--fe::FormContainer::FieldGroup::basicData2::FormElement::DataField::CompanyCode::Field-edit-inner","interaction":{"idSuffix":"inner"}},"wdio_ui5_key":"rfmprogramui::xRFMxCU_ProgramObjectPage--fe::CustomSubSection::CustomDetailsSection--fe::FormContainer::FieldGroup::basicData2::FormElement::DataField::CompanyCode::Field-edit-inner"}]}
RESULT: undefined
COMMAND: POST /session/58522511f3c42bf9b76750c5285d7f8d/execute/async - {"script":"<script> [20 bytes]","args":[{"enterText":"BearingPoint (0001)","selector":{"id":"rfm.programui::xRFMxCU_ProgramObjectPage--fe::CustomSubSection::CustomDetailsSection--fe::FormContainer::FieldGroup::basicData2::FormElement::DataField::CompanyCode::Field-edit-inner","interaction":{"idSuffix":"inner"}},"clearTextFirst":true,"interactionType":"ENTER_TEXT"}]}
RESULT: {"script":"<script> [20 bytes]","args":[{"enterText":"BearingPoint (0001)","selector":{"id":"rfm.programui::xRFMxCU_ProgramObjectPage--fe::CustomSubSection::CustomDetailsSection--fe::FormContainer::FieldGroup::basicData2::FormElement::DataField::CompanyCode::Field-edit-inner","interaction":{"idSuffix":"inner"}},"clearTextFirst":true,"interactionType":"ENTER_TEXT"}]}
COMMAND: POST /session/58522511f3c42bf9b76750c5285d7f8d/execute/async - {"script":"<script> [21 bytes]","args":[{"selector":{"id":"rfm.programui::xRFMxCU_ProgramObjectPage--fe::CustomSubSection::CustomDetailsSection--DetailsFundingTypesTable-content::StandardAction::Create","interaction":{"idSuffix":"BDI-content"}},"wdio_ui5_key":"rfmprogramui::xRFMxCU_ProgramObjectPage--fe::CustomSubSection::CustomDetailsSection--DetailsFundingTypesTable-content::StandardAction::Create"}]}
RESULT: {"script":"<script> [21 bytes]","args":[{"selector":{"id":"rfm.programui::xRFMxCU_ProgramObjectPage--fe::CustomSubSection::CustomDetailsSection--DetailsFundingTypesTable-content::StandardAction::Create","interaction":{"idSuffix":"BDI-content"}},"wdio_ui5_key":"rfmprogramui::xRFMxCU_ProgramObjectPage--fe::CustomSubSection::CustomDetailsSection--DetailsFundingTypesTable-content::StandardAction::Create"}]}
RESULT: undefined
COMMAND: POST /session/58522511f3c42bf9b76750c5285d7f8d/element - {"using":"xpath","value":"//*[@id=\"rfm.programui::xRFMxCU_ProgramObjectPage--fe::CustomSubSection::CustomDetailsSection--DetailsFundingTypesTable-content::StandardAction::Create\"]"}
RESULT: {"using":"xpath","value":"//*[@id=\"rfm.programui::xRFMxCU_ProgramObjectPage--fe::CustomSubSection::CustomDetailsSection--DetailsFundingTypesTable-content::StandardAction::Create\"]"}
COMMAND: POST /session/58522511f3c42bf9b76750c5285d7f8d/element/f.9234DF757CE5BD014DE1A145965DEAFC.d.A81F2A4C550671822EDD311B1685285F.e.355/click - {}
RESULT: {}
COMMAND: GET /session/58522511f3c42bf9b76750c5285d7f8d/screenshot - {}
RESULT: {}
COMMAND: POST /session/58522511f3c42bf9b76750c5285d7f8d/execute/async - {"script":"<script> [21 bytes]","args":[{"selector":{"id":"CreateDialog::xRFMxCU_ProgramFundingTypeType::FundingType-inner","searchOpenDialogs":true,"interaction":{"idSuffix":"inner"}},"wdio_ui5_key":"CreateDialogxRFMxCU_ProgramFundingTypeType::FundingType-inner"}]}
RESULT: {"script":"<script> [21 bytes]","args":[{"selector":{"id":"CreateDialog::xRFMxCU_ProgramFundingTypeType::FundingType-inner","searchOpenDialogs":true,"interaction":{"idSuffix":"inner"}},"wdio_ui5_key":"CreateDialogxRFMxCU_ProgramFundingTypeType::FundingType-inner"}]}
RESULT: undefined
COMMAND: POST /session/58522511f3c42bf9b76750c5285d7f8d/execute/async - {"script":"<script> [20 bytes]","args":[{"enterText":"20","selector":{"id":"CreateDialog::xRFMxCU_ProgramFundingTypeType::FundingType-inner","searchOpenDialogs":true,"interaction":{"idSuffix":"inner"}},"clearTextFirst":true,"interactionType":"ENTER_TEXT"}]}
RESULT: {"script":"<script> [20 bytes]","args":[{"enterText":"20","selector":{"id":"CreateDialog::xRFMxCU_ProgramFundingTypeType::FundingType-inner","searchOpenDialogs":true,"interaction":{"idSuffix":"inner"}},"clearTextFirst":true,"interactionType":"ENTER_TEXT"}]}
COMMAND: POST /session/58522511f3c42bf9b76750c5285d7f8d/execute/async - {"script":"<script> [21 bytes]","args":[{"selector":{"id":"CreateDialog::xRFMxCU_Program::_AllowedFundingType-footer","searchOpenDialogs":true},"wdio_ui5_key":"CreateDialogxRFMxCU_Program::_AllowedFundingType-footer"}]}
RESULT: {"script":"<script> [21 bytes]","args":[{"selector":{"id":"CreateDialog::xRFMxCU_Program::_AllowedFundingType-footer","searchOpenDialogs":true},"wdio_ui5_key":"CreateDialogxRFMxCU_Program::_AllowedFundingType-footer"}]}
RESULT: undefined
COMMAND: POST /session/58522511f3c42bf9b76750c5285d7f8d/element - {"using":"xpath","value":"//*[@id=\"CreateDialog::xRFMxCU_Program::_AllowedFundingType-footer\"]"}
RESULT: {"using":"xpath","value":"//*[@id=\"CreateDialog::xRFMxCU_Program::_AllowedFundingType-footer\"]"}
COMMAND: POST /session/58522511f3c42bf9b76750c5285d7f8d/element/f.9234DF757CE5BD014DE1A145965DEAFC.d.A81F2A4C550671822EDD311B1685285F.e.495/click - {}
RESULT: {}
COMMAND: GET /session/58522511f3c42bf9b76750c5285d7f8d/screenshot - {}
RESULT: {}
RESULT: undefined
COMMAND: POST /session/58522511f3c42bf9b76750c5285d7f8d/execute/async - {"script":"<script> [21 bytes]","args":[{"element-6066-11e4-a52e-4f735466cecf":"f.9234DF757CE5BD014DE1A145965DEAFC.d.A81F2A4C550671822EDD311B1685285F.e.290"},"getEnabled",[]]}
COMMAND: POST /session/58522511f3c42bf9b76750c5285d7f8d/execute/async - {"script":"<script> [21 bytes]","args":[{"selector":{"controlType":"sap.m.Button","viewName":"sap.fe.templates.ObjectPage.ObjectPage","viewId":"rfm.programui::xRFMxCU_ProgramObjectPage","properties":{"text":"Continue"},"searchOpenDialogs":true,"interaction":{"idSuffix":"BDI-content"}},"wdio_ui5_key":"sapfe.templates.ObjectPage.ObjectPagesap.m.Button{\"text\":\"Continue\"}"}]}
RESULT: {"script":"<script> [21 bytes]","args":[{"selector":{"controlType":"sap.m.Button","viewName":"sap.fe.templates.ObjectPage.ObjectPage","viewId":"rfm.programui::xRFMxCU_ProgramObjectPage","properties":{"text":"Continue"},"searchOpenDialogs":true,"interaction":{"idSuffix":"BDI-content"}},"wdio_ui5_key":"sapfe.templates.ObjectPage.ObjectPagesap.m.Button{\"text\":\"Continue\"}"}]}
COMMAND: POST /session/58522511f3c42bf9b76750c5285d7f8d/execute/async - {"script":"<script> [21 bytes]","args":[{"element-6066-11e4-a52e-4f735466cecf":"f.9234DF757CE5BD014DE1A145965DEAFC.d.A81F2A4C550671822EDD311B1685285F.e.496"},"getEnabled",[]]}
RESULT: {"script":"<script> [21 bytes]","args":[{"element-6066-11e4-a52e-4f735466cecf":"f.9234DF757CE5BD014DE1A145965DEAFC.d.A81F2A4C550671822EDD311B1685285F.e.496"},"getEnabled",[]]}
COMMAND: POST /session/58522511f3c42bf9b76750c5285d7f8d/element - {"using":"xpath","value":"//*[@id=\"__button211\"]"}
COMMAND: POST /session/58522511f3c42bf9b76750c5285d7f8d/execute/async - {"script":"<script> [21 bytes]","args":[{"element-6066-11e4-a52e-4f735466cecf":"f.9234DF757CE5BD014DE1A145965DEAFC.d.A81F2A4C550671822EDD311B1685285F.e.290"},"getEnabled",[]]}
COMMAND: POST /session/58522511f3c42bf9b76750c5285d7f8d/execute/async - {"script":"<script> [21 bytes]","args":[{"selector":{"controlType":"sap.m.Button","viewName":"sap.fe.templates.ObjectPage.ObjectPage","viewId":"rfm.programui::xRFMxCU_ProgramObjectPage","properties":{"text":"Continue"},"searchOpenDialogs":true,"interaction":{"idSuffix":"BDI-content"}},"wdio_ui5_key":"sapfe.templates.ObjectPage.ObjectPagesap.m.Button{\"text\":\"Continue\"}"}]}
RESULT: {"using":"xpath","value":"//*[@id=\"__button211\"]"}
COMMAND: POST /session/58522511f3c42bf9b76750c5285d7f8d/element/f.9234DF757CE5BD014DE1A145965DEAFC.d.A81F2A4C550671822EDD311B1685285F.e.497/click - {}
RESULT: {"script":"<script> [21 bytes]","args":[{"selector":{"controlType":"sap.m.Button","viewName":"sap.fe.templates.ObjectPage.ObjectPage","viewId":"rfm.programui::xRFMxCU_ProgramObjectPage","properties":{"text":"Continue"},"searchOpenDialogs":true,"interaction":{"idSuffix":"BDI-content"}},"wdio_ui5_key":"sapfe.templates.ObjectPage.ObjectPagesap.m.Button{\"text\":\"Continue\"}"}]}
COMMAND: POST /session/58522511f3c42bf9b76750c5285d7f8d/execute/async - {"script":"<script> [21 bytes]","args":[{"element-6066-11e4-a52e-4f735466cecf":"f.9234DF757CE5BD014DE1A145965DEAFC.d.A81F2A4C550671822EDD311B1685285F.e.496"},"getEnabled",[]]}
RESULT: {}
COMMAND: GET /session/58522511f3c42bf9b76750c5285d7f8d/screenshot - {}
COMMAND: POST /session/58522511f3c42bf9b76750c5285d7f8d/execute/async - {"script":"<script> [21 bytes]","args":[{"selector":{"id":"rfm.programui::xRFMxCU_Program__AllowedFundingTypeObjectPage--fe::FooterBar::StandardAction::Apply","interaction":{"idSuffix":"BDI-content"}},"wdio_ui5_key":"rfmprogramui::xRFMxCU_Program__AllowedFundingTypeObjectPage--fe::FooterBar::StandardAction::Apply"}]}
RESULT: {}
RESULT: {"script":"<script> [21 bytes]","args":[{"selector":{"id":"rfm.programui::xRFMxCU_Program__AllowedFundingTypeObjectPage--fe::FooterBar::StandardAction::Apply","interaction":{"idSuffix":"BDI-content"}},"wdio_ui5_key":"rfmprogramui::xRFMxCU_Program__AllowedFundingTypeObjectPage--fe::FooterBar::StandardAction::Apply"}]}
RESULT: undefined
COMMAND: POST /session/58522511f3c42bf9b76750c5285d7f8d/execute/async - {"script":"<script> [21 bytes]","args":[{"selector":{"id":"rfm.programui::xRFMxCU_ProgramObjectPage--fe::ObjectPage-anchBar-rfm.programui::xRFMxCU_ProgramObjectPage--fe::EditableHeaderSection-anchor","interaction":{"idSuffix":"text"}},"wdio_ui5_key":"rfmprogramui::xRFMxCU_ProgramObjectPage--fe::ObjectPage-anchBar-rfm.programui::xRFMxCU_ProgramObjectPage--fe::EditableHeaderSection-anchor"}]}
RESULT: {"script":"<script> [21 bytes]","args":[{"selector":{"id":"rfm.programui::xRFMxCU_ProgramObjectPage--fe::ObjectPage-anchBar-rfm.programui::xRFMxCU_ProgramObjectPage--fe::EditableHeaderSection-anchor","interaction":{"idSuffix":"text"}},"wdio_ui5_key":"rfmprogramui::xRFMxCU_ProgramObjectPage--fe::ObjectPage-anchBar-rfm.programui::xRFMxCU_ProgramObjectPage--fe::EditableHeaderSection-anchor"}]}
RESULT: undefined
COMMAND: POST /session/58522511f3c42bf9b76750c5285d7f8d/execute/async - {"script":"<script> [21 bytes]","args":[{"selector":{"id":"rfm.programui::xRFMxCU_ProgramObjectPage--fe::HeaderFacet::FormContainer::headerFieldsGP1::FormElement::DataField::Name::Field-edit","interaction":{"idSuffix":"inner"}},"wdio_ui5_key":"rfmprogramui::xRFMxCU_ProgramObjectPage--fe::HeaderFacet::FormContainer::headerFieldsGP1::FormElement::DataField::Name::Field-edit"}]}
RESULT: {"script":"<script> [21 bytes]","args":[{"selector":{"id":"rfm.programui::xRFMxCU_ProgramObjectPage--fe::HeaderFacet::FormContainer::headerFieldsGP1::FormElement::DataField::Name::Field-edit","interaction":{"idSuffix":"inner"}},"wdio_ui5_key":"rfmprogramui::xRFMxCU_ProgramObjectPage--fe::HeaderFacet::FormContainer::headerFieldsGP1::FormElement::DataField::Name::Field-edit"}]}
RESULT: undefined
COMMAND: POST /session/58522511f3c42bf9b76750c5285d7f8d/execute/async - {"script":"<script> [21 bytes]","args":[{"selector":{"id":"rfm.programui::xRFMxCU_ProgramObjectPage--fe::FooterBar::StandardAction::Save","interaction":{"idSuffix":"BDI-content"}},"wdio_ui5_key":"rfmprogramui::xRFMxCU_ProgramObjectPage--fe::FooterBar::StandardAction::Save"}]}
RESULT: {"script":"<script> [21 bytes]","args":[{"selector":{"id":"rfm.programui::xRFMxCU_ProgramObjectPage--fe::FooterBar::StandardAction::Save","interaction":{"idSuffix":"BDI-content"}},"wdio_ui5_key":"rfmprogramui::xRFMxCU_ProgramObjectPage--fe::FooterBar::StandardAction::Save"}]}
RESULT: undefined
COMMAND: POST /session/58522511f3c42bf9b76750c5285d7f8d/execute/async - {"script":"<script> [21 bytes]","args":[{"selector":{"id":"rfm.programui::xRFMxCU_ProgramObjectPage--fe::HeaderFacet::Form::headerFieldsGP1::DataField::ProgramId::Field-content"},"wdio_ui5_key":"rfmprogramui::xRFMxCU_ProgramObjectPage--fe::HeaderFacet::Form::headerFieldsGP1::DataField::ProgramId::Field-content"}]}
RESULT: {"script":"<script> [21 bytes]","args":[{"selector":{"id":"rfm.programui::xRFMxCU_ProgramObjectPage--fe::HeaderFacet::Form::headerFieldsGP1::DataField::ProgramId::Field-content"},"wdio_ui5_key":"rfmprogramui::xRFMxCU_ProgramObjectPage--fe::HeaderFacet::Form::headerFieldsGP1::DataField::ProgramId::Field-content"}]}
RESULT: undefined
COMMAND: POST /session/58522511f3c42bf9b76750c5285d7f8d/execute/async - {"script":"<script> [21 bytes]","args":[{"selector":{"id":"rfm.programui::xRFMxCU_ProgramObjectPage--fe::DataFieldForAction::com.sap.gateway.srvd.rfm.ui_program.v0001.Open::com.sap.gateway.srvd.rfm.ui_program.v0001.xRFMxCU_ProgramType","interaction":{"idSuffix":"BDI-content"}},"wdio_ui5_key":"rfmprogramui::xRFMxCU_ProgramObjectPage--fe::DataFieldForAction::com.sap.gateway.srvd.rfm.ui_program.v0001.Open::com.sap.gateway.srvd.rfm.ui_program.v0001.xRFMxCU_ProgramType"}]}
RESULT: {"script":"<script> [21 bytes]","args":[{"selector":{"id":"rfm.programui::xRFMxCU_ProgramObjectPage--fe::DataFieldForAction::com.sap.gateway.srvd.rfm.ui_program.v0001.Open::com.sap.gateway.srvd.rfm.ui_program.v0001.xRFMxCU_ProgramType","interaction":{"idSuffix":"BDI-content"}},"wdio_ui5_key":"rfmprogramui::xRFMxCU_ProgramObjectPage--fe::DataFieldForAction::com.sap.gateway.srvd.rfm.ui_program.v0001.Open::com.sap.gateway.srvd.rfm.ui_program.v0001.xRFMxCU_ProgramType"}]}
RESULT: undefined
COMMAND: POST /session/58522511f3c42bf9b76750c5285d7f8d/execute/async - {"script":"<script> [21 bytes]","args":[{"selector":{"controlType":"sap.m.Button","properties":{"text":"OK"},"searchOpenDialogs":true,"interaction":{"idSuffix":"BDI-content"}},"wdio_ui5_key":"sapm.Button{\"text\":\"OK\"}"}]}
RESULT: {"script":"<script> [21 bytes]","args":[{"selector":{"controlType":"sap.m.Button","properties":{"text":"OK"},"searchOpenDialogs":true,"interaction":{"idSuffix":"BDI-content"}},"wdio_ui5_key":"sapm.Button{\"text\":\"OK\"}"}]}
RESULT: undefined
COMMAND: POST /session/58522511f3c42bf9b76750c5285d7f8d/execute/async - {"script":"<script> [21 bytes]","args":[{"selector":{"id":"backBtn"},"wdio_ui5_key":"backBtn"}]}
RESULT: {"script":"<script> [21 bytes]","args":[{"selector":{"id":"backBtn"},"wdio_ui5_key":"backBtn"}]}
RESULT: undefined
COMMAND: GET /session/58522511f3c42bf9b76750c5285d7f8d/screenshot - {}
]]></system-out>
    </testcase>
    <testcase classname="chrome.139_0_7258_139.windows.FundingContract" name="Should create asset" time="10.449">
      <skipped/>
      <system-out><![CDATA[
RESULT: {}
COMMAND: POST /session/58522511f3c42bf9b76750c5285d7f8d/execute/async - {"script":"<script> [21 bytes]","args":[{"selector":{"controlType":"sap.m.GenericTile","properties":{"header":"Funding Asset"}},"wdio_ui5_key":"sapm.GenericTile{\"header\":\"Funding Asset\"}"}]}
RESULT: {"script":"<script> [21 bytes]","args":[{"selector":{"controlType":"sap.m.GenericTile","properties":{"header":"Funding Asset"}},"wdio_ui5_key":"sapm.GenericTile{\"header\":\"Funding Asset\"}"}]}
RESULT: undefined
COMMAND: POST /session/58522511f3c42bf9b76750c5285d7f8d/execute/async - {"script":"<script> [21 bytes]","args":[{"selector":{"id":"rfm.assetui::xRFMxCU_AssetList--fe::table::allTab::LineItem::StandardAction::Create","controlType":"sap.m.Button"},"wdio_ui5_key":"rfmassetui::xRFMxCU_AssetList--fe::table::allTab::LineItem::StandardAction::Createsap.m.Button"}]}
RESULT: {"script":"<script> [21 bytes]","args":[{"selector":{"id":"rfm.assetui::xRFMxCU_AssetList--fe::table::allTab::LineItem::StandardAction::Create","controlType":"sap.m.Button"},"wdio_ui5_key":"rfmassetui::xRFMxCU_AssetList--fe::table::allTab::LineItem::StandardAction::Createsap.m.Button"}]}
RESULT: undefined
COMMAND: POST /session/58522511f3c42bf9b76750c5285d7f8d/execute/async - {"script":"<script> [21 bytes]","args":[{"selector":{"id":"CreateDialog::xRFMxCU_AssetType::AssetIdExtern-inner","controlType":"sap.ui.mdc.field.FieldInput","searchOpenDialogs":true},"wdio_ui5_key":"CreateDialogxRFMxCU_AssetType::AssetIdExtern-innersap.ui.mdc.field.FieldInput"}]}
RESULT: {"script":"<script> [21 bytes]","args":[{"selector":{"id":"CreateDialog::xRFMxCU_AssetType::AssetIdExtern-inner","controlType":"sap.ui.mdc.field.FieldInput","searchOpenDialogs":true},"wdio_ui5_key":"CreateDialogxRFMxCU_AssetType::AssetIdExtern-innersap.ui.mdc.field.FieldInput"}]}
RESULT: undefined
COMMAND: GET /session/58522511f3c42bf9b76750c5285d7f8d/screenshot - {}
COMMAND: GET /session/58522511f3c42bf9b76750c5285d7f8d/screenshot - {}
RESULT: {}
RESULT: {}
]]></system-out>
      <system-err><![CDATA[
TypeError: inputField.setValue is not a function
    at exports.fillField (D:\a\1\s\test\utils\utils.js:73:22)
    at async Context.<anonymous> (D:\a\1\s\test\specs\BusinessObjects\FundingContract.spec.js:272:27)
]]></system-err>
    </testcase>
    <testcase classname="chrome.139_0_7258_139.windows.FundingContract" name="Should create asset" time="10.425">
      <failure/>
      <error message="inputField.setValue is not a function"/>
      <system-out><![CDATA[
RESULT: undefined
RESULT: undefined
RESULT: undefined
COMMAND: GET /session/58522511f3c42bf9b76750c5285d7f8d/screenshot - {}
COMMAND: GET /session/58522511f3c42bf9b76750c5285d7f8d/screenshot - {}
RESULT: {}
RESULT: {}
]]></system-out>
      <system-err><![CDATA[
TypeError: inputField.setValue is not a function
    at exports.fillField (D:\a\1\s\test\utils\utils.js:73:22)
    at async Context.<anonymous> (D:\a\1\s\test\specs\BusinessObjects\FundingContract.spec.js:272:27)
]]></system-err>
    </testcase>
    <testcase classname="chrome.139_0_7258_139.windows.FundingContract" name="Should create Transaction" time="85.998">
      <skipped/>
      <system-out><![CDATA[
COMMAND: POST /session/58522511f3c42bf9b76750c5285d7f8d/execute/async - {"script":"<script> [21 bytes]","args":[{"selector":{"controlType":"sap.m.GenericTile","properties":{"header":"Funding Transaction"}},"wdio_ui5_key":"sapm.GenericTile{\"header\":\"Funding Transaction\"}"}]}
COMMAND: GET /session/58522511f3c42bf9b76750c5285d7f8d/screenshot - {}
RESULT: {"script":"<script> [21 bytes]","args":[{"selector":{"controlType":"sap.m.GenericTile","properties":{"header":"Funding Transaction"}},"wdio_ui5_key":"sapm.GenericTile{\"header\":\"Funding Transaction\"}"}]}
RESULT: undefined
COMMAND: POST /session/58522511f3c42bf9b76750c5285d7f8d/execute/async - {"script":"<script> [21 bytes]","args":[{"selector":{"id":"rfm.transactionui::xRFMxCU_TransactionList--fe::table::allTab::LineItem::StandardAction::Create","controlType":"sap.m.Button"},"wdio_ui5_key":"rfmtransactionui::xRFMxCU_TransactionList--fe::table::allTab::LineItem::StandardAction::Createsap.m.Button"}]}
RESULT: {}
RESULT: {"script":"<script> [21 bytes]","args":[{"selector":{"id":"rfm.transactionui::xRFMxCU_TransactionList--fe::table::allTab::LineItem::StandardAction::Create","controlType":"sap.m.Button"},"wdio_ui5_key":"rfmtransactionui::xRFMxCU_TransactionList--fe::table::allTab::LineItem::StandardAction::Createsap.m.Button"}]}
RESULT: undefined
COMMAND: POST /session/58522511f3c42bf9b76750c5285d7f8d/execute/async - {"script":"<script> [21 bytes]","args":[{"selector":{"id":"CreateDialog::xRFMxCU_TransactionType::ProgramId-inner-vhi","searchOpenDialogs":true},"wdio_ui5_key":"CreateDialogxRFMxCU_TransactionType::ProgramId-inner-vhi"}]}
RESULT: {"script":"<script> [21 bytes]","args":[{"selector":{"id":"CreateDialog::xRFMxCU_TransactionType::ProgramId-inner-vhi","searchOpenDialogs":true},"wdio_ui5_key":"CreateDialogxRFMxCU_TransactionType::ProgramId-inner-vhi"}]}
RESULT: undefined
COMMAND: POST /session/58522511f3c42bf9b76750c5285d7f8d/execute/async - {"script":"<script> [21 bytes]","args":[{"selector":{"id":"ProgramId::VH::Dialog::qualifier::-search-inner","searchOpenDialogs":true,"interaction":{"idSuffix":"I"}},"wdio_ui5_key":"ProgramIdVH::Dialog::qualifier::-search-inner"}]}
RESULT: {"script":"<script> [21 bytes]","args":[{"selector":{"id":"ProgramId::VH::Dialog::qualifier::-search-inner","searchOpenDialogs":true,"interaction":{"idSuffix":"I"}},"wdio_ui5_key":"ProgramIdVH::Dialog::qualifier::-search-inner"}]}
RESULT: undefined
COMMAND: POST /session/58522511f3c42bf9b76750c5285d7f8d/execute/async - {"script":"<script> [21 bytes]","args":[{"selector":{"id":"ProgramId::VH::Dialog::qualifier::::Table-innerTable-rows-row0","searchOpenDialogs":true},"wdio_ui5_key":"ProgramIdVH::Dialog::qualifier::::Table-innerTable-rows-row0"}]}
RESULT: {"script":"<script> [21 bytes]","args":[{"selector":{"id":"ProgramId::VH::Dialog::qualifier::::Table-innerTable-rows-row0","searchOpenDialogs":true},"wdio_ui5_key":"ProgramIdVH::Dialog::qualifier::::Table-innerTable-rows-row0"}]}
RESULT: undefined
COMMAND: POST /session/58522511f3c42bf9b76750c5285d7f8d/execute/async - {"script":"<script> [21 bytes]","args":[{"selector":{"id":"CreateDialog::xRFMxCU_TransactionType::FundingType-inner","searchOpenDialogs":true,"interaction":{"idSuffix":"inner"}},"wdio_ui5_key":"CreateDialogxRFMxCU_TransactionType::FundingType-inner"}]}
RESULT: {"script":"<script> [21 bytes]","args":[{"selector":{"id":"CreateDialog::xRFMxCU_TransactionType::FundingType-inner","searchOpenDialogs":true,"interaction":{"idSuffix":"inner"}},"wdio_ui5_key":"CreateDialogxRFMxCU_TransactionType::FundingType-inner"}]}
RESULT: undefined
COMMAND: POST /session/58522511f3c42bf9b76750c5285d7f8d/execute/async - {"script":"<script> [21 bytes]","args":[{"selector":{"id":"CreateDialog::xRFMxCU_Transaction-footer","searchOpenDialogs":true},"wdio_ui5_key":"CreateDialogxRFMxCU_Transaction-footer"}]}
RESULT: {"script":"<script> [21 bytes]","args":[{"selector":{"id":"CreateDialog::xRFMxCU_Transaction-footer","searchOpenDialogs":true},"wdio_ui5_key":"CreateDialogxRFMxCU_Transaction-footer"}]}
RESULT: undefined
COMMAND: POST /session/58522511f3c42bf9b76750c5285d7f8d/execute/async - {"script":"<script> [21 bytes]","args":[{"forceSelect":true,"selector":{"controlType":"sap.m.Button","viewName":"sap.fe.templates.ObjectPage.ObjectPage","viewId":"rfm.transactionui::xRFMxCU_TransactionObjectPage","properties":{"text":"Continue"},"searchOpenDialogs":true,"interaction":{"idSuffix":"BDI-content"}},"wdio_ui5_key":"sapfe.templates.ObjectPage.ObjectPagesap.m.Button{\"text\":\"Continue\"}"}]}
RESULT: {"script":"<script> [21 bytes]","args":[{"forceSelect":true,"selector":{"controlType":"sap.m.Button","viewName":"sap.fe.templates.ObjectPage.ObjectPage","viewId":"rfm.transactionui::xRFMxCU_TransactionObjectPage","properties":{"text":"Continue"},"searchOpenDialogs":true,"interaction":{"idSuffix":"BDI-content"}},"wdio_ui5_key":"sapfe.templates.ObjectPage.ObjectPagesap.m.Button{\"text\":\"Continue\"}"}]}
RESULT: undefined
COMMAND: POST /session/58522511f3c42bf9b76750c5285d7f8d/execute/async - {"script":"<script> [21 bytes]","args":[{"selector":{"id":"rfm.transactionui::xRFMxCU_TransactionObjectPage--fe::CustomSubSection::CustomDetailsSection--fe::FormContainer::FieldGroup::Term::FormElement::DataField::AssetCashflowDateFrom::Field-edit","interaction":{"idSuffix":"inner"}},"wdio_ui5_key":"rfmtransactionui::xRFMxCU_TransactionObjectPage--fe::CustomSubSection::CustomDetailsSection--fe::FormContainer::FieldGroup::Term::FormElement::DataField::AssetCashflowDateFrom::Field-edit"}]}
RESULT: {"script":"<script> [21 bytes]","args":[{"selector":{"id":"rfm.transactionui::xRFMxCU_TransactionObjectPage--fe::CustomSubSection::CustomDetailsSection--fe::FormContainer::FieldGroup::Term::FormElement::DataField::AssetCashflowDateFrom::Field-edit","interaction":{"idSuffix":"inner"}},"wdio_ui5_key":"rfmtransactionui::xRFMxCU_TransactionObjectPage--fe::CustomSubSection::CustomDetailsSection--fe::FormContainer::FieldGroup::Term::FormElement::DataField::AssetCashflowDateFrom::Field-edit"}]}
RESULT: undefined
COMMAND: POST /session/58522511f3c42bf9b76750c5285d7f8d/execute/async - {"script":"<script> [21 bytes]","args":[{"selector":{"id":"rfm.transactionui::xRFMxCU_TransactionObjectPage--fe::CustomSubSection::CustomDetailsSection--fe::FormContainer::FieldGroup::Term::FormElement::DataField::AssetCashflowDateTo::Field-edit","interaction":{"idSuffix":"inner"}},"wdio_ui5_key":"rfmtransactionui::xRFMxCU_TransactionObjectPage--fe::CustomSubSection::CustomDetailsSection--fe::FormContainer::FieldGroup::Term::FormElement::DataField::AssetCashflowDateTo::Field-edit"}]}
RESULT: {"script":"<script> [21 bytes]","args":[{"selector":{"id":"rfm.transactionui::xRFMxCU_TransactionObjectPage--fe::CustomSubSection::CustomDetailsSection--fe::FormContainer::FieldGroup::Term::FormElement::DataField::AssetCashflowDateTo::Field-edit","interaction":{"idSuffix":"inner"}},"wdio_ui5_key":"rfmtransactionui::xRFMxCU_TransactionObjectPage--fe::CustomSubSection::CustomDetailsSection--fe::FormContainer::FieldGroup::Term::FormElement::DataField::AssetCashflowDateTo::Field-edit"}]}
RESULT: undefined
COMMAND: POST /session/58522511f3c42bf9b76750c5285d7f8d/execute/async - {"script":"<script> [21 bytes]","args":[{"selector":{"id":"rfm.transactionui::xRFMxCU_TransactionObjectPage--fe::ObjectPage-anchBar-rfm.transactionui::xRFMxCU_TransactionObjectPage--fe::EditableHeaderSection-anchor","interaction":{"idSuffix":"text"}},"wdio_ui5_key":"rfmtransactionui::xRFMxCU_TransactionObjectPage--fe::ObjectPage-anchBar-rfm.transactionui::xRFMxCU_TransactionObjectPage--fe::EditableHeaderSection-anchor"}]}
RESULT: {"script":"<script> [21 bytes]","args":[{"selector":{"id":"rfm.transactionui::xRFMxCU_TransactionObjectPage--fe::ObjectPage-anchBar-rfm.transactionui::xRFMxCU_TransactionObjectPage--fe::EditableHeaderSection-anchor","interaction":{"idSuffix":"text"}},"wdio_ui5_key":"rfmtransactionui::xRFMxCU_TransactionObjectPage--fe::ObjectPage-anchBar-rfm.transactionui::xRFMxCU_TransactionObjectPage--fe::EditableHeaderSection-anchor"}]}
RESULT: undefined
COMMAND: POST /session/58522511f3c42bf9b76750c5285d7f8d/execute/async - {"script":"<script> [21 bytes]","args":[{"selector":{"id":"rfm.transactionui::xRFMxCU_TransactionObjectPage--fe::HeaderFacet::FormContainer::headerFieldsGP1::FormElement::DataField::Name::Field-edit","interaction":{"idSuffix":"inner"}},"wdio_ui5_key":"rfmtransactionui::xRFMxCU_TransactionObjectPage--fe::HeaderFacet::FormContainer::headerFieldsGP1::FormElement::DataField::Name::Field-edit"}]}
RESULT: {"script":"<script> [21 bytes]","args":[{"selector":{"id":"rfm.transactionui::xRFMxCU_TransactionObjectPage--fe::HeaderFacet::FormContainer::headerFieldsGP1::FormElement::DataField::Name::Field-edit","interaction":{"idSuffix":"inner"}},"wdio_ui5_key":"rfmtransactionui::xRFMxCU_TransactionObjectPage--fe::HeaderFacet::FormContainer::headerFieldsGP1::FormElement::DataField::Name::Field-edit"}]}
RESULT: undefined
COMMAND: POST /session/58522511f3c42bf9b76750c5285d7f8d/execute/async - {"script":"<script> [21 bytes]","args":[{"selector":{"id":"rfm.transactionui::xRFMxCU_TransactionObjectPage--fe::HeaderFacet::FormContainer::headerFieldsGP1::FormElement::DataField::TransactionId::Field-display"},"wdio_ui5_key":"rfmtransactionui::xRFMxCU_TransactionObjectPage--fe::HeaderFacet::FormContainer::headerFieldsGP1::FormElement::DataField::TransactionId::Field-display"}]}
RESULT: {"script":"<script> [21 bytes]","args":[{"selector":{"id":"rfm.transactionui::xRFMxCU_TransactionObjectPage--fe::HeaderFacet::FormContainer::headerFieldsGP1::FormElement::DataField::TransactionId::Field-display"},"wdio_ui5_key":"rfmtransactionui::xRFMxCU_TransactionObjectPage--fe::HeaderFacet::FormContainer::headerFieldsGP1::FormElement::DataField::TransactionId::Field-display"}]}
RESULT: undefined
COMMAND: POST /session/58522511f3c42bf9b76750c5285d7f8d/execute/async - {"script":"<script> [21 bytes]","args":[{"selector":{"id":"rfm.transactionui::xRFMxCU_TransactionObjectPage--fe::ObjectPage-anchBar-rfm.transactionui::xRFMxCU_TransactionObjectPage--fe::FacetSection::FundingScopeCollection-anchor"},"wdio_ui5_key":"rfmtransactionui::xRFMxCU_TransactionObjectPage--fe::ObjectPage-anchBar-rfm.transactionui::xRFMxCU_TransactionObjectPage--fe::FacetSection::FundingScopeCollection-anchor"}]}
RESULT: {"script":"<script> [21 bytes]","args":[{"selector":{"id":"rfm.transactionui::xRFMxCU_TransactionObjectPage--fe::ObjectPage-anchBar-rfm.transactionui::xRFMxCU_TransactionObjectPage--fe::FacetSection::FundingScopeCollection-anchor"},"wdio_ui5_key":"rfmtransactionui::xRFMxCU_TransactionObjectPage--fe::ObjectPage-anchBar-rfm.transactionui::xRFMxCU_TransactionObjectPage--fe::FacetSection::FundingScopeCollection-anchor"}]}
RESULT: undefined
COMMAND: POST /session/58522511f3c42bf9b76750c5285d7f8d/execute/async - {"script":"<script> [21 bytes]","args":[{"selector":{"controlType":"sap.ui.mdc.field.FieldInput","viewName":"sap.fe.templates.ObjectPage.ObjectPage","viewId":"rfm.transactionui::xRFMxCU_TransactionObjectPage","bindingPath":{"path":"","propertyPath":"/conditions","modelName":"$field"},"ancestor":{"controlType":"sap.ui.mdc.Field","viewName":"sap.fe.templates.ObjectPage.ObjectPage","viewId":"rfm.transactionui::xRFMxCU_TransactionObjectPage","bindingPath":{"path":"/xRFMxCU_Transaction(TransactionId='undefined',IsActiveEntity=false)/_TransactionCFPart(TransactionId='undefined',CashFlowPartType='1',IsActiveEntity=false)","propertyPath":"__EntityControl/Updatable"}},"interaction":{"idSuffix":"inner"}},"wdio_ui5_key":"sapfe.templates.ObjectPage.ObjectPagesap.ui.mdc.field.FieldInput{\"path\":\"\",\"propertyPath\":\"/conditions\",\"modelName\":\"$field\"}{\"controlType\":\"sap.ui.mdc.Field\",\"viewName\":\"sap.fe.templates.ObjectPage.ObjectPage\",\"viewId\":\"rfm.transactionui::xRFMxCU_TransactionObjectPage\",\"bindingPath\":{\"path\":\"/xRFMxCU_Transaction(TransactionId='undefined',IsActiveEntity=false)/_TransactionCFPart(TransactionId='undefined',CashFlowPartType='1',IsActiveEntity=false)\",\"propertyPath\":\"__EntityControl/Updatable\"}}"}]}
RESULT: {"script":"<script> [21 bytes]","args":[{"selector":{"controlType":"sap.ui.mdc.field.FieldInput","viewName":"sap.fe.templates.ObjectPage.ObjectPage","viewId":"rfm.transactionui::xRFMxCU_TransactionObjectPage","bindingPath":{"path":"","propertyPath":"/conditions","modelName":"$field"},"ancestor":{"controlType":"sap.ui.mdc.Field","viewName":"sap.fe.templates.ObjectPage.ObjectPage","viewId":"rfm.transactionui::xRFMxCU_TransactionObjectPage","bindingPath":{"path":"/xRFMxCU_Transaction(TransactionId='undefined',IsActiveEntity=false)/_TransactionCFPart(TransactionId='undefined',CashFlowPartType='1',IsActiveEntity=false)","propertyPath":"__EntityControl/Updatable"}},"interaction":{"idSuffix":"inner"}},"wdio_ui5_key":"sapfe.templates.ObjectPage.ObjectPagesap.ui.mdc.field.FieldInput{\"path\":\"\",\"propertyPath\":\"/conditions\",\"modelName\":\"$field\"}{\"controlType\":\"sap.ui.mdc.Field\",\"viewName\":\"sap.fe.templates.ObjectPage.ObjectPage\",\"viewId\":\"rfm.transactionui::xRFMxCU_TransactionObjectPage\",\"bindingPath\":{\"path\":\"/xRFMxCU_Transaction(TransactionId='undefined',IsActiveEntity=false)/_TransactionCFPart(TransactionId='undefined',CashFlowPartType='1',IsActiveEntity=false)\",\"propertyPath\":\"__EntityControl/Updatable\"}}"}]}
RESULT: undefined
COMMAND: POST /session/58522511f3c42bf9b76750c5285d7f8d/execute/async - {"script":"<script> [21 bytes]","args":[{"selector":{"id":"rfm.transactionui::xRFMxCU_TransactionObjectPage--fe::table::_TransactionCFPart::LineItem-innerTable-rows-row1","interaction":{"idSuffix":"col0"}},"wdio_ui5_key":"rfmtransactionui::xRFMxCU_TransactionObjectPage--fe::table::_TransactionCFPart::LineItem-innerTable-rows-row1"}]}
RESULT: {"script":"<script> [21 bytes]","args":[{"selector":{"id":"rfm.transactionui::xRFMxCU_TransactionObjectPage--fe::table::_TransactionCFPart::LineItem-innerTable-rows-row1","interaction":{"idSuffix":"col0"}},"wdio_ui5_key":"rfmtransactionui::xRFMxCU_TransactionObjectPage--fe::table::_TransactionCFPart::LineItem-innerTable-rows-row1"}]}
RESULT: undefined
COMMAND: POST /session/58522511f3c42bf9b76750c5285d7f8d/execute/async - {"script":"<script> [21 bytes]","args":[{"forceSelect":true,"selector":{"controlType":"sap.ui.mdc.field.FieldInput","viewName":"sap.fe.templates.ObjectPage.ObjectPage","viewId":"rfm.transactionui::xRFMxCU_TransactionObjectPage","bindingPath":{"path":"","propertyPath":"/conditions","modelName":"$field"},"ancestor":{"controlType":"sap.ui.mdc.Field","viewName":"sap.fe.templates.ObjectPage.ObjectPage","viewId":"rfm.transactionui::xRFMxCU_TransactionObjectPage","bindingPath":{"path":"/xRFMxCU_Transaction(TransactionId='undefined',IsActiveEntity=false)/_TransactionCFPart(TransactionId='undefined',CashFlowPartType='2',IsActiveEntity=false)","propertyPath":"__EntityControl/Updatable"}},"interaction":{"idSuffix":"inner"}},"wdio_ui5_key":"sapfe.templates.ObjectPage.ObjectPagesap.ui.mdc.field.FieldInput{\"path\":\"\",\"propertyPath\":\"/conditions\",\"modelName\":\"$field\"}{\"controlType\":\"sap.ui.mdc.Field\",\"viewName\":\"sap.fe.templates.ObjectPage.ObjectPage\",\"viewId\":\"rfm.transactionui::xRFMxCU_TransactionObjectPage\",\"bindingPath\":{\"path\":\"/xRFMxCU_Transaction(TransactionId='undefined',IsActiveEntity=false)/_TransactionCFPart(TransactionId='undefined',CashFlowPartType='2',IsActiveEntity=false)\",\"propertyPath\":\"__EntityControl/Updatable\"}}"}]}
RESULT: {"script":"<script> [21 bytes]","args":[{"forceSelect":true,"selector":{"controlType":"sap.ui.mdc.field.FieldInput","viewName":"sap.fe.templates.ObjectPage.ObjectPage","viewId":"rfm.transactionui::xRFMxCU_TransactionObjectPage","bindingPath":{"path":"","propertyPath":"/conditions","modelName":"$field"},"ancestor":{"controlType":"sap.ui.mdc.Field","viewName":"sap.fe.templates.ObjectPage.ObjectPage","viewId":"rfm.transactionui::xRFMxCU_TransactionObjectPage","bindingPath":{"path":"/xRFMxCU_Transaction(TransactionId='undefined',IsActiveEntity=false)/_TransactionCFPart(TransactionId='undefined',CashFlowPartType='2',IsActiveEntity=false)","propertyPath":"__EntityControl/Updatable"}},"interaction":{"idSuffix":"inner"}},"wdio_ui5_key":"sapfe.templates.ObjectPage.ObjectPagesap.ui.mdc.field.FieldInput{\"path\":\"\",\"propertyPath\":\"/conditions\",\"modelName\":\"$field\"}{\"controlType\":\"sap.ui.mdc.Field\",\"viewName\":\"sap.fe.templates.ObjectPage.ObjectPage\",\"viewId\":\"rfm.transactionui::xRFMxCU_TransactionObjectPage\",\"bindingPath\":{\"path\":\"/xRFMxCU_Transaction(TransactionId='undefined',IsActiveEntity=false)/_TransactionCFPart(TransactionId='undefined',CashFlowPartType='2',IsActiveEntity=false)\",\"propertyPath\":\"__EntityControl/Updatable\"}}"}]}
RESULT: undefined
COMMAND: GET /session/58522511f3c42bf9b76750c5285d7f8d/screenshot - {}
COMMAND: GET /session/58522511f3c42bf9b76750c5285d7f8d/screenshot - {}
RESULT: {}
RESULT: {}
]]></system-out>
      <system-err><![CDATA[
Error: waitUntil condition failed with the following reason: fieldInput.getEditable is not a function
    at process.processTimers (node:internal/timers:516:9)
    at async Context.<anonymous> (D:\a\1\s\test\specs\BusinessObjects\FundingContract.spec.js:937:18)
]]></system-err>
    </testcase>
    <testcase classname="chrome.139_0_7258_139.windows.FundingContract" name="Should create Transaction" time="85.564">
      <failure/>
      <error message="waitUntil condition failed with the following reason: fieldInput.getEditable is not a function"/>
      <system-out><![CDATA[
RESULT: undefined
RESULT: undefined
RESULT: undefined
RESULT: undefined
RESULT: undefined
RESULT: undefined
RESULT: undefined
COMMAND: POST /session/58522511f3c42bf9b76750c5285d7f8d/execute/async - {"script":"<script> [21 bytes]","args":[{"forceSelect":true,"selector":{"controlType":"sap.m.Button","viewName":"sap.fe.templates.ObjectPage.ObjectPage","viewId":"rfm.transactionui::xRFMxCU_TransactionObjectPage","properties":{"text":"Continue"},"searchOpenDialogs":true,"interaction":{"idSuffix":"BDI-content"}},"wdio_ui5_key":"sapfe.templates.ObjectPage.ObjectPagesap.m.Button{\"text\":\"Continue\"}"}]}
RESULT: {"script":"<script> [21 bytes]","args":[{"forceSelect":true,"selector":{"controlType":"sap.m.Button","viewName":"sap.fe.templates.ObjectPage.ObjectPage","viewId":"rfm.transactionui::xRFMxCU_TransactionObjectPage","properties":{"text":"Continue"},"searchOpenDialogs":true,"interaction":{"idSuffix":"BDI-content"}},"wdio_ui5_key":"sapfe.templates.ObjectPage.ObjectPagesap.m.Button{\"text\":\"Continue\"}"}]}
RESULT: undefined
RESULT: undefined
RESULT: undefined
RESULT: undefined
RESULT: undefined
RESULT: undefined
RESULT: undefined
RESULT: undefined
RESULT: undefined
COMMAND: POST /session/58522511f3c42bf9b76750c5285d7f8d/execute/async - {"script":"<script> [21 bytes]","args":[{"forceSelect":true,"selector":{"controlType":"sap.ui.mdc.field.FieldInput","viewName":"sap.fe.templates.ObjectPage.ObjectPage","viewId":"rfm.transactionui::xRFMxCU_TransactionObjectPage","bindingPath":{"path":"","propertyPath":"/conditions","modelName":"$field"},"ancestor":{"controlType":"sap.ui.mdc.Field","viewName":"sap.fe.templates.ObjectPage.ObjectPage","viewId":"rfm.transactionui::xRFMxCU_TransactionObjectPage","bindingPath":{"path":"/xRFMxCU_Transaction(TransactionId='undefined',IsActiveEntity=false)/_TransactionCFPart(TransactionId='undefined',CashFlowPartType='2',IsActiveEntity=false)","propertyPath":"__EntityControl/Updatable"}},"interaction":{"idSuffix":"inner"}},"wdio_ui5_key":"sapfe.templates.ObjectPage.ObjectPagesap.ui.mdc.field.FieldInput{\"path\":\"\",\"propertyPath\":\"/conditions\",\"modelName\":\"$field\"}{\"controlType\":\"sap.ui.mdc.Field\",\"viewName\":\"sap.fe.templates.ObjectPage.ObjectPage\",\"viewId\":\"rfm.transactionui::xRFMxCU_TransactionObjectPage\",\"bindingPath\":{\"path\":\"/xRFMxCU_Transaction(TransactionId='undefined',IsActiveEntity=false)/_TransactionCFPart(TransactionId='undefined',CashFlowPartType='2',IsActiveEntity=false)\",\"propertyPath\":\"__EntityControl/Updatable\"}}"}]}
RESULT: {"script":"<script> [21 bytes]","args":[{"forceSelect":true,"selector":{"controlType":"sap.ui.mdc.field.FieldInput","viewName":"sap.fe.templates.ObjectPage.ObjectPage","viewId":"rfm.transactionui::xRFMxCU_TransactionObjectPage","bindingPath":{"path":"","propertyPath":"/conditions","modelName":"$field"},"ancestor":{"controlType":"sap.ui.mdc.Field","viewName":"sap.fe.templates.ObjectPage.ObjectPage","viewId":"rfm.transactionui::xRFMxCU_TransactionObjectPage","bindingPath":{"path":"/xRFMxCU_Transaction(TransactionId='undefined',IsActiveEntity=false)/_TransactionCFPart(TransactionId='undefined',CashFlowPartType='2',IsActiveEntity=false)","propertyPath":"__EntityControl/Updatable"}},"interaction":{"idSuffix":"inner"}},"wdio_ui5_key":"sapfe.templates.ObjectPage.ObjectPagesap.ui.mdc.field.FieldInput{\"path\":\"\",\"propertyPath\":\"/conditions\",\"modelName\":\"$field\"}{\"controlType\":\"sap.ui.mdc.Field\",\"viewName\":\"sap.fe.templates.ObjectPage.ObjectPage\",\"viewId\":\"rfm.transactionui::xRFMxCU_TransactionObjectPage\",\"bindingPath\":{\"path\":\"/xRFMxCU_Transaction(TransactionId='undefined',IsActiveEntity=false)/_TransactionCFPart(TransactionId='undefined',CashFlowPartType='2',IsActiveEntity=false)\",\"propertyPath\":\"__EntityControl/Updatable\"}}"}]}
RESULT: undefined
COMMAND: GET /session/58522511f3c42bf9b76750c5285d7f8d/screenshot - {}
COMMAND: GET /session/58522511f3c42bf9b76750c5285d7f8d/screenshot - {}
RESULT: {}
RESULT: {}
COMMAND: GET /session/58522511f3c42bf9b76750c5285d7f8d/screenshot - {}
]]></system-out>
      <system-err><![CDATA[
Error: waitUntil condition failed with the following reason: fieldInput.getEditable is not a function
    at async Context.<anonymous> (D:\a\1\s\test\specs\BusinessObjects\FundingContract.spec.js:937:18)
]]></system-err>
    </testcase>
    <testcase classname="chrome.139_0_7258_139.windows.FundingContract" name="Should filter created Transaction" time="25.8">
      <skipped/>
      <system-out><![CDATA[
COMMAND: POST /session/58522511f3c42bf9b76750c5285d7f8d/execute/async - {"script":"<script> [21 bytes]","args":[{"selector":{"controlType":"sap.m.GenericTile","properties":{"header":"Funding Contract"}},"wdio_ui5_key":"sapm.GenericTile{\"header\":\"Funding Contract\"}"}]}
RESULT: {}
RESULT: {"script":"<script> [21 bytes]","args":[{"selector":{"controlType":"sap.m.GenericTile","properties":{"header":"Funding Contract"}},"wdio_ui5_key":"sapm.GenericTile{\"header\":\"Funding Contract\"}"}]}
RESULT: undefined
COMMAND: POST /session/58522511f3c42bf9b76750c5285d7f8d/execute/async - {"script":"<script> [21 bytes]","args":[{"selector":{"id":"rfm.fundingcontractui::xRFMxCU_FundingContrProcessorList--fe::FilterBar::xRFMxCU_FundingContrProcessor::FilterField::OwnerId-inner","interaction":{"idSuffix":"inner"}},"wdio_ui5_key":"rfmfundingcontractui::xRFMxCU_FundingContrProcessorList--fe::FilterBar::xRFMxCU_FundingContrProcessor::FilterField::OwnerId-inner"}]}
RESULT: {"script":"<script> [21 bytes]","args":[{"selector":{"id":"rfm.fundingcontractui::xRFMxCU_FundingContrProcessorList--fe::FilterBar::xRFMxCU_FundingContrProcessor::FilterField::OwnerId-inner","interaction":{"idSuffix":"inner"}},"wdio_ui5_key":"rfmfundingcontractui::xRFMxCU_FundingContrProcessorList--fe::FilterBar::xRFMxCU_FundingContrProcessor::FilterField::OwnerId-inner"}]}
RESULT: undefined
COMMAND: POST /session/58522511f3c42bf9b76750c5285d7f8d/execute/async - {"script":"<script> [21 bytes]","args":[{"selector":{"id":"rfm.fundingcontractui::xRFMxCU_FundingContrProcessorList--fe::FilterBar::xRFMxCU_FundingContrProcessor-btnSearch","interaction":{"idSuffix":"BDI-content"}},"wdio_ui5_key":"rfmfundingcontractui::xRFMxCU_FundingContrProcessorList--fe::FilterBar::xRFMxCU_FundingContrProcessor-btnSearch"}]}
RESULT: {"script":"<script> [21 bytes]","args":[{"selector":{"id":"rfm.fundingcontractui::xRFMxCU_FundingContrProcessorList--fe::FilterBar::xRFMxCU_FundingContrProcessor-btnSearch","interaction":{"idSuffix":"BDI-content"}},"wdio_ui5_key":"rfmfundingcontractui::xRFMxCU_FundingContrProcessorList--fe::FilterBar::xRFMxCU_FundingContrProcessor-btnSearch"}]}
RESULT: undefined
COMMAND: POST /session/58522511f3c42bf9b76750c5285d7f8d/execute/async - {"script":"<script> [21 bytes]","args":[{"selector":{"id":"rfm.fundingcontractui::xRFMxCU_FundingContrProcessorList--fe::table::allTab::LineItem-innerTable-rows-row0"},"wdio_ui5_key":"rfmfundingcontractui::xRFMxCU_FundingContrProcessorList--fe::table::allTab::LineItem-innerTable-rows-row0"}]}
RESULT: {"script":"<script> [21 bytes]","args":[{"selector":{"id":"rfm.fundingcontractui::xRFMxCU_FundingContrProcessorList--fe::table::allTab::LineItem-innerTable-rows-row0"},"wdio_ui5_key":"rfmfundingcontractui::xRFMxCU_FundingContrProcessorList--fe::table::allTab::LineItem-innerTable-rows-row0"}]}
RESULT: undefined
RESULT: undefined
COMMAND: GET /session/58522511f3c42bf9b76750c5285d7f8d/screenshot - {}
COMMAND: GET /session/58522511f3c42bf9b76750c5285d7f8d/screenshot - {}
RESULT: {}
RESULT: {}
]]></system-out>
      <system-err><![CDATA[
TypeError: Cannot read properties of undefined (reading 'match')
    at Context.<anonymous> (D:\a\1\s\test\specs\BusinessObjects\FundingContract.spec.js:1087:49)
]]></system-err>
    </testcase>
    <testcase classname="chrome.139_0_7258_139.windows.FundingContract" name="Should filter created Transaction" time="25.472">
      <failure/>
      <error message="Cannot read properties of undefined (reading 'match')"/>
      <system-out><![CDATA[
RESULT: undefined
RESULT: undefined
RESULT: undefined
RESULT: undefined
RESULT: undefined
COMMAND: GET /session/58522511f3c42bf9b76750c5285d7f8d/screenshot - {}
COMMAND: GET /session/58522511f3c42bf9b76750c5285d7f8d/screenshot - {}
RESULT: {}
RESULT: {}
]]></system-out>
      <system-err><![CDATA[
TypeError: Cannot read properties of undefined (reading 'match')
    at Context.<anonymous> (D:\a\1\s\test\specs\BusinessObjects\FundingContract.spec.js:1087:49)
]]></system-err>
    </testcase>
    <testcase classname="chrome.139_0_7258_139.windows.FundingContract" name="Should check navigation to Transaction" time="5.427">
      <skipped/>
      <system-out><![CDATA[
COMMAND: POST /session/58522511f3c42bf9b76750c5285d7f8d/execute/async - {"script":"<script> [21 bytes]","args":[{"selector":{"controlType":"sap.m.Title","viewName":"sap.fe.templates.ObjectPage.ObjectPage","viewId":"rfm.fundingcontractui::xRFMxCU_FundingContrProcessorObjectPage","bindingPath":{"path":"/xRFMxCU_FundingContrProcessor(FundingContractProcessorId=,IsActiveEntity=true)","propertyPath":"OwnerId"}},"wdio_ui5_key":"sapfe.templates.ObjectPage.ObjectPagesap.m.Title{\"path\":\"/xRFMxCU_FundingContrProcessor(FundingContractProcessorId=,IsActiveEntity=true)\",\"propertyPath\":\"OwnerId\"}"}]}
COMMAND: GET /session/58522511f3c42bf9b76750c5285d7f8d/screenshot - {}
RESULT: {"script":"<script> [21 bytes]","args":[{"selector":{"controlType":"sap.m.Title","viewName":"sap.fe.templates.ObjectPage.ObjectPage","viewId":"rfm.fundingcontractui::xRFMxCU_FundingContrProcessorObjectPage","bindingPath":{"path":"/xRFMxCU_FundingContrProcessor(FundingContractProcessorId=,IsActiveEntity=true)","propertyPath":"OwnerId"}},"wdio_ui5_key":"sapfe.templates.ObjectPage.ObjectPagesap.m.Title{\"path\":\"/xRFMxCU_FundingContrProcessor(FundingContractProcessorId=,IsActiveEntity=true)\",\"propertyPath\":\"OwnerId\"}"}]}
RESULT: undefined
RESULT: {}
COMMAND: GET /session/58522511f3c42bf9b76750c5285d7f8d/screenshot - {}
COMMAND: GET /session/58522511f3c42bf9b76750c5285d7f8d/screenshot - {}
RESULT: {}
RESULT: {}
]]></system-out>
      <system-err><![CDATA[
Error: TransactionIdBeforeNav is undefined
    at Context.<anonymous> (D:\a\1\s\test\specs\BusinessObjects\FundingContract.spec.js:1153:19)
]]></system-err>
    </testcase>
    <testcase classname="chrome.139_0_7258_139.windows.FundingContract" name="Should check navigation to Transaction" time="5.409">
      <failure/>
      <error message="TransactionIdBeforeNav is undefined"/>
      <system-out><![CDATA[
RESULT: undefined
COMMAND: GET /session/58522511f3c42bf9b76750c5285d7f8d/screenshot - {}
COMMAND: GET /session/58522511f3c42bf9b76750c5285d7f8d/screenshot - {}
RESULT: {}
RESULT: {}
]]></system-out>
      <system-err><![CDATA[
Error: TransactionIdBeforeNav is undefined
    at Context.<anonymous> (D:\a\1\s\test\specs\BusinessObjects\FundingContract.spec.js:1153:19)
]]></system-err>
    </testcase>
    <testcase classname="chrome.139_0_7258_139.windows.FundingContract" name="Should check edit action" time="35.705">
      <skipped/>
      <system-out><![CDATA[
COMMAND: POST /session/58522511f3c42bf9b76750c5285d7f8d/execute/async - {"script":"<script> [21 bytes]","args":[{"selector":{"id":"rfm.fundingcontractui::xRFMxCU_FundingContrProcessorObjectPage--fe::ObjectPage-anchBar-rfm.fundingcontractui::xRFMxCU_FundingContrProcessorObjectPage--fe::FacetSection::Details-anchor"},"wdio_ui5_key":"rfmfundingcontractui::xRFMxCU_FundingContrProcessorObjectPage--fe::ObjectPage-anchBar-rfm.fundingcontractui::xRFMxCU_FundingContrProcessorObjectPage--fe::FacetSection::Details-anchor"}]}
COMMAND: GET /session/58522511f3c42bf9b76750c5285d7f8d/screenshot - {}
RESULT: {"script":"<script> [21 bytes]","args":[{"selector":{"id":"rfm.fundingcontractui::xRFMxCU_FundingContrProcessorObjectPage--fe::ObjectPage-anchBar-rfm.fundingcontractui::xRFMxCU_FundingContrProcessorObjectPage--fe::FacetSection::Details-anchor"},"wdio_ui5_key":"rfmfundingcontractui::xRFMxCU_FundingContrProcessorObjectPage--fe::ObjectPage-anchBar-rfm.fundingcontractui::xRFMxCU_FundingContrProcessorObjectPage--fe::FacetSection::Details-anchor"}]}
RESULT: undefined
RESULT: {}
COMMAND: POST /session/58522511f3c42bf9b76750c5285d7f8d/execute/async - {"script":"<script> [21 bytes]","args":[{"selector":{"id":"rfm.fundingcontractui::xRFMxCU_FundingContrProcessorObjectPage--fe::StandardAction::Edit","interaction":{"idSuffix":"BDI-content"}},"wdio_ui5_key":"rfmfundingcontractui::xRFMxCU_FundingContrProcessorObjectPage--fe::StandardAction::Edit"}]}
RESULT: {"script":"<script> [21 bytes]","args":[{"selector":{"id":"rfm.fundingcontractui::xRFMxCU_FundingContrProcessorObjectPage--fe::StandardAction::Edit","interaction":{"idSuffix":"BDI-content"}},"wdio_ui5_key":"rfmfundingcontractui::xRFMxCU_FundingContrProcessorObjectPage--fe::StandardAction::Edit"}]}
RESULT: undefined
COMMAND: POST /session/58522511f3c42bf9b76750c5285d7f8d/execute/async - {"script":"<script> [21 bytes]","args":[{"selector":{"id":"rfm.fundingcontractui::xRFMxCU_FundingContrProcessorObjectPage--fe::FormContainer::Details::FormElement::DataField::InterestCalcMethod::Field-edit-inner","interaction":{"idSuffix":"inner"}},"wdio_ui5_key":"rfmfundingcontractui::xRFMxCU_FundingContrProcessorObjectPage--fe::FormContainer::Details::FormElement::DataField::InterestCalcMethod::Field-edit-inner"}]}
RESULT: {"script":"<script> [21 bytes]","args":[{"selector":{"id":"rfm.fundingcontractui::xRFMxCU_FundingContrProcessorObjectPage--fe::FormContainer::Details::FormElement::DataField::InterestCalcMethod::Field-edit-inner","interaction":{"idSuffix":"inner"}},"wdio_ui5_key":"rfmfundingcontractui::xRFMxCU_FundingContrProcessorObjectPage--fe::FormContainer::Details::FormElement::DataField::InterestCalcMethod::Field-edit-inner"}]}
RESULT: undefined
COMMAND: POST /session/58522511f3c42bf9b76750c5285d7f8d/execute/async - {"script":"<script> [21 bytes]","args":[{"selector":{"id":"rfm.fundingcontractui::xRFMxCU_FundingContrProcessorObjectPage--fe::FormContainer::Details::FormElement::DataField::InterestRate::Field-edit","interaction":{"idSuffix":"inner"}},"wdio_ui5_key":"rfmfundingcontractui::xRFMxCU_FundingContrProcessorObjectPage--fe::FormContainer::Details::FormElement::DataField::InterestRate::Field-edit"}]}
RESULT: {"script":"<script> [21 bytes]","args":[{"selector":{"id":"rfm.fundingcontractui::xRFMxCU_FundingContrProcessorObjectPage--fe::FormContainer::Details::FormElement::DataField::InterestRate::Field-edit","interaction":{"idSuffix":"inner"}},"wdio_ui5_key":"rfmfundingcontractui::xRFMxCU_FundingContrProcessorObjectPage--fe::FormContainer::Details::FormElement::DataField::InterestRate::Field-edit"}]}
RESULT: undefined
COMMAND: POST /session/58522511f3c42bf9b76750c5285d7f8d/execute/async - {"script":"<script> [21 bytes]","args":[{"selector":{"id":"rfm.fundingcontractui::xRFMxCU_FundingContrProcessorObjectPage--fe::FormContainer::Details::FormElement::DataField::CompanyCode::Field-edit-inner","interaction":{"idSuffix":"inner"}},"wdio_ui5_key":"rfmfundingcontractui::xRFMxCU_FundingContrProcessorObjectPage--fe::FormContainer::Details::FormElement::DataField::CompanyCode::Field-edit-inner"}]}
RESULT: {"script":"<script> [21 bytes]","args":[{"selector":{"id":"rfm.fundingcontractui::xRFMxCU_FundingContrProcessorObjectPage--fe::FormContainer::Details::FormElement::DataField::CompanyCode::Field-edit-inner","interaction":{"idSuffix":"inner"}},"wdio_ui5_key":"rfmfundingcontractui::xRFMxCU_FundingContrProcessorObjectPage--fe::FormContainer::Details::FormElement::DataField::CompanyCode::Field-edit-inner"}]}
RESULT: undefined
COMMAND: POST /session/58522511f3c42bf9b76750c5285d7f8d/execute/async - {"script":"<script> [21 bytes]","args":[{"forceSelect":true,"selector":{"id":"rfm.fundingcontractui::xRFMxCU_FundingContrProcessorObjectPage--fe::FooterBar::StandardAction::Save","interaction":{"idSuffix":"BDI-content"}},"wdio_ui5_key":"rfmfundingcontractui::xRFMxCU_FundingContrProcessorObjectPage--fe::FooterBar::StandardAction::Save"}]}
RESULT: {"script":"<script> [21 bytes]","args":[{"forceSelect":true,"selector":{"id":"rfm.fundingcontractui::xRFMxCU_FundingContrProcessorObjectPage--fe::FooterBar::StandardAction::Save","interaction":{"idSuffix":"BDI-content"}},"wdio_ui5_key":"rfmfundingcontractui::xRFMxCU_FundingContrProcessorObjectPage--fe::FooterBar::StandardAction::Save"}]}
RESULT: undefined
COMMAND: POST /session/58522511f3c42bf9b76750c5285d7f8d/execute/async - {"script":"<script> [21 bytes]","args":[{"selector":{"id":"rfm.fundingcontractui::xRFMxCU_FundingContrProcessorObjectPage--fe::FormContainer::Details::FormElement::DataField::CompanyCode::Field-display"},"wdio_ui5_key":"rfmfundingcontractui::xRFMxCU_FundingContrProcessorObjectPage--fe::FormContainer::Details::FormElement::DataField::CompanyCode::Field-display"}]}
RESULT: {"script":"<script> [21 bytes]","args":[{"selector":{"id":"rfm.fundingcontractui::xRFMxCU_FundingContrProcessorObjectPage--fe::FormContainer::Details::FormElement::DataField::CompanyCode::Field-display"},"wdio_ui5_key":"rfmfundingcontractui::xRFMxCU_FundingContrProcessorObjectPage--fe::FormContainer::Details::FormElement::DataField::CompanyCode::Field-display"}]}
RESULT: undefined
COMMAND: GET /session/58522511f3c42bf9b76750c5285d7f8d/screenshot - {}
COMMAND: GET /session/58522511f3c42bf9b76750c5285d7f8d/screenshot - {}
RESULT: {}
RESULT: {}
]]></system-out>
      <system-err><![CDATA[
Error: expect(received).toEqual(expected) // deep equality

Expected: "BearingPoint (0001)"
Received: undefined
    at Context.<anonymous> (D:\a\1\s\test\specs\BusinessObjects\FundingContract.spec.js:1246:53)
]]></system-err>
    </testcase>
    <testcase classname="chrome.139_0_7258_139.windows.FundingContract" name="Should check edit action" time="35.507">
      <failure/>
      <error message="expect(received).toEqual(expected) // deep equality&#xA;&#xA;Expected: &quot;BearingPoint (0001)&quot;&#xA;Received: undefined"/>
      <system-out><![CDATA[
RESULT: undefined
RESULT: undefined
RESULT: undefined
RESULT: undefined
RESULT: undefined
COMMAND: POST /session/58522511f3c42bf9b76750c5285d7f8d/execute/async - {"script":"<script> [21 bytes]","args":[{"forceSelect":true,"selector":{"id":"rfm.fundingcontractui::xRFMxCU_FundingContrProcessorObjectPage--fe::FooterBar::StandardAction::Save","interaction":{"idSuffix":"BDI-content"}},"wdio_ui5_key":"rfmfundingcontractui::xRFMxCU_FundingContrProcessorObjectPage--fe::FooterBar::StandardAction::Save"}]}
RESULT: {"script":"<script> [21 bytes]","args":[{"forceSelect":true,"selector":{"id":"rfm.fundingcontractui::xRFMxCU_FundingContrProcessorObjectPage--fe::FooterBar::StandardAction::Save","interaction":{"idSuffix":"BDI-content"}},"wdio_ui5_key":"rfmfundingcontractui::xRFMxCU_FundingContrProcessorObjectPage--fe::FooterBar::StandardAction::Save"}]}
RESULT: undefined
RESULT: undefined
COMMAND: GET /session/58522511f3c42bf9b76750c5285d7f8d/screenshot - {}
COMMAND: GET /session/58522511f3c42bf9b76750c5285d7f8d/screenshot - {}
RESULT: {}
RESULT: {}
COMMAND: GET /session/58522511f3c42bf9b76750c5285d7f8d/screenshot - {}
]]></system-out>
      <system-err><![CDATA[
Error: expect(received).toEqual(expected) // deep equality

Expected: "BearingPoint (0001)"
Received: undefined
    at Context.<anonymous> (D:\a\1\s\test\specs\BusinessObjects\FundingContract.spec.js:1246:53)
]]></system-err>
    </testcase>
    <testcase classname="chrome.139_0_7258_139.windows.FundingContract" name="Should check Generate Funding Contracts action" time="15.354">
      <system-out><![CDATA[
COMMAND: POST /session/58522511f3c42bf9b76750c5285d7f8d/execute/async - {"script":"<script> [21 bytes]","args":[{"selector":{"id":"rfm.fundingcontractui::xRFMxCU_FundingContrProcessorObjectPage--fe::ObjectPage-anchBar-rfm.fundingcontractui::xRFMxCU_FundingContrProcessorObjectPage--fe::FacetSection::Contracts-anchor","interaction":{"idSuffix":"text"}},"wdio_ui5_key":"rfmfundingcontractui::xRFMxCU_FundingContrProcessorObjectPage--fe::ObjectPage-anchBar-rfm.fundingcontractui::xRFMxCU_FundingContrProcessorObjectPage--fe::FacetSection::Contracts-anchor"}]}
RESULT: {}
RESULT: {"script":"<script> [21 bytes]","args":[{"selector":{"id":"rfm.fundingcontractui::xRFMxCU_FundingContrProcessorObjectPage--fe::ObjectPage-anchBar-rfm.fundingcontractui::xRFMxCU_FundingContrProcessorObjectPage--fe::FacetSection::Contracts-anchor","interaction":{"idSuffix":"text"}},"wdio_ui5_key":"rfmfundingcontractui::xRFMxCU_FundingContrProcessorObjectPage--fe::ObjectPage-anchBar-rfm.fundingcontractui::xRFMxCU_FundingContrProcessorObjectPage--fe::FacetSection::Contracts-anchor"}]}
RESULT: undefined
COMMAND: POST /session/58522511f3c42bf9b76750c5285d7f8d/execute/async - {"script":"<script> [21 bytes]","args":[{"selector":{"id":"rfm.fundingcontractui::xRFMxCU_FundingContrProcessorObjectPage--fe::DataFieldForAction::com.sap.gateway.srvd.rfm.ui_fundingcontract.v0001.GenerateFundingContracts::com.sap.gateway.srvd.rfm.ui_fundingcontract.v0001.xRFMxCU_FundingContrProcessorType","interaction":{"idSuffix":"content"}},"wdio_ui5_key":"rfmfundingcontractui::xRFMxCU_FundingContrProcessorObjectPage--fe::DataFieldForAction::com.sap.gateway.srvd.rfm.ui_fundingcontract.v0001.GenerateFundingContracts::com.sap.gateway.srvd.rfm.ui_fundingcontract.v0001.xRFMxCU_FundingContrProcessorType"}]}
RESULT: {"script":"<script> [21 bytes]","args":[{"selector":{"id":"rfm.fundingcontractui::xRFMxCU_FundingContrProcessorObjectPage--fe::DataFieldForAction::com.sap.gateway.srvd.rfm.ui_fundingcontract.v0001.GenerateFundingContracts::com.sap.gateway.srvd.rfm.ui_fundingcontract.v0001.xRFMxCU_FundingContrProcessorType","interaction":{"idSuffix":"content"}},"wdio_ui5_key":"rfmfundingcontractui::xRFMxCU_FundingContrProcessorObjectPage--fe::DataFieldForAction::com.sap.gateway.srvd.rfm.ui_fundingcontract.v0001.GenerateFundingContracts::com.sap.gateway.srvd.rfm.ui_fundingcontract.v0001.xRFMxCU_FundingContrProcessorType"}]}
RESULT: undefined
COMMAND: POST /session/58522511f3c42bf9b76750c5285d7f8d/execute/async - {"script":"<script> [21 bytes]","args":[{"selector":{"controlType":"sap.m.Title","viewName":"sap.fe.templates.ObjectPage.ObjectPage","viewId":"rfm.fundingcontractui::xRFMxCU_FundingContrProcessorObjectPage","properties":{"text":"No items available"}},"wdio_ui5_key":"sapfe.templates.ObjectPage.ObjectPagesap.m.Title{\"text\":\"No items available\"}"}]}
RESULT: {"script":"<script> [21 bytes]","args":[{"selector":{"controlType":"sap.m.Title","viewName":"sap.fe.templates.ObjectPage.ObjectPage","viewId":"rfm.fundingcontractui::xRFMxCU_FundingContrProcessorObjectPage","properties":{"text":"No items available"}},"wdio_ui5_key":"sapfe.templates.ObjectPage.ObjectPagesap.m.Title{\"text\":\"No items available\"}"}]}
RESULT: undefined
COMMAND: GET /session/58522511f3c42bf9b76750c5285d7f8d/screenshot - {}
]]></system-out>
    </testcase>
    <testcase classname="chrome.139_0_7258_139.windows.FundingContract" name="Should check navigation to 3rd object page" time="15.448">
      <skipped/>
      <system-out><![CDATA[
RESULT: undefined
RESULT: {}
COMMAND: POST /session/58522511f3c42bf9b76750c5285d7f8d/execute/async - {"script":"<script> [21 bytes]","args":[{"selector":{"id":"rfm.fundingcontractui::xRFMxCU_FundingContrProcessorObjectPage--fe::table::_FundingContract::LineItem-innerTable-rows-row0"},"wdio_ui5_key":"rfmfundingcontractui::xRFMxCU_FundingContrProcessorObjectPage--fe::table::_FundingContract::LineItem-innerTable-rows-row0"}]}
RESULT: {"script":"<script> [21 bytes]","args":[{"selector":{"id":"rfm.fundingcontractui::xRFMxCU_FundingContrProcessorObjectPage--fe::table::_FundingContract::LineItem-innerTable-rows-row0"},"wdio_ui5_key":"rfmfundingcontractui::xRFMxCU_FundingContrProcessorObjectPage--fe::table::_FundingContract::LineItem-innerTable-rows-row0"}]}
RESULT: undefined
RESULT: undefined
COMMAND: GET /session/58522511f3c42bf9b76750c5285d7f8d/screenshot - {}
COMMAND: GET /session/58522511f3c42bf9b76750c5285d7f8d/screenshot - {}
RESULT: {}
RESULT: {}
]]></system-out>
      <system-err><![CDATA[
TypeError: Cannot read properties of undefined (reading 'match')
    at Context.<anonymous> (D:\a\1\s\test\specs\BusinessObjects\FundingContract.spec.js:1331:37)
]]></system-err>
    </testcase>
    <testcase classname="chrome.139_0_7258_139.windows.FundingContract" name="Should check navigation to 3rd object page" time="15.449">
      <failure/>
      <error message="Cannot read properties of undefined (reading 'match')"/>
      <system-out><![CDATA[
RESULT: undefined
RESULT: undefined
RESULT: undefined
COMMAND: GET /session/58522511f3c42bf9b76750c5285d7f8d/screenshot - {}
COMMAND: GET /session/58522511f3c42bf9b76750c5285d7f8d/screenshot - {}
RESULT: {}
RESULT: {}
]]></system-out>
      <system-err><![CDATA[
TypeError: Cannot read properties of undefined (reading 'match')
    at Context.<anonymous> (D:\a\1\s\test\specs\BusinessObjects\FundingContract.spec.js:1331:37)
]]></system-err>
    </testcase>
    <testcase classname="chrome.139_0_7258_139.windows.FundingContract" name="Should check navigation to asset" time="10.435">
      <skipped/>
      <system-out><![CDATA[
COMMAND: POST /session/58522511f3c42bf9b76750c5285d7f8d/execute/async - {"script":"<script> [21 bytes]","args":[{"selector":{"id":"rfm.fundingcontractui::xRFMxCU_FundingContrProcessor__FundingContractObjectPage--fe::ObjectPage-anchBar-rfm.fundingcontractui::xRFMxCU_FundingContrProcessor__FundingContractObjectPage--fe::FacetSection::Asset-anchor"},"wdio_ui5_key":"rfmfundingcontractui::xRFMxCU_FundingContrProcessor__FundingContractObjectPage--fe::ObjectPage-anchBar-rfm.fundingcontractui::xRFMxCU_FundingContrProcessor__FundingContractObjectPage--fe::FacetSection::Asset-anchor"}]}
COMMAND: GET /session/58522511f3c42bf9b76750c5285d7f8d/screenshot - {}
RESULT: {"script":"<script> [21 bytes]","args":[{"selector":{"id":"rfm.fundingcontractui::xRFMxCU_FundingContrProcessor__FundingContractObjectPage--fe::ObjectPage-anchBar-rfm.fundingcontractui::xRFMxCU_FundingContrProcessor__FundingContractObjectPage--fe::FacetSection::Asset-anchor"},"wdio_ui5_key":"rfmfundingcontractui::xRFMxCU_FundingContrProcessor__FundingContractObjectPage--fe::ObjectPage-anchBar-rfm.fundingcontractui::xRFMxCU_FundingContrProcessor__FundingContractObjectPage--fe::FacetSection::Asset-anchor"}]}
RESULT: undefined
RESULT: {}
COMMAND: POST /session/58522511f3c42bf9b76750c5285d7f8d/execute/async - {"script":"<script> [21 bytes]","args":[{"selector":{"id":"rfm.fundingcontractui::xRFMxCU_FundingContrProcessor__FundingContractObjectPage--fe::FormContainer::Asset::FormElement::DataFieldWithIntentBasedNavigation::AssetIdExtern::FundingAsset::Manage::Field-display"},"wdio_ui5_key":"rfmfundingcontractui::xRFMxCU_FundingContrProcessor__FundingContractObjectPage--fe::FormContainer::Asset::FormElement::DataFieldWithIntentBasedNavigation::AssetIdExtern::FundingAsset::Manage::Field-display"}]}
RESULT: {"script":"<script> [21 bytes]","args":[{"selector":{"id":"rfm.fundingcontractui::xRFMxCU_FundingContrProcessor__FundingContractObjectPage--fe::FormContainer::Asset::FormElement::DataFieldWithIntentBasedNavigation::AssetIdExtern::FundingAsset::Manage::Field-display"},"wdio_ui5_key":"rfmfundingcontractui::xRFMxCU_FundingContrProcessor__FundingContractObjectPage--fe::FormContainer::Asset::FormElement::DataFieldWithIntentBasedNavigation::AssetIdExtern::FundingAsset::Manage::Field-display"}]}
RESULT: undefined
COMMAND: GET /session/58522511f3c42bf9b76750c5285d7f8d/screenshot - {}
COMMAND: GET /session/58522511f3c42bf9b76750c5285d7f8d/screenshot - {}
RESULT: {}
RESULT: {}
]]></system-out>
      <system-err><![CDATA[
Error: AssetIdExternBeforeNav is undefined
    at Context.<anonymous> (D:\a\1\s\test\specs\BusinessObjects\FundingContract.spec.js:1403:23)
]]></system-err>
    </testcase>
    <testcase classname="chrome.139_0_7258_139.windows.FundingContract" name="Should check navigation to asset" time="10.419">
      <failure/>
      <error message="AssetIdExternBeforeNav is undefined"/>
      <system-out><![CDATA[
RESULT: undefined
RESULT: undefined
COMMAND: GET /session/58522511f3c42bf9b76750c5285d7f8d/screenshot - {}
COMMAND: GET /session/58522511f3c42bf9b76750c5285d7f8d/screenshot - {}
RESULT: {}
RESULT: {}
COMMAND: DELETE /session/58522511f3c42bf9b76750c5285d7f8d - {}
COMMAND: GET /session/58522511f3c42bf9b76750c5285d7f8d/screenshot - {}
COMMAND: GET /session/58522511f3c42bf9b76750c5285d7f8d/screenshot - {}
RESULT: {}
]]></system-out>
      <system-err><![CDATA[
Error: AssetIdExternBeforeNav is undefined
    at Context.<anonymous> (D:\a\1\s\test\specs\BusinessObjects\FundingContract.spec.js:1403:23)
]]></system-err>
    </testcase>
  </testsuite>
</testsuites>