<?xml version="1.0" encoding="UTF-8"?>
<testsuites tests="12" failures="0" errors="0" skipped="0">
  <testsuite timestamp="2025-08-07T22:52:51" time="762.796" tests="12" failures="0" errors="0" skipped="0">
    <properties>
      <property name="specId" value="0"/>
      <property name="suiteName" value="Buyback"/>
      <property name="capabilities" value="chrome.138_0_7204_169.windows"/>
      <property name="file" value="file:///D:/a/1/s/test/specs/BusinessOperations/Buyback.spec.js"/>
    </properties>
    <testcase classname="chrome.138_0_7204_169.windows.Buyback" name="Should create Program" time="93.38">
      <system-out><![CDATA[
COMMAND: POST /session/73c71b9e7d936a0a1803ccb2dcb99096/execute/async - {"script":"<script> [21 bytes]","args":[{"selector":{"controlType":"sap.m.GenericTile","properties":{"header":"Funding Program"}},"wdio_ui5_key":"sapm.GenericTile{\"header\":\"Funding Program\"}"}]}
RESULT: {"script":"<script> [21 bytes]","args":[{"selector":{"controlType":"sap.m.GenericTile","properties":{"header":"Funding Program"}},"wdio_ui5_key":"sapm.GenericTile{\"header\":\"Funding Program\"}"}]}
RESULT: undefined
COMMAND: POST /session/73c71b9e7d936a0a1803ccb2dcb99096/element - {"using":"xpath","value":"//*[@id=\"__tile29\"]"}
RESULT: {"using":"xpath","value":"//*[@id=\"__tile29\"]"}
COMMAND: POST /session/73c71b9e7d936a0a1803ccb2dcb99096/element/f.FC2EA8830AA30A4050E5EB31FE862B44.d.6F15EC8FD18C7D8CD078A5E3CE5F82EE.e.82/click - {}
RESULT: {}
COMMAND: POST /session/73c71b9e7d936a0a1803ccb2dcb99096/execute/async - {"script":"<script> [21 bytes]","args":[{"selector":{"id":"rfm.programui::xRFMxCU_ProgramList--fe::table::allTab::LineItem::StandardAction::Create","controlType":"sap.m.Button"},"wdio_ui5_key":"rfmprogramui::xRFMxCU_ProgramList--fe::table::allTab::LineItem::StandardAction::Createsap.m.Button"}]}
COMMAND: GET /session/73c71b9e7d936a0a1803ccb2dcb99096/screenshot - {}
RESULT: {"script":"<script> [21 bytes]","args":[{"selector":{"id":"rfm.programui::xRFMxCU_ProgramList--fe::table::allTab::LineItem::StandardAction::Create","controlType":"sap.m.Button"},"wdio_ui5_key":"rfmprogramui::xRFMxCU_ProgramList--fe::table::allTab::LineItem::StandardAction::Createsap.m.Button"}]}
RESULT: undefined
COMMAND: POST /session/73c71b9e7d936a0a1803ccb2dcb99096/element - {"using":"xpath","value":"//*[@id=\"rfm.programui::xRFMxCU_ProgramList--fe::table::allTab::LineItem::StandardAction::Create\"]"}
RESULT: {}
RESULT: {"using":"xpath","value":"//*[@id=\"rfm.programui::xRFMxCU_ProgramList--fe::table::allTab::LineItem::StandardAction::Create\"]"}
COMMAND: POST /session/73c71b9e7d936a0a1803ccb2dcb99096/element/f.FC2EA8830AA30A4050E5EB31FE862B44.d.6F15EC8FD18C7D8CD078A5E3CE5F82EE.e.147/click - {}
RESULT: {}
COMMAND: GET /session/73c71b9e7d936a0a1803ccb2dcb99096/screenshot - {}
RESULT: {}
COMMAND: POST /session/73c71b9e7d936a0a1803ccb2dcb99096/execute/async - {"script":"<script> [21 bytes]","args":[{"selector":{"id":"CreateDialog::xRFMxCU_ProgramType::FundingScope-inner","searchOpenDialogs":true,"interaction":{"idSuffix":"inner"}},"wdio_ui5_key":"CreateDialogxRFMxCU_ProgramType::FundingScope-inner"}]}
RESULT: {"script":"<script> [21 bytes]","args":[{"selector":{"id":"CreateDialog::xRFMxCU_ProgramType::FundingScope-inner","searchOpenDialogs":true,"interaction":{"idSuffix":"inner"}},"wdio_ui5_key":"CreateDialogxRFMxCU_ProgramType::FundingScope-inner"}]}
RESULT: undefined
COMMAND: POST /session/73c71b9e7d936a0a1803ccb2dcb99096/execute/async - {"script":"<script> [20 bytes]","args":[{"enterText":"Total","selector":{"id":"CreateDialog::xRFMxCU_ProgramType::FundingScope-inner","searchOpenDialogs":true,"interaction":{"idSuffix":"inner"}},"clearTextFirst":true,"interactionType":"ENTER_TEXT"}]}
RESULT: {"script":"<script> [20 bytes]","args":[{"enterText":"Total","selector":{"id":"CreateDialog::xRFMxCU_ProgramType::FundingScope-inner","searchOpenDialogs":true,"interaction":{"idSuffix":"inner"}},"clearTextFirst":true,"interactionType":"ENTER_TEXT"}]}
COMMAND: POST /session/73c71b9e7d936a0a1803ccb2dcb99096/execute/async - {"script":"<script> [21 bytes]","args":[{"selector":{"id":"CreateDialog::xRFMxCU_ProgramType::ValidFrom-inner","searchOpenDialogs":true,"interaction":{"idSuffix":"inner"}},"wdio_ui5_key":"CreateDialogxRFMxCU_ProgramType::ValidFrom-inner"}]}
RESULT: {"script":"<script> [21 bytes]","args":[{"selector":{"id":"CreateDialog::xRFMxCU_ProgramType::ValidFrom-inner","searchOpenDialogs":true,"interaction":{"idSuffix":"inner"}},"wdio_ui5_key":"CreateDialogxRFMxCU_ProgramType::ValidFrom-inner"}]}
RESULT: undefined
COMMAND: POST /session/73c71b9e7d936a0a1803ccb2dcb99096/execute/async - {"script":"<script> [20 bytes]","args":[{"enterText":"2025-01-01","selector":{"id":"CreateDialog::xRFMxCU_ProgramType::ValidFrom-inner","searchOpenDialogs":true,"interaction":{"idSuffix":"inner"}},"clearTextFirst":true,"interactionType":"ENTER_TEXT"}]}
RESULT: {"script":"<script> [20 bytes]","args":[{"enterText":"2025-01-01","selector":{"id":"CreateDialog::xRFMxCU_ProgramType::ValidFrom-inner","searchOpenDialogs":true,"interaction":{"idSuffix":"inner"}},"clearTextFirst":true,"interactionType":"ENTER_TEXT"}]}
COMMAND: POST /session/73c71b9e7d936a0a1803ccb2dcb99096/execute/async - {"script":"<script> [21 bytes]","args":[{"selector":{"id":"CreateDialog::xRFMxCU_ProgramType::PortfolioId-inner","searchOpenDialogs":true,"interaction":{"idSuffix":"inner"}},"wdio_ui5_key":"CreateDialogxRFMxCU_ProgramType::PortfolioId-inner"}]}
RESULT: {"script":"<script> [21 bytes]","args":[{"selector":{"id":"CreateDialog::xRFMxCU_ProgramType::PortfolioId-inner","searchOpenDialogs":true,"interaction":{"idSuffix":"inner"}},"wdio_ui5_key":"CreateDialogxRFMxCU_ProgramType::PortfolioId-inner"}]}
RESULT: undefined
COMMAND: POST /session/73c71b9e7d936a0a1803ccb2dcb99096/execute/async - {"script":"<script> [20 bytes]","args":[{"enterText":"1","selector":{"id":"CreateDialog::xRFMxCU_ProgramType::PortfolioId-inner","searchOpenDialogs":true,"interaction":{"idSuffix":"inner"}},"clearTextFirst":true,"interactionType":"ENTER_TEXT"}]}
RESULT: {"script":"<script> [20 bytes]","args":[{"enterText":"1","selector":{"id":"CreateDialog::xRFMxCU_ProgramType::PortfolioId-inner","searchOpenDialogs":true,"interaction":{"idSuffix":"inner"}},"clearTextFirst":true,"interactionType":"ENTER_TEXT"}]}
COMMAND: POST /session/73c71b9e7d936a0a1803ccb2dcb99096/execute/async - {"script":"<script> [21 bytes]","args":[{"selector":{"controlType":"sap.m.Button","viewName":"sap.fe.templates.ObjectPage.ObjectPage","viewId":"rfm.programui::xRFMxCU_ProgramObjectPage","properties":{"text":"Continue"},"searchOpenDialogs":true,"interaction":{"idSuffix":"BDI-content"}},"wdio_ui5_key":"sapfe.templates.ObjectPage.ObjectPagesap.m.Button{\"text\":\"Continue\"}"}]}
RESULT: {"script":"<script> [21 bytes]","args":[{"selector":{"controlType":"sap.m.Button","viewName":"sap.fe.templates.ObjectPage.ObjectPage","viewId":"rfm.programui::xRFMxCU_ProgramObjectPage","properties":{"text":"Continue"},"searchOpenDialogs":true,"interaction":{"idSuffix":"BDI-content"}},"wdio_ui5_key":"sapfe.templates.ObjectPage.ObjectPagesap.m.Button{\"text\":\"Continue\"}"}]}
RESULT: undefined
COMMAND: POST /session/73c71b9e7d936a0a1803ccb2dcb99096/element - {"using":"xpath","value":"//*[@id=\"__button187\"]"}
RESULT: {"using":"xpath","value":"//*[@id=\"__button187\"]"}
COMMAND: POST /session/73c71b9e7d936a0a1803ccb2dcb99096/element/f.FC2EA8830AA30A4050E5EB31FE862B44.d.6F15EC8FD18C7D8CD078A5E3CE5F82EE.e.319/click - {}
RESULT: {}
COMMAND: GET /session/73c71b9e7d936a0a1803ccb2dcb99096/screenshot - {}
RESULT: {}
COMMAND: POST /session/73c71b9e7d936a0a1803ccb2dcb99096/execute/async - {"script":"<script> [21 bytes]","args":[{"selector":{"id":"rfm.programui::xRFMxCU_ProgramObjectPage--fe::CustomSubSection::CustomDetailsSection--fe::FormContainer::FieldGroup::basicData1::FormElement::DataField::Currency::Field-edit-inner","interaction":{"idSuffix":"inner"}},"wdio_ui5_key":"rfmprogramui::xRFMxCU_ProgramObjectPage--fe::CustomSubSection::CustomDetailsSection--fe::FormContainer::FieldGroup::basicData1::FormElement::DataField::Currency::Field-edit-inner"}]}
RESULT: {"script":"<script> [21 bytes]","args":[{"selector":{"id":"rfm.programui::xRFMxCU_ProgramObjectPage--fe::CustomSubSection::CustomDetailsSection--fe::FormContainer::FieldGroup::basicData1::FormElement::DataField::Currency::Field-edit-inner","interaction":{"idSuffix":"inner"}},"wdio_ui5_key":"rfmprogramui::xRFMxCU_ProgramObjectPage--fe::CustomSubSection::CustomDetailsSection--fe::FormContainer::FieldGroup::basicData1::FormElement::DataField::Currency::Field-edit-inner"}]}
RESULT: undefined
COMMAND: POST /session/73c71b9e7d936a0a1803ccb2dcb99096/execute/async - {"script":"<script> [20 bytes]","args":[{"enterText":"EUR","selector":{"id":"rfm.programui::xRFMxCU_ProgramObjectPage--fe::CustomSubSection::CustomDetailsSection--fe::FormContainer::FieldGroup::basicData1::FormElement::DataField::Currency::Field-edit-inner","interaction":{"idSuffix":"inner"}},"clearTextFirst":true,"interactionType":"ENTER_TEXT"}]}
RESULT: {"script":"<script> [20 bytes]","args":[{"enterText":"EUR","selector":{"id":"rfm.programui::xRFMxCU_ProgramObjectPage--fe::CustomSubSection::CustomDetailsSection--fe::FormContainer::FieldGroup::basicData1::FormElement::DataField::Currency::Field-edit-inner","interaction":{"idSuffix":"inner"}},"clearTextFirst":true,"interactionType":"ENTER_TEXT"}]}
COMMAND: POST /session/73c71b9e7d936a0a1803ccb2dcb99096/execute/async - {"script":"<script> [21 bytes]","args":[{"selector":{"id":"rfm.programui::xRFMxCU_ProgramObjectPage--fe::CustomSubSection::CustomDetailsSection--fe::FormContainer::FieldGroup::basicData1::FormElement::DataField::Volume::Field-edit-inner","interaction":{"idSuffix":"inner"}},"wdio_ui5_key":"rfmprogramui::xRFMxCU_ProgramObjectPage--fe::CustomSubSection::CustomDetailsSection--fe::FormContainer::FieldGroup::basicData1::FormElement::DataField::Volume::Field-edit-inner"}]}
RESULT: {"script":"<script> [21 bytes]","args":[{"selector":{"id":"rfm.programui::xRFMxCU_ProgramObjectPage--fe::CustomSubSection::CustomDetailsSection--fe::FormContainer::FieldGroup::basicData1::FormElement::DataField::Volume::Field-edit-inner","interaction":{"idSuffix":"inner"}},"wdio_ui5_key":"rfmprogramui::xRFMxCU_ProgramObjectPage--fe::CustomSubSection::CustomDetailsSection--fe::FormContainer::FieldGroup::basicData1::FormElement::DataField::Volume::Field-edit-inner"}]}
RESULT: undefined
COMMAND: POST /session/73c71b9e7d936a0a1803ccb2dcb99096/execute/async - {"script":"<script> [20 bytes]","args":[{"enterText":"1,000,000,000.00","selector":{"id":"rfm.programui::xRFMxCU_ProgramObjectPage--fe::CustomSubSection::CustomDetailsSection--fe::FormContainer::FieldGroup::basicData1::FormElement::DataField::Volume::Field-edit-inner","interaction":{"idSuffix":"inner"}},"clearTextFirst":true,"interactionType":"ENTER_TEXT"}]}
RESULT: {"script":"<script> [20 bytes]","args":[{"enterText":"1,000,000,000.00","selector":{"id":"rfm.programui::xRFMxCU_ProgramObjectPage--fe::CustomSubSection::CustomDetailsSection--fe::FormContainer::FieldGroup::basicData1::FormElement::DataField::Volume::Field-edit-inner","interaction":{"idSuffix":"inner"}},"clearTextFirst":true,"interactionType":"ENTER_TEXT"}]}
COMMAND: POST /session/73c71b9e7d936a0a1803ccb2dcb99096/execute/async - {"script":"<script> [21 bytes]","args":[{"selector":{"id":"rfm.programui::xRFMxCU_ProgramObjectPage--fe::CustomSubSection::CustomDetailsSection--fe::FormContainer::FieldGroup::basicData1::FormElement::DataField::ValidTo::Field-edit","interaction":{"idSuffix":"inner"}},"wdio_ui5_key":"rfmprogramui::xRFMxCU_ProgramObjectPage--fe::CustomSubSection::CustomDetailsSection--fe::FormContainer::FieldGroup::basicData1::FormElement::DataField::ValidTo::Field-edit"}]}
RESULT: {"script":"<script> [21 bytes]","args":[{"selector":{"id":"rfm.programui::xRFMxCU_ProgramObjectPage--fe::CustomSubSection::CustomDetailsSection--fe::FormContainer::FieldGroup::basicData1::FormElement::DataField::ValidTo::Field-edit","interaction":{"idSuffix":"inner"}},"wdio_ui5_key":"rfmprogramui::xRFMxCU_ProgramObjectPage--fe::CustomSubSection::CustomDetailsSection--fe::FormContainer::FieldGroup::basicData1::FormElement::DataField::ValidTo::Field-edit"}]}
RESULT: undefined
COMMAND: POST /session/73c71b9e7d936a0a1803ccb2dcb99096/execute/async - {"script":"<script> [20 bytes]","args":[{"enterText":"2027-12-31","selector":{"id":"rfm.programui::xRFMxCU_ProgramObjectPage--fe::CustomSubSection::CustomDetailsSection--fe::FormContainer::FieldGroup::basicData1::FormElement::DataField::ValidTo::Field-edit","interaction":{"idSuffix":"inner"}},"clearTextFirst":true,"interactionType":"ENTER_TEXT"}]}
RESULT: {"script":"<script> [20 bytes]","args":[{"enterText":"2027-12-31","selector":{"id":"rfm.programui::xRFMxCU_ProgramObjectPage--fe::CustomSubSection::CustomDetailsSection--fe::FormContainer::FieldGroup::basicData1::FormElement::DataField::ValidTo::Field-edit","interaction":{"idSuffix":"inner"}},"clearTextFirst":true,"interactionType":"ENTER_TEXT"}]}
COMMAND: POST /session/73c71b9e7d936a0a1803ccb2dcb99096/execute/async - {"script":"<script> [21 bytes]","args":[{"selector":{"id":"rfm.programui::xRFMxCU_ProgramObjectPage--fe::CustomSubSection::CustomDetailsSection--fe::FormContainer::FieldGroup::basicData2::FormElement::DataField::CompanyCode::Field-edit-inner","interaction":{"idSuffix":"inner"}},"wdio_ui5_key":"rfmprogramui::xRFMxCU_ProgramObjectPage--fe::CustomSubSection::CustomDetailsSection--fe::FormContainer::FieldGroup::basicData2::FormElement::DataField::CompanyCode::Field-edit-inner"}]}
RESULT: {"script":"<script> [21 bytes]","args":[{"selector":{"id":"rfm.programui::xRFMxCU_ProgramObjectPage--fe::CustomSubSection::CustomDetailsSection--fe::FormContainer::FieldGroup::basicData2::FormElement::DataField::CompanyCode::Field-edit-inner","interaction":{"idSuffix":"inner"}},"wdio_ui5_key":"rfmprogramui::xRFMxCU_ProgramObjectPage--fe::CustomSubSection::CustomDetailsSection--fe::FormContainer::FieldGroup::basicData2::FormElement::DataField::CompanyCode::Field-edit-inner"}]}
RESULT: undefined
COMMAND: POST /session/73c71b9e7d936a0a1803ccb2dcb99096/execute/async - {"script":"<script> [20 bytes]","args":[{"enterText":"BearingPoint (0001)","selector":{"id":"rfm.programui::xRFMxCU_ProgramObjectPage--fe::CustomSubSection::CustomDetailsSection--fe::FormContainer::FieldGroup::basicData2::FormElement::DataField::CompanyCode::Field-edit-inner","interaction":{"idSuffix":"inner"}},"clearTextFirst":true,"interactionType":"ENTER_TEXT"}]}
RESULT: {"script":"<script> [20 bytes]","args":[{"enterText":"BearingPoint (0001)","selector":{"id":"rfm.programui::xRFMxCU_ProgramObjectPage--fe::CustomSubSection::CustomDetailsSection--fe::FormContainer::FieldGroup::basicData2::FormElement::DataField::CompanyCode::Field-edit-inner","interaction":{"idSuffix":"inner"}},"clearTextFirst":true,"interactionType":"ENTER_TEXT"}]}
COMMAND: POST /session/73c71b9e7d936a0a1803ccb2dcb99096/execute/async - {"script":"<script> [21 bytes]","args":[{"selector":{"id":"rfm.programui::xRFMxCU_ProgramObjectPage--fe::CustomSubSection::CustomDetailsSection--DetailsFundingTypesTable-content::StandardAction::Create","interaction":{"idSuffix":"BDI-content"}},"wdio_ui5_key":"rfmprogramui::xRFMxCU_ProgramObjectPage--fe::CustomSubSection::CustomDetailsSection--DetailsFundingTypesTable-content::StandardAction::Create"}]}
RESULT: {"script":"<script> [21 bytes]","args":[{"selector":{"id":"rfm.programui::xRFMxCU_ProgramObjectPage--fe::CustomSubSection::CustomDetailsSection--DetailsFundingTypesTable-content::StandardAction::Create","interaction":{"idSuffix":"BDI-content"}},"wdio_ui5_key":"rfmprogramui::xRFMxCU_ProgramObjectPage--fe::CustomSubSection::CustomDetailsSection--DetailsFundingTypesTable-content::StandardAction::Create"}]}
RESULT: undefined
COMMAND: POST /session/73c71b9e7d936a0a1803ccb2dcb99096/element - {"using":"xpath","value":"//*[@id=\"rfm.programui::xRFMxCU_ProgramObjectPage--fe::CustomSubSection::CustomDetailsSection--DetailsFundingTypesTable-content::StandardAction::Create\"]"}
RESULT: {"using":"xpath","value":"//*[@id=\"rfm.programui::xRFMxCU_ProgramObjectPage--fe::CustomSubSection::CustomDetailsSection--DetailsFundingTypesTable-content::StandardAction::Create\"]"}
COMMAND: POST /session/73c71b9e7d936a0a1803ccb2dcb99096/element/f.FC2EA8830AA30A4050E5EB31FE862B44.d.6F15EC8FD18C7D8CD078A5E3CE5F82EE.e.369/click - {}
RESULT: {}
COMMAND: POST /session/73c71b9e7d936a0a1803ccb2dcb99096/execute/async - {"script":"<script> [21 bytes]","args":[{"selector":{"id":"CreateDialog::xRFMxCU_ProgramFundingTypeType::FundingType-inner","searchOpenDialogs":true,"interaction":{"idSuffix":"inner"}},"wdio_ui5_key":"CreateDialogxRFMxCU_ProgramFundingTypeType::FundingType-inner"}]}
COMMAND: GET /session/73c71b9e7d936a0a1803ccb2dcb99096/screenshot - {}
RESULT: {"script":"<script> [21 bytes]","args":[{"selector":{"id":"CreateDialog::xRFMxCU_ProgramFundingTypeType::FundingType-inner","searchOpenDialogs":true,"interaction":{"idSuffix":"inner"}},"wdio_ui5_key":"CreateDialogxRFMxCU_ProgramFundingTypeType::FundingType-inner"}]}
RESULT: undefined
COMMAND: POST /session/73c71b9e7d936a0a1803ccb2dcb99096/execute/async - {"script":"<script> [20 bytes]","args":[{"enterText":"External Funding (40)","selector":{"id":"CreateDialog::xRFMxCU_ProgramFundingTypeType::FundingType-inner","searchOpenDialogs":true,"interaction":{"idSuffix":"inner"}},"clearTextFirst":true,"interactionType":"ENTER_TEXT"}]}
RESULT: {}
RESULT: {"script":"<script> [20 bytes]","args":[{"enterText":"External Funding (40)","selector":{"id":"CreateDialog::xRFMxCU_ProgramFundingTypeType::FundingType-inner","searchOpenDialogs":true,"interaction":{"idSuffix":"inner"}},"clearTextFirst":true,"interactionType":"ENTER_TEXT"}]}
COMMAND: POST /session/73c71b9e7d936a0a1803ccb2dcb99096/execute/async - {"script":"<script> [21 bytes]","args":[{"selector":{"id":"CreateDialog::xRFMxCU_Program::_AllowedFundingType-footer","searchOpenDialogs":true},"wdio_ui5_key":"CreateDialogxRFMxCU_Program::_AllowedFundingType-footer"}]}
RESULT: {"script":"<script> [21 bytes]","args":[{"selector":{"id":"CreateDialog::xRFMxCU_Program::_AllowedFundingType-footer","searchOpenDialogs":true},"wdio_ui5_key":"CreateDialogxRFMxCU_Program::_AllowedFundingType-footer"}]}
RESULT: undefined
COMMAND: POST /session/73c71b9e7d936a0a1803ccb2dcb99096/element - {"using":"xpath","value":"//*[@id=\"CreateDialog::xRFMxCU_Program::_AllowedFundingType-footer\"]"}
RESULT: {"using":"xpath","value":"//*[@id=\"CreateDialog::xRFMxCU_Program::_AllowedFundingType-footer\"]"}
COMMAND: POST /session/73c71b9e7d936a0a1803ccb2dcb99096/element/f.FC2EA8830AA30A4050E5EB31FE862B44.d.6F15EC8FD18C7D8CD078A5E3CE5F82EE.e.510/click - {}
RESULT: {}
COMMAND: GET /session/73c71b9e7d936a0a1803ccb2dcb99096/screenshot - {}
RESULT: {}
COMMAND: POST /session/73c71b9e7d936a0a1803ccb2dcb99096/execute/async - {"script":"<script> [21 bytes]","args":[{"forceSelect":true,"selector":{"controlType":"sap.m.Button","viewName":"sap.fe.templates.ObjectPage.ObjectPage","viewId":"rfm.programui::xRFMxCU_Program__AllowedFundingTypeObjectPage","properties":{"text":"Continue"},"searchOpenDialogs":true,"interaction":{"idSuffix":"content"}},"wdio_ui5_key":"sapfe.templates.ObjectPage.ObjectPagesap.m.Button{\"text\":\"Continue\"}"}]}
RESULT: {"script":"<script> [21 bytes]","args":[{"forceSelect":true,"selector":{"controlType":"sap.m.Button","viewName":"sap.fe.templates.ObjectPage.ObjectPage","viewId":"rfm.programui::xRFMxCU_Program__AllowedFundingTypeObjectPage","properties":{"text":"Continue"},"searchOpenDialogs":true,"interaction":{"idSuffix":"content"}},"wdio_ui5_key":"sapfe.templates.ObjectPage.ObjectPagesap.m.Button{\"text\":\"Continue\"}"}]}
RESULT: undefined
COMMAND: POST /session/73c71b9e7d936a0a1803ccb2dcb99096/element - {"using":"xpath","value":"//*[@id=\"__button199\"]"}
RESULT: {"using":"xpath","value":"//*[@id=\"__button199\"]"}
COMMAND: POST /session/73c71b9e7d936a0a1803ccb2dcb99096/element/f.FC2EA8830AA30A4050E5EB31FE862B44.d.6F15EC8FD18C7D8CD078A5E3CE5F82EE.e.512/click - {}
RESULT: {}
COMMAND: GET /session/73c71b9e7d936a0a1803ccb2dcb99096/screenshot - {}
RESULT: {}
COMMAND: POST /session/73c71b9e7d936a0a1803ccb2dcb99096/execute/async - {"script":"<script> [21 bytes]","args":[{"selector":{"id":"rfm.programui::xRFMxCU_Program__AllowedFundingTypeObjectPage--fe::FooterBar::_fc"},"wdio_ui5_key":"rfmprogramui::xRFMxCU_Program__AllowedFundingTypeObjectPage--fe::FooterBar::_fc"}]}
RESULT: {"script":"<script> [21 bytes]","args":[{"selector":{"id":"rfm.programui::xRFMxCU_Program__AllowedFundingTypeObjectPage--fe::FooterBar::_fc"},"wdio_ui5_key":"rfmprogramui::xRFMxCU_Program__AllowedFundingTypeObjectPage--fe::FooterBar::_fc"}]}
RESULT: undefined
COMMAND: POST /session/73c71b9e7d936a0a1803ccb2dcb99096/element - {"using":"xpath","value":"//*[@id=\"rfm.programui::xRFMxCU_Program__AllowedFundingTypeObjectPage--fe::FooterBar::_fc\"]"}
RESULT: {"using":"xpath","value":"//*[@id=\"rfm.programui::xRFMxCU_Program__AllowedFundingTypeObjectPage--fe::FooterBar::_fc\"]"}
COMMAND: POST /session/73c71b9e7d936a0a1803ccb2dcb99096/element/f.FC2EA8830AA30A4050E5EB31FE862B44.d.6F15EC8FD18C7D8CD078A5E3CE5F82EE.e.518/click - {}
RESULT: {}
COMMAND: GET /session/73c71b9e7d936a0a1803ccb2dcb99096/screenshot - {}
RESULT: {}
COMMAND: POST /session/73c71b9e7d936a0a1803ccb2dcb99096/execute/async - {"script":"<script> [21 bytes]","args":[{"forceSelect":true,"selector":{"id":"rfm.programui::xRFMxCU_Program__AllowedFundingTypeObjectPage--fe::FooterBar::StandardAction::Apply"},"wdio_ui5_key":"rfmprogramui::xRFMxCU_Program__AllowedFundingTypeObjectPage--fe::FooterBar::StandardAction::Apply"}]}
RESULT: {"script":"<script> [21 bytes]","args":[{"forceSelect":true,"selector":{"id":"rfm.programui::xRFMxCU_Program__AllowedFundingTypeObjectPage--fe::FooterBar::StandardAction::Apply"},"wdio_ui5_key":"rfmprogramui::xRFMxCU_Program__AllowedFundingTypeObjectPage--fe::FooterBar::StandardAction::Apply"}]}
RESULT: undefined
COMMAND: POST /session/73c71b9e7d936a0a1803ccb2dcb99096/element - {"using":"xpath","value":"//*[@id=\"rfm.programui::xRFMxCU_Program__AllowedFundingTypeObjectPage--fe::FooterBar::StandardAction::Apply\"]"}
RESULT: {"using":"xpath","value":"//*[@id=\"rfm.programui::xRFMxCU_Program__AllowedFundingTypeObjectPage--fe::FooterBar::StandardAction::Apply\"]"}
COMMAND: POST /session/73c71b9e7d936a0a1803ccb2dcb99096/element/f.FC2EA8830AA30A4050E5EB31FE862B44.d.6F15EC8FD18C7D8CD078A5E3CE5F82EE.e.502/click - {}
RESULT: {}
COMMAND: GET /session/73c71b9e7d936a0a1803ccb2dcb99096/screenshot - {}
RESULT: {}
COMMAND: POST /session/73c71b9e7d936a0a1803ccb2dcb99096/execute/async - {"script":"<script> [21 bytes]","args":[{"selector":{"id":"rfm.programui::xRFMxCU_ProgramObjectPage--fe::ObjectPage-anchBar-rfm.programui::xRFMxCU_ProgramObjectPage--fe::EditableHeaderSection-anchor","interaction":{"idSuffix":"text"}},"wdio_ui5_key":"rfmprogramui::xRFMxCU_ProgramObjectPage--fe::ObjectPage-anchBar-rfm.programui::xRFMxCU_ProgramObjectPage--fe::EditableHeaderSection-anchor"}]}
RESULT: {"script":"<script> [21 bytes]","args":[{"selector":{"id":"rfm.programui::xRFMxCU_ProgramObjectPage--fe::ObjectPage-anchBar-rfm.programui::xRFMxCU_ProgramObjectPage--fe::EditableHeaderSection-anchor","interaction":{"idSuffix":"text"}},"wdio_ui5_key":"rfmprogramui::xRFMxCU_ProgramObjectPage--fe::ObjectPage-anchBar-rfm.programui::xRFMxCU_ProgramObjectPage--fe::EditableHeaderSection-anchor"}]}
RESULT: undefined
COMMAND: POST /session/73c71b9e7d936a0a1803ccb2dcb99096/element - {"using":"xpath","value":"//*[@id=\"rfm.programui::xRFMxCU_ProgramObjectPage--fe::ObjectPage-anchBar-rfm.programui::xRFMxCU_ProgramObjectPage--fe::EditableHeaderSection-anchor\"]"}
RESULT: {"using":"xpath","value":"//*[@id=\"rfm.programui::xRFMxCU_ProgramObjectPage--fe::ObjectPage-anchBar-rfm.programui::xRFMxCU_ProgramObjectPage--fe::EditableHeaderSection-anchor\"]"}
COMMAND: POST /session/73c71b9e7d936a0a1803ccb2dcb99096/element/f.FC2EA8830AA30A4050E5EB31FE862B44.d.6F15EC8FD18C7D8CD078A5E3CE5F82EE.e.569/click - {}
RESULT: {}
COMMAND: GET /session/73c71b9e7d936a0a1803ccb2dcb99096/screenshot - {}
RESULT: {}
COMMAND: POST /session/73c71b9e7d936a0a1803ccb2dcb99096/execute/async - {"script":"<script> [21 bytes]","args":[{"selector":{"id":"rfm.programui::xRFMxCU_ProgramObjectPage--fe::HeaderFacet::FormContainer::headerFieldsGP1::FormElement::DataField::Name::Field-edit","interaction":{"idSuffix":"inner"}},"wdio_ui5_key":"rfmprogramui::xRFMxCU_ProgramObjectPage--fe::HeaderFacet::FormContainer::headerFieldsGP1::FormElement::DataField::Name::Field-edit"}]}
RESULT: {"script":"<script> [21 bytes]","args":[{"selector":{"id":"rfm.programui::xRFMxCU_ProgramObjectPage--fe::HeaderFacet::FormContainer::headerFieldsGP1::FormElement::DataField::Name::Field-edit","interaction":{"idSuffix":"inner"}},"wdio_ui5_key":"rfmprogramui::xRFMxCU_ProgramObjectPage--fe::HeaderFacet::FormContainer::headerFieldsGP1::FormElement::DataField::Name::Field-edit"}]}
RESULT: undefined
COMMAND: POST /session/73c71b9e7d936a0a1803ccb2dcb99096/execute/async - {"script":"<script> [20 bytes]","args":[{"enterText":"WDIO_Buyback_2025-08-07_22-52-41","selector":{"id":"rfm.programui::xRFMxCU_ProgramObjectPage--fe::HeaderFacet::FormContainer::headerFieldsGP1::FormElement::DataField::Name::Field-edit","interaction":{"idSuffix":"inner"}},"clearTextFirst":true,"interactionType":"ENTER_TEXT"}]}
RESULT: {"script":"<script> [20 bytes]","args":[{"enterText":"WDIO_Buyback_2025-08-07_22-52-41","selector":{"id":"rfm.programui::xRFMxCU_ProgramObjectPage--fe::HeaderFacet::FormContainer::headerFieldsGP1::FormElement::DataField::Name::Field-edit","interaction":{"idSuffix":"inner"}},"clearTextFirst":true,"interactionType":"ENTER_TEXT"}]}
COMMAND: POST /session/73c71b9e7d936a0a1803ccb2dcb99096/execute/async - {"script":"<script> [21 bytes]","args":[{"selector":{"id":"rfm.programui::xRFMxCU_ProgramObjectPage--fe::FooterBar::StandardAction::Save","interaction":{"idSuffix":"BDI-content"}},"wdio_ui5_key":"rfmprogramui::xRFMxCU_ProgramObjectPage--fe::FooterBar::StandardAction::Save"}]}
RESULT: {"script":"<script> [21 bytes]","args":[{"selector":{"id":"rfm.programui::xRFMxCU_ProgramObjectPage--fe::FooterBar::StandardAction::Save","interaction":{"idSuffix":"BDI-content"}},"wdio_ui5_key":"rfmprogramui::xRFMxCU_ProgramObjectPage--fe::FooterBar::StandardAction::Save"}]}
RESULT: undefined
COMMAND: POST /session/73c71b9e7d936a0a1803ccb2dcb99096/element - {"using":"xpath","value":"//*[@id=\"rfm.programui::xRFMxCU_ProgramObjectPage--fe::FooterBar::StandardAction::Save\"]"}
RESULT: {"using":"xpath","value":"//*[@id=\"rfm.programui::xRFMxCU_ProgramObjectPage--fe::FooterBar::StandardAction::Save\"]"}
COMMAND: POST /session/73c71b9e7d936a0a1803ccb2dcb99096/element/f.FC2EA8830AA30A4050E5EB31FE862B44.d.6F15EC8FD18C7D8CD078A5E3CE5F82EE.e.424/click - {}
RESULT: {}
COMMAND: POST /session/73c71b9e7d936a0a1803ccb2dcb99096/execute/async - {"script":"<script> [21 bytes]","args":[{"selector":{"id":"rfm.programui::xRFMxCU_ProgramObjectPage--fe::HeaderFacet::Form::headerFieldsGP1::DataField::ProgramId::Field-content"},"wdio_ui5_key":"rfmprogramui::xRFMxCU_ProgramObjectPage--fe::HeaderFacet::Form::headerFieldsGP1::DataField::ProgramId::Field-content"}]}
COMMAND: GET /session/73c71b9e7d936a0a1803ccb2dcb99096/screenshot - {}
RESULT: {"script":"<script> [21 bytes]","args":[{"selector":{"id":"rfm.programui::xRFMxCU_ProgramObjectPage--fe::HeaderFacet::Form::headerFieldsGP1::DataField::ProgramId::Field-content"},"wdio_ui5_key":"rfmprogramui::xRFMxCU_ProgramObjectPage--fe::HeaderFacet::Form::headerFieldsGP1::DataField::ProgramId::Field-content"}]}
RESULT: undefined
COMMAND: POST /session/73c71b9e7d936a0a1803ccb2dcb99096/execute/async - {"script":"<script> [21 bytes]","args":[{"element-6066-11e4-a52e-4f735466cecf":"f.FC2EA8830AA30A4050E5EB31FE862B44.d.6F15EC8FD18C7D8CD078A5E3CE5F82EE.e.585"},"getText",[]]}
RESULT: {}
RESULT: {"script":"<script> [21 bytes]","args":[{"element-6066-11e4-a52e-4f735466cecf":"f.FC2EA8830AA30A4050E5EB31FE862B44.d.6F15EC8FD18C7D8CD078A5E3CE5F82EE.e.585"},"getText",[]]}
COMMAND: POST /session/73c71b9e7d936a0a1803ccb2dcb99096/execute/async - {"script":"<script> [21 bytes]","args":[{"selector":{"id":"rfm.programui::xRFMxCU_ProgramObjectPage--fe::DataFieldForAction::com.sap.gateway.srvd.rfm.ui_program.v0001.Open::com.sap.gateway.srvd.rfm.ui_program.v0001.xRFMxCU_ProgramType","interaction":{"idSuffix":"BDI-content"}},"wdio_ui5_key":"rfmprogramui::xRFMxCU_ProgramObjectPage--fe::DataFieldForAction::com.sap.gateway.srvd.rfm.ui_program.v0001.Open::com.sap.gateway.srvd.rfm.ui_program.v0001.xRFMxCU_ProgramType"}]}
RESULT: {"script":"<script> [21 bytes]","args":[{"selector":{"id":"rfm.programui::xRFMxCU_ProgramObjectPage--fe::DataFieldForAction::com.sap.gateway.srvd.rfm.ui_program.v0001.Open::com.sap.gateway.srvd.rfm.ui_program.v0001.xRFMxCU_ProgramType","interaction":{"idSuffix":"BDI-content"}},"wdio_ui5_key":"rfmprogramui::xRFMxCU_ProgramObjectPage--fe::DataFieldForAction::com.sap.gateway.srvd.rfm.ui_program.v0001.Open::com.sap.gateway.srvd.rfm.ui_program.v0001.xRFMxCU_ProgramType"}]}
RESULT: undefined
COMMAND: POST /session/73c71b9e7d936a0a1803ccb2dcb99096/element - {"using":"xpath","value":"//*[@id=\"rfm.programui::xRFMxCU_ProgramObjectPage--fe::DataFieldForAction::com.sap.gateway.srvd.rfm.ui_program.v0001.Open::com.sap.gateway.srvd.rfm.ui_program.v0001.xRFMxCU_ProgramType\"]"}
RESULT: {"using":"xpath","value":"//*[@id=\"rfm.programui::xRFMxCU_ProgramObjectPage--fe::DataFieldForAction::com.sap.gateway.srvd.rfm.ui_program.v0001.Open::com.sap.gateway.srvd.rfm.ui_program.v0001.xRFMxCU_ProgramType\"]"}
COMMAND: POST /session/73c71b9e7d936a0a1803ccb2dcb99096/element/f.FC2EA8830AA30A4050E5EB31FE862B44.d.6F15EC8FD18C7D8CD078A5E3CE5F82EE.e.350/click - {}
RESULT: {}
COMMAND: GET /session/73c71b9e7d936a0a1803ccb2dcb99096/screenshot - {}
RESULT: {}
COMMAND: POST /session/73c71b9e7d936a0a1803ccb2dcb99096/execute/async - {"script":"<script> [21 bytes]","args":[{"selector":{"controlType":"sap.m.Button","properties":{"text":"OK"},"searchOpenDialogs":true,"interaction":{"idSuffix":"BDI-content"}},"wdio_ui5_key":"sapm.Button{\"text\":\"OK\"}"}]}
RESULT: {"script":"<script> [21 bytes]","args":[{"selector":{"controlType":"sap.m.Button","properties":{"text":"OK"},"searchOpenDialogs":true,"interaction":{"idSuffix":"BDI-content"}},"wdio_ui5_key":"sapm.Button{\"text\":\"OK\"}"}]}
RESULT: undefined
COMMAND: POST /session/73c71b9e7d936a0a1803ccb2dcb99096/element - {"using":"xpath","value":"//*[@id=\"__mbox-btn-0\"]"}
RESULT: {"using":"xpath","value":"//*[@id=\"__mbox-btn-0\"]"}
COMMAND: POST /session/73c71b9e7d936a0a1803ccb2dcb99096/element/f.FC2EA8830AA30A4050E5EB31FE862B44.d.6F15EC8FD18C7D8CD078A5E3CE5F82EE.e.588/click - {}
RESULT: {}
COMMAND: POST /session/73c71b9e7d936a0a1803ccb2dcb99096/execute/async - {"script":"<script> [21 bytes]","args":[{"selector":{"id":"backBtn"},"wdio_ui5_key":"backBtn"}]}
COMMAND: GET /session/73c71b9e7d936a0a1803ccb2dcb99096/screenshot - {}
RESULT: {"script":"<script> [21 bytes]","args":[{"selector":{"id":"backBtn"},"wdio_ui5_key":"backBtn"}]}
RESULT: undefined
COMMAND: POST /session/73c71b9e7d936a0a1803ccb2dcb99096/element - {"using":"xpath","value":"//*[@id=\"backBtn\"]"}
RESULT: {}
RESULT: {"using":"xpath","value":"//*[@id=\"backBtn\"]"}
COMMAND: POST /session/73c71b9e7d936a0a1803ccb2dcb99096/element/f.FC2EA8830AA30A4050E5EB31FE862B44.d.6F15EC8FD18C7D8CD078A5E3CE5F82EE.e.593/click - {}
RESULT: {}
COMMAND: GET /session/73c71b9e7d936a0a1803ccb2dcb99096/screenshot - {}
RESULT: {}
COMMAND: POST /session/73c71b9e7d936a0a1803ccb2dcb99096/element/f.FC2EA8830AA30A4050E5EB31FE862B44.d.6F15EC8FD18C7D8CD078A5E3CE5F82EE.e.593/click - {}
COMMAND: GET /session/73c71b9e7d936a0a1803ccb2dcb99096/screenshot - {}
]]></system-out>
    </testcase>
    <testcase classname="chrome.138_0_7204_169.windows.Buyback" name="Should create asset 1" time="161.333">
      <system-out><![CDATA[
RESULT: {}
COMMAND: GET /session/73c71b9e7d936a0a1803ccb2dcb99096/screenshot - {}
RESULT: {}
RESULT: {}
COMMAND: POST /session/73c71b9e7d936a0a1803ccb2dcb99096/execute/async - {"script":"<script> [21 bytes]","args":[{"selector":{"controlType":"sap.m.GenericTile","properties":{"header":"Funding Asset"}},"wdio_ui5_key":"sapm.GenericTile{\"header\":\"Funding Asset\"}"}]}
RESULT: {"script":"<script> [21 bytes]","args":[{"selector":{"controlType":"sap.m.GenericTile","properties":{"header":"Funding Asset"}},"wdio_ui5_key":"sapm.GenericTile{\"header\":\"Funding Asset\"}"}]}
RESULT: undefined
COMMAND: POST /session/73c71b9e7d936a0a1803ccb2dcb99096/element - {"using":"xpath","value":"//*[@id=\"__tile53\"]"}
RESULT: {"using":"xpath","value":"//*[@id=\"__tile53\"]"}
COMMAND: POST /session/73c71b9e7d936a0a1803ccb2dcb99096/element/f.FC2EA8830AA30A4050E5EB31FE862B44.d.6F15EC8FD18C7D8CD078A5E3CE5F82EE.e.685/click - {}
RESULT: {}
COMMAND: POST /session/73c71b9e7d936a0a1803ccb2dcb99096/execute/async - {"script":"<script> [21 bytes]","args":[{"selector":{"id":"rfm.assetui::xRFMxCU_AssetList--fe::table::allTab::LineItem::StandardAction::Create","controlType":"sap.m.Button"},"wdio_ui5_key":"rfmassetui::xRFMxCU_AssetList--fe::table::allTab::LineItem::StandardAction::Createsap.m.Button"}]}
COMMAND: GET /session/73c71b9e7d936a0a1803ccb2dcb99096/screenshot - {}
RESULT: {"script":"<script> [21 bytes]","args":[{"selector":{"id":"rfm.assetui::xRFMxCU_AssetList--fe::table::allTab::LineItem::StandardAction::Create","controlType":"sap.m.Button"},"wdio_ui5_key":"rfmassetui::xRFMxCU_AssetList--fe::table::allTab::LineItem::StandardAction::Createsap.m.Button"}]}
RESULT: undefined
COMMAND: POST /session/73c71b9e7d936a0a1803ccb2dcb99096/element - {"using":"xpath","value":"//*[@id=\"rfm.assetui::xRFMxCU_AssetList--fe::table::allTab::LineItem::StandardAction::Create\"]"}
RESULT: {}
RESULT: {"using":"xpath","value":"//*[@id=\"rfm.assetui::xRFMxCU_AssetList--fe::table::allTab::LineItem::StandardAction::Create\"]"}
COMMAND: POST /session/73c71b9e7d936a0a1803ccb2dcb99096/element/f.FC2EA8830AA30A4050E5EB31FE862B44.d.6F15EC8FD18C7D8CD078A5E3CE5F82EE.e.793/click - {}
RESULT: {}
COMMAND: GET /session/73c71b9e7d936a0a1803ccb2dcb99096/screenshot - {}
RESULT: {}
COMMAND: POST /session/73c71b9e7d936a0a1803ccb2dcb99096/execute/async - {"script":"<script> [21 bytes]","args":[{"selector":{"id":"CreateDialog::xRFMxCU_AssetType::AssetIdExtern-inner","controlType":"sap.ui.mdc.field.FieldInput","searchOpenDialogs":true},"wdio_ui5_key":"CreateDialogxRFMxCU_AssetType::AssetIdExtern-innersap.ui.mdc.field.FieldInput"}]}
RESULT: {"script":"<script> [21 bytes]","args":[{"selector":{"id":"CreateDialog::xRFMxCU_AssetType::AssetIdExtern-inner","controlType":"sap.ui.mdc.field.FieldInput","searchOpenDialogs":true},"wdio_ui5_key":"CreateDialogxRFMxCU_AssetType::AssetIdExtern-innersap.ui.mdc.field.FieldInput"}]}
RESULT: undefined
COMMAND: POST /session/73c71b9e7d936a0a1803ccb2dcb99096/execute/async - {"script":"<script> [21 bytes]","args":[{"element-6066-11e4-a52e-4f735466cecf":"f.FC2EA8830AA30A4050E5EB31FE862B44.d.6F15EC8FD18C7D8CD078A5E3CE5F82EE.e.885"},"setValue",["WDIO_Buyback_2025-08-07_22-52-41"]]}
RESULT: {"script":"<script> [21 bytes]","args":[{"element-6066-11e4-a52e-4f735466cecf":"f.FC2EA8830AA30A4050E5EB31FE862B44.d.6F15EC8FD18C7D8CD078A5E3CE5F82EE.e.885"},"setValue",["WDIO_Buyback_2025-08-07_22-52-41"]]}
COMMAND: POST /session/73c71b9e7d936a0a1803ccb2dcb99096/execute/async - {"script":"<script> [21 bytes]","args":[{"selector":{"id":"CreateDialog::xRFMxCU_AssetType::ExternalSystem-inner","searchOpenDialogs":true,"interaction":{"idSuffix":"inner"}},"wdio_ui5_key":"CreateDialogxRFMxCU_AssetType::ExternalSystem-inner"}]}
RESULT: {"script":"<script> [21 bytes]","args":[{"selector":{"id":"CreateDialog::xRFMxCU_AssetType::ExternalSystem-inner","searchOpenDialogs":true,"interaction":{"idSuffix":"inner"}},"wdio_ui5_key":"CreateDialogxRFMxCU_AssetType::ExternalSystem-inner"}]}
RESULT: undefined
COMMAND: POST /session/73c71b9e7d936a0a1803ccb2dcb99096/execute/async - {"script":"<script> [20 bytes]","args":[{"enterText":"Test","selector":{"id":"CreateDialog::xRFMxCU_AssetType::ExternalSystem-inner","searchOpenDialogs":true,"interaction":{"idSuffix":"inner"}},"clearTextFirst":true,"interactionType":"ENTER_TEXT"}]}
RESULT: {"script":"<script> [20 bytes]","args":[{"enterText":"Test","selector":{"id":"CreateDialog::xRFMxCU_AssetType::ExternalSystem-inner","searchOpenDialogs":true,"interaction":{"idSuffix":"inner"}},"clearTextFirst":true,"interactionType":"ENTER_TEXT"}]}
COMMAND: POST /session/73c71b9e7d936a0a1803ccb2dcb99096/execute/async - {"script":"<script> [21 bytes]","args":[{"selector":{"id":"CreateDialog::xRFMxCU_AssetType::InitiationDate-inner","controlType":"sap.m.DatePicker","searchOpenDialogs":true},"wdio_ui5_key":"CreateDialogxRFMxCU_AssetType::InitiationDate-innersap.m.DatePicker"}]}
RESULT: {"script":"<script> [21 bytes]","args":[{"selector":{"id":"CreateDialog::xRFMxCU_AssetType::InitiationDate-inner","controlType":"sap.m.DatePicker","searchOpenDialogs":true},"wdio_ui5_key":"CreateDialogxRFMxCU_AssetType::InitiationDate-innersap.m.DatePicker"}]}
RESULT: undefined
COMMAND: POST /session/73c71b9e7d936a0a1803ccb2dcb99096/execute/async - {"script":"<script> [21 bytes]","args":[{"element-6066-11e4-a52e-4f735466cecf":"f.FC2EA8830AA30A4050E5EB31FE862B44.d.6F15EC8FD18C7D8CD078A5E3CE5F82EE.e.886"},"setValue",["2025-01-01"]]}
RESULT: {"script":"<script> [21 bytes]","args":[{"element-6066-11e4-a52e-4f735466cecf":"f.FC2EA8830AA30A4050E5EB31FE862B44.d.6F15EC8FD18C7D8CD078A5E3CE5F82EE.e.886"},"setValue",["2025-01-01"]]}
COMMAND: POST /session/73c71b9e7d936a0a1803ccb2dcb99096/execute/async - {"script":"<script> [21 bytes]","args":[{"selector":{"id":"CreateDialog::xRFMxCU_AssetType::ClosingDate-inner","controlType":"sap.m.DatePicker","searchOpenDialogs":true},"wdio_ui5_key":"CreateDialogxRFMxCU_AssetType::ClosingDate-innersap.m.DatePicker"}]}
RESULT: {"script":"<script> [21 bytes]","args":[{"selector":{"id":"CreateDialog::xRFMxCU_AssetType::ClosingDate-inner","controlType":"sap.m.DatePicker","searchOpenDialogs":true},"wdio_ui5_key":"CreateDialogxRFMxCU_AssetType::ClosingDate-innersap.m.DatePicker"}]}
RESULT: undefined
COMMAND: POST /session/73c71b9e7d936a0a1803ccb2dcb99096/execute/async - {"script":"<script> [21 bytes]","args":[{"element-6066-11e4-a52e-4f735466cecf":"f.FC2EA8830AA30A4050E5EB31FE862B44.d.6F15EC8FD18C7D8CD078A5E3CE5F82EE.e.887"},"setValue",["2027-12-31"]]}
RESULT: {"script":"<script> [21 bytes]","args":[{"element-6066-11e4-a52e-4f735466cecf":"f.FC2EA8830AA30A4050E5EB31FE862B44.d.6F15EC8FD18C7D8CD078A5E3CE5F82EE.e.887"},"setValue",["2027-12-31"]]}
COMMAND: POST /session/73c71b9e7d936a0a1803ccb2dcb99096/execute/async - {"script":"<script> [21 bytes]","args":[{"forceSelect":true,"selector":{"controlType":"sap.m.Button","properties":{"text":"Continue"},"searchOpenDialogs":true},"wdio_ui5_key":"sapm.Button{\"text\":\"Continue\"}"}]}
RESULT: {"script":"<script> [21 bytes]","args":[{"forceSelect":true,"selector":{"controlType":"sap.m.Button","properties":{"text":"Continue"},"searchOpenDialogs":true},"wdio_ui5_key":"sapm.Button{\"text\":\"Continue\"}"}]}
RESULT: undefined
COMMAND: POST /session/73c71b9e7d936a0a1803ccb2dcb99096/execute/async - {"script":"<script> [21 bytes]","args":[{"selector":{"id":"__button233"}}]}
RESULT: {"script":"<script> [21 bytes]","args":[{"selector":{"id":"__button233"}}]}
COMMAND: POST /session/73c71b9e7d936a0a1803ccb2dcb99096/execute/async - {"script":"<script> [21 bytes]","args":[{"element-6066-11e4-a52e-4f735466cecf":"f.FC2EA8830AA30A4050E5EB31FE862B44.d.6F15EC8FD18C7D8CD078A5E3CE5F82EE.e.900"},"getVisible",[]]}
RESULT: {"script":"<script> [21 bytes]","args":[{"element-6066-11e4-a52e-4f735466cecf":"f.FC2EA8830AA30A4050E5EB31FE862B44.d.6F15EC8FD18C7D8CD078A5E3CE5F82EE.e.900"},"getVisible",[]]}
COMMAND: POST /session/73c71b9e7d936a0a1803ccb2dcb99096/execute/async - {"script":"<script> [21 bytes]","args":[{"selector":{"id":"__button233"}}]}
RESULT: {"script":"<script> [21 bytes]","args":[{"selector":{"id":"__button233"}}]}
COMMAND: POST /session/73c71b9e7d936a0a1803ccb2dcb99096/execute/async - {"script":"<script> [21 bytes]","args":[{"element-6066-11e4-a52e-4f735466cecf":"f.FC2EA8830AA30A4050E5EB31FE862B44.d.6F15EC8FD18C7D8CD078A5E3CE5F82EE.e.900"},"getEnabled",[]]}
RESULT: {"script":"<script> [21 bytes]","args":[{"element-6066-11e4-a52e-4f735466cecf":"f.FC2EA8830AA30A4050E5EB31FE862B44.d.6F15EC8FD18C7D8CD078A5E3CE5F82EE.e.900"},"getEnabled",[]]}
COMMAND: POST /session/73c71b9e7d936a0a1803ccb2dcb99096/element - {"using":"xpath","value":"//*[@id=\"__button233\"]"}
RESULT: {"using":"xpath","value":"//*[@id=\"__button233\"]"}
COMMAND: POST /session/73c71b9e7d936a0a1803ccb2dcb99096/element/f.FC2EA8830AA30A4050E5EB31FE862B44.d.6F15EC8FD18C7D8CD078A5E3CE5F82EE.e.900/click - {}
RESULT: {}
COMMAND: POST /session/73c71b9e7d936a0a1803ccb2dcb99096/execute/async - {"script":"<script> [21 bytes]","args":[{"selector":{"id":"rfm.assetui::xRFMxCU_AssetObjectPage--fe::FCLStandardAction::FullScreen","interaction":{"idSuffix":"inner"}},"wdio_ui5_key":"rfmassetui::xRFMxCU_AssetObjectPage--fe::FCLStandardAction::FullScreen"}]}
COMMAND: GET /session/73c71b9e7d936a0a1803ccb2dcb99096/screenshot - {}
RESULT: {"script":"<script> [21 bytes]","args":[{"selector":{"id":"rfm.assetui::xRFMxCU_AssetObjectPage--fe::FCLStandardAction::FullScreen","interaction":{"idSuffix":"inner"}},"wdio_ui5_key":"rfmassetui::xRFMxCU_AssetObjectPage--fe::FCLStandardAction::FullScreen"}]}
RESULT: undefined
COMMAND: POST /session/73c71b9e7d936a0a1803ccb2dcb99096/element - {"using":"xpath","value":"//*[@id=\"rfm.assetui::xRFMxCU_AssetObjectPage--fe::FCLStandardAction::FullScreen\"]"}
RESULT: {}
RESULT: {"using":"xpath","value":"//*[@id=\"rfm.assetui::xRFMxCU_AssetObjectPage--fe::FCLStandardAction::FullScreen\"]"}
COMMAND: POST /session/73c71b9e7d936a0a1803ccb2dcb99096/element/f.FC2EA8830AA30A4050E5EB31FE862B44.d.6F15EC8FD18C7D8CD078A5E3CE5F82EE.e.963/click - {}
RESULT: {}
COMMAND: POST /session/73c71b9e7d936a0a1803ccb2dcb99096/execute/async - {"script":"<script> [21 bytes]","args":[{"selector":{"id":"rfm.assetui::xRFMxCU_AssetObjectPage--fe::FormContainer::FieldGroup::detailsFieldsGP1::FormElement::DataFieldWithIntentBasedNavigation::PartnerId::Debtor::Manage::Field-edit","interaction":{"idSuffix":"inner"}},"wdio_ui5_key":"rfmassetui::xRFMxCU_AssetObjectPage--fe::FormContainer::FieldGroup::detailsFieldsGP1::FormElement::DataFieldWithIntentBasedNavigation::PartnerId::Debtor::Manage::Field-edit"}]}
COMMAND: GET /session/73c71b9e7d936a0a1803ccb2dcb99096/screenshot - {}
RESULT: {"script":"<script> [21 bytes]","args":[{"selector":{"id":"rfm.assetui::xRFMxCU_AssetObjectPage--fe::FormContainer::FieldGroup::detailsFieldsGP1::FormElement::DataFieldWithIntentBasedNavigation::PartnerId::Debtor::Manage::Field-edit","interaction":{"idSuffix":"inner"}},"wdio_ui5_key":"rfmassetui::xRFMxCU_AssetObjectPage--fe::FormContainer::FieldGroup::detailsFieldsGP1::FormElement::DataFieldWithIntentBasedNavigation::PartnerId::Debtor::Manage::Field-edit"}]}
RESULT: undefined
COMMAND: POST /session/73c71b9e7d936a0a1803ccb2dcb99096/execute/async - {"script":"<script> [20 bytes]","args":[{"enterText":"117009960","selector":{"id":"rfm.assetui::xRFMxCU_AssetObjectPage--fe::FormContainer::FieldGroup::detailsFieldsGP1::FormElement::DataFieldWithIntentBasedNavigation::PartnerId::Debtor::Manage::Field-edit","interaction":{"idSuffix":"inner"}},"clearTextFirst":true,"interactionType":"ENTER_TEXT"}]}
RESULT: {}
RESULT: {"script":"<script> [20 bytes]","args":[{"enterText":"117009960","selector":{"id":"rfm.assetui::xRFMxCU_AssetObjectPage--fe::FormContainer::FieldGroup::detailsFieldsGP1::FormElement::DataFieldWithIntentBasedNavigation::PartnerId::Debtor::Manage::Field-edit","interaction":{"idSuffix":"inner"}},"clearTextFirst":true,"interactionType":"ENTER_TEXT"}]}
COMMAND: POST /session/73c71b9e7d936a0a1803ccb2dcb99096/execute/async - {"script":"<script> [21 bytes]","args":[{"selector":{"id":"rfm.assetui::xRFMxCU_AssetObjectPage--fe::FormContainer::FieldGroup::detailsFieldsGP1::FormElement::DataField::NominalValue::Field-edit-inner","interaction":{"idSuffix":"inner"}},"wdio_ui5_key":"rfmassetui::xRFMxCU_AssetObjectPage--fe::FormContainer::FieldGroup::detailsFieldsGP1::FormElement::DataField::NominalValue::Field-edit-inner"}]}
RESULT: {"script":"<script> [21 bytes]","args":[{"selector":{"id":"rfm.assetui::xRFMxCU_AssetObjectPage--fe::FormContainer::FieldGroup::detailsFieldsGP1::FormElement::DataField::NominalValue::Field-edit-inner","interaction":{"idSuffix":"inner"}},"wdio_ui5_key":"rfmassetui::xRFMxCU_AssetObjectPage--fe::FormContainer::FieldGroup::detailsFieldsGP1::FormElement::DataField::NominalValue::Field-edit-inner"}]}
RESULT: undefined
COMMAND: POST /session/73c71b9e7d936a0a1803ccb2dcb99096/execute/async - {"script":"<script> [20 bytes]","args":[{"enterText":"47,611.20","selector":{"id":"rfm.assetui::xRFMxCU_AssetObjectPage--fe::FormContainer::FieldGroup::detailsFieldsGP1::FormElement::DataField::NominalValue::Field-edit-inner","interaction":{"idSuffix":"inner"}},"clearTextFirst":true,"interactionType":"ENTER_TEXT"}]}
RESULT: {"script":"<script> [20 bytes]","args":[{"enterText":"47,611.20","selector":{"id":"rfm.assetui::xRFMxCU_AssetObjectPage--fe::FormContainer::FieldGroup::detailsFieldsGP1::FormElement::DataField::NominalValue::Field-edit-inner","interaction":{"idSuffix":"inner"}},"clearTextFirst":true,"interactionType":"ENTER_TEXT"}]}
COMMAND: POST /session/73c71b9e7d936a0a1803ccb2dcb99096/execute/async - {"script":"<script> [21 bytes]","args":[{"selector":{"id":"rfm.assetui::xRFMxCU_AssetObjectPage--fe::FormContainer::FieldGroup::detailsFieldsGP1::FormElement::DataField::NominalValue::Field-edit-inner-unit","interaction":{"idSuffix":"inner"}},"wdio_ui5_key":"rfmassetui::xRFMxCU_AssetObjectPage--fe::FormContainer::FieldGroup::detailsFieldsGP1::FormElement::DataField::NominalValue::Field-edit-inner-unit"}]}
RESULT: {"script":"<script> [21 bytes]","args":[{"selector":{"id":"rfm.assetui::xRFMxCU_AssetObjectPage--fe::FormContainer::FieldGroup::detailsFieldsGP1::FormElement::DataField::NominalValue::Field-edit-inner-unit","interaction":{"idSuffix":"inner"}},"wdio_ui5_key":"rfmassetui::xRFMxCU_AssetObjectPage--fe::FormContainer::FieldGroup::detailsFieldsGP1::FormElement::DataField::NominalValue::Field-edit-inner-unit"}]}
RESULT: undefined
COMMAND: POST /session/73c71b9e7d936a0a1803ccb2dcb99096/execute/async - {"script":"<script> [20 bytes]","args":[{"enterText":"EUR","selector":{"id":"rfm.assetui::xRFMxCU_AssetObjectPage--fe::FormContainer::FieldGroup::detailsFieldsGP1::FormElement::DataField::NominalValue::Field-edit-inner-unit","interaction":{"idSuffix":"inner"}},"clearTextFirst":true,"interactionType":"ENTER_TEXT"}]}
RESULT: {"script":"<script> [20 bytes]","args":[{"enterText":"EUR","selector":{"id":"rfm.assetui::xRFMxCU_AssetObjectPage--fe::FormContainer::FieldGroup::detailsFieldsGP1::FormElement::DataField::NominalValue::Field-edit-inner-unit","interaction":{"idSuffix":"inner"}},"clearTextFirst":true,"interactionType":"ENTER_TEXT"}]}
COMMAND: POST /session/73c71b9e7d936a0a1803ccb2dcb99096/execute/async - {"script":"<script> [21 bytes]","args":[{"selector":{"id":"rfm.assetui::xRFMxCU_AssetObjectPage--fe::FormContainer::FieldGroup::detailsFieldsGP2::FormElement::DataField::AssetCategory::Field-edit-inner","interaction":{"idSuffix":"inner"}},"wdio_ui5_key":"rfmassetui::xRFMxCU_AssetObjectPage--fe::FormContainer::FieldGroup::detailsFieldsGP2::FormElement::DataField::AssetCategory::Field-edit-inner"}]}
RESULT: {"script":"<script> [21 bytes]","args":[{"selector":{"id":"rfm.assetui::xRFMxCU_AssetObjectPage--fe::FormContainer::FieldGroup::detailsFieldsGP2::FormElement::DataField::AssetCategory::Field-edit-inner","interaction":{"idSuffix":"inner"}},"wdio_ui5_key":"rfmassetui::xRFMxCU_AssetObjectPage--fe::FormContainer::FieldGroup::detailsFieldsGP2::FormElement::DataField::AssetCategory::Field-edit-inner"}]}
RESULT: undefined
COMMAND: POST /session/73c71b9e7d936a0a1803ccb2dcb99096/execute/async - {"script":"<script> [20 bytes]","args":[{"enterText":"Leasing","selector":{"id":"rfm.assetui::xRFMxCU_AssetObjectPage--fe::FormContainer::FieldGroup::detailsFieldsGP2::FormElement::DataField::AssetCategory::Field-edit-inner","interaction":{"idSuffix":"inner"}},"clearTextFirst":true,"interactionType":"ENTER_TEXT"}]}
RESULT: {"script":"<script> [20 bytes]","args":[{"enterText":"Leasing","selector":{"id":"rfm.assetui::xRFMxCU_AssetObjectPage--fe::FormContainer::FieldGroup::detailsFieldsGP2::FormElement::DataField::AssetCategory::Field-edit-inner","interaction":{"idSuffix":"inner"}},"clearTextFirst":true,"interactionType":"ENTER_TEXT"}]}
COMMAND: POST /session/73c71b9e7d936a0a1803ccb2dcb99096/execute/async - {"script":"<script> [21 bytes]","args":[{"selector":{"id":"rfm.assetui::xRFMxCU_AssetObjectPage--fe::FormContainer::FieldGroup::detailsFieldsGP2::FormElement::DataField::ContractType::Field-edit-inner","interaction":{"idSuffix":"inner"}},"wdio_ui5_key":"rfmassetui::xRFMxCU_AssetObjectPage--fe::FormContainer::FieldGroup::detailsFieldsGP2::FormElement::DataField::ContractType::Field-edit-inner"}]}
RESULT: {"script":"<script> [21 bytes]","args":[{"selector":{"id":"rfm.assetui::xRFMxCU_AssetObjectPage--fe::FormContainer::FieldGroup::detailsFieldsGP2::FormElement::DataField::ContractType::Field-edit-inner","interaction":{"idSuffix":"inner"}},"wdio_ui5_key":"rfmassetui::xRFMxCU_AssetObjectPage--fe::FormContainer::FieldGroup::detailsFieldsGP2::FormElement::DataField::ContractType::Field-edit-inner"}]}
RESULT: undefined
COMMAND: POST /session/73c71b9e7d936a0a1803ccb2dcb99096/execute/async - {"script":"<script> [20 bytes]","args":[{"enterText":"Operating Lease (100)","selector":{"id":"rfm.assetui::xRFMxCU_AssetObjectPage--fe::FormContainer::FieldGroup::detailsFieldsGP2::FormElement::DataField::ContractType::Field-edit-inner","interaction":{"idSuffix":"inner"}},"clearTextFirst":true,"interactionType":"ENTER_TEXT"}]}
RESULT: {"script":"<script> [20 bytes]","args":[{"enterText":"Operating Lease (100)","selector":{"id":"rfm.assetui::xRFMxCU_AssetObjectPage--fe::FormContainer::FieldGroup::detailsFieldsGP2::FormElement::DataField::ContractType::Field-edit-inner","interaction":{"idSuffix":"inner"}},"clearTextFirst":true,"interactionType":"ENTER_TEXT"}]}
COMMAND: POST /session/73c71b9e7d936a0a1803ccb2dcb99096/execute/async - {"script":"<script> [21 bytes]","args":[{"selector":{"id":"rfm.assetui::xRFMxCU_AssetObjectPage--fe::FormContainer::FieldGroup::detailsFieldsGP2::FormElement::DataField::Status::Field-edit-inner","interaction":{"idSuffix":"inner"}},"wdio_ui5_key":"rfmassetui::xRFMxCU_AssetObjectPage--fe::FormContainer::FieldGroup::detailsFieldsGP2::FormElement::DataField::Status::Field-edit-inner"}]}
RESULT: {"script":"<script> [21 bytes]","args":[{"selector":{"id":"rfm.assetui::xRFMxCU_AssetObjectPage--fe::FormContainer::FieldGroup::detailsFieldsGP2::FormElement::DataField::Status::Field-edit-inner","interaction":{"idSuffix":"inner"}},"wdio_ui5_key":"rfmassetui::xRFMxCU_AssetObjectPage--fe::FormContainer::FieldGroup::detailsFieldsGP2::FormElement::DataField::Status::Field-edit-inner"}]}
RESULT: undefined
COMMAND: POST /session/73c71b9e7d936a0a1803ccb2dcb99096/execute/async - {"script":"<script> [20 bytes]","args":[{"enterText":"Active","selector":{"id":"rfm.assetui::xRFMxCU_AssetObjectPage--fe::FormContainer::FieldGroup::detailsFieldsGP2::FormElement::DataField::Status::Field-edit-inner","interaction":{"idSuffix":"inner"}},"clearTextFirst":true,"interactionType":"ENTER_TEXT"}]}
RESULT: {"script":"<script> [20 bytes]","args":[{"enterText":"Active","selector":{"id":"rfm.assetui::xRFMxCU_AssetObjectPage--fe::FormContainer::FieldGroup::detailsFieldsGP2::FormElement::DataField::Status::Field-edit-inner","interaction":{"idSuffix":"inner"}},"clearTextFirst":true,"interactionType":"ENTER_TEXT"}]}
COMMAND: POST /session/73c71b9e7d936a0a1803ccb2dcb99096/execute/async - {"script":"<script> [21 bytes]","args":[{"selector":{"id":"rfm.assetui::xRFMxCU_AssetObjectPage--fe::ObjectPage-anchBar-rfm.assetui::xRFMxCU_AssetObjectPage--fe::FacetSection::CashFlowCollection-anchor","interaction":{"idSuffix":"text"}},"wdio_ui5_key":"rfmassetui::xRFMxCU_AssetObjectPage--fe::ObjectPage-anchBar-rfm.assetui::xRFMxCU_AssetObjectPage--fe::FacetSection::CashFlowCollection-anchor"}]}
RESULT: {"script":"<script> [21 bytes]","args":[{"selector":{"id":"rfm.assetui::xRFMxCU_AssetObjectPage--fe::ObjectPage-anchBar-rfm.assetui::xRFMxCU_AssetObjectPage--fe::FacetSection::CashFlowCollection-anchor","interaction":{"idSuffix":"text"}},"wdio_ui5_key":"rfmassetui::xRFMxCU_AssetObjectPage--fe::ObjectPage-anchBar-rfm.assetui::xRFMxCU_AssetObjectPage--fe::FacetSection::CashFlowCollection-anchor"}]}
RESULT: undefined
COMMAND: POST /session/73c71b9e7d936a0a1803ccb2dcb99096/element - {"using":"xpath","value":"//*[@id=\"rfm.assetui::xRFMxCU_AssetObjectPage--fe::ObjectPage-anchBar-rfm.assetui::xRFMxCU_AssetObjectPage--fe::FacetSection::CashFlowCollection-anchor\"]"}
RESULT: {"using":"xpath","value":"//*[@id=\"rfm.assetui::xRFMxCU_AssetObjectPage--fe::ObjectPage-anchBar-rfm.assetui::xRFMxCU_AssetObjectPage--fe::FacetSection::CashFlowCollection-anchor\"]"}
COMMAND: POST /session/73c71b9e7d936a0a1803ccb2dcb99096/element/f.FC2EA8830AA30A4050E5EB31FE862B44.d.6F15EC8FD18C7D8CD078A5E3CE5F82EE.e.1063/click - {}
RESULT: {}
COMMAND: GET /session/73c71b9e7d936a0a1803ccb2dcb99096/screenshot - {}
RESULT: {}
COMMAND: POST /session/73c71b9e7d936a0a1803ccb2dcb99096/execute/async - {"script":"<script> [21 bytes]","args":[{"selector":{"id":"rfm.assetui::xRFMxCU_AssetObjectPage--fe::FacetSubSection::PlannedCFCollection"},"wdio_ui5_key":"rfmassetui::xRFMxCU_AssetObjectPage--fe::FacetSubSection::PlannedCFCollection"}]}
RESULT: {"script":"<script> [21 bytes]","args":[{"selector":{"id":"rfm.assetui::xRFMxCU_AssetObjectPage--fe::FacetSubSection::PlannedCFCollection"},"wdio_ui5_key":"rfmassetui::xRFMxCU_AssetObjectPage--fe::FacetSubSection::PlannedCFCollection"}]}
RESULT: undefined
COMMAND: POST /session/73c71b9e7d936a0a1803ccb2dcb99096/element - {"using":"xpath","value":"//*[@id=\"rfm.assetui::xRFMxCU_AssetObjectPage--fe::FacetSubSection::PlannedCFCollection\"]"}
RESULT: {"using":"xpath","value":"//*[@id=\"rfm.assetui::xRFMxCU_AssetObjectPage--fe::FacetSubSection::PlannedCFCollection\"]"}
COMMAND: POST /session/73c71b9e7d936a0a1803ccb2dcb99096/element/f.FC2EA8830AA30A4050E5EB31FE862B44.d.6F15EC8FD18C7D8CD078A5E3CE5F82EE.e.1108/click - {}
RESULT: {}
COMMAND: POST /session/73c71b9e7d936a0a1803ccb2dcb99096/execute/async - {"script":"<script> [21 bytes]","args":[{"selector":{"id":"rfm.assetui::xRFMxCU_AssetObjectPage--fe::table::_AssetCashflow::LineItem::StandardAction::Create","interaction":{"idSuffix":"BDI-content"}},"wdio_ui5_key":"rfmassetui::xRFMxCU_AssetObjectPage--fe::table::_AssetCashflow::LineItem::StandardAction::Create"}]}
COMMAND: GET /session/73c71b9e7d936a0a1803ccb2dcb99096/screenshot - {}
RESULT: {"script":"<script> [21 bytes]","args":[{"selector":{"id":"rfm.assetui::xRFMxCU_AssetObjectPage--fe::table::_AssetCashflow::LineItem::StandardAction::Create","interaction":{"idSuffix":"BDI-content"}},"wdio_ui5_key":"rfmassetui::xRFMxCU_AssetObjectPage--fe::table::_AssetCashflow::LineItem::StandardAction::Create"}]}
RESULT: undefined
COMMAND: POST /session/73c71b9e7d936a0a1803ccb2dcb99096/element - {"using":"xpath","value":"//*[@id=\"rfm.assetui::xRFMxCU_AssetObjectPage--fe::table::_AssetCashflow::LineItem::StandardAction::Create\"]"}
RESULT: {}
RESULT: {"using":"xpath","value":"//*[@id=\"rfm.assetui::xRFMxCU_AssetObjectPage--fe::table::_AssetCashflow::LineItem::StandardAction::Create\"]"}
COMMAND: POST /session/73c71b9e7d936a0a1803ccb2dcb99096/element/f.FC2EA8830AA30A4050E5EB31FE862B44.d.6F15EC8FD18C7D8CD078A5E3CE5F82EE.e.1064/click - {}
RESULT: {}
COMMAND: GET /session/73c71b9e7d936a0a1803ccb2dcb99096/screenshot - {}
RESULT: {}
COMMAND: POST /session/73c71b9e7d936a0a1803ccb2dcb99096/execute/async - {"script":"<script> [21 bytes]","args":[{"selector":{"id":"CreateDialog::xRFMxCU_AssetCashflowType::CashflowPartType-inner","searchOpenDialogs":true,"interaction":{"idSuffix":"inner"}},"wdio_ui5_key":"CreateDialogxRFMxCU_AssetCashflowType::CashflowPartType-inner"}]}
RESULT: {"script":"<script> [21 bytes]","args":[{"selector":{"id":"CreateDialog::xRFMxCU_AssetCashflowType::CashflowPartType-inner","searchOpenDialogs":true,"interaction":{"idSuffix":"inner"}},"wdio_ui5_key":"CreateDialogxRFMxCU_AssetCashflowType::CashflowPartType-inner"}]}
RESULT: undefined
COMMAND: POST /session/73c71b9e7d936a0a1803ccb2dcb99096/execute/async - {"script":"<script> [20 bytes]","args":[{"enterText":"Interest","selector":{"id":"CreateDialog::xRFMxCU_AssetCashflowType::CashflowPartType-inner","searchOpenDialogs":true,"interaction":{"idSuffix":"inner"}},"clearTextFirst":true,"interactionType":"ENTER_TEXT"}]}
RESULT: {"script":"<script> [20 bytes]","args":[{"enterText":"Interest","selector":{"id":"CreateDialog::xRFMxCU_AssetCashflowType::CashflowPartType-inner","searchOpenDialogs":true,"interaction":{"idSuffix":"inner"}},"clearTextFirst":true,"interactionType":"ENTER_TEXT"}]}
COMMAND: POST /session/73c71b9e7d936a0a1803ccb2dcb99096/execute/async - {"script":"<script> [21 bytes]","args":[{"selector":{"id":"CreateDialog::xRFMxCU_AssetCashflowType::DueDate-inner","searchOpenDialogs":true,"interaction":{"idSuffix":"inner"}},"wdio_ui5_key":"CreateDialogxRFMxCU_AssetCashflowType::DueDate-inner"}]}
RESULT: {"script":"<script> [21 bytes]","args":[{"selector":{"id":"CreateDialog::xRFMxCU_AssetCashflowType::DueDate-inner","searchOpenDialogs":true,"interaction":{"idSuffix":"inner"}},"wdio_ui5_key":"CreateDialogxRFMxCU_AssetCashflowType::DueDate-inner"}]}
RESULT: undefined
COMMAND: POST /session/73c71b9e7d936a0a1803ccb2dcb99096/execute/async - {"script":"<script> [20 bytes]","args":[{"enterText":"2025-01-01","selector":{"id":"CreateDialog::xRFMxCU_AssetCashflowType::DueDate-inner","searchOpenDialogs":true,"interaction":{"idSuffix":"inner"}},"clearTextFirst":true,"interactionType":"ENTER_TEXT"}]}
RESULT: {"script":"<script> [20 bytes]","args":[{"enterText":"2025-01-01","selector":{"id":"CreateDialog::xRFMxCU_AssetCashflowType::DueDate-inner","searchOpenDialogs":true,"interaction":{"idSuffix":"inner"}},"clearTextFirst":true,"interactionType":"ENTER_TEXT"}]}
COMMAND: POST /session/73c71b9e7d936a0a1803ccb2dcb99096/execute/async - {"script":"<script> [21 bytes]","args":[{"forceSelect":true,"selector":{"controlType":"sap.m.Button","viewName":"sap.fe.templates.ObjectPage.ObjectPage","viewId":"rfm.assetui::xRFMxCU_Asset__AssetCashflowObjectPage","properties":{"text":"Continue"},"searchOpenDialogs":true},"wdio_ui5_key":"sapfe.templates.ObjectPage.ObjectPagesap.m.Button{\"text\":\"Continue\"}"}]}
RESULT: {"script":"<script> [21 bytes]","args":[{"forceSelect":true,"selector":{"controlType":"sap.m.Button","viewName":"sap.fe.templates.ObjectPage.ObjectPage","viewId":"rfm.assetui::xRFMxCU_Asset__AssetCashflowObjectPage","properties":{"text":"Continue"},"searchOpenDialogs":true},"wdio_ui5_key":"sapfe.templates.ObjectPage.ObjectPagesap.m.Button{\"text\":\"Continue\"}"}]}
RESULT: undefined
COMMAND: POST /session/73c71b9e7d936a0a1803ccb2dcb99096/execute/async - {"script":"<script> [21 bytes]","args":[{"selector":{"id":"__button246"}}]}
RESULT: {"script":"<script> [21 bytes]","args":[{"selector":{"id":"__button246"}}]}
COMMAND: POST /session/73c71b9e7d936a0a1803ccb2dcb99096/execute/async - {"script":"<script> [21 bytes]","args":[{"element-6066-11e4-a52e-4f735466cecf":"f.FC2EA8830AA30A4050E5EB31FE862B44.d.6F15EC8FD18C7D8CD078A5E3CE5F82EE.e.1161"},"getEnabled",[]]}
RESULT: {"script":"<script> [21 bytes]","args":[{"element-6066-11e4-a52e-4f735466cecf":"f.FC2EA8830AA30A4050E5EB31FE862B44.d.6F15EC8FD18C7D8CD078A5E3CE5F82EE.e.1161"},"getEnabled",[]]}
COMMAND: POST /session/73c71b9e7d936a0a1803ccb2dcb99096/element - {"using":"xpath","value":"//*[@id=\"__button246\"]"}
RESULT: {"using":"xpath","value":"//*[@id=\"__button246\"]"}
COMMAND: POST /session/73c71b9e7d936a0a1803ccb2dcb99096/element/f.FC2EA8830AA30A4050E5EB31FE862B44.d.6F15EC8FD18C7D8CD078A5E3CE5F82EE.e.1161/click - {}
RESULT: {}
COMMAND: GET /session/73c71b9e7d936a0a1803ccb2dcb99096/screenshot - {}
RESULT: {}
COMMAND: POST /session/73c71b9e7d936a0a1803ccb2dcb99096/execute/async - {"script":"<script> [21 bytes]","args":[{"selector":{"id":"rfm.assetui::xRFMxCU_Asset__AssetCashflowObjectPage--fe::FormContainer::CashFlow::FormElement::DataField::Amount::Field-edit-inner","interaction":{"idSuffix":"inner"}},"wdio_ui5_key":"rfmassetui::xRFMxCU_Asset__AssetCashflowObjectPage--fe::FormContainer::CashFlow::FormElement::DataField::Amount::Field-edit-inner"}]}
RESULT: {"script":"<script> [21 bytes]","args":[{"selector":{"id":"rfm.assetui::xRFMxCU_Asset__AssetCashflowObjectPage--fe::FormContainer::CashFlow::FormElement::DataField::Amount::Field-edit-inner","interaction":{"idSuffix":"inner"}},"wdio_ui5_key":"rfmassetui::xRFMxCU_Asset__AssetCashflowObjectPage--fe::FormContainer::CashFlow::FormElement::DataField::Amount::Field-edit-inner"}]}
RESULT: undefined
COMMAND: POST /session/73c71b9e7d936a0a1803ccb2dcb99096/execute/async - {"script":"<script> [20 bytes]","args":[{"enterText":"141.77","selector":{"id":"rfm.assetui::xRFMxCU_Asset__AssetCashflowObjectPage--fe::FormContainer::CashFlow::FormElement::DataField::Amount::Field-edit-inner","interaction":{"idSuffix":"inner"}},"clearTextFirst":true,"interactionType":"ENTER_TEXT"}]}
RESULT: {"script":"<script> [20 bytes]","args":[{"enterText":"141.77","selector":{"id":"rfm.assetui::xRFMxCU_Asset__AssetCashflowObjectPage--fe::FormContainer::CashFlow::FormElement::DataField::Amount::Field-edit-inner","interaction":{"idSuffix":"inner"}},"clearTextFirst":true,"interactionType":"ENTER_TEXT"}]}
COMMAND: POST /session/73c71b9e7d936a0a1803ccb2dcb99096/execute/async - {"script":"<script> [21 bytes]","args":[{"selector":{"id":"rfm.assetui::xRFMxCU_Asset__AssetCashflowObjectPage--fe::FormContainer::CashFlow::FormElement::DataField::Amount::Field-edit-inner-unit-vhi"},"wdio_ui5_key":"rfmassetui::xRFMxCU_Asset__AssetCashflowObjectPage--fe::FormContainer::CashFlow::FormElement::DataField::Amount::Field-edit-inner-unit-vhi"}]}
RESULT: {"script":"<script> [21 bytes]","args":[{"selector":{"id":"rfm.assetui::xRFMxCU_Asset__AssetCashflowObjectPage--fe::FormContainer::CashFlow::FormElement::DataField::Amount::Field-edit-inner-unit-vhi"},"wdio_ui5_key":"rfmassetui::xRFMxCU_Asset__AssetCashflowObjectPage--fe::FormContainer::CashFlow::FormElement::DataField::Amount::Field-edit-inner-unit-vhi"}]}
RESULT: undefined
COMMAND: POST /session/73c71b9e7d936a0a1803ccb2dcb99096/element - {"using":"xpath","value":"//*[@id=\"rfm.assetui::xRFMxCU_Asset__AssetCashflowObjectPage--fe::FormContainer::CashFlow::FormElement::DataField::Amount::Field-edit-inner-unit-vhi\"]"}
RESULT: {"using":"xpath","value":"//*[@id=\"rfm.assetui::xRFMxCU_Asset__AssetCashflowObjectPage--fe::FormContainer::CashFlow::FormElement::DataField::Amount::Field-edit-inner-unit-vhi\"]"}
COMMAND: POST /session/73c71b9e7d936a0a1803ccb2dcb99096/element/f.FC2EA8830AA30A4050E5EB31FE862B44.d.6F15EC8FD18C7D8CD078A5E3CE5F82EE.e.1179/click - {}
RESULT: {}
COMMAND: POST /session/73c71b9e7d936a0a1803ccb2dcb99096/execute/async - {"script":"<script> [21 bytes]","args":[{"selector":{"id":"rfm.assetui::xRFMxCU_Asset__AssetCashflowObjectPage--fe::FormContainer::CashFlow::FieldValueHelp::_AssetCashflow::Amount::_AssetCashflow::Currency::Dialog::qualifier::-search-inner","searchOpenDialogs":true,"interaction":{"idSuffix":"I"}},"wdio_ui5_key":"rfmassetui::xRFMxCU_Asset__AssetCashflowObjectPage--fe::FormContainer::CashFlow::FieldValueHelp::_AssetCashflow::Amount::_AssetCashflow::Currency::Dialog::qualifier::-search-inner"}]}
COMMAND: GET /session/73c71b9e7d936a0a1803ccb2dcb99096/screenshot - {}
RESULT: {"script":"<script> [21 bytes]","args":[{"selector":{"id":"rfm.assetui::xRFMxCU_Asset__AssetCashflowObjectPage--fe::FormContainer::CashFlow::FieldValueHelp::_AssetCashflow::Amount::_AssetCashflow::Currency::Dialog::qualifier::-search-inner","searchOpenDialogs":true,"interaction":{"idSuffix":"I"}},"wdio_ui5_key":"rfmassetui::xRFMxCU_Asset__AssetCashflowObjectPage--fe::FormContainer::CashFlow::FieldValueHelp::_AssetCashflow::Amount::_AssetCashflow::Currency::Dialog::qualifier::-search-inner"}]}
RESULT: undefined
COMMAND: POST /session/73c71b9e7d936a0a1803ccb2dcb99096/execute/async - {"script":"<script> [20 bytes]","args":[{"enterText":"EUR","selector":{"id":"rfm.assetui::xRFMxCU_Asset__AssetCashflowObjectPage--fe::FormContainer::CashFlow::FieldValueHelp::_AssetCashflow::Amount::_AssetCashflow::Currency::Dialog::qualifier::-search-inner","searchOpenDialogs":true,"interaction":{"idSuffix":"I"}},"clearTextFirst":true,"interactionType":"ENTER_TEXT"}]}
RESULT: {}
RESULT: {"script":"<script> [20 bytes]","args":[{"enterText":"EUR","selector":{"id":"rfm.assetui::xRFMxCU_Asset__AssetCashflowObjectPage--fe::FormContainer::CashFlow::FieldValueHelp::_AssetCashflow::Amount::_AssetCashflow::Currency::Dialog::qualifier::-search-inner","searchOpenDialogs":true,"interaction":{"idSuffix":"I"}},"clearTextFirst":true,"interactionType":"ENTER_TEXT"}]}
COMMAND: POST /session/73c71b9e7d936a0a1803ccb2dcb99096/execute/async - {"script":"<script> [21 bytes]","args":[{"selector":{"id":"rfm.assetui::xRFMxCU_Asset__AssetCashflowObjectPage--fe::FormContainer::CashFlow::FieldValueHelp::_AssetCashflow::Amount::_AssetCashflow::Currency::Dialog::qualifier::::Table-innerTable-rows-row0","searchOpenDialogs":true,"interaction":{"idSuffix":"col0"}},"wdio_ui5_key":"rfmassetui::xRFMxCU_Asset__AssetCashflowObjectPage--fe::FormContainer::CashFlow::FieldValueHelp::_AssetCashflow::Amount::_AssetCashflow::Currency::Dialog::qualifier::::Table-innerTable-rows-row0"}]}
RESULT: {"script":"<script> [21 bytes]","args":[{"selector":{"id":"rfm.assetui::xRFMxCU_Asset__AssetCashflowObjectPage--fe::FormContainer::CashFlow::FieldValueHelp::_AssetCashflow::Amount::_AssetCashflow::Currency::Dialog::qualifier::::Table-innerTable-rows-row0","searchOpenDialogs":true,"interaction":{"idSuffix":"col0"}},"wdio_ui5_key":"rfmassetui::xRFMxCU_Asset__AssetCashflowObjectPage--fe::FormContainer::CashFlow::FieldValueHelp::_AssetCashflow::Amount::_AssetCashflow::Currency::Dialog::qualifier::::Table-innerTable-rows-row0"}]}
RESULT: undefined
COMMAND: POST /session/73c71b9e7d936a0a1803ccb2dcb99096/element - {"using":"xpath","value":"//*[@id=\"rfm.assetui::xRFMxCU_Asset__AssetCashflowObjectPage--fe::FormContainer::CashFlow::FieldValueHelp::_AssetCashflow::Amount::_AssetCashflow::Currency::Dialog::qualifier::::Table-innerTable-rows-row0\"]"}
RESULT: {"using":"xpath","value":"//*[@id=\"rfm.assetui::xRFMxCU_Asset__AssetCashflowObjectPage--fe::FormContainer::CashFlow::FieldValueHelp::_AssetCashflow::Amount::_AssetCashflow::Currency::Dialog::qualifier::::Table-innerTable-rows-row0\"]"}
COMMAND: POST /session/73c71b9e7d936a0a1803ccb2dcb99096/element/f.FC2EA8830AA30A4050E5EB31FE862B44.d.6F15EC8FD18C7D8CD078A5E3CE5F82EE.e.1190/click - {}
RESULT: {}
COMMAND: POST /session/73c71b9e7d936a0a1803ccb2dcb99096/execute/async - {"script":"<script> [21 bytes]","args":[{"forceSelect":true,"selector":{"id":"rfm.assetui::xRFMxCU_Asset__AssetCashflowObjectPage--fe::FooterBar::StandardAction::Apply","interaction":{"idSuffix":"BDI-content"}},"wdio_ui5_key":"rfmassetui::xRFMxCU_Asset__AssetCashflowObjectPage--fe::FooterBar::StandardAction::Apply"}]}
COMMAND: GET /session/73c71b9e7d936a0a1803ccb2dcb99096/screenshot - {}
RESULT: {"script":"<script> [21 bytes]","args":[{"forceSelect":true,"selector":{"id":"rfm.assetui::xRFMxCU_Asset__AssetCashflowObjectPage--fe::FooterBar::StandardAction::Apply","interaction":{"idSuffix":"BDI-content"}},"wdio_ui5_key":"rfmassetui::xRFMxCU_Asset__AssetCashflowObjectPage--fe::FooterBar::StandardAction::Apply"}]}
RESULT: undefined
COMMAND: POST /session/73c71b9e7d936a0a1803ccb2dcb99096/element - {"using":"xpath","value":"//*[@id=\"rfm.assetui::xRFMxCU_Asset__AssetCashflowObjectPage--fe::FooterBar::StandardAction::Apply\"]"}
RESULT: {}
RESULT: {"using":"xpath","value":"//*[@id=\"rfm.assetui::xRFMxCU_Asset__AssetCashflowObjectPage--fe::FooterBar::StandardAction::Apply\"]"}
COMMAND: POST /session/73c71b9e7d936a0a1803ccb2dcb99096/element/f.FC2EA8830AA30A4050E5EB31FE862B44.d.6F15EC8FD18C7D8CD078A5E3CE5F82EE.e.1153/click - {}
RESULT: {}
COMMAND: GET /session/73c71b9e7d936a0a1803ccb2dcb99096/screenshot - {}
RESULT: {}
COMMAND: POST /session/73c71b9e7d936a0a1803ccb2dcb99096/execute/async - {"script":"<script> [21 bytes]","args":[{"selector":{"id":"rfm.assetui::xRFMxCU_AssetObjectPage--fe::FooterBar::StandardAction::Save","controlType":"sap.m.Button"},"wdio_ui5_key":"rfmassetui::xRFMxCU_AssetObjectPage--fe::FooterBar::StandardAction::Savesap.m.Button"}]}
RESULT: {"script":"<script> [21 bytes]","args":[{"selector":{"id":"rfm.assetui::xRFMxCU_AssetObjectPage--fe::FooterBar::StandardAction::Save","controlType":"sap.m.Button"},"wdio_ui5_key":"rfmassetui::xRFMxCU_AssetObjectPage--fe::FooterBar::StandardAction::Savesap.m.Button"}]}
RESULT: undefined
COMMAND: POST /session/73c71b9e7d936a0a1803ccb2dcb99096/element - {"using":"xpath","value":"//*[@id=\"rfm.assetui::xRFMxCU_AssetObjectPage--fe::FooterBar::StandardAction::Save\"]"}
RESULT: {"using":"xpath","value":"//*[@id=\"rfm.assetui::xRFMxCU_AssetObjectPage--fe::FooterBar::StandardAction::Save\"]"}
COMMAND: POST /session/73c71b9e7d936a0a1803ccb2dcb99096/element/f.FC2EA8830AA30A4050E5EB31FE862B44.d.6F15EC8FD18C7D8CD078A5E3CE5F82EE.e.1004/click - {}
RESULT: {}
COMMAND: GET /session/73c71b9e7d936a0a1803ccb2dcb99096/screenshot - {}
RESULT: {}
COMMAND: POST /session/73c71b9e7d936a0a1803ccb2dcb99096/execute/async - {"script":"<script> [21 bytes]","args":[{"selector":{"id":"rfm.assetui::xRFMxCU_AssetObjectPage--fe::StandardAction::Edit","interaction":{"idSuffix":"content"}},"wdio_ui5_key":"rfmassetui::xRFMxCU_AssetObjectPage--fe::StandardAction::Edit"}]}
RESULT: {"script":"<script> [21 bytes]","args":[{"selector":{"id":"rfm.assetui::xRFMxCU_AssetObjectPage--fe::StandardAction::Edit","interaction":{"idSuffix":"content"}},"wdio_ui5_key":"rfmassetui::xRFMxCU_AssetObjectPage--fe::StandardAction::Edit"}]}
RESULT: undefined
COMMAND: POST /session/73c71b9e7d936a0a1803ccb2dcb99096/element - {"using":"xpath","value":"//*[@id=\"rfm.assetui::xRFMxCU_AssetObjectPage--fe::StandardAction::Edit\"]"}
RESULT: {"using":"xpath","value":"//*[@id=\"rfm.assetui::xRFMxCU_AssetObjectPage--fe::StandardAction::Edit\"]"}
COMMAND: POST /session/73c71b9e7d936a0a1803ccb2dcb99096/element/f.FC2EA8830AA30A4050E5EB31FE862B44.d.6F15EC8FD18C7D8CD078A5E3CE5F82EE.e.1341/click - {}
RESULT: {}
RESULT: undefined
COMMAND: POST /session/73c71b9e7d936a0a1803ccb2dcb99096/element - {"using":"xpath","value":"//*[@id=\"rfm.assetui::xRFMxCU_AssetObjectPage--fe::ObjectPage-anchBar-rfm.assetui::xRFMxCU_AssetObjectPage--fe::FacetSection::CashFlowCollection-anchor\"]"}
COMMAND: GET /session/73c71b9e7d936a0a1803ccb2dcb99096/screenshot - {}
RESULT: {"using":"xpath","value":"//*[@id=\"rfm.assetui::xRFMxCU_AssetObjectPage--fe::ObjectPage-anchBar-rfm.assetui::xRFMxCU_AssetObjectPage--fe::FacetSection::CashFlowCollection-anchor\"]"}
COMMAND: POST /session/73c71b9e7d936a0a1803ccb2dcb99096/element/f.FC2EA8830AA30A4050E5EB31FE862B44.d.6F15EC8FD18C7D8CD078A5E3CE5F82EE.e.1344/click - {}
RESULT: {}
RESULT: {}
RESULT: undefined
COMMAND: POST /session/73c71b9e7d936a0a1803ccb2dcb99096/element - {"using":"xpath","value":"//*[@id=\"rfm.assetui::xRFMxCU_AssetObjectPage--fe::table::_AssetCashflow::LineItem::StandardAction::Create\"]"}
COMMAND: GET /session/73c71b9e7d936a0a1803ccb2dcb99096/screenshot - {}
RESULT: {"using":"xpath","value":"//*[@id=\"rfm.assetui::xRFMxCU_AssetObjectPage--fe::table::_AssetCashflow::LineItem::StandardAction::Create\"]"}
COMMAND: POST /session/73c71b9e7d936a0a1803ccb2dcb99096/element/f.FC2EA8830AA30A4050E5EB31FE862B44.d.6F15EC8FD18C7D8CD078A5E3CE5F82EE.e.1346/click - {}
RESULT: {}
RESULT: {}
COMMAND: GET /session/73c71b9e7d936a0a1803ccb2dcb99096/screenshot - {}
RESULT: {}
RESULT: undefined
COMMAND: POST /session/73c71b9e7d936a0a1803ccb2dcb99096/execute/async - {"script":"<script> [20 bytes]","args":[{"enterText":"Principal","selector":{"id":"CreateDialog::xRFMxCU_AssetCashflowType::CashflowPartType-inner","searchOpenDialogs":true,"interaction":{"idSuffix":"inner"}},"clearTextFirst":true,"interactionType":"ENTER_TEXT"}]}
RESULT: {"script":"<script> [20 bytes]","args":[{"enterText":"Principal","selector":{"id":"CreateDialog::xRFMxCU_AssetCashflowType::CashflowPartType-inner","searchOpenDialogs":true,"interaction":{"idSuffix":"inner"}},"clearTextFirst":true,"interactionType":"ENTER_TEXT"}]}
RESULT: undefined
COMMAND: POST /session/73c71b9e7d936a0a1803ccb2dcb99096/execute/async - {"script":"<script> [20 bytes]","args":[{"enterText":"2025-01-01","selector":{"id":"CreateDialog::xRFMxCU_AssetCashflowType::DueDate-inner","searchOpenDialogs":true,"interaction":{"idSuffix":"inner"}},"clearTextFirst":true,"interactionType":"ENTER_TEXT"}]}
RESULT: {"script":"<script> [20 bytes]","args":[{"enterText":"2025-01-01","selector":{"id":"CreateDialog::xRFMxCU_AssetCashflowType::DueDate-inner","searchOpenDialogs":true,"interaction":{"idSuffix":"inner"}},"clearTextFirst":true,"interactionType":"ENTER_TEXT"}]}
COMMAND: POST /session/73c71b9e7d936a0a1803ccb2dcb99096/execute/async - {"script":"<script> [21 bytes]","args":[{"selector":{"id":"CreateDialog::xRFMxCU_Asset::_AssetCashflow-footer","searchOpenDialogs":true},"wdio_ui5_key":"CreateDialogxRFMxCU_Asset::_AssetCashflow-footer"}]}
RESULT: {"script":"<script> [21 bytes]","args":[{"selector":{"id":"CreateDialog::xRFMxCU_Asset::_AssetCashflow-footer","searchOpenDialogs":true},"wdio_ui5_key":"CreateDialogxRFMxCU_Asset::_AssetCashflow-footer"}]}
RESULT: undefined
COMMAND: POST /session/73c71b9e7d936a0a1803ccb2dcb99096/execute/async - {"script":"<script> [21 bytes]","args":[{"element-6066-11e4-a52e-4f735466cecf":"f.FC2EA8830AA30A4050E5EB31FE862B44.d.6F15EC8FD18C7D8CD078A5E3CE5F82EE.e.1394"},"getEnabled",[]]}
RESULT: {"script":"<script> [21 bytes]","args":[{"element-6066-11e4-a52e-4f735466cecf":"f.FC2EA8830AA30A4050E5EB31FE862B44.d.6F15EC8FD18C7D8CD078A5E3CE5F82EE.e.1394"},"getEnabled",[]]}
COMMAND: POST /session/73c71b9e7d936a0a1803ccb2dcb99096/element - {"using":"xpath","value":"//*[@id=\"CreateDialog::xRFMxCU_Asset::_AssetCashflow-footer\"]"}
RESULT: {"using":"xpath","value":"//*[@id=\"CreateDialog::xRFMxCU_Asset::_AssetCashflow-footer\"]"}
COMMAND: POST /session/73c71b9e7d936a0a1803ccb2dcb99096/element/f.FC2EA8830AA30A4050E5EB31FE862B44.d.6F15EC8FD18C7D8CD078A5E3CE5F82EE.e.1394/click - {}
RESULT: {}
COMMAND: GET /session/73c71b9e7d936a0a1803ccb2dcb99096/screenshot - {}
RESULT: {}
COMMAND: POST /session/73c71b9e7d936a0a1803ccb2dcb99096/execute/async - {"script":"<script> [21 bytes]","args":[{"forceSelect":true,"selector":{"controlType":"sap.m.Button","properties":{"text":"Continue"},"searchOpenDialogs":true},"wdio_ui5_key":"sapm.Button{\"text\":\"Continue\"}"}]}
RESULT: {"script":"<script> [21 bytes]","args":[{"forceSelect":true,"selector":{"controlType":"sap.m.Button","properties":{"text":"Continue"},"searchOpenDialogs":true},"wdio_ui5_key":"sapm.Button{\"text\":\"Continue\"}"}]}
RESULT: undefined
COMMAND: POST /session/73c71b9e7d936a0a1803ccb2dcb99096/execute/async - {"script":"<script> [21 bytes]","args":[{"selector":{"id":"__button248"}}]}
RESULT: {"script":"<script> [21 bytes]","args":[{"selector":{"id":"__button248"}}]}
COMMAND: POST /session/73c71b9e7d936a0a1803ccb2dcb99096/execute/async - {"script":"<script> [21 bytes]","args":[{"element-6066-11e4-a52e-4f735466cecf":"f.FC2EA8830AA30A4050E5EB31FE862B44.d.6F15EC8FD18C7D8CD078A5E3CE5F82EE.e.1395"},"getVisible",[]]}
RESULT: {"script":"<script> [21 bytes]","args":[{"element-6066-11e4-a52e-4f735466cecf":"f.FC2EA8830AA30A4050E5EB31FE862B44.d.6F15EC8FD18C7D8CD078A5E3CE5F82EE.e.1395"},"getVisible",[]]}
COMMAND: POST /session/73c71b9e7d936a0a1803ccb2dcb99096/execute/async - {"script":"<script> [21 bytes]","args":[{"selector":{"id":"__button248"}}]}
RESULT: {"script":"<script> [21 bytes]","args":[{"selector":{"id":"__button248"}}]}
COMMAND: POST /session/73c71b9e7d936a0a1803ccb2dcb99096/execute/async - {"script":"<script> [21 bytes]","args":[{"element-6066-11e4-a52e-4f735466cecf":"f.FC2EA8830AA30A4050E5EB31FE862B44.d.6F15EC8FD18C7D8CD078A5E3CE5F82EE.e.1395"},"getEnabled",[]]}
RESULT: {"script":"<script> [21 bytes]","args":[{"element-6066-11e4-a52e-4f735466cecf":"f.FC2EA8830AA30A4050E5EB31FE862B44.d.6F15EC8FD18C7D8CD078A5E3CE5F82EE.e.1395"},"getEnabled",[]]}
COMMAND: POST /session/73c71b9e7d936a0a1803ccb2dcb99096/execute/async - {"script":"<script> [21 bytes]","args":[{"selector":{"id":"__button248"}}]}
RESULT: {"script":"<script> [21 bytes]","args":[{"selector":{"id":"__button248"}}]}
COMMAND: POST /session/73c71b9e7d936a0a1803ccb2dcb99096/execute/async - {"script":"<script> [21 bytes]","args":[{"element-6066-11e4-a52e-4f735466cecf":"f.FC2EA8830AA30A4050E5EB31FE862B44.d.6F15EC8FD18C7D8CD078A5E3CE5F82EE.e.1395"},"focus",[]]}
RESULT: {"script":"<script> [21 bytes]","args":[{"element-6066-11e4-a52e-4f735466cecf":"f.FC2EA8830AA30A4050E5EB31FE862B44.d.6F15EC8FD18C7D8CD078A5E3CE5F82EE.e.1395"},"focus",[]]}
COMMAND: POST /session/73c71b9e7d936a0a1803ccb2dcb99096/element - {"using":"xpath","value":"//*[@id=\"__button248\"]"}
RESULT: {"using":"xpath","value":"//*[@id=\"__button248\"]"}
COMMAND: POST /session/73c71b9e7d936a0a1803ccb2dcb99096/element/f.FC2EA8830AA30A4050E5EB31FE862B44.d.6F15EC8FD18C7D8CD078A5E3CE5F82EE.e.1395/click - {}
RESULT: {}
COMMAND: GET /session/73c71b9e7d936a0a1803ccb2dcb99096/screenshot - {}
RESULT: {}
RESULT: undefined
COMMAND: POST /session/73c71b9e7d936a0a1803ccb2dcb99096/execute/async - {"script":"<script> [20 bytes]","args":[{"enterText":"1,445.27","selector":{"id":"rfm.assetui::xRFMxCU_Asset__AssetCashflowObjectPage--fe::FormContainer::CashFlow::FormElement::DataField::Amount::Field-edit-inner","interaction":{"idSuffix":"inner"}},"clearTextFirst":true,"interactionType":"ENTER_TEXT"}]}
RESULT: {"script":"<script> [20 bytes]","args":[{"enterText":"1,445.27","selector":{"id":"rfm.assetui::xRFMxCU_Asset__AssetCashflowObjectPage--fe::FormContainer::CashFlow::FormElement::DataField::Amount::Field-edit-inner","interaction":{"idSuffix":"inner"}},"clearTextFirst":true,"interactionType":"ENTER_TEXT"}]}
COMMAND: POST /session/73c71b9e7d936a0a1803ccb2dcb99096/execute/async - {"script":"<script> [21 bytes]","args":[{"selector":{"id":"rfm.assetui::xRFMxCU_Asset__AssetCashflowObjectPage--fe::FormContainer::CashFlow::FormElement::DataField::Amount::Field-edit-inner-unit","interaction":{"idSuffix":"inner"}},"wdio_ui5_key":"rfmassetui::xRFMxCU_Asset__AssetCashflowObjectPage--fe::FormContainer::CashFlow::FormElement::DataField::Amount::Field-edit-inner-unit"}]}
RESULT: {"script":"<script> [21 bytes]","args":[{"selector":{"id":"rfm.assetui::xRFMxCU_Asset__AssetCashflowObjectPage--fe::FormContainer::CashFlow::FormElement::DataField::Amount::Field-edit-inner-unit","interaction":{"idSuffix":"inner"}},"wdio_ui5_key":"rfmassetui::xRFMxCU_Asset__AssetCashflowObjectPage--fe::FormContainer::CashFlow::FormElement::DataField::Amount::Field-edit-inner-unit"}]}
RESULT: undefined
COMMAND: POST /session/73c71b9e7d936a0a1803ccb2dcb99096/execute/async - {"script":"<script> [20 bytes]","args":[{"enterText":"EUR","selector":{"id":"rfm.assetui::xRFMxCU_Asset__AssetCashflowObjectPage--fe::FormContainer::CashFlow::FormElement::DataField::Amount::Field-edit-inner-unit","interaction":{"idSuffix":"inner"}},"clearTextFirst":true,"interactionType":"ENTER_TEXT"}]}
RESULT: {"script":"<script> [20 bytes]","args":[{"enterText":"EUR","selector":{"id":"rfm.assetui::xRFMxCU_Asset__AssetCashflowObjectPage--fe::FormContainer::CashFlow::FormElement::DataField::Amount::Field-edit-inner-unit","interaction":{"idSuffix":"inner"}},"clearTextFirst":true,"interactionType":"ENTER_TEXT"}]}
COMMAND: POST /session/73c71b9e7d936a0a1803ccb2dcb99096/execute/async - {"script":"<script> [21 bytes]","args":[{"forceSelect":true,"selector":{"id":"rfm.assetui::xRFMxCU_Asset__AssetCashflowObjectPage--fe::FooterBar::StandardAction::Apply","interaction":{"idSuffix":"content"}},"wdio_ui5_key":"rfmassetui::xRFMxCU_Asset__AssetCashflowObjectPage--fe::FooterBar::StandardAction::Apply"}]}
RESULT: {"script":"<script> [21 bytes]","args":[{"forceSelect":true,"selector":{"id":"rfm.assetui::xRFMxCU_Asset__AssetCashflowObjectPage--fe::FooterBar::StandardAction::Apply","interaction":{"idSuffix":"content"}},"wdio_ui5_key":"rfmassetui::xRFMxCU_Asset__AssetCashflowObjectPage--fe::FooterBar::StandardAction::Apply"}]}
RESULT: undefined
COMMAND: POST /session/73c71b9e7d936a0a1803ccb2dcb99096/element - {"using":"xpath","value":"//*[@id=\"rfm.assetui::xRFMxCU_Asset__AssetCashflowObjectPage--fe::FooterBar::StandardAction::Apply\"]"}
RESULT: {"using":"xpath","value":"//*[@id=\"rfm.assetui::xRFMxCU_Asset__AssetCashflowObjectPage--fe::FooterBar::StandardAction::Apply\"]"}
COMMAND: POST /session/73c71b9e7d936a0a1803ccb2dcb99096/element/f.FC2EA8830AA30A4050E5EB31FE862B44.d.6F15EC8FD18C7D8CD078A5E3CE5F82EE.e.1391/click - {}
RESULT: {}
COMMAND: GET /session/73c71b9e7d936a0a1803ccb2dcb99096/screenshot - {}
RESULT: {}
RESULT: undefined
COMMAND: POST /session/73c71b9e7d936a0a1803ccb2dcb99096/element/f.FC2EA8830AA30A4050E5EB31FE862B44.d.6F15EC8FD18C7D8CD078A5E3CE5F82EE.e.1004/click - {}
COMMAND: POST /session/73c71b9e7d936a0a1803ccb2dcb99096/element - {"using":"xpath","value":"//*[@id=\"rfm.assetui::xRFMxCU_AssetObjectPage--fe::FooterBar::StandardAction::Save\"]"}
RESULT: {"using":"xpath","value":"//*[@id=\"rfm.assetui::xRFMxCU_AssetObjectPage--fe::FooterBar::StandardAction::Save\"]"}
COMMAND: POST /session/73c71b9e7d936a0a1803ccb2dcb99096/element/f.FC2EA8830AA30A4050E5EB31FE862B44.d.6F15EC8FD18C7D8CD078A5E3CE5F82EE.e.1004/click - {}
COMMAND: POST /session/73c71b9e7d936a0a1803ccb2dcb99096/element - {"using":"xpath","value":"//*[@id=\"rfm.assetui::xRFMxCU_AssetObjectPage--fe::FooterBar::StandardAction::Save\"]"}
RESULT: {"using":"xpath","value":"//*[@id=\"rfm.assetui::xRFMxCU_AssetObjectPage--fe::FooterBar::StandardAction::Save\"]"}
COMMAND: POST /session/73c71b9e7d936a0a1803ccb2dcb99096/element/f.FC2EA8830AA30A4050E5EB31FE862B44.d.6F15EC8FD18C7D8CD078A5E3CE5F82EE.e.1429/click - {}
RESULT: {}
COMMAND: GET /session/73c71b9e7d936a0a1803ccb2dcb99096/screenshot - {}
RESULT: {}
COMMAND: POST /session/73c71b9e7d936a0a1803ccb2dcb99096/execute/async - {"script":"<script> [21 bytes]","args":[{"selector":{"id":"rfm.assetui::xRFMxCU_AssetObjectPage--fe::FooterBar::MessageButton-img"},"wdio_ui5_key":"rfmassetui::xRFMxCU_AssetObjectPage--fe::FooterBar::MessageButton-img"}]}
RESULT: {"script":"<script> [21 bytes]","args":[{"selector":{"id":"rfm.assetui::xRFMxCU_AssetObjectPage--fe::FooterBar::MessageButton-img"},"wdio_ui5_key":"rfmassetui::xRFMxCU_AssetObjectPage--fe::FooterBar::MessageButton-img"}]}
RESULT: undefined
COMMAND: POST /session/73c71b9e7d936a0a1803ccb2dcb99096/execute/async - {"script":"<script> [21 bytes]","args":[{"selector":{"id":"rfm.assetui::xRFMxCU_AssetObjectPage--fe::ObjectPage-anchBar-rfm.assetui::xRFMxCU_AssetObjectPage--fe::FacetSection::Object-anchor"},"wdio_ui5_key":"rfmassetui::xRFMxCU_AssetObjectPage--fe::ObjectPage-anchBar-rfm.assetui::xRFMxCU_AssetObjectPage--fe::FacetSection::Object-anchor"}]}
RESULT: {"script":"<script> [21 bytes]","args":[{"selector":{"id":"rfm.assetui::xRFMxCU_AssetObjectPage--fe::ObjectPage-anchBar-rfm.assetui::xRFMxCU_AssetObjectPage--fe::FacetSection::Object-anchor"},"wdio_ui5_key":"rfmassetui::xRFMxCU_AssetObjectPage--fe::ObjectPage-anchBar-rfm.assetui::xRFMxCU_AssetObjectPage--fe::FacetSection::Object-anchor"}]}
RESULT: undefined
COMMAND: POST /session/73c71b9e7d936a0a1803ccb2dcb99096/element - {"using":"xpath","value":"//*[@id=\"rfm.assetui::xRFMxCU_AssetObjectPage--fe::ObjectPage-anchBar-rfm.assetui::xRFMxCU_AssetObjectPage--fe::FacetSection::Object-anchor\"]"}
RESULT: {"using":"xpath","value":"//*[@id=\"rfm.assetui::xRFMxCU_AssetObjectPage--fe::ObjectPage-anchBar-rfm.assetui::xRFMxCU_AssetObjectPage--fe::FacetSection::Object-anchor\"]"}
COMMAND: POST /session/73c71b9e7d936a0a1803ccb2dcb99096/element/f.FC2EA8830AA30A4050E5EB31FE862B44.d.6F15EC8FD18C7D8CD078A5E3CE5F82EE.e.1437/click - {}
RESULT: {}
COMMAND: GET /session/73c71b9e7d936a0a1803ccb2dcb99096/screenshot - {}
RESULT: {}
COMMAND: GET /session/73c71b9e7d936a0a1803ccb2dcb99096/url - {}
RESULT: {}
RESULT: undefined
COMMAND: POST /session/73c71b9e7d936a0a1803ccb2dcb99096/element/f.FC2EA8830AA30A4050E5EB31FE862B44.d.6F15EC8FD18C7D8CD078A5E3CE5F82EE.e.593/click - {}
COMMAND: GET /session/73c71b9e7d936a0a1803ccb2dcb99096/screenshot - {}
RESULT: {}
COMMAND: GET /session/73c71b9e7d936a0a1803ccb2dcb99096/screenshot - {}
RESULT: {}
RESULT: {}
COMMAND: POST /session/73c71b9e7d936a0a1803ccb2dcb99096/element/f.FC2EA8830AA30A4050E5EB31FE862B44.d.6F15EC8FD18C7D8CD078A5E3CE5F82EE.e.593/click - {}
COMMAND: POST /session/73c71b9e7d936a0a1803ccb2dcb99096/element/f.FC2EA8830AA30A4050E5EB31FE862B44.d.6F15EC8FD18C7D8CD078A5E3CE5F82EE.e.593/click - {}
COMMAND: GET /session/73c71b9e7d936a0a1803ccb2dcb99096/screenshot - {}
]]></system-out>
    </testcase>
    <testcase classname="chrome.138_0_7204_169.windows.Buyback" name="Should create asset 2" time="135.485">
      <system-out><![CDATA[
COMMAND: POST /session/73c71b9e7d936a0a1803ccb2dcb99096/element - {"using":"xpath","value":"//*[@id=\"backBtn\"]"}
COMMAND: POST /session/73c71b9e7d936a0a1803ccb2dcb99096/element - {"using":"xpath","value":"//*[@id=\"backBtn\"]"}
RESULT: {}
RESULT: {"using":"xpath","value":"//*[@id=\"backBtn\"]"}
COMMAND: POST /session/73c71b9e7d936a0a1803ccb2dcb99096/elements - {"using":"xpath","value":"//*[@id=\"backBtn\"]"}
RESULT: {"using":"xpath","value":"//*[@id=\"backBtn\"]"}
COMMAND: POST /session/73c71b9e7d936a0a1803ccb2dcb99096/elements - {"using":"xpath","value":"//*[@id=\"backBtn\"]"}
RESULT: {"using":"xpath","value":"//*[@id=\"backBtn\"]"}
RESULT: {"using":"xpath","value":"//*[@id=\"backBtn\"]"}
COMMAND: POST /session/73c71b9e7d936a0a1803ccb2dcb99096/elements - {"using":"xpath","value":"//*[@id=\"backBtn\"]"}
COMMAND: POST /session/73c71b9e7d936a0a1803ccb2dcb99096/elements - {"using":"xpath","value":"//*[@id=\"backBtn\"]"}
RESULT: {"using":"xpath","value":"//*[@id=\"backBtn\"]"}
RESULT: {"using":"xpath","value":"//*[@id=\"backBtn\"]"}
COMMAND: POST /session/73c71b9e7d936a0a1803ccb2dcb99096/elements - {"using":"xpath","value":"//*[@id=\"backBtn\"]"}
COMMAND: POST /session/73c71b9e7d936a0a1803ccb2dcb99096/elements - {"using":"xpath","value":"//*[@id=\"backBtn\"]"}
RESULT: {"using":"xpath","value":"//*[@id=\"backBtn\"]"}
RESULT: {"using":"xpath","value":"//*[@id=\"backBtn\"]"}
COMMAND: POST /session/73c71b9e7d936a0a1803ccb2dcb99096/elements - {"using":"xpath","value":"//*[@id=\"backBtn\"]"}
RESULT: {"using":"xpath","value":"//*[@id=\"backBtn\"]"}
COMMAND: POST /session/73c71b9e7d936a0a1803ccb2dcb99096/elements - {"using":"xpath","value":"//*[@id=\"backBtn\"]"}
RESULT: {"using":"xpath","value":"//*[@id=\"backBtn\"]"}
COMMAND: POST /session/73c71b9e7d936a0a1803ccb2dcb99096/elements - {"using":"xpath","value":"//*[@id=\"backBtn\"]"}
COMMAND: POST /session/73c71b9e7d936a0a1803ccb2dcb99096/elements - {"using":"xpath","value":"//*[@id=\"backBtn\"]"}
RESULT: {"using":"xpath","value":"//*[@id=\"backBtn\"]"}
RESULT: {"using":"xpath","value":"//*[@id=\"backBtn\"]"}
COMMAND: POST /session/73c71b9e7d936a0a1803ccb2dcb99096/elements - {"using":"xpath","value":"//*[@id=\"backBtn\"]"}
RESULT: {"using":"xpath","value":"//*[@id=\"backBtn\"]"}
COMMAND: POST /session/73c71b9e7d936a0a1803ccb2dcb99096/elements - {"using":"xpath","value":"//*[@id=\"backBtn\"]"}
RESULT: {"using":"xpath","value":"//*[@id=\"backBtn\"]"}
COMMAND: POST /session/73c71b9e7d936a0a1803ccb2dcb99096/elements - {"using":"xpath","value":"//*[@id=\"backBtn\"]"}
COMMAND: POST /session/73c71b9e7d936a0a1803ccb2dcb99096/elements - {"using":"xpath","value":"//*[@id=\"backBtn\"]"}
RESULT: {"using":"xpath","value":"//*[@id=\"backBtn\"]"}
RESULT: {"using":"xpath","value":"//*[@id=\"backBtn\"]"}
COMMAND: POST /session/73c71b9e7d936a0a1803ccb2dcb99096/elements - {"using":"xpath","value":"//*[@id=\"backBtn\"]"}
RESULT: {"using":"xpath","value":"//*[@id=\"backBtn\"]"}
COMMAND: POST /session/73c71b9e7d936a0a1803ccb2dcb99096/elements - {"using":"xpath","value":"//*[@id=\"backBtn\"]"}
RESULT: {"using":"xpath","value":"//*[@id=\"backBtn\"]"}
COMMAND: POST /session/73c71b9e7d936a0a1803ccb2dcb99096/elements - {"using":"xpath","value":"//*[@id=\"backBtn\"]"}
COMMAND: POST /session/73c71b9e7d936a0a1803ccb2dcb99096/elements - {"using":"xpath","value":"//*[@id=\"backBtn\"]"}
RESULT: {"using":"xpath","value":"//*[@id=\"backBtn\"]"}
COMMAND: POST /session/73c71b9e7d936a0a1803ccb2dcb99096/elements - {"using":"xpath","value":"//*[@id=\"backBtn\"]"}
RESULT: {"using":"xpath","value":"//*[@id=\"backBtn\"]"}
COMMAND: POST /session/73c71b9e7d936a0a1803ccb2dcb99096/elements - {"using":"xpath","value":"//*[@id=\"backBtn\"]"}
RESULT: {"using":"xpath","value":"//*[@id=\"backBtn\"]"}
RESULT: {"using":"xpath","value":"//*[@id=\"backBtn\"]"}
RESULT: undefined
COMMAND: POST /session/73c71b9e7d936a0a1803ccb2dcb99096/element - {"using":"xpath","value":"//*[@id=\"__tile53\"]"}
RESULT: {"using":"xpath","value":"//*[@id=\"__tile53\"]"}
COMMAND: POST /session/73c71b9e7d936a0a1803ccb2dcb99096/element/f.FC2EA8830AA30A4050E5EB31FE862B44.d.6F15EC8FD18C7D8CD078A5E3CE5F82EE.e.1453/click - {}
COMMAND: POST /session/73c71b9e7d936a0a1803ccb2dcb99096/elements - {"using":"xpath","value":"//*[@id=\"backBtn\"]"}
COMMAND: POST /session/73c71b9e7d936a0a1803ccb2dcb99096/elements - {"using":"xpath","value":"//*[@id=\"backBtn\"]"}
RESULT: {}
COMMAND: GET /session/73c71b9e7d936a0a1803ccb2dcb99096/screenshot - {}
RESULT: {"using":"xpath","value":"//*[@id=\"backBtn\"]"}
RESULT: {"using":"xpath","value":"//*[@id=\"backBtn\"]"}
RESULT: {}
COMMAND: POST /session/73c71b9e7d936a0a1803ccb2dcb99096/elements - {"using":"xpath","value":"//*[@id=\"backBtn\"]"}
COMMAND: POST /session/73c71b9e7d936a0a1803ccb2dcb99096/elements - {"using":"xpath","value":"//*[@id=\"backBtn\"]"}
RESULT: {"using":"xpath","value":"//*[@id=\"backBtn\"]"}
COMMAND: POST /session/73c71b9e7d936a0a1803ccb2dcb99096/element - {"using":"xpath","value":"//*[@id=\"backBtn\"]"}
RESULT: {"using":"xpath","value":"//*[@id=\"backBtn\"]"}
COMMAND: POST /session/73c71b9e7d936a0a1803ccb2dcb99096/element - {"using":"xpath","value":"//*[@id=\"backBtn\"]"}
RESULT: {"using":"xpath","value":"//*[@id=\"backBtn\"]"}
COMMAND: POST /session/73c71b9e7d936a0a1803ccb2dcb99096/element/f.FC2EA8830AA30A4050E5EB31FE862B44.d.6F15EC8FD18C7D8CD078A5E3CE5F82EE.e.593/click - {}
RESULT: {"using":"xpath","value":"//*[@id=\"backBtn\"]"}
COMMAND: POST /session/73c71b9e7d936a0a1803ccb2dcb99096/element/f.FC2EA8830AA30A4050E5EB31FE862B44.d.6F15EC8FD18C7D8CD078A5E3CE5F82EE.e.593/click - {}
COMMAND: POST /session/73c71b9e7d936a0a1803ccb2dcb99096/element - {"using":"xpath","value":"//*[@id=\"backBtn\"]"}
COMMAND: POST /session/73c71b9e7d936a0a1803ccb2dcb99096/element - {"using":"xpath","value":"//*[@id=\"backBtn\"]"}
RESULT: {"using":"xpath","value":"//*[@id=\"backBtn\"]"}
COMMAND: POST /session/73c71b9e7d936a0a1803ccb2dcb99096/element/f.FC2EA8830AA30A4050E5EB31FE862B44.d.6F15EC8FD18C7D8CD078A5E3CE5F82EE.e.1622/click - {}
RESULT: {"using":"xpath","value":"//*[@id=\"backBtn\"]"}
COMMAND: POST /session/73c71b9e7d936a0a1803ccb2dcb99096/element/f.FC2EA8830AA30A4050E5EB31FE862B44.d.6F15EC8FD18C7D8CD078A5E3CE5F82EE.e.1622/click - {}
RESULT: {}
COMMAND: GET /session/73c71b9e7d936a0a1803ccb2dcb99096/screenshot - {}
RESULT: {}
COMMAND: GET /session/73c71b9e7d936a0a1803ccb2dcb99096/screenshot - {}
RESULT: {}
RESULT: undefined
COMMAND: POST /session/73c71b9e7d936a0a1803ccb2dcb99096/element - {"using":"xpath","value":"//*[@id=\"__tile53\"]"}
RESULT: {}
RESULT: {"using":"xpath","value":"//*[@id=\"__tile53\"]"}
COMMAND: POST /session/73c71b9e7d936a0a1803ccb2dcb99096/element/f.FC2EA8830AA30A4050E5EB31FE862B44.d.6F15EC8FD18C7D8CD078A5E3CE5F82EE.e.1660/click - {}
RESULT: {}
COMMAND: GET /session/73c71b9e7d936a0a1803ccb2dcb99096/screenshot - {}
RESULT: {}
COMMAND: POST /session/73c71b9e7d936a0a1803ccb2dcb99096/execute/async - {"script":"<script> [21 bytes]","args":[{"forceSelect":true,"selector":{"id":"rfm.assetui::xRFMxCU_AssetList--fe::table::allTab::LineItem::StandardAction::Create","interaction":{"idSuffix":"BDI-content"}},"wdio_ui5_key":"rfmassetui::xRFMxCU_AssetList--fe::table::allTab::LineItem::StandardAction::Create"}]}
RESULT: {"script":"<script> [21 bytes]","args":[{"forceSelect":true,"selector":{"id":"rfm.assetui::xRFMxCU_AssetList--fe::table::allTab::LineItem::StandardAction::Create","interaction":{"idSuffix":"BDI-content"}},"wdio_ui5_key":"rfmassetui::xRFMxCU_AssetList--fe::table::allTab::LineItem::StandardAction::Create"}]}
RESULT: undefined
COMMAND: POST /session/73c71b9e7d936a0a1803ccb2dcb99096/element - {"using":"xpath","value":"//*[@id=\"rfm.assetui::xRFMxCU_AssetList--fe::table::allTab::LineItem::StandardAction::Create\"]"}
RESULT: {"using":"xpath","value":"//*[@id=\"rfm.assetui::xRFMxCU_AssetList--fe::table::allTab::LineItem::StandardAction::Create\"]"}
COMMAND: POST /session/73c71b9e7d936a0a1803ccb2dcb99096/element/f.FC2EA8830AA30A4050E5EB31FE862B44.d.6F15EC8FD18C7D8CD078A5E3CE5F82EE.e.1720/click - {}
RESULT: {}
COMMAND: GET /session/73c71b9e7d936a0a1803ccb2dcb99096/screenshot - {}
RESULT: {}
RESULT: undefined
COMMAND: POST /session/73c71b9e7d936a0a1803ccb2dcb99096/execute/async - {"script":"<script> [21 bytes]","args":[{"element-6066-11e4-a52e-4f735466cecf":"f.FC2EA8830AA30A4050E5EB31FE862B44.d.6F15EC8FD18C7D8CD078A5E3CE5F82EE.e.885"},"setValue",["WDIO_Buyback2_2025-08-07_22-52-41"]]}
COMMAND: POST /session/73c71b9e7d936a0a1803ccb2dcb99096/execute/async - {"script":"<script> [21 bytes]","args":[{"selector":{"id":"CreateDialog::xRFMxCU_AssetType::AssetIdExtern-inner","controlType":"sap.ui.mdc.field.FieldInput","searchOpenDialogs":true},"wdio_ui5_key":"CreateDialogxRFMxCU_AssetType::AssetIdExtern-innersap.ui.mdc.field.FieldInput"}]}
RESULT: {"script":"<script> [21 bytes]","args":[{"selector":{"id":"CreateDialog::xRFMxCU_AssetType::AssetIdExtern-inner","controlType":"sap.ui.mdc.field.FieldInput","searchOpenDialogs":true},"wdio_ui5_key":"CreateDialogxRFMxCU_AssetType::AssetIdExtern-innersap.ui.mdc.field.FieldInput"}]}
COMMAND: POST /session/73c71b9e7d936a0a1803ccb2dcb99096/execute/async - {"script":"<script> [21 bytes]","args":[{"element-6066-11e4-a52e-4f735466cecf":"f.FC2EA8830AA30A4050E5EB31FE862B44.d.6F15EC8FD18C7D8CD078A5E3CE5F82EE.e.1931"},"setValue",["WDIO_Buyback2_2025-08-07_22-52-41"]]}
RESULT: {"script":"<script> [21 bytes]","args":[{"element-6066-11e4-a52e-4f735466cecf":"f.FC2EA8830AA30A4050E5EB31FE862B44.d.6F15EC8FD18C7D8CD078A5E3CE5F82EE.e.1931"},"setValue",["WDIO_Buyback2_2025-08-07_22-52-41"]]}
RESULT: undefined
COMMAND: POST /session/73c71b9e7d936a0a1803ccb2dcb99096/execute/async - {"script":"<script> [20 bytes]","args":[{"enterText":"Test","selector":{"id":"CreateDialog::xRFMxCU_AssetType::ExternalSystem-inner","searchOpenDialogs":true,"interaction":{"idSuffix":"inner"}},"clearTextFirst":true,"interactionType":"ENTER_TEXT"}]}
RESULT: {"script":"<script> [20 bytes]","args":[{"enterText":"Test","selector":{"id":"CreateDialog::xRFMxCU_AssetType::ExternalSystem-inner","searchOpenDialogs":true,"interaction":{"idSuffix":"inner"}},"clearTextFirst":true,"interactionType":"ENTER_TEXT"}]}
RESULT: undefined
COMMAND: POST /session/73c71b9e7d936a0a1803ccb2dcb99096/execute/async - {"script":"<script> [21 bytes]","args":[{"element-6066-11e4-a52e-4f735466cecf":"f.FC2EA8830AA30A4050E5EB31FE862B44.d.6F15EC8FD18C7D8CD078A5E3CE5F82EE.e.886"},"setValue",["2025-01-01"]]}
COMMAND: POST /session/73c71b9e7d936a0a1803ccb2dcb99096/execute/async - {"script":"<script> [21 bytes]","args":[{"selector":{"id":"CreateDialog::xRFMxCU_AssetType::InitiationDate-inner","controlType":"sap.m.DatePicker","searchOpenDialogs":true},"wdio_ui5_key":"CreateDialogxRFMxCU_AssetType::InitiationDate-innersap.m.DatePicker"}]}
RESULT: {"script":"<script> [21 bytes]","args":[{"selector":{"id":"CreateDialog::xRFMxCU_AssetType::InitiationDate-inner","controlType":"sap.m.DatePicker","searchOpenDialogs":true},"wdio_ui5_key":"CreateDialogxRFMxCU_AssetType::InitiationDate-innersap.m.DatePicker"}]}
COMMAND: POST /session/73c71b9e7d936a0a1803ccb2dcb99096/execute/async - {"script":"<script> [21 bytes]","args":[{"element-6066-11e4-a52e-4f735466cecf":"f.FC2EA8830AA30A4050E5EB31FE862B44.d.6F15EC8FD18C7D8CD078A5E3CE5F82EE.e.1932"},"setValue",["2025-01-01"]]}
RESULT: {"script":"<script> [21 bytes]","args":[{"element-6066-11e4-a52e-4f735466cecf":"f.FC2EA8830AA30A4050E5EB31FE862B44.d.6F15EC8FD18C7D8CD078A5E3CE5F82EE.e.1932"},"setValue",["2025-01-01"]]}
RESULT: undefined
COMMAND: POST /session/73c71b9e7d936a0a1803ccb2dcb99096/execute/async - {"script":"<script> [21 bytes]","args":[{"element-6066-11e4-a52e-4f735466cecf":"f.FC2EA8830AA30A4050E5EB31FE862B44.d.6F15EC8FD18C7D8CD078A5E3CE5F82EE.e.887"},"setValue",["2027-12-31"]]}
COMMAND: POST /session/73c71b9e7d936a0a1803ccb2dcb99096/execute/async - {"script":"<script> [21 bytes]","args":[{"selector":{"id":"CreateDialog::xRFMxCU_AssetType::ClosingDate-inner","controlType":"sap.m.DatePicker","searchOpenDialogs":true},"wdio_ui5_key":"CreateDialogxRFMxCU_AssetType::ClosingDate-innersap.m.DatePicker"}]}
RESULT: {"script":"<script> [21 bytes]","args":[{"selector":{"id":"CreateDialog::xRFMxCU_AssetType::ClosingDate-inner","controlType":"sap.m.DatePicker","searchOpenDialogs":true},"wdio_ui5_key":"CreateDialogxRFMxCU_AssetType::ClosingDate-innersap.m.DatePicker"}]}
COMMAND: POST /session/73c71b9e7d936a0a1803ccb2dcb99096/execute/async - {"script":"<script> [21 bytes]","args":[{"element-6066-11e4-a52e-4f735466cecf":"f.FC2EA8830AA30A4050E5EB31FE862B44.d.6F15EC8FD18C7D8CD078A5E3CE5F82EE.e.1933"},"setValue",["2027-12-31"]]}
RESULT: {"script":"<script> [21 bytes]","args":[{"element-6066-11e4-a52e-4f735466cecf":"f.FC2EA8830AA30A4050E5EB31FE862B44.d.6F15EC8FD18C7D8CD078A5E3CE5F82EE.e.1933"},"setValue",["2027-12-31"]]}
COMMAND: POST /session/73c71b9e7d936a0a1803ccb2dcb99096/execute/async - {"script":"<script> [21 bytes]","args":[{"selector":{"id":"CreateDialog::xRFMxCU_Asset-footer","searchOpenDialogs":true},"wdio_ui5_key":"CreateDialogxRFMxCU_Asset-footer"}]}
RESULT: {"script":"<script> [21 bytes]","args":[{"selector":{"id":"CreateDialog::xRFMxCU_Asset-footer","searchOpenDialogs":true},"wdio_ui5_key":"CreateDialogxRFMxCU_Asset-footer"}]}
RESULT: undefined
COMMAND: POST /session/73c71b9e7d936a0a1803ccb2dcb99096/element - {"using":"xpath","value":"//*[@id=\"CreateDialog::xRFMxCU_Asset-footer\"]"}
RESULT: {"using":"xpath","value":"//*[@id=\"CreateDialog::xRFMxCU_Asset-footer\"]"}
COMMAND: POST /session/73c71b9e7d936a0a1803ccb2dcb99096/element/f.FC2EA8830AA30A4050E5EB31FE862B44.d.6F15EC8FD18C7D8CD078A5E3CE5F82EE.e.1939/click - {}
RESULT: {}
COMMAND: POST /session/73c71b9e7d936a0a1803ccb2dcb99096/execute/async - {"script":"<script> [21 bytes]","args":[{"forceSelect":true,"selector":{"controlType":"sap.m.Button","viewName":"sap.fe.templates.ObjectPage.ObjectPage","viewId":"rfm.assetui::xRFMxCU_AssetObjectPage","properties":{"text":"Continue"},"searchOpenDialogs":true},"wdio_ui5_key":"sapfe.templates.ObjectPage.ObjectPagesap.m.Button{\"text\":\"Continue\"}"}]}
COMMAND: GET /session/73c71b9e7d936a0a1803ccb2dcb99096/screenshot - {}
RESULT: {"script":"<script> [21 bytes]","args":[{"forceSelect":true,"selector":{"controlType":"sap.m.Button","viewName":"sap.fe.templates.ObjectPage.ObjectPage","viewId":"rfm.assetui::xRFMxCU_AssetObjectPage","properties":{"text":"Continue"},"searchOpenDialogs":true},"wdio_ui5_key":"sapfe.templates.ObjectPage.ObjectPagesap.m.Button{\"text\":\"Continue\"}"}]}
RESULT: undefined
COMMAND: POST /session/73c71b9e7d936a0a1803ccb2dcb99096/element - {"using":"xpath","value":"//*[@id=\"__button291\"]"}
RESULT: {}
RESULT: {"using":"xpath","value":"//*[@id=\"__button291\"]"}
COMMAND: POST /session/73c71b9e7d936a0a1803ccb2dcb99096/element/f.FC2EA8830AA30A4050E5EB31FE862B44.d.6F15EC8FD18C7D8CD078A5E3CE5F82EE.e.1940/click - {}
RESULT: {}
COMMAND: GET /session/73c71b9e7d936a0a1803ccb2dcb99096/screenshot - {}
RESULT: {}
RESULT: undefined
COMMAND: POST /session/73c71b9e7d936a0a1803ccb2dcb99096/element - {"using":"xpath","value":"//*[@id=\"rfm.assetui::xRFMxCU_AssetObjectPage--fe::FCLStandardAction::FullScreen\"]"}
RESULT: {"using":"xpath","value":"//*[@id=\"rfm.assetui::xRFMxCU_AssetObjectPage--fe::FCLStandardAction::FullScreen\"]"}
COMMAND: POST /session/73c71b9e7d936a0a1803ccb2dcb99096/element/f.FC2EA8830AA30A4050E5EB31FE862B44.d.6F15EC8FD18C7D8CD078A5E3CE5F82EE.e.1990/click - {}
RESULT: {}
COMMAND: GET /session/73c71b9e7d936a0a1803ccb2dcb99096/screenshot - {}
RESULT: {}
RESULT: undefined
COMMAND: POST /session/73c71b9e7d936a0a1803ccb2dcb99096/execute/async - {"script":"<script> [20 bytes]","args":[{"enterText":"117009960","selector":{"id":"rfm.assetui::xRFMxCU_AssetObjectPage--fe::FormContainer::FieldGroup::detailsFieldsGP1::FormElement::DataFieldWithIntentBasedNavigation::PartnerId::Debtor::Manage::Field-edit","interaction":{"idSuffix":"inner"}},"clearTextFirst":true,"interactionType":"ENTER_TEXT"}]}
RESULT: {"script":"<script> [20 bytes]","args":[{"enterText":"117009960","selector":{"id":"rfm.assetui::xRFMxCU_AssetObjectPage--fe::FormContainer::FieldGroup::detailsFieldsGP1::FormElement::DataFieldWithIntentBasedNavigation::PartnerId::Debtor::Manage::Field-edit","interaction":{"idSuffix":"inner"}},"clearTextFirst":true,"interactionType":"ENTER_TEXT"}]}
RESULT: undefined
COMMAND: POST /session/73c71b9e7d936a0a1803ccb2dcb99096/execute/async - {"script":"<script> [20 bytes]","args":[{"enterText":"19,765.44","selector":{"id":"rfm.assetui::xRFMxCU_AssetObjectPage--fe::FormContainer::FieldGroup::detailsFieldsGP1::FormElement::DataField::NominalValue::Field-edit-inner","interaction":{"idSuffix":"inner"}},"clearTextFirst":true,"interactionType":"ENTER_TEXT"}]}
RESULT: {"script":"<script> [20 bytes]","args":[{"enterText":"19,765.44","selector":{"id":"rfm.assetui::xRFMxCU_AssetObjectPage--fe::FormContainer::FieldGroup::detailsFieldsGP1::FormElement::DataField::NominalValue::Field-edit-inner","interaction":{"idSuffix":"inner"}},"clearTextFirst":true,"interactionType":"ENTER_TEXT"}]}
RESULT: undefined
COMMAND: POST /session/73c71b9e7d936a0a1803ccb2dcb99096/execute/async - {"script":"<script> [20 bytes]","args":[{"enterText":"EUR","selector":{"id":"rfm.assetui::xRFMxCU_AssetObjectPage--fe::FormContainer::FieldGroup::detailsFieldsGP1::FormElement::DataField::NominalValue::Field-edit-inner-unit","interaction":{"idSuffix":"inner"}},"clearTextFirst":true,"interactionType":"ENTER_TEXT"}]}
RESULT: {"script":"<script> [20 bytes]","args":[{"enterText":"EUR","selector":{"id":"rfm.assetui::xRFMxCU_AssetObjectPage--fe::FormContainer::FieldGroup::detailsFieldsGP1::FormElement::DataField::NominalValue::Field-edit-inner-unit","interaction":{"idSuffix":"inner"}},"clearTextFirst":true,"interactionType":"ENTER_TEXT"}]}
RESULT: undefined
COMMAND: POST /session/73c71b9e7d936a0a1803ccb2dcb99096/execute/async - {"script":"<script> [20 bytes]","args":[{"enterText":"Leasing","selector":{"id":"rfm.assetui::xRFMxCU_AssetObjectPage--fe::FormContainer::FieldGroup::detailsFieldsGP2::FormElement::DataField::AssetCategory::Field-edit-inner","interaction":{"idSuffix":"inner"}},"clearTextFirst":true,"interactionType":"ENTER_TEXT"}]}
RESULT: {"script":"<script> [20 bytes]","args":[{"enterText":"Leasing","selector":{"id":"rfm.assetui::xRFMxCU_AssetObjectPage--fe::FormContainer::FieldGroup::detailsFieldsGP2::FormElement::DataField::AssetCategory::Field-edit-inner","interaction":{"idSuffix":"inner"}},"clearTextFirst":true,"interactionType":"ENTER_TEXT"}]}
RESULT: undefined
COMMAND: POST /session/73c71b9e7d936a0a1803ccb2dcb99096/execute/async - {"script":"<script> [20 bytes]","args":[{"enterText":"2","selector":{"id":"rfm.assetui::xRFMxCU_AssetObjectPage--fe::FormContainer::FieldGroup::detailsFieldsGP2::FormElement::DataField::ContractType::Field-edit-inner","interaction":{"idSuffix":"inner"}},"clearTextFirst":true,"interactionType":"ENTER_TEXT"}]}
RESULT: {"script":"<script> [20 bytes]","args":[{"enterText":"2","selector":{"id":"rfm.assetui::xRFMxCU_AssetObjectPage--fe::FormContainer::FieldGroup::detailsFieldsGP2::FormElement::DataField::ContractType::Field-edit-inner","interaction":{"idSuffix":"inner"}},"clearTextFirst":true,"interactionType":"ENTER_TEXT"}]}
RESULT: undefined
COMMAND: POST /session/73c71b9e7d936a0a1803ccb2dcb99096/execute/async - {"script":"<script> [20 bytes]","args":[{"enterText":"Active","selector":{"id":"rfm.assetui::xRFMxCU_AssetObjectPage--fe::FormContainer::FieldGroup::detailsFieldsGP2::FormElement::DataField::Status::Field-edit-inner","interaction":{"idSuffix":"inner"}},"clearTextFirst":true,"interactionType":"ENTER_TEXT"}]}
RESULT: {"script":"<script> [20 bytes]","args":[{"enterText":"Active","selector":{"id":"rfm.assetui::xRFMxCU_AssetObjectPage--fe::FormContainer::FieldGroup::detailsFieldsGP2::FormElement::DataField::Status::Field-edit-inner","interaction":{"idSuffix":"inner"}},"clearTextFirst":true,"interactionType":"ENTER_TEXT"}]}
RESULT: undefined
COMMAND: POST /session/73c71b9e7d936a0a1803ccb2dcb99096/element - {"using":"xpath","value":"//*[@id=\"rfm.assetui::xRFMxCU_AssetObjectPage--fe::ObjectPage-anchBar-rfm.assetui::xRFMxCU_AssetObjectPage--fe::FacetSection::CashFlowCollection-anchor\"]"}
RESULT: {"using":"xpath","value":"//*[@id=\"rfm.assetui::xRFMxCU_AssetObjectPage--fe::ObjectPage-anchBar-rfm.assetui::xRFMxCU_AssetObjectPage--fe::FacetSection::CashFlowCollection-anchor\"]"}
COMMAND: POST /session/73c71b9e7d936a0a1803ccb2dcb99096/element/f.FC2EA8830AA30A4050E5EB31FE862B44.d.6F15EC8FD18C7D8CD078A5E3CE5F82EE.e.2080/click - {}
RESULT: {}
COMMAND: GET /session/73c71b9e7d936a0a1803ccb2dcb99096/screenshot - {}
RESULT: {}
RESULT: undefined
COMMAND: POST /session/73c71b9e7d936a0a1803ccb2dcb99096/element - {"using":"xpath","value":"//*[@id=\"rfm.assetui::xRFMxCU_AssetObjectPage--fe::FacetSubSection::PlannedCFCollection\"]"}
RESULT: {"using":"xpath","value":"//*[@id=\"rfm.assetui::xRFMxCU_AssetObjectPage--fe::FacetSubSection::PlannedCFCollection\"]"}
COMMAND: POST /session/73c71b9e7d936a0a1803ccb2dcb99096/element/f.FC2EA8830AA30A4050E5EB31FE862B44.d.6F15EC8FD18C7D8CD078A5E3CE5F82EE.e.2124/click - {}
RESULT: {}
RESULT: undefined
COMMAND: POST /session/73c71b9e7d936a0a1803ccb2dcb99096/element - {"using":"xpath","value":"//*[@id=\"rfm.assetui::xRFMxCU_AssetObjectPage--fe::table::_AssetCashflow::LineItem::StandardAction::Create\"]"}
COMMAND: GET /session/73c71b9e7d936a0a1803ccb2dcb99096/screenshot - {}
RESULT: {"using":"xpath","value":"//*[@id=\"rfm.assetui::xRFMxCU_AssetObjectPage--fe::table::_AssetCashflow::LineItem::StandardAction::Create\"]"}
COMMAND: POST /session/73c71b9e7d936a0a1803ccb2dcb99096/element/f.FC2EA8830AA30A4050E5EB31FE862B44.d.6F15EC8FD18C7D8CD078A5E3CE5F82EE.e.2081/click - {}
RESULT: {}
RESULT: {}
COMMAND: GET /session/73c71b9e7d936a0a1803ccb2dcb99096/screenshot - {}
RESULT: {}
RESULT: undefined
COMMAND: POST /session/73c71b9e7d936a0a1803ccb2dcb99096/execute/async - {"script":"<script> [20 bytes]","args":[{"enterText":"Interest","selector":{"id":"CreateDialog::xRFMxCU_AssetCashflowType::CashflowPartType-inner","searchOpenDialogs":true,"interaction":{"idSuffix":"inner"}},"clearTextFirst":true,"interactionType":"ENTER_TEXT"}]}
RESULT: {"script":"<script> [20 bytes]","args":[{"enterText":"Interest","selector":{"id":"CreateDialog::xRFMxCU_AssetCashflowType::CashflowPartType-inner","searchOpenDialogs":true,"interaction":{"idSuffix":"inner"}},"clearTextFirst":true,"interactionType":"ENTER_TEXT"}]}
RESULT: undefined
COMMAND: POST /session/73c71b9e7d936a0a1803ccb2dcb99096/execute/async - {"script":"<script> [20 bytes]","args":[{"enterText":"2025-01-01","selector":{"id":"CreateDialog::xRFMxCU_AssetCashflowType::DueDate-inner","searchOpenDialogs":true,"interaction":{"idSuffix":"inner"}},"clearTextFirst":true,"interactionType":"ENTER_TEXT"}]}
RESULT: {"script":"<script> [20 bytes]","args":[{"enterText":"2025-01-01","selector":{"id":"CreateDialog::xRFMxCU_AssetCashflowType::DueDate-inner","searchOpenDialogs":true,"interaction":{"idSuffix":"inner"}},"clearTextFirst":true,"interactionType":"ENTER_TEXT"}]}
RESULT: undefined
COMMAND: POST /session/73c71b9e7d936a0a1803ccb2dcb99096/element - {"using":"xpath","value":"//*[@id=\"CreateDialog::xRFMxCU_Asset::_AssetCashflow-footer\"]"}
RESULT: {"using":"xpath","value":"//*[@id=\"CreateDialog::xRFMxCU_Asset::_AssetCashflow-footer\"]"}
COMMAND: POST /session/73c71b9e7d936a0a1803ccb2dcb99096/element/f.FC2EA8830AA30A4050E5EB31FE862B44.d.6F15EC8FD18C7D8CD078A5E3CE5F82EE.e.2185/click - {}
RESULT: {}
COMMAND: POST /session/73c71b9e7d936a0a1803ccb2dcb99096/execute/async - {"script":"<script> [21 bytes]","args":[{"forceSelect":true,"selector":{"controlType":"sap.m.Button","viewName":"sap.fe.templates.ObjectPage.ObjectPage","viewId":"rfm.assetui::xRFMxCU_Asset__AssetCashflowObjectPage","properties":{"text":"Continue"},"searchOpenDialogs":true,"interaction":{"idSuffix":"content"}},"wdio_ui5_key":"sapfe.templates.ObjectPage.ObjectPagesap.m.Button{\"text\":\"Continue\"}"}]}
COMMAND: GET /session/73c71b9e7d936a0a1803ccb2dcb99096/screenshot - {}
RESULT: {"script":"<script> [21 bytes]","args":[{"forceSelect":true,"selector":{"controlType":"sap.m.Button","viewName":"sap.fe.templates.ObjectPage.ObjectPage","viewId":"rfm.assetui::xRFMxCU_Asset__AssetCashflowObjectPage","properties":{"text":"Continue"},"searchOpenDialogs":true,"interaction":{"idSuffix":"content"}},"wdio_ui5_key":"sapfe.templates.ObjectPage.ObjectPagesap.m.Button{\"text\":\"Continue\"}"}]}
RESULT: undefined
COMMAND: POST /session/73c71b9e7d936a0a1803ccb2dcb99096/element - {"using":"xpath","value":"//*[@id=\"__button304\"]"}
RESULT: {}
RESULT: {"using":"xpath","value":"//*[@id=\"__button304\"]"}
COMMAND: POST /session/73c71b9e7d936a0a1803ccb2dcb99096/element/f.FC2EA8830AA30A4050E5EB31FE862B44.d.6F15EC8FD18C7D8CD078A5E3CE5F82EE.e.2187/click - {}
RESULT: {}
COMMAND: GET /session/73c71b9e7d936a0a1803ccb2dcb99096/screenshot - {}
RESULT: {}
RESULT: undefined
COMMAND: POST /session/73c71b9e7d936a0a1803ccb2dcb99096/execute/async - {"script":"<script> [20 bytes]","args":[{"enterText":"19.49","selector":{"id":"rfm.assetui::xRFMxCU_Asset__AssetCashflowObjectPage--fe::FormContainer::CashFlow::FormElement::DataField::Amount::Field-edit-inner","interaction":{"idSuffix":"inner"}},"clearTextFirst":true,"interactionType":"ENTER_TEXT"}]}
RESULT: {"script":"<script> [20 bytes]","args":[{"enterText":"19.49","selector":{"id":"rfm.assetui::xRFMxCU_Asset__AssetCashflowObjectPage--fe::FormContainer::CashFlow::FormElement::DataField::Amount::Field-edit-inner","interaction":{"idSuffix":"inner"}},"clearTextFirst":true,"interactionType":"ENTER_TEXT"}]}
RESULT: undefined
COMMAND: POST /session/73c71b9e7d936a0a1803ccb2dcb99096/element - {"using":"xpath","value":"//*[@id=\"rfm.assetui::xRFMxCU_Asset__AssetCashflowObjectPage--fe::FormContainer::CashFlow::FormElement::DataField::Amount::Field-edit-inner-unit-vhi\"]"}
RESULT: {"using":"xpath","value":"//*[@id=\"rfm.assetui::xRFMxCU_Asset__AssetCashflowObjectPage--fe::FormContainer::CashFlow::FormElement::DataField::Amount::Field-edit-inner-unit-vhi\"]"}
COMMAND: POST /session/73c71b9e7d936a0a1803ccb2dcb99096/element/f.FC2EA8830AA30A4050E5EB31FE862B44.d.6F15EC8FD18C7D8CD078A5E3CE5F82EE.e.2204/click - {}
RESULT: {}
RESULT: undefined
COMMAND: POST /session/73c71b9e7d936a0a1803ccb2dcb99096/execute/async - {"script":"<script> [20 bytes]","args":[{"enterText":"EUR","selector":{"id":"rfm.assetui::xRFMxCU_Asset__AssetCashflowObjectPage--fe::FormContainer::CashFlow::FieldValueHelp::_AssetCashflow::Amount::_AssetCashflow::Currency::Dialog::qualifier::-search-inner","searchOpenDialogs":true,"interaction":{"idSuffix":"I"}},"clearTextFirst":true,"interactionType":"ENTER_TEXT"}]}
COMMAND: GET /session/73c71b9e7d936a0a1803ccb2dcb99096/screenshot - {}
RESULT: {"script":"<script> [20 bytes]","args":[{"enterText":"EUR","selector":{"id":"rfm.assetui::xRFMxCU_Asset__AssetCashflowObjectPage--fe::FormContainer::CashFlow::FieldValueHelp::_AssetCashflow::Amount::_AssetCashflow::Currency::Dialog::qualifier::-search-inner","searchOpenDialogs":true,"interaction":{"idSuffix":"I"}},"clearTextFirst":true,"interactionType":"ENTER_TEXT"}]}
RESULT: undefined
COMMAND: POST /session/73c71b9e7d936a0a1803ccb2dcb99096/element - {"using":"xpath","value":"//*[@id=\"rfm.assetui::xRFMxCU_Asset__AssetCashflowObjectPage--fe::FormContainer::CashFlow::FieldValueHelp::_AssetCashflow::Amount::_AssetCashflow::Currency::Dialog::qualifier::::Table-innerTable-rows-row0\"]"}
RESULT: {}
RESULT: {"using":"xpath","value":"//*[@id=\"rfm.assetui::xRFMxCU_Asset__AssetCashflowObjectPage--fe::FormContainer::CashFlow::FieldValueHelp::_AssetCashflow::Amount::_AssetCashflow::Currency::Dialog::qualifier::::Table-innerTable-rows-row0\"]"}
COMMAND: POST /session/73c71b9e7d936a0a1803ccb2dcb99096/element/f.FC2EA8830AA30A4050E5EB31FE862B44.d.6F15EC8FD18C7D8CD078A5E3CE5F82EE.e.2211/click - {}
RESULT: {}
COMMAND: POST /session/73c71b9e7d936a0a1803ccb2dcb99096/execute/async - {"script":"<script> [21 bytes]","args":[{"forceSelect":true,"selector":{"id":"rfm.assetui::xRFMxCU_Asset__AssetCashflowObjectPage--fe::FooterBar::StandardAction::Apply","interaction":{"idSuffix":"BDI-content"}},"wdio_ui5_key":"rfmassetui::xRFMxCU_Asset__AssetCashflowObjectPage--fe::FooterBar::StandardAction::Apply"}]}
COMMAND: GET /session/73c71b9e7d936a0a1803ccb2dcb99096/screenshot - {}
RESULT: {"script":"<script> [21 bytes]","args":[{"forceSelect":true,"selector":{"id":"rfm.assetui::xRFMxCU_Asset__AssetCashflowObjectPage--fe::FooterBar::StandardAction::Apply","interaction":{"idSuffix":"BDI-content"}},"wdio_ui5_key":"rfmassetui::xRFMxCU_Asset__AssetCashflowObjectPage--fe::FooterBar::StandardAction::Apply"}]}
RESULT: undefined
COMMAND: POST /session/73c71b9e7d936a0a1803ccb2dcb99096/element - {"using":"xpath","value":"//*[@id=\"rfm.assetui::xRFMxCU_Asset__AssetCashflowObjectPage--fe::FooterBar::StandardAction::Apply\"]"}
RESULT: {}
RESULT: {"using":"xpath","value":"//*[@id=\"rfm.assetui::xRFMxCU_Asset__AssetCashflowObjectPage--fe::FooterBar::StandardAction::Apply\"]"}
COMMAND: POST /session/73c71b9e7d936a0a1803ccb2dcb99096/element/f.FC2EA8830AA30A4050E5EB31FE862B44.d.6F15EC8FD18C7D8CD078A5E3CE5F82EE.e.2181/click - {}
RESULT: {}
COMMAND: GET /session/73c71b9e7d936a0a1803ccb2dcb99096/screenshot - {}
RESULT: {}
RESULT: undefined
COMMAND: POST /session/73c71b9e7d936a0a1803ccb2dcb99096/element - {"using":"xpath","value":"//*[@id=\"rfm.assetui::xRFMxCU_AssetObjectPage--fe::table::_AssetCashflow::LineItem::StandardAction::Create\"]"}
RESULT: {"using":"xpath","value":"//*[@id=\"rfm.assetui::xRFMxCU_AssetObjectPage--fe::table::_AssetCashflow::LineItem::StandardAction::Create\"]"}
COMMAND: POST /session/73c71b9e7d936a0a1803ccb2dcb99096/element/f.FC2EA8830AA30A4050E5EB31FE862B44.d.6F15EC8FD18C7D8CD078A5E3CE5F82EE.e.2081/click - {}
RESULT: {}
COMMAND: GET /session/73c71b9e7d936a0a1803ccb2dcb99096/screenshot - {}
RESULT: {}
RESULT: undefined
COMMAND: POST /session/73c71b9e7d936a0a1803ccb2dcb99096/execute/async - {"script":"<script> [20 bytes]","args":[{"enterText":"Principal","selector":{"id":"CreateDialog::xRFMxCU_AssetCashflowType::CashflowPartType-inner","searchOpenDialogs":true,"interaction":{"idSuffix":"inner"}},"clearTextFirst":true,"interactionType":"ENTER_TEXT"}]}
RESULT: {"script":"<script> [20 bytes]","args":[{"enterText":"Principal","selector":{"id":"CreateDialog::xRFMxCU_AssetCashflowType::CashflowPartType-inner","searchOpenDialogs":true,"interaction":{"idSuffix":"inner"}},"clearTextFirst":true,"interactionType":"ENTER_TEXT"}]}
RESULT: undefined
COMMAND: POST /session/73c71b9e7d936a0a1803ccb2dcb99096/execute/async - {"script":"<script> [20 bytes]","args":[{"enterText":"2025-01-01","selector":{"id":"CreateDialog::xRFMxCU_AssetCashflowType::DueDate-inner","searchOpenDialogs":true,"interaction":{"idSuffix":"inner"}},"clearTextFirst":true,"interactionType":"ENTER_TEXT"}]}
RESULT: {"script":"<script> [20 bytes]","args":[{"enterText":"2025-01-01","selector":{"id":"CreateDialog::xRFMxCU_AssetCashflowType::DueDate-inner","searchOpenDialogs":true,"interaction":{"idSuffix":"inner"}},"clearTextFirst":true,"interactionType":"ENTER_TEXT"}]}
RESULT: undefined
COMMAND: POST /session/73c71b9e7d936a0a1803ccb2dcb99096/element - {"using":"xpath","value":"//*[@id=\"CreateDialog::xRFMxCU_Asset::_AssetCashflow-footer\"]"}
RESULT: {"using":"xpath","value":"//*[@id=\"CreateDialog::xRFMxCU_Asset::_AssetCashflow-footer\"]"}
COMMAND: POST /session/73c71b9e7d936a0a1803ccb2dcb99096/element/f.FC2EA8830AA30A4050E5EB31FE862B44.d.6F15EC8FD18C7D8CD078A5E3CE5F82EE.e.2236/click - {}
RESULT: {}
COMMAND: GET /session/73c71b9e7d936a0a1803ccb2dcb99096/screenshot - {}
RESULT: {}
COMMAND: POST /session/73c71b9e7d936a0a1803ccb2dcb99096/execute/async - {"script":"<script> [21 bytes]","args":[{"forceSelect":true,"selector":{"controlType":"sap.m.Button","viewName":"sap.fe.templates.ObjectPage.ObjectPage","viewId":"rfm.assetui::xRFMxCU_Asset__AssetCashflowObjectPage","properties":{"text":"Continue"},"searchOpenDialogs":true,"interaction":{"idSuffix":"content"}},"wdio_ui5_key":"sapfe.templates.ObjectPage.ObjectPagesap.m.Button{\"text\":\"Continue\"}"}]}
RESULT: {"script":"<script> [21 bytes]","args":[{"forceSelect":true,"selector":{"controlType":"sap.m.Button","viewName":"sap.fe.templates.ObjectPage.ObjectPage","viewId":"rfm.assetui::xRFMxCU_Asset__AssetCashflowObjectPage","properties":{"text":"Continue"},"searchOpenDialogs":true,"interaction":{"idSuffix":"content"}},"wdio_ui5_key":"sapfe.templates.ObjectPage.ObjectPagesap.m.Button{\"text\":\"Continue\"}"}]}
RESULT: undefined
COMMAND: POST /session/73c71b9e7d936a0a1803ccb2dcb99096/element - {"using":"xpath","value":"//*[@id=\"__button306\"]"}
RESULT: {"using":"xpath","value":"//*[@id=\"__button306\"]"}
COMMAND: POST /session/73c71b9e7d936a0a1803ccb2dcb99096/element/f.FC2EA8830AA30A4050E5EB31FE862B44.d.6F15EC8FD18C7D8CD078A5E3CE5F82EE.e.2238/click - {}
RESULT: {}
COMMAND: GET /session/73c71b9e7d936a0a1803ccb2dcb99096/screenshot - {}
RESULT: {}
RESULT: undefined
COMMAND: POST /session/73c71b9e7d936a0a1803ccb2dcb99096/execute/async - {"script":"<script> [20 bytes]","args":[{"enterText":"52.55","selector":{"id":"rfm.assetui::xRFMxCU_Asset__AssetCashflowObjectPage--fe::FormContainer::CashFlow::FormElement::DataField::Amount::Field-edit-inner","interaction":{"idSuffix":"inner"}},"clearTextFirst":true,"interactionType":"ENTER_TEXT"}]}
RESULT: {"script":"<script> [20 bytes]","args":[{"enterText":"52.55","selector":{"id":"rfm.assetui::xRFMxCU_Asset__AssetCashflowObjectPage--fe::FormContainer::CashFlow::FormElement::DataField::Amount::Field-edit-inner","interaction":{"idSuffix":"inner"}},"clearTextFirst":true,"interactionType":"ENTER_TEXT"}]}
RESULT: undefined
COMMAND: POST /session/73c71b9e7d936a0a1803ccb2dcb99096/execute/async - {"script":"<script> [20 bytes]","args":[{"enterText":"EUR","selector":{"id":"rfm.assetui::xRFMxCU_Asset__AssetCashflowObjectPage--fe::FormContainer::CashFlow::FormElement::DataField::Amount::Field-edit-inner-unit","interaction":{"idSuffix":"inner"}},"clearTextFirst":true,"interactionType":"ENTER_TEXT"}]}
RESULT: {"script":"<script> [20 bytes]","args":[{"enterText":"EUR","selector":{"id":"rfm.assetui::xRFMxCU_Asset__AssetCashflowObjectPage--fe::FormContainer::CashFlow::FormElement::DataField::Amount::Field-edit-inner-unit","interaction":{"idSuffix":"inner"}},"clearTextFirst":true,"interactionType":"ENTER_TEXT"}]}
COMMAND: POST /session/73c71b9e7d936a0a1803ccb2dcb99096/execute/async - {"script":"<script> [21 bytes]","args":[{"forceSelect":true,"selector":{"id":"rfm.assetui::xRFMxCU_Asset__AssetCashflowObjectPage--fe::FooterBar::StandardAction::Apply","interaction":{"idSuffix":"content"}},"wdio_ui5_key":"rfmassetui::xRFMxCU_Asset__AssetCashflowObjectPage--fe::FooterBar::StandardAction::Apply"}]}
RESULT: {"script":"<script> [21 bytes]","args":[{"forceSelect":true,"selector":{"id":"rfm.assetui::xRFMxCU_Asset__AssetCashflowObjectPage--fe::FooterBar::StandardAction::Apply","interaction":{"idSuffix":"content"}},"wdio_ui5_key":"rfmassetui::xRFMxCU_Asset__AssetCashflowObjectPage--fe::FooterBar::StandardAction::Apply"}]}
RESULT: undefined
COMMAND: POST /session/73c71b9e7d936a0a1803ccb2dcb99096/element - {"using":"xpath","value":"//*[@id=\"rfm.assetui::xRFMxCU_Asset__AssetCashflowObjectPage--fe::FooterBar::StandardAction::Apply\"]"}
RESULT: {"using":"xpath","value":"//*[@id=\"rfm.assetui::xRFMxCU_Asset__AssetCashflowObjectPage--fe::FooterBar::StandardAction::Apply\"]"}
COMMAND: POST /session/73c71b9e7d936a0a1803ccb2dcb99096/element/f.FC2EA8830AA30A4050E5EB31FE862B44.d.6F15EC8FD18C7D8CD078A5E3CE5F82EE.e.2181/click - {}
RESULT: {}
COMMAND: GET /session/73c71b9e7d936a0a1803ccb2dcb99096/screenshot - {}
RESULT: {}
RESULT: undefined
COMMAND: POST /session/73c71b9e7d936a0a1803ccb2dcb99096/element/f.FC2EA8830AA30A4050E5EB31FE862B44.d.6F15EC8FD18C7D8CD078A5E3CE5F82EE.e.1429/click - {}
COMMAND: POST /session/73c71b9e7d936a0a1803ccb2dcb99096/element - {"using":"xpath","value":"//*[@id=\"rfm.assetui::xRFMxCU_AssetObjectPage--fe::FooterBar::StandardAction::Save\"]"}
RESULT: {"using":"xpath","value":"//*[@id=\"rfm.assetui::xRFMxCU_AssetObjectPage--fe::FooterBar::StandardAction::Save\"]"}
COMMAND: POST /session/73c71b9e7d936a0a1803ccb2dcb99096/element/f.FC2EA8830AA30A4050E5EB31FE862B44.d.6F15EC8FD18C7D8CD078A5E3CE5F82EE.e.1429/click - {}
COMMAND: POST /session/73c71b9e7d936a0a1803ccb2dcb99096/element - {"using":"xpath","value":"//*[@id=\"rfm.assetui::xRFMxCU_AssetObjectPage--fe::FooterBar::StandardAction::Save\"]"}
RESULT: {"using":"xpath","value":"//*[@id=\"rfm.assetui::xRFMxCU_AssetObjectPage--fe::FooterBar::StandardAction::Save\"]"}
COMMAND: POST /session/73c71b9e7d936a0a1803ccb2dcb99096/element/f.FC2EA8830AA30A4050E5EB31FE862B44.d.6F15EC8FD18C7D8CD078A5E3CE5F82EE.e.2029/click - {}
RESULT: {}
COMMAND: GET /session/73c71b9e7d936a0a1803ccb2dcb99096/screenshot - {}
RESULT: {}
RESULT: undefined
RESULT: undefined
COMMAND: POST /session/73c71b9e7d936a0a1803ccb2dcb99096/element - {"using":"xpath","value":"//*[@id=\"rfm.assetui::xRFMxCU_AssetObjectPage--fe::ObjectPage-anchBar-rfm.assetui::xRFMxCU_AssetObjectPage--fe::FacetSection::Object-anchor\"]"}
RESULT: {"using":"xpath","value":"//*[@id=\"rfm.assetui::xRFMxCU_AssetObjectPage--fe::ObjectPage-anchBar-rfm.assetui::xRFMxCU_AssetObjectPage--fe::FacetSection::Object-anchor\"]"}
COMMAND: POST /session/73c71b9e7d936a0a1803ccb2dcb99096/element/f.FC2EA8830AA30A4050E5EB31FE862B44.d.6F15EC8FD18C7D8CD078A5E3CE5F82EE.e.2395/click - {}
RESULT: {}
COMMAND: GET /session/73c71b9e7d936a0a1803ccb2dcb99096/screenshot - {}
RESULT: {}
COMMAND: GET /session/73c71b9e7d936a0a1803ccb2dcb99096/url - {}
RESULT: {}
RESULT: undefined
COMMAND: POST /session/73c71b9e7d936a0a1803ccb2dcb99096/element/f.FC2EA8830AA30A4050E5EB31FE862B44.d.6F15EC8FD18C7D8CD078A5E3CE5F82EE.e.1622/click - {}
COMMAND: GET /session/73c71b9e7d936a0a1803ccb2dcb99096/screenshot - {}
RESULT: {}
COMMAND: GET /session/73c71b9e7d936a0a1803ccb2dcb99096/screenshot - {}
COMMAND: POST /session/73c71b9e7d936a0a1803ccb2dcb99096/element/f.FC2EA8830AA30A4050E5EB31FE862B44.d.6F15EC8FD18C7D8CD078A5E3CE5F82EE.e.1622/click - {}
COMMAND: POST /session/73c71b9e7d936a0a1803ccb2dcb99096/element/f.FC2EA8830AA30A4050E5EB31FE862B44.d.6F15EC8FD18C7D8CD078A5E3CE5F82EE.e.1622/click - {}
RESULT: {}
RESULT: {}
COMMAND: POST /session/73c71b9e7d936a0a1803ccb2dcb99096/element - {"using":"xpath","value":"//*[@id=\"backBtn\"]"}
COMMAND: POST /session/73c71b9e7d936a0a1803ccb2dcb99096/element - {"using":"xpath","value":"//*[@id=\"backBtn\"]"}
RESULT: {"using":"xpath","value":"//*[@id=\"backBtn\"]"}
COMMAND: POST /session/73c71b9e7d936a0a1803ccb2dcb99096/elements - {"using":"xpath","value":"//*[@id=\"backBtn\"]"}
RESULT: {"using":"xpath","value":"//*[@id=\"backBtn\"]"}
COMMAND: POST /session/73c71b9e7d936a0a1803ccb2dcb99096/elements - {"using":"xpath","value":"//*[@id=\"backBtn\"]"}
RESULT: {"using":"xpath","value":"//*[@id=\"backBtn\"]"}
RESULT: {"using":"xpath","value":"//*[@id=\"backBtn\"]"}
COMMAND: POST /session/73c71b9e7d936a0a1803ccb2dcb99096/elements - {"using":"xpath","value":"//*[@id=\"backBtn\"]"}
RESULT: {"using":"xpath","value":"//*[@id=\"backBtn\"]"}
COMMAND: POST /session/73c71b9e7d936a0a1803ccb2dcb99096/elements - {"using":"xpath","value":"//*[@id=\"backBtn\"]"}
RESULT: {"using":"xpath","value":"//*[@id=\"backBtn\"]"}
COMMAND: POST /session/73c71b9e7d936a0a1803ccb2dcb99096/elements - {"using":"xpath","value":"//*[@id=\"backBtn\"]"}
RESULT: {"using":"xpath","value":"//*[@id=\"backBtn\"]"}
COMMAND: POST /session/73c71b9e7d936a0a1803ccb2dcb99096/elements - {"using":"xpath","value":"//*[@id=\"backBtn\"]"}
RESULT: {"using":"xpath","value":"//*[@id=\"backBtn\"]"}
COMMAND: POST /session/73c71b9e7d936a0a1803ccb2dcb99096/elements - {"using":"xpath","value":"//*[@id=\"backBtn\"]"}
RESULT: {"using":"xpath","value":"//*[@id=\"backBtn\"]"}
COMMAND: POST /session/73c71b9e7d936a0a1803ccb2dcb99096/elements - {"using":"xpath","value":"//*[@id=\"backBtn\"]"}
RESULT: {"using":"xpath","value":"//*[@id=\"backBtn\"]"}
COMMAND: GET /session/73c71b9e7d936a0a1803ccb2dcb99096/screenshot - {}
]]></system-out>
    </testcase>
    <testcase classname="chrome.138_0_7204_169.windows.Buyback" name="Should create Transaction" time="124.691">
      <system-out><![CDATA[
COMMAND: POST /session/73c71b9e7d936a0a1803ccb2dcb99096/execute/async - {"script":"<script> [21 bytes]","args":[{"selector":{"controlType":"sap.m.GenericTile","properties":{"header":"Funding Transaction"}},"wdio_ui5_key":"sapm.GenericTile{\"header\":\"Funding Transaction\"}"}]}
RESULT: {}
COMMAND: POST /session/73c71b9e7d936a0a1803ccb2dcb99096/elements - {"using":"xpath","value":"//*[@id=\"backBtn\"]"}
COMMAND: POST /session/73c71b9e7d936a0a1803ccb2dcb99096/elements - {"using":"xpath","value":"//*[@id=\"backBtn\"]"}
RESULT: {"script":"<script> [21 bytes]","args":[{"selector":{"controlType":"sap.m.GenericTile","properties":{"header":"Funding Transaction"}},"wdio_ui5_key":"sapm.GenericTile{\"header\":\"Funding Transaction\"}"}]}
RESULT: undefined
COMMAND: POST /session/73c71b9e7d936a0a1803ccb2dcb99096/element - {"using":"xpath","value":"//*[@id=\"__tile30\"]"}
RESULT: {"using":"xpath","value":"//*[@id=\"backBtn\"]"}
RESULT: {"using":"xpath","value":"//*[@id=\"backBtn\"]"}
RESULT: {"using":"xpath","value":"//*[@id=\"__tile30\"]"}
COMMAND: POST /session/73c71b9e7d936a0a1803ccb2dcb99096/element/f.FC2EA8830AA30A4050E5EB31FE862B44.d.6F15EC8FD18C7D8CD078A5E3CE5F82EE.e.2420/click - {}
RESULT: {}
COMMAND: POST /session/73c71b9e7d936a0a1803ccb2dcb99096/execute/async - {"script":"<script> [21 bytes]","args":[{"selector":{"id":"rfm.transactionui::xRFMxCU_TransactionList--fe::table::allTab::LineItem::StandardAction::Create","controlType":"sap.m.Button"},"wdio_ui5_key":"rfmtransactionui::xRFMxCU_TransactionList--fe::table::allTab::LineItem::StandardAction::Createsap.m.Button"}]}
COMMAND: GET /session/73c71b9e7d936a0a1803ccb2dcb99096/screenshot - {}
COMMAND: POST /session/73c71b9e7d936a0a1803ccb2dcb99096/elements - {"using":"xpath","value":"//*[@id=\"backBtn\"]"}
COMMAND: POST /session/73c71b9e7d936a0a1803ccb2dcb99096/elements - {"using":"xpath","value":"//*[@id=\"backBtn\"]"}
RESULT: {"script":"<script> [21 bytes]","args":[{"selector":{"id":"rfm.transactionui::xRFMxCU_TransactionList--fe::table::allTab::LineItem::StandardAction::Create","controlType":"sap.m.Button"},"wdio_ui5_key":"rfmtransactionui::xRFMxCU_TransactionList--fe::table::allTab::LineItem::StandardAction::Createsap.m.Button"}]}
RESULT: undefined
COMMAND: POST /session/73c71b9e7d936a0a1803ccb2dcb99096/element - {"using":"xpath","value":"//*[@id=\"rfm.transactionui::xRFMxCU_TransactionList--fe::table::allTab::LineItem::StandardAction::Create\"]"}
RESULT: {}
RESULT: {"using":"xpath","value":"//*[@id=\"backBtn\"]"}
COMMAND: POST /session/73c71b9e7d936a0a1803ccb2dcb99096/element - {"using":"xpath","value":"//*[@id=\"backBtn\"]"}
RESULT: {"using":"xpath","value":"//*[@id=\"backBtn\"]"}
COMMAND: POST /session/73c71b9e7d936a0a1803ccb2dcb99096/element - {"using":"xpath","value":"//*[@id=\"backBtn\"]"}
RESULT: {"using":"xpath","value":"//*[@id=\"rfm.transactionui::xRFMxCU_TransactionList--fe::table::allTab::LineItem::StandardAction::Create\"]"}
COMMAND: POST /session/73c71b9e7d936a0a1803ccb2dcb99096/element/f.FC2EA8830AA30A4050E5EB31FE862B44.d.6F15EC8FD18C7D8CD078A5E3CE5F82EE.e.2478/click - {}
RESULT: {"using":"xpath","value":"//*[@id=\"backBtn\"]"}
COMMAND: POST /session/73c71b9e7d936a0a1803ccb2dcb99096/element/f.FC2EA8830AA30A4050E5EB31FE862B44.d.6F15EC8FD18C7D8CD078A5E3CE5F82EE.e.1622/click - {}
RESULT: {"using":"xpath","value":"//*[@id=\"backBtn\"]"}
COMMAND: POST /session/73c71b9e7d936a0a1803ccb2dcb99096/element/f.FC2EA8830AA30A4050E5EB31FE862B44.d.6F15EC8FD18C7D8CD078A5E3CE5F82EE.e.1622/click - {}
RESULT: {}
COMMAND: GET /session/73c71b9e7d936a0a1803ccb2dcb99096/screenshot - {}
COMMAND: POST /session/73c71b9e7d936a0a1803ccb2dcb99096/element - {"using":"xpath","value":"//*[@id=\"backBtn\"]"}
COMMAND: POST /session/73c71b9e7d936a0a1803ccb2dcb99096/element - {"using":"xpath","value":"//*[@id=\"backBtn\"]"}
RESULT: {}
RESULT: {"using":"xpath","value":"//*[@id=\"backBtn\"]"}
COMMAND: POST /session/73c71b9e7d936a0a1803ccb2dcb99096/element/f.FC2EA8830AA30A4050E5EB31FE862B44.d.6F15EC8FD18C7D8CD078A5E3CE5F82EE.e.2576/click - {}
RESULT: {"using":"xpath","value":"//*[@id=\"backBtn\"]"}
COMMAND: POST /session/73c71b9e7d936a0a1803ccb2dcb99096/element/f.FC2EA8830AA30A4050E5EB31FE862B44.d.6F15EC8FD18C7D8CD078A5E3CE5F82EE.e.2576/click - {}
COMMAND: POST /session/73c71b9e7d936a0a1803ccb2dcb99096/execute/async - {"script":"<script> [21 bytes]","args":[{"selector":{"id":"CreateDialog::xRFMxCU_TransactionType::ProgramId-inner-vhi","searchOpenDialogs":true},"wdio_ui5_key":"CreateDialogxRFMxCU_TransactionType::ProgramId-inner-vhi"}]}
RESULT: {"script":"<script> [21 bytes]","args":[{"selector":{"id":"CreateDialog::xRFMxCU_TransactionType::ProgramId-inner-vhi","searchOpenDialogs":true},"wdio_ui5_key":"CreateDialogxRFMxCU_TransactionType::ProgramId-inner-vhi"}]}
RESULT: undefined
COMMAND: POST /session/73c71b9e7d936a0a1803ccb2dcb99096/element - {"using":"xpath","value":"//*[@id=\"CreateDialog::xRFMxCU_TransactionType::ProgramId-inner-vhi\"]"}
RESULT: {"using":"xpath","value":"//*[@id=\"CreateDialog::xRFMxCU_TransactionType::ProgramId-inner-vhi\"]"}
COMMAND: POST /session/73c71b9e7d936a0a1803ccb2dcb99096/element/f.FC2EA8830AA30A4050E5EB31FE862B44.d.6F15EC8FD18C7D8CD078A5E3CE5F82EE.e.2660/click - {}
RESULT: {}
COMMAND: POST /session/73c71b9e7d936a0a1803ccb2dcb99096/execute/async - {"script":"<script> [21 bytes]","args":[{"selector":{"id":"ProgramId::VH::Dialog::qualifier::-search-inner","searchOpenDialogs":true,"interaction":{"idSuffix":"I"}},"wdio_ui5_key":"ProgramIdVH::Dialog::qualifier::-search-inner"}]}
COMMAND: GET /session/73c71b9e7d936a0a1803ccb2dcb99096/screenshot - {}
RESULT: {"script":"<script> [21 bytes]","args":[{"selector":{"id":"ProgramId::VH::Dialog::qualifier::-search-inner","searchOpenDialogs":true,"interaction":{"idSuffix":"I"}},"wdio_ui5_key":"ProgramIdVH::Dialog::qualifier::-search-inner"}]}
RESULT: undefined
COMMAND: POST /session/73c71b9e7d936a0a1803ccb2dcb99096/execute/async - {"script":"<script> [20 bytes]","args":[{"enterText":"*1407*","selector":{"id":"ProgramId::VH::Dialog::qualifier::-search-inner","searchOpenDialogs":true,"interaction":{"idSuffix":"I"}},"clearTextFirst":true,"interactionType":"ENTER_TEXT"}]}
RESULT: {}
RESULT: {"script":"<script> [20 bytes]","args":[{"enterText":"*1407*","selector":{"id":"ProgramId::VH::Dialog::qualifier::-search-inner","searchOpenDialogs":true,"interaction":{"idSuffix":"I"}},"clearTextFirst":true,"interactionType":"ENTER_TEXT"}]}
COMMAND: POST /session/73c71b9e7d936a0a1803ccb2dcb99096/execute/async - {"script":"<script> [21 bytes]","args":[{"selector":{"id":"ProgramId::VH::Dialog::qualifier::::Table-innerTable-rows-row0","searchOpenDialogs":true},"wdio_ui5_key":"ProgramIdVH::Dialog::qualifier::::Table-innerTable-rows-row0"}]}
RESULT: {"script":"<script> [21 bytes]","args":[{"selector":{"id":"ProgramId::VH::Dialog::qualifier::::Table-innerTable-rows-row0","searchOpenDialogs":true},"wdio_ui5_key":"ProgramIdVH::Dialog::qualifier::::Table-innerTable-rows-row0"}]}
RESULT: undefined
COMMAND: POST /session/73c71b9e7d936a0a1803ccb2dcb99096/element - {"using":"xpath","value":"//*[@id=\"ProgramId::VH::Dialog::qualifier::::Table-innerTable-rows-row0\"]"}
RESULT: {"using":"xpath","value":"//*[@id=\"ProgramId::VH::Dialog::qualifier::::Table-innerTable-rows-row0\"]"}
COMMAND: POST /session/73c71b9e7d936a0a1803ccb2dcb99096/element/f.FC2EA8830AA30A4050E5EB31FE862B44.d.6F15EC8FD18C7D8CD078A5E3CE5F82EE.e.2670/click - {}
RESULT: {}
COMMAND: GET /session/73c71b9e7d936a0a1803ccb2dcb99096/screenshot - {}
RESULT: {}
COMMAND: POST /session/73c71b9e7d936a0a1803ccb2dcb99096/execute/async - {"script":"<script> [21 bytes]","args":[{"selector":{"id":"CreateDialog::xRFMxCU_Transaction-footer","searchOpenDialogs":true},"wdio_ui5_key":"CreateDialogxRFMxCU_Transaction-footer"}]}
RESULT: {"script":"<script> [21 bytes]","args":[{"selector":{"id":"CreateDialog::xRFMxCU_Transaction-footer","searchOpenDialogs":true},"wdio_ui5_key":"CreateDialogxRFMxCU_Transaction-footer"}]}
RESULT: undefined
COMMAND: POST /session/73c71b9e7d936a0a1803ccb2dcb99096/element - {"using":"xpath","value":"//*[@id=\"CreateDialog::xRFMxCU_Transaction-footer\"]"}
RESULT: {"using":"xpath","value":"//*[@id=\"CreateDialog::xRFMxCU_Transaction-footer\"]"}
COMMAND: POST /session/73c71b9e7d936a0a1803ccb2dcb99096/element/f.FC2EA8830AA30A4050E5EB31FE862B44.d.6F15EC8FD18C7D8CD078A5E3CE5F82EE.e.2672/click - {}
RESULT: {}
COMMAND: POST /session/73c71b9e7d936a0a1803ccb2dcb99096/execute/async - {"script":"<script> [21 bytes]","args":[{"forceSelect":true,"selector":{"controlType":"sap.m.Button","viewName":"sap.fe.templates.ObjectPage.ObjectPage","viewId":"rfm.transactionui::xRFMxCU_TransactionObjectPage","properties":{"text":"Continue"},"searchOpenDialogs":true,"interaction":{"idSuffix":"BDI-content"}},"wdio_ui5_key":"sapfe.templates.ObjectPage.ObjectPagesap.m.Button{\"text\":\"Continue\"}"}]}
COMMAND: GET /session/73c71b9e7d936a0a1803ccb2dcb99096/screenshot - {}
RESULT: {"script":"<script> [21 bytes]","args":[{"forceSelect":true,"selector":{"controlType":"sap.m.Button","viewName":"sap.fe.templates.ObjectPage.ObjectPage","viewId":"rfm.transactionui::xRFMxCU_TransactionObjectPage","properties":{"text":"Continue"},"searchOpenDialogs":true,"interaction":{"idSuffix":"BDI-content"}},"wdio_ui5_key":"sapfe.templates.ObjectPage.ObjectPagesap.m.Button{\"text\":\"Continue\"}"}]}
RESULT: undefined
COMMAND: POST /session/73c71b9e7d936a0a1803ccb2dcb99096/element - {"using":"xpath","value":"//*[@id=\"__button352\"]"}
RESULT: {}
RESULT: {"using":"xpath","value":"//*[@id=\"__button352\"]"}
COMMAND: POST /session/73c71b9e7d936a0a1803ccb2dcb99096/element/f.FC2EA8830AA30A4050E5EB31FE862B44.d.6F15EC8FD18C7D8CD078A5E3CE5F82EE.e.2674/click - {}
RESULT: {}
COMMAND: GET /session/73c71b9e7d936a0a1803ccb2dcb99096/screenshot - {}
RESULT: {}
COMMAND: POST /session/73c71b9e7d936a0a1803ccb2dcb99096/execute/async - {"script":"<script> [21 bytes]","args":[{"selector":{"id":"rfm.transactionui::xRFMxCU_TransactionObjectPage--fe::CustomSubSection::CustomDetailsSection--fe::FormContainer::FieldGroup::Term::FormElement::DataField::AssetCashflowDateFrom::Field-edit","interaction":{"idSuffix":"inner"}},"wdio_ui5_key":"rfmtransactionui::xRFMxCU_TransactionObjectPage--fe::CustomSubSection::CustomDetailsSection--fe::FormContainer::FieldGroup::Term::FormElement::DataField::AssetCashflowDateFrom::Field-edit"}]}
RESULT: {"script":"<script> [21 bytes]","args":[{"selector":{"id":"rfm.transactionui::xRFMxCU_TransactionObjectPage--fe::CustomSubSection::CustomDetailsSection--fe::FormContainer::FieldGroup::Term::FormElement::DataField::AssetCashflowDateFrom::Field-edit","interaction":{"idSuffix":"inner"}},"wdio_ui5_key":"rfmtransactionui::xRFMxCU_TransactionObjectPage--fe::CustomSubSection::CustomDetailsSection--fe::FormContainer::FieldGroup::Term::FormElement::DataField::AssetCashflowDateFrom::Field-edit"}]}
RESULT: undefined
COMMAND: POST /session/73c71b9e7d936a0a1803ccb2dcb99096/execute/async - {"script":"<script> [20 bytes]","args":[{"enterText":"2025-01-01","selector":{"id":"rfm.transactionui::xRFMxCU_TransactionObjectPage--fe::CustomSubSection::CustomDetailsSection--fe::FormContainer::FieldGroup::Term::FormElement::DataField::AssetCashflowDateFrom::Field-edit","interaction":{"idSuffix":"inner"}},"clearTextFirst":true,"interactionType":"ENTER_TEXT"}]}
RESULT: {"script":"<script> [20 bytes]","args":[{"enterText":"2025-01-01","selector":{"id":"rfm.transactionui::xRFMxCU_TransactionObjectPage--fe::CustomSubSection::CustomDetailsSection--fe::FormContainer::FieldGroup::Term::FormElement::DataField::AssetCashflowDateFrom::Field-edit","interaction":{"idSuffix":"inner"}},"clearTextFirst":true,"interactionType":"ENTER_TEXT"}]}
COMMAND: POST /session/73c71b9e7d936a0a1803ccb2dcb99096/execute/async - {"script":"<script> [21 bytes]","args":[{"selector":{"id":"rfm.transactionui::xRFMxCU_TransactionObjectPage--fe::CustomSubSection::CustomDetailsSection--fe::FormContainer::FieldGroup::Term::FormElement::DataField::AssetCashflowDateTo::Field-edit","interaction":{"idSuffix":"inner"}},"wdio_ui5_key":"rfmtransactionui::xRFMxCU_TransactionObjectPage--fe::CustomSubSection::CustomDetailsSection--fe::FormContainer::FieldGroup::Term::FormElement::DataField::AssetCashflowDateTo::Field-edit"}]}
RESULT: {"script":"<script> [21 bytes]","args":[{"selector":{"id":"rfm.transactionui::xRFMxCU_TransactionObjectPage--fe::CustomSubSection::CustomDetailsSection--fe::FormContainer::FieldGroup::Term::FormElement::DataField::AssetCashflowDateTo::Field-edit","interaction":{"idSuffix":"inner"}},"wdio_ui5_key":"rfmtransactionui::xRFMxCU_TransactionObjectPage--fe::CustomSubSection::CustomDetailsSection--fe::FormContainer::FieldGroup::Term::FormElement::DataField::AssetCashflowDateTo::Field-edit"}]}
RESULT: undefined
COMMAND: POST /session/73c71b9e7d936a0a1803ccb2dcb99096/execute/async - {"script":"<script> [20 bytes]","args":[{"enterText":"2027-12-31","selector":{"id":"rfm.transactionui::xRFMxCU_TransactionObjectPage--fe::CustomSubSection::CustomDetailsSection--fe::FormContainer::FieldGroup::Term::FormElement::DataField::AssetCashflowDateTo::Field-edit","interaction":{"idSuffix":"inner"}},"clearTextFirst":true,"interactionType":"ENTER_TEXT"}]}
RESULT: {"script":"<script> [20 bytes]","args":[{"enterText":"2027-12-31","selector":{"id":"rfm.transactionui::xRFMxCU_TransactionObjectPage--fe::CustomSubSection::CustomDetailsSection--fe::FormContainer::FieldGroup::Term::FormElement::DataField::AssetCashflowDateTo::Field-edit","interaction":{"idSuffix":"inner"}},"clearTextFirst":true,"interactionType":"ENTER_TEXT"}]}
COMMAND: POST /session/73c71b9e7d936a0a1803ccb2dcb99096/execute/async - {"script":"<script> [21 bytes]","args":[{"selector":{"id":"rfm.transactionui::xRFMxCU_TransactionObjectPage--fe::ObjectPage-anchBar-rfm.transactionui::xRFMxCU_TransactionObjectPage--fe::EditableHeaderSection-anchor","interaction":{"idSuffix":"text"}},"wdio_ui5_key":"rfmtransactionui::xRFMxCU_TransactionObjectPage--fe::ObjectPage-anchBar-rfm.transactionui::xRFMxCU_TransactionObjectPage--fe::EditableHeaderSection-anchor"}]}
RESULT: {"script":"<script> [21 bytes]","args":[{"selector":{"id":"rfm.transactionui::xRFMxCU_TransactionObjectPage--fe::ObjectPage-anchBar-rfm.transactionui::xRFMxCU_TransactionObjectPage--fe::EditableHeaderSection-anchor","interaction":{"idSuffix":"text"}},"wdio_ui5_key":"rfmtransactionui::xRFMxCU_TransactionObjectPage--fe::ObjectPage-anchBar-rfm.transactionui::xRFMxCU_TransactionObjectPage--fe::EditableHeaderSection-anchor"}]}
RESULT: undefined
COMMAND: POST /session/73c71b9e7d936a0a1803ccb2dcb99096/element - {"using":"xpath","value":"//*[@id=\"rfm.transactionui::xRFMxCU_TransactionObjectPage--fe::ObjectPage-anchBar-rfm.transactionui::xRFMxCU_TransactionObjectPage--fe::EditableHeaderSection-anchor\"]"}
RESULT: {"using":"xpath","value":"//*[@id=\"rfm.transactionui::xRFMxCU_TransactionObjectPage--fe::ObjectPage-anchBar-rfm.transactionui::xRFMxCU_TransactionObjectPage--fe::EditableHeaderSection-anchor\"]"}
COMMAND: POST /session/73c71b9e7d936a0a1803ccb2dcb99096/element/f.FC2EA8830AA30A4050E5EB31FE862B44.d.6F15EC8FD18C7D8CD078A5E3CE5F82EE.e.2749/click - {}
RESULT: {}
COMMAND: GET /session/73c71b9e7d936a0a1803ccb2dcb99096/screenshot - {}
RESULT: {}
COMMAND: POST /session/73c71b9e7d936a0a1803ccb2dcb99096/execute/async - {"script":"<script> [21 bytes]","args":[{"selector":{"id":"rfm.transactionui::xRFMxCU_TransactionObjectPage--fe::HeaderFacet::FormContainer::headerFieldsGP1::FormElement::DataField::Name::Field-edit","interaction":{"idSuffix":"inner"}},"wdio_ui5_key":"rfmtransactionui::xRFMxCU_TransactionObjectPage--fe::HeaderFacet::FormContainer::headerFieldsGP1::FormElement::DataField::Name::Field-edit"}]}
RESULT: {"script":"<script> [21 bytes]","args":[{"selector":{"id":"rfm.transactionui::xRFMxCU_TransactionObjectPage--fe::HeaderFacet::FormContainer::headerFieldsGP1::FormElement::DataField::Name::Field-edit","interaction":{"idSuffix":"inner"}},"wdio_ui5_key":"rfmtransactionui::xRFMxCU_TransactionObjectPage--fe::HeaderFacet::FormContainer::headerFieldsGP1::FormElement::DataField::Name::Field-edit"}]}
RESULT: undefined
COMMAND: POST /session/73c71b9e7d936a0a1803ccb2dcb99096/execute/async - {"script":"<script> [20 bytes]","args":[{"enterText":"WDIO_Buyback_2025-08-07_22-52-41","selector":{"id":"rfm.transactionui::xRFMxCU_TransactionObjectPage--fe::HeaderFacet::FormContainer::headerFieldsGP1::FormElement::DataField::Name::Field-edit","interaction":{"idSuffix":"inner"}},"clearTextFirst":true,"interactionType":"ENTER_TEXT"}]}
RESULT: {"script":"<script> [20 bytes]","args":[{"enterText":"WDIO_Buyback_2025-08-07_22-52-41","selector":{"id":"rfm.transactionui::xRFMxCU_TransactionObjectPage--fe::HeaderFacet::FormContainer::headerFieldsGP1::FormElement::DataField::Name::Field-edit","interaction":{"idSuffix":"inner"}},"clearTextFirst":true,"interactionType":"ENTER_TEXT"}]}
COMMAND: POST /session/73c71b9e7d936a0a1803ccb2dcb99096/execute/async - {"script":"<script> [21 bytes]","args":[{"selector":{"id":"rfm.transactionui::xRFMxCU_TransactionObjectPage--fe::HeaderFacet::FormContainer::headerFieldsGP1::FormElement::DataField::TransactionId::Field-display"},"wdio_ui5_key":"rfmtransactionui::xRFMxCU_TransactionObjectPage--fe::HeaderFacet::FormContainer::headerFieldsGP1::FormElement::DataField::TransactionId::Field-display"}]}
RESULT: {"script":"<script> [21 bytes]","args":[{"selector":{"id":"rfm.transactionui::xRFMxCU_TransactionObjectPage--fe::HeaderFacet::FormContainer::headerFieldsGP1::FormElement::DataField::TransactionId::Field-display"},"wdio_ui5_key":"rfmtransactionui::xRFMxCU_TransactionObjectPage--fe::HeaderFacet::FormContainer::headerFieldsGP1::FormElement::DataField::TransactionId::Field-display"}]}
RESULT: undefined
COMMAND: POST /session/73c71b9e7d936a0a1803ccb2dcb99096/execute/async - {"script":"<script> [21 bytes]","args":[{"element-6066-11e4-a52e-4f735466cecf":"f.FC2EA8830AA30A4050E5EB31FE862B44.d.6F15EC8FD18C7D8CD078A5E3CE5F82EE.e.2757"},"getText",[]]}
RESULT: {"script":"<script> [21 bytes]","args":[{"element-6066-11e4-a52e-4f735466cecf":"f.FC2EA8830AA30A4050E5EB31FE862B44.d.6F15EC8FD18C7D8CD078A5E3CE5F82EE.e.2757"},"getText",[]]}
COMMAND: POST /session/73c71b9e7d936a0a1803ccb2dcb99096/execute/async - {"script":"<script> [21 bytes]","args":[{"selector":{"id":"rfm.transactionui::xRFMxCU_TransactionObjectPage--fe::ObjectPage-anchBar-rfm.transactionui::xRFMxCU_TransactionObjectPage--fe::FacetSection::FundingScopeCollection-anchor"},"wdio_ui5_key":"rfmtransactionui::xRFMxCU_TransactionObjectPage--fe::ObjectPage-anchBar-rfm.transactionui::xRFMxCU_TransactionObjectPage--fe::FacetSection::FundingScopeCollection-anchor"}]}
RESULT: {"script":"<script> [21 bytes]","args":[{"selector":{"id":"rfm.transactionui::xRFMxCU_TransactionObjectPage--fe::ObjectPage-anchBar-rfm.transactionui::xRFMxCU_TransactionObjectPage--fe::FacetSection::FundingScopeCollection-anchor"},"wdio_ui5_key":"rfmtransactionui::xRFMxCU_TransactionObjectPage--fe::ObjectPage-anchBar-rfm.transactionui::xRFMxCU_TransactionObjectPage--fe::FacetSection::FundingScopeCollection-anchor"}]}
RESULT: undefined
COMMAND: POST /session/73c71b9e7d936a0a1803ccb2dcb99096/element - {"using":"xpath","value":"//*[@id=\"rfm.transactionui::xRFMxCU_TransactionObjectPage--fe::ObjectPage-anchBar-rfm.transactionui::xRFMxCU_TransactionObjectPage--fe::FacetSection::FundingScopeCollection-anchor\"]"}
RESULT: {"using":"xpath","value":"//*[@id=\"rfm.transactionui::xRFMxCU_TransactionObjectPage--fe::ObjectPage-anchBar-rfm.transactionui::xRFMxCU_TransactionObjectPage--fe::FacetSection::FundingScopeCollection-anchor\"]"}
COMMAND: POST /session/73c71b9e7d936a0a1803ccb2dcb99096/element/f.FC2EA8830AA30A4050E5EB31FE862B44.d.6F15EC8FD18C7D8CD078A5E3CE5F82EE.e.2758/click - {}
RESULT: {}
COMMAND: GET /session/73c71b9e7d936a0a1803ccb2dcb99096/screenshot - {}
RESULT: {}
COMMAND: POST /session/73c71b9e7d936a0a1803ccb2dcb99096/execute/async - {"script":"<script> [21 bytes]","args":[{"selector":{"controlType":"sap.ui.mdc.field.FieldInput","viewName":"sap.fe.templates.ObjectPage.ObjectPage","viewId":"rfm.transactionui::xRFMxCU_TransactionObjectPage","bindingPath":{"path":"","propertyPath":"/conditions","modelName":"$field"},"ancestor":{"controlType":"sap.ui.mdc.Field","viewName":"sap.fe.templates.ObjectPage.ObjectPage","viewId":"rfm.transactionui::xRFMxCU_TransactionObjectPage","bindingPath":{"path":"/xRFMxCU_Transaction(TransactionId='897',IsActiveEntity=false)/_TransactionCFPart(TransactionId='897',CashFlowPartType='1',IsActiveEntity=false)","propertyPath":"__EntityControl/Updatable"}},"interaction":{"idSuffix":"inner"}},"wdio_ui5_key":"sapfe.templates.ObjectPage.ObjectPagesap.ui.mdc.field.FieldInput{\"path\":\"\",\"propertyPath\":\"/conditions\",\"modelName\":\"$field\"}{\"controlType\":\"sap.ui.mdc.Field\",\"viewName\":\"sap.fe.templates.ObjectPage.ObjectPage\",\"viewId\":\"rfm.transactionui::xRFMxCU_TransactionObjectPage\",\"bindingPath\":{\"path\":\"/xRFMxCU_Transaction(TransactionId='897',IsActiveEntity=false)/_TransactionCFPart(TransactionId='897',CashFlowPartType='1',IsActiveEntity=false)\",\"propertyPath\":\"__EntityControl/Updatable\"}}"}]}
RESULT: {"script":"<script> [21 bytes]","args":[{"selector":{"controlType":"sap.ui.mdc.field.FieldInput","viewName":"sap.fe.templates.ObjectPage.ObjectPage","viewId":"rfm.transactionui::xRFMxCU_TransactionObjectPage","bindingPath":{"path":"","propertyPath":"/conditions","modelName":"$field"},"ancestor":{"controlType":"sap.ui.mdc.Field","viewName":"sap.fe.templates.ObjectPage.ObjectPage","viewId":"rfm.transactionui::xRFMxCU_TransactionObjectPage","bindingPath":{"path":"/xRFMxCU_Transaction(TransactionId='897',IsActiveEntity=false)/_TransactionCFPart(TransactionId='897',CashFlowPartType='1',IsActiveEntity=false)","propertyPath":"__EntityControl/Updatable"}},"interaction":{"idSuffix":"inner"}},"wdio_ui5_key":"sapfe.templates.ObjectPage.ObjectPagesap.ui.mdc.field.FieldInput{\"path\":\"\",\"propertyPath\":\"/conditions\",\"modelName\":\"$field\"}{\"controlType\":\"sap.ui.mdc.Field\",\"viewName\":\"sap.fe.templates.ObjectPage.ObjectPage\",\"viewId\":\"rfm.transactionui::xRFMxCU_TransactionObjectPage\",\"bindingPath\":{\"path\":\"/xRFMxCU_Transaction(TransactionId='897',IsActiveEntity=false)/_TransactionCFPart(TransactionId='897',CashFlowPartType='1',IsActiveEntity=false)\",\"propertyPath\":\"__EntityControl/Updatable\"}}"}]}
RESULT: undefined
COMMAND: POST /session/73c71b9e7d936a0a1803ccb2dcb99096/execute/async - {"script":"<script> [20 bytes]","args":[{"enterText":"Funding","selector":{"controlType":"sap.ui.mdc.field.FieldInput","viewName":"sap.fe.templates.ObjectPage.ObjectPage","viewId":"rfm.transactionui::xRFMxCU_TransactionObjectPage","bindingPath":{"path":"","propertyPath":"/conditions","modelName":"$field"},"ancestor":{"controlType":"sap.ui.mdc.Field","viewName":"sap.fe.templates.ObjectPage.ObjectPage","viewId":"rfm.transactionui::xRFMxCU_TransactionObjectPage","bindingPath":{"path":"/xRFMxCU_Transaction(TransactionId='897',IsActiveEntity=false)/_TransactionCFPart(TransactionId='897',CashFlowPartType='1',IsActiveEntity=false)","propertyPath":"__EntityControl/Updatable"}},"interaction":{"idSuffix":"inner"}},"clearTextFirst":true,"interactionType":"ENTER_TEXT"}]}
RESULT: {"script":"<script> [20 bytes]","args":[{"enterText":"Funding","selector":{"controlType":"sap.ui.mdc.field.FieldInput","viewName":"sap.fe.templates.ObjectPage.ObjectPage","viewId":"rfm.transactionui::xRFMxCU_TransactionObjectPage","bindingPath":{"path":"","propertyPath":"/conditions","modelName":"$field"},"ancestor":{"controlType":"sap.ui.mdc.Field","viewName":"sap.fe.templates.ObjectPage.ObjectPage","viewId":"rfm.transactionui::xRFMxCU_TransactionObjectPage","bindingPath":{"path":"/xRFMxCU_Transaction(TransactionId='897',IsActiveEntity=false)/_TransactionCFPart(TransactionId='897',CashFlowPartType='1',IsActiveEntity=false)","propertyPath":"__EntityControl/Updatable"}},"interaction":{"idSuffix":"inner"}},"clearTextFirst":true,"interactionType":"ENTER_TEXT"}]}
COMMAND: POST /session/73c71b9e7d936a0a1803ccb2dcb99096/execute/async - {"script":"<script> [21 bytes]","args":[{"selector":{"id":"rfm.transactionui::xRFMxCU_TransactionObjectPage--fe::table::_TransactionCFPart::LineItem-innerTable-rows-row1","interaction":{"idSuffix":"col0"}},"wdio_ui5_key":"rfmtransactionui::xRFMxCU_TransactionObjectPage--fe::table::_TransactionCFPart::LineItem-innerTable-rows-row1"}]}
RESULT: {"script":"<script> [21 bytes]","args":[{"selector":{"id":"rfm.transactionui::xRFMxCU_TransactionObjectPage--fe::table::_TransactionCFPart::LineItem-innerTable-rows-row1","interaction":{"idSuffix":"col0"}},"wdio_ui5_key":"rfmtransactionui::xRFMxCU_TransactionObjectPage--fe::table::_TransactionCFPart::LineItem-innerTable-rows-row1"}]}
RESULT: undefined
COMMAND: POST /session/73c71b9e7d936a0a1803ccb2dcb99096/element - {"using":"xpath","value":"//*[@id=\"rfm.transactionui::xRFMxCU_TransactionObjectPage--fe::table::_TransactionCFPart::LineItem-innerTable-rows-row1\"]"}
RESULT: {"using":"xpath","value":"//*[@id=\"rfm.transactionui::xRFMxCU_TransactionObjectPage--fe::table::_TransactionCFPart::LineItem-innerTable-rows-row1\"]"}
COMMAND: POST /session/73c71b9e7d936a0a1803ccb2dcb99096/element/f.FC2EA8830AA30A4050E5EB31FE862B44.d.6F15EC8FD18C7D8CD078A5E3CE5F82EE.e.2775/click - {}
RESULT: {}
COMMAND: GET /session/73c71b9e7d936a0a1803ccb2dcb99096/screenshot - {}
RESULT: {}
COMMAND: POST /session/73c71b9e7d936a0a1803ccb2dcb99096/execute/async - {"script":"<script> [21 bytes]","args":[{"forceSelect":true,"selector":{"controlType":"sap.ui.mdc.field.FieldInput","viewName":"sap.fe.templates.ObjectPage.ObjectPage","viewId":"rfm.transactionui::xRFMxCU_TransactionObjectPage","bindingPath":{"path":"","propertyPath":"/conditions","modelName":"$field"},"ancestor":{"controlType":"sap.ui.mdc.Field","viewName":"sap.fe.templates.ObjectPage.ObjectPage","viewId":"rfm.transactionui::xRFMxCU_TransactionObjectPage","bindingPath":{"path":"/xRFMxCU_Transaction(TransactionId='897',IsActiveEntity=false)/_TransactionCFPart(TransactionId='897',CashFlowPartType='2',IsActiveEntity=false)","propertyPath":"__EntityControl/Updatable"}},"interaction":{"idSuffix":"inner"}},"wdio_ui5_key":"sapfe.templates.ObjectPage.ObjectPagesap.ui.mdc.field.FieldInput{\"path\":\"\",\"propertyPath\":\"/conditions\",\"modelName\":\"$field\"}{\"controlType\":\"sap.ui.mdc.Field\",\"viewName\":\"sap.fe.templates.ObjectPage.ObjectPage\",\"viewId\":\"rfm.transactionui::xRFMxCU_TransactionObjectPage\",\"bindingPath\":{\"path\":\"/xRFMxCU_Transaction(TransactionId='897',IsActiveEntity=false)/_TransactionCFPart(TransactionId='897',CashFlowPartType='2',IsActiveEntity=false)\",\"propertyPath\":\"__EntityControl/Updatable\"}}"}]}
RESULT: {"script":"<script> [21 bytes]","args":[{"forceSelect":true,"selector":{"controlType":"sap.ui.mdc.field.FieldInput","viewName":"sap.fe.templates.ObjectPage.ObjectPage","viewId":"rfm.transactionui::xRFMxCU_TransactionObjectPage","bindingPath":{"path":"","propertyPath":"/conditions","modelName":"$field"},"ancestor":{"controlType":"sap.ui.mdc.Field","viewName":"sap.fe.templates.ObjectPage.ObjectPage","viewId":"rfm.transactionui::xRFMxCU_TransactionObjectPage","bindingPath":{"path":"/xRFMxCU_Transaction(TransactionId='897',IsActiveEntity=false)/_TransactionCFPart(TransactionId='897',CashFlowPartType='2',IsActiveEntity=false)","propertyPath":"__EntityControl/Updatable"}},"interaction":{"idSuffix":"inner"}},"wdio_ui5_key":"sapfe.templates.ObjectPage.ObjectPagesap.ui.mdc.field.FieldInput{\"path\":\"\",\"propertyPath\":\"/conditions\",\"modelName\":\"$field\"}{\"controlType\":\"sap.ui.mdc.Field\",\"viewName\":\"sap.fe.templates.ObjectPage.ObjectPage\",\"viewId\":\"rfm.transactionui::xRFMxCU_TransactionObjectPage\",\"bindingPath\":{\"path\":\"/xRFMxCU_Transaction(TransactionId='897',IsActiveEntity=false)/_TransactionCFPart(TransactionId='897',CashFlowPartType='2',IsActiveEntity=false)\",\"propertyPath\":\"__EntityControl/Updatable\"}}"}]}
RESULT: undefined
COMMAND: POST /session/73c71b9e7d936a0a1803ccb2dcb99096/execute/async - {"script":"<script> [20 bytes]","args":[{"enterText":"Funding","selector":{"controlType":"sap.ui.mdc.field.FieldInput","viewName":"sap.fe.templates.ObjectPage.ObjectPage","viewId":"rfm.transactionui::xRFMxCU_TransactionObjectPage","bindingPath":{"path":"","propertyPath":"/conditions","modelName":"$field"},"ancestor":{"controlType":"sap.ui.mdc.Field","viewName":"sap.fe.templates.ObjectPage.ObjectPage","viewId":"rfm.transactionui::xRFMxCU_TransactionObjectPage","bindingPath":{"path":"/xRFMxCU_Transaction(TransactionId='897',IsActiveEntity=false)/_TransactionCFPart(TransactionId='897',CashFlowPartType='2',IsActiveEntity=false)","propertyPath":"__EntityControl/Updatable"}},"interaction":{"idSuffix":"inner"}},"clearTextFirst":true,"interactionType":"ENTER_TEXT"}]}
RESULT: {"script":"<script> [20 bytes]","args":[{"enterText":"Funding","selector":{"controlType":"sap.ui.mdc.field.FieldInput","viewName":"sap.fe.templates.ObjectPage.ObjectPage","viewId":"rfm.transactionui::xRFMxCU_TransactionObjectPage","bindingPath":{"path":"","propertyPath":"/conditions","modelName":"$field"},"ancestor":{"controlType":"sap.ui.mdc.Field","viewName":"sap.fe.templates.ObjectPage.ObjectPage","viewId":"rfm.transactionui::xRFMxCU_TransactionObjectPage","bindingPath":{"path":"/xRFMxCU_Transaction(TransactionId='897',IsActiveEntity=false)/_TransactionCFPart(TransactionId='897',CashFlowPartType='2',IsActiveEntity=false)","propertyPath":"__EntityControl/Updatable"}},"interaction":{"idSuffix":"inner"}},"clearTextFirst":true,"interactionType":"ENTER_TEXT"}]}
COMMAND: POST /session/73c71b9e7d936a0a1803ccb2dcb99096/execute/async - {"script":"<script> [21 bytes]","args":[{"selector":{"id":"rfm.transactionui::xRFMxCU_TransactionObjectPage--fe::FooterBar::StandardAction::Save","interaction":{"idSuffix":"BDI-content"}},"wdio_ui5_key":"rfmtransactionui::xRFMxCU_TransactionObjectPage--fe::FooterBar::StandardAction::Save"}]}
RESULT: {"script":"<script> [21 bytes]","args":[{"selector":{"id":"rfm.transactionui::xRFMxCU_TransactionObjectPage--fe::FooterBar::StandardAction::Save","interaction":{"idSuffix":"BDI-content"}},"wdio_ui5_key":"rfmtransactionui::xRFMxCU_TransactionObjectPage--fe::FooterBar::StandardAction::Save"}]}
RESULT: undefined
COMMAND: POST /session/73c71b9e7d936a0a1803ccb2dcb99096/element - {"using":"xpath","value":"//*[@id=\"rfm.transactionui::xRFMxCU_TransactionObjectPage--fe::FooterBar::StandardAction::Save\"]"}
RESULT: {"using":"xpath","value":"//*[@id=\"rfm.transactionui::xRFMxCU_TransactionObjectPage--fe::FooterBar::StandardAction::Save\"]"}
COMMAND: POST /session/73c71b9e7d936a0a1803ccb2dcb99096/element/f.FC2EA8830AA30A4050E5EB31FE862B44.d.6F15EC8FD18C7D8CD078A5E3CE5F82EE.e.2778/click - {}
RESULT: {}
COMMAND: POST /session/73c71b9e7d936a0a1803ccb2dcb99096/execute/async - {"script":"<script> [21 bytes]","args":[{"selector":{"id":"rfm.transactionui::xRFMxCU_TransactionObjectPage--fe::FooterBar::MessageButton-img"},"wdio_ui5_key":"rfmtransactionui::xRFMxCU_TransactionObjectPage--fe::FooterBar::MessageButton-img"}]}
COMMAND: GET /session/73c71b9e7d936a0a1803ccb2dcb99096/screenshot - {}
RESULT: {"script":"<script> [21 bytes]","args":[{"selector":{"id":"rfm.transactionui::xRFMxCU_TransactionObjectPage--fe::FooterBar::MessageButton-img"},"wdio_ui5_key":"rfmtransactionui::xRFMxCU_TransactionObjectPage--fe::FooterBar::MessageButton-img"}]}
RESULT: undefined
COMMAND: POST /session/73c71b9e7d936a0a1803ccb2dcb99096/execute/async - {"script":"<script> [21 bytes]","args":[{"selector":{"id":"rfm.transactionui::xRFMxCU_TransactionObjectPage--fe::DataFieldForAction::com.sap.gateway.srvd.rfm.ui_transaction.v0001.Fix::com.sap.gateway.srvd.rfm.ui_transaction.v0001.xRFMxCU_TransactionType","interaction":{"idSuffix":"BDI-content"}},"wdio_ui5_key":"rfmtransactionui::xRFMxCU_TransactionObjectPage--fe::DataFieldForAction::com.sap.gateway.srvd.rfm.ui_transaction.v0001.Fix::com.sap.gateway.srvd.rfm.ui_transaction.v0001.xRFMxCU_TransactionType"}]}
RESULT: {}
RESULT: {"script":"<script> [21 bytes]","args":[{"selector":{"id":"rfm.transactionui::xRFMxCU_TransactionObjectPage--fe::DataFieldForAction::com.sap.gateway.srvd.rfm.ui_transaction.v0001.Fix::com.sap.gateway.srvd.rfm.ui_transaction.v0001.xRFMxCU_TransactionType","interaction":{"idSuffix":"BDI-content"}},"wdio_ui5_key":"rfmtransactionui::xRFMxCU_TransactionObjectPage--fe::DataFieldForAction::com.sap.gateway.srvd.rfm.ui_transaction.v0001.Fix::com.sap.gateway.srvd.rfm.ui_transaction.v0001.xRFMxCU_TransactionType"}]}
RESULT: undefined
COMMAND: POST /session/73c71b9e7d936a0a1803ccb2dcb99096/element - {"using":"xpath","value":"//*[@id=\"rfm.transactionui::xRFMxCU_TransactionObjectPage--fe::DataFieldForAction::com.sap.gateway.srvd.rfm.ui_transaction.v0001.Fix::com.sap.gateway.srvd.rfm.ui_transaction.v0001.xRFMxCU_TransactionType\"]"}
RESULT: {"using":"xpath","value":"//*[@id=\"rfm.transactionui::xRFMxCU_TransactionObjectPage--fe::DataFieldForAction::com.sap.gateway.srvd.rfm.ui_transaction.v0001.Fix::com.sap.gateway.srvd.rfm.ui_transaction.v0001.xRFMxCU_TransactionType\"]"}
COMMAND: POST /session/73c71b9e7d936a0a1803ccb2dcb99096/element/f.FC2EA8830AA30A4050E5EB31FE862B44.d.6F15EC8FD18C7D8CD078A5E3CE5F82EE.e.2720/click - {}
RESULT: {}
COMMAND: GET /session/73c71b9e7d936a0a1803ccb2dcb99096/screenshot - {}
RESULT: {}
COMMAND: POST /session/73c71b9e7d936a0a1803ccb2dcb99096/execute/async - {"script":"<script> [21 bytes]","args":[{"selector":{"controlType":"sap.m.Text","properties":{"text":"Success"},"searchOpenDialogs":true},"wdio_ui5_key":"sapm.Text{\"text\":\"Success\"}"}]}
RESULT: {"script":"<script> [21 bytes]","args":[{"selector":{"controlType":"sap.m.Text","properties":{"text":"Success"},"searchOpenDialogs":true},"wdio_ui5_key":"sapm.Text{\"text\":\"Success\"}"}]}
RESULT: undefined
COMMAND: POST /session/73c71b9e7d936a0a1803ccb2dcb99096/execute/async - {"script":"<script> [21 bytes]","args":[{"element-6066-11e4-a52e-4f735466cecf":"f.FC2EA8830AA30A4050E5EB31FE862B44.d.6F15EC8FD18C7D8CD078A5E3CE5F82EE.e.2803"},"getText",[]]}
RESULT: {"script":"<script> [21 bytes]","args":[{"element-6066-11e4-a52e-4f735466cecf":"f.FC2EA8830AA30A4050E5EB31FE862B44.d.6F15EC8FD18C7D8CD078A5E3CE5F82EE.e.2803"},"getText",[]]}
COMMAND: POST /session/73c71b9e7d936a0a1803ccb2dcb99096/execute/async - {"script":"<script> [21 bytes]","args":[{"forceSelect":true,"selector":{"controlType":"sap.m.Button","properties":{"text":"Close"},"searchOpenDialogs":true,"interaction":{"idSuffix":"BDI-content"}},"wdio_ui5_key":"sapm.Button{\"text\":\"Close\"}"}]}
RESULT: {"script":"<script> [21 bytes]","args":[{"forceSelect":true,"selector":{"controlType":"sap.m.Button","properties":{"text":"Close"},"searchOpenDialogs":true,"interaction":{"idSuffix":"BDI-content"}},"wdio_ui5_key":"sapm.Button{\"text\":\"Close\"}"}]}
RESULT: undefined
COMMAND: POST /session/73c71b9e7d936a0a1803ccb2dcb99096/element - {"using":"xpath","value":"//*[@id=\"__button357\"]"}
RESULT: {"using":"xpath","value":"//*[@id=\"__button357\"]"}
COMMAND: POST /session/73c71b9e7d936a0a1803ccb2dcb99096/element/f.FC2EA8830AA30A4050E5EB31FE862B44.d.6F15EC8FD18C7D8CD078A5E3CE5F82EE.e.2805/click - {}
RESULT: {}
COMMAND: POST /session/73c71b9e7d936a0a1803ccb2dcb99096/execute/async - {"script":"<script> [21 bytes]","args":[{"selector":{"id":"rfm.transactionui::xRFMxCU_TransactionObjectPage--fe::DataFieldForAction::com.sap.gateway.srvd.rfm.ui_transaction.v0001.Accept::com.sap.gateway.srvd.rfm.ui_transaction.v0001.xRFMxCU_TransactionType","interaction":{"idSuffix":"BDI-content"}},"wdio_ui5_key":"rfmtransactionui::xRFMxCU_TransactionObjectPage--fe::DataFieldForAction::com.sap.gateway.srvd.rfm.ui_transaction.v0001.Accept::com.sap.gateway.srvd.rfm.ui_transaction.v0001.xRFMxCU_TransactionType"}]}
COMMAND: GET /session/73c71b9e7d936a0a1803ccb2dcb99096/screenshot - {}
RESULT: {"script":"<script> [21 bytes]","args":[{"selector":{"id":"rfm.transactionui::xRFMxCU_TransactionObjectPage--fe::DataFieldForAction::com.sap.gateway.srvd.rfm.ui_transaction.v0001.Accept::com.sap.gateway.srvd.rfm.ui_transaction.v0001.xRFMxCU_TransactionType","interaction":{"idSuffix":"BDI-content"}},"wdio_ui5_key":"rfmtransactionui::xRFMxCU_TransactionObjectPage--fe::DataFieldForAction::com.sap.gateway.srvd.rfm.ui_transaction.v0001.Accept::com.sap.gateway.srvd.rfm.ui_transaction.v0001.xRFMxCU_TransactionType"}]}
RESULT: undefined
COMMAND: POST /session/73c71b9e7d936a0a1803ccb2dcb99096/element - {"using":"xpath","value":"//*[@id=\"rfm.transactionui::xRFMxCU_TransactionObjectPage--fe::DataFieldForAction::com.sap.gateway.srvd.rfm.ui_transaction.v0001.Accept::com.sap.gateway.srvd.rfm.ui_transaction.v0001.xRFMxCU_TransactionType\"]"}
RESULT: {}
RESULT: {"using":"xpath","value":"//*[@id=\"rfm.transactionui::xRFMxCU_TransactionObjectPage--fe::DataFieldForAction::com.sap.gateway.srvd.rfm.ui_transaction.v0001.Accept::com.sap.gateway.srvd.rfm.ui_transaction.v0001.xRFMxCU_TransactionType\"]"}
COMMAND: POST /session/73c71b9e7d936a0a1803ccb2dcb99096/element/f.FC2EA8830AA30A4050E5EB31FE862B44.d.6F15EC8FD18C7D8CD078A5E3CE5F82EE.e.2807/click - {}
RESULT: {}
COMMAND: GET /session/73c71b9e7d936a0a1803ccb2dcb99096/screenshot - {}
RESULT: {}
COMMAND: POST /session/73c71b9e7d936a0a1803ccb2dcb99096/execute/async - {"script":"<script> [21 bytes]","args":[{"selector":{"id":"rfm.transactionui::xRFMxCU_TransactionObjectPage--fe::DataFieldForAction::com.sap.gateway.srvd.rfm.ui_transaction.v0001.Fund::com.sap.gateway.srvd.rfm.ui_transaction.v0001.xRFMxCU_TransactionType","interaction":{"idSuffix":"BDI-content"}},"wdio_ui5_key":"rfmtransactionui::xRFMxCU_TransactionObjectPage--fe::DataFieldForAction::com.sap.gateway.srvd.rfm.ui_transaction.v0001.Fund::com.sap.gateway.srvd.rfm.ui_transaction.v0001.xRFMxCU_TransactionType"}]}
RESULT: {"script":"<script> [21 bytes]","args":[{"selector":{"id":"rfm.transactionui::xRFMxCU_TransactionObjectPage--fe::DataFieldForAction::com.sap.gateway.srvd.rfm.ui_transaction.v0001.Fund::com.sap.gateway.srvd.rfm.ui_transaction.v0001.xRFMxCU_TransactionType","interaction":{"idSuffix":"BDI-content"}},"wdio_ui5_key":"rfmtransactionui::xRFMxCU_TransactionObjectPage--fe::DataFieldForAction::com.sap.gateway.srvd.rfm.ui_transaction.v0001.Fund::com.sap.gateway.srvd.rfm.ui_transaction.v0001.xRFMxCU_TransactionType"}]}
RESULT: undefined
COMMAND: POST /session/73c71b9e7d936a0a1803ccb2dcb99096/element - {"using":"xpath","value":"//*[@id=\"rfm.transactionui::xRFMxCU_TransactionObjectPage--fe::DataFieldForAction::com.sap.gateway.srvd.rfm.ui_transaction.v0001.Fund::com.sap.gateway.srvd.rfm.ui_transaction.v0001.xRFMxCU_TransactionType\"]"}
RESULT: {"using":"xpath","value":"//*[@id=\"rfm.transactionui::xRFMxCU_TransactionObjectPage--fe::DataFieldForAction::com.sap.gateway.srvd.rfm.ui_transaction.v0001.Fund::com.sap.gateway.srvd.rfm.ui_transaction.v0001.xRFMxCU_TransactionType\"]"}
COMMAND: POST /session/73c71b9e7d936a0a1803ccb2dcb99096/element/f.FC2EA8830AA30A4050E5EB31FE862B44.d.6F15EC8FD18C7D8CD078A5E3CE5F82EE.e.2812/click - {}
RESULT: {}
COMMAND: GET /session/73c71b9e7d936a0a1803ccb2dcb99096/screenshot - {}
RESULT: {}
COMMAND: POST /session/73c71b9e7d936a0a1803ccb2dcb99096/execute/async - {"script":"<script> [21 bytes]","args":[{"selector":{"controlType":"sap.m.AssociativeOverflowToolbar","properties":{"active":false},"searchOpenDialogs":true},"wdio_ui5_key":"sapm.AssociativeOverflowToolbar{\"active\":false}"}]}
RESULT: {"script":"<script> [21 bytes]","args":[{"selector":{"controlType":"sap.m.AssociativeOverflowToolbar","properties":{"active":false},"searchOpenDialogs":true},"wdio_ui5_key":"sapm.AssociativeOverflowToolbar{\"active\":false}"}]}
RESULT: undefined
COMMAND: POST /session/73c71b9e7d936a0a1803ccb2dcb99096/element - {"using":"xpath","value":"//*[@id=\"__confirm1-footer\"]"}
RESULT: {"using":"xpath","value":"//*[@id=\"__confirm1-footer\"]"}
COMMAND: POST /session/73c71b9e7d936a0a1803ccb2dcb99096/element/f.FC2EA8830AA30A4050E5EB31FE862B44.d.6F15EC8FD18C7D8CD078A5E3CE5F82EE.e.2816/click - {}
RESULT: {}
COMMAND: GET /session/73c71b9e7d936a0a1803ccb2dcb99096/screenshot - {}
RESULT: {}
COMMAND: POST /session/73c71b9e7d936a0a1803ccb2dcb99096/execute/async - {"script":"<script> [21 bytes]","args":[{"forceSelect":true,"selector":{"controlType":"sap.m.Button","properties":{"text":"OK"},"searchOpenDialogs":true},"wdio_ui5_key":"sapm.Button{\"text\":\"OK\"}"}]}
RESULT: {"script":"<script> [21 bytes]","args":[{"forceSelect":true,"selector":{"controlType":"sap.m.Button","properties":{"text":"OK"},"searchOpenDialogs":true},"wdio_ui5_key":"sapm.Button{\"text\":\"OK\"}"}]}
RESULT: undefined
COMMAND: POST /session/73c71b9e7d936a0a1803ccb2dcb99096/element - {"using":"xpath","value":"//*[@id=\"__mbox-btn-2\"]"}
RESULT: {"using":"xpath","value":"//*[@id=\"__mbox-btn-2\"]"}
COMMAND: POST /session/73c71b9e7d936a0a1803ccb2dcb99096/element/f.FC2EA8830AA30A4050E5EB31FE862B44.d.6F15EC8FD18C7D8CD078A5E3CE5F82EE.e.2814/click - {}
RESULT: {}
COMMAND: POST /session/73c71b9e7d936a0a1803ccb2dcb99096/element - {"using":"xpath","value":"//*[@id=\"__mbox-btn-2\"]"}
COMMAND: GET /session/73c71b9e7d936a0a1803ccb2dcb99096/screenshot - {}
RESULT: {"using":"xpath","value":"//*[@id=\"__mbox-btn-2\"]"}
COMMAND: POST /session/73c71b9e7d936a0a1803ccb2dcb99096/element/f.FC2EA8830AA30A4050E5EB31FE862B44.d.6F15EC8FD18C7D8CD078A5E3CE5F82EE.e.2814/click - {}
RESULT: {}
RESULT: {}
COMMAND: GET /session/73c71b9e7d936a0a1803ccb2dcb99096/screenshot - {}
RESULT: {}
RESULT: undefined
COMMAND: POST /session/73c71b9e7d936a0a1803ccb2dcb99096/element/f.FC2EA8830AA30A4050E5EB31FE862B44.d.6F15EC8FD18C7D8CD078A5E3CE5F82EE.e.2576/click - {}
COMMAND: POST /session/73c71b9e7d936a0a1803ccb2dcb99096/element/f.FC2EA8830AA30A4050E5EB31FE862B44.d.6F15EC8FD18C7D8CD078A5E3CE5F82EE.e.2576/click - {}
COMMAND: GET /session/73c71b9e7d936a0a1803ccb2dcb99096/screenshot - {}
RESULT: {}
COMMAND: GET /session/73c71b9e7d936a0a1803ccb2dcb99096/screenshot - {}
]]></system-out>
    </testcase>
    <testcase classname="chrome.138_0_7204_169.windows.Buyback" name="Should create a Buyback" time="52.107">
      <system-out><![CDATA[
COMMAND: POST /session/73c71b9e7d936a0a1803ccb2dcb99096/execute/async - {"script":"<script> [21 bytes]","args":[{"selector":{"controlType":"sap.m.GenericTile","properties":{"header":"Buyback"}},"wdio_ui5_key":"sapm.GenericTile{\"header\":\"Buyback\"}"}]}
RESULT: {}
COMMAND: GET /session/73c71b9e7d936a0a1803ccb2dcb99096/screenshot - {}
RESULT: {}
RESULT: {}
RESULT: {"script":"<script> [21 bytes]","args":[{"selector":{"controlType":"sap.m.GenericTile","properties":{"header":"Buyback"}},"wdio_ui5_key":"sapm.GenericTile{\"header\":\"Buyback\"}"}]}
RESULT: undefined
COMMAND: POST /session/73c71b9e7d936a0a1803ccb2dcb99096/element - {"using":"xpath","value":"//*[@id=\"__tile46\"]"}
RESULT: {}
RESULT: {"using":"xpath","value":"//*[@id=\"__tile46\"]"}
COMMAND: POST /session/73c71b9e7d936a0a1803ccb2dcb99096/element/f.FC2EA8830AA30A4050E5EB31FE862B44.d.6F15EC8FD18C7D8CD078A5E3CE5F82EE.e.2869/click - {}
RESULT: {}
COMMAND: POST /session/73c71b9e7d936a0a1803ccb2dcb99096/execute/async - {"script":"<script> [21 bytes]","args":[{"selector":{"id":"rfm.buybackui::xRFMxCU_BuybackList--fe::table::allTab::LineItem::StandardAction::Create"},"wdio_ui5_key":"rfmbuybackui::xRFMxCU_BuybackList--fe::table::allTab::LineItem::StandardAction::Create"}]}
COMMAND: GET /session/73c71b9e7d936a0a1803ccb2dcb99096/screenshot - {}
RESULT: {"script":"<script> [21 bytes]","args":[{"selector":{"id":"rfm.buybackui::xRFMxCU_BuybackList--fe::table::allTab::LineItem::StandardAction::Create"},"wdio_ui5_key":"rfmbuybackui::xRFMxCU_BuybackList--fe::table::allTab::LineItem::StandardAction::Create"}]}
RESULT: undefined
COMMAND: POST /session/73c71b9e7d936a0a1803ccb2dcb99096/element - {"using":"xpath","value":"//*[@id=\"rfm.buybackui::xRFMxCU_BuybackList--fe::table::allTab::LineItem::StandardAction::Create\"]"}
RESULT: {}
RESULT: {"using":"xpath","value":"//*[@id=\"rfm.buybackui::xRFMxCU_BuybackList--fe::table::allTab::LineItem::StandardAction::Create\"]"}
COMMAND: POST /session/73c71b9e7d936a0a1803ccb2dcb99096/element/f.FC2EA8830AA30A4050E5EB31FE862B44.d.6F15EC8FD18C7D8CD078A5E3CE5F82EE.e.2924/click - {}
RESULT: {}
COMMAND: GET /session/73c71b9e7d936a0a1803ccb2dcb99096/screenshot - {}
RESULT: {}
COMMAND: POST /session/73c71b9e7d936a0a1803ccb2dcb99096/execute/async - {"script":"<script> [21 bytes]","args":[{"selector":{"id":"CreateDialog::xRFMxCU_BuybackType::TransactionId-inner-vhi","searchOpenDialogs":true},"wdio_ui5_key":"CreateDialogxRFMxCU_BuybackType::TransactionId-inner-vhi"}]}
RESULT: {"script":"<script> [21 bytes]","args":[{"selector":{"id":"CreateDialog::xRFMxCU_BuybackType::TransactionId-inner-vhi","searchOpenDialogs":true},"wdio_ui5_key":"CreateDialogxRFMxCU_BuybackType::TransactionId-inner-vhi"}]}
RESULT: undefined
COMMAND: POST /session/73c71b9e7d936a0a1803ccb2dcb99096/element - {"using":"xpath","value":"//*[@id=\"CreateDialog::xRFMxCU_BuybackType::TransactionId-inner-vhi\"]"}
RESULT: {"using":"xpath","value":"//*[@id=\"CreateDialog::xRFMxCU_BuybackType::TransactionId-inner-vhi\"]"}
COMMAND: POST /session/73c71b9e7d936a0a1803ccb2dcb99096/element/f.FC2EA8830AA30A4050E5EB31FE862B44.d.6F15EC8FD18C7D8CD078A5E3CE5F82EE.e.3106/click - {}
RESULT: {}
COMMAND: GET /session/73c71b9e7d936a0a1803ccb2dcb99096/screenshot - {}
RESULT: {}
COMMAND: POST /session/73c71b9e7d936a0a1803ccb2dcb99096/execute/async - {"script":"<script> [21 bytes]","args":[{"selector":{"id":"TransactionId::VH::Dialog::qualifier::-search-inner","searchOpenDialogs":true,"interaction":{"idSuffix":"I"}},"wdio_ui5_key":"TransactionIdVH::Dialog::qualifier::-search-inner"}]}
RESULT: {"script":"<script> [21 bytes]","args":[{"selector":{"id":"TransactionId::VH::Dialog::qualifier::-search-inner","searchOpenDialogs":true,"interaction":{"idSuffix":"I"}},"wdio_ui5_key":"TransactionIdVH::Dialog::qualifier::-search-inner"}]}
RESULT: undefined
COMMAND: POST /session/73c71b9e7d936a0a1803ccb2dcb99096/execute/async - {"script":"<script> [20 bytes]","args":[{"enterText":"897","selector":{"id":"TransactionId::VH::Dialog::qualifier::-search-inner","searchOpenDialogs":true,"interaction":{"idSuffix":"I"}},"clearTextFirst":true,"interactionType":"ENTER_TEXT"}]}
RESULT: {"script":"<script> [20 bytes]","args":[{"enterText":"897","selector":{"id":"TransactionId::VH::Dialog::qualifier::-search-inner","searchOpenDialogs":true,"interaction":{"idSuffix":"I"}},"clearTextFirst":true,"interactionType":"ENTER_TEXT"}]}
COMMAND: POST /session/73c71b9e7d936a0a1803ccb2dcb99096/execute/async - {"script":"<script> [21 bytes]","args":[{"selector":{"controlType":"sap.fe.macros.controls.FieldWrapper","viewName":"sap.fe.templates.ObjectPage.ObjectPage","viewId":"rfm.buybackui::xRFMxCU_BuybackObjectPage","searchOpenDialogs":true,"descendant":{"controlType":"sap.m.Text","viewName":"sap.fe.templates.ObjectPage.ObjectPage","viewId":"rfm.buybackui::xRFMxCU_BuybackObjectPage","bindingPath":{"path":"/xRFMxCH_TransactionName('897')","propertyPath":"TransactionId"},"searchOpenDialogs":true}},"wdio_ui5_key":"sapfe.templates.ObjectPage.ObjectPagesap.fe.macros.controls.FieldWrapper{\"controlType\":\"sap.m.Text\",\"viewName\":\"sap.fe.templates.ObjectPage.ObjectPage\",\"viewId\":\"rfm.buybackui::xRFMxCU_BuybackObjectPage\",\"bindingPath\":{\"path\":\"/xRFMxCH_TransactionName('897')\",\"propertyPath\":\"TransactionId\"},\"searchOpenDialogs\":true}"}]}
RESULT: {"script":"<script> [21 bytes]","args":[{"selector":{"controlType":"sap.fe.macros.controls.FieldWrapper","viewName":"sap.fe.templates.ObjectPage.ObjectPage","viewId":"rfm.buybackui::xRFMxCU_BuybackObjectPage","searchOpenDialogs":true,"descendant":{"controlType":"sap.m.Text","viewName":"sap.fe.templates.ObjectPage.ObjectPage","viewId":"rfm.buybackui::xRFMxCU_BuybackObjectPage","bindingPath":{"path":"/xRFMxCH_TransactionName('897')","propertyPath":"TransactionId"},"searchOpenDialogs":true}},"wdio_ui5_key":"sapfe.templates.ObjectPage.ObjectPagesap.fe.macros.controls.FieldWrapper{\"controlType\":\"sap.m.Text\",\"viewName\":\"sap.fe.templates.ObjectPage.ObjectPage\",\"viewId\":\"rfm.buybackui::xRFMxCU_BuybackObjectPage\",\"bindingPath\":{\"path\":\"/xRFMxCH_TransactionName('897')\",\"propertyPath\":\"TransactionId\"},\"searchOpenDialogs\":true}"}]}
RESULT: undefined
COMMAND: POST /session/73c71b9e7d936a0a1803ccb2dcb99096/element - {"using":"xpath","value":"//*[@id=\"__wrapper333-__clone3440-__clone3442\"]"}
RESULT: {"using":"xpath","value":"//*[@id=\"__wrapper333-__clone3440-__clone3442\"]"}
COMMAND: POST /session/73c71b9e7d936a0a1803ccb2dcb99096/element/f.FC2EA8830AA30A4050E5EB31FE862B44.d.6F15EC8FD18C7D8CD078A5E3CE5F82EE.e.3115/click - {}
RESULT: {}
COMMAND: POST /session/73c71b9e7d936a0a1803ccb2dcb99096/execute/async - {"script":"<script> [21 bytes]","args":[{"selector":{"id":"CreateDialog::xRFMxCU_BuybackType::CalculationDate-inner","searchOpenDialogs":true,"interaction":{"idSuffix":"inner"}},"wdio_ui5_key":"CreateDialogxRFMxCU_BuybackType::CalculationDate-inner"}]}
COMMAND: GET /session/73c71b9e7d936a0a1803ccb2dcb99096/screenshot - {}
RESULT: {"script":"<script> [21 bytes]","args":[{"selector":{"id":"CreateDialog::xRFMxCU_BuybackType::CalculationDate-inner","searchOpenDialogs":true,"interaction":{"idSuffix":"inner"}},"wdio_ui5_key":"CreateDialogxRFMxCU_BuybackType::CalculationDate-inner"}]}
RESULT: undefined
COMMAND: POST /session/73c71b9e7d936a0a1803ccb2dcb99096/execute/async - {"script":"<script> [20 bytes]","args":[{"enterText":"01/01/2025","selector":{"id":"CreateDialog::xRFMxCU_BuybackType::CalculationDate-inner","searchOpenDialogs":true,"interaction":{"idSuffix":"inner"}},"clearTextFirst":true,"interactionType":"ENTER_TEXT"}]}
RESULT: {}
RESULT: {"script":"<script> [20 bytes]","args":[{"enterText":"01/01/2025","selector":{"id":"CreateDialog::xRFMxCU_BuybackType::CalculationDate-inner","searchOpenDialogs":true,"interaction":{"idSuffix":"inner"}},"clearTextFirst":true,"interactionType":"ENTER_TEXT"}]}
COMMAND: POST /session/73c71b9e7d936a0a1803ccb2dcb99096/execute/async - {"script":"<script> [21 bytes]","args":[{"selector":{"id":"CreateDialog::xRFMxCU_BuybackType::CalculdationDateIncluded-inner","searchOpenDialogs":true,"interaction":{"idSuffix":"inner"}},"wdio_ui5_key":"CreateDialogxRFMxCU_BuybackType::CalculdationDateIncluded-inner"}]}
RESULT: {"script":"<script> [21 bytes]","args":[{"selector":{"id":"CreateDialog::xRFMxCU_BuybackType::CalculdationDateIncluded-inner","searchOpenDialogs":true,"interaction":{"idSuffix":"inner"}},"wdio_ui5_key":"CreateDialogxRFMxCU_BuybackType::CalculdationDateIncluded-inner"}]}
RESULT: undefined
COMMAND: POST /session/73c71b9e7d936a0a1803ccb2dcb99096/execute/async - {"script":"<script> [20 bytes]","args":[{"enterText":"Yes","selector":{"id":"CreateDialog::xRFMxCU_BuybackType::CalculdationDateIncluded-inner","searchOpenDialogs":true,"interaction":{"idSuffix":"inner"}},"clearTextFirst":true,"interactionType":"ENTER_TEXT"}]}
RESULT: {"script":"<script> [20 bytes]","args":[{"enterText":"Yes","selector":{"id":"CreateDialog::xRFMxCU_BuybackType::CalculdationDateIncluded-inner","searchOpenDialogs":true,"interaction":{"idSuffix":"inner"}},"clearTextFirst":true,"interactionType":"ENTER_TEXT"}]}
COMMAND: POST /session/73c71b9e7d936a0a1803ccb2dcb99096/execute/async - {"script":"<script> [21 bytes]","args":[{"forceSelect":true,"selector":{"controlType":"sap.m.Button","properties":{"text":"Continue"},"searchOpenDialogs":true},"wdio_ui5_key":"sapm.Button{\"text\":\"Continue\"}"}]}
RESULT: {"script":"<script> [21 bytes]","args":[{"forceSelect":true,"selector":{"controlType":"sap.m.Button","properties":{"text":"Continue"},"searchOpenDialogs":true},"wdio_ui5_key":"sapm.Button{\"text\":\"Continue\"}"}]}
RESULT: undefined
COMMAND: POST /session/73c71b9e7d936a0a1803ccb2dcb99096/element - {"using":"xpath","value":"//*[@id=\"__button390\"]"}
RESULT: {"using":"xpath","value":"//*[@id=\"__button390\"]"}
COMMAND: POST /session/73c71b9e7d936a0a1803ccb2dcb99096/element/f.FC2EA8830AA30A4050E5EB31FE862B44.d.6F15EC8FD18C7D8CD078A5E3CE5F82EE.e.3119/click - {}
RESULT: {}
COMMAND: GET /session/73c71b9e7d936a0a1803ccb2dcb99096/screenshot - {}
RESULT: {}
COMMAND: POST /session/73c71b9e7d936a0a1803ccb2dcb99096/execute/async - {"script":"<script> [21 bytes]","args":[{"selector":{"id":"rfm.buybackui::xRFMxCU_BuybackObjectPage--fe::FormContainer::FieldGroup::buybackDetailsGP1::FormElement::DataField::DueDate::Field-edit","interaction":{"idSuffix":"inner"}},"wdio_ui5_key":"rfmbuybackui::xRFMxCU_BuybackObjectPage--fe::FormContainer::FieldGroup::buybackDetailsGP1::FormElement::DataField::DueDate::Field-edit"}]}
RESULT: {"script":"<script> [21 bytes]","args":[{"selector":{"id":"rfm.buybackui::xRFMxCU_BuybackObjectPage--fe::FormContainer::FieldGroup::buybackDetailsGP1::FormElement::DataField::DueDate::Field-edit","interaction":{"idSuffix":"inner"}},"wdio_ui5_key":"rfmbuybackui::xRFMxCU_BuybackObjectPage--fe::FormContainer::FieldGroup::buybackDetailsGP1::FormElement::DataField::DueDate::Field-edit"}]}
RESULT: undefined
COMMAND: POST /session/73c71b9e7d936a0a1803ccb2dcb99096/execute/async - {"script":"<script> [20 bytes]","args":[{"enterText":"02/01/2025","selector":{"id":"rfm.buybackui::xRFMxCU_BuybackObjectPage--fe::FormContainer::FieldGroup::buybackDetailsGP1::FormElement::DataField::DueDate::Field-edit","interaction":{"idSuffix":"inner"}},"clearTextFirst":true,"interactionType":"ENTER_TEXT"}]}
RESULT: {"script":"<script> [20 bytes]","args":[{"enterText":"02/01/2025","selector":{"id":"rfm.buybackui::xRFMxCU_BuybackObjectPage--fe::FormContainer::FieldGroup::buybackDetailsGP1::FormElement::DataField::DueDate::Field-edit","interaction":{"idSuffix":"inner"}},"clearTextFirst":true,"interactionType":"ENTER_TEXT"}]}
COMMAND: POST /session/73c71b9e7d936a0a1803ccb2dcb99096/execute/async - {"script":"<script> [21 bytes]","args":[{"selector":{"id":"rfm.buybackui::xRFMxCU_BuybackObjectPage--fe::FormContainer::FieldGroup::buybackDetailsGP1::FormElement::DataField::PaymentDate::Field-edit","interaction":{"idSuffix":"inner"}},"wdio_ui5_key":"rfmbuybackui::xRFMxCU_BuybackObjectPage--fe::FormContainer::FieldGroup::buybackDetailsGP1::FormElement::DataField::PaymentDate::Field-edit"}]}
RESULT: {"script":"<script> [21 bytes]","args":[{"selector":{"id":"rfm.buybackui::xRFMxCU_BuybackObjectPage--fe::FormContainer::FieldGroup::buybackDetailsGP1::FormElement::DataField::PaymentDate::Field-edit","interaction":{"idSuffix":"inner"}},"wdio_ui5_key":"rfmbuybackui::xRFMxCU_BuybackObjectPage--fe::FormContainer::FieldGroup::buybackDetailsGP1::FormElement::DataField::PaymentDate::Field-edit"}]}
RESULT: undefined
COMMAND: POST /session/73c71b9e7d936a0a1803ccb2dcb99096/execute/async - {"script":"<script> [20 bytes]","args":[{"enterText":"02/01/2025","selector":{"id":"rfm.buybackui::xRFMxCU_BuybackObjectPage--fe::FormContainer::FieldGroup::buybackDetailsGP1::FormElement::DataField::PaymentDate::Field-edit","interaction":{"idSuffix":"inner"}},"clearTextFirst":true,"interactionType":"ENTER_TEXT"}]}
RESULT: {"script":"<script> [20 bytes]","args":[{"enterText":"02/01/2025","selector":{"id":"rfm.buybackui::xRFMxCU_BuybackObjectPage--fe::FormContainer::FieldGroup::buybackDetailsGP1::FormElement::DataField::PaymentDate::Field-edit","interaction":{"idSuffix":"inner"}},"clearTextFirst":true,"interactionType":"ENTER_TEXT"}]}
COMMAND: POST /session/73c71b9e7d936a0a1803ccb2dcb99096/execute/async - {"script":"<script> [21 bytes]","args":[{"selector":{"id":"rfm.buybackui::xRFMxCU_BuybackObjectPage--fe::FormContainer::FieldGroup::buybackDetailsGP1::FormElement::DataField::PostDate::Field-edit","interaction":{"idSuffix":"inner"}},"wdio_ui5_key":"rfmbuybackui::xRFMxCU_BuybackObjectPage--fe::FormContainer::FieldGroup::buybackDetailsGP1::FormElement::DataField::PostDate::Field-edit"}]}
RESULT: {"script":"<script> [21 bytes]","args":[{"selector":{"id":"rfm.buybackui::xRFMxCU_BuybackObjectPage--fe::FormContainer::FieldGroup::buybackDetailsGP1::FormElement::DataField::PostDate::Field-edit","interaction":{"idSuffix":"inner"}},"wdio_ui5_key":"rfmbuybackui::xRFMxCU_BuybackObjectPage--fe::FormContainer::FieldGroup::buybackDetailsGP1::FormElement::DataField::PostDate::Field-edit"}]}
RESULT: undefined
COMMAND: POST /session/73c71b9e7d936a0a1803ccb2dcb99096/execute/async - {"script":"<script> [20 bytes]","args":[{"enterText":"02/01/2025","selector":{"id":"rfm.buybackui::xRFMxCU_BuybackObjectPage--fe::FormContainer::FieldGroup::buybackDetailsGP1::FormElement::DataField::PostDate::Field-edit","interaction":{"idSuffix":"inner"}},"clearTextFirst":true,"interactionType":"ENTER_TEXT"}]}
RESULT: {"script":"<script> [20 bytes]","args":[{"enterText":"02/01/2025","selector":{"id":"rfm.buybackui::xRFMxCU_BuybackObjectPage--fe::FormContainer::FieldGroup::buybackDetailsGP1::FormElement::DataField::PostDate::Field-edit","interaction":{"idSuffix":"inner"}},"clearTextFirst":true,"interactionType":"ENTER_TEXT"}]}
COMMAND: POST /session/73c71b9e7d936a0a1803ccb2dcb99096/execute/async - {"script":"<script> [21 bytes]","args":[{"selector":{"id":"rfm.buybackui::xRFMxCU_BuybackObjectPage--fe::FormContainer::FieldGroup::buybackDetailsGP1::FormElement::DataField::Purpose::Field-edit","interaction":{"idSuffix":"inner"}},"wdio_ui5_key":"rfmbuybackui::xRFMxCU_BuybackObjectPage--fe::FormContainer::FieldGroup::buybackDetailsGP1::FormElement::DataField::Purpose::Field-edit"}]}
RESULT: {"script":"<script> [21 bytes]","args":[{"selector":{"id":"rfm.buybackui::xRFMxCU_BuybackObjectPage--fe::FormContainer::FieldGroup::buybackDetailsGP1::FormElement::DataField::Purpose::Field-edit","interaction":{"idSuffix":"inner"}},"wdio_ui5_key":"rfmbuybackui::xRFMxCU_BuybackObjectPage--fe::FormContainer::FieldGroup::buybackDetailsGP1::FormElement::DataField::Purpose::Field-edit"}]}
RESULT: undefined
COMMAND: POST /session/73c71b9e7d936a0a1803ccb2dcb99096/execute/async - {"script":"<script> [20 bytes]","args":[{"enterText":"WDIO_Buyback_2025-08-07_22-52-41","selector":{"id":"rfm.buybackui::xRFMxCU_BuybackObjectPage--fe::FormContainer::FieldGroup::buybackDetailsGP1::FormElement::DataField::Purpose::Field-edit","interaction":{"idSuffix":"inner"}},"clearTextFirst":true,"interactionType":"ENTER_TEXT"}]}
RESULT: {"script":"<script> [20 bytes]","args":[{"enterText":"WDIO_Buyback_2025-08-07_22-52-41","selector":{"id":"rfm.buybackui::xRFMxCU_BuybackObjectPage--fe::FormContainer::FieldGroup::buybackDetailsGP1::FormElement::DataField::Purpose::Field-edit","interaction":{"idSuffix":"inner"}},"clearTextFirst":true,"interactionType":"ENTER_TEXT"}]}
COMMAND: POST /session/73c71b9e7d936a0a1803ccb2dcb99096/execute/async - {"script":"<script> [21 bytes]","args":[{"selector":{"id":"rfm.buybackui::xRFMxCU_BuybackObjectPage--fe::FormContainer::FieldGroup::buybackDetailsGP1::FormElement::DataField::InterestCalculationMethod::Field-edit-inner-vhi"},"wdio_ui5_key":"rfmbuybackui::xRFMxCU_BuybackObjectPage--fe::FormContainer::FieldGroup::buybackDetailsGP1::FormElement::DataField::InterestCalculationMethod::Field-edit-inner-vhi"}]}
RESULT: {"script":"<script> [21 bytes]","args":[{"selector":{"id":"rfm.buybackui::xRFMxCU_BuybackObjectPage--fe::FormContainer::FieldGroup::buybackDetailsGP1::FormElement::DataField::InterestCalculationMethod::Field-edit-inner-vhi"},"wdio_ui5_key":"rfmbuybackui::xRFMxCU_BuybackObjectPage--fe::FormContainer::FieldGroup::buybackDetailsGP1::FormElement::DataField::InterestCalculationMethod::Field-edit-inner-vhi"}]}
RESULT: undefined
COMMAND: POST /session/73c71b9e7d936a0a1803ccb2dcb99096/element - {"using":"xpath","value":"//*[@id=\"rfm.buybackui::xRFMxCU_BuybackObjectPage--fe::FormContainer::FieldGroup::buybackDetailsGP1::FormElement::DataField::InterestCalculationMethod::Field-edit-inner-vhi\"]"}
RESULT: {"using":"xpath","value":"//*[@id=\"rfm.buybackui::xRFMxCU_BuybackObjectPage--fe::FormContainer::FieldGroup::buybackDetailsGP1::FormElement::DataField::InterestCalculationMethod::Field-edit-inner-vhi\"]"}
COMMAND: POST /session/73c71b9e7d936a0a1803ccb2dcb99096/element/f.FC2EA8830AA30A4050E5EB31FE862B44.d.6F15EC8FD18C7D8CD078A5E3CE5F82EE.e.3143/click - {}
RESULT: {}
COMMAND: POST /session/73c71b9e7d936a0a1803ccb2dcb99096/execute/async - {"script":"<script> [21 bytes]","args":[{"selector":{"id":"rfm.buybackui::xRFMxCU_BuybackObjectPage--fe::FormContainer::FieldGroup::buybackDetailsGP1::FormElement::DataField::InterestCalculationType::Field-edit-inner-vhi"},"wdio_ui5_key":"rfmbuybackui::xRFMxCU_BuybackObjectPage--fe::FormContainer::FieldGroup::buybackDetailsGP1::FormElement::DataField::InterestCalculationType::Field-edit-inner-vhi"}]}
COMMAND: GET /session/73c71b9e7d936a0a1803ccb2dcb99096/screenshot - {}
RESULT: {"script":"<script> [21 bytes]","args":[{"selector":{"id":"rfm.buybackui::xRFMxCU_BuybackObjectPage--fe::FormContainer::FieldGroup::buybackDetailsGP1::FormElement::DataField::InterestCalculationType::Field-edit-inner-vhi"},"wdio_ui5_key":"rfmbuybackui::xRFMxCU_BuybackObjectPage--fe::FormContainer::FieldGroup::buybackDetailsGP1::FormElement::DataField::InterestCalculationType::Field-edit-inner-vhi"}]}
RESULT: undefined
COMMAND: POST /session/73c71b9e7d936a0a1803ccb2dcb99096/element - {"using":"xpath","value":"//*[@id=\"rfm.buybackui::xRFMxCU_BuybackObjectPage--fe::FormContainer::FieldGroup::buybackDetailsGP1::FormElement::DataField::InterestCalculationType::Field-edit-inner-vhi\"]"}
RESULT: {}
RESULT: {"using":"xpath","value":"//*[@id=\"rfm.buybackui::xRFMxCU_BuybackObjectPage--fe::FormContainer::FieldGroup::buybackDetailsGP1::FormElement::DataField::InterestCalculationType::Field-edit-inner-vhi\"]"}
COMMAND: POST /session/73c71b9e7d936a0a1803ccb2dcb99096/element/f.FC2EA8830AA30A4050E5EB31FE862B44.d.6F15EC8FD18C7D8CD078A5E3CE5F82EE.e.3145/click - {}
RESULT: {}
COMMAND: POST /session/73c71b9e7d936a0a1803ccb2dcb99096/execute/async - {"script":"<script> [21 bytes]","args":[{"selector":{"id":"rfm.buybackui::xRFMxCU_BuybackObjectPage--fe::FooterBar::StandardAction::Save","interaction":{"idSuffix":"BDI-content"}},"wdio_ui5_key":"rfmbuybackui::xRFMxCU_BuybackObjectPage--fe::FooterBar::StandardAction::Save"}]}
COMMAND: GET /session/73c71b9e7d936a0a1803ccb2dcb99096/screenshot - {}
RESULT: {"script":"<script> [21 bytes]","args":[{"selector":{"id":"rfm.buybackui::xRFMxCU_BuybackObjectPage--fe::FooterBar::StandardAction::Save","interaction":{"idSuffix":"BDI-content"}},"wdio_ui5_key":"rfmbuybackui::xRFMxCU_BuybackObjectPage--fe::FooterBar::StandardAction::Save"}]}
RESULT: undefined
COMMAND: POST /session/73c71b9e7d936a0a1803ccb2dcb99096/element - {"using":"xpath","value":"//*[@id=\"rfm.buybackui::xRFMxCU_BuybackObjectPage--fe::FooterBar::StandardAction::Save\"]"}
RESULT: {}
RESULT: {"using":"xpath","value":"//*[@id=\"rfm.buybackui::xRFMxCU_BuybackObjectPage--fe::FooterBar::StandardAction::Save\"]"}
COMMAND: POST /session/73c71b9e7d936a0a1803ccb2dcb99096/element/f.FC2EA8830AA30A4050E5EB31FE862B44.d.6F15EC8FD18C7D8CD078A5E3CE5F82EE.e.3147/click - {}
RESULT: {}
COMMAND: POST /session/73c71b9e7d936a0a1803ccb2dcb99096/execute/async - {"script":"<script> [21 bytes]","args":[{"selector":{"id":"rfm.buybackui::xRFMxCU_BuybackObjectPage--fe::FooterBar::MessageButton-img"},"wdio_ui5_key":"rfmbuybackui::xRFMxCU_BuybackObjectPage--fe::FooterBar::MessageButton-img"}]}
COMMAND: GET /session/73c71b9e7d936a0a1803ccb2dcb99096/screenshot - {}
RESULT: {"script":"<script> [21 bytes]","args":[{"selector":{"id":"rfm.buybackui::xRFMxCU_BuybackObjectPage--fe::FooterBar::MessageButton-img"},"wdio_ui5_key":"rfmbuybackui::xRFMxCU_BuybackObjectPage--fe::FooterBar::MessageButton-img"}]}
RESULT: undefined
COMMAND: GET /session/73c71b9e7d936a0a1803ccb2dcb99096/url - {}
RESULT: {}
RESULT: {}
COMMAND: GET /session/73c71b9e7d936a0a1803ccb2dcb99096/screenshot - {}
]]></system-out>
    </testcase>
    <testcase classname="chrome.138_0_7204_169.windows.Buyback" name="Should check if the right transaction is present and navigate to it" time="31.245">
      <system-out><![CDATA[
COMMAND: GET /session/73c71b9e7d936a0a1803ccb2dcb99096/screenshot - {}
COMMAND: POST /session/73c71b9e7d936a0a1803ccb2dcb99096/execute/async - {"script":"<script> [21 bytes]","args":[{"selector":{"id":"rfm.buybackui::xRFMxCU_BuybackObjectPage--fe::ObjectPage-anchBar-rfm.buybackui::xRFMxCU_BuybackObjectPage--fe::FacetSection::TransactionDetails-anchor"},"wdio_ui5_key":"rfmbuybackui::xRFMxCU_BuybackObjectPage--fe::ObjectPage-anchBar-rfm.buybackui::xRFMxCU_BuybackObjectPage--fe::FacetSection::TransactionDetails-anchor"}]}
RESULT: {}
RESULT: {}
RESULT: {"script":"<script> [21 bytes]","args":[{"selector":{"id":"rfm.buybackui::xRFMxCU_BuybackObjectPage--fe::ObjectPage-anchBar-rfm.buybackui::xRFMxCU_BuybackObjectPage--fe::FacetSection::TransactionDetails-anchor"},"wdio_ui5_key":"rfmbuybackui::xRFMxCU_BuybackObjectPage--fe::ObjectPage-anchBar-rfm.buybackui::xRFMxCU_BuybackObjectPage--fe::FacetSection::TransactionDetails-anchor"}]}
RESULT: undefined
COMMAND: POST /session/73c71b9e7d936a0a1803ccb2dcb99096/element - {"using":"xpath","value":"//*[@id=\"rfm.buybackui::xRFMxCU_BuybackObjectPage--fe::ObjectPage-anchBar-rfm.buybackui::xRFMxCU_BuybackObjectPage--fe::FacetSection::TransactionDetails-anchor\"]"}
RESULT: {"using":"xpath","value":"//*[@id=\"rfm.buybackui::xRFMxCU_BuybackObjectPage--fe::ObjectPage-anchBar-rfm.buybackui::xRFMxCU_BuybackObjectPage--fe::FacetSection::TransactionDetails-anchor\"]"}
COMMAND: POST /session/73c71b9e7d936a0a1803ccb2dcb99096/element/f.FC2EA8830AA30A4050E5EB31FE862B44.d.6F15EC8FD18C7D8CD078A5E3CE5F82EE.e.3171/click - {}
RESULT: {}
COMMAND: POST /session/73c71b9e7d936a0a1803ccb2dcb99096/execute/async - {"script":"<script> [21 bytes]","args":[{"selector":{"id":"rfm.buybackui::xRFMxCU_BuybackObjectPage--fe::FormContainer::FieldGroup::transactionDetailsGP1::FormElement::DataFieldWithIntentBasedNavigation::TransactionId::FundingTransaction::Manage::Field-display"},"wdio_ui5_key":"rfmbuybackui::xRFMxCU_BuybackObjectPage--fe::FormContainer::FieldGroup::transactionDetailsGP1::FormElement::DataFieldWithIntentBasedNavigation::TransactionId::FundingTransaction::Manage::Field-display"}]}
COMMAND: GET /session/73c71b9e7d936a0a1803ccb2dcb99096/screenshot - {}
RESULT: {"script":"<script> [21 bytes]","args":[{"selector":{"id":"rfm.buybackui::xRFMxCU_BuybackObjectPage--fe::FormContainer::FieldGroup::transactionDetailsGP1::FormElement::DataFieldWithIntentBasedNavigation::TransactionId::FundingTransaction::Manage::Field-display"},"wdio_ui5_key":"rfmbuybackui::xRFMxCU_BuybackObjectPage--fe::FormContainer::FieldGroup::transactionDetailsGP1::FormElement::DataFieldWithIntentBasedNavigation::TransactionId::FundingTransaction::Manage::Field-display"}]}
RESULT: undefined
COMMAND: POST /session/73c71b9e7d936a0a1803ccb2dcb99096/execute/async - {"script":"<script> [21 bytes]","args":[{"element-6066-11e4-a52e-4f735466cecf":"f.FC2EA8830AA30A4050E5EB31FE862B44.d.6F15EC8FD18C7D8CD078A5E3CE5F82EE.e.3174"},"getText",[]]}
RESULT: {}
RESULT: {"script":"<script> [21 bytes]","args":[{"element-6066-11e4-a52e-4f735466cecf":"f.FC2EA8830AA30A4050E5EB31FE862B44.d.6F15EC8FD18C7D8CD078A5E3CE5F82EE.e.3174"},"getText",[]]}
RESULT: undefined
COMMAND: POST /session/73c71b9e7d936a0a1803ccb2dcb99096/element - {"using":"xpath","value":"//*[@id=\"rfm.buybackui::xRFMxCU_BuybackObjectPage--fe::FormContainer::FieldGroup::transactionDetailsGP1::FormElement::DataFieldWithIntentBasedNavigation::TransactionId::FundingTransaction::Manage::Field-display\"]"}
RESULT: {"using":"xpath","value":"//*[@id=\"rfm.buybackui::xRFMxCU_BuybackObjectPage--fe::FormContainer::FieldGroup::transactionDetailsGP1::FormElement::DataFieldWithIntentBasedNavigation::TransactionId::FundingTransaction::Manage::Field-display\"]"}
COMMAND: POST /session/73c71b9e7d936a0a1803ccb2dcb99096/element/f.FC2EA8830AA30A4050E5EB31FE862B44.d.6F15EC8FD18C7D8CD078A5E3CE5F82EE.e.3174/click - {}
RESULT: {}
COMMAND: GET /session/73c71b9e7d936a0a1803ccb2dcb99096/screenshot - {}
RESULT: {}
COMMAND: POST /session/73c71b9e7d936a0a1803ccb2dcb99096/execute/async - {"script":"<script> [21 bytes]","args":[{"selector":{"id":"rfm.transactionui::xRFMxCU_TransactionObjectPage--fe::HeaderFacet::Form::headerFieldsGP1::DataField::TransactionId::Field-content"},"wdio_ui5_key":"rfmtransactionui::xRFMxCU_TransactionObjectPage--fe::HeaderFacet::Form::headerFieldsGP1::DataField::TransactionId::Field-content"}]}
RESULT: {"script":"<script> [21 bytes]","args":[{"selector":{"id":"rfm.transactionui::xRFMxCU_TransactionObjectPage--fe::HeaderFacet::Form::headerFieldsGP1::DataField::TransactionId::Field-content"},"wdio_ui5_key":"rfmtransactionui::xRFMxCU_TransactionObjectPage--fe::HeaderFacet::Form::headerFieldsGP1::DataField::TransactionId::Field-content"}]}
RESULT: undefined
COMMAND: POST /session/73c71b9e7d936a0a1803ccb2dcb99096/execute/async - {"script":"<script> [21 bytes]","args":[{"element-6066-11e4-a52e-4f735466cecf":"f.FC2EA8830AA30A4050E5EB31FE862B44.d.6F15EC8FD18C7D8CD078A5E3CE5F82EE.e.3353"},"getText",[]]}
RESULT: {"script":"<script> [21 bytes]","args":[{"element-6066-11e4-a52e-4f735466cecf":"f.FC2EA8830AA30A4050E5EB31FE862B44.d.6F15EC8FD18C7D8CD078A5E3CE5F82EE.e.3353"},"getText",[]]}
RESULT: undefined
COMMAND: POST /session/73c71b9e7d936a0a1803ccb2dcb99096/element - {"using":"xpath","value":"//*[@id=\"backBtn\"]"}
RESULT: {"using":"xpath","value":"//*[@id=\"backBtn\"]"}
COMMAND: POST /session/73c71b9e7d936a0a1803ccb2dcb99096/element/f.FC2EA8830AA30A4050E5EB31FE862B44.d.6F15EC8FD18C7D8CD078A5E3CE5F82EE.e.3387/click - {}
RESULT: {}
COMMAND: GET /session/73c71b9e7d936a0a1803ccb2dcb99096/screenshot - {}
RESULT: {}
COMMAND: GET /session/73c71b9e7d936a0a1803ccb2dcb99096/screenshot - {}
]]></system-out>
    </testcase>
    <testcase classname="chrome.138_0_7204_169.windows.Buyback" name="Should check navigation from one asset from Available Assets section" time="16.444">
      <system-out><![CDATA[
COMMAND: POST /session/73c71b9e7d936a0a1803ccb2dcb99096/execute/async - {"script":"<script> [21 bytes]","args":[{"selector":{"id":"rfm.buybackui::xRFMxCU_BuybackObjectPage--fe::ObjectPage-anchBar-rfm.buybackui::xRFMxCU_BuybackObjectPage--fe::FacetSection::BuybackAvailableAssets-anchor"},"wdio_ui5_key":"rfmbuybackui::xRFMxCU_BuybackObjectPage--fe::ObjectPage-anchBar-rfm.buybackui::xRFMxCU_BuybackObjectPage--fe::FacetSection::BuybackAvailableAssets-anchor"}]}
RESULT: {}
RESULT: {"script":"<script> [21 bytes]","args":[{"selector":{"id":"rfm.buybackui::xRFMxCU_BuybackObjectPage--fe::ObjectPage-anchBar-rfm.buybackui::xRFMxCU_BuybackObjectPage--fe::FacetSection::BuybackAvailableAssets-anchor"},"wdio_ui5_key":"rfmbuybackui::xRFMxCU_BuybackObjectPage--fe::ObjectPage-anchBar-rfm.buybackui::xRFMxCU_BuybackObjectPage--fe::FacetSection::BuybackAvailableAssets-anchor"}]}
RESULT: undefined
COMMAND: POST /session/73c71b9e7d936a0a1803ccb2dcb99096/element - {"using":"xpath","value":"//*[@id=\"rfm.buybackui::xRFMxCU_BuybackObjectPage--fe::ObjectPage-anchBar-rfm.buybackui::xRFMxCU_BuybackObjectPage--fe::FacetSection::BuybackAvailableAssets-anchor\"]"}
RESULT: {"using":"xpath","value":"//*[@id=\"rfm.buybackui::xRFMxCU_BuybackObjectPage--fe::ObjectPage-anchBar-rfm.buybackui::xRFMxCU_BuybackObjectPage--fe::FacetSection::BuybackAvailableAssets-anchor\"]"}
COMMAND: POST /session/73c71b9e7d936a0a1803ccb2dcb99096/element/f.FC2EA8830AA30A4050E5EB31FE862B44.d.6F15EC8FD18C7D8CD078A5E3CE5F82EE.e.3505/click - {}
RESULT: {}
COMMAND: GET /session/73c71b9e7d936a0a1803ccb2dcb99096/screenshot - {}
RESULT: {}
COMMAND: POST /session/73c71b9e7d936a0a1803ccb2dcb99096/execute/async - {"script":"<script> [21 bytes]","args":[{"selector":{"controlType":"sap.m.Link","viewName":"sap.fe.templates.ObjectPage.ObjectPage","viewId":"rfm.buybackui::xRFMxCU_BuybackObjectPage","bindingPath":{"path":"/xRFMxCU_Buyback(BuybackId=bea012ec-9d16-1fe0-9cfc-545b1e808a46,IsActiveEntity=true)/_BuybackAvailableAsset(BuybackId=bea012ec-9d16-1fe0-9cfc-545b1e808a46,AssetId=4e4439c8-6b75-1fd0-9cfc-4150602b5bf0)","propertyPath":"AssetIdExtern"}},"wdio_ui5_key":"sapfe.templates.ObjectPage.ObjectPagesap.m.Link{\"path\":\"/xRFMxCU_Buyback(BuybackId=bea012ec-9d16-1fe0-9cfc-545b1e808a46,IsActiveEntity=true)/_BuybackAvailableAsset(BuybackId=bea012ec-9d16-1fe0-9cfc-545b1e808a46,AssetId=4e4439c8-6b75-1fd0-9cfc-4150602b5bf0)\",\"propertyPath\":\"AssetIdExtern\"}"}]}
RESULT: {"script":"<script> [21 bytes]","args":[{"selector":{"controlType":"sap.m.Link","viewName":"sap.fe.templates.ObjectPage.ObjectPage","viewId":"rfm.buybackui::xRFMxCU_BuybackObjectPage","bindingPath":{"path":"/xRFMxCU_Buyback(BuybackId=bea012ec-9d16-1fe0-9cfc-545b1e808a46,IsActiveEntity=true)/_BuybackAvailableAsset(BuybackId=bea012ec-9d16-1fe0-9cfc-545b1e808a46,AssetId=4e4439c8-6b75-1fd0-9cfc-4150602b5bf0)","propertyPath":"AssetIdExtern"}},"wdio_ui5_key":"sapfe.templates.ObjectPage.ObjectPagesap.m.Link{\"path\":\"/xRFMxCU_Buyback(BuybackId=bea012ec-9d16-1fe0-9cfc-545b1e808a46,IsActiveEntity=true)/_BuybackAvailableAsset(BuybackId=bea012ec-9d16-1fe0-9cfc-545b1e808a46,AssetId=4e4439c8-6b75-1fd0-9cfc-4150602b5bf0)\",\"propertyPath\":\"AssetIdExtern\"}"}]}
RESULT: undefined
COMMAND: POST /session/73c71b9e7d936a0a1803ccb2dcb99096/execute/async - {"script":"<script> [21 bytes]","args":[{"element-6066-11e4-a52e-4f735466cecf":"f.FC2EA8830AA30A4050E5EB31FE862B44.d.6F15EC8FD18C7D8CD078A5E3CE5F82EE.e.3509"},"getText",[]]}
RESULT: {"script":"<script> [21 bytes]","args":[{"element-6066-11e4-a52e-4f735466cecf":"f.FC2EA8830AA30A4050E5EB31FE862B44.d.6F15EC8FD18C7D8CD078A5E3CE5F82EE.e.3509"},"getText",[]]}
COMMAND: POST /session/73c71b9e7d936a0a1803ccb2dcb99096/element - {"using":"xpath","value":"//*[@id=\"__link61-__clone4072-__clone4438\"]"}
RESULT: {"using":"xpath","value":"//*[@id=\"__link61-__clone4072-__clone4438\"]"}
COMMAND: POST /session/73c71b9e7d936a0a1803ccb2dcb99096/element/f.FC2EA8830AA30A4050E5EB31FE862B44.d.6F15EC8FD18C7D8CD078A5E3CE5F82EE.e.3509/click - {}
RESULT: {}
COMMAND: GET /session/73c71b9e7d936a0a1803ccb2dcb99096/screenshot - {}
RESULT: {}
COMMAND: POST /session/73c71b9e7d936a0a1803ccb2dcb99096/execute/async - {"script":"<script> [21 bytes]","args":[{"selector":{"controlType":"sap.m.Title","viewName":"sap.fe.templates.ObjectPage.ObjectPage","viewId":"rfm.assetui::xRFMxCU_AssetObjectPage","bindingPath":{"path":"/xRFMxCU_Asset(AssetId=4e4439c8-6b75-1fd0-9cfc-4150602b5bf0,IsActiveEntity=true)","propertyPath":"AssetIdExtern"}},"wdio_ui5_key":"sapfe.templates.ObjectPage.ObjectPagesap.m.Title{\"path\":\"/xRFMxCU_Asset(AssetId=4e4439c8-6b75-1fd0-9cfc-4150602b5bf0,IsActiveEntity=true)\",\"propertyPath\":\"AssetIdExtern\"}"}]}
RESULT: {"script":"<script> [21 bytes]","args":[{"selector":{"controlType":"sap.m.Title","viewName":"sap.fe.templates.ObjectPage.ObjectPage","viewId":"rfm.assetui::xRFMxCU_AssetObjectPage","bindingPath":{"path":"/xRFMxCU_Asset(AssetId=4e4439c8-6b75-1fd0-9cfc-4150602b5bf0,IsActiveEntity=true)","propertyPath":"AssetIdExtern"}},"wdio_ui5_key":"sapfe.templates.ObjectPage.ObjectPagesap.m.Title{\"path\":\"/xRFMxCU_Asset(AssetId=4e4439c8-6b75-1fd0-9cfc-4150602b5bf0,IsActiveEntity=true)\",\"propertyPath\":\"AssetIdExtern\"}"}]}
RESULT: undefined
COMMAND: POST /session/73c71b9e7d936a0a1803ccb2dcb99096/execute/async - {"script":"<script> [21 bytes]","args":[{"element-6066-11e4-a52e-4f735466cecf":"f.FC2EA8830AA30A4050E5EB31FE862B44.d.6F15EC8FD18C7D8CD078A5E3CE5F82EE.e.3701"},"getText",[]]}
RESULT: {"script":"<script> [21 bytes]","args":[{"element-6066-11e4-a52e-4f735466cecf":"f.FC2EA8830AA30A4050E5EB31FE862B44.d.6F15EC8FD18C7D8CD078A5E3CE5F82EE.e.3701"},"getText",[]]}
RESULT: undefined
COMMAND: POST /session/73c71b9e7d936a0a1803ccb2dcb99096/element - {"using":"xpath","value":"//*[@id=\"backBtn\"]"}
RESULT: {"using":"xpath","value":"//*[@id=\"backBtn\"]"}
COMMAND: POST /session/73c71b9e7d936a0a1803ccb2dcb99096/element/f.FC2EA8830AA30A4050E5EB31FE862B44.d.6F15EC8FD18C7D8CD078A5E3CE5F82EE.e.3387/click - {}
RESULT: {}
COMMAND: GET /session/73c71b9e7d936a0a1803ccb2dcb99096/screenshot - {}
COMMAND: GET /session/73c71b9e7d936a0a1803ccb2dcb99096/screenshot - {}
]]></system-out>
    </testcase>
    <testcase classname="chrome.138_0_7204_169.windows.Buyback" name="Should check addition of Available assets to the buyback assets" time="32.947">
      <system-out><![CDATA[
RESULT: undefined
COMMAND: POST /session/73c71b9e7d936a0a1803ccb2dcb99096/element - {"using":"xpath","value":"//*[@id=\"rfm.buybackui::xRFMxCU_BuybackObjectPage--fe::ObjectPage-anchBar-rfm.buybackui::xRFMxCU_BuybackObjectPage--fe::FacetSection::BuybackAvailableAssets-anchor\"]"}
RESULT: {}
RESULT: {}
RESULT: {"using":"xpath","value":"//*[@id=\"rfm.buybackui::xRFMxCU_BuybackObjectPage--fe::ObjectPage-anchBar-rfm.buybackui::xRFMxCU_BuybackObjectPage--fe::FacetSection::BuybackAvailableAssets-anchor\"]"}
COMMAND: POST /session/73c71b9e7d936a0a1803ccb2dcb99096/element/f.FC2EA8830AA30A4050E5EB31FE862B44.d.6F15EC8FD18C7D8CD078A5E3CE5F82EE.e.3788/click - {}
RESULT: {}
COMMAND: GET /session/73c71b9e7d936a0a1803ccb2dcb99096/screenshot - {}
RESULT: {}
COMMAND: POST /session/73c71b9e7d936a0a1803ccb2dcb99096/execute/async - {"script":"<script> [21 bytes]","args":[{"selector":{"id":"rfm.buybackui::xRFMxCU_BuybackObjectPage--fe::table::_BuybackAvailableAsset::LineItem-settings-img"},"wdio_ui5_key":"rfmbuybackui::xRFMxCU_BuybackObjectPage--fe::table::_BuybackAvailableAsset::LineItem-settings-img"}]}
RESULT: {"script":"<script> [21 bytes]","args":[{"selector":{"id":"rfm.buybackui::xRFMxCU_BuybackObjectPage--fe::table::_BuybackAvailableAsset::LineItem-settings-img"},"wdio_ui5_key":"rfmbuybackui::xRFMxCU_BuybackObjectPage--fe::table::_BuybackAvailableAsset::LineItem-settings-img"}]}
RESULT: undefined
COMMAND: POST /session/73c71b9e7d936a0a1803ccb2dcb99096/element - {"using":"xpath","value":"//*[@id=\"rfm.buybackui::xRFMxCU_BuybackObjectPage--fe::table::_BuybackAvailableAsset::LineItem-settings-img\"]"}
RESULT: {"using":"xpath","value":"//*[@id=\"rfm.buybackui::xRFMxCU_BuybackObjectPage--fe::table::_BuybackAvailableAsset::LineItem-settings-img\"]"}
COMMAND: POST /session/73c71b9e7d936a0a1803ccb2dcb99096/element/f.FC2EA8830AA30A4050E5EB31FE862B44.d.6F15EC8FD18C7D8CD078A5E3CE5F82EE.e.3822/click - {}
RESULT: {}
COMMAND: POST /session/73c71b9e7d936a0a1803ccb2dcb99096/execute/async - {"script":"<script> [21 bytes]","args":[{"forceSelect":true,"selector":{"controlType":"sap.m.IconTabFilter","viewName":"sap.fe.templates.ObjectPage.ObjectPage","viewId":"rfm.buybackui::xRFMxCU_BuybackObjectPage","properties":{"text":"Filter"},"searchOpenDialogs":true,"interaction":{"idSuffix":"text"}},"wdio_ui5_key":"sapfe.templates.ObjectPage.ObjectPagesap.m.IconTabFilter{\"text\":\"Filter\"}"}]}
COMMAND: GET /session/73c71b9e7d936a0a1803ccb2dcb99096/screenshot - {}
RESULT: {"script":"<script> [21 bytes]","args":[{"forceSelect":true,"selector":{"controlType":"sap.m.IconTabFilter","viewName":"sap.fe.templates.ObjectPage.ObjectPage","viewId":"rfm.buybackui::xRFMxCU_BuybackObjectPage","properties":{"text":"Filter"},"searchOpenDialogs":true,"interaction":{"idSuffix":"text"}},"wdio_ui5_key":"sapfe.templates.ObjectPage.ObjectPagesap.m.IconTabFilter{\"text\":\"Filter\"}"}]}
RESULT: undefined
COMMAND: POST /session/73c71b9e7d936a0a1803ccb2dcb99096/element - {"using":"xpath","value":"//*[@id=\"__filter50\"]"}
RESULT: {}
RESULT: {"using":"xpath","value":"//*[@id=\"__filter50\"]"}
COMMAND: POST /session/73c71b9e7d936a0a1803ccb2dcb99096/element/f.FC2EA8830AA30A4050E5EB31FE862B44.d.6F15EC8FD18C7D8CD078A5E3CE5F82EE.e.3836/click - {}
RESULT: {}
COMMAND: POST /session/73c71b9e7d936a0a1803ccb2dcb99096/execute/async - {"script":"<script> [21 bytes]","args":[{"selector":{"controlType":"sap.m.ComboBox","viewName":"sap.fe.templates.ObjectPage.ObjectPage","viewId":"rfm.buybackui::xRFMxCU_BuybackObjectPage","properties":{"valueState":"None"},"searchOpenDialogs":true,"interaction":{"idSuffix":"inner"}},"wdio_ui5_key":"sapfe.templates.ObjectPage.ObjectPagesap.m.ComboBox{\"valueState\":\"None\"}"}]}
COMMAND: GET /session/73c71b9e7d936a0a1803ccb2dcb99096/screenshot - {}
RESULT: {"script":"<script> [21 bytes]","args":[{"selector":{"controlType":"sap.m.ComboBox","viewName":"sap.fe.templates.ObjectPage.ObjectPage","viewId":"rfm.buybackui::xRFMxCU_BuybackObjectPage","properties":{"valueState":"None"},"searchOpenDialogs":true,"interaction":{"idSuffix":"inner"}},"wdio_ui5_key":"sapfe.templates.ObjectPage.ObjectPagesap.m.ComboBox{\"valueState\":\"None\"}"}]}
RESULT: undefined
COMMAND: POST /session/73c71b9e7d936a0a1803ccb2dcb99096/execute/async - {"script":"<script> [20 bytes]","args":[{"enterText":"Ext. Asset ID","selector":{"controlType":"sap.m.ComboBox","viewName":"sap.fe.templates.ObjectPage.ObjectPage","viewId":"rfm.buybackui::xRFMxCU_BuybackObjectPage","properties":{"valueState":"None"},"searchOpenDialogs":true,"interaction":{"idSuffix":"inner"}},"clearTextFirst":true,"interactionType":"ENTER_TEXT"}]}
RESULT: {}
RESULT: {"script":"<script> [20 bytes]","args":[{"enterText":"Ext. Asset ID","selector":{"controlType":"sap.m.ComboBox","viewName":"sap.fe.templates.ObjectPage.ObjectPage","viewId":"rfm.buybackui::xRFMxCU_BuybackObjectPage","properties":{"valueState":"None"},"searchOpenDialogs":true,"interaction":{"idSuffix":"inner"}},"clearTextFirst":true,"interactionType":"ENTER_TEXT"}]}
COMMAND: POST /session/73c71b9e7d936a0a1803ccb2dcb99096/execute/async - {"script":"<script> [21 bytes]","args":[{"selector":{"id":"rfm.buybackui::xRFMxCU_BuybackObjectPage--fe::table::_BuybackAvailableAsset::LineItem::AdaptationFilterField::AssetIdExtern-inner","searchOpenDialogs":true,"interaction":{"idSuffix":"inner"}},"wdio_ui5_key":"rfmbuybackui::xRFMxCU_BuybackObjectPage--fe::table::_BuybackAvailableAsset::LineItem::AdaptationFilterField::AssetIdExtern-inner"}]}
RESULT: {"script":"<script> [21 bytes]","args":[{"selector":{"id":"rfm.buybackui::xRFMxCU_BuybackObjectPage--fe::table::_BuybackAvailableAsset::LineItem::AdaptationFilterField::AssetIdExtern-inner","searchOpenDialogs":true,"interaction":{"idSuffix":"inner"}},"wdio_ui5_key":"rfmbuybackui::xRFMxCU_BuybackObjectPage--fe::table::_BuybackAvailableAsset::LineItem::AdaptationFilterField::AssetIdExtern-inner"}]}
RESULT: undefined
COMMAND: POST /session/73c71b9e7d936a0a1803ccb2dcb99096/execute/async - {"script":"<script> [20 bytes]","args":[{"enterText":"WDIO_Buyback*","selector":{"id":"rfm.buybackui::xRFMxCU_BuybackObjectPage--fe::table::_BuybackAvailableAsset::LineItem::AdaptationFilterField::AssetIdExtern-inner","searchOpenDialogs":true,"interaction":{"idSuffix":"inner"}},"clearTextFirst":true,"interactionType":"ENTER_TEXT"}]}
RESULT: {"script":"<script> [20 bytes]","args":[{"enterText":"WDIO_Buyback*","selector":{"id":"rfm.buybackui::xRFMxCU_BuybackObjectPage--fe::table::_BuybackAvailableAsset::LineItem::AdaptationFilterField::AssetIdExtern-inner","searchOpenDialogs":true,"interaction":{"idSuffix":"inner"}},"clearTextFirst":true,"interactionType":"ENTER_TEXT"}]}
COMMAND: POST /session/73c71b9e7d936a0a1803ccb2dcb99096/execute/async - {"script":"<script> [21 bytes]","args":[{"forceSelect":true,"selector":{"controlType":"sap.m.Button","viewName":"sap.fe.templates.ObjectPage.ObjectPage","viewId":"rfm.buybackui::xRFMxCU_BuybackObjectPage","bindingPath":{"path":"","propertyPath":"/confirmText","modelName":"$p13nPopupLocalization"},"searchOpenDialogs":true,"interaction":{"idSuffix":"BDI-content"}},"wdio_ui5_key":"sapfe.templates.ObjectPage.ObjectPagesap.m.Button{\"path\":\"\",\"propertyPath\":\"/confirmText\",\"modelName\":\"$p13nPopupLocalization\"}"}]}
RESULT: {"script":"<script> [21 bytes]","args":[{"forceSelect":true,"selector":{"controlType":"sap.m.Button","viewName":"sap.fe.templates.ObjectPage.ObjectPage","viewId":"rfm.buybackui::xRFMxCU_BuybackObjectPage","bindingPath":{"path":"","propertyPath":"/confirmText","modelName":"$p13nPopupLocalization"},"searchOpenDialogs":true,"interaction":{"idSuffix":"BDI-content"}},"wdio_ui5_key":"sapfe.templates.ObjectPage.ObjectPagesap.m.Button{\"path\":\"\",\"propertyPath\":\"/confirmText\",\"modelName\":\"$p13nPopupLocalization\"}"}]}
RESULT: undefined
COMMAND: POST /session/73c71b9e7d936a0a1803ccb2dcb99096/element - {"using":"xpath","value":"//*[@id=\"__popup1273-confirmBtn\"]"}
RESULT: {"using":"xpath","value":"//*[@id=\"__popup1273-confirmBtn\"]"}
COMMAND: POST /session/73c71b9e7d936a0a1803ccb2dcb99096/element/f.FC2EA8830AA30A4050E5EB31FE862B44.d.6F15EC8FD18C7D8CD078A5E3CE5F82EE.e.3842/click - {}
RESULT: {}
COMMAND: GET /session/73c71b9e7d936a0a1803ccb2dcb99096/screenshot - {}
RESULT: {}
COMMAND: POST /session/73c71b9e7d936a0a1803ccb2dcb99096/execute/async - {"script":"<script> [21 bytes]","args":[{"selector":{"controlType":"sap.m.Link","viewName":"sap.fe.templates.ObjectPage.ObjectPage","viewId":"rfm.buybackui::xRFMxCU_BuybackObjectPage","bindingPath":{"path":"/xRFMxCU_Buyback(BuybackId=bea012ec-9d16-1fe0-9cfc-545b1e808a46,IsActiveEntity=true)/_BuybackAvailableAsset(BuybackId=bea012ec-9d16-1fe0-9cfc-545b1e808a46,AssetId=4e4439c8-6b75-1fd0-9cfc-352035385bf0)","propertyPath":"AssetIdExtern"}},"wdio_ui5_key":"sapfe.templates.ObjectPage.ObjectPagesap.m.Link{\"path\":\"/xRFMxCU_Buyback(BuybackId=bea012ec-9d16-1fe0-9cfc-545b1e808a46,IsActiveEntity=true)/_BuybackAvailableAsset(BuybackId=bea012ec-9d16-1fe0-9cfc-545b1e808a46,AssetId=4e4439c8-6b75-1fd0-9cfc-352035385bf0)\",\"propertyPath\":\"AssetIdExtern\"}"}]}
RESULT: {"script":"<script> [21 bytes]","args":[{"selector":{"controlType":"sap.m.Link","viewName":"sap.fe.templates.ObjectPage.ObjectPage","viewId":"rfm.buybackui::xRFMxCU_BuybackObjectPage","bindingPath":{"path":"/xRFMxCU_Buyback(BuybackId=bea012ec-9d16-1fe0-9cfc-545b1e808a46,IsActiveEntity=true)/_BuybackAvailableAsset(BuybackId=bea012ec-9d16-1fe0-9cfc-545b1e808a46,AssetId=4e4439c8-6b75-1fd0-9cfc-352035385bf0)","propertyPath":"AssetIdExtern"}},"wdio_ui5_key":"sapfe.templates.ObjectPage.ObjectPagesap.m.Link{\"path\":\"/xRFMxCU_Buyback(BuybackId=bea012ec-9d16-1fe0-9cfc-545b1e808a46,IsActiveEntity=true)/_BuybackAvailableAsset(BuybackId=bea012ec-9d16-1fe0-9cfc-545b1e808a46,AssetId=4e4439c8-6b75-1fd0-9cfc-352035385bf0)\",\"propertyPath\":\"AssetIdExtern\"}"}]}
RESULT: undefined
COMMAND: POST /session/73c71b9e7d936a0a1803ccb2dcb99096/execute/async - {"script":"<script> [21 bytes]","args":[{"element-6066-11e4-a52e-4f735466cecf":"f.FC2EA8830AA30A4050E5EB31FE862B44.d.6F15EC8FD18C7D8CD078A5E3CE5F82EE.e.3852"},"getText",[]]}
RESULT: {"script":"<script> [21 bytes]","args":[{"element-6066-11e4-a52e-4f735466cecf":"f.FC2EA8830AA30A4050E5EB31FE862B44.d.6F15EC8FD18C7D8CD078A5E3CE5F82EE.e.3852"},"getText",[]]}
COMMAND: POST /session/73c71b9e7d936a0a1803ccb2dcb99096/element - {"using":"css selector","value":"div[id='rfm.buybackui::xRFMxCU_BuybackObjectPage--fe::table::_BuybackAvailableAsset::LineItem-innerTable-rowsel0']"}
RESULT: {"using":"css selector","value":"div[id='rfm.buybackui::xRFMxCU_BuybackObjectPage--fe::table::_BuybackAvailableAsset::LineItem-innerTable-rowsel0']"}
COMMAND: POST /session/73c71b9e7d936a0a1803ccb2dcb99096/element/f.FC2EA8830AA30A4050E5EB31FE862B44.d.6F15EC8FD18C7D8CD078A5E3CE5F82EE.e.3853/click - {}
RESULT: {}
COMMAND: POST /session/73c71b9e7d936a0a1803ccb2dcb99096/execute/async - {"script":"<script> [21 bytes]","args":[{"selector":{"id":"rfm.buybackui::xRFMxCU_BuybackObjectPage--fe::table::_BuybackAvailableAsset::LineItem::CustomAction::AddAssetToBuybackList","interaction":{"idSuffix":"BDI-content"}},"wdio_ui5_key":"rfmbuybackui::xRFMxCU_BuybackObjectPage--fe::table::_BuybackAvailableAsset::LineItem::CustomAction::AddAssetToBuybackList"}]}
COMMAND: GET /session/73c71b9e7d936a0a1803ccb2dcb99096/screenshot - {}
RESULT: {"script":"<script> [21 bytes]","args":[{"selector":{"id":"rfm.buybackui::xRFMxCU_BuybackObjectPage--fe::table::_BuybackAvailableAsset::LineItem::CustomAction::AddAssetToBuybackList","interaction":{"idSuffix":"BDI-content"}},"wdio_ui5_key":"rfmbuybackui::xRFMxCU_BuybackObjectPage--fe::table::_BuybackAvailableAsset::LineItem::CustomAction::AddAssetToBuybackList"}]}
RESULT: undefined
COMMAND: POST /session/73c71b9e7d936a0a1803ccb2dcb99096/element - {"using":"xpath","value":"//*[@id=\"rfm.buybackui::xRFMxCU_BuybackObjectPage--fe::table::_BuybackAvailableAsset::LineItem::CustomAction::AddAssetToBuybackList\"]"}
RESULT: {}
RESULT: {"using":"xpath","value":"//*[@id=\"rfm.buybackui::xRFMxCU_BuybackObjectPage--fe::table::_BuybackAvailableAsset::LineItem::CustomAction::AddAssetToBuybackList\"]"}
COMMAND: POST /session/73c71b9e7d936a0a1803ccb2dcb99096/element/f.FC2EA8830AA30A4050E5EB31FE862B44.d.6F15EC8FD18C7D8CD078A5E3CE5F82EE.e.3855/click - {}
RESULT: {}
COMMAND: POST /session/73c71b9e7d936a0a1803ccb2dcb99096/execute/async - {"script":"<script> [21 bytes]","args":[{"selector":{"id":"rfm.buybackui::xRFMxCU_BuybackObjectPage--fe::ObjectPage-anchBar-rfm.buybackui::xRFMxCU_BuybackObjectPage--fe::FacetSection::BuybackAsset-anchor"},"wdio_ui5_key":"rfmbuybackui::xRFMxCU_BuybackObjectPage--fe::ObjectPage-anchBar-rfm.buybackui::xRFMxCU_BuybackObjectPage--fe::FacetSection::BuybackAsset-anchor"}]}
COMMAND: GET /session/73c71b9e7d936a0a1803ccb2dcb99096/screenshot - {}
RESULT: {"script":"<script> [21 bytes]","args":[{"selector":{"id":"rfm.buybackui::xRFMxCU_BuybackObjectPage--fe::ObjectPage-anchBar-rfm.buybackui::xRFMxCU_BuybackObjectPage--fe::FacetSection::BuybackAsset-anchor"},"wdio_ui5_key":"rfmbuybackui::xRFMxCU_BuybackObjectPage--fe::ObjectPage-anchBar-rfm.buybackui::xRFMxCU_BuybackObjectPage--fe::FacetSection::BuybackAsset-anchor"}]}
RESULT: undefined
COMMAND: POST /session/73c71b9e7d936a0a1803ccb2dcb99096/element - {"using":"xpath","value":"//*[@id=\"rfm.buybackui::xRFMxCU_BuybackObjectPage--fe::ObjectPage-anchBar-rfm.buybackui::xRFMxCU_BuybackObjectPage--fe::FacetSection::BuybackAsset-anchor\"]"}
RESULT: {}
RESULT: {"using":"xpath","value":"//*[@id=\"rfm.buybackui::xRFMxCU_BuybackObjectPage--fe::ObjectPage-anchBar-rfm.buybackui::xRFMxCU_BuybackObjectPage--fe::FacetSection::BuybackAsset-anchor\"]"}
COMMAND: POST /session/73c71b9e7d936a0a1803ccb2dcb99096/element/f.FC2EA8830AA30A4050E5EB31FE862B44.d.6F15EC8FD18C7D8CD078A5E3CE5F82EE.e.3859/click - {}
RESULT: {}
COMMAND: GET /session/73c71b9e7d936a0a1803ccb2dcb99096/screenshot - {}
RESULT: {}
COMMAND: POST /session/73c71b9e7d936a0a1803ccb2dcb99096/execute/async - {"script":"<script> [21 bytes]","args":[{"selector":{"controlType":"sap.m.Link","viewName":"sap.fe.templates.ObjectPage.ObjectPage","viewId":"rfm.buybackui::xRFMxCU_BuybackObjectPage","bindingPath":{"path":"/xRFMxCU_Buyback(BuybackId=bea012ec-9d16-1fe0-9cfc-545b1e808a46,IsActiveEntity=true)/_BuybackAsset(BuybackId=bea012ec-9d16-1fe0-9cfc-545b1e808a46,AssetId=4e4439c8-6b75-1fd0-9cfc-352035385bf0,IsActiveEntity=true)","propertyPath":"AssetIdExtern"}},"wdio_ui5_key":"sapfe.templates.ObjectPage.ObjectPagesap.m.Link{\"path\":\"/xRFMxCU_Buyback(BuybackId=bea012ec-9d16-1fe0-9cfc-545b1e808a46,IsActiveEntity=true)/_BuybackAsset(BuybackId=bea012ec-9d16-1fe0-9cfc-545b1e808a46,AssetId=4e4439c8-6b75-1fd0-9cfc-352035385bf0,IsActiveEntity=true)\",\"propertyPath\":\"AssetIdExtern\"}"}]}
RESULT: {"script":"<script> [21 bytes]","args":[{"selector":{"controlType":"sap.m.Link","viewName":"sap.fe.templates.ObjectPage.ObjectPage","viewId":"rfm.buybackui::xRFMxCU_BuybackObjectPage","bindingPath":{"path":"/xRFMxCU_Buyback(BuybackId=bea012ec-9d16-1fe0-9cfc-545b1e808a46,IsActiveEntity=true)/_BuybackAsset(BuybackId=bea012ec-9d16-1fe0-9cfc-545b1e808a46,AssetId=4e4439c8-6b75-1fd0-9cfc-352035385bf0,IsActiveEntity=true)","propertyPath":"AssetIdExtern"}},"wdio_ui5_key":"sapfe.templates.ObjectPage.ObjectPagesap.m.Link{\"path\":\"/xRFMxCU_Buyback(BuybackId=bea012ec-9d16-1fe0-9cfc-545b1e808a46,IsActiveEntity=true)/_BuybackAsset(BuybackId=bea012ec-9d16-1fe0-9cfc-545b1e808a46,AssetId=4e4439c8-6b75-1fd0-9cfc-352035385bf0,IsActiveEntity=true)\",\"propertyPath\":\"AssetIdExtern\"}"}]}
RESULT: undefined
COMMAND: POST /session/73c71b9e7d936a0a1803ccb2dcb99096/execute/async - {"script":"<script> [21 bytes]","args":[{"element-6066-11e4-a52e-4f735466cecf":"f.FC2EA8830AA30A4050E5EB31FE862B44.d.6F15EC8FD18C7D8CD078A5E3CE5F82EE.e.3861"},"getText",[]]}
RESULT: {"script":"<script> [21 bytes]","args":[{"element-6066-11e4-a52e-4f735466cecf":"f.FC2EA8830AA30A4050E5EB31FE862B44.d.6F15EC8FD18C7D8CD078A5E3CE5F82EE.e.3861"},"getText",[]]}
COMMAND: GET /session/73c71b9e7d936a0a1803ccb2dcb99096/screenshot - {}
]]></system-out>
    </testcase>
    <testcase classname="chrome.138_0_7204_169.windows.Buyback" name="Should check navigation from one asset from Buyback Assets section" time="22.983">
      <system-out><![CDATA[
RESULT: undefined
COMMAND: POST /session/73c71b9e7d936a0a1803ccb2dcb99096/element - {"using":"xpath","value":"//*[@id=\"rfm.buybackui::xRFMxCU_BuybackObjectPage--fe::ObjectPage-anchBar-rfm.buybackui::xRFMxCU_BuybackObjectPage--fe::FacetSection::BuybackAsset-anchor\"]"}
RESULT: {}
RESULT: {"using":"xpath","value":"//*[@id=\"rfm.buybackui::xRFMxCU_BuybackObjectPage--fe::ObjectPage-anchBar-rfm.buybackui::xRFMxCU_BuybackObjectPage--fe::FacetSection::BuybackAsset-anchor\"]"}
COMMAND: POST /session/73c71b9e7d936a0a1803ccb2dcb99096/element/f.FC2EA8830AA30A4050E5EB31FE862B44.d.6F15EC8FD18C7D8CD078A5E3CE5F82EE.e.3859/click - {}
RESULT: {}
RESULT: undefined
COMMAND: POST /session/73c71b9e7d936a0a1803ccb2dcb99096/execute/async - {"script":"<script> [21 bytes]","args":[{"element-6066-11e4-a52e-4f735466cecf":"f.FC2EA8830AA30A4050E5EB31FE862B44.d.6F15EC8FD18C7D8CD078A5E3CE5F82EE.e.3861"},"getText",[]]}
COMMAND: GET /session/73c71b9e7d936a0a1803ccb2dcb99096/screenshot - {}
RESULT: {"script":"<script> [21 bytes]","args":[{"element-6066-11e4-a52e-4f735466cecf":"f.FC2EA8830AA30A4050E5EB31FE862B44.d.6F15EC8FD18C7D8CD078A5E3CE5F82EE.e.3861"},"getText",[]]}
RESULT: {}
RESULT: undefined
COMMAND: POST /session/73c71b9e7d936a0a1803ccb2dcb99096/element - {"using":"xpath","value":"//*[@id=\"__link66-__clone4785-__clone4796\"]"}
RESULT: {"using":"xpath","value":"//*[@id=\"__link66-__clone4785-__clone4796\"]"}
COMMAND: POST /session/73c71b9e7d936a0a1803ccb2dcb99096/element/f.FC2EA8830AA30A4050E5EB31FE862B44.d.6F15EC8FD18C7D8CD078A5E3CE5F82EE.e.3861/click - {}
RESULT: {}
COMMAND: POST /session/73c71b9e7d936a0a1803ccb2dcb99096/execute/async - {"script":"<script> [21 bytes]","args":[{"selector":{"controlType":"sap.m.Title","viewName":"sap.fe.templates.ObjectPage.ObjectPage","viewId":"rfm.assetui::xRFMxCU_AssetObjectPage","bindingPath":{"path":"/xRFMxCU_Asset(AssetId=4e4439c8-6b75-1fd0-9cfc-352035385bf0,IsActiveEntity=true)","propertyPath":"AssetIdExtern"}},"wdio_ui5_key":"sapfe.templates.ObjectPage.ObjectPagesap.m.Title{\"path\":\"/xRFMxCU_Asset(AssetId=4e4439c8-6b75-1fd0-9cfc-352035385bf0,IsActiveEntity=true)\",\"propertyPath\":\"AssetIdExtern\"}"}]}
COMMAND: GET /session/73c71b9e7d936a0a1803ccb2dcb99096/screenshot - {}
RESULT: {"script":"<script> [21 bytes]","args":[{"selector":{"controlType":"sap.m.Title","viewName":"sap.fe.templates.ObjectPage.ObjectPage","viewId":"rfm.assetui::xRFMxCU_AssetObjectPage","bindingPath":{"path":"/xRFMxCU_Asset(AssetId=4e4439c8-6b75-1fd0-9cfc-352035385bf0,IsActiveEntity=true)","propertyPath":"AssetIdExtern"}},"wdio_ui5_key":"sapfe.templates.ObjectPage.ObjectPagesap.m.Title{\"path\":\"/xRFMxCU_Asset(AssetId=4e4439c8-6b75-1fd0-9cfc-352035385bf0,IsActiveEntity=true)\",\"propertyPath\":\"AssetIdExtern\"}"}]}
RESULT: undefined
COMMAND: POST /session/73c71b9e7d936a0a1803ccb2dcb99096/execute/async - {"script":"<script> [21 bytes]","args":[{"element-6066-11e4-a52e-4f735466cecf":"f.FC2EA8830AA30A4050E5EB31FE862B44.d.6F15EC8FD18C7D8CD078A5E3CE5F82EE.e.4008"},"getText",[]]}
RESULT: {}
RESULT: {"script":"<script> [21 bytes]","args":[{"element-6066-11e4-a52e-4f735466cecf":"f.FC2EA8830AA30A4050E5EB31FE862B44.d.6F15EC8FD18C7D8CD078A5E3CE5F82EE.e.4008"},"getText",[]]}
RESULT: undefined
COMMAND: POST /session/73c71b9e7d936a0a1803ccb2dcb99096/element - {"using":"xpath","value":"//*[@id=\"backBtn\"]"}
RESULT: {"using":"xpath","value":"//*[@id=\"backBtn\"]"}
COMMAND: POST /session/73c71b9e7d936a0a1803ccb2dcb99096/element/f.FC2EA8830AA30A4050E5EB31FE862B44.d.6F15EC8FD18C7D8CD078A5E3CE5F82EE.e.3387/click - {}
RESULT: {}
COMMAND: GET /session/73c71b9e7d936a0a1803ccb2dcb99096/screenshot - {}
]]></system-out>
    </testcase>
    <testcase classname="chrome.138_0_7204_169.windows.Buyback" name="Should check the action Execute" time="20.229">
      <system-out><![CDATA[
COMMAND: POST /session/73c71b9e7d936a0a1803ccb2dcb99096/execute/async - {"script":"<script> [21 bytes]","args":[{"selector":{"id":"rfm.buybackui::xRFMxCU_BuybackObjectPage--fe::ObjectPageDynamicHeaderTitle-_actionsToolbar"},"wdio_ui5_key":"rfmbuybackui::xRFMxCU_BuybackObjectPage--fe::ObjectPageDynamicHeaderTitle-_actionsToolbar"}]}
COMMAND: GET /session/73c71b9e7d936a0a1803ccb2dcb99096/screenshot - {}
RESULT: {}
RESULT: {"script":"<script> [21 bytes]","args":[{"selector":{"id":"rfm.buybackui::xRFMxCU_BuybackObjectPage--fe::ObjectPageDynamicHeaderTitle-_actionsToolbar"},"wdio_ui5_key":"rfmbuybackui::xRFMxCU_BuybackObjectPage--fe::ObjectPageDynamicHeaderTitle-_actionsToolbar"}]}
RESULT: undefined
COMMAND: POST /session/73c71b9e7d936a0a1803ccb2dcb99096/element - {"using":"xpath","value":"//*[@id=\"rfm.buybackui::xRFMxCU_BuybackObjectPage--fe::ObjectPageDynamicHeaderTitle-_actionsToolbar\"]"}
RESULT: {}
RESULT: {"using":"xpath","value":"//*[@id=\"rfm.buybackui::xRFMxCU_BuybackObjectPage--fe::ObjectPageDynamicHeaderTitle-_actionsToolbar\"]"}
COMMAND: POST /session/73c71b9e7d936a0a1803ccb2dcb99096/element/f.FC2EA8830AA30A4050E5EB31FE862B44.d.6F15EC8FD18C7D8CD078A5E3CE5F82EE.e.4125/click - {}
RESULT: {}
COMMAND: POST /session/73c71b9e7d936a0a1803ccb2dcb99096/execute/async - {"script":"<script> [21 bytes]","args":[{"selector":{"id":"rfm.buybackui::xRFMxCU_BuybackObjectPage--fe::DataFieldForAction::com.sap.gateway.srvd.rfm.ui_buyback.v0001.Execute::com.sap.gateway.srvd.rfm.ui_buyback.v0001.xRFMxCU_BuybackType","interaction":{"idSuffix":"BDI-content"}},"wdio_ui5_key":"rfmbuybackui::xRFMxCU_BuybackObjectPage--fe::DataFieldForAction::com.sap.gateway.srvd.rfm.ui_buyback.v0001.Execute::com.sap.gateway.srvd.rfm.ui_buyback.v0001.xRFMxCU_BuybackType"}]}
COMMAND: GET /session/73c71b9e7d936a0a1803ccb2dcb99096/screenshot - {}
RESULT: {}
RESULT: {"script":"<script> [21 bytes]","args":[{"selector":{"id":"rfm.buybackui::xRFMxCU_BuybackObjectPage--fe::DataFieldForAction::com.sap.gateway.srvd.rfm.ui_buyback.v0001.Execute::com.sap.gateway.srvd.rfm.ui_buyback.v0001.xRFMxCU_BuybackType","interaction":{"idSuffix":"BDI-content"}},"wdio_ui5_key":"rfmbuybackui::xRFMxCU_BuybackObjectPage--fe::DataFieldForAction::com.sap.gateway.srvd.rfm.ui_buyback.v0001.Execute::com.sap.gateway.srvd.rfm.ui_buyback.v0001.xRFMxCU_BuybackType"}]}
RESULT: undefined
COMMAND: POST /session/73c71b9e7d936a0a1803ccb2dcb99096/element - {"using":"xpath","value":"//*[@id=\"rfm.buybackui::xRFMxCU_BuybackObjectPage--fe::DataFieldForAction::com.sap.gateway.srvd.rfm.ui_buyback.v0001.Execute::com.sap.gateway.srvd.rfm.ui_buyback.v0001.xRFMxCU_BuybackType\"]"}
RESULT: {"using":"xpath","value":"//*[@id=\"rfm.buybackui::xRFMxCU_BuybackObjectPage--fe::DataFieldForAction::com.sap.gateway.srvd.rfm.ui_buyback.v0001.Execute::com.sap.gateway.srvd.rfm.ui_buyback.v0001.xRFMxCU_BuybackType\"]"}
COMMAND: POST /session/73c71b9e7d936a0a1803ccb2dcb99096/element/f.FC2EA8830AA30A4050E5EB31FE862B44.d.6F15EC8FD18C7D8CD078A5E3CE5F82EE.e.4129/click - {}
RESULT: {}
COMMAND: GET /session/73c71b9e7d936a0a1803ccb2dcb99096/screenshot - {}
RESULT: {}
COMMAND: POST /session/73c71b9e7d936a0a1803ccb2dcb99096/execute/async - {"script":"<script> [21 bytes]","args":[{"selector":{"id":"rfm.buybackui::xRFMxCU_BuybackObjectPage--fe::ObjectPageDynamicHeaderTitle-expandBtn-img"},"wdio_ui5_key":"rfmbuybackui::xRFMxCU_BuybackObjectPage--fe::ObjectPageDynamicHeaderTitle-expandBtn-img"}]}
RESULT: {"script":"<script> [21 bytes]","args":[{"selector":{"id":"rfm.buybackui::xRFMxCU_BuybackObjectPage--fe::ObjectPageDynamicHeaderTitle-expandBtn-img"},"wdio_ui5_key":"rfmbuybackui::xRFMxCU_BuybackObjectPage--fe::ObjectPageDynamicHeaderTitle-expandBtn-img"}]}
RESULT: undefined
COMMAND: POST /session/73c71b9e7d936a0a1803ccb2dcb99096/execute/async - {"script":"<script> [21 bytes]","args":[{"selector":{"controlType":"sap.m.ObjectStatus","viewName":"sap.fe.templates.ObjectPage.ObjectPage","viewId":"rfm.buybackui::xRFMxCU_BuybackObjectPage","bindingPath":{"path":"/xRFMxCU_Buyback(BuybackId=bea012ec-9d16-1fe0-9cfc-545b1e808a46,IsActiveEntity=true)","propertyPath":"com.sap.gateway.srvd.rfm.ui_buyback.v0001.xRFMxCU_BuybackType@com.sap.vocabularies.UI.v1.DataPoint#BuybackStatusDP@$ui5.fe.virtual.criticality"},"interaction":{"idSuffix":"text"}},"wdio_ui5_key":"sapfe.templates.ObjectPage.ObjectPagesap.m.ObjectStatus{\"path\":\"/xRFMxCU_Buyback(BuybackId=bea012ec-9d16-1fe0-9cfc-545b1e808a46,IsActiveEntity=true)\",\"propertyPath\":\"com.sap.gateway.srvd.rfm.ui_buyback.v0001.xRFMxCU_BuybackType@com.sap.vocabularies.UI.v1.DataPoint#BuybackStatusDP@$ui5.fe.virtual.criticality\"}"}]}
RESULT: {"script":"<script> [21 bytes]","args":[{"selector":{"controlType":"sap.m.ObjectStatus","viewName":"sap.fe.templates.ObjectPage.ObjectPage","viewId":"rfm.buybackui::xRFMxCU_BuybackObjectPage","bindingPath":{"path":"/xRFMxCU_Buyback(BuybackId=bea012ec-9d16-1fe0-9cfc-545b1e808a46,IsActiveEntity=true)","propertyPath":"com.sap.gateway.srvd.rfm.ui_buyback.v0001.xRFMxCU_BuybackType@com.sap.vocabularies.UI.v1.DataPoint#BuybackStatusDP@$ui5.fe.virtual.criticality"},"interaction":{"idSuffix":"text"}},"wdio_ui5_key":"sapfe.templates.ObjectPage.ObjectPagesap.m.ObjectStatus{\"path\":\"/xRFMxCU_Buyback(BuybackId=bea012ec-9d16-1fe0-9cfc-545b1e808a46,IsActiveEntity=true)\",\"propertyPath\":\"com.sap.gateway.srvd.rfm.ui_buyback.v0001.xRFMxCU_BuybackType@com.sap.vocabularies.UI.v1.DataPoint#BuybackStatusDP@$ui5.fe.virtual.criticality\"}"}]}
RESULT: undefined
COMMAND: POST /session/73c71b9e7d936a0a1803ccb2dcb99096/execute/async - {"script":"<script> [21 bytes]","args":[{"element-6066-11e4-a52e-4f735466cecf":"f.FC2EA8830AA30A4050E5EB31FE862B44.d.6F15EC8FD18C7D8CD078A5E3CE5F82EE.e.4132"},"getText",[]]}
RESULT: {"script":"<script> [21 bytes]","args":[{"element-6066-11e4-a52e-4f735466cecf":"f.FC2EA8830AA30A4050E5EB31FE862B44.d.6F15EC8FD18C7D8CD078A5E3CE5F82EE.e.4132"},"getText",[]]}
COMMAND: GET /session/73c71b9e7d936a0a1803ccb2dcb99096/screenshot - {}
]]></system-out>
    </testcase>
    <testcase classname="chrome.138_0_7204_169.windows.Buyback" name="Should check the action Cancel" time="7.451">
      <system-out><![CDATA[
RESULT: undefined
COMMAND: POST /session/73c71b9e7d936a0a1803ccb2dcb99096/element - {"using":"xpath","value":"//*[@id=\"rfm.buybackui::xRFMxCU_BuybackObjectPage--fe::ObjectPageDynamicHeaderTitle-_actionsToolbar\"]"}
RESULT: {}
RESULT: {"using":"xpath","value":"//*[@id=\"rfm.buybackui::xRFMxCU_BuybackObjectPage--fe::ObjectPageDynamicHeaderTitle-_actionsToolbar\"]"}
COMMAND: POST /session/73c71b9e7d936a0a1803ccb2dcb99096/element/f.FC2EA8830AA30A4050E5EB31FE862B44.d.6F15EC8FD18C7D8CD078A5E3CE5F82EE.e.4125/click - {}
RESULT: {}
COMMAND: POST /session/73c71b9e7d936a0a1803ccb2dcb99096/execute/async - {"script":"<script> [21 bytes]","args":[{"selector":{"id":"rfm.buybackui::xRFMxCU_BuybackObjectPage--fe::DataFieldForAction::com.sap.gateway.srvd.rfm.ui_buyback.v0001.Cancel::com.sap.gateway.srvd.rfm.ui_buyback.v0001.xRFMxCU_BuybackType","interaction":{"idSuffix":"inner"}},"wdio_ui5_key":"rfmbuybackui::xRFMxCU_BuybackObjectPage--fe::DataFieldForAction::com.sap.gateway.srvd.rfm.ui_buyback.v0001.Cancel::com.sap.gateway.srvd.rfm.ui_buyback.v0001.xRFMxCU_BuybackType"}]}
COMMAND: GET /session/73c71b9e7d936a0a1803ccb2dcb99096/screenshot - {}
RESULT: {"script":"<script> [21 bytes]","args":[{"selector":{"id":"rfm.buybackui::xRFMxCU_BuybackObjectPage--fe::DataFieldForAction::com.sap.gateway.srvd.rfm.ui_buyback.v0001.Cancel::com.sap.gateway.srvd.rfm.ui_buyback.v0001.xRFMxCU_BuybackType","interaction":{"idSuffix":"inner"}},"wdio_ui5_key":"rfmbuybackui::xRFMxCU_BuybackObjectPage--fe::DataFieldForAction::com.sap.gateway.srvd.rfm.ui_buyback.v0001.Cancel::com.sap.gateway.srvd.rfm.ui_buyback.v0001.xRFMxCU_BuybackType"}]}
RESULT: undefined
COMMAND: POST /session/73c71b9e7d936a0a1803ccb2dcb99096/element - {"using":"xpath","value":"//*[@id=\"rfm.buybackui::xRFMxCU_BuybackObjectPage--fe::DataFieldForAction::com.sap.gateway.srvd.rfm.ui_buyback.v0001.Cancel::com.sap.gateway.srvd.rfm.ui_buyback.v0001.xRFMxCU_BuybackType\"]"}
RESULT: {}
RESULT: {"using":"xpath","value":"//*[@id=\"rfm.buybackui::xRFMxCU_BuybackObjectPage--fe::DataFieldForAction::com.sap.gateway.srvd.rfm.ui_buyback.v0001.Cancel::com.sap.gateway.srvd.rfm.ui_buyback.v0001.xRFMxCU_BuybackType\"]"}
COMMAND: POST /session/73c71b9e7d936a0a1803ccb2dcb99096/element/f.FC2EA8830AA30A4050E5EB31FE862B44.d.6F15EC8FD18C7D8CD078A5E3CE5F82EE.e.4135/click - {}
RESULT: {}
COMMAND: POST /session/73c71b9e7d936a0a1803ccb2dcb99096/execute/async - {"script":"<script> [21 bytes]","args":[{"forceSelect":true,"selector":{"controlType":"sap.m.Button","properties":{"text":"OK"},"searchOpenDialogs":true,"interaction":{"idSuffix":"content"}},"wdio_ui5_key":"sapm.Button{\"text\":\"OK\"}"}]}
COMMAND: GET /session/73c71b9e7d936a0a1803ccb2dcb99096/screenshot - {}
RESULT: {"script":"<script> [21 bytes]","args":[{"forceSelect":true,"selector":{"controlType":"sap.m.Button","properties":{"text":"OK"},"searchOpenDialogs":true,"interaction":{"idSuffix":"content"}},"wdio_ui5_key":"sapm.Button{\"text\":\"OK\"}"}]}
RESULT: undefined
COMMAND: POST /session/73c71b9e7d936a0a1803ccb2dcb99096/element - {"using":"xpath","value":"//*[@id=\"__mbox-btn-4\"]"}
RESULT: {}
RESULT: {"using":"xpath","value":"//*[@id=\"__mbox-btn-4\"]"}
COMMAND: POST /session/73c71b9e7d936a0a1803ccb2dcb99096/element/f.FC2EA8830AA30A4050E5EB31FE862B44.d.6F15EC8FD18C7D8CD078A5E3CE5F82EE.e.4136/click - {}
RESULT: {}
COMMAND: GET /session/73c71b9e7d936a0a1803ccb2dcb99096/screenshot - {}
RESULT: {}
RESULT: undefined
COMMAND: POST /session/73c71b9e7d936a0a1803ccb2dcb99096/execute/async - {"script":"<script> [21 bytes]","args":[{"element-6066-11e4-a52e-4f735466cecf":"f.FC2EA8830AA30A4050E5EB31FE862B44.d.6F15EC8FD18C7D8CD078A5E3CE5F82EE.e.4132"},"getText",[]]}
RESULT: {"script":"<script> [21 bytes]","args":[{"element-6066-11e4-a52e-4f735466cecf":"f.FC2EA8830AA30A4050E5EB31FE862B44.d.6F15EC8FD18C7D8CD078A5E3CE5F82EE.e.4132"},"getText",[]]}
COMMAND: GET /session/73c71b9e7d936a0a1803ccb2dcb99096/screenshot - {}
]]></system-out>
    </testcase>
    <testcase classname="chrome.138_0_7204_169.windows.Buyback" name="Should filter created Buyback" time="14.443">
      <system-out><![CDATA[
COMMAND: POST /session/73c71b9e7d936a0a1803ccb2dcb99096/execute/async - {"script":"<script> [21 bytes]","args":[{"selector":{"id":"rfm.buybackui::xRFMxCU_BuybackObjectPage--fe::FCLStandardAction::Close","interaction":{"idSuffix":"inner"}},"wdio_ui5_key":"rfmbuybackui::xRFMxCU_BuybackObjectPage--fe::FCLStandardAction::Close"}]}
RESULT: {}
RESULT: {"script":"<script> [21 bytes]","args":[{"selector":{"id":"rfm.buybackui::xRFMxCU_BuybackObjectPage--fe::FCLStandardAction::Close","interaction":{"idSuffix":"inner"}},"wdio_ui5_key":"rfmbuybackui::xRFMxCU_BuybackObjectPage--fe::FCLStandardAction::Close"}]}
RESULT: undefined
COMMAND: POST /session/73c71b9e7d936a0a1803ccb2dcb99096/element - {"using":"xpath","value":"//*[@id=\"rfm.buybackui::xRFMxCU_BuybackObjectPage--fe::FCLStandardAction::Close\"]"}
RESULT: {"using":"xpath","value":"//*[@id=\"rfm.buybackui::xRFMxCU_BuybackObjectPage--fe::FCLStandardAction::Close\"]"}
COMMAND: POST /session/73c71b9e7d936a0a1803ccb2dcb99096/element/f.FC2EA8830AA30A4050E5EB31FE862B44.d.6F15EC8FD18C7D8CD078A5E3CE5F82EE.e.4142/click - {}
RESULT: {}
COMMAND: POST /session/73c71b9e7d936a0a1803ccb2dcb99096/execute/async - {"script":"<script> [21 bytes]","args":[{"selector":{"id":"rfm.buybackui::xRFMxCU_BuybackList--fe::FilterBar::xRFMxCU_Buyback::FilterField::TransactionId-inner","interaction":{"idSuffix":"inner"}},"wdio_ui5_key":"rfmbuybackui::xRFMxCU_BuybackList--fe::FilterBar::xRFMxCU_Buyback::FilterField::TransactionId-inner"}]}
COMMAND: GET /session/73c71b9e7d936a0a1803ccb2dcb99096/screenshot - {}
RESULT: {"script":"<script> [21 bytes]","args":[{"selector":{"id":"rfm.buybackui::xRFMxCU_BuybackList--fe::FilterBar::xRFMxCU_Buyback::FilterField::TransactionId-inner","interaction":{"idSuffix":"inner"}},"wdio_ui5_key":"rfmbuybackui::xRFMxCU_BuybackList--fe::FilterBar::xRFMxCU_Buyback::FilterField::TransactionId-inner"}]}
RESULT: undefined
COMMAND: POST /session/73c71b9e7d936a0a1803ccb2dcb99096/execute/async - {"script":"<script> [20 bytes]","args":[{"enterText":"897","selector":{"id":"rfm.buybackui::xRFMxCU_BuybackList--fe::FilterBar::xRFMxCU_Buyback::FilterField::TransactionId-inner","interaction":{"idSuffix":"inner"}},"clearTextFirst":true,"interactionType":"ENTER_TEXT"}]}
RESULT: {}
RESULT: {"script":"<script> [20 bytes]","args":[{"enterText":"897","selector":{"id":"rfm.buybackui::xRFMxCU_BuybackList--fe::FilterBar::xRFMxCU_Buyback::FilterField::TransactionId-inner","interaction":{"idSuffix":"inner"}},"clearTextFirst":true,"interactionType":"ENTER_TEXT"}]}
COMMAND: POST /session/73c71b9e7d936a0a1803ccb2dcb99096/execute/async - {"script":"<script> [21 bytes]","args":[{"selector":{"id":"rfm.buybackui::xRFMxCU_BuybackList--fe::FilterBar::xRFMxCU_Buyback-btnSearch","interaction":{"idSuffix":"content"}},"wdio_ui5_key":"rfmbuybackui::xRFMxCU_BuybackList--fe::FilterBar::xRFMxCU_Buyback-btnSearch"}]}
RESULT: {"script":"<script> [21 bytes]","args":[{"selector":{"id":"rfm.buybackui::xRFMxCU_BuybackList--fe::FilterBar::xRFMxCU_Buyback-btnSearch","interaction":{"idSuffix":"content"}},"wdio_ui5_key":"rfmbuybackui::xRFMxCU_BuybackList--fe::FilterBar::xRFMxCU_Buyback-btnSearch"}]}
RESULT: undefined
COMMAND: POST /session/73c71b9e7d936a0a1803ccb2dcb99096/element - {"using":"xpath","value":"//*[@id=\"rfm.buybackui::xRFMxCU_BuybackList--fe::FilterBar::xRFMxCU_Buyback-btnSearch\"]"}
RESULT: {"using":"xpath","value":"//*[@id=\"rfm.buybackui::xRFMxCU_BuybackList--fe::FilterBar::xRFMxCU_Buyback-btnSearch\"]"}
COMMAND: POST /session/73c71b9e7d936a0a1803ccb2dcb99096/element/f.FC2EA8830AA30A4050E5EB31FE862B44.d.6F15EC8FD18C7D8CD078A5E3CE5F82EE.e.4214/click - {}
RESULT: {}
COMMAND: GET /session/73c71b9e7d936a0a1803ccb2dcb99096/screenshot - {}
RESULT: {}
COMMAND: POST /session/73c71b9e7d936a0a1803ccb2dcb99096/execute/async - {"script":"<script> [21 bytes]","args":[{"selector":{"controlType":"sap.m.Link","viewName":"sap.fe.templates.ListReport.ListReport","viewId":"rfm.buybackui::xRFMxCU_BuybackList","bindingPath":{"path":"/xRFMxCU_Buyback(BuybackId=bea012ec-9d16-1fe0-9cfc-545b1e808a46,IsActiveEntity=true)","propertyPath":"TransactionId"}},"wdio_ui5_key":"sapfe.templates.ListReport.ListReportsap.m.Link{\"path\":\"/xRFMxCU_Buyback(BuybackId=bea012ec-9d16-1fe0-9cfc-545b1e808a46,IsActiveEntity=true)\",\"propertyPath\":\"TransactionId\"}"}]}
RESULT: {"script":"<script> [21 bytes]","args":[{"selector":{"controlType":"sap.m.Link","viewName":"sap.fe.templates.ListReport.ListReport","viewId":"rfm.buybackui::xRFMxCU_BuybackList","bindingPath":{"path":"/xRFMxCU_Buyback(BuybackId=bea012ec-9d16-1fe0-9cfc-545b1e808a46,IsActiveEntity=true)","propertyPath":"TransactionId"}},"wdio_ui5_key":"sapfe.templates.ListReport.ListReportsap.m.Link{\"path\":\"/xRFMxCU_Buyback(BuybackId=bea012ec-9d16-1fe0-9cfc-545b1e808a46,IsActiveEntity=true)\",\"propertyPath\":\"TransactionId\"}"}]}
RESULT: undefined
COMMAND: POST /session/73c71b9e7d936a0a1803ccb2dcb99096/execute/async - {"script":"<script> [21 bytes]","args":[{"element-6066-11e4-a52e-4f735466cecf":"f.FC2EA8830AA30A4050E5EB31FE862B44.d.6F15EC8FD18C7D8CD078A5E3CE5F82EE.e.4250"},"getText",[]]}
RESULT: {"script":"<script> [21 bytes]","args":[{"element-6066-11e4-a52e-4f735466cecf":"f.FC2EA8830AA30A4050E5EB31FE862B44.d.6F15EC8FD18C7D8CD078A5E3CE5F82EE.e.4250"},"getText",[]]}
COMMAND: GET /session/73c71b9e7d936a0a1803ccb2dcb99096/screenshot - {}
COMMAND: DELETE /session/73c71b9e7d936a0a1803ccb2dcb99096 - {}
RESULT: {}
RESULT: {}
]]></system-out>
    </testcase>
  </testsuite>
</testsuites>