<?xml version="1.0" encoding="UTF-8"?>
<testsuites tests="3" failures="0" errors="0" skipped="0">
  <testsuite timestamp="2025-09-25T22:03:37" time="132.209" tests="3" failures="0" errors="0" skipped="0">
    <properties>
      <property name="specId" value="0"/>
      <property name="suiteName" value="Sanity Tests"/>
      <property name="capabilities" value="chrome.140_0_7339_186.windows"/>
      <property name="file" value="file:///D:/a/1/s/test/specs/General/sanity.spec.js"/>
    </properties>
    <testcase classname="chrome.140_0_7339_186.windows.Sanity_Tests" name="Should open Funding Asset page" time="28.506">
      <system-out><![CDATA[
COMMAND: POST /session/197fbf7c31fa27e77c5727053de2e33a/execute/async - {"script":"<script> [21 bytes]","args":[{"selector":{"controlType":"sap.m.GenericTile","properties":{"header":"Funding Asset"}},"wdio_ui5_key":"sapm.GenericTile{\"header\":\"Funding Asset\"}"}]}
RESULT: {"script":"<script> [21 bytes]","args":[{"selector":{"controlType":"sap.m.GenericTile","properties":{"header":"Funding Asset"}},"wdio_ui5_key":"sapm.GenericTile{\"header\":\"Funding Asset\"}"}]}
RESULT: undefined
COMMAND: POST /session/197fbf7c31fa27e77c5727053de2e33a/element - {"using":"xpath","value":"//*[@id=\"__tile53\"]"}
RESULT: {"using":"xpath","value":"//*[@id=\"__tile53\"]"}
COMMAND: POST /session/197fbf7c31fa27e77c5727053de2e33a/element/f.25A2986A0869B6F50D2F687DC5B925D5.d.77FEC429F494CB71A83257057F38E4B3.e.70/click - {}
RESULT: {}
COMMAND: GET /session/197fbf7c31fa27e77c5727053de2e33a/screenshot - {}
RESULT: {}
RESULT: undefined
COMMAND: POST /session/197fbf7c31fa27e77c5727053de2e33a/element - {"using":"xpath","value":"//*[@id=\"__tile53\"]"}
RESULT: {"using":"xpath","value":"//*[@id=\"__tile53\"]"}
COMMAND: POST /session/197fbf7c31fa27e77c5727053de2e33a/element/f.25A2986A0869B6F50D2F687DC5B925D5.d.77FEC429F494CB71A83257057F38E4B3.e.186/click - {}
RESULT: undefined
COMMAND: POST /session/197fbf7c31fa27e77c5727053de2e33a/element - {"using":"xpath","value":"//*[@id=\"__tile53\"]"}
RESULT: {"using":"xpath","value":"//*[@id=\"__tile53\"]"}
COMMAND: POST /session/197fbf7c31fa27e77c5727053de2e33a/element/f.25A2986A0869B6F50D2F687DC5B925D5.d.77FEC429F494CB71A83257057F38E4B3.e.186/click - {}
COMMAND: POST /session/197fbf7c31fa27e77c5727053de2e33a/execute/async - {"script":"<script> [21 bytes]","args":[{"selector":{"id":"shellAppTitle"},"wdio_ui5_key":"shellAppTitle"}]}
RESULT: {"script":"<script> [21 bytes]","args":[{"selector":{"id":"shellAppTitle"},"wdio_ui5_key":"shellAppTitle"}]}
RESULT: undefined
COMMAND: POST /session/197fbf7c31fa27e77c5727053de2e33a/execute/async - {"script":"<script> [21 bytes]","args":[{"element-6066-11e4-a52e-4f735466cecf":"f.25A2986A0869B6F50D2F687DC5B925D5.d.77FEC429F494CB71A83257057F38E4B3.e.188"},"getTitle",[]]}
RESULT: {"script":"<script> [21 bytes]","args":[{"element-6066-11e4-a52e-4f735466cecf":"f.25A2986A0869B6F50D2F687DC5B925D5.d.77FEC429F494CB71A83257057F38E4B3.e.188"},"getTitle",[]]}
COMMAND: POST /session/197fbf7c31fa27e77c5727053de2e33a/execute/async - {"script":"<script> [21 bytes]","args":[{"selector":{"id":"backBtn"},"wdio_ui5_key":"backBtn"}]}
RESULT: {"script":"<script> [21 bytes]","args":[{"selector":{"id":"backBtn"},"wdio_ui5_key":"backBtn"}]}
RESULT: undefined
COMMAND: POST /session/197fbf7c31fa27e77c5727053de2e33a/element - {"using":"xpath","value":"//*[@id=\"backBtn\"]"}
RESULT: {"using":"xpath","value":"//*[@id=\"backBtn\"]"}
COMMAND: POST /session/197fbf7c31fa27e77c5727053de2e33a/element/f.25A2986A0869B6F50D2F687DC5B925D5.d.77FEC429F494CB71A83257057F38E4B3.e.189/click - {}
RESULT: {}
COMMAND: GET /session/197fbf7c31fa27e77c5727053de2e33a/screenshot - {}
RESULT: {}
COMMAND: GET /session/197fbf7c31fa27e77c5727053de2e33a/screenshot - {}
]]></system-out>
    </testcase>
    <testcase classname="chrome.140_0_7339_186.windows.Sanity_Tests" name="Should open Funding Debtor page" time="25.479">
      <system-out><![CDATA[
COMMAND: POST /session/197fbf7c31fa27e77c5727053de2e33a/execute/async - {"script":"<script> [21 bytes]","args":[{"selector":{"controlType":"sap.m.GenericTile","properties":{"header":"Funding Debtor"}},"wdio_ui5_key":"sapm.GenericTile{\"header\":\"Funding Debtor\"}"}]}
RESULT: {}
RESULT: {"script":"<script> [21 bytes]","args":[{"selector":{"controlType":"sap.m.GenericTile","properties":{"header":"Funding Debtor"}},"wdio_ui5_key":"sapm.GenericTile{\"header\":\"Funding Debtor\"}"}]}
RESULT: undefined
COMMAND: POST /session/197fbf7c31fa27e77c5727053de2e33a/element - {"using":"xpath","value":"//*[@id=\"__tile54\"]"}
RESULT: {"using":"xpath","value":"//*[@id=\"__tile54\"]"}
COMMAND: POST /session/197fbf7c31fa27e77c5727053de2e33a/element/f.25A2986A0869B6F50D2F687DC5B925D5.d.77FEC429F494CB71A83257057F38E4B3.e.192/click - {}
RESULT: {}
COMMAND: GET /session/197fbf7c31fa27e77c5727053de2e33a/screenshot - {}
RESULT: {}
RESULT: undefined
COMMAND: POST /session/197fbf7c31fa27e77c5727053de2e33a/element - {"using":"xpath","value":"//*[@id=\"__tile54\"]"}
RESULT: {"using":"xpath","value":"//*[@id=\"__tile54\"]"}
COMMAND: POST /session/197fbf7c31fa27e77c5727053de2e33a/element/f.25A2986A0869B6F50D2F687DC5B925D5.d.77FEC429F494CB71A83257057F38E4B3.e.279/click - {}
RESULT: undefined
COMMAND: POST /session/197fbf7c31fa27e77c5727053de2e33a/element - {"using":"xpath","value":"//*[@id=\"__tile54\"]"}
RESULT: {"using":"xpath","value":"//*[@id=\"__tile54\"]"}
COMMAND: POST /session/197fbf7c31fa27e77c5727053de2e33a/element/f.25A2986A0869B6F50D2F687DC5B925D5.d.77FEC429F494CB71A83257057F38E4B3.e.279/click - {}
RESULT: undefined
COMMAND: POST /session/197fbf7c31fa27e77c5727053de2e33a/execute/async - {"script":"<script> [21 bytes]","args":[{"element-6066-11e4-a52e-4f735466cecf":"f.25A2986A0869B6F50D2F687DC5B925D5.d.77FEC429F494CB71A83257057F38E4B3.e.188"},"getTitle",[]]}
RESULT: {"script":"<script> [21 bytes]","args":[{"element-6066-11e4-a52e-4f735466cecf":"f.25A2986A0869B6F50D2F687DC5B925D5.d.77FEC429F494CB71A83257057F38E4B3.e.188"},"getTitle",[]]}
RESULT: undefined
COMMAND: POST /session/197fbf7c31fa27e77c5727053de2e33a/element/f.25A2986A0869B6F50D2F687DC5B925D5.d.77FEC429F494CB71A83257057F38E4B3.e.189/click - {}
RESULT: {}
COMMAND: GET /session/197fbf7c31fa27e77c5727053de2e33a/screenshot - {}
RESULT: {}
COMMAND: GET /session/197fbf7c31fa27e77c5727053de2e33a/screenshot - {}
]]></system-out>
    </testcase>
    <testcase classname="chrome.140_0_7339_186.windows.Sanity_Tests" name="Should open Asset Warehouse page" time="25.97">
      <system-out><![CDATA[
COMMAND: POST /session/197fbf7c31fa27e77c5727053de2e33a/execute/async - {"script":"<script> [21 bytes]","args":[{"selector":{"controlType":"sap.m.GenericTile","properties":{"header":"Asset Warehouse"}},"wdio_ui5_key":"sapm.GenericTile{\"header\":\"Asset Warehouse\"}"}]}
RESULT: {}
RESULT: {"script":"<script> [21 bytes]","args":[{"selector":{"controlType":"sap.m.GenericTile","properties":{"header":"Asset Warehouse"}},"wdio_ui5_key":"sapm.GenericTile{\"header\":\"Asset Warehouse\"}"}]}
RESULT: undefined
COMMAND: POST /session/197fbf7c31fa27e77c5727053de2e33a/element - {"using":"xpath","value":"//*[@id=\"__tile55\"]"}
RESULT: {"using":"xpath","value":"//*[@id=\"__tile55\"]"}
COMMAND: POST /session/197fbf7c31fa27e77c5727053de2e33a/element/f.25A2986A0869B6F50D2F687DC5B925D5.d.77FEC429F494CB71A83257057F38E4B3.e.285/click - {}
RESULT: {}
COMMAND: GET /session/197fbf7c31fa27e77c5727053de2e33a/screenshot - {}
RESULT: {}
RESULT: undefined
COMMAND: POST /session/197fbf7c31fa27e77c5727053de2e33a/element - {"using":"xpath","value":"//*[@id=\"__tile55\"]"}
RESULT: {"using":"xpath","value":"//*[@id=\"__tile55\"]"}
COMMAND: POST /session/197fbf7c31fa27e77c5727053de2e33a/element/f.25A2986A0869B6F50D2F687DC5B925D5.d.77FEC429F494CB71A83257057F38E4B3.e.462/click - {}
RESULT: undefined
COMMAND: POST /session/197fbf7c31fa27e77c5727053de2e33a/element - {"using":"xpath","value":"//*[@id=\"__tile55\"]"}
RESULT: {"using":"xpath","value":"//*[@id=\"__tile55\"]"}
COMMAND: POST /session/197fbf7c31fa27e77c5727053de2e33a/element/f.25A2986A0869B6F50D2F687DC5B925D5.d.77FEC429F494CB71A83257057F38E4B3.e.462/click - {}
RESULT: undefined
COMMAND: POST /session/197fbf7c31fa27e77c5727053de2e33a/execute/async - {"script":"<script> [21 bytes]","args":[{"element-6066-11e4-a52e-4f735466cecf":"f.25A2986A0869B6F50D2F687DC5B925D5.d.77FEC429F494CB71A83257057F38E4B3.e.188"},"getTitle",[]]}
RESULT: {"script":"<script> [21 bytes]","args":[{"element-6066-11e4-a52e-4f735466cecf":"f.25A2986A0869B6F50D2F687DC5B925D5.d.77FEC429F494CB71A83257057F38E4B3.e.188"},"getTitle",[]]}
RESULT: undefined
COMMAND: POST /session/197fbf7c31fa27e77c5727053de2e33a/element/f.25A2986A0869B6F50D2F687DC5B925D5.d.77FEC429F494CB71A83257057F38E4B3.e.189/click - {}
COMMAND: POST /session/197fbf7c31fa27e77c5727053de2e33a/element - {"using":"xpath","value":"//*[@id=\"backBtn\"]"}
RESULT: {"using":"xpath","value":"//*[@id=\"backBtn\"]"}
COMMAND: POST /session/197fbf7c31fa27e77c5727053de2e33a/element/f.25A2986A0869B6F50D2F687DC5B925D5.d.77FEC429F494CB71A83257057F38E4B3.e.189/click - {}
COMMAND: POST /session/197fbf7c31fa27e77c5727053de2e33a/element - {"using":"xpath","value":"//*[@id=\"backBtn\"]"}
RESULT: {"using":"xpath","value":"//*[@id=\"backBtn\"]"}
COMMAND: POST /session/197fbf7c31fa27e77c5727053de2e33a/element/f.25A2986A0869B6F50D2F687DC5B925D5.d.77FEC429F494CB71A83257057F38E4B3.e.464/click - {}
RESULT: {}
COMMAND: GET /session/197fbf7c31fa27e77c5727053de2e33a/screenshot - {}
RESULT: {}
COMMAND: GET /session/197fbf7c31fa27e77c5727053de2e33a/screenshot - {}
COMMAND: DELETE /session/197fbf7c31fa27e77c5727053de2e33a - {}
RESULT: {}
RESULT: {}
]]></system-out>
    </testcase>
  </testsuite>
</testsuites>