<?xml version="1.0" encoding="UTF-8"?>
<testsuites tests="1" failures="1" errors="1" skipped="0">
  <testsuite timestamp="2025-09-15T22:44:59" time="96.397" tests="1" failures="1" errors="1" skipped="0">
    <properties>
      <property name="specId" value="0"/>
      <property name="suiteName" value="Replenishment"/>
      <property name="capabilities" value="chrome.140_0_7339_81.windows"/>
      <property name="file" value="file:///D:/a/1/s/test/specs/BusinessOperations/Replenishment.spec.js"/>
    </properties>
    <testcase classname="chrome.140_0_7339_81.windows.Replenishment" name="before all hook for Replenishment" time="96.392">
      <failure/>
      <error message="waitUntil condition timed out after 60000ms"/>
      <system-err><![CDATA[
Error: waitUntil condition timed out after 60000ms
]]></system-err>
    </testcase>
  </testsuite>
</testsuites>