<?xml version="1.0" encoding="UTF-8"?>
<testsuites tests="3" failures="0" errors="0" skipped="0">
  <testsuite timestamp="2025-09-24T22:06:32" time="147.924" tests="3" failures="0" errors="0" skipped="0">
    <properties>
      <property name="specId" value="0"/>
      <property name="suiteName" value="Sanity Tests"/>
      <property name="capabilities" value="chrome.140_0_7339_81.windows"/>
      <property name="file" value="file:///D:/a/1/s/test/specs/General/sanity.spec.js"/>
    </properties>
    <testcase classname="chrome.140_0_7339_81.windows.Sanity_Tests" name="Should open Funding Asset page" time="28.68">
      <system-out><![CDATA[
COMMAND: POST /session/74b393e5814630e3739a166571291fb5/execute/async - {"script":"<script> [21 bytes]","args":[{"selector":{"controlType":"sap.m.GenericTile","properties":{"header":"Funding Asset"}},"wdio_ui5_key":"sapm.GenericTile{\"header\":\"Funding Asset\"}"}]}
RESULT: {"script":"<script> [21 bytes]","args":[{"selector":{"controlType":"sap.m.GenericTile","properties":{"header":"Funding Asset"}},"wdio_ui5_key":"sapm.GenericTile{\"header\":\"Funding Asset\"}"}]}
RESULT: undefined
COMMAND: POST /session/74b393e5814630e3739a166571291fb5/element - {"using":"xpath","value":"//*[@id=\"__tile53\"]"}
RESULT: {"using":"xpath","value":"//*[@id=\"__tile53\"]"}
COMMAND: POST /session/74b393e5814630e3739a166571291fb5/element/f.F890F84652ECBA5CDD7C119FD124C037.d.2559391B37A58FD4C80581E1435C70B2.e.72/click - {}
RESULT: {}
COMMAND: GET /session/74b393e5814630e3739a166571291fb5/screenshot - {}
RESULT: {}
RESULT: undefined
COMMAND: POST /session/74b393e5814630e3739a166571291fb5/element - {"using":"xpath","value":"//*[@id=\"__tile53\"]"}
RESULT: {"using":"xpath","value":"//*[@id=\"__tile53\"]"}
COMMAND: POST /session/74b393e5814630e3739a166571291fb5/element/f.F890F84652ECBA5CDD7C119FD124C037.d.2559391B37A58FD4C80581E1435C70B2.e.177/click - {}
RESULT: undefined
COMMAND: POST /session/74b393e5814630e3739a166571291fb5/element - {"using":"xpath","value":"//*[@id=\"__tile53\"]"}
RESULT: {"using":"xpath","value":"//*[@id=\"__tile53\"]"}
COMMAND: POST /session/74b393e5814630e3739a166571291fb5/element/f.F890F84652ECBA5CDD7C119FD124C037.d.2559391B37A58FD4C80581E1435C70B2.e.177/click - {}
COMMAND: POST /session/74b393e5814630e3739a166571291fb5/execute/async - {"script":"<script> [21 bytes]","args":[{"selector":{"id":"shellAppTitle"},"wdio_ui5_key":"shellAppTitle"}]}
RESULT: {"script":"<script> [21 bytes]","args":[{"selector":{"id":"shellAppTitle"},"wdio_ui5_key":"shellAppTitle"}]}
RESULT: undefined
COMMAND: POST /session/74b393e5814630e3739a166571291fb5/execute/async - {"script":"<script> [21 bytes]","args":[{"element-6066-11e4-a52e-4f735466cecf":"f.F890F84652ECBA5CDD7C119FD124C037.d.2559391B37A58FD4C80581E1435C70B2.e.182"},"getTitle",[]]}
RESULT: {"script":"<script> [21 bytes]","args":[{"element-6066-11e4-a52e-4f735466cecf":"f.F890F84652ECBA5CDD7C119FD124C037.d.2559391B37A58FD4C80581E1435C70B2.e.182"},"getTitle",[]]}
COMMAND: POST /session/74b393e5814630e3739a166571291fb5/execute/async - {"script":"<script> [21 bytes]","args":[{"selector":{"id":"backBtn"},"wdio_ui5_key":"backBtn"}]}
RESULT: {"script":"<script> [21 bytes]","args":[{"selector":{"id":"backBtn"},"wdio_ui5_key":"backBtn"}]}
RESULT: undefined
COMMAND: POST /session/74b393e5814630e3739a166571291fb5/element - {"using":"xpath","value":"//*[@id=\"backBtn\"]"}
RESULT: {"using":"xpath","value":"//*[@id=\"backBtn\"]"}
COMMAND: POST /session/74b393e5814630e3739a166571291fb5/element/f.F890F84652ECBA5CDD7C119FD124C037.d.2559391B37A58FD4C80581E1435C70B2.e.183/click - {}
RESULT: {}
COMMAND: GET /session/74b393e5814630e3739a166571291fb5/screenshot - {}
RESULT: {}
COMMAND: GET /session/74b393e5814630e3739a166571291fb5/screenshot - {}
]]></system-out>
    </testcase>
    <testcase classname="chrome.140_0_7339_81.windows.Sanity_Tests" name="Should open Funding Debtor page" time="25.431">
      <system-out><![CDATA[
COMMAND: POST /session/74b393e5814630e3739a166571291fb5/execute/async - {"script":"<script> [21 bytes]","args":[{"selector":{"controlType":"sap.m.GenericTile","properties":{"header":"Funding Debtor"}},"wdio_ui5_key":"sapm.GenericTile{\"header\":\"Funding Debtor\"}"}]}
RESULT: {}
RESULT: {"script":"<script> [21 bytes]","args":[{"selector":{"controlType":"sap.m.GenericTile","properties":{"header":"Funding Debtor"}},"wdio_ui5_key":"sapm.GenericTile{\"header\":\"Funding Debtor\"}"}]}
RESULT: undefined
COMMAND: POST /session/74b393e5814630e3739a166571291fb5/element - {"using":"xpath","value":"//*[@id=\"__tile54\"]"}
RESULT: {"using":"xpath","value":"//*[@id=\"__tile54\"]"}
COMMAND: POST /session/74b393e5814630e3739a166571291fb5/element/f.F890F84652ECBA5CDD7C119FD124C037.d.2559391B37A58FD4C80581E1435C70B2.e.186/click - {}
RESULT: {}
COMMAND: GET /session/74b393e5814630e3739a166571291fb5/screenshot - {}
RESULT: {}
RESULT: undefined
COMMAND: POST /session/74b393e5814630e3739a166571291fb5/element - {"using":"xpath","value":"//*[@id=\"__tile54\"]"}
RESULT: {"using":"xpath","value":"//*[@id=\"__tile54\"]"}
COMMAND: POST /session/74b393e5814630e3739a166571291fb5/element/f.F890F84652ECBA5CDD7C119FD124C037.d.2559391B37A58FD4C80581E1435C70B2.e.271/click - {}
RESULT: undefined
COMMAND: POST /session/74b393e5814630e3739a166571291fb5/element - {"using":"xpath","value":"//*[@id=\"__tile54\"]"}
RESULT: {"using":"xpath","value":"//*[@id=\"__tile54\"]"}
COMMAND: POST /session/74b393e5814630e3739a166571291fb5/element/f.F890F84652ECBA5CDD7C119FD124C037.d.2559391B37A58FD4C80581E1435C70B2.e.271/click - {}
RESULT: undefined
COMMAND: POST /session/74b393e5814630e3739a166571291fb5/execute/async - {"script":"<script> [21 bytes]","args":[{"element-6066-11e4-a52e-4f735466cecf":"f.F890F84652ECBA5CDD7C119FD124C037.d.2559391B37A58FD4C80581E1435C70B2.e.182"},"getTitle",[]]}
RESULT: {"script":"<script> [21 bytes]","args":[{"element-6066-11e4-a52e-4f735466cecf":"f.F890F84652ECBA5CDD7C119FD124C037.d.2559391B37A58FD4C80581E1435C70B2.e.182"},"getTitle",[]]}
RESULT: undefined
COMMAND: POST /session/74b393e5814630e3739a166571291fb5/element/f.F890F84652ECBA5CDD7C119FD124C037.d.2559391B37A58FD4C80581E1435C70B2.e.183/click - {}
RESULT: {}
COMMAND: GET /session/74b393e5814630e3739a166571291fb5/screenshot - {}
RESULT: {}
COMMAND: GET /session/74b393e5814630e3739a166571291fb5/screenshot - {}
]]></system-out>
    </testcase>
    <testcase classname="chrome.140_0_7339_81.windows.Sanity_Tests" name="Should open Asset Warehouse page" time="25.928">
      <system-out><![CDATA[
COMMAND: POST /session/74b393e5814630e3739a166571291fb5/execute/async - {"script":"<script> [21 bytes]","args":[{"selector":{"controlType":"sap.m.GenericTile","properties":{"header":"Asset Warehouse"}},"wdio_ui5_key":"sapm.GenericTile{\"header\":\"Asset Warehouse\"}"}]}
RESULT: {}
RESULT: {"script":"<script> [21 bytes]","args":[{"selector":{"controlType":"sap.m.GenericTile","properties":{"header":"Asset Warehouse"}},"wdio_ui5_key":"sapm.GenericTile{\"header\":\"Asset Warehouse\"}"}]}
RESULT: undefined
COMMAND: POST /session/74b393e5814630e3739a166571291fb5/element - {"using":"xpath","value":"//*[@id=\"__tile55\"]"}
RESULT: {"using":"xpath","value":"//*[@id=\"__tile55\"]"}
COMMAND: POST /session/74b393e5814630e3739a166571291fb5/element/f.F890F84652ECBA5CDD7C119FD124C037.d.2559391B37A58FD4C80581E1435C70B2.e.277/click - {}
RESULT: {}
COMMAND: GET /session/74b393e5814630e3739a166571291fb5/screenshot - {}
RESULT: {}
RESULT: undefined
COMMAND: POST /session/74b393e5814630e3739a166571291fb5/element - {"using":"xpath","value":"//*[@id=\"__tile55\"]"}
RESULT: {"using":"xpath","value":"//*[@id=\"__tile55\"]"}
COMMAND: POST /session/74b393e5814630e3739a166571291fb5/element/f.F890F84652ECBA5CDD7C119FD124C037.d.2559391B37A58FD4C80581E1435C70B2.e.374/click - {}
RESULT: undefined
COMMAND: POST /session/74b393e5814630e3739a166571291fb5/element - {"using":"xpath","value":"//*[@id=\"__tile55\"]"}
RESULT: {"using":"xpath","value":"//*[@id=\"__tile55\"]"}
COMMAND: POST /session/74b393e5814630e3739a166571291fb5/element/f.F890F84652ECBA5CDD7C119FD124C037.d.2559391B37A58FD4C80581E1435C70B2.e.374/click - {}
RESULT: undefined
COMMAND: POST /session/74b393e5814630e3739a166571291fb5/execute/async - {"script":"<script> [21 bytes]","args":[{"element-6066-11e4-a52e-4f735466cecf":"f.F890F84652ECBA5CDD7C119FD124C037.d.2559391B37A58FD4C80581E1435C70B2.e.182"},"getTitle",[]]}
RESULT: {"script":"<script> [21 bytes]","args":[{"element-6066-11e4-a52e-4f735466cecf":"f.F890F84652ECBA5CDD7C119FD124C037.d.2559391B37A58FD4C80581E1435C70B2.e.182"},"getTitle",[]]}
RESULT: undefined
COMMAND: POST /session/74b393e5814630e3739a166571291fb5/element/f.F890F84652ECBA5CDD7C119FD124C037.d.2559391B37A58FD4C80581E1435C70B2.e.183/click - {}
COMMAND: POST /session/74b393e5814630e3739a166571291fb5/element - {"using":"xpath","value":"//*[@id=\"backBtn\"]"}
RESULT: {"using":"xpath","value":"//*[@id=\"backBtn\"]"}
COMMAND: POST /session/74b393e5814630e3739a166571291fb5/element/f.F890F84652ECBA5CDD7C119FD124C037.d.2559391B37A58FD4C80581E1435C70B2.e.183/click - {}
COMMAND: POST /session/74b393e5814630e3739a166571291fb5/element - {"using":"xpath","value":"//*[@id=\"backBtn\"]"}
RESULT: {"using":"xpath","value":"//*[@id=\"backBtn\"]"}
COMMAND: POST /session/74b393e5814630e3739a166571291fb5/element/f.F890F84652ECBA5CDD7C119FD124C037.d.2559391B37A58FD4C80581E1435C70B2.e.375/click - {}
RESULT: {}
COMMAND: GET /session/74b393e5814630e3739a166571291fb5/screenshot - {}
RESULT: {}
COMMAND: GET /session/74b393e5814630e3739a166571291fb5/screenshot - {}
COMMAND: DELETE /session/74b393e5814630e3739a166571291fb5 - {}
RESULT: {}
RESULT: {}
]]></system-out>
    </testcase>
  </testsuite>
</testsuites>