<?xml version="1.0" encoding="UTF-8"?>
<testsuites tests="3" failures="0" errors="0" skipped="0">
  <testsuite timestamp="2025-09-30T22:03:34" time="131.24" tests="3" failures="0" errors="0" skipped="0">
    <properties>
      <property name="specId" value="0"/>
      <property name="suiteName" value="Sanity Tests"/>
      <property name="capabilities" value="chrome.140_0_7339_186.windows"/>
      <property name="file" value="file:///D:/a/1/s/test/specs/General/sanity.spec.js"/>
    </properties>
    <testcase classname="chrome.140_0_7339_186.windows.Sanity_Tests" name="Should open Funding Asset page" time="26.9">
      <system-out><![CDATA[
COMMAND: POST /session/a3479116570ca3a79b0e36450916e746/execute/async - {"script":"<script> [21 bytes]","args":[{"selector":{"controlType":"sap.m.GenericTile","properties":{"header":"Funding Asset"}},"wdio_ui5_key":"sapm.GenericTile{\"header\":\"Funding Asset\"}"}]}
RESULT: {"script":"<script> [21 bytes]","args":[{"selector":{"controlType":"sap.m.GenericTile","properties":{"header":"Funding Asset"}},"wdio_ui5_key":"sapm.GenericTile{\"header\":\"Funding Asset\"}"}]}
RESULT: undefined
COMMAND: POST /session/a3479116570ca3a79b0e36450916e746/element - {"using":"xpath","value":"//*[@id=\"__tile53\"]"}
RESULT: {"using":"xpath","value":"//*[@id=\"__tile53\"]"}
COMMAND: POST /session/a3479116570ca3a79b0e36450916e746/element/f.16EF7A2AEC82FB974C63C5EA444F1381.d.23B9155F29906DDBB8E162C1F36075CC.e.69/click - {}
RESULT: {}
COMMAND: GET /session/a3479116570ca3a79b0e36450916e746/screenshot - {}
RESULT: {}
RESULT: undefined
COMMAND: POST /session/a3479116570ca3a79b0e36450916e746/element - {"using":"xpath","value":"//*[@id=\"__tile53\"]"}
RESULT: {"using":"xpath","value":"//*[@id=\"__tile53\"]"}
COMMAND: POST /session/a3479116570ca3a79b0e36450916e746/element/f.16EF7A2AEC82FB974C63C5EA444F1381.d.23B9155F29906DDBB8E162C1F36075CC.e.142/click - {}
RESULT: undefined
COMMAND: POST /session/a3479116570ca3a79b0e36450916e746/element - {"using":"xpath","value":"//*[@id=\"__tile53\"]"}
RESULT: {"using":"xpath","value":"//*[@id=\"__tile53\"]"}
COMMAND: POST /session/a3479116570ca3a79b0e36450916e746/element/f.16EF7A2AEC82FB974C63C5EA444F1381.d.23B9155F29906DDBB8E162C1F36075CC.e.142/click - {}
COMMAND: POST /session/a3479116570ca3a79b0e36450916e746/execute/async - {"script":"<script> [21 bytes]","args":[{"selector":{"id":"shellAppTitle"},"wdio_ui5_key":"shellAppTitle"}]}
RESULT: {"script":"<script> [21 bytes]","args":[{"selector":{"id":"shellAppTitle"},"wdio_ui5_key":"shellAppTitle"}]}
RESULT: undefined
COMMAND: POST /session/a3479116570ca3a79b0e36450916e746/execute/async - {"script":"<script> [21 bytes]","args":[{"element-6066-11e4-a52e-4f735466cecf":"f.16EF7A2AEC82FB974C63C5EA444F1381.d.23B9155F29906DDBB8E162C1F36075CC.e.145"},"getTitle",[]]}
RESULT: {"script":"<script> [21 bytes]","args":[{"element-6066-11e4-a52e-4f735466cecf":"f.16EF7A2AEC82FB974C63C5EA444F1381.d.23B9155F29906DDBB8E162C1F36075CC.e.145"},"getTitle",[]]}
COMMAND: POST /session/a3479116570ca3a79b0e36450916e746/execute/async - {"script":"<script> [21 bytes]","args":[{"selector":{"id":"backBtn"},"wdio_ui5_key":"backBtn"}]}
RESULT: {"script":"<script> [21 bytes]","args":[{"selector":{"id":"backBtn"},"wdio_ui5_key":"backBtn"}]}
RESULT: undefined
COMMAND: POST /session/a3479116570ca3a79b0e36450916e746/element - {"using":"xpath","value":"//*[@id=\"backBtn\"]"}
RESULT: {"using":"xpath","value":"//*[@id=\"backBtn\"]"}
COMMAND: POST /session/a3479116570ca3a79b0e36450916e746/element/f.16EF7A2AEC82FB974C63C5EA444F1381.d.23B9155F29906DDBB8E162C1F36075CC.e.146/click - {}
RESULT: {}
COMMAND: GET /session/a3479116570ca3a79b0e36450916e746/screenshot - {}
RESULT: {}
COMMAND: GET /session/a3479116570ca3a79b0e36450916e746/screenshot - {}
]]></system-out>
    </testcase>
    <testcase classname="chrome.140_0_7339_186.windows.Sanity_Tests" name="Should open Funding Debtor page" time="25.6">
      <system-out><![CDATA[
COMMAND: POST /session/a3479116570ca3a79b0e36450916e746/execute/async - {"script":"<script> [21 bytes]","args":[{"selector":{"controlType":"sap.m.GenericTile","properties":{"header":"Funding Debtor"}},"wdio_ui5_key":"sapm.GenericTile{\"header\":\"Funding Debtor\"}"}]}
RESULT: {}
RESULT: {"script":"<script> [21 bytes]","args":[{"selector":{"controlType":"sap.m.GenericTile","properties":{"header":"Funding Debtor"}},"wdio_ui5_key":"sapm.GenericTile{\"header\":\"Funding Debtor\"}"}]}
RESULT: undefined
COMMAND: POST /session/a3479116570ca3a79b0e36450916e746/element - {"using":"xpath","value":"//*[@id=\"__tile54\"]"}
RESULT: {"using":"xpath","value":"//*[@id=\"__tile54\"]"}
COMMAND: POST /session/a3479116570ca3a79b0e36450916e746/element/f.16EF7A2AEC82FB974C63C5EA444F1381.d.23B9155F29906DDBB8E162C1F36075CC.e.149/click - {}
RESULT: {}
COMMAND: GET /session/a3479116570ca3a79b0e36450916e746/screenshot - {}
RESULT: {}
RESULT: undefined
COMMAND: POST /session/a3479116570ca3a79b0e36450916e746/element - {"using":"xpath","value":"//*[@id=\"__tile54\"]"}
RESULT: {"using":"xpath","value":"//*[@id=\"__tile54\"]"}
COMMAND: POST /session/a3479116570ca3a79b0e36450916e746/element/f.16EF7A2AEC82FB974C63C5EA444F1381.d.23B9155F29906DDBB8E162C1F36075CC.e.237/click - {}
RESULT: undefined
COMMAND: POST /session/a3479116570ca3a79b0e36450916e746/element - {"using":"xpath","value":"//*[@id=\"__tile54\"]"}
RESULT: {"using":"xpath","value":"//*[@id=\"__tile54\"]"}
COMMAND: POST /session/a3479116570ca3a79b0e36450916e746/element/f.16EF7A2AEC82FB974C63C5EA444F1381.d.23B9155F29906DDBB8E162C1F36075CC.e.237/click - {}
RESULT: undefined
COMMAND: POST /session/a3479116570ca3a79b0e36450916e746/execute/async - {"script":"<script> [21 bytes]","args":[{"element-6066-11e4-a52e-4f735466cecf":"f.16EF7A2AEC82FB974C63C5EA444F1381.d.23B9155F29906DDBB8E162C1F36075CC.e.145"},"getTitle",[]]}
RESULT: {"script":"<script> [21 bytes]","args":[{"element-6066-11e4-a52e-4f735466cecf":"f.16EF7A2AEC82FB974C63C5EA444F1381.d.23B9155F29906DDBB8E162C1F36075CC.e.145"},"getTitle",[]]}
RESULT: undefined
COMMAND: POST /session/a3479116570ca3a79b0e36450916e746/element/f.16EF7A2AEC82FB974C63C5EA444F1381.d.23B9155F29906DDBB8E162C1F36075CC.e.146/click - {}
RESULT: {}
COMMAND: GET /session/a3479116570ca3a79b0e36450916e746/screenshot - {}
RESULT: {}
COMMAND: GET /session/a3479116570ca3a79b0e36450916e746/screenshot - {}
]]></system-out>
    </testcase>
    <testcase classname="chrome.140_0_7339_186.windows.Sanity_Tests" name="Should open Asset Warehouse page" time="25.721">
      <system-out><![CDATA[
COMMAND: POST /session/a3479116570ca3a79b0e36450916e746/execute/async - {"script":"<script> [21 bytes]","args":[{"selector":{"controlType":"sap.m.GenericTile","properties":{"header":"Asset Warehouse"}},"wdio_ui5_key":"sapm.GenericTile{\"header\":\"Asset Warehouse\"}"}]}
RESULT: {}
RESULT: {"script":"<script> [21 bytes]","args":[{"selector":{"controlType":"sap.m.GenericTile","properties":{"header":"Asset Warehouse"}},"wdio_ui5_key":"sapm.GenericTile{\"header\":\"Asset Warehouse\"}"}]}
RESULT: undefined
COMMAND: POST /session/a3479116570ca3a79b0e36450916e746/element - {"using":"xpath","value":"//*[@id=\"__tile55\"]"}
RESULT: {"using":"xpath","value":"//*[@id=\"__tile55\"]"}
COMMAND: POST /session/a3479116570ca3a79b0e36450916e746/element/f.16EF7A2AEC82FB974C63C5EA444F1381.d.23B9155F29906DDBB8E162C1F36075CC.e.244/click - {}
RESULT: {}
COMMAND: GET /session/a3479116570ca3a79b0e36450916e746/screenshot - {}
RESULT: {}
RESULT: undefined
COMMAND: POST /session/a3479116570ca3a79b0e36450916e746/element - {"using":"xpath","value":"//*[@id=\"__tile55\"]"}
RESULT: {"using":"xpath","value":"//*[@id=\"__tile55\"]"}
COMMAND: POST /session/a3479116570ca3a79b0e36450916e746/element/f.16EF7A2AEC82FB974C63C5EA444F1381.d.23B9155F29906DDBB8E162C1F36075CC.e.340/click - {}
RESULT: undefined
COMMAND: POST /session/a3479116570ca3a79b0e36450916e746/element - {"using":"xpath","value":"//*[@id=\"__tile55\"]"}
RESULT: {"using":"xpath","value":"//*[@id=\"__tile55\"]"}
COMMAND: POST /session/a3479116570ca3a79b0e36450916e746/element/f.16EF7A2AEC82FB974C63C5EA444F1381.d.23B9155F29906DDBB8E162C1F36075CC.e.340/click - {}
RESULT: undefined
COMMAND: POST /session/a3479116570ca3a79b0e36450916e746/execute/async - {"script":"<script> [21 bytes]","args":[{"element-6066-11e4-a52e-4f735466cecf":"f.16EF7A2AEC82FB974C63C5EA444F1381.d.23B9155F29906DDBB8E162C1F36075CC.e.145"},"getTitle",[]]}
RESULT: {"script":"<script> [21 bytes]","args":[{"element-6066-11e4-a52e-4f735466cecf":"f.16EF7A2AEC82FB974C63C5EA444F1381.d.23B9155F29906DDBB8E162C1F36075CC.e.145"},"getTitle",[]]}
RESULT: undefined
COMMAND: POST /session/a3479116570ca3a79b0e36450916e746/element/f.16EF7A2AEC82FB974C63C5EA444F1381.d.23B9155F29906DDBB8E162C1F36075CC.e.146/click - {}
COMMAND: POST /session/a3479116570ca3a79b0e36450916e746/element - {"using":"xpath","value":"//*[@id=\"backBtn\"]"}
RESULT: {"using":"xpath","value":"//*[@id=\"backBtn\"]"}
COMMAND: POST /session/a3479116570ca3a79b0e36450916e746/element/f.16EF7A2AEC82FB974C63C5EA444F1381.d.23B9155F29906DDBB8E162C1F36075CC.e.146/click - {}
COMMAND: POST /session/a3479116570ca3a79b0e36450916e746/element - {"using":"xpath","value":"//*[@id=\"backBtn\"]"}
RESULT: {"using":"xpath","value":"//*[@id=\"backBtn\"]"}
COMMAND: POST /session/a3479116570ca3a79b0e36450916e746/element/f.16EF7A2AEC82FB974C63C5EA444F1381.d.23B9155F29906DDBB8E162C1F36075CC.e.341/click - {}
RESULT: {}
COMMAND: GET /session/a3479116570ca3a79b0e36450916e746/screenshot - {}
RESULT: {}
COMMAND: GET /session/a3479116570ca3a79b0e36450916e746/screenshot - {}
COMMAND: DELETE /session/a3479116570ca3a79b0e36450916e746 - {}
RESULT: {}
RESULT: {}
]]></system-out>
    </testcase>
  </testsuite>
</testsuites>