<?xml version="1.0" encoding="UTF-8"?>
<testsuites tests="3" failures="0" errors="0" skipped="0">
  <testsuite timestamp="2025-08-27T22:04:58" time="134.632" tests="3" failures="0" errors="0" skipped="0">
    <properties>
      <property name="specId" value="0"/>
      <property name="suiteName" value="Sanity Tests"/>
      <property name="capabilities" value="chrome.139_0_7258_139.windows"/>
      <property name="file" value="file:///D:/a/1/s/test/specs/General/sanity.spec.js"/>
    </properties>
    <testcase classname="chrome.139_0_7258_139.windows.Sanity_Tests" name="Should open Funding Asset page" time="26.998">
      <system-out><![CDATA[
COMMAND: POST /session/471cc00bf29eaa87fbd91098ed939a6f/execute/async - {"script":"<script> [21 bytes]","args":[{"selector":{"controlType":"sap.m.GenericTile","properties":{"header":"Funding Asset"}},"wdio_ui5_key":"sapm.GenericTile{\"header\":\"Funding Asset\"}"}]}
RESULT: {"script":"<script> [21 bytes]","args":[{"selector":{"controlType":"sap.m.GenericTile","properties":{"header":"Funding Asset"}},"wdio_ui5_key":"sapm.GenericTile{\"header\":\"Funding Asset\"}"}]}
RESULT: undefined
COMMAND: POST /session/471cc00bf29eaa87fbd91098ed939a6f/element - {"using":"xpath","value":"//*[@id=\"__tile53\"]"}
RESULT: {"using":"xpath","value":"//*[@id=\"__tile53\"]"}
COMMAND: POST /session/471cc00bf29eaa87fbd91098ed939a6f/element/f.F1EAD04D2504704DCC1C9F87A661620E.d.614377E8B52DC64DF47543B0A6BB967D.e.75/click - {}
RESULT: {}
COMMAND: GET /session/471cc00bf29eaa87fbd91098ed939a6f/screenshot - {}
RESULT: {}
RESULT: undefined
COMMAND: POST /session/471cc00bf29eaa87fbd91098ed939a6f/element - {"using":"xpath","value":"//*[@id=\"__tile53\"]"}
RESULT: {"using":"xpath","value":"//*[@id=\"__tile53\"]"}
COMMAND: POST /session/471cc00bf29eaa87fbd91098ed939a6f/element/f.F1EAD04D2504704DCC1C9F87A661620E.d.614377E8B52DC64DF47543B0A6BB967D.e.186/click - {}
RESULT: undefined
COMMAND: POST /session/471cc00bf29eaa87fbd91098ed939a6f/element - {"using":"xpath","value":"//*[@id=\"__tile53\"]"}
RESULT: {"using":"xpath","value":"//*[@id=\"__tile53\"]"}
COMMAND: POST /session/471cc00bf29eaa87fbd91098ed939a6f/element/f.F1EAD04D2504704DCC1C9F87A661620E.d.614377E8B52DC64DF47543B0A6BB967D.e.186/click - {}
COMMAND: POST /session/471cc00bf29eaa87fbd91098ed939a6f/execute/async - {"script":"<script> [21 bytes]","args":[{"selector":{"id":"shellAppTitle"},"wdio_ui5_key":"shellAppTitle"}]}
RESULT: {"script":"<script> [21 bytes]","args":[{"selector":{"id":"shellAppTitle"},"wdio_ui5_key":"shellAppTitle"}]}
RESULT: undefined
COMMAND: POST /session/471cc00bf29eaa87fbd91098ed939a6f/execute/async - {"script":"<script> [21 bytes]","args":[{"element-6066-11e4-a52e-4f735466cecf":"f.F1EAD04D2504704DCC1C9F87A661620E.d.614377E8B52DC64DF47543B0A6BB967D.e.221"},"getTitle",[]]}
RESULT: {"script":"<script> [21 bytes]","args":[{"element-6066-11e4-a52e-4f735466cecf":"f.F1EAD04D2504704DCC1C9F87A661620E.d.614377E8B52DC64DF47543B0A6BB967D.e.221"},"getTitle",[]]}
COMMAND: POST /session/471cc00bf29eaa87fbd91098ed939a6f/execute/async - {"script":"<script> [21 bytes]","args":[{"selector":{"id":"backBtn"},"wdio_ui5_key":"backBtn"}]}
RESULT: {"script":"<script> [21 bytes]","args":[{"selector":{"id":"backBtn"},"wdio_ui5_key":"backBtn"}]}
RESULT: undefined
COMMAND: POST /session/471cc00bf29eaa87fbd91098ed939a6f/element - {"using":"xpath","value":"//*[@id=\"backBtn\"]"}
RESULT: {"using":"xpath","value":"//*[@id=\"backBtn\"]"}
COMMAND: POST /session/471cc00bf29eaa87fbd91098ed939a6f/element/f.F1EAD04D2504704DCC1C9F87A661620E.d.614377E8B52DC64DF47543B0A6BB967D.e.222/click - {}
RESULT: {}
COMMAND: GET /session/471cc00bf29eaa87fbd91098ed939a6f/screenshot - {}
RESULT: {}
COMMAND: GET /session/471cc00bf29eaa87fbd91098ed939a6f/screenshot - {}
]]></system-out>
    </testcase>
    <testcase classname="chrome.139_0_7258_139.windows.Sanity_Tests" name="Should open Funding Debtor page" time="25.531">
      <system-out><![CDATA[
COMMAND: POST /session/471cc00bf29eaa87fbd91098ed939a6f/execute/async - {"script":"<script> [21 bytes]","args":[{"selector":{"controlType":"sap.m.GenericTile","properties":{"header":"Funding Debtor"}},"wdio_ui5_key":"sapm.GenericTile{\"header\":\"Funding Debtor\"}"}]}
RESULT: {}
RESULT: {"script":"<script> [21 bytes]","args":[{"selector":{"controlType":"sap.m.GenericTile","properties":{"header":"Funding Debtor"}},"wdio_ui5_key":"sapm.GenericTile{\"header\":\"Funding Debtor\"}"}]}
RESULT: undefined
COMMAND: POST /session/471cc00bf29eaa87fbd91098ed939a6f/element - {"using":"xpath","value":"//*[@id=\"__tile54\"]"}
RESULT: {"using":"xpath","value":"//*[@id=\"__tile54\"]"}
COMMAND: POST /session/471cc00bf29eaa87fbd91098ed939a6f/element/f.F1EAD04D2504704DCC1C9F87A661620E.d.614377E8B52DC64DF47543B0A6BB967D.e.225/click - {}
RESULT: {}
COMMAND: GET /session/471cc00bf29eaa87fbd91098ed939a6f/screenshot - {}
RESULT: {}
RESULT: undefined
COMMAND: POST /session/471cc00bf29eaa87fbd91098ed939a6f/element - {"using":"xpath","value":"//*[@id=\"__tile54\"]"}
RESULT: {"using":"xpath","value":"//*[@id=\"__tile54\"]"}
COMMAND: POST /session/471cc00bf29eaa87fbd91098ed939a6f/element/f.F1EAD04D2504704DCC1C9F87A661620E.d.614377E8B52DC64DF47543B0A6BB967D.e.311/click - {}
RESULT: undefined
COMMAND: POST /session/471cc00bf29eaa87fbd91098ed939a6f/element - {"using":"xpath","value":"//*[@id=\"__tile54\"]"}
RESULT: {"using":"xpath","value":"//*[@id=\"__tile54\"]"}
COMMAND: POST /session/471cc00bf29eaa87fbd91098ed939a6f/element/f.F1EAD04D2504704DCC1C9F87A661620E.d.614377E8B52DC64DF47543B0A6BB967D.e.311/click - {}
RESULT: undefined
COMMAND: POST /session/471cc00bf29eaa87fbd91098ed939a6f/execute/async - {"script":"<script> [21 bytes]","args":[{"element-6066-11e4-a52e-4f735466cecf":"f.F1EAD04D2504704DCC1C9F87A661620E.d.614377E8B52DC64DF47543B0A6BB967D.e.221"},"getTitle",[]]}
RESULT: {"script":"<script> [21 bytes]","args":[{"element-6066-11e4-a52e-4f735466cecf":"f.F1EAD04D2504704DCC1C9F87A661620E.d.614377E8B52DC64DF47543B0A6BB967D.e.221"},"getTitle",[]]}
RESULT: undefined
COMMAND: POST /session/471cc00bf29eaa87fbd91098ed939a6f/element/f.F1EAD04D2504704DCC1C9F87A661620E.d.614377E8B52DC64DF47543B0A6BB967D.e.222/click - {}
RESULT: {}
COMMAND: GET /session/471cc00bf29eaa87fbd91098ed939a6f/screenshot - {}
RESULT: {}
COMMAND: GET /session/471cc00bf29eaa87fbd91098ed939a6f/screenshot - {}
]]></system-out>
    </testcase>
    <testcase classname="chrome.139_0_7258_139.windows.Sanity_Tests" name="Should open Asset Warehouse page" time="27.821">
      <system-out><![CDATA[
COMMAND: POST /session/471cc00bf29eaa87fbd91098ed939a6f/execute/async - {"script":"<script> [21 bytes]","args":[{"selector":{"controlType":"sap.m.GenericTile","properties":{"header":"Asset Warehouse"}},"wdio_ui5_key":"sapm.GenericTile{\"header\":\"Asset Warehouse\"}"}]}
RESULT: {}
RESULT: {"script":"<script> [21 bytes]","args":[{"selector":{"controlType":"sap.m.GenericTile","properties":{"header":"Asset Warehouse"}},"wdio_ui5_key":"sapm.GenericTile{\"header\":\"Asset Warehouse\"}"}]}
RESULT: undefined
COMMAND: POST /session/471cc00bf29eaa87fbd91098ed939a6f/element - {"using":"xpath","value":"//*[@id=\"__tile55\"]"}
RESULT: {"using":"xpath","value":"//*[@id=\"__tile55\"]"}
COMMAND: POST /session/471cc00bf29eaa87fbd91098ed939a6f/element/f.F1EAD04D2504704DCC1C9F87A661620E.d.614377E8B52DC64DF47543B0A6BB967D.e.318/click - {}
RESULT: {}
COMMAND: GET /session/471cc00bf29eaa87fbd91098ed939a6f/screenshot - {}
RESULT: {}
RESULT: undefined
COMMAND: POST /session/471cc00bf29eaa87fbd91098ed939a6f/element - {"using":"xpath","value":"//*[@id=\"__tile55\"]"}
RESULT: {"using":"xpath","value":"//*[@id=\"__tile55\"]"}
COMMAND: POST /session/471cc00bf29eaa87fbd91098ed939a6f/element/f.F1EAD04D2504704DCC1C9F87A661620E.d.614377E8B52DC64DF47543B0A6BB967D.e.442/click - {}
RESULT: undefined
COMMAND: POST /session/471cc00bf29eaa87fbd91098ed939a6f/element - {"using":"xpath","value":"//*[@id=\"__tile55\"]"}
RESULT: {"using":"xpath","value":"//*[@id=\"__tile55\"]"}
COMMAND: POST /session/471cc00bf29eaa87fbd91098ed939a6f/element/f.F1EAD04D2504704DCC1C9F87A661620E.d.614377E8B52DC64DF47543B0A6BB967D.e.442/click - {}
RESULT: undefined
COMMAND: POST /session/471cc00bf29eaa87fbd91098ed939a6f/execute/async - {"script":"<script> [21 bytes]","args":[{"element-6066-11e4-a52e-4f735466cecf":"f.F1EAD04D2504704DCC1C9F87A661620E.d.614377E8B52DC64DF47543B0A6BB967D.e.221"},"getTitle",[]]}
RESULT: {"script":"<script> [21 bytes]","args":[{"element-6066-11e4-a52e-4f735466cecf":"f.F1EAD04D2504704DCC1C9F87A661620E.d.614377E8B52DC64DF47543B0A6BB967D.e.221"},"getTitle",[]]}
RESULT: undefined
COMMAND: POST /session/471cc00bf29eaa87fbd91098ed939a6f/element/f.F1EAD04D2504704DCC1C9F87A661620E.d.614377E8B52DC64DF47543B0A6BB967D.e.222/click - {}
COMMAND: POST /session/471cc00bf29eaa87fbd91098ed939a6f/element - {"using":"xpath","value":"//*[@id=\"backBtn\"]"}
RESULT: {"using":"xpath","value":"//*[@id=\"backBtn\"]"}
COMMAND: POST /session/471cc00bf29eaa87fbd91098ed939a6f/element/f.F1EAD04D2504704DCC1C9F87A661620E.d.614377E8B52DC64DF47543B0A6BB967D.e.222/click - {}
COMMAND: POST /session/471cc00bf29eaa87fbd91098ed939a6f/element - {"using":"xpath","value":"//*[@id=\"backBtn\"]"}
RESULT: {"using":"xpath","value":"//*[@id=\"backBtn\"]"}
COMMAND: POST /session/471cc00bf29eaa87fbd91098ed939a6f/element/f.F1EAD04D2504704DCC1C9F87A661620E.d.614377E8B52DC64DF47543B0A6BB967D.e.448/click - {}
RESULT: {}
COMMAND: GET /session/471cc00bf29eaa87fbd91098ed939a6f/screenshot - {}
RESULT: {}
COMMAND: GET /session/471cc00bf29eaa87fbd91098ed939a6f/screenshot - {}
COMMAND: DELETE /session/471cc00bf29eaa87fbd91098ed939a6f - {}
RESULT: {}
RESULT: {}
]]></system-out>
    </testcase>
  </testsuite>
</testsuites>