<?xml version="1.0" encoding="UTF-8"?>
<testsuites tests="6" failures="0" errors="0" skipped="0">
  <testsuite timestamp="2025-08-05T22:32:37" time="250.725" tests="6" failures="0" errors="0" skipped="0">
    <properties>
      <property name="specId" value="0"/>
      <property name="suiteName" value="Funding Transaction"/>
      <property name="capabilities" value="chrome.138_0_7204_169.windows"/>
      <property name="file" value="file:///D:/a/1/s/test/specs/BusinessObjects/FundingTransaction.spec.js"/>
    </properties>
    <testcase classname="chrome.138_0_7204_169.windows.Funding_Transaction" name="SETUP" time="63.538">
      <system-out><![CDATA[
COMMAND: POST /session/4452d11a18149c318773b7ed397e9203/execute/async - {"script":"<script> [21 bytes]","args":[{"selector":{"controlType":"sap.m.GenericTile","properties":{"header":"Funding Program"}},"wdio_ui5_key":"sapm.GenericTile{\"header\":\"Funding Program\"}"}]}
RESULT: {"script":"<script> [21 bytes]","args":[{"selector":{"controlType":"sap.m.GenericTile","properties":{"header":"Funding Program"}},"wdio_ui5_key":"sapm.GenericTile{\"header\":\"Funding Program\"}"}]}
RESULT: undefined
COMMAND: POST /session/4452d11a18149c318773b7ed397e9203/element - {"using":"xpath","value":"//*[@id=\"__tile29\"]"}
RESULT: {"using":"xpath","value":"//*[@id=\"__tile29\"]"}
COMMAND: POST /session/4452d11a18149c318773b7ed397e9203/element/f.3422B0875008D2F2EA8EA7B9092A2C7B.d.7C6D9371A420E9AC276871618AC50538.e.78/click - {}
RESULT: {}
COMMAND: POST /session/4452d11a18149c318773b7ed397e9203/execute/async - {"script":"<script> [21 bytes]","args":[{"selector":{"id":"rfm.programui::xRFMxCU_ProgramList--fe::table::allTab::LineItem::StandardAction::Create","controlType":"sap.m.Button"},"wdio_ui5_key":"rfmprogramui::xRFMxCU_ProgramList--fe::table::allTab::LineItem::StandardAction::Createsap.m.Button"}]}
COMMAND: GET /session/4452d11a18149c318773b7ed397e9203/screenshot - {}
RESULT: {"script":"<script> [21 bytes]","args":[{"selector":{"id":"rfm.programui::xRFMxCU_ProgramList--fe::table::allTab::LineItem::StandardAction::Create","controlType":"sap.m.Button"},"wdio_ui5_key":"rfmprogramui::xRFMxCU_ProgramList--fe::table::allTab::LineItem::StandardAction::Createsap.m.Button"}]}
RESULT: undefined
COMMAND: POST /session/4452d11a18149c318773b7ed397e9203/element - {"using":"xpath","value":"//*[@id=\"rfm.programui::xRFMxCU_ProgramList--fe::table::allTab::LineItem::StandardAction::Create\"]"}
RESULT: {}
RESULT: {"using":"xpath","value":"//*[@id=\"rfm.programui::xRFMxCU_ProgramList--fe::table::allTab::LineItem::StandardAction::Create\"]"}
COMMAND: POST /session/4452d11a18149c318773b7ed397e9203/element/f.3422B0875008D2F2EA8EA7B9092A2C7B.d.7C6D9371A420E9AC276871618AC50538.e.144/click - {}
RESULT: {}
COMMAND: POST /session/4452d11a18149c318773b7ed397e9203/execute/async - {"script":"<script> [21 bytes]","args":[{"selector":{"id":"CreateDialog::xRFMxCU_ProgramType::FundingScope-inner","searchOpenDialogs":true,"interaction":{"idSuffix":"inner"}},"wdio_ui5_key":"CreateDialogxRFMxCU_ProgramType::FundingScope-inner"}]}
COMMAND: GET /session/4452d11a18149c318773b7ed397e9203/screenshot - {}
RESULT: {"script":"<script> [21 bytes]","args":[{"selector":{"id":"CreateDialog::xRFMxCU_ProgramType::FundingScope-inner","searchOpenDialogs":true,"interaction":{"idSuffix":"inner"}},"wdio_ui5_key":"CreateDialogxRFMxCU_ProgramType::FundingScope-inner"}]}
RESULT: undefined
COMMAND: POST /session/4452d11a18149c318773b7ed397e9203/execute/async - {"script":"<script> [20 bytes]","args":[{"enterText":"Total","selector":{"id":"CreateDialog::xRFMxCU_ProgramType::FundingScope-inner","searchOpenDialogs":true,"interaction":{"idSuffix":"inner"}},"clearTextFirst":true,"interactionType":"ENTER_TEXT"}]}
RESULT: {}
RESULT: {"script":"<script> [20 bytes]","args":[{"enterText":"Total","selector":{"id":"CreateDialog::xRFMxCU_ProgramType::FundingScope-inner","searchOpenDialogs":true,"interaction":{"idSuffix":"inner"}},"clearTextFirst":true,"interactionType":"ENTER_TEXT"}]}
COMMAND: POST /session/4452d11a18149c318773b7ed397e9203/execute/async - {"script":"<script> [21 bytes]","args":[{"selector":{"id":"CreateDialog::xRFMxCU_ProgramType::ValidFrom-inner","searchOpenDialogs":true,"interaction":{"idSuffix":"inner"}},"wdio_ui5_key":"CreateDialogxRFMxCU_ProgramType::ValidFrom-inner"}]}
RESULT: {"script":"<script> [21 bytes]","args":[{"selector":{"id":"CreateDialog::xRFMxCU_ProgramType::ValidFrom-inner","searchOpenDialogs":true,"interaction":{"idSuffix":"inner"}},"wdio_ui5_key":"CreateDialogxRFMxCU_ProgramType::ValidFrom-inner"}]}
RESULT: undefined
COMMAND: POST /session/4452d11a18149c318773b7ed397e9203/execute/async - {"script":"<script> [21 bytes]","args":[{"element-6066-11e4-a52e-4f735466cecf":"f.3422B0875008D2F2EA8EA7B9092A2C7B.d.7C6D9371A420E9AC276871618AC50538.e.309"},"setValue",["2025-02-28"]]}
RESULT: {"script":"<script> [21 bytes]","args":[{"element-6066-11e4-a52e-4f735466cecf":"f.3422B0875008D2F2EA8EA7B9092A2C7B.d.7C6D9371A420E9AC276871618AC50538.e.309"},"setValue",["2025-02-28"]]}
COMMAND: POST /session/4452d11a18149c318773b7ed397e9203/execute/async - {"script":"<script> [21 bytes]","args":[{"selector":{"id":"CreateDialog::xRFMxCU_ProgramType::PortfolioId-inner","searchOpenDialogs":true,"interaction":{"idSuffix":"inner"}},"wdio_ui5_key":"CreateDialogxRFMxCU_ProgramType::PortfolioId-inner"}]}
RESULT: {"script":"<script> [21 bytes]","args":[{"selector":{"id":"CreateDialog::xRFMxCU_ProgramType::PortfolioId-inner","searchOpenDialogs":true,"interaction":{"idSuffix":"inner"}},"wdio_ui5_key":"CreateDialogxRFMxCU_ProgramType::PortfolioId-inner"}]}
RESULT: undefined
COMMAND: POST /session/4452d11a18149c318773b7ed397e9203/execute/async - {"script":"<script> [20 bytes]","args":[{"enterText":"2","selector":{"id":"CreateDialog::xRFMxCU_ProgramType::PortfolioId-inner","searchOpenDialogs":true,"interaction":{"idSuffix":"inner"}},"clearTextFirst":true,"interactionType":"ENTER_TEXT"}]}
RESULT: {"script":"<script> [20 bytes]","args":[{"enterText":"2","selector":{"id":"CreateDialog::xRFMxCU_ProgramType::PortfolioId-inner","searchOpenDialogs":true,"interaction":{"idSuffix":"inner"}},"clearTextFirst":true,"interactionType":"ENTER_TEXT"}]}
COMMAND: POST /session/4452d11a18149c318773b7ed397e9203/execute/async - {"script":"<script> [21 bytes]","args":[{"forceSelect":true,"selector":{"controlType":"sap.m.Button","viewName":"sap.fe.templates.ObjectPage.ObjectPage","viewId":"rfm.programui::xRFMxCU_ProgramObjectPage","properties":{"text":"Continue"},"searchOpenDialogs":true,"interaction":{"idSuffix":"BDI-content"}},"wdio_ui5_key":"sapfe.templates.ObjectPage.ObjectPagesap.m.Button{\"text\":\"Continue\"}"}]}
RESULT: {"script":"<script> [21 bytes]","args":[{"forceSelect":true,"selector":{"controlType":"sap.m.Button","viewName":"sap.fe.templates.ObjectPage.ObjectPage","viewId":"rfm.programui::xRFMxCU_ProgramObjectPage","properties":{"text":"Continue"},"searchOpenDialogs":true,"interaction":{"idSuffix":"BDI-content"}},"wdio_ui5_key":"sapfe.templates.ObjectPage.ObjectPagesap.m.Button{\"text\":\"Continue\"}"}]}
RESULT: undefined
COMMAND: POST /session/4452d11a18149c318773b7ed397e9203/element - {"using":"xpath","value":"//*[@id=\"__button187\"]"}
RESULT: {"using":"xpath","value":"//*[@id=\"__button187\"]"}
COMMAND: POST /session/4452d11a18149c318773b7ed397e9203/element/f.3422B0875008D2F2EA8EA7B9092A2C7B.d.7C6D9371A420E9AC276871618AC50538.e.319/click - {}
RESULT: {}
COMMAND: POST /session/4452d11a18149c318773b7ed397e9203/execute/async - {"script":"<script> [21 bytes]","args":[{"selector":{"id":"rfm.programui::xRFMxCU_ProgramObjectPage--fe::CustomSubSection::CustomDetailsSection--fe::FormContainer::FieldGroup::basicData1::FormElement::DataField::Currency::Field-edit-inner","interaction":{"idSuffix":"inner"}},"wdio_ui5_key":"rfmprogramui::xRFMxCU_ProgramObjectPage--fe::CustomSubSection::CustomDetailsSection--fe::FormContainer::FieldGroup::basicData1::FormElement::DataField::Currency::Field-edit-inner"}]}
COMMAND: GET /session/4452d11a18149c318773b7ed397e9203/screenshot - {}
RESULT: {"script":"<script> [21 bytes]","args":[{"selector":{"id":"rfm.programui::xRFMxCU_ProgramObjectPage--fe::CustomSubSection::CustomDetailsSection--fe::FormContainer::FieldGroup::basicData1::FormElement::DataField::Currency::Field-edit-inner","interaction":{"idSuffix":"inner"}},"wdio_ui5_key":"rfmprogramui::xRFMxCU_ProgramObjectPage--fe::CustomSubSection::CustomDetailsSection--fe::FormContainer::FieldGroup::basicData1::FormElement::DataField::Currency::Field-edit-inner"}]}
RESULT: undefined
COMMAND: POST /session/4452d11a18149c318773b7ed397e9203/execute/async - {"script":"<script> [20 bytes]","args":[{"enterText":"EUR","selector":{"id":"rfm.programui::xRFMxCU_ProgramObjectPage--fe::CustomSubSection::CustomDetailsSection--fe::FormContainer::FieldGroup::basicData1::FormElement::DataField::Currency::Field-edit-inner","interaction":{"idSuffix":"inner"}},"clearTextFirst":true,"interactionType":"ENTER_TEXT"}]}
RESULT: {}
RESULT: {"script":"<script> [20 bytes]","args":[{"enterText":"EUR","selector":{"id":"rfm.programui::xRFMxCU_ProgramObjectPage--fe::CustomSubSection::CustomDetailsSection--fe::FormContainer::FieldGroup::basicData1::FormElement::DataField::Currency::Field-edit-inner","interaction":{"idSuffix":"inner"}},"clearTextFirst":true,"interactionType":"ENTER_TEXT"}]}
COMMAND: POST /session/4452d11a18149c318773b7ed397e9203/execute/async - {"script":"<script> [21 bytes]","args":[{"selector":{"id":"rfm.programui::xRFMxCU_ProgramObjectPage--fe::CustomSubSection::CustomDetailsSection--fe::FormContainer::FieldGroup::basicData1::FormElement::DataField::ValidTo::Field-edit","interaction":{"idSuffix":"inner"}},"wdio_ui5_key":"rfmprogramui::xRFMxCU_ProgramObjectPage--fe::CustomSubSection::CustomDetailsSection--fe::FormContainer::FieldGroup::basicData1::FormElement::DataField::ValidTo::Field-edit"}]}
RESULT: {"script":"<script> [21 bytes]","args":[{"selector":{"id":"rfm.programui::xRFMxCU_ProgramObjectPage--fe::CustomSubSection::CustomDetailsSection--fe::FormContainer::FieldGroup::basicData1::FormElement::DataField::ValidTo::Field-edit","interaction":{"idSuffix":"inner"}},"wdio_ui5_key":"rfmprogramui::xRFMxCU_ProgramObjectPage--fe::CustomSubSection::CustomDetailsSection--fe::FormContainer::FieldGroup::basicData1::FormElement::DataField::ValidTo::Field-edit"}]}
RESULT: undefined
COMMAND: POST /session/4452d11a18149c318773b7ed397e9203/execute/async - {"script":"<script> [21 bytes]","args":[{"element-6066-11e4-a52e-4f735466cecf":"f.3422B0875008D2F2EA8EA7B9092A2C7B.d.7C6D9371A420E9AC276871618AC50538.e.358"},"setValue",["2027-12-31"]]}
RESULT: {"script":"<script> [21 bytes]","args":[{"element-6066-11e4-a52e-4f735466cecf":"f.3422B0875008D2F2EA8EA7B9092A2C7B.d.7C6D9371A420E9AC276871618AC50538.e.358"},"setValue",["2027-12-31"]]}
COMMAND: POST /session/4452d11a18149c318773b7ed397e9203/execute/async - {"script":"<script> [21 bytes]","args":[{"selector":{"id":"rfm.programui::xRFMxCU_ProgramObjectPage--fe::CustomSubSection::CustomDetailsSection--fe::FormContainer::FieldGroup::basicData2::FormElement::DataField::CompanyCode::Field-edit-inner-vhi"},"wdio_ui5_key":"rfmprogramui::xRFMxCU_ProgramObjectPage--fe::CustomSubSection::CustomDetailsSection--fe::FormContainer::FieldGroup::basicData2::FormElement::DataField::CompanyCode::Field-edit-inner-vhi"}]}
RESULT: {"script":"<script> [21 bytes]","args":[{"selector":{"id":"rfm.programui::xRFMxCU_ProgramObjectPage--fe::CustomSubSection::CustomDetailsSection--fe::FormContainer::FieldGroup::basicData2::FormElement::DataField::CompanyCode::Field-edit-inner-vhi"},"wdio_ui5_key":"rfmprogramui::xRFMxCU_ProgramObjectPage--fe::CustomSubSection::CustomDetailsSection--fe::FormContainer::FieldGroup::basicData2::FormElement::DataField::CompanyCode::Field-edit-inner-vhi"}]}
RESULT: undefined
COMMAND: POST /session/4452d11a18149c318773b7ed397e9203/element - {"using":"xpath","value":"//*[@id=\"rfm.programui::xRFMxCU_ProgramObjectPage--fe::CustomSubSection::CustomDetailsSection--fe::FormContainer::FieldGroup::basicData2::FormElement::DataField::CompanyCode::Field-edit-inner-vhi\"]"}
RESULT: {"using":"xpath","value":"//*[@id=\"rfm.programui::xRFMxCU_ProgramObjectPage--fe::CustomSubSection::CustomDetailsSection--fe::FormContainer::FieldGroup::basicData2::FormElement::DataField::CompanyCode::Field-edit-inner-vhi\"]"}
COMMAND: POST /session/4452d11a18149c318773b7ed397e9203/element/f.3422B0875008D2F2EA8EA7B9092A2C7B.d.7C6D9371A420E9AC276871618AC50538.e.367/click - {}
RESULT: {}
RESULT: undefined
COMMAND: POST /session/4452d11a18149c318773b7ed397e9203/element - {"using":"xpath","value":"//*[@id=\"rfm.programui::xRFMxCU_ProgramObjectPage--fe::CustomSubSection::CustomDetailsSection--fe::FormContainer::FieldGroup::basicData2::FormElement::DataField::CompanyCode::Field-edit-inner-vhi\"]"}
COMMAND: GET /session/4452d11a18149c318773b7ed397e9203/screenshot - {}
RESULT: {"using":"xpath","value":"//*[@id=\"rfm.programui::xRFMxCU_ProgramObjectPage--fe::CustomSubSection::CustomDetailsSection--fe::FormContainer::FieldGroup::basicData2::FormElement::DataField::CompanyCode::Field-edit-inner-vhi\"]"}
COMMAND: POST /session/4452d11a18149c318773b7ed397e9203/element/f.3422B0875008D2F2EA8EA7B9092A2C7B.d.7C6D9371A420E9AC276871618AC50538.e.367/click - {}
RESULT: {}
RESULT: {}
COMMAND: POST /session/4452d11a18149c318773b7ed397e9203/execute/async - {"script":"<script> [21 bytes]","args":[{"selector":{"id":"rfm.programui::xRFMxCU_ProgramObjectPage--fe::CustomSubSection::CustomDetailsSection--DetailsFundingTypesTable-content::StandardAction::Create","interaction":{"idSuffix":"BDI-content"}},"wdio_ui5_key":"rfmprogramui::xRFMxCU_ProgramObjectPage--fe::CustomSubSection::CustomDetailsSection--DetailsFundingTypesTable-content::StandardAction::Create"}]}
COMMAND: GET /session/4452d11a18149c318773b7ed397e9203/screenshot - {}
RESULT: {"script":"<script> [21 bytes]","args":[{"selector":{"id":"rfm.programui::xRFMxCU_ProgramObjectPage--fe::CustomSubSection::CustomDetailsSection--DetailsFundingTypesTable-content::StandardAction::Create","interaction":{"idSuffix":"BDI-content"}},"wdio_ui5_key":"rfmprogramui::xRFMxCU_ProgramObjectPage--fe::CustomSubSection::CustomDetailsSection--DetailsFundingTypesTable-content::StandardAction::Create"}]}
RESULT: undefined
COMMAND: POST /session/4452d11a18149c318773b7ed397e9203/element - {"using":"xpath","value":"//*[@id=\"rfm.programui::xRFMxCU_ProgramObjectPage--fe::CustomSubSection::CustomDetailsSection--DetailsFundingTypesTable-content::StandardAction::Create\"]"}
RESULT: {}
RESULT: {"using":"xpath","value":"//*[@id=\"rfm.programui::xRFMxCU_ProgramObjectPage--fe::CustomSubSection::CustomDetailsSection--DetailsFundingTypesTable-content::StandardAction::Create\"]"}
COMMAND: POST /session/4452d11a18149c318773b7ed397e9203/element/f.3422B0875008D2F2EA8EA7B9092A2C7B.d.7C6D9371A420E9AC276871618AC50538.e.370/click - {}
RESULT: {}
COMMAND: POST /session/4452d11a18149c318773b7ed397e9203/execute/async - {"script":"<script> [21 bytes]","args":[{"selector":{"id":"CreateDialog::xRFMxCU_ProgramFundingTypeType::FundingType-inner-vhi","searchOpenDialogs":true},"wdio_ui5_key":"CreateDialogxRFMxCU_ProgramFundingTypeType::FundingType-inner-vhi"}]}
COMMAND: GET /session/4452d11a18149c318773b7ed397e9203/screenshot - {}
RESULT: {"script":"<script> [21 bytes]","args":[{"selector":{"id":"CreateDialog::xRFMxCU_ProgramFundingTypeType::FundingType-inner-vhi","searchOpenDialogs":true},"wdio_ui5_key":"CreateDialogxRFMxCU_ProgramFundingTypeType::FundingType-inner-vhi"}]}
RESULT: undefined
COMMAND: POST /session/4452d11a18149c318773b7ed397e9203/execute/async - {"script":"<script> [21 bytes]","args":[{"selector":{"id":"CreateDialog::xRFMxCU_ProgramFundingTypeType::FundingType-inner","searchOpenDialogs":true,"interaction":{"idSuffix":"inner"}},"wdio_ui5_key":"CreateDialogxRFMxCU_ProgramFundingTypeType::FundingType-inner"}]}
RESULT: {}
RESULT: {"script":"<script> [21 bytes]","args":[{"selector":{"id":"CreateDialog::xRFMxCU_ProgramFundingTypeType::FundingType-inner","searchOpenDialogs":true,"interaction":{"idSuffix":"inner"}},"wdio_ui5_key":"CreateDialogxRFMxCU_ProgramFundingTypeType::FundingType-inner"}]}
RESULT: undefined
COMMAND: POST /session/4452d11a18149c318773b7ed397e9203/execute/async - {"script":"<script> [20 bytes]","args":[{"enterText":"10","selector":{"id":"CreateDialog::xRFMxCU_ProgramFundingTypeType::FundingType-inner","searchOpenDialogs":true,"interaction":{"idSuffix":"inner"}},"clearTextFirst":true,"interactionType":"ENTER_TEXT"}]}
RESULT: {"script":"<script> [20 bytes]","args":[{"enterText":"10","selector":{"id":"CreateDialog::xRFMxCU_ProgramFundingTypeType::FundingType-inner","searchOpenDialogs":true,"interaction":{"idSuffix":"inner"}},"clearTextFirst":true,"interactionType":"ENTER_TEXT"}]}
COMMAND: POST /session/4452d11a18149c318773b7ed397e9203/execute/async - {"script":"<script> [21 bytes]","args":[{"selector":{"id":"CreateDialog::xRFMxCU_Program::_AllowedFundingType-footer","searchOpenDialogs":true},"wdio_ui5_key":"CreateDialogxRFMxCU_Program::_AllowedFundingType-footer"}]}
RESULT: {"script":"<script> [21 bytes]","args":[{"selector":{"id":"CreateDialog::xRFMxCU_Program::_AllowedFundingType-footer","searchOpenDialogs":true},"wdio_ui5_key":"CreateDialogxRFMxCU_Program::_AllowedFundingType-footer"}]}
RESULT: undefined
COMMAND: POST /session/4452d11a18149c318773b7ed397e9203/element - {"using":"xpath","value":"//*[@id=\"CreateDialog::xRFMxCU_Program::_AllowedFundingType-footer\"]"}
RESULT: {"using":"xpath","value":"//*[@id=\"CreateDialog::xRFMxCU_Program::_AllowedFundingType-footer\"]"}
COMMAND: POST /session/4452d11a18149c318773b7ed397e9203/element/f.3422B0875008D2F2EA8EA7B9092A2C7B.d.7C6D9371A420E9AC276871618AC50538.e.518/click - {}
RESULT: {}
COMMAND: POST /session/4452d11a18149c318773b7ed397e9203/execute/async - {"script":"<script> [21 bytes]","args":[{"forceSelect":true,"selector":{"controlType":"sap.m.Button","viewName":"sap.fe.templates.ObjectPage.ObjectPage","viewId":"rfm.programui::xRFMxCU_Program__AllowedFundingTypeObjectPage","properties":{"text":"Continue"},"searchOpenDialogs":true,"interaction":{"idSuffix":"BDI-content"}},"wdio_ui5_key":"sapfe.templates.ObjectPage.ObjectPagesap.m.Button{\"text\":\"Continue\"}"}]}
COMMAND: GET /session/4452d11a18149c318773b7ed397e9203/screenshot - {}
RESULT: {"script":"<script> [21 bytes]","args":[{"forceSelect":true,"selector":{"controlType":"sap.m.Button","viewName":"sap.fe.templates.ObjectPage.ObjectPage","viewId":"rfm.programui::xRFMxCU_Program__AllowedFundingTypeObjectPage","properties":{"text":"Continue"},"searchOpenDialogs":true,"interaction":{"idSuffix":"BDI-content"}},"wdio_ui5_key":"sapfe.templates.ObjectPage.ObjectPagesap.m.Button{\"text\":\"Continue\"}"}]}
RESULT: undefined
COMMAND: POST /session/4452d11a18149c318773b7ed397e9203/element - {"using":"xpath","value":"//*[@id=\"__button199\"]"}
RESULT: {}
RESULT: {"using":"xpath","value":"//*[@id=\"__button199\"]"}
COMMAND: POST /session/4452d11a18149c318773b7ed397e9203/element/f.3422B0875008D2F2EA8EA7B9092A2C7B.d.7C6D9371A420E9AC276871618AC50538.e.520/click - {}
RESULT: {}
COMMAND: POST /session/4452d11a18149c318773b7ed397e9203/execute/async - {"script":"<script> [21 bytes]","args":[{"selector":{"id":"rfm.programui::xRFMxCU_Program__AllowedFundingTypeObjectPage--fe::FooterBar::StandardAction::Apply","interaction":{"idSuffix":"BDI-content"}},"wdio_ui5_key":"rfmprogramui::xRFMxCU_Program__AllowedFundingTypeObjectPage--fe::FooterBar::StandardAction::Apply"}]}
COMMAND: GET /session/4452d11a18149c318773b7ed397e9203/screenshot - {}
RESULT: {"script":"<script> [21 bytes]","args":[{"selector":{"id":"rfm.programui::xRFMxCU_Program__AllowedFundingTypeObjectPage--fe::FooterBar::StandardAction::Apply","interaction":{"idSuffix":"BDI-content"}},"wdio_ui5_key":"rfmprogramui::xRFMxCU_Program__AllowedFundingTypeObjectPage--fe::FooterBar::StandardAction::Apply"}]}
RESULT: undefined
COMMAND: POST /session/4452d11a18149c318773b7ed397e9203/element - {"using":"xpath","value":"//*[@id=\"rfm.programui::xRFMxCU_Program__AllowedFundingTypeObjectPage--fe::FooterBar::StandardAction::Apply\"]"}
RESULT: {}
RESULT: {"using":"xpath","value":"//*[@id=\"rfm.programui::xRFMxCU_Program__AllowedFundingTypeObjectPage--fe::FooterBar::StandardAction::Apply\"]"}
COMMAND: POST /session/4452d11a18149c318773b7ed397e9203/element/f.3422B0875008D2F2EA8EA7B9092A2C7B.d.7C6D9371A420E9AC276871618AC50538.e.510/click - {}
RESULT: {}
COMMAND: POST /session/4452d11a18149c318773b7ed397e9203/execute/async - {"script":"<script> [21 bytes]","args":[{"selector":{"id":"rfm.programui::xRFMxCU_ProgramObjectPage--fe::ObjectPage-anchBar-rfm.programui::xRFMxCU_ProgramObjectPage--fe::EditableHeaderSection-anchor","interaction":{"idSuffix":"text"}},"wdio_ui5_key":"rfmprogramui::xRFMxCU_ProgramObjectPage--fe::ObjectPage-anchBar-rfm.programui::xRFMxCU_ProgramObjectPage--fe::EditableHeaderSection-anchor"}]}
COMMAND: GET /session/4452d11a18149c318773b7ed397e9203/screenshot - {}
RESULT: {"script":"<script> [21 bytes]","args":[{"selector":{"id":"rfm.programui::xRFMxCU_ProgramObjectPage--fe::ObjectPage-anchBar-rfm.programui::xRFMxCU_ProgramObjectPage--fe::EditableHeaderSection-anchor","interaction":{"idSuffix":"text"}},"wdio_ui5_key":"rfmprogramui::xRFMxCU_ProgramObjectPage--fe::ObjectPage-anchBar-rfm.programui::xRFMxCU_ProgramObjectPage--fe::EditableHeaderSection-anchor"}]}
RESULT: undefined
COMMAND: POST /session/4452d11a18149c318773b7ed397e9203/element - {"using":"xpath","value":"//*[@id=\"rfm.programui::xRFMxCU_ProgramObjectPage--fe::ObjectPage-anchBar-rfm.programui::xRFMxCU_ProgramObjectPage--fe::EditableHeaderSection-anchor\"]"}
RESULT: {}
RESULT: {"using":"xpath","value":"//*[@id=\"rfm.programui::xRFMxCU_ProgramObjectPage--fe::ObjectPage-anchBar-rfm.programui::xRFMxCU_ProgramObjectPage--fe::EditableHeaderSection-anchor\"]"}
COMMAND: POST /session/4452d11a18149c318773b7ed397e9203/element/f.3422B0875008D2F2EA8EA7B9092A2C7B.d.7C6D9371A420E9AC276871618AC50538.e.571/click - {}
RESULT: {}
COMMAND: POST /session/4452d11a18149c318773b7ed397e9203/execute/async - {"script":"<script> [21 bytes]","args":[{"selector":{"id":"rfm.programui::xRFMxCU_ProgramObjectPage--fe::HeaderFacet::FormContainer::headerFieldsGP1::FormElement::DataField::Name::Field-edit","interaction":{"idSuffix":"inner"}},"wdio_ui5_key":"rfmprogramui::xRFMxCU_ProgramObjectPage--fe::HeaderFacet::FormContainer::headerFieldsGP1::FormElement::DataField::Name::Field-edit"}]}
COMMAND: GET /session/4452d11a18149c318773b7ed397e9203/screenshot - {}
RESULT: {"script":"<script> [21 bytes]","args":[{"selector":{"id":"rfm.programui::xRFMxCU_ProgramObjectPage--fe::HeaderFacet::FormContainer::headerFieldsGP1::FormElement::DataField::Name::Field-edit","interaction":{"idSuffix":"inner"}},"wdio_ui5_key":"rfmprogramui::xRFMxCU_ProgramObjectPage--fe::HeaderFacet::FormContainer::headerFieldsGP1::FormElement::DataField::Name::Field-edit"}]}
RESULT: undefined
COMMAND: POST /session/4452d11a18149c318773b7ed397e9203/execute/async - {"script":"<script> [20 bytes]","args":[{"enterText":"WDIO_2025-08-05","selector":{"id":"rfm.programui::xRFMxCU_ProgramObjectPage--fe::HeaderFacet::FormContainer::headerFieldsGP1::FormElement::DataField::Name::Field-edit","interaction":{"idSuffix":"inner"}},"clearTextFirst":true,"interactionType":"ENTER_TEXT"}]}
RESULT: {}
RESULT: {"script":"<script> [20 bytes]","args":[{"enterText":"WDIO_2025-08-05","selector":{"id":"rfm.programui::xRFMxCU_ProgramObjectPage--fe::HeaderFacet::FormContainer::headerFieldsGP1::FormElement::DataField::Name::Field-edit","interaction":{"idSuffix":"inner"}},"clearTextFirst":true,"interactionType":"ENTER_TEXT"}]}
COMMAND: POST /session/4452d11a18149c318773b7ed397e9203/execute/async - {"script":"<script> [21 bytes]","args":[{"selector":{"id":"rfm.programui::xRFMxCU_ProgramObjectPage--fe::FooterBar::StandardAction::Save","interaction":{"idSuffix":"BDI-content"}},"wdio_ui5_key":"rfmprogramui::xRFMxCU_ProgramObjectPage--fe::FooterBar::StandardAction::Save"}]}
RESULT: {"script":"<script> [21 bytes]","args":[{"selector":{"id":"rfm.programui::xRFMxCU_ProgramObjectPage--fe::FooterBar::StandardAction::Save","interaction":{"idSuffix":"BDI-content"}},"wdio_ui5_key":"rfmprogramui::xRFMxCU_ProgramObjectPage--fe::FooterBar::StandardAction::Save"}]}
RESULT: undefined
COMMAND: POST /session/4452d11a18149c318773b7ed397e9203/element - {"using":"xpath","value":"//*[@id=\"rfm.programui::xRFMxCU_ProgramObjectPage--fe::FooterBar::StandardAction::Save\"]"}
RESULT: {"using":"xpath","value":"//*[@id=\"rfm.programui::xRFMxCU_ProgramObjectPage--fe::FooterBar::StandardAction::Save\"]"}
COMMAND: POST /session/4452d11a18149c318773b7ed397e9203/element/f.3422B0875008D2F2EA8EA7B9092A2C7B.d.7C6D9371A420E9AC276871618AC50538.e.423/click - {}
RESULT: {}
COMMAND: POST /session/4452d11a18149c318773b7ed397e9203/execute/async - {"script":"<script> [21 bytes]","args":[{"selector":{"id":"rfm.programui::xRFMxCU_ProgramObjectPage--fe::HeaderFacet::Form::headerFieldsGP1::DataField::ProgramId::Field-content"},"wdio_ui5_key":"rfmprogramui::xRFMxCU_ProgramObjectPage--fe::HeaderFacet::Form::headerFieldsGP1::DataField::ProgramId::Field-content"}]}
COMMAND: GET /session/4452d11a18149c318773b7ed397e9203/screenshot - {}
RESULT: {"script":"<script> [21 bytes]","args":[{"selector":{"id":"rfm.programui::xRFMxCU_ProgramObjectPage--fe::HeaderFacet::Form::headerFieldsGP1::DataField::ProgramId::Field-content"},"wdio_ui5_key":"rfmprogramui::xRFMxCU_ProgramObjectPage--fe::HeaderFacet::Form::headerFieldsGP1::DataField::ProgramId::Field-content"}]}
RESULT: undefined
COMMAND: POST /session/4452d11a18149c318773b7ed397e9203/execute/async - {"script":"<script> [21 bytes]","args":[{"element-6066-11e4-a52e-4f735466cecf":"f.3422B0875008D2F2EA8EA7B9092A2C7B.d.7C6D9371A420E9AC276871618AC50538.e.587"},"getText",[]]}
RESULT: {}
RESULT: {"script":"<script> [21 bytes]","args":[{"element-6066-11e4-a52e-4f735466cecf":"f.3422B0875008D2F2EA8EA7B9092A2C7B.d.7C6D9371A420E9AC276871618AC50538.e.587"},"getText",[]]}
COMMAND: POST /session/4452d11a18149c318773b7ed397e9203/execute/async - {"script":"<script> [21 bytes]","args":[{"selector":{"id":"rfm.programui::xRFMxCU_ProgramObjectPage--fe::DataFieldForAction::com.sap.gateway.srvd.rfm.ui_program.v0001.Open::com.sap.gateway.srvd.rfm.ui_program.v0001.xRFMxCU_ProgramType","interaction":{"idSuffix":"BDI-content"}},"wdio_ui5_key":"rfmprogramui::xRFMxCU_ProgramObjectPage--fe::DataFieldForAction::com.sap.gateway.srvd.rfm.ui_program.v0001.Open::com.sap.gateway.srvd.rfm.ui_program.v0001.xRFMxCU_ProgramType"}]}
RESULT: {"script":"<script> [21 bytes]","args":[{"selector":{"id":"rfm.programui::xRFMxCU_ProgramObjectPage--fe::DataFieldForAction::com.sap.gateway.srvd.rfm.ui_program.v0001.Open::com.sap.gateway.srvd.rfm.ui_program.v0001.xRFMxCU_ProgramType","interaction":{"idSuffix":"BDI-content"}},"wdio_ui5_key":"rfmprogramui::xRFMxCU_ProgramObjectPage--fe::DataFieldForAction::com.sap.gateway.srvd.rfm.ui_program.v0001.Open::com.sap.gateway.srvd.rfm.ui_program.v0001.xRFMxCU_ProgramType"}]}
RESULT: undefined
COMMAND: POST /session/4452d11a18149c318773b7ed397e9203/element - {"using":"xpath","value":"//*[@id=\"rfm.programui::xRFMxCU_ProgramObjectPage--fe::DataFieldForAction::com.sap.gateway.srvd.rfm.ui_program.v0001.Open::com.sap.gateway.srvd.rfm.ui_program.v0001.xRFMxCU_ProgramType\"]"}
RESULT: {"using":"xpath","value":"//*[@id=\"rfm.programui::xRFMxCU_ProgramObjectPage--fe::DataFieldForAction::com.sap.gateway.srvd.rfm.ui_program.v0001.Open::com.sap.gateway.srvd.rfm.ui_program.v0001.xRFMxCU_ProgramType\"]"}
COMMAND: POST /session/4452d11a18149c318773b7ed397e9203/element/f.3422B0875008D2F2EA8EA7B9092A2C7B.d.7C6D9371A420E9AC276871618AC50538.e.350/click - {}
RESULT: {}
COMMAND: POST /session/4452d11a18149c318773b7ed397e9203/execute/async - {"script":"<script> [21 bytes]","args":[{"selector":{"controlType":"sap.m.Button","properties":{"text":"OK"},"searchOpenDialogs":true,"interaction":{"idSuffix":"BDI-content"}},"wdio_ui5_key":"sapm.Button{\"text\":\"OK\"}"}]}
COMMAND: GET /session/4452d11a18149c318773b7ed397e9203/screenshot - {}
RESULT: {"script":"<script> [21 bytes]","args":[{"selector":{"controlType":"sap.m.Button","properties":{"text":"OK"},"searchOpenDialogs":true,"interaction":{"idSuffix":"BDI-content"}},"wdio_ui5_key":"sapm.Button{\"text\":\"OK\"}"}]}
RESULT: undefined
COMMAND: POST /session/4452d11a18149c318773b7ed397e9203/element - {"using":"xpath","value":"//*[@id=\"__mbox-btn-0\"]"}
RESULT: {}
RESULT: {"using":"xpath","value":"//*[@id=\"__mbox-btn-0\"]"}
COMMAND: POST /session/4452d11a18149c318773b7ed397e9203/element/f.3422B0875008D2F2EA8EA7B9092A2C7B.d.7C6D9371A420E9AC276871618AC50538.e.590/click - {}
RESULT: {}
COMMAND: POST /session/4452d11a18149c318773b7ed397e9203/execute/async - {"script":"<script> [21 bytes]","args":[{"selector":{"id":"backBtn"},"wdio_ui5_key":"backBtn"}]}
COMMAND: GET /session/4452d11a18149c318773b7ed397e9203/screenshot - {}
RESULT: {"script":"<script> [21 bytes]","args":[{"selector":{"id":"backBtn"},"wdio_ui5_key":"backBtn"}]}
RESULT: undefined
COMMAND: POST /session/4452d11a18149c318773b7ed397e9203/element - {"using":"xpath","value":"//*[@id=\"backBtn\"]"}
RESULT: {}
RESULT: {"using":"xpath","value":"//*[@id=\"backBtn\"]"}
COMMAND: POST /session/4452d11a18149c318773b7ed397e9203/element/f.3422B0875008D2F2EA8EA7B9092A2C7B.d.7C6D9371A420E9AC276871618AC50538.e.594/click - {}
RESULT: {}
COMMAND: GET /session/4452d11a18149c318773b7ed397e9203/screenshot - {}
RESULT: {}
COMMAND: POST /session/4452d11a18149c318773b7ed397e9203/element/f.3422B0875008D2F2EA8EA7B9092A2C7B.d.7C6D9371A420E9AC276871618AC50538.e.594/click - {}
COMMAND: GET /session/4452d11a18149c318773b7ed397e9203/screenshot - {}
]]></system-out>
    </testcase>
    <testcase classname="chrome.138_0_7204_169.windows.Funding_Transaction" name="Should create Transaction" time="49.742">
      <system-out><![CDATA[
COMMAND: POST /session/4452d11a18149c318773b7ed397e9203/execute/async - {"script":"<script> [21 bytes]","args":[{"selector":{"controlType":"sap.m.GenericTile","properties":{"header":"Funding Transaction"}},"wdio_ui5_key":"sapm.GenericTile{\"header\":\"Funding Transaction\"}"}]}
RESULT: {}
COMMAND: GET /session/4452d11a18149c318773b7ed397e9203/screenshot - {}
RESULT: {}
RESULT: {"script":"<script> [21 bytes]","args":[{"selector":{"controlType":"sap.m.GenericTile","properties":{"header":"Funding Transaction"}},"wdio_ui5_key":"sapm.GenericTile{\"header\":\"Funding Transaction\"}"}]}
RESULT: undefined
COMMAND: POST /session/4452d11a18149c318773b7ed397e9203/element - {"using":"xpath","value":"//*[@id=\"__tile30\"]"}
RESULT: {}
RESULT: {"using":"xpath","value":"//*[@id=\"__tile30\"]"}
COMMAND: POST /session/4452d11a18149c318773b7ed397e9203/element/f.3422B0875008D2F2EA8EA7B9092A2C7B.d.7C6D9371A420E9AC276871618AC50538.e.687/click - {}
RESULT: {}
COMMAND: POST /session/4452d11a18149c318773b7ed397e9203/execute/async - {"script":"<script> [21 bytes]","args":[{"selector":{"id":"rfm.transactionui::xRFMxCU_TransactionList--fe::table::allTab::LineItem::StandardAction::Create","controlType":"sap.m.Button"},"wdio_ui5_key":"rfmtransactionui::xRFMxCU_TransactionList--fe::table::allTab::LineItem::StandardAction::Createsap.m.Button"}]}
COMMAND: GET /session/4452d11a18149c318773b7ed397e9203/screenshot - {}
RESULT: {"script":"<script> [21 bytes]","args":[{"selector":{"id":"rfm.transactionui::xRFMxCU_TransactionList--fe::table::allTab::LineItem::StandardAction::Create","controlType":"sap.m.Button"},"wdio_ui5_key":"rfmtransactionui::xRFMxCU_TransactionList--fe::table::allTab::LineItem::StandardAction::Createsap.m.Button"}]}
RESULT: undefined
COMMAND: POST /session/4452d11a18149c318773b7ed397e9203/element - {"using":"xpath","value":"//*[@id=\"rfm.transactionui::xRFMxCU_TransactionList--fe::table::allTab::LineItem::StandardAction::Create\"]"}
RESULT: {}
RESULT: {"using":"xpath","value":"//*[@id=\"rfm.transactionui::xRFMxCU_TransactionList--fe::table::allTab::LineItem::StandardAction::Create\"]"}
COMMAND: POST /session/4452d11a18149c318773b7ed397e9203/element/f.3422B0875008D2F2EA8EA7B9092A2C7B.d.7C6D9371A420E9AC276871618AC50538.e.745/click - {}
RESULT: {}
COMMAND: POST /session/4452d11a18149c318773b7ed397e9203/execute/async - {"script":"<script> [21 bytes]","args":[{"selector":{"id":"CreateDialog::xRFMxCU_TransactionType::ProgramId-inner-vhi","searchOpenDialogs":true},"wdio_ui5_key":"CreateDialogxRFMxCU_TransactionType::ProgramId-inner-vhi"}]}
COMMAND: GET /session/4452d11a18149c318773b7ed397e9203/screenshot - {}
RESULT: {"script":"<script> [21 bytes]","args":[{"selector":{"id":"CreateDialog::xRFMxCU_TransactionType::ProgramId-inner-vhi","searchOpenDialogs":true},"wdio_ui5_key":"CreateDialogxRFMxCU_TransactionType::ProgramId-inner-vhi"}]}
RESULT: undefined
COMMAND: POST /session/4452d11a18149c318773b7ed397e9203/element - {"using":"xpath","value":"//*[@id=\"CreateDialog::xRFMxCU_TransactionType::ProgramId-inner-vhi\"]"}
RESULT: {}
RESULT: {"using":"xpath","value":"//*[@id=\"CreateDialog::xRFMxCU_TransactionType::ProgramId-inner-vhi\"]"}
COMMAND: POST /session/4452d11a18149c318773b7ed397e9203/element/f.3422B0875008D2F2EA8EA7B9092A2C7B.d.7C6D9371A420E9AC276871618AC50538.e.911/click - {}
RESULT: {}
COMMAND: POST /session/4452d11a18149c318773b7ed397e9203/execute/async - {"script":"<script> [21 bytes]","args":[{"selector":{"id":"ProgramId::VH::Dialog::qualifier::-search-inner","searchOpenDialogs":true,"interaction":{"idSuffix":"I"}},"wdio_ui5_key":"ProgramIdVH::Dialog::qualifier::-search-inner"}]}
COMMAND: GET /session/4452d11a18149c318773b7ed397e9203/screenshot - {}
RESULT: {"script":"<script> [21 bytes]","args":[{"selector":{"id":"ProgramId::VH::Dialog::qualifier::-search-inner","searchOpenDialogs":true,"interaction":{"idSuffix":"I"}},"wdio_ui5_key":"ProgramIdVH::Dialog::qualifier::-search-inner"}]}
RESULT: undefined
COMMAND: POST /session/4452d11a18149c318773b7ed397e9203/execute/async - {"script":"<script> [20 bytes]","args":[{"enterText":"*1350*","selector":{"id":"ProgramId::VH::Dialog::qualifier::-search-inner","searchOpenDialogs":true,"interaction":{"idSuffix":"I"}},"clearTextFirst":true,"interactionType":"ENTER_TEXT"}]}
RESULT: {}
RESULT: {"script":"<script> [20 bytes]","args":[{"enterText":"*1350*","selector":{"id":"ProgramId::VH::Dialog::qualifier::-search-inner","searchOpenDialogs":true,"interaction":{"idSuffix":"I"}},"clearTextFirst":true,"interactionType":"ENTER_TEXT"}]}
COMMAND: POST /session/4452d11a18149c318773b7ed397e9203/execute/async - {"script":"<script> [21 bytes]","args":[{"selector":{"id":"ProgramId::VH::Dialog::qualifier::::Table-innerTable-rows-row0","searchOpenDialogs":true,"interaction":{"idSuffix":"col0"}},"wdio_ui5_key":"ProgramIdVH::Dialog::qualifier::::Table-innerTable-rows-row0"}]}
RESULT: {"script":"<script> [21 bytes]","args":[{"selector":{"id":"ProgramId::VH::Dialog::qualifier::::Table-innerTable-rows-row0","searchOpenDialogs":true,"interaction":{"idSuffix":"col0"}},"wdio_ui5_key":"ProgramIdVH::Dialog::qualifier::::Table-innerTable-rows-row0"}]}
RESULT: undefined
COMMAND: POST /session/4452d11a18149c318773b7ed397e9203/element - {"using":"xpath","value":"//*[@id=\"ProgramId::VH::Dialog::qualifier::::Table-innerTable-rows-row0\"]"}
RESULT: {"using":"xpath","value":"//*[@id=\"ProgramId::VH::Dialog::qualifier::::Table-innerTable-rows-row0\"]"}
COMMAND: POST /session/4452d11a18149c318773b7ed397e9203/element/f.3422B0875008D2F2EA8EA7B9092A2C7B.d.7C6D9371A420E9AC276871618AC50538.e.922/click - {}
RESULT: {}
COMMAND: GET /session/4452d11a18149c318773b7ed397e9203/screenshot - {}
RESULT: {}
COMMAND: POST /session/4452d11a18149c318773b7ed397e9203/execute/async - {"script":"<script> [21 bytes]","args":[{"selector":{"id":"CreateDialog::xRFMxCU_Transaction-footer","searchOpenDialogs":true},"wdio_ui5_key":"CreateDialogxRFMxCU_Transaction-footer"}]}
RESULT: {"script":"<script> [21 bytes]","args":[{"selector":{"id":"CreateDialog::xRFMxCU_Transaction-footer","searchOpenDialogs":true},"wdio_ui5_key":"CreateDialogxRFMxCU_Transaction-footer"}]}
RESULT: undefined
COMMAND: POST /session/4452d11a18149c318773b7ed397e9203/element - {"using":"xpath","value":"//*[@id=\"CreateDialog::xRFMxCU_Transaction-footer\"]"}
RESULT: {"using":"xpath","value":"//*[@id=\"CreateDialog::xRFMxCU_Transaction-footer\"]"}
COMMAND: POST /session/4452d11a18149c318773b7ed397e9203/element/f.3422B0875008D2F2EA8EA7B9092A2C7B.d.7C6D9371A420E9AC276871618AC50538.e.924/click - {}
RESULT: {}
COMMAND: POST /session/4452d11a18149c318773b7ed397e9203/execute/async - {"script":"<script> [21 bytes]","args":[{"forceSelect":true,"selector":{"controlType":"sap.m.Button","viewName":"sap.fe.templates.ObjectPage.ObjectPage","viewId":"rfm.transactionui::xRFMxCU_TransactionObjectPage","properties":{"text":"Continue"},"searchOpenDialogs":true,"interaction":{"idSuffix":"BDI-content"}},"wdio_ui5_key":"sapfe.templates.ObjectPage.ObjectPagesap.m.Button{\"text\":\"Continue\"}"}]}
COMMAND: GET /session/4452d11a18149c318773b7ed397e9203/screenshot - {}
RESULT: {"script":"<script> [21 bytes]","args":[{"forceSelect":true,"selector":{"controlType":"sap.m.Button","viewName":"sap.fe.templates.ObjectPage.ObjectPage","viewId":"rfm.transactionui::xRFMxCU_TransactionObjectPage","properties":{"text":"Continue"},"searchOpenDialogs":true,"interaction":{"idSuffix":"BDI-content"}},"wdio_ui5_key":"sapfe.templates.ObjectPage.ObjectPagesap.m.Button{\"text\":\"Continue\"}"}]}
RESULT: undefined
COMMAND: POST /session/4452d11a18149c318773b7ed397e9203/element - {"using":"xpath","value":"//*[@id=\"__button245\"]"}
RESULT: {}
RESULT: {"using":"xpath","value":"//*[@id=\"__button245\"]"}
COMMAND: POST /session/4452d11a18149c318773b7ed397e9203/element/f.3422B0875008D2F2EA8EA7B9092A2C7B.d.7C6D9371A420E9AC276871618AC50538.e.926/click - {}
RESULT: {}
COMMAND: POST /session/4452d11a18149c318773b7ed397e9203/execute/async - {"script":"<script> [21 bytes]","args":[{"selector":{"id":"rfm.transactionui::xRFMxCU_TransactionObjectPage--fe::CustomSubSection::CustomDetailsSection--fe::FormContainer::FieldGroup::Term::FormElement::DataField::AssetCashflowDateFrom::Field-edit","interaction":{"idSuffix":"inner"}},"wdio_ui5_key":"rfmtransactionui::xRFMxCU_TransactionObjectPage--fe::CustomSubSection::CustomDetailsSection--fe::FormContainer::FieldGroup::Term::FormElement::DataField::AssetCashflowDateFrom::Field-edit"}]}
COMMAND: GET /session/4452d11a18149c318773b7ed397e9203/screenshot - {}
RESULT: {"script":"<script> [21 bytes]","args":[{"selector":{"id":"rfm.transactionui::xRFMxCU_TransactionObjectPage--fe::CustomSubSection::CustomDetailsSection--fe::FormContainer::FieldGroup::Term::FormElement::DataField::AssetCashflowDateFrom::Field-edit","interaction":{"idSuffix":"inner"}},"wdio_ui5_key":"rfmtransactionui::xRFMxCU_TransactionObjectPage--fe::CustomSubSection::CustomDetailsSection--fe::FormContainer::FieldGroup::Term::FormElement::DataField::AssetCashflowDateFrom::Field-edit"}]}
RESULT: undefined
COMMAND: POST /session/4452d11a18149c318773b7ed397e9203/execute/async - {"script":"<script> [20 bytes]","args":[{"enterText":"2025-02-28","selector":{"id":"rfm.transactionui::xRFMxCU_TransactionObjectPage--fe::CustomSubSection::CustomDetailsSection--fe::FormContainer::FieldGroup::Term::FormElement::DataField::AssetCashflowDateFrom::Field-edit","interaction":{"idSuffix":"inner"}},"clearTextFirst":true,"interactionType":"ENTER_TEXT"}]}
RESULT: {}
RESULT: {"script":"<script> [20 bytes]","args":[{"enterText":"2025-02-28","selector":{"id":"rfm.transactionui::xRFMxCU_TransactionObjectPage--fe::CustomSubSection::CustomDetailsSection--fe::FormContainer::FieldGroup::Term::FormElement::DataField::AssetCashflowDateFrom::Field-edit","interaction":{"idSuffix":"inner"}},"clearTextFirst":true,"interactionType":"ENTER_TEXT"}]}
COMMAND: POST /session/4452d11a18149c318773b7ed397e9203/execute/async - {"script":"<script> [21 bytes]","args":[{"selector":{"id":"rfm.transactionui::xRFMxCU_TransactionObjectPage--fe::CustomSubSection::CustomDetailsSection--fe::FormContainer::FieldGroup::Term::FormElement::DataField::AssetCashflowDateTo::Field-edit","interaction":{"idSuffix":"inner"}},"wdio_ui5_key":"rfmtransactionui::xRFMxCU_TransactionObjectPage--fe::CustomSubSection::CustomDetailsSection--fe::FormContainer::FieldGroup::Term::FormElement::DataField::AssetCashflowDateTo::Field-edit"}]}
RESULT: {"script":"<script> [21 bytes]","args":[{"selector":{"id":"rfm.transactionui::xRFMxCU_TransactionObjectPage--fe::CustomSubSection::CustomDetailsSection--fe::FormContainer::FieldGroup::Term::FormElement::DataField::AssetCashflowDateTo::Field-edit","interaction":{"idSuffix":"inner"}},"wdio_ui5_key":"rfmtransactionui::xRFMxCU_TransactionObjectPage--fe::CustomSubSection::CustomDetailsSection--fe::FormContainer::FieldGroup::Term::FormElement::DataField::AssetCashflowDateTo::Field-edit"}]}
RESULT: undefined
COMMAND: POST /session/4452d11a18149c318773b7ed397e9203/execute/async - {"script":"<script> [20 bytes]","args":[{"enterText":"2025-03-28","selector":{"id":"rfm.transactionui::xRFMxCU_TransactionObjectPage--fe::CustomSubSection::CustomDetailsSection--fe::FormContainer::FieldGroup::Term::FormElement::DataField::AssetCashflowDateTo::Field-edit","interaction":{"idSuffix":"inner"}},"clearTextFirst":true,"interactionType":"ENTER_TEXT"}]}
RESULT: {"script":"<script> [20 bytes]","args":[{"enterText":"2025-03-28","selector":{"id":"rfm.transactionui::xRFMxCU_TransactionObjectPage--fe::CustomSubSection::CustomDetailsSection--fe::FormContainer::FieldGroup::Term::FormElement::DataField::AssetCashflowDateTo::Field-edit","interaction":{"idSuffix":"inner"}},"clearTextFirst":true,"interactionType":"ENTER_TEXT"}]}
COMMAND: POST /session/4452d11a18149c318773b7ed397e9203/execute/async - {"script":"<script> [21 bytes]","args":[{"selector":{"id":"rfm.transactionui::xRFMxCU_TransactionObjectPage--fe::ObjectPage-anchBar-rfm.transactionui::xRFMxCU_TransactionObjectPage--fe::EditableHeaderSection-anchor","interaction":{"idSuffix":"text"}},"wdio_ui5_key":"rfmtransactionui::xRFMxCU_TransactionObjectPage--fe::ObjectPage-anchBar-rfm.transactionui::xRFMxCU_TransactionObjectPage--fe::EditableHeaderSection-anchor"}]}
RESULT: {"script":"<script> [21 bytes]","args":[{"selector":{"id":"rfm.transactionui::xRFMxCU_TransactionObjectPage--fe::ObjectPage-anchBar-rfm.transactionui::xRFMxCU_TransactionObjectPage--fe::EditableHeaderSection-anchor","interaction":{"idSuffix":"text"}},"wdio_ui5_key":"rfmtransactionui::xRFMxCU_TransactionObjectPage--fe::ObjectPage-anchBar-rfm.transactionui::xRFMxCU_TransactionObjectPage--fe::EditableHeaderSection-anchor"}]}
RESULT: undefined
COMMAND: POST /session/4452d11a18149c318773b7ed397e9203/element - {"using":"xpath","value":"//*[@id=\"rfm.transactionui::xRFMxCU_TransactionObjectPage--fe::ObjectPage-anchBar-rfm.transactionui::xRFMxCU_TransactionObjectPage--fe::EditableHeaderSection-anchor\"]"}
RESULT: {"using":"xpath","value":"//*[@id=\"rfm.transactionui::xRFMxCU_TransactionObjectPage--fe::ObjectPage-anchBar-rfm.transactionui::xRFMxCU_TransactionObjectPage--fe::EditableHeaderSection-anchor\"]"}
COMMAND: POST /session/4452d11a18149c318773b7ed397e9203/element/f.3422B0875008D2F2EA8EA7B9092A2C7B.d.7C6D9371A420E9AC276871618AC50538.e.1001/click - {}
RESULT: {}
COMMAND: POST /session/4452d11a18149c318773b7ed397e9203/execute/async - {"script":"<script> [21 bytes]","args":[{"selector":{"id":"rfm.transactionui::xRFMxCU_TransactionObjectPage--fe::HeaderFacet::FormContainer::headerFieldsGP1::FormElement::DataField::Name::Field-edit","interaction":{"idSuffix":"inner"}},"wdio_ui5_key":"rfmtransactionui::xRFMxCU_TransactionObjectPage--fe::HeaderFacet::FormContainer::headerFieldsGP1::FormElement::DataField::Name::Field-edit"}]}
COMMAND: GET /session/4452d11a18149c318773b7ed397e9203/screenshot - {}
RESULT: {"script":"<script> [21 bytes]","args":[{"selector":{"id":"rfm.transactionui::xRFMxCU_TransactionObjectPage--fe::HeaderFacet::FormContainer::headerFieldsGP1::FormElement::DataField::Name::Field-edit","interaction":{"idSuffix":"inner"}},"wdio_ui5_key":"rfmtransactionui::xRFMxCU_TransactionObjectPage--fe::HeaderFacet::FormContainer::headerFieldsGP1::FormElement::DataField::Name::Field-edit"}]}
RESULT: undefined
COMMAND: POST /session/4452d11a18149c318773b7ed397e9203/execute/async - {"script":"<script> [20 bytes]","args":[{"enterText":"WDIO_2025-08-05","selector":{"id":"rfm.transactionui::xRFMxCU_TransactionObjectPage--fe::HeaderFacet::FormContainer::headerFieldsGP1::FormElement::DataField::Name::Field-edit","interaction":{"idSuffix":"inner"}},"clearTextFirst":true,"interactionType":"ENTER_TEXT"}]}
RESULT: {}
RESULT: {"script":"<script> [20 bytes]","args":[{"enterText":"WDIO_2025-08-05","selector":{"id":"rfm.transactionui::xRFMxCU_TransactionObjectPage--fe::HeaderFacet::FormContainer::headerFieldsGP1::FormElement::DataField::Name::Field-edit","interaction":{"idSuffix":"inner"}},"clearTextFirst":true,"interactionType":"ENTER_TEXT"}]}
COMMAND: POST /session/4452d11a18149c318773b7ed397e9203/execute/async - {"script":"<script> [21 bytes]","args":[{"selector":{"id":"rfm.transactionui::xRFMxCU_TransactionObjectPage--fe::FooterBar::StandardAction::Save","interaction":{"idSuffix":"BDI-content"}},"wdio_ui5_key":"rfmtransactionui::xRFMxCU_TransactionObjectPage--fe::FooterBar::StandardAction::Save"}]}
RESULT: {"script":"<script> [21 bytes]","args":[{"selector":{"id":"rfm.transactionui::xRFMxCU_TransactionObjectPage--fe::FooterBar::StandardAction::Save","interaction":{"idSuffix":"BDI-content"}},"wdio_ui5_key":"rfmtransactionui::xRFMxCU_TransactionObjectPage--fe::FooterBar::StandardAction::Save"}]}
RESULT: undefined
COMMAND: POST /session/4452d11a18149c318773b7ed397e9203/element - {"using":"xpath","value":"//*[@id=\"rfm.transactionui::xRFMxCU_TransactionObjectPage--fe::FooterBar::StandardAction::Save\"]"}
RESULT: {"using":"xpath","value":"//*[@id=\"rfm.transactionui::xRFMxCU_TransactionObjectPage--fe::FooterBar::StandardAction::Save\"]"}
COMMAND: POST /session/4452d11a18149c318773b7ed397e9203/element/f.3422B0875008D2F2EA8EA7B9092A2C7B.d.7C6D9371A420E9AC276871618AC50538.e.1010/click - {}
RESULT: {}
COMMAND: POST /session/4452d11a18149c318773b7ed397e9203/execute/async - {"script":"<script> [21 bytes]","args":[{"selector":{"id":"rfm.transactionui::xRFMxCU_TransactionObjectPage--fe::FooterBar::MessageButton-img"},"wdio_ui5_key":"rfmtransactionui::xRFMxCU_TransactionObjectPage--fe::FooterBar::MessageButton-img"}]}
COMMAND: GET /session/4452d11a18149c318773b7ed397e9203/screenshot - {}
RESULT: {"script":"<script> [21 bytes]","args":[{"selector":{"id":"rfm.transactionui::xRFMxCU_TransactionObjectPage--fe::FooterBar::MessageButton-img"},"wdio_ui5_key":"rfmtransactionui::xRFMxCU_TransactionObjectPage--fe::FooterBar::MessageButton-img"}]}
RESULT: undefined
COMMAND: GET /session/4452d11a18149c318773b7ed397e9203/screenshot - {}
]]></system-out>
    </testcase>
    <testcase classname="chrome.138_0_7204_169.windows.Funding_Transaction" name="Should filter created Transaction" time="11.353">
      <system-out><![CDATA[
COMMAND: POST /session/4452d11a18149c318773b7ed397e9203/execute/async - {"script":"<script> [21 bytes]","args":[{"selector":{"id":"rfm.transactionui::xRFMxCU_TransactionObjectPage--fe::FCLStandardAction::Close-img"},"wdio_ui5_key":"rfmtransactionui::xRFMxCU_TransactionObjectPage--fe::FCLStandardAction::Close-img"}]}
RESULT: {}
RESULT: {}
RESULT: {"script":"<script> [21 bytes]","args":[{"selector":{"id":"rfm.transactionui::xRFMxCU_TransactionObjectPage--fe::FCLStandardAction::Close-img"},"wdio_ui5_key":"rfmtransactionui::xRFMxCU_TransactionObjectPage--fe::FCLStandardAction::Close-img"}]}
RESULT: undefined
COMMAND: POST /session/4452d11a18149c318773b7ed397e9203/element - {"using":"xpath","value":"//*[@id=\"rfm.transactionui::xRFMxCU_TransactionObjectPage--fe::FCLStandardAction::Close-img\"]"}
RESULT: {"using":"xpath","value":"//*[@id=\"rfm.transactionui::xRFMxCU_TransactionObjectPage--fe::FCLStandardAction::Close-img\"]"}
COMMAND: POST /session/4452d11a18149c318773b7ed397e9203/element/f.3422B0875008D2F2EA8EA7B9092A2C7B.d.7C6D9371A420E9AC276871618AC50538.e.1026/click - {}
RESULT: {}
COMMAND: POST /session/4452d11a18149c318773b7ed397e9203/execute/async - {"script":"<script> [21 bytes]","args":[{"selector":{"id":"rfm.transactionui::xRFMxCU_TransactionList--fe::FilterBar::xRFMxCU_Transaction::FilterField::Name-inner","interaction":{"idSuffix":"inner"}},"wdio_ui5_key":"rfmtransactionui::xRFMxCU_TransactionList--fe::FilterBar::xRFMxCU_Transaction::FilterField::Name-inner"}]}
COMMAND: GET /session/4452d11a18149c318773b7ed397e9203/screenshot - {}
RESULT: {"script":"<script> [21 bytes]","args":[{"selector":{"id":"rfm.transactionui::xRFMxCU_TransactionList--fe::FilterBar::xRFMxCU_Transaction::FilterField::Name-inner","interaction":{"idSuffix":"inner"}},"wdio_ui5_key":"rfmtransactionui::xRFMxCU_TransactionList--fe::FilterBar::xRFMxCU_Transaction::FilterField::Name-inner"}]}
RESULT: undefined
COMMAND: POST /session/4452d11a18149c318773b7ed397e9203/execute/async - {"script":"<script> [20 bytes]","args":[{"enterText":"WDIO_2025-08-05","selector":{"id":"rfm.transactionui::xRFMxCU_TransactionList--fe::FilterBar::xRFMxCU_Transaction::FilterField::Name-inner","interaction":{"idSuffix":"inner"}},"clearTextFirst":true,"interactionType":"ENTER_TEXT"}]}
RESULT: {}
RESULT: {"script":"<script> [20 bytes]","args":[{"enterText":"WDIO_2025-08-05","selector":{"id":"rfm.transactionui::xRFMxCU_TransactionList--fe::FilterBar::xRFMxCU_Transaction::FilterField::Name-inner","interaction":{"idSuffix":"inner"}},"clearTextFirst":true,"interactionType":"ENTER_TEXT"}]}
COMMAND: POST /session/4452d11a18149c318773b7ed397e9203/execute/async - {"script":"<script> [21 bytes]","args":[{"selector":{"id":"rfm.transactionui::xRFMxCU_TransactionList--fe::FilterBar::xRFMxCU_Transaction-btnSearch","interaction":{"idSuffix":"BDI-content"}},"wdio_ui5_key":"rfmtransactionui::xRFMxCU_TransactionList--fe::FilterBar::xRFMxCU_Transaction-btnSearch"}]}
RESULT: {"script":"<script> [21 bytes]","args":[{"selector":{"id":"rfm.transactionui::xRFMxCU_TransactionList--fe::FilterBar::xRFMxCU_Transaction-btnSearch","interaction":{"idSuffix":"BDI-content"}},"wdio_ui5_key":"rfmtransactionui::xRFMxCU_TransactionList--fe::FilterBar::xRFMxCU_Transaction-btnSearch"}]}
RESULT: undefined
COMMAND: POST /session/4452d11a18149c318773b7ed397e9203/element - {"using":"xpath","value":"//*[@id=\"rfm.transactionui::xRFMxCU_TransactionList--fe::FilterBar::xRFMxCU_Transaction-btnSearch\"]"}
RESULT: {"using":"xpath","value":"//*[@id=\"rfm.transactionui::xRFMxCU_TransactionList--fe::FilterBar::xRFMxCU_Transaction-btnSearch\"]"}
COMMAND: POST /session/4452d11a18149c318773b7ed397e9203/element/f.3422B0875008D2F2EA8EA7B9092A2C7B.d.7C6D9371A420E9AC276871618AC50538.e.1084/click - {}
RESULT: {}
COMMAND: GET /session/4452d11a18149c318773b7ed397e9203/screenshot - {}
RESULT: {}
COMMAND: POST /session/4452d11a18149c318773b7ed397e9203/execute/async - {"script":"<script> [21 bytes]","args":[{"selector":{"controlType":"sap.m.Text","viewName":"sap.fe.templates.ListReport.ListReport","viewId":"rfm.transactionui::xRFMxCU_TransactionList","bindingPath":{"propertyPath":"Name"}},"wdio_ui5_key":"sapfe.templates.ListReport.ListReportsap.m.Text{\"propertyPath\":\"Name\"}"}]}
RESULT: {"script":"<script> [21 bytes]","args":[{"selector":{"controlType":"sap.m.Text","viewName":"sap.fe.templates.ListReport.ListReport","viewId":"rfm.transactionui::xRFMxCU_TransactionList","bindingPath":{"propertyPath":"Name"}},"wdio_ui5_key":"sapfe.templates.ListReport.ListReportsap.m.Text{\"propertyPath\":\"Name\"}"}]}
RESULT: undefined
COMMAND: POST /session/4452d11a18149c318773b7ed397e9203/execute/async - {"script":"<script> [21 bytes]","args":[{"element-6066-11e4-a52e-4f735466cecf":"f.3422B0875008D2F2EA8EA7B9092A2C7B.d.7C6D9371A420E9AC276871618AC50538.e.1126"},"getText",[]]}
RESULT: {"script":"<script> [21 bytes]","args":[{"element-6066-11e4-a52e-4f735466cecf":"f.3422B0875008D2F2EA8EA7B9092A2C7B.d.7C6D9371A420E9AC276871618AC50538.e.1126"},"getText",[]]}
COMMAND: GET /session/4452d11a18149c318773b7ed397e9203/screenshot - {}
]]></system-out>
    </testcase>
    <testcase classname="chrome.138_0_7204_169.windows.Funding_Transaction" name="Should navigate to object page" time="37.427">
      <system-out><![CDATA[
COMMAND: POST /session/4452d11a18149c318773b7ed397e9203/execute/async - {"script":"<script> [21 bytes]","args":[{"selector":{"controlType":"sap.ui.core.Icon","viewName":"sap.fe.templates.ListReport.ListReport","viewId":"rfm.transactionui::xRFMxCU_TransactionList","properties":{"src":{"regex":{"source":"navigation\\-right\\-arrow"}}},"ancestor":{"id":"rfm.transactionui::xRFMxCU_TransactionList--fe::table::allTab::LineItem-innerTable-rows-row0"}},"wdio_ui5_key":"sapfe.templates.ListReport.ListReportsap.ui.core.Icon{\"src\":{\"regex\":{\"source\":\"navigation\\\\-right\\\\-arrow\"}}}{\"id\":\"rfm.transactionui::xRFMxCU_TransactionList--fe::table::allTab::LineItem-innerTable-rows-row0\"}"}]}
RESULT: {}
RESULT: {"script":"<script> [21 bytes]","args":[{"selector":{"controlType":"sap.ui.core.Icon","viewName":"sap.fe.templates.ListReport.ListReport","viewId":"rfm.transactionui::xRFMxCU_TransactionList","properties":{"src":{"regex":{"source":"navigation\\-right\\-arrow"}}},"ancestor":{"id":"rfm.transactionui::xRFMxCU_TransactionList--fe::table::allTab::LineItem-innerTable-rows-row0"}},"wdio_ui5_key":"sapfe.templates.ListReport.ListReportsap.ui.core.Icon{\"src\":{\"regex\":{\"source\":\"navigation\\\\-right\\\\-arrow\"}}}{\"id\":\"rfm.transactionui::xRFMxCU_TransactionList--fe::table::allTab::LineItem-innerTable-rows-row0\"}"}]}
RESULT: undefined
COMMAND: POST /session/4452d11a18149c318773b7ed397e9203/element - {"using":"xpath","value":"//*[@id=\"__action9-__clone509-icon0\"]"}
RESULT: {"using":"xpath","value":"//*[@id=\"__action9-__clone509-icon0\"]"}
COMMAND: POST /session/4452d11a18149c318773b7ed397e9203/element/f.3422B0875008D2F2EA8EA7B9092A2C7B.d.7C6D9371A420E9AC276871618AC50538.e.1127/click - {}
RESULT: {}
COMMAND: GET /session/4452d11a18149c318773b7ed397e9203/screenshot - {}
RESULT: {}
COMMAND: POST /session/4452d11a18149c318773b7ed397e9203/execute/async - {"script":"<script> [21 bytes]","args":[{"selector":{"id":"rfm.transactionui::xRFMxCU_TransactionObjectPage--fe::FCLStandardAction::FullScreen","interaction":{"idSuffix":"inner"}},"wdio_ui5_key":"rfmtransactionui::xRFMxCU_TransactionObjectPage--fe::FCLStandardAction::FullScreen"}]}
RESULT: {"script":"<script> [21 bytes]","args":[{"selector":{"id":"rfm.transactionui::xRFMxCU_TransactionObjectPage--fe::FCLStandardAction::FullScreen","interaction":{"idSuffix":"inner"}},"wdio_ui5_key":"rfmtransactionui::xRFMxCU_TransactionObjectPage--fe::FCLStandardAction::FullScreen"}]}
RESULT: undefined
COMMAND: POST /session/4452d11a18149c318773b7ed397e9203/element - {"using":"xpath","value":"//*[@id=\"rfm.transactionui::xRFMxCU_TransactionObjectPage--fe::FCLStandardAction::FullScreen\"]"}
RESULT: {"using":"xpath","value":"//*[@id=\"rfm.transactionui::xRFMxCU_TransactionObjectPage--fe::FCLStandardAction::FullScreen\"]"}
COMMAND: POST /session/4452d11a18149c318773b7ed397e9203/element/f.3422B0875008D2F2EA8EA7B9092A2C7B.d.7C6D9371A420E9AC276871618AC50538.e.1129/click - {}
RESULT: {}
COMMAND: GET /session/4452d11a18149c318773b7ed397e9203/screenshot - {}
RESULT: {}
COMMAND: POST /session/4452d11a18149c318773b7ed397e9203/execute/async - {"script":"<script> [21 bytes]","args":[{"selector":{"id":"rfm.transactionui::xRFMxCU_TransactionObjectPage--fe::ObjectPage-anchBar-rfm.transactionui::xRFMxCU_TransactionObjectPage--fe::FacetSection::ProgramDetails-anchor"},"wdio_ui5_key":"rfmtransactionui::xRFMxCU_TransactionObjectPage--fe::ObjectPage-anchBar-rfm.transactionui::xRFMxCU_TransactionObjectPage--fe::FacetSection::ProgramDetails-anchor"}]}
RESULT: {"script":"<script> [21 bytes]","args":[{"selector":{"id":"rfm.transactionui::xRFMxCU_TransactionObjectPage--fe::ObjectPage-anchBar-rfm.transactionui::xRFMxCU_TransactionObjectPage--fe::FacetSection::ProgramDetails-anchor"},"wdio_ui5_key":"rfmtransactionui::xRFMxCU_TransactionObjectPage--fe::ObjectPage-anchBar-rfm.transactionui::xRFMxCU_TransactionObjectPage--fe::FacetSection::ProgramDetails-anchor"}]}
RESULT: undefined
COMMAND: POST /session/4452d11a18149c318773b7ed397e9203/element - {"using":"xpath","value":"//*[@id=\"rfm.transactionui::xRFMxCU_TransactionObjectPage--fe::ObjectPage-anchBar-rfm.transactionui::xRFMxCU_TransactionObjectPage--fe::FacetSection::ProgramDetails-anchor\"]"}
RESULT: {"using":"xpath","value":"//*[@id=\"rfm.transactionui::xRFMxCU_TransactionObjectPage--fe::ObjectPage-anchBar-rfm.transactionui::xRFMxCU_TransactionObjectPage--fe::FacetSection::ProgramDetails-anchor\"]"}
COMMAND: POST /session/4452d11a18149c318773b7ed397e9203/element/f.3422B0875008D2F2EA8EA7B9092A2C7B.d.7C6D9371A420E9AC276871618AC50538.e.1243/click - {}
RESULT: {}
COMMAND: GET /session/4452d11a18149c318773b7ed397e9203/screenshot - {}
RESULT: {}
COMMAND: POST /session/4452d11a18149c318773b7ed397e9203/execute/async - {"script":"<script> [21 bytes]","args":[{"selector":{"id":"rfm.transactionui::xRFMxCU_TransactionObjectPage--fe::ObjectPage-anchBar-rfm.transactionui::xRFMxCU_TransactionObjectPage--fe::FacetSection::TransactionAssetKF-anchor"},"wdio_ui5_key":"rfmtransactionui::xRFMxCU_TransactionObjectPage--fe::ObjectPage-anchBar-rfm.transactionui::xRFMxCU_TransactionObjectPage--fe::FacetSection::TransactionAssetKF-anchor"}]}
RESULT: {"script":"<script> [21 bytes]","args":[{"selector":{"id":"rfm.transactionui::xRFMxCU_TransactionObjectPage--fe::ObjectPage-anchBar-rfm.transactionui::xRFMxCU_TransactionObjectPage--fe::FacetSection::TransactionAssetKF-anchor"},"wdio_ui5_key":"rfmtransactionui::xRFMxCU_TransactionObjectPage--fe::ObjectPage-anchBar-rfm.transactionui::xRFMxCU_TransactionObjectPage--fe::FacetSection::TransactionAssetKF-anchor"}]}
RESULT: undefined
COMMAND: POST /session/4452d11a18149c318773b7ed397e9203/element - {"using":"xpath","value":"//*[@id=\"rfm.transactionui::xRFMxCU_TransactionObjectPage--fe::ObjectPage-anchBar-rfm.transactionui::xRFMxCU_TransactionObjectPage--fe::FacetSection::TransactionAssetKF-anchor\"]"}
RESULT: {"using":"xpath","value":"//*[@id=\"rfm.transactionui::xRFMxCU_TransactionObjectPage--fe::ObjectPage-anchBar-rfm.transactionui::xRFMxCU_TransactionObjectPage--fe::FacetSection::TransactionAssetKF-anchor\"]"}
COMMAND: POST /session/4452d11a18149c318773b7ed397e9203/element/f.3422B0875008D2F2EA8EA7B9092A2C7B.d.7C6D9371A420E9AC276871618AC50538.e.1246/click - {}
RESULT: {}
COMMAND: GET /session/4452d11a18149c318773b7ed397e9203/screenshot - {}
RESULT: {}
COMMAND: POST /session/4452d11a18149c318773b7ed397e9203/execute/async - {"script":"<script> [21 bytes]","args":[{"selector":{"id":"rfm.transactionui::xRFMxCU_TransactionObjectPage--fe::ObjectPage-anchBar-rfm.transactionui::xRFMxCU_TransactionObjectPage--fe::FacetSection::FundingScopeCollection-anchor"},"wdio_ui5_key":"rfmtransactionui::xRFMxCU_TransactionObjectPage--fe::ObjectPage-anchBar-rfm.transactionui::xRFMxCU_TransactionObjectPage--fe::FacetSection::FundingScopeCollection-anchor"}]}
RESULT: {"script":"<script> [21 bytes]","args":[{"selector":{"id":"rfm.transactionui::xRFMxCU_TransactionObjectPage--fe::ObjectPage-anchBar-rfm.transactionui::xRFMxCU_TransactionObjectPage--fe::FacetSection::FundingScopeCollection-anchor"},"wdio_ui5_key":"rfmtransactionui::xRFMxCU_TransactionObjectPage--fe::ObjectPage-anchBar-rfm.transactionui::xRFMxCU_TransactionObjectPage--fe::FacetSection::FundingScopeCollection-anchor"}]}
RESULT: undefined
COMMAND: POST /session/4452d11a18149c318773b7ed397e9203/element - {"using":"xpath","value":"//*[@id=\"rfm.transactionui::xRFMxCU_TransactionObjectPage--fe::ObjectPage-anchBar-rfm.transactionui::xRFMxCU_TransactionObjectPage--fe::FacetSection::FundingScopeCollection-anchor\"]"}
RESULT: {"using":"xpath","value":"//*[@id=\"rfm.transactionui::xRFMxCU_TransactionObjectPage--fe::ObjectPage-anchBar-rfm.transactionui::xRFMxCU_TransactionObjectPage--fe::FacetSection::FundingScopeCollection-anchor\"]"}
COMMAND: POST /session/4452d11a18149c318773b7ed397e9203/element/f.3422B0875008D2F2EA8EA7B9092A2C7B.d.7C6D9371A420E9AC276871618AC50538.e.1250/click - {}
RESULT: {}
COMMAND: GET /session/4452d11a18149c318773b7ed397e9203/screenshot - {}
RESULT: {}
COMMAND: POST /session/4452d11a18149c318773b7ed397e9203/execute/async - {"script":"<script> [21 bytes]","args":[{"selector":{"id":"rfm.transactionui::xRFMxCU_TransactionObjectPage--fe::ObjectPage-anchBar-rfm.transactionui::xRFMxCU_TransactionObjectPage--fe::FacetSection::Partner-anchor"},"wdio_ui5_key":"rfmtransactionui::xRFMxCU_TransactionObjectPage--fe::ObjectPage-anchBar-rfm.transactionui::xRFMxCU_TransactionObjectPage--fe::FacetSection::Partner-anchor"}]}
RESULT: {"script":"<script> [21 bytes]","args":[{"selector":{"id":"rfm.transactionui::xRFMxCU_TransactionObjectPage--fe::ObjectPage-anchBar-rfm.transactionui::xRFMxCU_TransactionObjectPage--fe::FacetSection::Partner-anchor"},"wdio_ui5_key":"rfmtransactionui::xRFMxCU_TransactionObjectPage--fe::ObjectPage-anchBar-rfm.transactionui::xRFMxCU_TransactionObjectPage--fe::FacetSection::Partner-anchor"}]}
RESULT: undefined
COMMAND: POST /session/4452d11a18149c318773b7ed397e9203/element - {"using":"xpath","value":"//*[@id=\"rfm.transactionui::xRFMxCU_TransactionObjectPage--fe::ObjectPage-anchBar-rfm.transactionui::xRFMxCU_TransactionObjectPage--fe::FacetSection::Partner-anchor\"]"}
RESULT: {"using":"xpath","value":"//*[@id=\"rfm.transactionui::xRFMxCU_TransactionObjectPage--fe::ObjectPage-anchBar-rfm.transactionui::xRFMxCU_TransactionObjectPage--fe::FacetSection::Partner-anchor\"]"}
COMMAND: POST /session/4452d11a18149c318773b7ed397e9203/element/f.3422B0875008D2F2EA8EA7B9092A2C7B.d.7C6D9371A420E9AC276871618AC50538.e.1254/click - {}
RESULT: {}
COMMAND: GET /session/4452d11a18149c318773b7ed397e9203/screenshot - {}
RESULT: {}
COMMAND: POST /session/4452d11a18149c318773b7ed397e9203/execute/async - {"script":"<script> [21 bytes]","args":[{"selector":{"id":"rfm.transactionui::xRFMxCU_TransactionObjectPage--fe::ObjectPage-anchBar-rfm.transactionui::xRFMxCU_TransactionObjectPage--fe::FacetSection::BusinessOperations-anchor"},"wdio_ui5_key":"rfmtransactionui::xRFMxCU_TransactionObjectPage--fe::ObjectPage-anchBar-rfm.transactionui::xRFMxCU_TransactionObjectPage--fe::FacetSection::BusinessOperations-anchor"}]}
RESULT: {"script":"<script> [21 bytes]","args":[{"selector":{"id":"rfm.transactionui::xRFMxCU_TransactionObjectPage--fe::ObjectPage-anchBar-rfm.transactionui::xRFMxCU_TransactionObjectPage--fe::FacetSection::BusinessOperations-anchor"},"wdio_ui5_key":"rfmtransactionui::xRFMxCU_TransactionObjectPage--fe::ObjectPage-anchBar-rfm.transactionui::xRFMxCU_TransactionObjectPage--fe::FacetSection::BusinessOperations-anchor"}]}
RESULT: undefined
COMMAND: POST /session/4452d11a18149c318773b7ed397e9203/element - {"using":"xpath","value":"//*[@id=\"rfm.transactionui::xRFMxCU_TransactionObjectPage--fe::ObjectPage-anchBar-rfm.transactionui::xRFMxCU_TransactionObjectPage--fe::FacetSection::BusinessOperations-anchor\"]"}
RESULT: {"using":"xpath","value":"//*[@id=\"rfm.transactionui::xRFMxCU_TransactionObjectPage--fe::ObjectPage-anchBar-rfm.transactionui::xRFMxCU_TransactionObjectPage--fe::FacetSection::BusinessOperations-anchor\"]"}
COMMAND: POST /session/4452d11a18149c318773b7ed397e9203/element/f.3422B0875008D2F2EA8EA7B9092A2C7B.d.7C6D9371A420E9AC276871618AC50538.e.1258/click - {}
RESULT: {}
COMMAND: GET /session/4452d11a18149c318773b7ed397e9203/screenshot - {}
RESULT: {}
COMMAND: POST /session/4452d11a18149c318773b7ed397e9203/execute/async - {"script":"<script> [21 bytes]","args":[{"selector":{"id":"rfm.transactionui::xRFMxCU_TransactionObjectPage--fe::ObjectPage-anchBar-rfm.transactionui::xRFMxCU_TransactionObjectPage--fe::FacetSection::TransactionPoolKFCollection-anchor"},"wdio_ui5_key":"rfmtransactionui::xRFMxCU_TransactionObjectPage--fe::ObjectPage-anchBar-rfm.transactionui::xRFMxCU_TransactionObjectPage--fe::FacetSection::TransactionPoolKFCollection-anchor"}]}
RESULT: {"script":"<script> [21 bytes]","args":[{"selector":{"id":"rfm.transactionui::xRFMxCU_TransactionObjectPage--fe::ObjectPage-anchBar-rfm.transactionui::xRFMxCU_TransactionObjectPage--fe::FacetSection::TransactionPoolKFCollection-anchor"},"wdio_ui5_key":"rfmtransactionui::xRFMxCU_TransactionObjectPage--fe::ObjectPage-anchBar-rfm.transactionui::xRFMxCU_TransactionObjectPage--fe::FacetSection::TransactionPoolKFCollection-anchor"}]}
RESULT: undefined
COMMAND: POST /session/4452d11a18149c318773b7ed397e9203/element - {"using":"xpath","value":"//*[@id=\"rfm.transactionui::xRFMxCU_TransactionObjectPage--fe::ObjectPage-anchBar-rfm.transactionui::xRFMxCU_TransactionObjectPage--fe::FacetSection::TransactionPoolKFCollection-anchor\"]"}
RESULT: {"using":"xpath","value":"//*[@id=\"rfm.transactionui::xRFMxCU_TransactionObjectPage--fe::ObjectPage-anchBar-rfm.transactionui::xRFMxCU_TransactionObjectPage--fe::FacetSection::TransactionPoolKFCollection-anchor\"]"}
COMMAND: POST /session/4452d11a18149c318773b7ed397e9203/element/f.3422B0875008D2F2EA8EA7B9092A2C7B.d.7C6D9371A420E9AC276871618AC50538.e.1261/click - {}
RESULT: {}
COMMAND: GET /session/4452d11a18149c318773b7ed397e9203/screenshot - {}
RESULT: {}
COMMAND: POST /session/4452d11a18149c318773b7ed397e9203/execute/async - {"script":"<script> [21 bytes]","args":[{"selector":{"id":"rfm.transactionui::xRFMxCU_TransactionObjectPage--fe::ObjectPage-anchBar-rfm.transactionui::xRFMxCU_TransactionObjectPage--fe::FacetSection::ChangeInfo-anchor"},"wdio_ui5_key":"rfmtransactionui::xRFMxCU_TransactionObjectPage--fe::ObjectPage-anchBar-rfm.transactionui::xRFMxCU_TransactionObjectPage--fe::FacetSection::ChangeInfo-anchor"}]}
RESULT: {"script":"<script> [21 bytes]","args":[{"selector":{"id":"rfm.transactionui::xRFMxCU_TransactionObjectPage--fe::ObjectPage-anchBar-rfm.transactionui::xRFMxCU_TransactionObjectPage--fe::FacetSection::ChangeInfo-anchor"},"wdio_ui5_key":"rfmtransactionui::xRFMxCU_TransactionObjectPage--fe::ObjectPage-anchBar-rfm.transactionui::xRFMxCU_TransactionObjectPage--fe::FacetSection::ChangeInfo-anchor"}]}
RESULT: undefined
COMMAND: POST /session/4452d11a18149c318773b7ed397e9203/element - {"using":"xpath","value":"//*[@id=\"rfm.transactionui::xRFMxCU_TransactionObjectPage--fe::ObjectPage-anchBar-rfm.transactionui::xRFMxCU_TransactionObjectPage--fe::FacetSection::ChangeInfo-anchor\"]"}
RESULT: {"using":"xpath","value":"//*[@id=\"rfm.transactionui::xRFMxCU_TransactionObjectPage--fe::ObjectPage-anchBar-rfm.transactionui::xRFMxCU_TransactionObjectPage--fe::FacetSection::ChangeInfo-anchor\"]"}
COMMAND: POST /session/4452d11a18149c318773b7ed397e9203/element/f.3422B0875008D2F2EA8EA7B9092A2C7B.d.7C6D9371A420E9AC276871618AC50538.e.1277/click - {}
RESULT: {}
COMMAND: GET /session/4452d11a18149c318773b7ed397e9203/screenshot - {}
RESULT: {}
COMMAND: POST /session/4452d11a18149c318773b7ed397e9203/execute/async - {"script":"<script> [21 bytes]","args":[{"selector":{"id":"rfm.transactionui::xRFMxCU_TransactionObjectPage--fe::ObjectPage-anchBar-rfm.transactionui::xRFMxCU_TransactionObjectPage--fe::CustomSection::CustomDetailsSection-anchor","interaction":{"idSuffix":"text"}},"wdio_ui5_key":"rfmtransactionui::xRFMxCU_TransactionObjectPage--fe::ObjectPage-anchBar-rfm.transactionui::xRFMxCU_TransactionObjectPage--fe::CustomSection::CustomDetailsSection-anchor"}]}
RESULT: {"script":"<script> [21 bytes]","args":[{"selector":{"id":"rfm.transactionui::xRFMxCU_TransactionObjectPage--fe::ObjectPage-anchBar-rfm.transactionui::xRFMxCU_TransactionObjectPage--fe::CustomSection::CustomDetailsSection-anchor","interaction":{"idSuffix":"text"}},"wdio_ui5_key":"rfmtransactionui::xRFMxCU_TransactionObjectPage--fe::ObjectPage-anchBar-rfm.transactionui::xRFMxCU_TransactionObjectPage--fe::CustomSection::CustomDetailsSection-anchor"}]}
RESULT: undefined
COMMAND: POST /session/4452d11a18149c318773b7ed397e9203/element - {"using":"xpath","value":"//*[@id=\"rfm.transactionui::xRFMxCU_TransactionObjectPage--fe::ObjectPage-anchBar-rfm.transactionui::xRFMxCU_TransactionObjectPage--fe::CustomSection::CustomDetailsSection-anchor\"]"}
RESULT: {"using":"xpath","value":"//*[@id=\"rfm.transactionui::xRFMxCU_TransactionObjectPage--fe::ObjectPage-anchBar-rfm.transactionui::xRFMxCU_TransactionObjectPage--fe::CustomSection::CustomDetailsSection-anchor\"]"}
COMMAND: POST /session/4452d11a18149c318773b7ed397e9203/element/f.3422B0875008D2F2EA8EA7B9092A2C7B.d.7C6D9371A420E9AC276871618AC50538.e.1280/click - {}
RESULT: {}
COMMAND: GET /session/4452d11a18149c318773b7ed397e9203/screenshot - {}
]]></system-out>
    </testcase>
    <testcase classname="chrome.138_0_7204_169.windows.Funding_Transaction" name="Should press Related Apps button and then Funding Pool navigation button" time="11.281">
      <system-out><![CDATA[
COMMAND: POST /session/4452d11a18149c318773b7ed397e9203/execute/async - {"script":"<script> [21 bytes]","args":[{"selector":{"id":"rfm.transactionui::xRFMxCU_TransactionObjectPage--fe::HeaderFacet::Form::headerFieldsGP1::DataField::Name::Field-content"},"wdio_ui5_key":"rfmtransactionui::xRFMxCU_TransactionObjectPage--fe::HeaderFacet::Form::headerFieldsGP1::DataField::Name::Field-content"}]}
COMMAND: GET /session/4452d11a18149c318773b7ed397e9203/screenshot - {}
RESULT: {}
RESULT: {"script":"<script> [21 bytes]","args":[{"selector":{"id":"rfm.transactionui::xRFMxCU_TransactionObjectPage--fe::HeaderFacet::Form::headerFieldsGP1::DataField::Name::Field-content"},"wdio_ui5_key":"rfmtransactionui::xRFMxCU_TransactionObjectPage--fe::HeaderFacet::Form::headerFieldsGP1::DataField::Name::Field-content"}]}
RESULT: undefined
COMMAND: POST /session/4452d11a18149c318773b7ed397e9203/execute/async - {"script":"<script> [21 bytes]","args":[{"element-6066-11e4-a52e-4f735466cecf":"f.3422B0875008D2F2EA8EA7B9092A2C7B.d.7C6D9371A420E9AC276871618AC50538.e.1195"},"getText",[]]}
RESULT: {}
RESULT: {"script":"<script> [21 bytes]","args":[{"element-6066-11e4-a52e-4f735466cecf":"f.3422B0875008D2F2EA8EA7B9092A2C7B.d.7C6D9371A420E9AC276871618AC50538.e.1195"},"getText",[]]}
COMMAND: POST /session/4452d11a18149c318773b7ed397e9203/execute/async - {"script":"<script> [21 bytes]","args":[{"selector":{"id":"rfm.transactionui::xRFMxCU_TransactionObjectPage--fe::RelatedApps-internalBtn","interaction":{"idSuffix":"BDI-content"}},"wdio_ui5_key":"rfmtransactionui::xRFMxCU_TransactionObjectPage--fe::RelatedApps-internalBtn"}]}
RESULT: {"script":"<script> [21 bytes]","args":[{"selector":{"id":"rfm.transactionui::xRFMxCU_TransactionObjectPage--fe::RelatedApps-internalBtn","interaction":{"idSuffix":"BDI-content"}},"wdio_ui5_key":"rfmtransactionui::xRFMxCU_TransactionObjectPage--fe::RelatedApps-internalBtn"}]}
RESULT: undefined
COMMAND: POST /session/4452d11a18149c318773b7ed397e9203/element - {"using":"xpath","value":"//*[@id=\"rfm.transactionui::xRFMxCU_TransactionObjectPage--fe::RelatedApps-internalBtn\"]"}
RESULT: {"using":"xpath","value":"//*[@id=\"rfm.transactionui::xRFMxCU_TransactionObjectPage--fe::RelatedApps-internalBtn\"]"}
COMMAND: POST /session/4452d11a18149c318773b7ed397e9203/element/f.3422B0875008D2F2EA8EA7B9092A2C7B.d.7C6D9371A420E9AC276871618AC50538.e.1155/click - {}
RESULT: {}
COMMAND: POST /session/4452d11a18149c318773b7ed397e9203/execute/async - {"script":"<script> [21 bytes]","args":[{"selector":{"controlType":"sap.ui.unified.MenuItem","viewName":"sap.fe.templates.ObjectPage.ObjectPage","viewId":"rfm.transactionui::xRFMxCU_TransactionObjectPage","properties":{"text":"Funding Pool"},"searchOpenDialogs":true,"interaction":{"idSuffix":"txt"}},"wdio_ui5_key":"sapfe.templates.ObjectPage.ObjectPagesap.ui.unified.MenuItem{\"text\":\"Funding Pool\"}"}]}
COMMAND: GET /session/4452d11a18149c318773b7ed397e9203/screenshot - {}
RESULT: {"script":"<script> [21 bytes]","args":[{"selector":{"controlType":"sap.ui.unified.MenuItem","viewName":"sap.fe.templates.ObjectPage.ObjectPage","viewId":"rfm.transactionui::xRFMxCU_TransactionObjectPage","properties":{"text":"Funding Pool"},"searchOpenDialogs":true,"interaction":{"idSuffix":"txt"}},"wdio_ui5_key":"sapfe.templates.ObjectPage.ObjectPagesap.ui.unified.MenuItem{\"text\":\"Funding Pool\"}"}]}
RESULT: undefined
COMMAND: POST /session/4452d11a18149c318773b7ed397e9203/element - {"using":"xpath","value":"//*[@id=\"__item156-__menu64-2-unifiedmenu\"]"}
RESULT: {}
RESULT: {"using":"xpath","value":"//*[@id=\"__item156-__menu64-2-unifiedmenu\"]"}
COMMAND: POST /session/4452d11a18149c318773b7ed397e9203/element/f.3422B0875008D2F2EA8EA7B9092A2C7B.d.7C6D9371A420E9AC276871618AC50538.e.1285/click - {}
RESULT: {}
COMMAND: POST /session/4452d11a18149c318773b7ed397e9203/execute/async - {"script":"<script> [21 bytes]","args":[{"selector":{"id":"rfm.poolui::xRFMxCU_PoolObjectPage--fe::HeaderFacet::Form::FieldGroup::TransactionHeaderGP::DataField::TransactionPoolName::Field-content"},"wdio_ui5_key":"rfmpoolui::xRFMxCU_PoolObjectPage--fe::HeaderFacet::Form::FieldGroup::TransactionHeaderGP::DataField::TransactionPoolName::Field-content"}]}
COMMAND: GET /session/4452d11a18149c318773b7ed397e9203/screenshot - {}
RESULT: {"script":"<script> [21 bytes]","args":[{"selector":{"id":"rfm.poolui::xRFMxCU_PoolObjectPage--fe::HeaderFacet::Form::FieldGroup::TransactionHeaderGP::DataField::TransactionPoolName::Field-content"},"wdio_ui5_key":"rfmpoolui::xRFMxCU_PoolObjectPage--fe::HeaderFacet::Form::FieldGroup::TransactionHeaderGP::DataField::TransactionPoolName::Field-content"}]}
RESULT: undefined
COMMAND: POST /session/4452d11a18149c318773b7ed397e9203/execute/async - {"script":"<script> [21 bytes]","args":[{"element-6066-11e4-a52e-4f735466cecf":"f.3422B0875008D2F2EA8EA7B9092A2C7B.d.7C6D9371A420E9AC276871618AC50538.e.1383"},"getText",[]]}
RESULT: {}
RESULT: {"script":"<script> [21 bytes]","args":[{"element-6066-11e4-a52e-4f735466cecf":"f.3422B0875008D2F2EA8EA7B9092A2C7B.d.7C6D9371A420E9AC276871618AC50538.e.1383"},"getText",[]]}
COMMAND: GET /session/4452d11a18149c318773b7ed397e9203/screenshot - {}
]]></system-out>
    </testcase>
    <testcase classname="chrome.138_0_7204_169.windows.Funding_Transaction" name="Should navigate to Transaction and delete" time="29.238">
      <system-out><![CDATA[
RESULT: undefined
COMMAND: POST /session/4452d11a18149c318773b7ed397e9203/element/f.3422B0875008D2F2EA8EA7B9092A2C7B.d.7C6D9371A420E9AC276871618AC50538.e.594/click - {}
RESULT: {}
RESULT: {}
COMMAND: GET /session/4452d11a18149c318773b7ed397e9203/screenshot - {}
RESULT: {}
RESULT: undefined
COMMAND: POST /session/4452d11a18149c318773b7ed397e9203/element - {"using":"xpath","value":"//*[@id=\"__tile30\"]"}
RESULT: {"using":"xpath","value":"//*[@id=\"__tile30\"]"}
COMMAND: POST /session/4452d11a18149c318773b7ed397e9203/element/f.3422B0875008D2F2EA8EA7B9092A2C7B.d.7C6D9371A420E9AC276871618AC50538.e.1395/click - {}
RESULT: {}
RESULT: undefined
COMMAND: POST /session/4452d11a18149c318773b7ed397e9203/execute/async - {"script":"<script> [20 bytes]","args":[{"enterText":"WDIO_2025-08-05","selector":{"id":"rfm.transactionui::xRFMxCU_TransactionList--fe::FilterBar::xRFMxCU_Transaction::FilterField::Name-inner","interaction":{"idSuffix":"inner"}},"clearTextFirst":true,"interactionType":"ENTER_TEXT"}]}
COMMAND: GET /session/4452d11a18149c318773b7ed397e9203/screenshot - {}
RESULT: {"script":"<script> [20 bytes]","args":[{"enterText":"WDIO_2025-08-05","selector":{"id":"rfm.transactionui::xRFMxCU_TransactionList--fe::FilterBar::xRFMxCU_Transaction::FilterField::Name-inner","interaction":{"idSuffix":"inner"}},"clearTextFirst":true,"interactionType":"ENTER_TEXT"}]}
RESULT: {}
RESULT: undefined
COMMAND: POST /session/4452d11a18149c318773b7ed397e9203/element - {"using":"xpath","value":"//*[@id=\"rfm.transactionui::xRFMxCU_TransactionList--fe::FilterBar::xRFMxCU_Transaction-btnSearch\"]"}
RESULT: {"using":"xpath","value":"//*[@id=\"rfm.transactionui::xRFMxCU_TransactionList--fe::FilterBar::xRFMxCU_Transaction-btnSearch\"]"}
COMMAND: POST /session/4452d11a18149c318773b7ed397e9203/element/f.3422B0875008D2F2EA8EA7B9092A2C7B.d.7C6D9371A420E9AC276871618AC50538.e.1628/click - {}
RESULT: {}
COMMAND: GET /session/4452d11a18149c318773b7ed397e9203/screenshot - {}
RESULT: {}
COMMAND: POST /session/4452d11a18149c318773b7ed397e9203/execute/async - {"script":"<script> [21 bytes]","args":[{"selector":{"controlType":"sap.ui.core.Icon","viewName":"sap.fe.templates.ListReport.ListReport","viewId":"rfm.transactionui::xRFMxCU_TransactionList","properties":{"src":{"regex":{"source":"border"}}}},"wdio_ui5_key":"sapfe.templates.ListReport.ListReportsap.ui.core.Icon{\"src\":{\"regex\":{\"source\":\"border\"}}}"}]}
RESULT: {"script":"<script> [21 bytes]","args":[{"selector":{"controlType":"sap.ui.core.Icon","viewName":"sap.fe.templates.ListReport.ListReport","viewId":"rfm.transactionui::xRFMxCU_TransactionList","properties":{"src":{"regex":{"source":"border"}}}},"wdio_ui5_key":"sapfe.templates.ListReport.ListReportsap.ui.core.Icon{\"src\":{\"regex\":{\"source\":\"border\"}}}"}]}
RESULT: undefined
COMMAND: POST /session/4452d11a18149c318773b7ed397e9203/element - {"using":"xpath","value":"//*[@id=\"__icon55\"]"}
RESULT: {"using":"xpath","value":"//*[@id=\"__icon55\"]"}
COMMAND: POST /session/4452d11a18149c318773b7ed397e9203/element/f.3422B0875008D2F2EA8EA7B9092A2C7B.d.7C6D9371A420E9AC276871618AC50538.e.1630/click - {}
RESULT: {}
COMMAND: GET /session/4452d11a18149c318773b7ed397e9203/screenshot - {}
RESULT: {}
COMMAND: POST /session/4452d11a18149c318773b7ed397e9203/execute/async - {"script":"<script> [21 bytes]","args":[{"selector":{"id":"rfm.transactionui::xRFMxCU_TransactionList--fe::table::allTab::LineItem::StandardAction::Delete","interaction":{"idSuffix":"content"}},"wdio_ui5_key":"rfmtransactionui::xRFMxCU_TransactionList--fe::table::allTab::LineItem::StandardAction::Delete"}]}
RESULT: {"script":"<script> [21 bytes]","args":[{"selector":{"id":"rfm.transactionui::xRFMxCU_TransactionList--fe::table::allTab::LineItem::StandardAction::Delete","interaction":{"idSuffix":"content"}},"wdio_ui5_key":"rfmtransactionui::xRFMxCU_TransactionList--fe::table::allTab::LineItem::StandardAction::Delete"}]}
RESULT: undefined
COMMAND: POST /session/4452d11a18149c318773b7ed397e9203/element - {"using":"xpath","value":"//*[@id=\"rfm.transactionui::xRFMxCU_TransactionList--fe::table::allTab::LineItem::StandardAction::Delete\"]"}
RESULT: {"using":"xpath","value":"//*[@id=\"rfm.transactionui::xRFMxCU_TransactionList--fe::table::allTab::LineItem::StandardAction::Delete\"]"}
COMMAND: POST /session/4452d11a18149c318773b7ed397e9203/element/f.3422B0875008D2F2EA8EA7B9092A2C7B.d.7C6D9371A420E9AC276871618AC50538.e.1444/click - {}
RESULT: {}
COMMAND: POST /session/4452d11a18149c318773b7ed397e9203/execute/async - {"script":"<script> [21 bytes]","args":[{"selector":{"controlType":"sap.m.Button","properties":{"text":"Delete"},"searchOpenDialogs":true,"interaction":{"idSuffix":"BDI-content"}},"wdio_ui5_key":"sapm.Button{\"text\":\"Delete\"}"}]}
COMMAND: GET /session/4452d11a18149c318773b7ed397e9203/screenshot - {}
RESULT: {"script":"<script> [21 bytes]","args":[{"selector":{"controlType":"sap.m.Button","properties":{"text":"Delete"},"searchOpenDialogs":true,"interaction":{"idSuffix":"BDI-content"}},"wdio_ui5_key":"sapm.Button{\"text\":\"Delete\"}"}]}
RESULT: undefined
COMMAND: POST /session/4452d11a18149c318773b7ed397e9203/element - {"using":"xpath","value":"//*[@id=\"__button297\"]"}
RESULT: {}
RESULT: {"using":"xpath","value":"//*[@id=\"__button297\"]"}
COMMAND: POST /session/4452d11a18149c318773b7ed397e9203/element/f.3422B0875008D2F2EA8EA7B9092A2C7B.d.7C6D9371A420E9AC276871618AC50538.e.1634/click - {}
RESULT: {}
COMMAND: GET /session/4452d11a18149c318773b7ed397e9203/screenshot - {}
RESULT: {}
RESULT: undefined
COMMAND: POST /session/4452d11a18149c318773b7ed397e9203/element - {"using":"xpath","value":"//*[@id=\"rfm.transactionui::xRFMxCU_TransactionList--fe::FilterBar::xRFMxCU_Transaction-btnSearch\"]"}
RESULT: {"using":"xpath","value":"//*[@id=\"rfm.transactionui::xRFMxCU_TransactionList--fe::FilterBar::xRFMxCU_Transaction-btnSearch\"]"}
COMMAND: POST /session/4452d11a18149c318773b7ed397e9203/element/f.3422B0875008D2F2EA8EA7B9092A2C7B.d.7C6D9371A420E9AC276871618AC50538.e.1628/click - {}
RESULT: {}
COMMAND: POST /session/4452d11a18149c318773b7ed397e9203/execute/async - {"script":"<script> [21 bytes]","args":[{"selector":{"controlType":"sap.m.Title","viewName":"sap.fe.templates.ListReport.ListReport","viewId":"rfm.transactionui::xRFMxCU_TransactionList","properties":{"text":"No data found"}},"wdio_ui5_key":"sapfe.templates.ListReport.ListReportsap.m.Title{\"text\":\"No data found\"}"}]}
COMMAND: GET /session/4452d11a18149c318773b7ed397e9203/screenshot - {}
RESULT: {"script":"<script> [21 bytes]","args":[{"selector":{"controlType":"sap.m.Title","viewName":"sap.fe.templates.ListReport.ListReport","viewId":"rfm.transactionui::xRFMxCU_TransactionList","properties":{"text":"No data found"}},"wdio_ui5_key":"sapfe.templates.ListReport.ListReportsap.m.Title{\"text\":\"No data found\"}"}]}
RESULT: undefined
COMMAND: POST /session/4452d11a18149c318773b7ed397e9203/execute/async - {"script":"<script> [21 bytes]","args":[{"element-6066-11e4-a52e-4f735466cecf":"f.3422B0875008D2F2EA8EA7B9092A2C7B.d.7C6D9371A420E9AC276871618AC50538.e.1640"},"getText",[]]}
RESULT: {}
RESULT: {"script":"<script> [21 bytes]","args":[{"element-6066-11e4-a52e-4f735466cecf":"f.3422B0875008D2F2EA8EA7B9092A2C7B.d.7C6D9371A420E9AC276871618AC50538.e.1640"},"getText",[]]}
COMMAND: GET /session/4452d11a18149c318773b7ed397e9203/screenshot - {}
COMMAND: DELETE /session/4452d11a18149c318773b7ed397e9203 - {}
RESULT: {}
]]></system-out>
    </testcase>
  </testsuite>
</testsuites>