<?xml version="1.0" encoding="UTF-8"?>
<testsuites tests="6" failures="3" errors="3" skipped="3">
  <testsuite timestamp="2025-08-16T22:08:26" time="189.244" tests="6" failures="3" errors="3" skipped="3">
    <properties>
      <property name="specId" value="0"/>
      <property name="suiteName" value="Sanity Tests"/>
      <property name="capabilities" value="chrome.139_0_7258_67.windows"/>
      <property name="file" value="file:///D:/a/1/s/test/specs/General/sanity.spec.js"/>
    </properties>
    <testcase classname="chrome.139_0_7258_67.windows.Sanity_Tests" name="Should open Funding Asset page" time="21.09">
      <skipped/>
      <system-out><![CDATA[
COMMAND: POST /session/c9c4ef0f207576ff8a844d2dd27566c0/execute/async - {"script":"<script> [21 bytes]","args":[{"selector":{"controlType":"sap.m.GenericTile","properties":{"header":"Funding Asset"}},"wdio_ui5_key":"sapm.GenericTile{\"header\":\"Funding Asset\"}"}]}
RESULT: {"script":"<script> [21 bytes]","args":[{"selector":{"controlType":"sap.m.GenericTile","properties":{"header":"Funding Asset"}},"wdio_ui5_key":"sapm.GenericTile{\"header\":\"Funding Asset\"}"}]}
RESULT: undefined
RESULT: undefined
RESULT: undefined
COMMAND: POST /session/c9c4ef0f207576ff8a844d2dd27566c0/execute/async - {"script":"<script> [21 bytes]","args":[{"selector":{"id":"shellAppTitle"},"wdio_ui5_key":"shellAppTitle"}]}
RESULT: {"script":"<script> [21 bytes]","args":[{"selector":{"id":"shellAppTitle"},"wdio_ui5_key":"shellAppTitle"}]}
RESULT: undefined
COMMAND: POST /session/c9c4ef0f207576ff8a844d2dd27566c0/execute/async - {"script":"<script> [21 bytes]","args":[{"element-6066-11e4-a52e-4f735466cecf":"f.51B7A5D96FF8A5ACEEBE21942DC691E5.d.6B276088B07C921501603A05592B92E1.e.74"},"getTitle",[]]}
RESULT: {"script":"<script> [21 bytes]","args":[{"element-6066-11e4-a52e-4f735466cecf":"f.51B7A5D96FF8A5ACEEBE21942DC691E5.d.6B276088B07C921501603A05592B92E1.e.74"},"getTitle",[]]}
COMMAND: POST /session/c9c4ef0f207576ff8a844d2dd27566c0/execute/async - {"script":"<script> [21 bytes]","args":[{"selector":{"id":"backBtn"},"wdio_ui5_key":"backBtn"}]}
RESULT: {"script":"<script> [21 bytes]","args":[{"selector":{"id":"backBtn"},"wdio_ui5_key":"backBtn"}]}
RESULT: undefined
COMMAND: GET /session/c9c4ef0f207576ff8a844d2dd27566c0/screenshot - {}
COMMAND: GET /session/c9c4ef0f207576ff8a844d2dd27566c0/screenshot - {}
RESULT: {}
RESULT: {}
]]></system-out>
      <system-err><![CDATA[
Error: expect(received).toEqual(expected) // deep equality

Expected: "Funding Asset"
Received: "Home"
    at Context.<anonymous> (D:\a\1\s\test\specs\General\sanity.spec.js:44:27)
]]></system-err>
    </testcase>
    <testcase classname="chrome.139_0_7258_67.windows.Sanity_Tests" name="Should open Funding Asset page" time="19.773">
      <failure/>
      <error message="expect(received).toEqual(expected) // deep equality&#xA;&#xA;Expected: &quot;Funding Asset&quot;&#xA;Received: &quot;Home&quot;"/>
      <system-out><![CDATA[
RESULT: undefined
RESULT: undefined
RESULT: undefined
RESULT: undefined
COMMAND: POST /session/c9c4ef0f207576ff8a844d2dd27566c0/execute/async - {"script":"<script> [21 bytes]","args":[{"element-6066-11e4-a52e-4f735466cecf":"f.51B7A5D96FF8A5ACEEBE21942DC691E5.d.6B276088B07C921501603A05592B92E1.e.74"},"getTitle",[]]}
RESULT: {"script":"<script> [21 bytes]","args":[{"element-6066-11e4-a52e-4f735466cecf":"f.51B7A5D96FF8A5ACEEBE21942DC691E5.d.6B276088B07C921501603A05592B92E1.e.74"},"getTitle",[]]}
RESULT: undefined
COMMAND: GET /session/c9c4ef0f207576ff8a844d2dd27566c0/screenshot - {}
COMMAND: GET /session/c9c4ef0f207576ff8a844d2dd27566c0/screenshot - {}
RESULT: {}
RESULT: {}
]]></system-out>
      <system-err><![CDATA[
Error: expect(received).toEqual(expected) // deep equality

Expected: "Funding Asset"
Received: "Home"
    at Context.<anonymous> (D:\a\1\s\test\specs\General\sanity.spec.js:44:27)
]]></system-err>
    </testcase>
    <testcase classname="chrome.139_0_7258_67.windows.Sanity_Tests" name="Should open Funding Debtor page" time="20.204">
      <skipped/>
      <system-out><![CDATA[
COMMAND: POST /session/c9c4ef0f207576ff8a844d2dd27566c0/execute/async - {"script":"<script> [21 bytes]","args":[{"selector":{"controlType":"sap.m.GenericTile","properties":{"header":"Funding Debtor"}},"wdio_ui5_key":"sapm.GenericTile{\"header\":\"Funding Debtor\"}"}]}
COMMAND: GET /session/c9c4ef0f207576ff8a844d2dd27566c0/screenshot - {}
RESULT: {"script":"<script> [21 bytes]","args":[{"selector":{"controlType":"sap.m.GenericTile","properties":{"header":"Funding Debtor"}},"wdio_ui5_key":"sapm.GenericTile{\"header\":\"Funding Debtor\"}"}]}
RESULT: undefined
RESULT: {}
RESULT: undefined
RESULT: undefined
RESULT: undefined
COMMAND: POST /session/c9c4ef0f207576ff8a844d2dd27566c0/execute/async - {"script":"<script> [21 bytes]","args":[{"element-6066-11e4-a52e-4f735466cecf":"f.51B7A5D96FF8A5ACEEBE21942DC691E5.d.6B276088B07C921501603A05592B92E1.e.74"},"getTitle",[]]}
RESULT: {"script":"<script> [21 bytes]","args":[{"element-6066-11e4-a52e-4f735466cecf":"f.51B7A5D96FF8A5ACEEBE21942DC691E5.d.6B276088B07C921501603A05592B92E1.e.74"},"getTitle",[]]}
RESULT: undefined
COMMAND: GET /session/c9c4ef0f207576ff8a844d2dd27566c0/screenshot - {}
COMMAND: GET /session/c9c4ef0f207576ff8a844d2dd27566c0/screenshot - {}
RESULT: {}
RESULT: {}
]]></system-out>
      <system-err><![CDATA[
Error: expect(received).toEqual(expected) // deep equality

Expected: "Funding Debtor"
Received: "Home"
    at Context.<anonymous> (D:\a\1\s\test\specs\General\sanity.spec.js:44:27)
]]></system-err>
    </testcase>
    <testcase classname="chrome.139_0_7258_67.windows.Sanity_Tests" name="Should open Funding Debtor page" time="19.763">
      <failure/>
      <error message="expect(received).toEqual(expected) // deep equality&#xA;&#xA;Expected: &quot;Funding Debtor&quot;&#xA;Received: &quot;Home&quot;"/>
      <system-out><![CDATA[
RESULT: undefined
RESULT: undefined
RESULT: undefined
RESULT: undefined
COMMAND: POST /session/c9c4ef0f207576ff8a844d2dd27566c0/execute/async - {"script":"<script> [21 bytes]","args":[{"element-6066-11e4-a52e-4f735466cecf":"f.51B7A5D96FF8A5ACEEBE21942DC691E5.d.6B276088B07C921501603A05592B92E1.e.74"},"getTitle",[]]}
RESULT: {"script":"<script> [21 bytes]","args":[{"element-6066-11e4-a52e-4f735466cecf":"f.51B7A5D96FF8A5ACEEBE21942DC691E5.d.6B276088B07C921501603A05592B92E1.e.74"},"getTitle",[]]}
RESULT: undefined
COMMAND: GET /session/c9c4ef0f207576ff8a844d2dd27566c0/screenshot - {}
COMMAND: GET /session/c9c4ef0f207576ff8a844d2dd27566c0/screenshot - {}
RESULT: {}
RESULT: {}
COMMAND: GET /session/c9c4ef0f207576ff8a844d2dd27566c0/screenshot - {}
]]></system-out>
      <system-err><![CDATA[
Error: expect(received).toEqual(expected) // deep equality

Expected: "Funding Debtor"
Received: "Home"
    at Context.<anonymous> (D:\a\1\s\test\specs\General\sanity.spec.js:44:27)
]]></system-err>
    </testcase>
    <testcase classname="chrome.139_0_7258_67.windows.Sanity_Tests" name="Should open Asset Warehouse page" time="20.499">
      <skipped/>
      <system-out><![CDATA[
COMMAND: POST /session/c9c4ef0f207576ff8a844d2dd27566c0/execute/async - {"script":"<script> [21 bytes]","args":[{"selector":{"controlType":"sap.m.GenericTile","properties":{"header":"Asset Warehouse"}},"wdio_ui5_key":"sapm.GenericTile{\"header\":\"Asset Warehouse\"}"}]}
RESULT: {}
RESULT: {"script":"<script> [21 bytes]","args":[{"selector":{"controlType":"sap.m.GenericTile","properties":{"header":"Asset Warehouse"}},"wdio_ui5_key":"sapm.GenericTile{\"header\":\"Asset Warehouse\"}"}]}
RESULT: undefined
RESULT: undefined
RESULT: undefined
RESULT: undefined
COMMAND: POST /session/c9c4ef0f207576ff8a844d2dd27566c0/execute/async - {"script":"<script> [21 bytes]","args":[{"element-6066-11e4-a52e-4f735466cecf":"f.51B7A5D96FF8A5ACEEBE21942DC691E5.d.6B276088B07C921501603A05592B92E1.e.74"},"getTitle",[]]}
RESULT: {"script":"<script> [21 bytes]","args":[{"element-6066-11e4-a52e-4f735466cecf":"f.51B7A5D96FF8A5ACEEBE21942DC691E5.d.6B276088B07C921501603A05592B92E1.e.74"},"getTitle",[]]}
RESULT: undefined
COMMAND: GET /session/c9c4ef0f207576ff8a844d2dd27566c0/screenshot - {}
COMMAND: GET /session/c9c4ef0f207576ff8a844d2dd27566c0/screenshot - {}
RESULT: {}
RESULT: {}
]]></system-out>
      <system-err><![CDATA[
Error: expect(received).toEqual(expected) // deep equality

Expected: "Asset Warehouse"
Received: "Home"
    at Context.<anonymous> (D:\a\1\s\test\specs\General\sanity.spec.js:44:27)
]]></system-err>
    </testcase>
    <testcase classname="chrome.139_0_7258_67.windows.Sanity_Tests" name="Should open Asset Warehouse page" time="20.287">
      <failure/>
      <error message="expect(received).toEqual(expected) // deep equality&#xA;&#xA;Expected: &quot;Asset Warehouse&quot;&#xA;Received: &quot;Home&quot;"/>
      <system-out><![CDATA[
RESULT: undefined
RESULT: undefined
RESULT: undefined
RESULT: undefined
COMMAND: POST /session/c9c4ef0f207576ff8a844d2dd27566c0/execute/async - {"script":"<script> [21 bytes]","args":[{"element-6066-11e4-a52e-4f735466cecf":"f.51B7A5D96FF8A5ACEEBE21942DC691E5.d.6B276088B07C921501603A05592B92E1.e.74"},"getTitle",[]]}
RESULT: {"script":"<script> [21 bytes]","args":[{"element-6066-11e4-a52e-4f735466cecf":"f.51B7A5D96FF8A5ACEEBE21942DC691E5.d.6B276088B07C921501603A05592B92E1.e.74"},"getTitle",[]]}
RESULT: undefined
COMMAND: GET /session/c9c4ef0f207576ff8a844d2dd27566c0/screenshot - {}
COMMAND: GET /session/c9c4ef0f207576ff8a844d2dd27566c0/screenshot - {}
RESULT: {}
RESULT: {}
COMMAND: GET /session/c9c4ef0f207576ff8a844d2dd27566c0/screenshot - {}
COMMAND: DELETE /session/c9c4ef0f207576ff8a844d2dd27566c0 - {}
COMMAND: GET /session/c9c4ef0f207576ff8a844d2dd27566c0/screenshot - {}
RESULT: {}
RESULT: {}
]]></system-out>
      <system-err><![CDATA[
Error: expect(received).toEqual(expected) // deep equality

Expected: "Asset Warehouse"
Received: "Home"
    at Context.<anonymous> (D:\a\1\s\test\specs\General\sanity.spec.js:44:27)
]]></system-err>
    </testcase>
  </testsuite>
</testsuites>