<?xml version="1.0" encoding="UTF-8"?>
<testsuites tests="7" failures="0" errors="0" skipped="0">
  <testsuite timestamp="2025-08-13T00:08:46" time="468.054" tests="7" failures="0" errors="0" skipped="0">
    <properties>
      <property name="specId" value="0"/>
      <property name="suiteName" value="ABS"/>
      <property name="capabilities" value="chrome.138_0_7204_184.windows"/>
      <property name="file" value="file:///D:/a/1/s/test/specs/ABS/ABS.spec.js"/>
    </properties>
    <testcase classname="chrome.138_0_7204_184.windows.ABS" name="Should create Program" time="88.77">
      <system-out><![CDATA[
COMMAND: POST /session/909e291bdfe5a7fe27e42a2188bdfad7/execute/async - {"script":"<script> [21 bytes]","args":[{"selector":{"controlType":"sap.m.GenericTile","properties":{"header":"Funding Program"}},"wdio_ui5_key":"sapm.GenericTile{\"header\":\"Funding Program\"}"}]}
RESULT: {"script":"<script> [21 bytes]","args":[{"selector":{"controlType":"sap.m.GenericTile","properties":{"header":"Funding Program"}},"wdio_ui5_key":"sapm.GenericTile{\"header\":\"Funding Program\"}"}]}
RESULT: undefined
COMMAND: POST /session/909e291bdfe5a7fe27e42a2188bdfad7/element - {"using":"xpath","value":"//*[@id=\"__tile29\"]"}
RESULT: {"using":"xpath","value":"//*[@id=\"__tile29\"]"}
COMMAND: POST /session/909e291bdfe5a7fe27e42a2188bdfad7/element/f.9331ADAAAA9C6029382C298C937C7F4B.d.BBE32D2E574A08647A1FBAFB7AD0ECF4.e.83/click - {}
RESULT: {}
COMMAND: POST /session/909e291bdfe5a7fe27e42a2188bdfad7/execute/async - {"script":"<script> [21 bytes]","args":[{"selector":{"id":"rfm.programui::xRFMxCU_ProgramList--fe::table::allTab::LineItem::StandardAction::Create","controlType":"sap.m.Button"},"wdio_ui5_key":"rfmprogramui::xRFMxCU_ProgramList--fe::table::allTab::LineItem::StandardAction::Createsap.m.Button"}]}
COMMAND: GET /session/909e291bdfe5a7fe27e42a2188bdfad7/screenshot - {}
RESULT: {"script":"<script> [21 bytes]","args":[{"selector":{"id":"rfm.programui::xRFMxCU_ProgramList--fe::table::allTab::LineItem::StandardAction::Create","controlType":"sap.m.Button"},"wdio_ui5_key":"rfmprogramui::xRFMxCU_ProgramList--fe::table::allTab::LineItem::StandardAction::Createsap.m.Button"}]}
RESULT: undefined
COMMAND: POST /session/909e291bdfe5a7fe27e42a2188bdfad7/element - {"using":"xpath","value":"//*[@id=\"rfm.programui::xRFMxCU_ProgramList--fe::table::allTab::LineItem::StandardAction::Create\"]"}
RESULT: {}
RESULT: {"using":"xpath","value":"//*[@id=\"rfm.programui::xRFMxCU_ProgramList--fe::table::allTab::LineItem::StandardAction::Create\"]"}
COMMAND: POST /session/909e291bdfe5a7fe27e42a2188bdfad7/element/f.9331ADAAAA9C6029382C298C937C7F4B.d.BBE32D2E574A08647A1FBAFB7AD0ECF4.e.148/click - {}
RESULT: {}
COMMAND: GET /session/909e291bdfe5a7fe27e42a2188bdfad7/screenshot - {}
RESULT: {}
COMMAND: POST /session/909e291bdfe5a7fe27e42a2188bdfad7/execute/async - {"script":"<script> [21 bytes]","args":[{"selector":{"id":"CreateDialog::xRFMxCU_ProgramType::FundingScope-inner","searchOpenDialogs":true,"interaction":{"idSuffix":"inner"}},"wdio_ui5_key":"CreateDialogxRFMxCU_ProgramType::FundingScope-inner"}]}
RESULT: {"script":"<script> [21 bytes]","args":[{"selector":{"id":"CreateDialog::xRFMxCU_ProgramType::FundingScope-inner","searchOpenDialogs":true,"interaction":{"idSuffix":"inner"}},"wdio_ui5_key":"CreateDialogxRFMxCU_ProgramType::FundingScope-inner"}]}
RESULT: undefined
COMMAND: POST /session/909e291bdfe5a7fe27e42a2188bdfad7/execute/async - {"script":"<script> [20 bytes]","args":[{"enterText":"Installment","selector":{"id":"CreateDialog::xRFMxCU_ProgramType::FundingScope-inner","searchOpenDialogs":true,"interaction":{"idSuffix":"inner"}},"clearTextFirst":true,"interactionType":"ENTER_TEXT"}]}
RESULT: {"script":"<script> [20 bytes]","args":[{"enterText":"Installment","selector":{"id":"CreateDialog::xRFMxCU_ProgramType::FundingScope-inner","searchOpenDialogs":true,"interaction":{"idSuffix":"inner"}},"clearTextFirst":true,"interactionType":"ENTER_TEXT"}]}
COMMAND: POST /session/909e291bdfe5a7fe27e42a2188bdfad7/execute/async - {"script":"<script> [21 bytes]","args":[{"selector":{"id":"CreateDialog::xRFMxCU_ProgramType::ValidFrom-inner","searchOpenDialogs":true,"interaction":{"idSuffix":"inner"}},"wdio_ui5_key":"CreateDialogxRFMxCU_ProgramType::ValidFrom-inner"}]}
RESULT: {"script":"<script> [21 bytes]","args":[{"selector":{"id":"CreateDialog::xRFMxCU_ProgramType::ValidFrom-inner","searchOpenDialogs":true,"interaction":{"idSuffix":"inner"}},"wdio_ui5_key":"CreateDialogxRFMxCU_ProgramType::ValidFrom-inner"}]}
RESULT: undefined
COMMAND: POST /session/909e291bdfe5a7fe27e42a2188bdfad7/execute/async - {"script":"<script> [20 bytes]","args":[{"enterText":"2025-01-01","selector":{"id":"CreateDialog::xRFMxCU_ProgramType::ValidFrom-inner","searchOpenDialogs":true,"interaction":{"idSuffix":"inner"}},"clearTextFirst":true,"interactionType":"ENTER_TEXT"}]}
RESULT: {"script":"<script> [20 bytes]","args":[{"enterText":"2025-01-01","selector":{"id":"CreateDialog::xRFMxCU_ProgramType::ValidFrom-inner","searchOpenDialogs":true,"interaction":{"idSuffix":"inner"}},"clearTextFirst":true,"interactionType":"ENTER_TEXT"}]}
COMMAND: POST /session/909e291bdfe5a7fe27e42a2188bdfad7/execute/async - {"script":"<script> [21 bytes]","args":[{"selector":{"id":"CreateDialog::xRFMxCU_ProgramType::PortfolioId-inner","searchOpenDialogs":true,"interaction":{"idSuffix":"inner"}},"wdio_ui5_key":"CreateDialogxRFMxCU_ProgramType::PortfolioId-inner"}]}
RESULT: {"script":"<script> [21 bytes]","args":[{"selector":{"id":"CreateDialog::xRFMxCU_ProgramType::PortfolioId-inner","searchOpenDialogs":true,"interaction":{"idSuffix":"inner"}},"wdio_ui5_key":"CreateDialogxRFMxCU_ProgramType::PortfolioId-inner"}]}
RESULT: undefined
COMMAND: POST /session/909e291bdfe5a7fe27e42a2188bdfad7/execute/async - {"script":"<script> [20 bytes]","args":[{"enterText":"1","selector":{"id":"CreateDialog::xRFMxCU_ProgramType::PortfolioId-inner","searchOpenDialogs":true,"interaction":{"idSuffix":"inner"}},"clearTextFirst":true,"interactionType":"ENTER_TEXT"}]}
RESULT: {"script":"<script> [20 bytes]","args":[{"enterText":"1","selector":{"id":"CreateDialog::xRFMxCU_ProgramType::PortfolioId-inner","searchOpenDialogs":true,"interaction":{"idSuffix":"inner"}},"clearTextFirst":true,"interactionType":"ENTER_TEXT"}]}
COMMAND: POST /session/909e291bdfe5a7fe27e42a2188bdfad7/execute/async - {"script":"<script> [21 bytes]","args":[{"selector":{"controlType":"sap.m.Button","viewName":"sap.fe.templates.ObjectPage.ObjectPage","viewId":"rfm.programui::xRFMxCU_ProgramObjectPage","properties":{"text":"Continue"},"searchOpenDialogs":true,"interaction":{"idSuffix":"BDI-content"}},"wdio_ui5_key":"sapfe.templates.ObjectPage.ObjectPagesap.m.Button{\"text\":\"Continue\"}"}]}
RESULT: {"script":"<script> [21 bytes]","args":[{"selector":{"controlType":"sap.m.Button","viewName":"sap.fe.templates.ObjectPage.ObjectPage","viewId":"rfm.programui::xRFMxCU_ProgramObjectPage","properties":{"text":"Continue"},"searchOpenDialogs":true,"interaction":{"idSuffix":"BDI-content"}},"wdio_ui5_key":"sapfe.templates.ObjectPage.ObjectPagesap.m.Button{\"text\":\"Continue\"}"}]}
RESULT: undefined
COMMAND: POST /session/909e291bdfe5a7fe27e42a2188bdfad7/element - {"using":"xpath","value":"//*[@id=\"__button187\"]"}
RESULT: {"using":"xpath","value":"//*[@id=\"__button187\"]"}
COMMAND: POST /session/909e291bdfe5a7fe27e42a2188bdfad7/element/f.9331ADAAAA9C6029382C298C937C7F4B.d.BBE32D2E574A08647A1FBAFB7AD0ECF4.e.310/click - {}
RESULT: {}
COMMAND: GET /session/909e291bdfe5a7fe27e42a2188bdfad7/screenshot - {}
RESULT: {}
COMMAND: POST /session/909e291bdfe5a7fe27e42a2188bdfad7/execute/async - {"script":"<script> [21 bytes]","args":[{"selector":{"id":"rfm.programui::xRFMxCU_ProgramObjectPage--fe::CustomSubSection::CustomDetailsSection--fe::FormContainer::FieldGroup::basicData1::FormElement::DataField::Currency::Field-edit-inner","interaction":{"idSuffix":"inner"}},"wdio_ui5_key":"rfmprogramui::xRFMxCU_ProgramObjectPage--fe::CustomSubSection::CustomDetailsSection--fe::FormContainer::FieldGroup::basicData1::FormElement::DataField::Currency::Field-edit-inner"}]}
RESULT: {"script":"<script> [21 bytes]","args":[{"selector":{"id":"rfm.programui::xRFMxCU_ProgramObjectPage--fe::CustomSubSection::CustomDetailsSection--fe::FormContainer::FieldGroup::basicData1::FormElement::DataField::Currency::Field-edit-inner","interaction":{"idSuffix":"inner"}},"wdio_ui5_key":"rfmprogramui::xRFMxCU_ProgramObjectPage--fe::CustomSubSection::CustomDetailsSection--fe::FormContainer::FieldGroup::basicData1::FormElement::DataField::Currency::Field-edit-inner"}]}
RESULT: undefined
COMMAND: POST /session/909e291bdfe5a7fe27e42a2188bdfad7/execute/async - {"script":"<script> [20 bytes]","args":[{"enterText":"EUR","selector":{"id":"rfm.programui::xRFMxCU_ProgramObjectPage--fe::CustomSubSection::CustomDetailsSection--fe::FormContainer::FieldGroup::basicData1::FormElement::DataField::Currency::Field-edit-inner","interaction":{"idSuffix":"inner"}},"clearTextFirst":true,"interactionType":"ENTER_TEXT"}]}
RESULT: {"script":"<script> [20 bytes]","args":[{"enterText":"EUR","selector":{"id":"rfm.programui::xRFMxCU_ProgramObjectPage--fe::CustomSubSection::CustomDetailsSection--fe::FormContainer::FieldGroup::basicData1::FormElement::DataField::Currency::Field-edit-inner","interaction":{"idSuffix":"inner"}},"clearTextFirst":true,"interactionType":"ENTER_TEXT"}]}
COMMAND: POST /session/909e291bdfe5a7fe27e42a2188bdfad7/execute/async - {"script":"<script> [21 bytes]","args":[{"selector":{"id":"rfm.programui::xRFMxCU_ProgramObjectPage--fe::CustomSubSection::CustomDetailsSection--fe::FormContainer::FieldGroup::basicData1::FormElement::DataField::Volume::Field-edit-inner","interaction":{"idSuffix":"inner"}},"wdio_ui5_key":"rfmprogramui::xRFMxCU_ProgramObjectPage--fe::CustomSubSection::CustomDetailsSection--fe::FormContainer::FieldGroup::basicData1::FormElement::DataField::Volume::Field-edit-inner"}]}
RESULT: {"script":"<script> [21 bytes]","args":[{"selector":{"id":"rfm.programui::xRFMxCU_ProgramObjectPage--fe::CustomSubSection::CustomDetailsSection--fe::FormContainer::FieldGroup::basicData1::FormElement::DataField::Volume::Field-edit-inner","interaction":{"idSuffix":"inner"}},"wdio_ui5_key":"rfmprogramui::xRFMxCU_ProgramObjectPage--fe::CustomSubSection::CustomDetailsSection--fe::FormContainer::FieldGroup::basicData1::FormElement::DataField::Volume::Field-edit-inner"}]}
RESULT: undefined
COMMAND: POST /session/909e291bdfe5a7fe27e42a2188bdfad7/execute/async - {"script":"<script> [20 bytes]","args":[{"enterText":"1,000,000,000.00","selector":{"id":"rfm.programui::xRFMxCU_ProgramObjectPage--fe::CustomSubSection::CustomDetailsSection--fe::FormContainer::FieldGroup::basicData1::FormElement::DataField::Volume::Field-edit-inner","interaction":{"idSuffix":"inner"}},"clearTextFirst":true,"interactionType":"ENTER_TEXT"}]}
RESULT: {"script":"<script> [20 bytes]","args":[{"enterText":"1,000,000,000.00","selector":{"id":"rfm.programui::xRFMxCU_ProgramObjectPage--fe::CustomSubSection::CustomDetailsSection--fe::FormContainer::FieldGroup::basicData1::FormElement::DataField::Volume::Field-edit-inner","interaction":{"idSuffix":"inner"}},"clearTextFirst":true,"interactionType":"ENTER_TEXT"}]}
COMMAND: POST /session/909e291bdfe5a7fe27e42a2188bdfad7/execute/async - {"script":"<script> [21 bytes]","args":[{"selector":{"id":"rfm.programui::xRFMxCU_ProgramObjectPage--fe::CustomSubSection::CustomDetailsSection--fe::FormContainer::FieldGroup::basicData1::FormElement::DataField::ValidTo::Field-edit","interaction":{"idSuffix":"inner"}},"wdio_ui5_key":"rfmprogramui::xRFMxCU_ProgramObjectPage--fe::CustomSubSection::CustomDetailsSection--fe::FormContainer::FieldGroup::basicData1::FormElement::DataField::ValidTo::Field-edit"}]}
RESULT: {"script":"<script> [21 bytes]","args":[{"selector":{"id":"rfm.programui::xRFMxCU_ProgramObjectPage--fe::CustomSubSection::CustomDetailsSection--fe::FormContainer::FieldGroup::basicData1::FormElement::DataField::ValidTo::Field-edit","interaction":{"idSuffix":"inner"}},"wdio_ui5_key":"rfmprogramui::xRFMxCU_ProgramObjectPage--fe::CustomSubSection::CustomDetailsSection--fe::FormContainer::FieldGroup::basicData1::FormElement::DataField::ValidTo::Field-edit"}]}
RESULT: undefined
COMMAND: POST /session/909e291bdfe5a7fe27e42a2188bdfad7/execute/async - {"script":"<script> [20 bytes]","args":[{"enterText":"2027-12-31","selector":{"id":"rfm.programui::xRFMxCU_ProgramObjectPage--fe::CustomSubSection::CustomDetailsSection--fe::FormContainer::FieldGroup::basicData1::FormElement::DataField::ValidTo::Field-edit","interaction":{"idSuffix":"inner"}},"clearTextFirst":true,"interactionType":"ENTER_TEXT"}]}
RESULT: {"script":"<script> [20 bytes]","args":[{"enterText":"2027-12-31","selector":{"id":"rfm.programui::xRFMxCU_ProgramObjectPage--fe::CustomSubSection::CustomDetailsSection--fe::FormContainer::FieldGroup::basicData1::FormElement::DataField::ValidTo::Field-edit","interaction":{"idSuffix":"inner"}},"clearTextFirst":true,"interactionType":"ENTER_TEXT"}]}
COMMAND: POST /session/909e291bdfe5a7fe27e42a2188bdfad7/execute/async - {"script":"<script> [21 bytes]","args":[{"selector":{"id":"rfm.programui::xRFMxCU_ProgramObjectPage--fe::CustomSubSection::CustomDetailsSection--fe::FormContainer::FieldGroup::basicData2::FormElement::DataField::CompanyCode::Field-edit-inner","interaction":{"idSuffix":"inner"}},"wdio_ui5_key":"rfmprogramui::xRFMxCU_ProgramObjectPage--fe::CustomSubSection::CustomDetailsSection--fe::FormContainer::FieldGroup::basicData2::FormElement::DataField::CompanyCode::Field-edit-inner"}]}
RESULT: {"script":"<script> [21 bytes]","args":[{"selector":{"id":"rfm.programui::xRFMxCU_ProgramObjectPage--fe::CustomSubSection::CustomDetailsSection--fe::FormContainer::FieldGroup::basicData2::FormElement::DataField::CompanyCode::Field-edit-inner","interaction":{"idSuffix":"inner"}},"wdio_ui5_key":"rfmprogramui::xRFMxCU_ProgramObjectPage--fe::CustomSubSection::CustomDetailsSection--fe::FormContainer::FieldGroup::basicData2::FormElement::DataField::CompanyCode::Field-edit-inner"}]}
RESULT: undefined
COMMAND: POST /session/909e291bdfe5a7fe27e42a2188bdfad7/execute/async - {"script":"<script> [20 bytes]","args":[{"enterText":"BearingPoint (0001)","selector":{"id":"rfm.programui::xRFMxCU_ProgramObjectPage--fe::CustomSubSection::CustomDetailsSection--fe::FormContainer::FieldGroup::basicData2::FormElement::DataField::CompanyCode::Field-edit-inner","interaction":{"idSuffix":"inner"}},"clearTextFirst":true,"interactionType":"ENTER_TEXT"}]}
RESULT: {"script":"<script> [20 bytes]","args":[{"enterText":"BearingPoint (0001)","selector":{"id":"rfm.programui::xRFMxCU_ProgramObjectPage--fe::CustomSubSection::CustomDetailsSection--fe::FormContainer::FieldGroup::basicData2::FormElement::DataField::CompanyCode::Field-edit-inner","interaction":{"idSuffix":"inner"}},"clearTextFirst":true,"interactionType":"ENTER_TEXT"}]}
COMMAND: POST /session/909e291bdfe5a7fe27e42a2188bdfad7/execute/async - {"script":"<script> [21 bytes]","args":[{"selector":{"id":"rfm.programui::xRFMxCU_ProgramObjectPage--fe::CustomSubSection::CustomDetailsSection--DetailsFundingTypesTable-content::StandardAction::Create","interaction":{"idSuffix":"BDI-content"}},"wdio_ui5_key":"rfmprogramui::xRFMxCU_ProgramObjectPage--fe::CustomSubSection::CustomDetailsSection--DetailsFundingTypesTable-content::StandardAction::Create"}]}
RESULT: {"script":"<script> [21 bytes]","args":[{"selector":{"id":"rfm.programui::xRFMxCU_ProgramObjectPage--fe::CustomSubSection::CustomDetailsSection--DetailsFundingTypesTable-content::StandardAction::Create","interaction":{"idSuffix":"BDI-content"}},"wdio_ui5_key":"rfmprogramui::xRFMxCU_ProgramObjectPage--fe::CustomSubSection::CustomDetailsSection--DetailsFundingTypesTable-content::StandardAction::Create"}]}
RESULT: undefined
COMMAND: POST /session/909e291bdfe5a7fe27e42a2188bdfad7/element - {"using":"xpath","value":"//*[@id=\"rfm.programui::xRFMxCU_ProgramObjectPage--fe::CustomSubSection::CustomDetailsSection--DetailsFundingTypesTable-content::StandardAction::Create\"]"}
RESULT: {"using":"xpath","value":"//*[@id=\"rfm.programui::xRFMxCU_ProgramObjectPage--fe::CustomSubSection::CustomDetailsSection--DetailsFundingTypesTable-content::StandardAction::Create\"]"}
COMMAND: POST /session/909e291bdfe5a7fe27e42a2188bdfad7/element/f.9331ADAAAA9C6029382C298C937C7F4B.d.BBE32D2E574A08647A1FBAFB7AD0ECF4.e.365/click - {}
RESULT: {}
COMMAND: POST /session/909e291bdfe5a7fe27e42a2188bdfad7/execute/async - {"script":"<script> [21 bytes]","args":[{"selector":{"id":"CreateDialog::xRFMxCU_ProgramFundingTypeType::FundingType-inner","searchOpenDialogs":true,"interaction":{"idSuffix":"inner"}},"wdio_ui5_key":"CreateDialogxRFMxCU_ProgramFundingTypeType::FundingType-inner"}]}
COMMAND: GET /session/909e291bdfe5a7fe27e42a2188bdfad7/screenshot - {}
RESULT: {}
RESULT: {"script":"<script> [21 bytes]","args":[{"selector":{"id":"CreateDialog::xRFMxCU_ProgramFundingTypeType::FundingType-inner","searchOpenDialogs":true,"interaction":{"idSuffix":"inner"}},"wdio_ui5_key":"CreateDialogxRFMxCU_ProgramFundingTypeType::FundingType-inner"}]}
RESULT: undefined
COMMAND: POST /session/909e291bdfe5a7fe27e42a2188bdfad7/execute/async - {"script":"<script> [20 bytes]","args":[{"enterText":"30","selector":{"id":"CreateDialog::xRFMxCU_ProgramFundingTypeType::FundingType-inner","searchOpenDialogs":true,"interaction":{"idSuffix":"inner"}},"clearTextFirst":true,"interactionType":"ENTER_TEXT"}]}
RESULT: {"script":"<script> [20 bytes]","args":[{"enterText":"30","selector":{"id":"CreateDialog::xRFMxCU_ProgramFundingTypeType::FundingType-inner","searchOpenDialogs":true,"interaction":{"idSuffix":"inner"}},"clearTextFirst":true,"interactionType":"ENTER_TEXT"}]}
COMMAND: POST /session/909e291bdfe5a7fe27e42a2188bdfad7/execute/async - {"script":"<script> [21 bytes]","args":[{"selector":{"id":"CreateDialog::xRFMxCU_Program::_AllowedFundingType-footer","searchOpenDialogs":true},"wdio_ui5_key":"CreateDialogxRFMxCU_Program::_AllowedFundingType-footer"}]}
RESULT: {"script":"<script> [21 bytes]","args":[{"selector":{"id":"CreateDialog::xRFMxCU_Program::_AllowedFundingType-footer","searchOpenDialogs":true},"wdio_ui5_key":"CreateDialogxRFMxCU_Program::_AllowedFundingType-footer"}]}
RESULT: undefined
COMMAND: POST /session/909e291bdfe5a7fe27e42a2188bdfad7/element - {"using":"xpath","value":"//*[@id=\"CreateDialog::xRFMxCU_Program::_AllowedFundingType-footer\"]"}
RESULT: {"using":"xpath","value":"//*[@id=\"CreateDialog::xRFMxCU_Program::_AllowedFundingType-footer\"]"}
COMMAND: POST /session/909e291bdfe5a7fe27e42a2188bdfad7/element/f.9331ADAAAA9C6029382C298C937C7F4B.d.BBE32D2E574A08647A1FBAFB7AD0ECF4.e.514/click - {}
RESULT: {}
COMMAND: GET /session/909e291bdfe5a7fe27e42a2188bdfad7/screenshot - {}
RESULT: {}
COMMAND: POST /session/909e291bdfe5a7fe27e42a2188bdfad7/execute/async - {"script":"<script> [21 bytes]","args":[{"forceSelect":true,"selector":{"controlType":"sap.m.Button","viewName":"sap.fe.templates.ObjectPage.ObjectPage","viewId":"rfm.programui::xRFMxCU_Program__AllowedFundingTypeObjectPage","properties":{"text":"Continue"},"searchOpenDialogs":true,"interaction":{"idSuffix":"content"}},"wdio_ui5_key":"sapfe.templates.ObjectPage.ObjectPagesap.m.Button{\"text\":\"Continue\"}"}]}
RESULT: {"script":"<script> [21 bytes]","args":[{"forceSelect":true,"selector":{"controlType":"sap.m.Button","viewName":"sap.fe.templates.ObjectPage.ObjectPage","viewId":"rfm.programui::xRFMxCU_Program__AllowedFundingTypeObjectPage","properties":{"text":"Continue"},"searchOpenDialogs":true,"interaction":{"idSuffix":"content"}},"wdio_ui5_key":"sapfe.templates.ObjectPage.ObjectPagesap.m.Button{\"text\":\"Continue\"}"}]}
RESULT: undefined
COMMAND: POST /session/909e291bdfe5a7fe27e42a2188bdfad7/element - {"using":"xpath","value":"//*[@id=\"__button199\"]"}
RESULT: {"using":"xpath","value":"//*[@id=\"__button199\"]"}
COMMAND: POST /session/909e291bdfe5a7fe27e42a2188bdfad7/element/f.9331ADAAAA9C6029382C298C937C7F4B.d.BBE32D2E574A08647A1FBAFB7AD0ECF4.e.516/click - {}
RESULT: {}
COMMAND: GET /session/909e291bdfe5a7fe27e42a2188bdfad7/screenshot - {}
RESULT: {}
COMMAND: POST /session/909e291bdfe5a7fe27e42a2188bdfad7/execute/async - {"script":"<script> [21 bytes]","args":[{"selector":{"id":"rfm.programui::xRFMxCU_Program__AllowedFundingTypeObjectPage--fe::FooterBar::StandardAction::Apply","interaction":{"idSuffix":"BDI-content"}},"wdio_ui5_key":"rfmprogramui::xRFMxCU_Program__AllowedFundingTypeObjectPage--fe::FooterBar::StandardAction::Apply"}]}
RESULT: {"script":"<script> [21 bytes]","args":[{"selector":{"id":"rfm.programui::xRFMxCU_Program__AllowedFundingTypeObjectPage--fe::FooterBar::StandardAction::Apply","interaction":{"idSuffix":"BDI-content"}},"wdio_ui5_key":"rfmprogramui::xRFMxCU_Program__AllowedFundingTypeObjectPage--fe::FooterBar::StandardAction::Apply"}]}
RESULT: undefined
COMMAND: POST /session/909e291bdfe5a7fe27e42a2188bdfad7/element - {"using":"xpath","value":"//*[@id=\"rfm.programui::xRFMxCU_Program__AllowedFundingTypeObjectPage--fe::FooterBar::StandardAction::Apply\"]"}
RESULT: {"using":"xpath","value":"//*[@id=\"rfm.programui::xRFMxCU_Program__AllowedFundingTypeObjectPage--fe::FooterBar::StandardAction::Apply\"]"}
COMMAND: POST /session/909e291bdfe5a7fe27e42a2188bdfad7/element/f.9331ADAAAA9C6029382C298C937C7F4B.d.BBE32D2E574A08647A1FBAFB7AD0ECF4.e.508/click - {}
RESULT: {}
COMMAND: POST /session/909e291bdfe5a7fe27e42a2188bdfad7/execute/async - {"script":"<script> [21 bytes]","args":[{"selector":{"id":"rfm.programui::xRFMxCU_ProgramObjectPage--fe::ObjectPage-anchBar-rfm.programui::xRFMxCU_ProgramObjectPage--fe::EditableHeaderSection-anchor","interaction":{"idSuffix":"text"}},"wdio_ui5_key":"rfmprogramui::xRFMxCU_ProgramObjectPage--fe::ObjectPage-anchBar-rfm.programui::xRFMxCU_ProgramObjectPage--fe::EditableHeaderSection-anchor"}]}
COMMAND: GET /session/909e291bdfe5a7fe27e42a2188bdfad7/screenshot - {}
RESULT: {"script":"<script> [21 bytes]","args":[{"selector":{"id":"rfm.programui::xRFMxCU_ProgramObjectPage--fe::ObjectPage-anchBar-rfm.programui::xRFMxCU_ProgramObjectPage--fe::EditableHeaderSection-anchor","interaction":{"idSuffix":"text"}},"wdio_ui5_key":"rfmprogramui::xRFMxCU_ProgramObjectPage--fe::ObjectPage-anchBar-rfm.programui::xRFMxCU_ProgramObjectPage--fe::EditableHeaderSection-anchor"}]}
RESULT: undefined
COMMAND: POST /session/909e291bdfe5a7fe27e42a2188bdfad7/element - {"using":"xpath","value":"//*[@id=\"rfm.programui::xRFMxCU_ProgramObjectPage--fe::ObjectPage-anchBar-rfm.programui::xRFMxCU_ProgramObjectPage--fe::EditableHeaderSection-anchor\"]"}
RESULT: {}
RESULT: {"using":"xpath","value":"//*[@id=\"rfm.programui::xRFMxCU_ProgramObjectPage--fe::ObjectPage-anchBar-rfm.programui::xRFMxCU_ProgramObjectPage--fe::EditableHeaderSection-anchor\"]"}
COMMAND: POST /session/909e291bdfe5a7fe27e42a2188bdfad7/element/f.9331ADAAAA9C6029382C298C937C7F4B.d.BBE32D2E574A08647A1FBAFB7AD0ECF4.e.566/click - {}
RESULT: {}
COMMAND: GET /session/909e291bdfe5a7fe27e42a2188bdfad7/screenshot - {}
RESULT: {}
COMMAND: POST /session/909e291bdfe5a7fe27e42a2188bdfad7/execute/async - {"script":"<script> [21 bytes]","args":[{"selector":{"id":"rfm.programui::xRFMxCU_ProgramObjectPage--fe::HeaderFacet::FormContainer::headerFieldsGP1::FormElement::DataField::Name::Field-edit","interaction":{"idSuffix":"inner"}},"wdio_ui5_key":"rfmprogramui::xRFMxCU_ProgramObjectPage--fe::HeaderFacet::FormContainer::headerFieldsGP1::FormElement::DataField::Name::Field-edit"}]}
RESULT: {"script":"<script> [21 bytes]","args":[{"selector":{"id":"rfm.programui::xRFMxCU_ProgramObjectPage--fe::HeaderFacet::FormContainer::headerFieldsGP1::FormElement::DataField::Name::Field-edit","interaction":{"idSuffix":"inner"}},"wdio_ui5_key":"rfmprogramui::xRFMxCU_ProgramObjectPage--fe::HeaderFacet::FormContainer::headerFieldsGP1::FormElement::DataField::Name::Field-edit"}]}
RESULT: undefined
COMMAND: POST /session/909e291bdfe5a7fe27e42a2188bdfad7/execute/async - {"script":"<script> [20 bytes]","args":[{"enterText":"WDIO_ABS_2025-08-13","selector":{"id":"rfm.programui::xRFMxCU_ProgramObjectPage--fe::HeaderFacet::FormContainer::headerFieldsGP1::FormElement::DataField::Name::Field-edit","interaction":{"idSuffix":"inner"}},"clearTextFirst":true,"interactionType":"ENTER_TEXT"}]}
RESULT: {"script":"<script> [20 bytes]","args":[{"enterText":"WDIO_ABS_2025-08-13","selector":{"id":"rfm.programui::xRFMxCU_ProgramObjectPage--fe::HeaderFacet::FormContainer::headerFieldsGP1::FormElement::DataField::Name::Field-edit","interaction":{"idSuffix":"inner"}},"clearTextFirst":true,"interactionType":"ENTER_TEXT"}]}
COMMAND: POST /session/909e291bdfe5a7fe27e42a2188bdfad7/execute/async - {"script":"<script> [21 bytes]","args":[{"selector":{"id":"rfm.programui::xRFMxCU_ProgramObjectPage--fe::FooterBar::StandardAction::Save","interaction":{"idSuffix":"BDI-content"}},"wdio_ui5_key":"rfmprogramui::xRFMxCU_ProgramObjectPage--fe::FooterBar::StandardAction::Save"}]}
RESULT: {"script":"<script> [21 bytes]","args":[{"selector":{"id":"rfm.programui::xRFMxCU_ProgramObjectPage--fe::FooterBar::StandardAction::Save","interaction":{"idSuffix":"BDI-content"}},"wdio_ui5_key":"rfmprogramui::xRFMxCU_ProgramObjectPage--fe::FooterBar::StandardAction::Save"}]}
RESULT: undefined
COMMAND: POST /session/909e291bdfe5a7fe27e42a2188bdfad7/element - {"using":"xpath","value":"//*[@id=\"rfm.programui::xRFMxCU_ProgramObjectPage--fe::FooterBar::StandardAction::Save\"]"}
RESULT: {"using":"xpath","value":"//*[@id=\"rfm.programui::xRFMxCU_ProgramObjectPage--fe::FooterBar::StandardAction::Save\"]"}
COMMAND: POST /session/909e291bdfe5a7fe27e42a2188bdfad7/element/f.9331ADAAAA9C6029382C298C937C7F4B.d.BBE32D2E574A08647A1FBAFB7AD0ECF4.e.423/click - {}
RESULT: {}
COMMAND: POST /session/909e291bdfe5a7fe27e42a2188bdfad7/execute/async - {"script":"<script> [21 bytes]","args":[{"selector":{"id":"rfm.programui::xRFMxCU_ProgramObjectPage--fe::HeaderFacet::Form::headerFieldsGP1::DataField::ProgramId::Field-content"},"wdio_ui5_key":"rfmprogramui::xRFMxCU_ProgramObjectPage--fe::HeaderFacet::Form::headerFieldsGP1::DataField::ProgramId::Field-content"}]}
COMMAND: GET /session/909e291bdfe5a7fe27e42a2188bdfad7/screenshot - {}
RESULT: {"script":"<script> [21 bytes]","args":[{"selector":{"id":"rfm.programui::xRFMxCU_ProgramObjectPage--fe::HeaderFacet::Form::headerFieldsGP1::DataField::ProgramId::Field-content"},"wdio_ui5_key":"rfmprogramui::xRFMxCU_ProgramObjectPage--fe::HeaderFacet::Form::headerFieldsGP1::DataField::ProgramId::Field-content"}]}
RESULT: undefined
COMMAND: POST /session/909e291bdfe5a7fe27e42a2188bdfad7/execute/async - {"script":"<script> [21 bytes]","args":[{"element-6066-11e4-a52e-4f735466cecf":"f.9331ADAAAA9C6029382C298C937C7F4B.d.BBE32D2E574A08647A1FBAFB7AD0ECF4.e.582"},"getText",[]]}
RESULT: {}
RESULT: {"script":"<script> [21 bytes]","args":[{"element-6066-11e4-a52e-4f735466cecf":"f.9331ADAAAA9C6029382C298C937C7F4B.d.BBE32D2E574A08647A1FBAFB7AD0ECF4.e.582"},"getText",[]]}
COMMAND: POST /session/909e291bdfe5a7fe27e42a2188bdfad7/execute/async - {"script":"<script> [21 bytes]","args":[{"selector":{"id":"rfm.programui::xRFMxCU_ProgramObjectPage--fe::DataFieldForAction::com.sap.gateway.srvd.rfm.ui_program.v0001.Open::com.sap.gateway.srvd.rfm.ui_program.v0001.xRFMxCU_ProgramType","interaction":{"idSuffix":"BDI-content"}},"wdio_ui5_key":"rfmprogramui::xRFMxCU_ProgramObjectPage--fe::DataFieldForAction::com.sap.gateway.srvd.rfm.ui_program.v0001.Open::com.sap.gateway.srvd.rfm.ui_program.v0001.xRFMxCU_ProgramType"}]}
RESULT: {"script":"<script> [21 bytes]","args":[{"selector":{"id":"rfm.programui::xRFMxCU_ProgramObjectPage--fe::DataFieldForAction::com.sap.gateway.srvd.rfm.ui_program.v0001.Open::com.sap.gateway.srvd.rfm.ui_program.v0001.xRFMxCU_ProgramType","interaction":{"idSuffix":"BDI-content"}},"wdio_ui5_key":"rfmprogramui::xRFMxCU_ProgramObjectPage--fe::DataFieldForAction::com.sap.gateway.srvd.rfm.ui_program.v0001.Open::com.sap.gateway.srvd.rfm.ui_program.v0001.xRFMxCU_ProgramType"}]}
RESULT: undefined
COMMAND: POST /session/909e291bdfe5a7fe27e42a2188bdfad7/element - {"using":"xpath","value":"//*[@id=\"rfm.programui::xRFMxCU_ProgramObjectPage--fe::DataFieldForAction::com.sap.gateway.srvd.rfm.ui_program.v0001.Open::com.sap.gateway.srvd.rfm.ui_program.v0001.xRFMxCU_ProgramType\"]"}
RESULT: {"using":"xpath","value":"//*[@id=\"rfm.programui::xRFMxCU_ProgramObjectPage--fe::DataFieldForAction::com.sap.gateway.srvd.rfm.ui_program.v0001.Open::com.sap.gateway.srvd.rfm.ui_program.v0001.xRFMxCU_ProgramType\"]"}
COMMAND: POST /session/909e291bdfe5a7fe27e42a2188bdfad7/element/f.9331ADAAAA9C6029382C298C937C7F4B.d.BBE32D2E574A08647A1FBAFB7AD0ECF4.e.341/click - {}
RESULT: {}
COMMAND: GET /session/909e291bdfe5a7fe27e42a2188bdfad7/screenshot - {}
RESULT: {}
COMMAND: POST /session/909e291bdfe5a7fe27e42a2188bdfad7/execute/async - {"script":"<script> [21 bytes]","args":[{"selector":{"controlType":"sap.m.Button","properties":{"text":"OK"},"searchOpenDialogs":true,"interaction":{"idSuffix":"BDI-content"}},"wdio_ui5_key":"sapm.Button{\"text\":\"OK\"}"}]}
RESULT: {"script":"<script> [21 bytes]","args":[{"selector":{"controlType":"sap.m.Button","properties":{"text":"OK"},"searchOpenDialogs":true,"interaction":{"idSuffix":"BDI-content"}},"wdio_ui5_key":"sapm.Button{\"text\":\"OK\"}"}]}
RESULT: undefined
COMMAND: POST /session/909e291bdfe5a7fe27e42a2188bdfad7/element - {"using":"xpath","value":"//*[@id=\"__mbox-btn-0\"]"}
RESULT: {"using":"xpath","value":"//*[@id=\"__mbox-btn-0\"]"}
COMMAND: POST /session/909e291bdfe5a7fe27e42a2188bdfad7/element/f.9331ADAAAA9C6029382C298C937C7F4B.d.BBE32D2E574A08647A1FBAFB7AD0ECF4.e.585/click - {}
RESULT: {}
COMMAND: POST /session/909e291bdfe5a7fe27e42a2188bdfad7/execute/async - {"script":"<script> [21 bytes]","args":[{"selector":{"id":"backBtn"},"wdio_ui5_key":"backBtn"}]}
COMMAND: GET /session/909e291bdfe5a7fe27e42a2188bdfad7/screenshot - {}
RESULT: {"script":"<script> [21 bytes]","args":[{"selector":{"id":"backBtn"},"wdio_ui5_key":"backBtn"}]}
RESULT: undefined
COMMAND: POST /session/909e291bdfe5a7fe27e42a2188bdfad7/element - {"using":"xpath","value":"//*[@id=\"backBtn\"]"}
RESULT: {}
RESULT: {"using":"xpath","value":"//*[@id=\"backBtn\"]"}
COMMAND: POST /session/909e291bdfe5a7fe27e42a2188bdfad7/element/f.9331ADAAAA9C6029382C298C937C7F4B.d.BBE32D2E574A08647A1FBAFB7AD0ECF4.e.590/click - {}
RESULT: {}
COMMAND: GET /session/909e291bdfe5a7fe27e42a2188bdfad7/screenshot - {}
RESULT: {}
COMMAND: POST /session/909e291bdfe5a7fe27e42a2188bdfad7/element/f.9331ADAAAA9C6029382C298C937C7F4B.d.BBE32D2E574A08647A1FBAFB7AD0ECF4.e.590/click - {}
COMMAND: GET /session/909e291bdfe5a7fe27e42a2188bdfad7/screenshot - {}
]]></system-out>
    </testcase>
    <testcase classname="chrome.138_0_7204_184.windows.ABS" name="Should create asset" time="162.421">
      <system-out><![CDATA[
RESULT: {}
COMMAND: GET /session/909e291bdfe5a7fe27e42a2188bdfad7/screenshot - {}
RESULT: {}
RESULT: {}
COMMAND: POST /session/909e291bdfe5a7fe27e42a2188bdfad7/execute/async - {"script":"<script> [21 bytes]","args":[{"selector":{"controlType":"sap.m.GenericTile","properties":{"header":"Funding Asset"}},"wdio_ui5_key":"sapm.GenericTile{\"header\":\"Funding Asset\"}"}]}
RESULT: {"script":"<script> [21 bytes]","args":[{"selector":{"controlType":"sap.m.GenericTile","properties":{"header":"Funding Asset"}},"wdio_ui5_key":"sapm.GenericTile{\"header\":\"Funding Asset\"}"}]}
RESULT: undefined
COMMAND: POST /session/909e291bdfe5a7fe27e42a2188bdfad7/element - {"using":"xpath","value":"//*[@id=\"__tile53\"]"}
RESULT: {"using":"xpath","value":"//*[@id=\"__tile53\"]"}
COMMAND: POST /session/909e291bdfe5a7fe27e42a2188bdfad7/element/f.9331ADAAAA9C6029382C298C937C7F4B.d.BBE32D2E574A08647A1FBAFB7AD0ECF4.e.682/click - {}
RESULT: {}
COMMAND: POST /session/909e291bdfe5a7fe27e42a2188bdfad7/execute/async - {"script":"<script> [21 bytes]","args":[{"selector":{"id":"rfm.assetui::xRFMxCU_AssetList--fe::table::allTab::LineItem::StandardAction::Create","controlType":"sap.m.Button"},"wdio_ui5_key":"rfmassetui::xRFMxCU_AssetList--fe::table::allTab::LineItem::StandardAction::Createsap.m.Button"}]}
COMMAND: GET /session/909e291bdfe5a7fe27e42a2188bdfad7/screenshot - {}
RESULT: {"script":"<script> [21 bytes]","args":[{"selector":{"id":"rfm.assetui::xRFMxCU_AssetList--fe::table::allTab::LineItem::StandardAction::Create","controlType":"sap.m.Button"},"wdio_ui5_key":"rfmassetui::xRFMxCU_AssetList--fe::table::allTab::LineItem::StandardAction::Createsap.m.Button"}]}
RESULT: undefined
COMMAND: POST /session/909e291bdfe5a7fe27e42a2188bdfad7/element - {"using":"xpath","value":"//*[@id=\"rfm.assetui::xRFMxCU_AssetList--fe::table::allTab::LineItem::StandardAction::Create\"]"}
RESULT: {}
RESULT: {"using":"xpath","value":"//*[@id=\"rfm.assetui::xRFMxCU_AssetList--fe::table::allTab::LineItem::StandardAction::Create\"]"}
COMMAND: POST /session/909e291bdfe5a7fe27e42a2188bdfad7/element/f.9331ADAAAA9C6029382C298C937C7F4B.d.BBE32D2E574A08647A1FBAFB7AD0ECF4.e.738/click - {}
RESULT: {}
COMMAND: GET /session/909e291bdfe5a7fe27e42a2188bdfad7/screenshot - {}
RESULT: {}
COMMAND: POST /session/909e291bdfe5a7fe27e42a2188bdfad7/execute/async - {"script":"<script> [21 bytes]","args":[{"selector":{"id":"CreateDialog::xRFMxCU_AssetType::AssetIdExtern-inner","controlType":"sap.ui.mdc.field.FieldInput","searchOpenDialogs":true},"wdio_ui5_key":"CreateDialogxRFMxCU_AssetType::AssetIdExtern-innersap.ui.mdc.field.FieldInput"}]}
RESULT: {"script":"<script> [21 bytes]","args":[{"selector":{"id":"CreateDialog::xRFMxCU_AssetType::AssetIdExtern-inner","controlType":"sap.ui.mdc.field.FieldInput","searchOpenDialogs":true},"wdio_ui5_key":"CreateDialogxRFMxCU_AssetType::AssetIdExtern-innersap.ui.mdc.field.FieldInput"}]}
RESULT: undefined
COMMAND: POST /session/909e291bdfe5a7fe27e42a2188bdfad7/execute/async - {"script":"<script> [21 bytes]","args":[{"element-6066-11e4-a52e-4f735466cecf":"f.9331ADAAAA9C6029382C298C937C7F4B.d.BBE32D2E574A08647A1FBAFB7AD0ECF4.e.947"},"setValue",["WDIO_ABS_2025-08-13"]]}
RESULT: {"script":"<script> [21 bytes]","args":[{"element-6066-11e4-a52e-4f735466cecf":"f.9331ADAAAA9C6029382C298C937C7F4B.d.BBE32D2E574A08647A1FBAFB7AD0ECF4.e.947"},"setValue",["WDIO_ABS_2025-08-13"]]}
COMMAND: POST /session/909e291bdfe5a7fe27e42a2188bdfad7/execute/async - {"script":"<script> [21 bytes]","args":[{"selector":{"id":"CreateDialog::xRFMxCU_AssetType::ExternalSystem-inner","searchOpenDialogs":true,"interaction":{"idSuffix":"inner"}},"wdio_ui5_key":"CreateDialogxRFMxCU_AssetType::ExternalSystem-inner"}]}
RESULT: {"script":"<script> [21 bytes]","args":[{"selector":{"id":"CreateDialog::xRFMxCU_AssetType::ExternalSystem-inner","searchOpenDialogs":true,"interaction":{"idSuffix":"inner"}},"wdio_ui5_key":"CreateDialogxRFMxCU_AssetType::ExternalSystem-inner"}]}
RESULT: undefined
COMMAND: POST /session/909e291bdfe5a7fe27e42a2188bdfad7/execute/async - {"script":"<script> [20 bytes]","args":[{"enterText":"Test","selector":{"id":"CreateDialog::xRFMxCU_AssetType::ExternalSystem-inner","searchOpenDialogs":true,"interaction":{"idSuffix":"inner"}},"clearTextFirst":true,"interactionType":"ENTER_TEXT"}]}
RESULT: {"script":"<script> [20 bytes]","args":[{"enterText":"Test","selector":{"id":"CreateDialog::xRFMxCU_AssetType::ExternalSystem-inner","searchOpenDialogs":true,"interaction":{"idSuffix":"inner"}},"clearTextFirst":true,"interactionType":"ENTER_TEXT"}]}
COMMAND: POST /session/909e291bdfe5a7fe27e42a2188bdfad7/execute/async - {"script":"<script> [21 bytes]","args":[{"selector":{"id":"CreateDialog::xRFMxCU_AssetType::InitiationDate-inner","controlType":"sap.m.DatePicker","searchOpenDialogs":true},"wdio_ui5_key":"CreateDialogxRFMxCU_AssetType::InitiationDate-innersap.m.DatePicker"}]}
RESULT: {"script":"<script> [21 bytes]","args":[{"selector":{"id":"CreateDialog::xRFMxCU_AssetType::InitiationDate-inner","controlType":"sap.m.DatePicker","searchOpenDialogs":true},"wdio_ui5_key":"CreateDialogxRFMxCU_AssetType::InitiationDate-innersap.m.DatePicker"}]}
RESULT: undefined
COMMAND: POST /session/909e291bdfe5a7fe27e42a2188bdfad7/execute/async - {"script":"<script> [21 bytes]","args":[{"element-6066-11e4-a52e-4f735466cecf":"f.9331ADAAAA9C6029382C298C937C7F4B.d.BBE32D2E574A08647A1FBAFB7AD0ECF4.e.948"},"setValue",["2025-01-01"]]}
RESULT: {"script":"<script> [21 bytes]","args":[{"element-6066-11e4-a52e-4f735466cecf":"f.9331ADAAAA9C6029382C298C937C7F4B.d.BBE32D2E574A08647A1FBAFB7AD0ECF4.e.948"},"setValue",["2025-01-01"]]}
COMMAND: POST /session/909e291bdfe5a7fe27e42a2188bdfad7/execute/async - {"script":"<script> [21 bytes]","args":[{"selector":{"id":"CreateDialog::xRFMxCU_AssetType::ClosingDate-inner","controlType":"sap.m.DatePicker","searchOpenDialogs":true},"wdio_ui5_key":"CreateDialogxRFMxCU_AssetType::ClosingDate-innersap.m.DatePicker"}]}
RESULT: {"script":"<script> [21 bytes]","args":[{"selector":{"id":"CreateDialog::xRFMxCU_AssetType::ClosingDate-inner","controlType":"sap.m.DatePicker","searchOpenDialogs":true},"wdio_ui5_key":"CreateDialogxRFMxCU_AssetType::ClosingDate-innersap.m.DatePicker"}]}
RESULT: undefined
COMMAND: POST /session/909e291bdfe5a7fe27e42a2188bdfad7/execute/async - {"script":"<script> [21 bytes]","args":[{"element-6066-11e4-a52e-4f735466cecf":"f.9331ADAAAA9C6029382C298C937C7F4B.d.BBE32D2E574A08647A1FBAFB7AD0ECF4.e.949"},"setValue",["2027-12-31"]]}
RESULT: {"script":"<script> [21 bytes]","args":[{"element-6066-11e4-a52e-4f735466cecf":"f.9331ADAAAA9C6029382C298C937C7F4B.d.BBE32D2E574A08647A1FBAFB7AD0ECF4.e.949"},"setValue",["2027-12-31"]]}
COMMAND: POST /session/909e291bdfe5a7fe27e42a2188bdfad7/execute/async - {"script":"<script> [21 bytes]","args":[{"forceSelect":true,"selector":{"controlType":"sap.m.Button","properties":{"text":"Continue"},"searchOpenDialogs":true},"wdio_ui5_key":"sapm.Button{\"text\":\"Continue\"}"}]}
RESULT: {"script":"<script> [21 bytes]","args":[{"forceSelect":true,"selector":{"controlType":"sap.m.Button","properties":{"text":"Continue"},"searchOpenDialogs":true},"wdio_ui5_key":"sapm.Button{\"text\":\"Continue\"}"}]}
RESULT: undefined
COMMAND: POST /session/909e291bdfe5a7fe27e42a2188bdfad7/element - {"using":"xpath","value":"//*[@id=\"__button233\"]"}
RESULT: {"using":"xpath","value":"//*[@id=\"__button233\"]"}
COMMAND: POST /session/909e291bdfe5a7fe27e42a2188bdfad7/element/f.9331ADAAAA9C6029382C298C937C7F4B.d.BBE32D2E574A08647A1FBAFB7AD0ECF4.e.962/click - {}
RESULT: {}
COMMAND: POST /session/909e291bdfe5a7fe27e42a2188bdfad7/execute/async - {"script":"<script> [21 bytes]","args":[{"selector":{"id":"rfm.assetui::xRFMxCU_AssetObjectPage--fe::FCLStandardAction::FullScreen","interaction":{"idSuffix":"inner"}},"wdio_ui5_key":"rfmassetui::xRFMxCU_AssetObjectPage--fe::FCLStandardAction::FullScreen"}]}
COMMAND: GET /session/909e291bdfe5a7fe27e42a2188bdfad7/screenshot - {}
RESULT: {"script":"<script> [21 bytes]","args":[{"selector":{"id":"rfm.assetui::xRFMxCU_AssetObjectPage--fe::FCLStandardAction::FullScreen","interaction":{"idSuffix":"inner"}},"wdio_ui5_key":"rfmassetui::xRFMxCU_AssetObjectPage--fe::FCLStandardAction::FullScreen"}]}
RESULT: undefined
COMMAND: POST /session/909e291bdfe5a7fe27e42a2188bdfad7/element - {"using":"xpath","value":"//*[@id=\"rfm.assetui::xRFMxCU_AssetObjectPage--fe::FCLStandardAction::FullScreen\"]"}
RESULT: {}
RESULT: {"using":"xpath","value":"//*[@id=\"rfm.assetui::xRFMxCU_AssetObjectPage--fe::FCLStandardAction::FullScreen\"]"}
COMMAND: POST /session/909e291bdfe5a7fe27e42a2188bdfad7/element/f.9331ADAAAA9C6029382C298C937C7F4B.d.BBE32D2E574A08647A1FBAFB7AD0ECF4.e.1013/click - {}
RESULT: {}
COMMAND: POST /session/909e291bdfe5a7fe27e42a2188bdfad7/execute/async - {"script":"<script> [21 bytes]","args":[{"selector":{"id":"rfm.assetui::xRFMxCU_AssetObjectPage--fe::FormContainer::FieldGroup::detailsFieldsGP1::FormElement::DataFieldWithIntentBasedNavigation::PartnerId::Debtor::Manage::Field-edit","interaction":{"idSuffix":"inner"}},"wdio_ui5_key":"rfmassetui::xRFMxCU_AssetObjectPage--fe::FormContainer::FieldGroup::detailsFieldsGP1::FormElement::DataFieldWithIntentBasedNavigation::PartnerId::Debtor::Manage::Field-edit"}]}
COMMAND: GET /session/909e291bdfe5a7fe27e42a2188bdfad7/screenshot - {}
RESULT: {}
RESULT: {"script":"<script> [21 bytes]","args":[{"selector":{"id":"rfm.assetui::xRFMxCU_AssetObjectPage--fe::FormContainer::FieldGroup::detailsFieldsGP1::FormElement::DataFieldWithIntentBasedNavigation::PartnerId::Debtor::Manage::Field-edit","interaction":{"idSuffix":"inner"}},"wdio_ui5_key":"rfmassetui::xRFMxCU_AssetObjectPage--fe::FormContainer::FieldGroup::detailsFieldsGP1::FormElement::DataFieldWithIntentBasedNavigation::PartnerId::Debtor::Manage::Field-edit"}]}
RESULT: undefined
COMMAND: POST /session/909e291bdfe5a7fe27e42a2188bdfad7/execute/async - {"script":"<script> [20 bytes]","args":[{"enterText":"117009960","selector":{"id":"rfm.assetui::xRFMxCU_AssetObjectPage--fe::FormContainer::FieldGroup::detailsFieldsGP1::FormElement::DataFieldWithIntentBasedNavigation::PartnerId::Debtor::Manage::Field-edit","interaction":{"idSuffix":"inner"}},"clearTextFirst":true,"interactionType":"ENTER_TEXT"}]}
RESULT: {"script":"<script> [20 bytes]","args":[{"enterText":"117009960","selector":{"id":"rfm.assetui::xRFMxCU_AssetObjectPage--fe::FormContainer::FieldGroup::detailsFieldsGP1::FormElement::DataFieldWithIntentBasedNavigation::PartnerId::Debtor::Manage::Field-edit","interaction":{"idSuffix":"inner"}},"clearTextFirst":true,"interactionType":"ENTER_TEXT"}]}
COMMAND: POST /session/909e291bdfe5a7fe27e42a2188bdfad7/execute/async - {"script":"<script> [21 bytes]","args":[{"selector":{"id":"rfm.assetui::xRFMxCU_AssetObjectPage--fe::FormContainer::FieldGroup::detailsFieldsGP1::FormElement::DataField::NominalValue::Field-edit-inner","interaction":{"idSuffix":"inner"}},"wdio_ui5_key":"rfmassetui::xRFMxCU_AssetObjectPage--fe::FormContainer::FieldGroup::detailsFieldsGP1::FormElement::DataField::NominalValue::Field-edit-inner"}]}
RESULT: {"script":"<script> [21 bytes]","args":[{"selector":{"id":"rfm.assetui::xRFMxCU_AssetObjectPage--fe::FormContainer::FieldGroup::detailsFieldsGP1::FormElement::DataField::NominalValue::Field-edit-inner","interaction":{"idSuffix":"inner"}},"wdio_ui5_key":"rfmassetui::xRFMxCU_AssetObjectPage--fe::FormContainer::FieldGroup::detailsFieldsGP1::FormElement::DataField::NominalValue::Field-edit-inner"}]}
RESULT: undefined
COMMAND: POST /session/909e291bdfe5a7fe27e42a2188bdfad7/execute/async - {"script":"<script> [20 bytes]","args":[{"enterText":"47,611.20","selector":{"id":"rfm.assetui::xRFMxCU_AssetObjectPage--fe::FormContainer::FieldGroup::detailsFieldsGP1::FormElement::DataField::NominalValue::Field-edit-inner","interaction":{"idSuffix":"inner"}},"clearTextFirst":true,"interactionType":"ENTER_TEXT"}]}
RESULT: {"script":"<script> [20 bytes]","args":[{"enterText":"47,611.20","selector":{"id":"rfm.assetui::xRFMxCU_AssetObjectPage--fe::FormContainer::FieldGroup::detailsFieldsGP1::FormElement::DataField::NominalValue::Field-edit-inner","interaction":{"idSuffix":"inner"}},"clearTextFirst":true,"interactionType":"ENTER_TEXT"}]}
COMMAND: POST /session/909e291bdfe5a7fe27e42a2188bdfad7/execute/async - {"script":"<script> [21 bytes]","args":[{"selector":{"id":"rfm.assetui::xRFMxCU_AssetObjectPage--fe::FormContainer::FieldGroup::detailsFieldsGP1::FormElement::DataField::NominalValue::Field-edit-inner-unit","interaction":{"idSuffix":"inner"}},"wdio_ui5_key":"rfmassetui::xRFMxCU_AssetObjectPage--fe::FormContainer::FieldGroup::detailsFieldsGP1::FormElement::DataField::NominalValue::Field-edit-inner-unit"}]}
RESULT: {"script":"<script> [21 bytes]","args":[{"selector":{"id":"rfm.assetui::xRFMxCU_AssetObjectPage--fe::FormContainer::FieldGroup::detailsFieldsGP1::FormElement::DataField::NominalValue::Field-edit-inner-unit","interaction":{"idSuffix":"inner"}},"wdio_ui5_key":"rfmassetui::xRFMxCU_AssetObjectPage--fe::FormContainer::FieldGroup::detailsFieldsGP1::FormElement::DataField::NominalValue::Field-edit-inner-unit"}]}
RESULT: undefined
COMMAND: POST /session/909e291bdfe5a7fe27e42a2188bdfad7/execute/async - {"script":"<script> [20 bytes]","args":[{"enterText":"EUR","selector":{"id":"rfm.assetui::xRFMxCU_AssetObjectPage--fe::FormContainer::FieldGroup::detailsFieldsGP1::FormElement::DataField::NominalValue::Field-edit-inner-unit","interaction":{"idSuffix":"inner"}},"clearTextFirst":true,"interactionType":"ENTER_TEXT"}]}
RESULT: {"script":"<script> [20 bytes]","args":[{"enterText":"EUR","selector":{"id":"rfm.assetui::xRFMxCU_AssetObjectPage--fe::FormContainer::FieldGroup::detailsFieldsGP1::FormElement::DataField::NominalValue::Field-edit-inner-unit","interaction":{"idSuffix":"inner"}},"clearTextFirst":true,"interactionType":"ENTER_TEXT"}]}
COMMAND: POST /session/909e291bdfe5a7fe27e42a2188bdfad7/execute/async - {"script":"<script> [21 bytes]","args":[{"selector":{"id":"rfm.assetui::xRFMxCU_AssetObjectPage--fe::FormContainer::FieldGroup::detailsFieldsGP2::FormElement::DataField::AssetCategory::Field-edit-inner","interaction":{"idSuffix":"inner"}},"wdio_ui5_key":"rfmassetui::xRFMxCU_AssetObjectPage--fe::FormContainer::FieldGroup::detailsFieldsGP2::FormElement::DataField::AssetCategory::Field-edit-inner"}]}
RESULT: {"script":"<script> [21 bytes]","args":[{"selector":{"id":"rfm.assetui::xRFMxCU_AssetObjectPage--fe::FormContainer::FieldGroup::detailsFieldsGP2::FormElement::DataField::AssetCategory::Field-edit-inner","interaction":{"idSuffix":"inner"}},"wdio_ui5_key":"rfmassetui::xRFMxCU_AssetObjectPage--fe::FormContainer::FieldGroup::detailsFieldsGP2::FormElement::DataField::AssetCategory::Field-edit-inner"}]}
RESULT: undefined
COMMAND: POST /session/909e291bdfe5a7fe27e42a2188bdfad7/execute/async - {"script":"<script> [20 bytes]","args":[{"enterText":"Leasing","selector":{"id":"rfm.assetui::xRFMxCU_AssetObjectPage--fe::FormContainer::FieldGroup::detailsFieldsGP2::FormElement::DataField::AssetCategory::Field-edit-inner","interaction":{"idSuffix":"inner"}},"clearTextFirst":true,"interactionType":"ENTER_TEXT"}]}
RESULT: {"script":"<script> [20 bytes]","args":[{"enterText":"Leasing","selector":{"id":"rfm.assetui::xRFMxCU_AssetObjectPage--fe::FormContainer::FieldGroup::detailsFieldsGP2::FormElement::DataField::AssetCategory::Field-edit-inner","interaction":{"idSuffix":"inner"}},"clearTextFirst":true,"interactionType":"ENTER_TEXT"}]}
COMMAND: POST /session/909e291bdfe5a7fe27e42a2188bdfad7/execute/async - {"script":"<script> [21 bytes]","args":[{"selector":{"id":"rfm.assetui::xRFMxCU_AssetObjectPage--fe::FormContainer::FieldGroup::detailsFieldsGP2::FormElement::DataField::ContractType::Field-edit-inner","interaction":{"idSuffix":"inner"}},"wdio_ui5_key":"rfmassetui::xRFMxCU_AssetObjectPage--fe::FormContainer::FieldGroup::detailsFieldsGP2::FormElement::DataField::ContractType::Field-edit-inner"}]}
RESULT: {"script":"<script> [21 bytes]","args":[{"selector":{"id":"rfm.assetui::xRFMxCU_AssetObjectPage--fe::FormContainer::FieldGroup::detailsFieldsGP2::FormElement::DataField::ContractType::Field-edit-inner","interaction":{"idSuffix":"inner"}},"wdio_ui5_key":"rfmassetui::xRFMxCU_AssetObjectPage--fe::FormContainer::FieldGroup::detailsFieldsGP2::FormElement::DataField::ContractType::Field-edit-inner"}]}
RESULT: undefined
COMMAND: POST /session/909e291bdfe5a7fe27e42a2188bdfad7/execute/async - {"script":"<script> [20 bytes]","args":[{"enterText":"Operating Lease (100)","selector":{"id":"rfm.assetui::xRFMxCU_AssetObjectPage--fe::FormContainer::FieldGroup::detailsFieldsGP2::FormElement::DataField::ContractType::Field-edit-inner","interaction":{"idSuffix":"inner"}},"clearTextFirst":true,"interactionType":"ENTER_TEXT"}]}
RESULT: {"script":"<script> [20 bytes]","args":[{"enterText":"Operating Lease (100)","selector":{"id":"rfm.assetui::xRFMxCU_AssetObjectPage--fe::FormContainer::FieldGroup::detailsFieldsGP2::FormElement::DataField::ContractType::Field-edit-inner","interaction":{"idSuffix":"inner"}},"clearTextFirst":true,"interactionType":"ENTER_TEXT"}]}
COMMAND: POST /session/909e291bdfe5a7fe27e42a2188bdfad7/execute/async - {"script":"<script> [21 bytes]","args":[{"selector":{"id":"rfm.assetui::xRFMxCU_AssetObjectPage--fe::FormContainer::FieldGroup::detailsFieldsGP2::FormElement::DataField::Status::Field-edit-inner","interaction":{"idSuffix":"inner"}},"wdio_ui5_key":"rfmassetui::xRFMxCU_AssetObjectPage--fe::FormContainer::FieldGroup::detailsFieldsGP2::FormElement::DataField::Status::Field-edit-inner"}]}
RESULT: {"script":"<script> [21 bytes]","args":[{"selector":{"id":"rfm.assetui::xRFMxCU_AssetObjectPage--fe::FormContainer::FieldGroup::detailsFieldsGP2::FormElement::DataField::Status::Field-edit-inner","interaction":{"idSuffix":"inner"}},"wdio_ui5_key":"rfmassetui::xRFMxCU_AssetObjectPage--fe::FormContainer::FieldGroup::detailsFieldsGP2::FormElement::DataField::Status::Field-edit-inner"}]}
RESULT: undefined
COMMAND: POST /session/909e291bdfe5a7fe27e42a2188bdfad7/execute/async - {"script":"<script> [20 bytes]","args":[{"enterText":"Active","selector":{"id":"rfm.assetui::xRFMxCU_AssetObjectPage--fe::FormContainer::FieldGroup::detailsFieldsGP2::FormElement::DataField::Status::Field-edit-inner","interaction":{"idSuffix":"inner"}},"clearTextFirst":true,"interactionType":"ENTER_TEXT"}]}
RESULT: {"script":"<script> [20 bytes]","args":[{"enterText":"Active","selector":{"id":"rfm.assetui::xRFMxCU_AssetObjectPage--fe::FormContainer::FieldGroup::detailsFieldsGP2::FormElement::DataField::Status::Field-edit-inner","interaction":{"idSuffix":"inner"}},"clearTextFirst":true,"interactionType":"ENTER_TEXT"}]}
COMMAND: POST /session/909e291bdfe5a7fe27e42a2188bdfad7/execute/async - {"script":"<script> [21 bytes]","args":[{"selector":{"id":"rfm.assetui::xRFMxCU_AssetObjectPage--fe::ObjectPage-anchBar-rfm.assetui::xRFMxCU_AssetObjectPage--fe::FacetSection::CashFlowCollection-anchor","interaction":{"idSuffix":"text"}},"wdio_ui5_key":"rfmassetui::xRFMxCU_AssetObjectPage--fe::ObjectPage-anchBar-rfm.assetui::xRFMxCU_AssetObjectPage--fe::FacetSection::CashFlowCollection-anchor"}]}
RESULT: {"script":"<script> [21 bytes]","args":[{"selector":{"id":"rfm.assetui::xRFMxCU_AssetObjectPage--fe::ObjectPage-anchBar-rfm.assetui::xRFMxCU_AssetObjectPage--fe::FacetSection::CashFlowCollection-anchor","interaction":{"idSuffix":"text"}},"wdio_ui5_key":"rfmassetui::xRFMxCU_AssetObjectPage--fe::ObjectPage-anchBar-rfm.assetui::xRFMxCU_AssetObjectPage--fe::FacetSection::CashFlowCollection-anchor"}]}
RESULT: undefined
COMMAND: POST /session/909e291bdfe5a7fe27e42a2188bdfad7/element - {"using":"xpath","value":"//*[@id=\"rfm.assetui::xRFMxCU_AssetObjectPage--fe::ObjectPage-anchBar-rfm.assetui::xRFMxCU_AssetObjectPage--fe::FacetSection::CashFlowCollection-anchor\"]"}
RESULT: {"using":"xpath","value":"//*[@id=\"rfm.assetui::xRFMxCU_AssetObjectPage--fe::ObjectPage-anchBar-rfm.assetui::xRFMxCU_AssetObjectPage--fe::FacetSection::CashFlowCollection-anchor\"]"}
COMMAND: POST /session/909e291bdfe5a7fe27e42a2188bdfad7/element/f.9331ADAAAA9C6029382C298C937C7F4B.d.BBE32D2E574A08647A1FBAFB7AD0ECF4.e.1096/click - {}
RESULT: {}
COMMAND: GET /session/909e291bdfe5a7fe27e42a2188bdfad7/screenshot - {}
RESULT: {}
COMMAND: POST /session/909e291bdfe5a7fe27e42a2188bdfad7/execute/async - {"script":"<script> [21 bytes]","args":[{"selector":{"id":"rfm.assetui::xRFMxCU_AssetObjectPage--fe::FacetSubSection::PlannedCFCollection"},"wdio_ui5_key":"rfmassetui::xRFMxCU_AssetObjectPage--fe::FacetSubSection::PlannedCFCollection"}]}
RESULT: {"script":"<script> [21 bytes]","args":[{"selector":{"id":"rfm.assetui::xRFMxCU_AssetObjectPage--fe::FacetSubSection::PlannedCFCollection"},"wdio_ui5_key":"rfmassetui::xRFMxCU_AssetObjectPage--fe::FacetSubSection::PlannedCFCollection"}]}
RESULT: undefined
COMMAND: POST /session/909e291bdfe5a7fe27e42a2188bdfad7/element - {"using":"xpath","value":"//*[@id=\"rfm.assetui::xRFMxCU_AssetObjectPage--fe::FacetSubSection::PlannedCFCollection\"]"}
RESULT: {"using":"xpath","value":"//*[@id=\"rfm.assetui::xRFMxCU_AssetObjectPage--fe::FacetSubSection::PlannedCFCollection\"]"}
COMMAND: POST /session/909e291bdfe5a7fe27e42a2188bdfad7/element/f.9331ADAAAA9C6029382C298C937C7F4B.d.BBE32D2E574A08647A1FBAFB7AD0ECF4.e.1141/click - {}
RESULT: {}
COMMAND: POST /session/909e291bdfe5a7fe27e42a2188bdfad7/execute/async - {"script":"<script> [21 bytes]","args":[{"selector":{"id":"rfm.assetui::xRFMxCU_AssetObjectPage--fe::table::_AssetCashflow::LineItem::StandardAction::Create","interaction":{"idSuffix":"BDI-content"}},"wdio_ui5_key":"rfmassetui::xRFMxCU_AssetObjectPage--fe::table::_AssetCashflow::LineItem::StandardAction::Create"}]}
COMMAND: GET /session/909e291bdfe5a7fe27e42a2188bdfad7/screenshot - {}
RESULT: {"script":"<script> [21 bytes]","args":[{"selector":{"id":"rfm.assetui::xRFMxCU_AssetObjectPage--fe::table::_AssetCashflow::LineItem::StandardAction::Create","interaction":{"idSuffix":"BDI-content"}},"wdio_ui5_key":"rfmassetui::xRFMxCU_AssetObjectPage--fe::table::_AssetCashflow::LineItem::StandardAction::Create"}]}
RESULT: undefined
COMMAND: POST /session/909e291bdfe5a7fe27e42a2188bdfad7/element - {"using":"xpath","value":"//*[@id=\"rfm.assetui::xRFMxCU_AssetObjectPage--fe::table::_AssetCashflow::LineItem::StandardAction::Create\"]"}
RESULT: {}
RESULT: {"using":"xpath","value":"//*[@id=\"rfm.assetui::xRFMxCU_AssetObjectPage--fe::table::_AssetCashflow::LineItem::StandardAction::Create\"]"}
COMMAND: POST /session/909e291bdfe5a7fe27e42a2188bdfad7/element/f.9331ADAAAA9C6029382C298C937C7F4B.d.BBE32D2E574A08647A1FBAFB7AD0ECF4.e.1097/click - {}
RESULT: {}
COMMAND: GET /session/909e291bdfe5a7fe27e42a2188bdfad7/screenshot - {}
RESULT: {}
COMMAND: POST /session/909e291bdfe5a7fe27e42a2188bdfad7/execute/async - {"script":"<script> [21 bytes]","args":[{"selector":{"id":"CreateDialog::xRFMxCU_AssetCashflowType::CashflowPartType-inner","searchOpenDialogs":true,"interaction":{"idSuffix":"inner"}},"wdio_ui5_key":"CreateDialogxRFMxCU_AssetCashflowType::CashflowPartType-inner"}]}
RESULT: {"script":"<script> [21 bytes]","args":[{"selector":{"id":"CreateDialog::xRFMxCU_AssetCashflowType::CashflowPartType-inner","searchOpenDialogs":true,"interaction":{"idSuffix":"inner"}},"wdio_ui5_key":"CreateDialogxRFMxCU_AssetCashflowType::CashflowPartType-inner"}]}
RESULT: undefined
COMMAND: POST /session/909e291bdfe5a7fe27e42a2188bdfad7/execute/async - {"script":"<script> [20 bytes]","args":[{"enterText":"Interest","selector":{"id":"CreateDialog::xRFMxCU_AssetCashflowType::CashflowPartType-inner","searchOpenDialogs":true,"interaction":{"idSuffix":"inner"}},"clearTextFirst":true,"interactionType":"ENTER_TEXT"}]}
RESULT: {"script":"<script> [20 bytes]","args":[{"enterText":"Interest","selector":{"id":"CreateDialog::xRFMxCU_AssetCashflowType::CashflowPartType-inner","searchOpenDialogs":true,"interaction":{"idSuffix":"inner"}},"clearTextFirst":true,"interactionType":"ENTER_TEXT"}]}
COMMAND: POST /session/909e291bdfe5a7fe27e42a2188bdfad7/execute/async - {"script":"<script> [21 bytes]","args":[{"selector":{"id":"CreateDialog::xRFMxCU_AssetCashflowType::DueDate-inner","searchOpenDialogs":true,"interaction":{"idSuffix":"inner"}},"wdio_ui5_key":"CreateDialogxRFMxCU_AssetCashflowType::DueDate-inner"}]}
RESULT: {"script":"<script> [21 bytes]","args":[{"selector":{"id":"CreateDialog::xRFMxCU_AssetCashflowType::DueDate-inner","searchOpenDialogs":true,"interaction":{"idSuffix":"inner"}},"wdio_ui5_key":"CreateDialogxRFMxCU_AssetCashflowType::DueDate-inner"}]}
RESULT: undefined
COMMAND: POST /session/909e291bdfe5a7fe27e42a2188bdfad7/execute/async - {"script":"<script> [20 bytes]","args":[{"enterText":"2025-01-01","selector":{"id":"CreateDialog::xRFMxCU_AssetCashflowType::DueDate-inner","searchOpenDialogs":true,"interaction":{"idSuffix":"inner"}},"clearTextFirst":true,"interactionType":"ENTER_TEXT"}]}
RESULT: {"script":"<script> [20 bytes]","args":[{"enterText":"2025-01-01","selector":{"id":"CreateDialog::xRFMxCU_AssetCashflowType::DueDate-inner","searchOpenDialogs":true,"interaction":{"idSuffix":"inner"}},"clearTextFirst":true,"interactionType":"ENTER_TEXT"}]}
COMMAND: POST /session/909e291bdfe5a7fe27e42a2188bdfad7/execute/async - {"script":"<script> [21 bytes]","args":[{"forceSelect":true,"selector":{"controlType":"sap.m.Button","viewName":"sap.fe.templates.ObjectPage.ObjectPage","viewId":"rfm.assetui::xRFMxCU_Asset__AssetCashflowObjectPage","properties":{"text":"Continue"},"searchOpenDialogs":true},"wdio_ui5_key":"sapfe.templates.ObjectPage.ObjectPagesap.m.Button{\"text\":\"Continue\"}"}]}
RESULT: {"script":"<script> [21 bytes]","args":[{"forceSelect":true,"selector":{"controlType":"sap.m.Button","viewName":"sap.fe.templates.ObjectPage.ObjectPage","viewId":"rfm.assetui::xRFMxCU_Asset__AssetCashflowObjectPage","properties":{"text":"Continue"},"searchOpenDialogs":true},"wdio_ui5_key":"sapfe.templates.ObjectPage.ObjectPagesap.m.Button{\"text\":\"Continue\"}"}]}
RESULT: undefined
COMMAND: POST /session/909e291bdfe5a7fe27e42a2188bdfad7/execute/async - {"script":"<script> [21 bytes]","args":[{"selector":{"id":"__button246"}}]}
RESULT: {"script":"<script> [21 bytes]","args":[{"selector":{"id":"__button246"}}]}
COMMAND: POST /session/909e291bdfe5a7fe27e42a2188bdfad7/execute/async - {"script":"<script> [21 bytes]","args":[{"element-6066-11e4-a52e-4f735466cecf":"f.9331ADAAAA9C6029382C298C937C7F4B.d.BBE32D2E574A08647A1FBAFB7AD0ECF4.e.1203"},"getEnabled",[]]}
RESULT: {"script":"<script> [21 bytes]","args":[{"element-6066-11e4-a52e-4f735466cecf":"f.9331ADAAAA9C6029382C298C937C7F4B.d.BBE32D2E574A08647A1FBAFB7AD0ECF4.e.1203"},"getEnabled",[]]}
COMMAND: POST /session/909e291bdfe5a7fe27e42a2188bdfad7/element - {"using":"xpath","value":"//*[@id=\"__button246\"]"}
RESULT: {"using":"xpath","value":"//*[@id=\"__button246\"]"}
COMMAND: POST /session/909e291bdfe5a7fe27e42a2188bdfad7/element/f.9331ADAAAA9C6029382C298C937C7F4B.d.BBE32D2E574A08647A1FBAFB7AD0ECF4.e.1203/click - {}
RESULT: {}
COMMAND: GET /session/909e291bdfe5a7fe27e42a2188bdfad7/screenshot - {}
RESULT: {}
COMMAND: POST /session/909e291bdfe5a7fe27e42a2188bdfad7/execute/async - {"script":"<script> [21 bytes]","args":[{"selector":{"id":"rfm.assetui::xRFMxCU_Asset__AssetCashflowObjectPage--fe::FormContainer::CashFlow::FormElement::DataField::Amount::Field-edit-inner","interaction":{"idSuffix":"inner"}},"wdio_ui5_key":"rfmassetui::xRFMxCU_Asset__AssetCashflowObjectPage--fe::FormContainer::CashFlow::FormElement::DataField::Amount::Field-edit-inner"}]}
RESULT: {"script":"<script> [21 bytes]","args":[{"selector":{"id":"rfm.assetui::xRFMxCU_Asset__AssetCashflowObjectPage--fe::FormContainer::CashFlow::FormElement::DataField::Amount::Field-edit-inner","interaction":{"idSuffix":"inner"}},"wdio_ui5_key":"rfmassetui::xRFMxCU_Asset__AssetCashflowObjectPage--fe::FormContainer::CashFlow::FormElement::DataField::Amount::Field-edit-inner"}]}
RESULT: undefined
COMMAND: POST /session/909e291bdfe5a7fe27e42a2188bdfad7/execute/async - {"script":"<script> [20 bytes]","args":[{"enterText":"141.77","selector":{"id":"rfm.assetui::xRFMxCU_Asset__AssetCashflowObjectPage--fe::FormContainer::CashFlow::FormElement::DataField::Amount::Field-edit-inner","interaction":{"idSuffix":"inner"}},"clearTextFirst":true,"interactionType":"ENTER_TEXT"}]}
RESULT: {"script":"<script> [20 bytes]","args":[{"enterText":"141.77","selector":{"id":"rfm.assetui::xRFMxCU_Asset__AssetCashflowObjectPage--fe::FormContainer::CashFlow::FormElement::DataField::Amount::Field-edit-inner","interaction":{"idSuffix":"inner"}},"clearTextFirst":true,"interactionType":"ENTER_TEXT"}]}
COMMAND: POST /session/909e291bdfe5a7fe27e42a2188bdfad7/execute/async - {"script":"<script> [21 bytes]","args":[{"selector":{"id":"rfm.assetui::xRFMxCU_Asset__AssetCashflowObjectPage--fe::FormContainer::CashFlow::FormElement::DataField::Amount::Field-edit-inner-unit-vhi"},"wdio_ui5_key":"rfmassetui::xRFMxCU_Asset__AssetCashflowObjectPage--fe::FormContainer::CashFlow::FormElement::DataField::Amount::Field-edit-inner-unit-vhi"}]}
RESULT: {"script":"<script> [21 bytes]","args":[{"selector":{"id":"rfm.assetui::xRFMxCU_Asset__AssetCashflowObjectPage--fe::FormContainer::CashFlow::FormElement::DataField::Amount::Field-edit-inner-unit-vhi"},"wdio_ui5_key":"rfmassetui::xRFMxCU_Asset__AssetCashflowObjectPage--fe::FormContainer::CashFlow::FormElement::DataField::Amount::Field-edit-inner-unit-vhi"}]}
RESULT: undefined
COMMAND: POST /session/909e291bdfe5a7fe27e42a2188bdfad7/element - {"using":"xpath","value":"//*[@id=\"rfm.assetui::xRFMxCU_Asset__AssetCashflowObjectPage--fe::FormContainer::CashFlow::FormElement::DataField::Amount::Field-edit-inner-unit-vhi\"]"}
RESULT: {"using":"xpath","value":"//*[@id=\"rfm.assetui::xRFMxCU_Asset__AssetCashflowObjectPage--fe::FormContainer::CashFlow::FormElement::DataField::Amount::Field-edit-inner-unit-vhi\"]"}
COMMAND: POST /session/909e291bdfe5a7fe27e42a2188bdfad7/element/f.9331ADAAAA9C6029382C298C937C7F4B.d.BBE32D2E574A08647A1FBAFB7AD0ECF4.e.1221/click - {}
RESULT: {}
COMMAND: POST /session/909e291bdfe5a7fe27e42a2188bdfad7/execute/async - {"script":"<script> [21 bytes]","args":[{"selector":{"id":"rfm.assetui::xRFMxCU_Asset__AssetCashflowObjectPage--fe::FormContainer::CashFlow::FieldValueHelp::_AssetCashflow::Amount::_AssetCashflow::Currency::Dialog::qualifier::-search-inner","searchOpenDialogs":true,"interaction":{"idSuffix":"I"}},"wdio_ui5_key":"rfmassetui::xRFMxCU_Asset__AssetCashflowObjectPage--fe::FormContainer::CashFlow::FieldValueHelp::_AssetCashflow::Amount::_AssetCashflow::Currency::Dialog::qualifier::-search-inner"}]}
COMMAND: GET /session/909e291bdfe5a7fe27e42a2188bdfad7/screenshot - {}
RESULT: {"script":"<script> [21 bytes]","args":[{"selector":{"id":"rfm.assetui::xRFMxCU_Asset__AssetCashflowObjectPage--fe::FormContainer::CashFlow::FieldValueHelp::_AssetCashflow::Amount::_AssetCashflow::Currency::Dialog::qualifier::-search-inner","searchOpenDialogs":true,"interaction":{"idSuffix":"I"}},"wdio_ui5_key":"rfmassetui::xRFMxCU_Asset__AssetCashflowObjectPage--fe::FormContainer::CashFlow::FieldValueHelp::_AssetCashflow::Amount::_AssetCashflow::Currency::Dialog::qualifier::-search-inner"}]}
RESULT: undefined
COMMAND: POST /session/909e291bdfe5a7fe27e42a2188bdfad7/execute/async - {"script":"<script> [20 bytes]","args":[{"enterText":"EUR","selector":{"id":"rfm.assetui::xRFMxCU_Asset__AssetCashflowObjectPage--fe::FormContainer::CashFlow::FieldValueHelp::_AssetCashflow::Amount::_AssetCashflow::Currency::Dialog::qualifier::-search-inner","searchOpenDialogs":true,"interaction":{"idSuffix":"I"}},"clearTextFirst":true,"interactionType":"ENTER_TEXT"}]}
RESULT: {}
RESULT: {"script":"<script> [20 bytes]","args":[{"enterText":"EUR","selector":{"id":"rfm.assetui::xRFMxCU_Asset__AssetCashflowObjectPage--fe::FormContainer::CashFlow::FieldValueHelp::_AssetCashflow::Amount::_AssetCashflow::Currency::Dialog::qualifier::-search-inner","searchOpenDialogs":true,"interaction":{"idSuffix":"I"}},"clearTextFirst":true,"interactionType":"ENTER_TEXT"}]}
COMMAND: POST /session/909e291bdfe5a7fe27e42a2188bdfad7/execute/async - {"script":"<script> [21 bytes]","args":[{"selector":{"id":"rfm.assetui::xRFMxCU_Asset__AssetCashflowObjectPage--fe::FormContainer::CashFlow::FieldValueHelp::_AssetCashflow::Amount::_AssetCashflow::Currency::Dialog::qualifier::::Table-innerTable-rows-row0","searchOpenDialogs":true,"interaction":{"idSuffix":"col0"}},"wdio_ui5_key":"rfmassetui::xRFMxCU_Asset__AssetCashflowObjectPage--fe::FormContainer::CashFlow::FieldValueHelp::_AssetCashflow::Amount::_AssetCashflow::Currency::Dialog::qualifier::::Table-innerTable-rows-row0"}]}
RESULT: {"script":"<script> [21 bytes]","args":[{"selector":{"id":"rfm.assetui::xRFMxCU_Asset__AssetCashflowObjectPage--fe::FormContainer::CashFlow::FieldValueHelp::_AssetCashflow::Amount::_AssetCashflow::Currency::Dialog::qualifier::::Table-innerTable-rows-row0","searchOpenDialogs":true,"interaction":{"idSuffix":"col0"}},"wdio_ui5_key":"rfmassetui::xRFMxCU_Asset__AssetCashflowObjectPage--fe::FormContainer::CashFlow::FieldValueHelp::_AssetCashflow::Amount::_AssetCashflow::Currency::Dialog::qualifier::::Table-innerTable-rows-row0"}]}
RESULT: undefined
COMMAND: POST /session/909e291bdfe5a7fe27e42a2188bdfad7/element - {"using":"xpath","value":"//*[@id=\"rfm.assetui::xRFMxCU_Asset__AssetCashflowObjectPage--fe::FormContainer::CashFlow::FieldValueHelp::_AssetCashflow::Amount::_AssetCashflow::Currency::Dialog::qualifier::::Table-innerTable-rows-row0\"]"}
RESULT: {"using":"xpath","value":"//*[@id=\"rfm.assetui::xRFMxCU_Asset__AssetCashflowObjectPage--fe::FormContainer::CashFlow::FieldValueHelp::_AssetCashflow::Amount::_AssetCashflow::Currency::Dialog::qualifier::::Table-innerTable-rows-row0\"]"}
COMMAND: POST /session/909e291bdfe5a7fe27e42a2188bdfad7/element/f.9331ADAAAA9C6029382C298C937C7F4B.d.BBE32D2E574A08647A1FBAFB7AD0ECF4.e.1232/click - {}
RESULT: {}
COMMAND: POST /session/909e291bdfe5a7fe27e42a2188bdfad7/execute/async - {"script":"<script> [21 bytes]","args":[{"selector":{"id":"rfm.assetui::xRFMxCU_Asset__AssetCashflowObjectPage--fe::FooterBar::StandardAction::Apply","interaction":{"idSuffix":"BDI-content"}},"wdio_ui5_key":"rfmassetui::xRFMxCU_Asset__AssetCashflowObjectPage--fe::FooterBar::StandardAction::Apply"}]}
COMMAND: GET /session/909e291bdfe5a7fe27e42a2188bdfad7/screenshot - {}
RESULT: {"script":"<script> [21 bytes]","args":[{"selector":{"id":"rfm.assetui::xRFMxCU_Asset__AssetCashflowObjectPage--fe::FooterBar::StandardAction::Apply","interaction":{"idSuffix":"BDI-content"}},"wdio_ui5_key":"rfmassetui::xRFMxCU_Asset__AssetCashflowObjectPage--fe::FooterBar::StandardAction::Apply"}]}
RESULT: undefined
COMMAND: POST /session/909e291bdfe5a7fe27e42a2188bdfad7/element - {"using":"xpath","value":"//*[@id=\"rfm.assetui::xRFMxCU_Asset__AssetCashflowObjectPage--fe::FooterBar::StandardAction::Apply\"]"}
RESULT: {}
RESULT: {"using":"xpath","value":"//*[@id=\"rfm.assetui::xRFMxCU_Asset__AssetCashflowObjectPage--fe::FooterBar::StandardAction::Apply\"]"}
COMMAND: POST /session/909e291bdfe5a7fe27e42a2188bdfad7/element/f.9331ADAAAA9C6029382C298C937C7F4B.d.BBE32D2E574A08647A1FBAFB7AD0ECF4.e.1194/click - {}
RESULT: {}
COMMAND: GET /session/909e291bdfe5a7fe27e42a2188bdfad7/screenshot - {}
RESULT: {}
COMMAND: POST /session/909e291bdfe5a7fe27e42a2188bdfad7/execute/async - {"script":"<script> [21 bytes]","args":[{"selector":{"id":"rfm.assetui::xRFMxCU_AssetObjectPage--fe::FooterBar::StandardAction::Save","controlType":"sap.m.Button"},"wdio_ui5_key":"rfmassetui::xRFMxCU_AssetObjectPage--fe::FooterBar::StandardAction::Savesap.m.Button"}]}
RESULT: {"script":"<script> [21 bytes]","args":[{"selector":{"id":"rfm.assetui::xRFMxCU_AssetObjectPage--fe::FooterBar::StandardAction::Save","controlType":"sap.m.Button"},"wdio_ui5_key":"rfmassetui::xRFMxCU_AssetObjectPage--fe::FooterBar::StandardAction::Savesap.m.Button"}]}
RESULT: undefined
COMMAND: POST /session/909e291bdfe5a7fe27e42a2188bdfad7/element - {"using":"xpath","value":"//*[@id=\"rfm.assetui::xRFMxCU_AssetObjectPage--fe::FooterBar::StandardAction::Save\"]"}
RESULT: {"using":"xpath","value":"//*[@id=\"rfm.assetui::xRFMxCU_AssetObjectPage--fe::FooterBar::StandardAction::Save\"]"}
COMMAND: POST /session/909e291bdfe5a7fe27e42a2188bdfad7/element/f.9331ADAAAA9C6029382C298C937C7F4B.d.BBE32D2E574A08647A1FBAFB7AD0ECF4.e.1054/click - {}
RESULT: {}
COMMAND: GET /session/909e291bdfe5a7fe27e42a2188bdfad7/screenshot - {}
RESULT: {}
COMMAND: POST /session/909e291bdfe5a7fe27e42a2188bdfad7/execute/async - {"script":"<script> [21 bytes]","args":[{"selector":{"id":"rfm.assetui::xRFMxCU_AssetObjectPage--fe::StandardAction::Edit","interaction":{"idSuffix":"content"}},"wdio_ui5_key":"rfmassetui::xRFMxCU_AssetObjectPage--fe::StandardAction::Edit"}]}
RESULT: {"script":"<script> [21 bytes]","args":[{"selector":{"id":"rfm.assetui::xRFMxCU_AssetObjectPage--fe::StandardAction::Edit","interaction":{"idSuffix":"content"}},"wdio_ui5_key":"rfmassetui::xRFMxCU_AssetObjectPage--fe::StandardAction::Edit"}]}
RESULT: undefined
COMMAND: POST /session/909e291bdfe5a7fe27e42a2188bdfad7/element - {"using":"xpath","value":"//*[@id=\"rfm.assetui::xRFMxCU_AssetObjectPage--fe::StandardAction::Edit\"]"}
RESULT: {"using":"xpath","value":"//*[@id=\"rfm.assetui::xRFMxCU_AssetObjectPage--fe::StandardAction::Edit\"]"}
COMMAND: POST /session/909e291bdfe5a7fe27e42a2188bdfad7/element/f.9331ADAAAA9C6029382C298C937C7F4B.d.BBE32D2E574A08647A1FBAFB7AD0ECF4.e.1376/click - {}
RESULT: {}
RESULT: undefined
COMMAND: POST /session/909e291bdfe5a7fe27e42a2188bdfad7/element - {"using":"xpath","value":"//*[@id=\"rfm.assetui::xRFMxCU_AssetObjectPage--fe::ObjectPage-anchBar-rfm.assetui::xRFMxCU_AssetObjectPage--fe::FacetSection::CashFlowCollection-anchor\"]"}
COMMAND: GET /session/909e291bdfe5a7fe27e42a2188bdfad7/screenshot - {}
RESULT: {"using":"xpath","value":"//*[@id=\"rfm.assetui::xRFMxCU_AssetObjectPage--fe::ObjectPage-anchBar-rfm.assetui::xRFMxCU_AssetObjectPage--fe::FacetSection::CashFlowCollection-anchor\"]"}
COMMAND: POST /session/909e291bdfe5a7fe27e42a2188bdfad7/element/f.9331ADAAAA9C6029382C298C937C7F4B.d.BBE32D2E574A08647A1FBAFB7AD0ECF4.e.1380/click - {}
RESULT: {}
RESULT: {}
RESULT: undefined
COMMAND: POST /session/909e291bdfe5a7fe27e42a2188bdfad7/element - {"using":"xpath","value":"//*[@id=\"rfm.assetui::xRFMxCU_AssetObjectPage--fe::table::_AssetCashflow::LineItem::StandardAction::Create\"]"}
COMMAND: GET /session/909e291bdfe5a7fe27e42a2188bdfad7/screenshot - {}
RESULT: {"using":"xpath","value":"//*[@id=\"rfm.assetui::xRFMxCU_AssetObjectPage--fe::table::_AssetCashflow::LineItem::StandardAction::Create\"]"}
COMMAND: POST /session/909e291bdfe5a7fe27e42a2188bdfad7/element/f.9331ADAAAA9C6029382C298C937C7F4B.d.BBE32D2E574A08647A1FBAFB7AD0ECF4.e.1381/click - {}
RESULT: {}
RESULT: {}
COMMAND: GET /session/909e291bdfe5a7fe27e42a2188bdfad7/screenshot - {}
RESULT: {}
RESULT: undefined
COMMAND: POST /session/909e291bdfe5a7fe27e42a2188bdfad7/execute/async - {"script":"<script> [20 bytes]","args":[{"enterText":"Principal","selector":{"id":"CreateDialog::xRFMxCU_AssetCashflowType::CashflowPartType-inner","searchOpenDialogs":true,"interaction":{"idSuffix":"inner"}},"clearTextFirst":true,"interactionType":"ENTER_TEXT"}]}
RESULT: {"script":"<script> [20 bytes]","args":[{"enterText":"Principal","selector":{"id":"CreateDialog::xRFMxCU_AssetCashflowType::CashflowPartType-inner","searchOpenDialogs":true,"interaction":{"idSuffix":"inner"}},"clearTextFirst":true,"interactionType":"ENTER_TEXT"}]}
RESULT: undefined
COMMAND: POST /session/909e291bdfe5a7fe27e42a2188bdfad7/execute/async - {"script":"<script> [20 bytes]","args":[{"enterText":"2025-01-01","selector":{"id":"CreateDialog::xRFMxCU_AssetCashflowType::DueDate-inner","searchOpenDialogs":true,"interaction":{"idSuffix":"inner"}},"clearTextFirst":true,"interactionType":"ENTER_TEXT"}]}
RESULT: {"script":"<script> [20 bytes]","args":[{"enterText":"2025-01-01","selector":{"id":"CreateDialog::xRFMxCU_AssetCashflowType::DueDate-inner","searchOpenDialogs":true,"interaction":{"idSuffix":"inner"}},"clearTextFirst":true,"interactionType":"ENTER_TEXT"}]}
COMMAND: POST /session/909e291bdfe5a7fe27e42a2188bdfad7/execute/async - {"script":"<script> [21 bytes]","args":[{"selector":{"id":"CreateDialog::xRFMxCU_Asset::_AssetCashflow-footer","searchOpenDialogs":true},"wdio_ui5_key":"CreateDialogxRFMxCU_Asset::_AssetCashflow-footer"}]}
RESULT: {"script":"<script> [21 bytes]","args":[{"selector":{"id":"CreateDialog::xRFMxCU_Asset::_AssetCashflow-footer","searchOpenDialogs":true},"wdio_ui5_key":"CreateDialogxRFMxCU_Asset::_AssetCashflow-footer"}]}
RESULT: undefined
COMMAND: POST /session/909e291bdfe5a7fe27e42a2188bdfad7/execute/async - {"script":"<script> [21 bytes]","args":[{"element-6066-11e4-a52e-4f735466cecf":"f.9331ADAAAA9C6029382C298C937C7F4B.d.BBE32D2E574A08647A1FBAFB7AD0ECF4.e.1425"},"getEnabled",[]]}
RESULT: {"script":"<script> [21 bytes]","args":[{"element-6066-11e4-a52e-4f735466cecf":"f.9331ADAAAA9C6029382C298C937C7F4B.d.BBE32D2E574A08647A1FBAFB7AD0ECF4.e.1425"},"getEnabled",[]]}
COMMAND: POST /session/909e291bdfe5a7fe27e42a2188bdfad7/element - {"using":"xpath","value":"//*[@id=\"CreateDialog::xRFMxCU_Asset::_AssetCashflow-footer\"]"}
RESULT: {"using":"xpath","value":"//*[@id=\"CreateDialog::xRFMxCU_Asset::_AssetCashflow-footer\"]"}
COMMAND: POST /session/909e291bdfe5a7fe27e42a2188bdfad7/element/f.9331ADAAAA9C6029382C298C937C7F4B.d.BBE32D2E574A08647A1FBAFB7AD0ECF4.e.1425/click - {}
RESULT: {}
COMMAND: GET /session/909e291bdfe5a7fe27e42a2188bdfad7/screenshot - {}
RESULT: {}
COMMAND: POST /session/909e291bdfe5a7fe27e42a2188bdfad7/execute/async - {"script":"<script> [21 bytes]","args":[{"forceSelect":true,"selector":{"controlType":"sap.m.Button","properties":{"text":"Continue"},"searchOpenDialogs":true},"wdio_ui5_key":"sapm.Button{\"text\":\"Continue\"}"}]}
RESULT: {"script":"<script> [21 bytes]","args":[{"forceSelect":true,"selector":{"controlType":"sap.m.Button","properties":{"text":"Continue"},"searchOpenDialogs":true},"wdio_ui5_key":"sapm.Button{\"text\":\"Continue\"}"}]}
RESULT: undefined
COMMAND: POST /session/909e291bdfe5a7fe27e42a2188bdfad7/execute/async - {"script":"<script> [21 bytes]","args":[{"selector":{"id":"__button248"}}]}
RESULT: {"script":"<script> [21 bytes]","args":[{"selector":{"id":"__button248"}}]}
COMMAND: POST /session/909e291bdfe5a7fe27e42a2188bdfad7/execute/async - {"script":"<script> [21 bytes]","args":[{"element-6066-11e4-a52e-4f735466cecf":"f.9331ADAAAA9C6029382C298C937C7F4B.d.BBE32D2E574A08647A1FBAFB7AD0ECF4.e.1426"},"getVisible",[]]}
RESULT: {"script":"<script> [21 bytes]","args":[{"element-6066-11e4-a52e-4f735466cecf":"f.9331ADAAAA9C6029382C298C937C7F4B.d.BBE32D2E574A08647A1FBAFB7AD0ECF4.e.1426"},"getVisible",[]]}
COMMAND: POST /session/909e291bdfe5a7fe27e42a2188bdfad7/execute/async - {"script":"<script> [21 bytes]","args":[{"selector":{"id":"__button248"}}]}
RESULT: {"script":"<script> [21 bytes]","args":[{"selector":{"id":"__button248"}}]}
COMMAND: POST /session/909e291bdfe5a7fe27e42a2188bdfad7/execute/async - {"script":"<script> [21 bytes]","args":[{"element-6066-11e4-a52e-4f735466cecf":"f.9331ADAAAA9C6029382C298C937C7F4B.d.BBE32D2E574A08647A1FBAFB7AD0ECF4.e.1426"},"getEnabled",[]]}
RESULT: {"script":"<script> [21 bytes]","args":[{"element-6066-11e4-a52e-4f735466cecf":"f.9331ADAAAA9C6029382C298C937C7F4B.d.BBE32D2E574A08647A1FBAFB7AD0ECF4.e.1426"},"getEnabled",[]]}
COMMAND: POST /session/909e291bdfe5a7fe27e42a2188bdfad7/execute/async - {"script":"<script> [21 bytes]","args":[{"selector":{"id":"__button248"}}]}
RESULT: {"script":"<script> [21 bytes]","args":[{"selector":{"id":"__button248"}}]}
COMMAND: POST /session/909e291bdfe5a7fe27e42a2188bdfad7/execute/async - {"script":"<script> [21 bytes]","args":[{"element-6066-11e4-a52e-4f735466cecf":"f.9331ADAAAA9C6029382C298C937C7F4B.d.BBE32D2E574A08647A1FBAFB7AD0ECF4.e.1426"},"focus",[]]}
RESULT: {"script":"<script> [21 bytes]","args":[{"element-6066-11e4-a52e-4f735466cecf":"f.9331ADAAAA9C6029382C298C937C7F4B.d.BBE32D2E574A08647A1FBAFB7AD0ECF4.e.1426"},"focus",[]]}
COMMAND: POST /session/909e291bdfe5a7fe27e42a2188bdfad7/element - {"using":"xpath","value":"//*[@id=\"__button248\"]"}
RESULT: {"using":"xpath","value":"//*[@id=\"__button248\"]"}
COMMAND: POST /session/909e291bdfe5a7fe27e42a2188bdfad7/element/f.9331ADAAAA9C6029382C298C937C7F4B.d.BBE32D2E574A08647A1FBAFB7AD0ECF4.e.1426/click - {}
RESULT: {}
COMMAND: GET /session/909e291bdfe5a7fe27e42a2188bdfad7/screenshot - {}
RESULT: {}
RESULT: undefined
COMMAND: POST /session/909e291bdfe5a7fe27e42a2188bdfad7/execute/async - {"script":"<script> [20 bytes]","args":[{"enterText":"1,445.27","selector":{"id":"rfm.assetui::xRFMxCU_Asset__AssetCashflowObjectPage--fe::FormContainer::CashFlow::FormElement::DataField::Amount::Field-edit-inner","interaction":{"idSuffix":"inner"}},"clearTextFirst":true,"interactionType":"ENTER_TEXT"}]}
RESULT: {"script":"<script> [20 bytes]","args":[{"enterText":"1,445.27","selector":{"id":"rfm.assetui::xRFMxCU_Asset__AssetCashflowObjectPage--fe::FormContainer::CashFlow::FormElement::DataField::Amount::Field-edit-inner","interaction":{"idSuffix":"inner"}},"clearTextFirst":true,"interactionType":"ENTER_TEXT"}]}
COMMAND: POST /session/909e291bdfe5a7fe27e42a2188bdfad7/execute/async - {"script":"<script> [21 bytes]","args":[{"selector":{"id":"rfm.assetui::xRFMxCU_Asset__AssetCashflowObjectPage--fe::FormContainer::CashFlow::FormElement::DataField::Amount::Field-edit-inner-unit","interaction":{"idSuffix":"inner"}},"wdio_ui5_key":"rfmassetui::xRFMxCU_Asset__AssetCashflowObjectPage--fe::FormContainer::CashFlow::FormElement::DataField::Amount::Field-edit-inner-unit"}]}
RESULT: {"script":"<script> [21 bytes]","args":[{"selector":{"id":"rfm.assetui::xRFMxCU_Asset__AssetCashflowObjectPage--fe::FormContainer::CashFlow::FormElement::DataField::Amount::Field-edit-inner-unit","interaction":{"idSuffix":"inner"}},"wdio_ui5_key":"rfmassetui::xRFMxCU_Asset__AssetCashflowObjectPage--fe::FormContainer::CashFlow::FormElement::DataField::Amount::Field-edit-inner-unit"}]}
RESULT: undefined
COMMAND: POST /session/909e291bdfe5a7fe27e42a2188bdfad7/execute/async - {"script":"<script> [20 bytes]","args":[{"enterText":"EUR","selector":{"id":"rfm.assetui::xRFMxCU_Asset__AssetCashflowObjectPage--fe::FormContainer::CashFlow::FormElement::DataField::Amount::Field-edit-inner-unit","interaction":{"idSuffix":"inner"}},"clearTextFirst":true,"interactionType":"ENTER_TEXT"}]}
RESULT: {"script":"<script> [20 bytes]","args":[{"enterText":"EUR","selector":{"id":"rfm.assetui::xRFMxCU_Asset__AssetCashflowObjectPage--fe::FormContainer::CashFlow::FormElement::DataField::Amount::Field-edit-inner-unit","interaction":{"idSuffix":"inner"}},"clearTextFirst":true,"interactionType":"ENTER_TEXT"}]}
RESULT: undefined
COMMAND: POST /session/909e291bdfe5a7fe27e42a2188bdfad7/element - {"using":"xpath","value":"//*[@id=\"rfm.assetui::xRFMxCU_Asset__AssetCashflowObjectPage--fe::FooterBar::StandardAction::Apply\"]"}
RESULT: {"using":"xpath","value":"//*[@id=\"rfm.assetui::xRFMxCU_Asset__AssetCashflowObjectPage--fe::FooterBar::StandardAction::Apply\"]"}
COMMAND: POST /session/909e291bdfe5a7fe27e42a2188bdfad7/element/f.9331ADAAAA9C6029382C298C937C7F4B.d.BBE32D2E574A08647A1FBAFB7AD0ECF4.e.1419/click - {}
RESULT: {}
COMMAND: GET /session/909e291bdfe5a7fe27e42a2188bdfad7/screenshot - {}
RESULT: {}
RESULT: undefined
COMMAND: POST /session/909e291bdfe5a7fe27e42a2188bdfad7/element/f.9331ADAAAA9C6029382C298C937C7F4B.d.BBE32D2E574A08647A1FBAFB7AD0ECF4.e.1054/click - {}
COMMAND: POST /session/909e291bdfe5a7fe27e42a2188bdfad7/element - {"using":"xpath","value":"//*[@id=\"rfm.assetui::xRFMxCU_AssetObjectPage--fe::FooterBar::StandardAction::Save\"]"}
RESULT: {"using":"xpath","value":"//*[@id=\"rfm.assetui::xRFMxCU_AssetObjectPage--fe::FooterBar::StandardAction::Save\"]"}
COMMAND: POST /session/909e291bdfe5a7fe27e42a2188bdfad7/element/f.9331ADAAAA9C6029382C298C937C7F4B.d.BBE32D2E574A08647A1FBAFB7AD0ECF4.e.1054/click - {}
COMMAND: POST /session/909e291bdfe5a7fe27e42a2188bdfad7/element - {"using":"xpath","value":"//*[@id=\"rfm.assetui::xRFMxCU_AssetObjectPage--fe::FooterBar::StandardAction::Save\"]"}
RESULT: {"using":"xpath","value":"//*[@id=\"rfm.assetui::xRFMxCU_AssetObjectPage--fe::FooterBar::StandardAction::Save\"]"}
COMMAND: POST /session/909e291bdfe5a7fe27e42a2188bdfad7/element/f.9331ADAAAA9C6029382C298C937C7F4B.d.BBE32D2E574A08647A1FBAFB7AD0ECF4.e.1461/click - {}
RESULT: {}
COMMAND: GET /session/909e291bdfe5a7fe27e42a2188bdfad7/screenshot - {}
RESULT: {}
COMMAND: POST /session/909e291bdfe5a7fe27e42a2188bdfad7/execute/async - {"script":"<script> [21 bytes]","args":[{"selector":{"id":"rfm.assetui::xRFMxCU_AssetObjectPage--fe::FooterBar::MessageButton-img"},"wdio_ui5_key":"rfmassetui::xRFMxCU_AssetObjectPage--fe::FooterBar::MessageButton-img"}]}
RESULT: {"script":"<script> [21 bytes]","args":[{"selector":{"id":"rfm.assetui::xRFMxCU_AssetObjectPage--fe::FooterBar::MessageButton-img"},"wdio_ui5_key":"rfmassetui::xRFMxCU_AssetObjectPage--fe::FooterBar::MessageButton-img"}]}
RESULT: undefined
COMMAND: POST /session/909e291bdfe5a7fe27e42a2188bdfad7/execute/async - {"script":"<script> [21 bytes]","args":[{"selector":{"id":"rfm.assetui::xRFMxCU_AssetObjectPage--fe::ObjectPage-anchBar-rfm.assetui::xRFMxCU_AssetObjectPage--fe::FacetSection::Object-anchor"},"wdio_ui5_key":"rfmassetui::xRFMxCU_AssetObjectPage--fe::ObjectPage-anchBar-rfm.assetui::xRFMxCU_AssetObjectPage--fe::FacetSection::Object-anchor"}]}
RESULT: {"script":"<script> [21 bytes]","args":[{"selector":{"id":"rfm.assetui::xRFMxCU_AssetObjectPage--fe::ObjectPage-anchBar-rfm.assetui::xRFMxCU_AssetObjectPage--fe::FacetSection::Object-anchor"},"wdio_ui5_key":"rfmassetui::xRFMxCU_AssetObjectPage--fe::ObjectPage-anchBar-rfm.assetui::xRFMxCU_AssetObjectPage--fe::FacetSection::Object-anchor"}]}
RESULT: undefined
COMMAND: POST /session/909e291bdfe5a7fe27e42a2188bdfad7/element - {"using":"xpath","value":"//*[@id=\"rfm.assetui::xRFMxCU_AssetObjectPage--fe::ObjectPage-anchBar-rfm.assetui::xRFMxCU_AssetObjectPage--fe::FacetSection::Object-anchor\"]"}
RESULT: {"using":"xpath","value":"//*[@id=\"rfm.assetui::xRFMxCU_AssetObjectPage--fe::ObjectPage-anchBar-rfm.assetui::xRFMxCU_AssetObjectPage--fe::FacetSection::Object-anchor\"]"}
COMMAND: POST /session/909e291bdfe5a7fe27e42a2188bdfad7/element/f.9331ADAAAA9C6029382C298C937C7F4B.d.BBE32D2E574A08647A1FBAFB7AD0ECF4.e.1469/click - {}
RESULT: {}
COMMAND: GET /session/909e291bdfe5a7fe27e42a2188bdfad7/screenshot - {}
RESULT: {}
COMMAND: GET /session/909e291bdfe5a7fe27e42a2188bdfad7/url - {}
RESULT: {}
COMMAND: POST /session/909e291bdfe5a7fe27e42a2188bdfad7/url - {"url":"https://d4debac0-4a79-4bd3-a71c-dba92f957697.abap-web.eu10.hana.ondemand.com/ui#Shell-home"}
COMMAND: GET /session/909e291bdfe5a7fe27e42a2188bdfad7/screenshot - {}
RESULT: {"url":"https://d4debac0-4a79-4bd3-a71c-dba92f957697.abap-web.eu10.hana.ondemand.com/ui#Shell-home"}
RESULT: undefined
COMMAND: GET /session/909e291bdfe5a7fe27e42a2188bdfad7/screenshot - {}
RESULT: {}
RESULT: {}
COMMAND: GET /session/909e291bdfe5a7fe27e42a2188bdfad7/screenshot - {}
]]></system-out>
    </testcase>
    <testcase classname="chrome.138_0_7204_184.windows.ABS" name="Should create Transaction" time="87.065">
      <system-out><![CDATA[
COMMAND: POST /session/909e291bdfe5a7fe27e42a2188bdfad7/execute/async - {"script":"<script> [21 bytes]","args":[{"selector":{"controlType":"sap.m.GenericTile","properties":{"header":"Funding Transaction"}},"wdio_ui5_key":"sapm.GenericTile{\"header\":\"Funding Transaction\"}"}]}
RESULT: {}
RESULT: {"script":"<script> [21 bytes]","args":[{"selector":{"controlType":"sap.m.GenericTile","properties":{"header":"Funding Transaction"}},"wdio_ui5_key":"sapm.GenericTile{\"header\":\"Funding Transaction\"}"}]}
RESULT: undefined
COMMAND: POST /session/909e291bdfe5a7fe27e42a2188bdfad7/element - {"using":"xpath","value":"//*[@id=\"__tile30\"]"}
RESULT: {"using":"xpath","value":"//*[@id=\"__tile30\"]"}
COMMAND: POST /session/909e291bdfe5a7fe27e42a2188bdfad7/element/f.9331ADAAAA9C6029382C298C937C7F4B.d.BBE32D2E574A08647A1FBAFB7AD0ECF4.e.1486/click - {}
RESULT: {}
COMMAND: POST /session/909e291bdfe5a7fe27e42a2188bdfad7/execute/async - {"script":"<script> [21 bytes]","args":[{"selector":{"id":"rfm.transactionui::xRFMxCU_TransactionList--fe::table::allTab::LineItem::StandardAction::Create","controlType":"sap.m.Button"},"wdio_ui5_key":"rfmtransactionui::xRFMxCU_TransactionList--fe::table::allTab::LineItem::StandardAction::Createsap.m.Button"}]}
COMMAND: GET /session/909e291bdfe5a7fe27e42a2188bdfad7/screenshot - {}
RESULT: {"script":"<script> [21 bytes]","args":[{"selector":{"id":"rfm.transactionui::xRFMxCU_TransactionList--fe::table::allTab::LineItem::StandardAction::Create","controlType":"sap.m.Button"},"wdio_ui5_key":"rfmtransactionui::xRFMxCU_TransactionList--fe::table::allTab::LineItem::StandardAction::Createsap.m.Button"}]}
RESULT: undefined
COMMAND: POST /session/909e291bdfe5a7fe27e42a2188bdfad7/element - {"using":"xpath","value":"//*[@id=\"rfm.transactionui::xRFMxCU_TransactionList--fe::table::allTab::LineItem::StandardAction::Create\"]"}
RESULT: {}
RESULT: {"using":"xpath","value":"//*[@id=\"rfm.transactionui::xRFMxCU_TransactionList--fe::table::allTab::LineItem::StandardAction::Create\"]"}
COMMAND: POST /session/909e291bdfe5a7fe27e42a2188bdfad7/element/f.9331ADAAAA9C6029382C298C937C7F4B.d.BBE32D2E574A08647A1FBAFB7AD0ECF4.e.1544/click - {}
RESULT: {}
COMMAND: GET /session/909e291bdfe5a7fe27e42a2188bdfad7/screenshot - {}
COMMAND: POST /session/909e291bdfe5a7fe27e42a2188bdfad7/execute/async - {"script":"<script> [21 bytes]","args":[{"selector":{"id":"CreateDialog::xRFMxCU_TransactionType::ProgramId-inner-vhi","searchOpenDialogs":true},"wdio_ui5_key":"CreateDialogxRFMxCU_TransactionType::ProgramId-inner-vhi"}]}
RESULT: {}
RESULT: {"script":"<script> [21 bytes]","args":[{"selector":{"id":"CreateDialog::xRFMxCU_TransactionType::ProgramId-inner-vhi","searchOpenDialogs":true},"wdio_ui5_key":"CreateDialogxRFMxCU_TransactionType::ProgramId-inner-vhi"}]}
RESULT: undefined
COMMAND: POST /session/909e291bdfe5a7fe27e42a2188bdfad7/element - {"using":"xpath","value":"//*[@id=\"CreateDialog::xRFMxCU_TransactionType::ProgramId-inner-vhi\"]"}
RESULT: {"using":"xpath","value":"//*[@id=\"CreateDialog::xRFMxCU_TransactionType::ProgramId-inner-vhi\"]"}
COMMAND: POST /session/909e291bdfe5a7fe27e42a2188bdfad7/element/f.9331ADAAAA9C6029382C298C937C7F4B.d.BBE32D2E574A08647A1FBAFB7AD0ECF4.e.1762/click - {}
RESULT: {}
COMMAND: POST /session/909e291bdfe5a7fe27e42a2188bdfad7/execute/async - {"script":"<script> [21 bytes]","args":[{"selector":{"id":"ProgramId::VH::Dialog::qualifier::-search-inner","searchOpenDialogs":true,"interaction":{"idSuffix":"I"}},"wdio_ui5_key":"ProgramIdVH::Dialog::qualifier::-search-inner"}]}
COMMAND: GET /session/909e291bdfe5a7fe27e42a2188bdfad7/screenshot - {}
RESULT: {"script":"<script> [21 bytes]","args":[{"selector":{"id":"ProgramId::VH::Dialog::qualifier::-search-inner","searchOpenDialogs":true,"interaction":{"idSuffix":"I"}},"wdio_ui5_key":"ProgramIdVH::Dialog::qualifier::-search-inner"}]}
RESULT: undefined
COMMAND: POST /session/909e291bdfe5a7fe27e42a2188bdfad7/execute/async - {"script":"<script> [20 bytes]","args":[{"enterText":"*1571*","selector":{"id":"ProgramId::VH::Dialog::qualifier::-search-inner","searchOpenDialogs":true,"interaction":{"idSuffix":"I"}},"clearTextFirst":true,"interactionType":"ENTER_TEXT"}]}
RESULT: {}
RESULT: {"script":"<script> [20 bytes]","args":[{"enterText":"*1571*","selector":{"id":"ProgramId::VH::Dialog::qualifier::-search-inner","searchOpenDialogs":true,"interaction":{"idSuffix":"I"}},"clearTextFirst":true,"interactionType":"ENTER_TEXT"}]}
COMMAND: POST /session/909e291bdfe5a7fe27e42a2188bdfad7/execute/async - {"script":"<script> [21 bytes]","args":[{"selector":{"id":"ProgramId::VH::Dialog::qualifier::::Table-innerTable-rows-row0","searchOpenDialogs":true},"wdio_ui5_key":"ProgramIdVH::Dialog::qualifier::::Table-innerTable-rows-row0"}]}
RESULT: {"script":"<script> [21 bytes]","args":[{"selector":{"id":"ProgramId::VH::Dialog::qualifier::::Table-innerTable-rows-row0","searchOpenDialogs":true},"wdio_ui5_key":"ProgramIdVH::Dialog::qualifier::::Table-innerTable-rows-row0"}]}
RESULT: undefined
COMMAND: POST /session/909e291bdfe5a7fe27e42a2188bdfad7/element - {"using":"xpath","value":"//*[@id=\"ProgramId::VH::Dialog::qualifier::::Table-innerTable-rows-row0\"]"}
RESULT: {"using":"xpath","value":"//*[@id=\"ProgramId::VH::Dialog::qualifier::::Table-innerTable-rows-row0\"]"}
COMMAND: POST /session/909e291bdfe5a7fe27e42a2188bdfad7/element/f.9331ADAAAA9C6029382C298C937C7F4B.d.BBE32D2E574A08647A1FBAFB7AD0ECF4.e.1770/click - {}
RESULT: {}
COMMAND: POST /session/909e291bdfe5a7fe27e42a2188bdfad7/execute/async - {"script":"<script> [21 bytes]","args":[{"selector":{"id":"CreateDialog::xRFMxCU_TransactionType::FundingType-inner","searchOpenDialogs":true,"interaction":{"idSuffix":"inner"}},"wdio_ui5_key":"CreateDialogxRFMxCU_TransactionType::FundingType-inner"}]}
COMMAND: GET /session/909e291bdfe5a7fe27e42a2188bdfad7/screenshot - {}
RESULT: {"script":"<script> [21 bytes]","args":[{"selector":{"id":"CreateDialog::xRFMxCU_TransactionType::FundingType-inner","searchOpenDialogs":true,"interaction":{"idSuffix":"inner"}},"wdio_ui5_key":"CreateDialogxRFMxCU_TransactionType::FundingType-inner"}]}
RESULT: undefined
COMMAND: POST /session/909e291bdfe5a7fe27e42a2188bdfad7/execute/async - {"script":"<script> [20 bytes]","args":[{"enterText":"30","selector":{"id":"CreateDialog::xRFMxCU_TransactionType::FundingType-inner","searchOpenDialogs":true,"interaction":{"idSuffix":"inner"}},"clearTextFirst":true,"interactionType":"ENTER_TEXT"}]}
RESULT: {}
RESULT: {"script":"<script> [20 bytes]","args":[{"enterText":"30","selector":{"id":"CreateDialog::xRFMxCU_TransactionType::FundingType-inner","searchOpenDialogs":true,"interaction":{"idSuffix":"inner"}},"clearTextFirst":true,"interactionType":"ENTER_TEXT"}]}
COMMAND: POST /session/909e291bdfe5a7fe27e42a2188bdfad7/execute/async - {"script":"<script> [21 bytes]","args":[{"selector":{"id":"CreateDialog::xRFMxCU_Transaction-footer","searchOpenDialogs":true},"wdio_ui5_key":"CreateDialogxRFMxCU_Transaction-footer"}]}
RESULT: {"script":"<script> [21 bytes]","args":[{"selector":{"id":"CreateDialog::xRFMxCU_Transaction-footer","searchOpenDialogs":true},"wdio_ui5_key":"CreateDialogxRFMxCU_Transaction-footer"}]}
RESULT: undefined
COMMAND: POST /session/909e291bdfe5a7fe27e42a2188bdfad7/element - {"using":"xpath","value":"//*[@id=\"CreateDialog::xRFMxCU_Transaction-footer\"]"}
RESULT: {"using":"xpath","value":"//*[@id=\"CreateDialog::xRFMxCU_Transaction-footer\"]"}
COMMAND: POST /session/909e291bdfe5a7fe27e42a2188bdfad7/element/f.9331ADAAAA9C6029382C298C937C7F4B.d.BBE32D2E574A08647A1FBAFB7AD0ECF4.e.1773/click - {}
RESULT: {}
COMMAND: POST /session/909e291bdfe5a7fe27e42a2188bdfad7/execute/async - {"script":"<script> [21 bytes]","args":[{"forceSelect":true,"selector":{"controlType":"sap.m.Button","viewName":"sap.fe.templates.ObjectPage.ObjectPage","viewId":"rfm.transactionui::xRFMxCU_TransactionObjectPage","properties":{"text":"Continue"},"searchOpenDialogs":true,"interaction":{"idSuffix":"BDI-content"}},"wdio_ui5_key":"sapfe.templates.ObjectPage.ObjectPagesap.m.Button{\"text\":\"Continue\"}"}]}
COMMAND: GET /session/909e291bdfe5a7fe27e42a2188bdfad7/screenshot - {}
RESULT: {"script":"<script> [21 bytes]","args":[{"forceSelect":true,"selector":{"controlType":"sap.m.Button","viewName":"sap.fe.templates.ObjectPage.ObjectPage","viewId":"rfm.transactionui::xRFMxCU_TransactionObjectPage","properties":{"text":"Continue"},"searchOpenDialogs":true,"interaction":{"idSuffix":"BDI-content"}},"wdio_ui5_key":"sapfe.templates.ObjectPage.ObjectPagesap.m.Button{\"text\":\"Continue\"}"}]}
RESULT: undefined
COMMAND: POST /session/909e291bdfe5a7fe27e42a2188bdfad7/element - {"using":"xpath","value":"//*[@id=\"__button294\"]"}
RESULT: {}
RESULT: {"using":"xpath","value":"//*[@id=\"__button294\"]"}
COMMAND: POST /session/909e291bdfe5a7fe27e42a2188bdfad7/element/f.9331ADAAAA9C6029382C298C937C7F4B.d.BBE32D2E574A08647A1FBAFB7AD0ECF4.e.1775/click - {}
RESULT: {}
COMMAND: GET /session/909e291bdfe5a7fe27e42a2188bdfad7/screenshot - {}
RESULT: {}
COMMAND: POST /session/909e291bdfe5a7fe27e42a2188bdfad7/execute/async - {"script":"<script> [21 bytes]","args":[{"selector":{"id":"rfm.transactionui::xRFMxCU_TransactionObjectPage--fe::CustomSubSection::CustomDetailsSection--fe::FormContainer::FieldGroup::Term::FormElement::DataField::AssetCashflowDateFrom::Field-edit","interaction":{"idSuffix":"inner"}},"wdio_ui5_key":"rfmtransactionui::xRFMxCU_TransactionObjectPage--fe::CustomSubSection::CustomDetailsSection--fe::FormContainer::FieldGroup::Term::FormElement::DataField::AssetCashflowDateFrom::Field-edit"}]}
RESULT: {"script":"<script> [21 bytes]","args":[{"selector":{"id":"rfm.transactionui::xRFMxCU_TransactionObjectPage--fe::CustomSubSection::CustomDetailsSection--fe::FormContainer::FieldGroup::Term::FormElement::DataField::AssetCashflowDateFrom::Field-edit","interaction":{"idSuffix":"inner"}},"wdio_ui5_key":"rfmtransactionui::xRFMxCU_TransactionObjectPage--fe::CustomSubSection::CustomDetailsSection--fe::FormContainer::FieldGroup::Term::FormElement::DataField::AssetCashflowDateFrom::Field-edit"}]}
RESULT: undefined
COMMAND: POST /session/909e291bdfe5a7fe27e42a2188bdfad7/execute/async - {"script":"<script> [20 bytes]","args":[{"enterText":"2025-01-01","selector":{"id":"rfm.transactionui::xRFMxCU_TransactionObjectPage--fe::CustomSubSection::CustomDetailsSection--fe::FormContainer::FieldGroup::Term::FormElement::DataField::AssetCashflowDateFrom::Field-edit","interaction":{"idSuffix":"inner"}},"clearTextFirst":true,"interactionType":"ENTER_TEXT"}]}
RESULT: {"script":"<script> [20 bytes]","args":[{"enterText":"2025-01-01","selector":{"id":"rfm.transactionui::xRFMxCU_TransactionObjectPage--fe::CustomSubSection::CustomDetailsSection--fe::FormContainer::FieldGroup::Term::FormElement::DataField::AssetCashflowDateFrom::Field-edit","interaction":{"idSuffix":"inner"}},"clearTextFirst":true,"interactionType":"ENTER_TEXT"}]}
COMMAND: POST /session/909e291bdfe5a7fe27e42a2188bdfad7/execute/async - {"script":"<script> [21 bytes]","args":[{"selector":{"id":"rfm.transactionui::xRFMxCU_TransactionObjectPage--fe::CustomSubSection::CustomDetailsSection--fe::FormContainer::FieldGroup::Term::FormElement::DataField::AssetCashflowDateTo::Field-edit","interaction":{"idSuffix":"inner"}},"wdio_ui5_key":"rfmtransactionui::xRFMxCU_TransactionObjectPage--fe::CustomSubSection::CustomDetailsSection--fe::FormContainer::FieldGroup::Term::FormElement::DataField::AssetCashflowDateTo::Field-edit"}]}
RESULT: {"script":"<script> [21 bytes]","args":[{"selector":{"id":"rfm.transactionui::xRFMxCU_TransactionObjectPage--fe::CustomSubSection::CustomDetailsSection--fe::FormContainer::FieldGroup::Term::FormElement::DataField::AssetCashflowDateTo::Field-edit","interaction":{"idSuffix":"inner"}},"wdio_ui5_key":"rfmtransactionui::xRFMxCU_TransactionObjectPage--fe::CustomSubSection::CustomDetailsSection--fe::FormContainer::FieldGroup::Term::FormElement::DataField::AssetCashflowDateTo::Field-edit"}]}
RESULT: undefined
COMMAND: POST /session/909e291bdfe5a7fe27e42a2188bdfad7/execute/async - {"script":"<script> [20 bytes]","args":[{"enterText":"2027-12-31","selector":{"id":"rfm.transactionui::xRFMxCU_TransactionObjectPage--fe::CustomSubSection::CustomDetailsSection--fe::FormContainer::FieldGroup::Term::FormElement::DataField::AssetCashflowDateTo::Field-edit","interaction":{"idSuffix":"inner"}},"clearTextFirst":true,"interactionType":"ENTER_TEXT"}]}
RESULT: {"script":"<script> [20 bytes]","args":[{"enterText":"2027-12-31","selector":{"id":"rfm.transactionui::xRFMxCU_TransactionObjectPage--fe::CustomSubSection::CustomDetailsSection--fe::FormContainer::FieldGroup::Term::FormElement::DataField::AssetCashflowDateTo::Field-edit","interaction":{"idSuffix":"inner"}},"clearTextFirst":true,"interactionType":"ENTER_TEXT"}]}
COMMAND: POST /session/909e291bdfe5a7fe27e42a2188bdfad7/execute/async - {"script":"<script> [21 bytes]","args":[{"selector":{"id":"rfm.transactionui::xRFMxCU_TransactionObjectPage--fe::ObjectPage-anchBar-rfm.transactionui::xRFMxCU_TransactionObjectPage--fe::EditableHeaderSection-anchor","interaction":{"idSuffix":"text"}},"wdio_ui5_key":"rfmtransactionui::xRFMxCU_TransactionObjectPage--fe::ObjectPage-anchBar-rfm.transactionui::xRFMxCU_TransactionObjectPage--fe::EditableHeaderSection-anchor"}]}
RESULT: {"script":"<script> [21 bytes]","args":[{"selector":{"id":"rfm.transactionui::xRFMxCU_TransactionObjectPage--fe::ObjectPage-anchBar-rfm.transactionui::xRFMxCU_TransactionObjectPage--fe::EditableHeaderSection-anchor","interaction":{"idSuffix":"text"}},"wdio_ui5_key":"rfmtransactionui::xRFMxCU_TransactionObjectPage--fe::ObjectPage-anchBar-rfm.transactionui::xRFMxCU_TransactionObjectPage--fe::EditableHeaderSection-anchor"}]}
RESULT: undefined
COMMAND: POST /session/909e291bdfe5a7fe27e42a2188bdfad7/element - {"using":"xpath","value":"//*[@id=\"rfm.transactionui::xRFMxCU_TransactionObjectPage--fe::ObjectPage-anchBar-rfm.transactionui::xRFMxCU_TransactionObjectPage--fe::EditableHeaderSection-anchor\"]"}
RESULT: {"using":"xpath","value":"//*[@id=\"rfm.transactionui::xRFMxCU_TransactionObjectPage--fe::ObjectPage-anchBar-rfm.transactionui::xRFMxCU_TransactionObjectPage--fe::EditableHeaderSection-anchor\"]"}
COMMAND: POST /session/909e291bdfe5a7fe27e42a2188bdfad7/element/f.9331ADAAAA9C6029382C298C937C7F4B.d.BBE32D2E574A08647A1FBAFB7AD0ECF4.e.1831/click - {}
RESULT: {}
COMMAND: GET /session/909e291bdfe5a7fe27e42a2188bdfad7/screenshot - {}
RESULT: {}
COMMAND: POST /session/909e291bdfe5a7fe27e42a2188bdfad7/execute/async - {"script":"<script> [21 bytes]","args":[{"selector":{"id":"rfm.transactionui::xRFMxCU_TransactionObjectPage--fe::HeaderFacet::FormContainer::headerFieldsGP1::FormElement::DataField::Name::Field-edit","interaction":{"idSuffix":"inner"}},"wdio_ui5_key":"rfmtransactionui::xRFMxCU_TransactionObjectPage--fe::HeaderFacet::FormContainer::headerFieldsGP1::FormElement::DataField::Name::Field-edit"}]}
RESULT: {"script":"<script> [21 bytes]","args":[{"selector":{"id":"rfm.transactionui::xRFMxCU_TransactionObjectPage--fe::HeaderFacet::FormContainer::headerFieldsGP1::FormElement::DataField::Name::Field-edit","interaction":{"idSuffix":"inner"}},"wdio_ui5_key":"rfmtransactionui::xRFMxCU_TransactionObjectPage--fe::HeaderFacet::FormContainer::headerFieldsGP1::FormElement::DataField::Name::Field-edit"}]}
RESULT: undefined
COMMAND: POST /session/909e291bdfe5a7fe27e42a2188bdfad7/execute/async - {"script":"<script> [20 bytes]","args":[{"enterText":"WDIO_ABS_2025-08-13","selector":{"id":"rfm.transactionui::xRFMxCU_TransactionObjectPage--fe::HeaderFacet::FormContainer::headerFieldsGP1::FormElement::DataField::Name::Field-edit","interaction":{"idSuffix":"inner"}},"clearTextFirst":true,"interactionType":"ENTER_TEXT"}]}
RESULT: {"script":"<script> [20 bytes]","args":[{"enterText":"WDIO_ABS_2025-08-13","selector":{"id":"rfm.transactionui::xRFMxCU_TransactionObjectPage--fe::HeaderFacet::FormContainer::headerFieldsGP1::FormElement::DataField::Name::Field-edit","interaction":{"idSuffix":"inner"}},"clearTextFirst":true,"interactionType":"ENTER_TEXT"}]}
COMMAND: POST /session/909e291bdfe5a7fe27e42a2188bdfad7/execute/async - {"script":"<script> [21 bytes]","args":[{"selector":{"id":"rfm.transactionui::xRFMxCU_TransactionObjectPage--fe::HeaderFacet::FormContainer::headerFieldsGP1::FormElement::DataField::TransactionId::Field-display"},"wdio_ui5_key":"rfmtransactionui::xRFMxCU_TransactionObjectPage--fe::HeaderFacet::FormContainer::headerFieldsGP1::FormElement::DataField::TransactionId::Field-display"}]}
RESULT: {"script":"<script> [21 bytes]","args":[{"selector":{"id":"rfm.transactionui::xRFMxCU_TransactionObjectPage--fe::HeaderFacet::FormContainer::headerFieldsGP1::FormElement::DataField::TransactionId::Field-display"},"wdio_ui5_key":"rfmtransactionui::xRFMxCU_TransactionObjectPage--fe::HeaderFacet::FormContainer::headerFieldsGP1::FormElement::DataField::TransactionId::Field-display"}]}
RESULT: undefined
COMMAND: POST /session/909e291bdfe5a7fe27e42a2188bdfad7/execute/async - {"script":"<script> [21 bytes]","args":[{"element-6066-11e4-a52e-4f735466cecf":"f.9331ADAAAA9C6029382C298C937C7F4B.d.BBE32D2E574A08647A1FBAFB7AD0ECF4.e.1839"},"getText",[]]}
RESULT: {"script":"<script> [21 bytes]","args":[{"element-6066-11e4-a52e-4f735466cecf":"f.9331ADAAAA9C6029382C298C937C7F4B.d.BBE32D2E574A08647A1FBAFB7AD0ECF4.e.1839"},"getText",[]]}
COMMAND: POST /session/909e291bdfe5a7fe27e42a2188bdfad7/execute/async - {"script":"<script> [21 bytes]","args":[{"selector":{"id":"rfm.transactionui::xRFMxCU_TransactionObjectPage--fe::ObjectPage-anchBar-rfm.transactionui::xRFMxCU_TransactionObjectPage--fe::FacetSection::FundingScopeCollection-anchor"},"wdio_ui5_key":"rfmtransactionui::xRFMxCU_TransactionObjectPage--fe::ObjectPage-anchBar-rfm.transactionui::xRFMxCU_TransactionObjectPage--fe::FacetSection::FundingScopeCollection-anchor"}]}
RESULT: {"script":"<script> [21 bytes]","args":[{"selector":{"id":"rfm.transactionui::xRFMxCU_TransactionObjectPage--fe::ObjectPage-anchBar-rfm.transactionui::xRFMxCU_TransactionObjectPage--fe::FacetSection::FundingScopeCollection-anchor"},"wdio_ui5_key":"rfmtransactionui::xRFMxCU_TransactionObjectPage--fe::ObjectPage-anchBar-rfm.transactionui::xRFMxCU_TransactionObjectPage--fe::FacetSection::FundingScopeCollection-anchor"}]}
RESULT: undefined
COMMAND: POST /session/909e291bdfe5a7fe27e42a2188bdfad7/element - {"using":"xpath","value":"//*[@id=\"rfm.transactionui::xRFMxCU_TransactionObjectPage--fe::ObjectPage-anchBar-rfm.transactionui::xRFMxCU_TransactionObjectPage--fe::FacetSection::FundingScopeCollection-anchor\"]"}
RESULT: {"using":"xpath","value":"//*[@id=\"rfm.transactionui::xRFMxCU_TransactionObjectPage--fe::ObjectPage-anchBar-rfm.transactionui::xRFMxCU_TransactionObjectPage--fe::FacetSection::FundingScopeCollection-anchor\"]"}
COMMAND: POST /session/909e291bdfe5a7fe27e42a2188bdfad7/element/f.9331ADAAAA9C6029382C298C937C7F4B.d.BBE32D2E574A08647A1FBAFB7AD0ECF4.e.1840/click - {}
RESULT: {}
COMMAND: GET /session/909e291bdfe5a7fe27e42a2188bdfad7/screenshot - {}
RESULT: {}
COMMAND: POST /session/909e291bdfe5a7fe27e42a2188bdfad7/execute/async - {"script":"<script> [21 bytes]","args":[{"selector":{"controlType":"sap.ui.mdc.field.FieldInput","viewName":"sap.fe.templates.ObjectPage.ObjectPage","viewId":"rfm.transactionui::xRFMxCU_TransactionObjectPage","bindingPath":{"path":"","propertyPath":"/conditions","modelName":"$field"},"ancestor":{"controlType":"sap.ui.mdc.Field","viewName":"sap.fe.templates.ObjectPage.ObjectPage","viewId":"rfm.transactionui::xRFMxCU_TransactionObjectPage","bindingPath":{"path":"/xRFMxCU_Transaction(TransactionId='1040',IsActiveEntity=false)/_TransactionCFPart(TransactionId='1040',CashFlowPartType='1',IsActiveEntity=false)","propertyPath":"__EntityControl/Updatable"}},"interaction":{"idSuffix":"inner"}},"wdio_ui5_key":"sapfe.templates.ObjectPage.ObjectPagesap.ui.mdc.field.FieldInput{\"path\":\"\",\"propertyPath\":\"/conditions\",\"modelName\":\"$field\"}{\"controlType\":\"sap.ui.mdc.Field\",\"viewName\":\"sap.fe.templates.ObjectPage.ObjectPage\",\"viewId\":\"rfm.transactionui::xRFMxCU_TransactionObjectPage\",\"bindingPath\":{\"path\":\"/xRFMxCU_Transaction(TransactionId='1040',IsActiveEntity=false)/_TransactionCFPart(TransactionId='1040',CashFlowPartType='1',IsActiveEntity=false)\",\"propertyPath\":\"__EntityControl/Updatable\"}}"}]}
RESULT: {"script":"<script> [21 bytes]","args":[{"selector":{"controlType":"sap.ui.mdc.field.FieldInput","viewName":"sap.fe.templates.ObjectPage.ObjectPage","viewId":"rfm.transactionui::xRFMxCU_TransactionObjectPage","bindingPath":{"path":"","propertyPath":"/conditions","modelName":"$field"},"ancestor":{"controlType":"sap.ui.mdc.Field","viewName":"sap.fe.templates.ObjectPage.ObjectPage","viewId":"rfm.transactionui::xRFMxCU_TransactionObjectPage","bindingPath":{"path":"/xRFMxCU_Transaction(TransactionId='1040',IsActiveEntity=false)/_TransactionCFPart(TransactionId='1040',CashFlowPartType='1',IsActiveEntity=false)","propertyPath":"__EntityControl/Updatable"}},"interaction":{"idSuffix":"inner"}},"wdio_ui5_key":"sapfe.templates.ObjectPage.ObjectPagesap.ui.mdc.field.FieldInput{\"path\":\"\",\"propertyPath\":\"/conditions\",\"modelName\":\"$field\"}{\"controlType\":\"sap.ui.mdc.Field\",\"viewName\":\"sap.fe.templates.ObjectPage.ObjectPage\",\"viewId\":\"rfm.transactionui::xRFMxCU_TransactionObjectPage\",\"bindingPath\":{\"path\":\"/xRFMxCU_Transaction(TransactionId='1040',IsActiveEntity=false)/_TransactionCFPart(TransactionId='1040',CashFlowPartType='1',IsActiveEntity=false)\",\"propertyPath\":\"__EntityControl/Updatable\"}}"}]}
RESULT: undefined
COMMAND: POST /session/909e291bdfe5a7fe27e42a2188bdfad7/execute/async - {"script":"<script> [20 bytes]","args":[{"enterText":"Funding","selector":{"controlType":"sap.ui.mdc.field.FieldInput","viewName":"sap.fe.templates.ObjectPage.ObjectPage","viewId":"rfm.transactionui::xRFMxCU_TransactionObjectPage","bindingPath":{"path":"","propertyPath":"/conditions","modelName":"$field"},"ancestor":{"controlType":"sap.ui.mdc.Field","viewName":"sap.fe.templates.ObjectPage.ObjectPage","viewId":"rfm.transactionui::xRFMxCU_TransactionObjectPage","bindingPath":{"path":"/xRFMxCU_Transaction(TransactionId='1040',IsActiveEntity=false)/_TransactionCFPart(TransactionId='1040',CashFlowPartType='1',IsActiveEntity=false)","propertyPath":"__EntityControl/Updatable"}},"interaction":{"idSuffix":"inner"}},"clearTextFirst":true,"interactionType":"ENTER_TEXT"}]}
RESULT: {"script":"<script> [20 bytes]","args":[{"enterText":"Funding","selector":{"controlType":"sap.ui.mdc.field.FieldInput","viewName":"sap.fe.templates.ObjectPage.ObjectPage","viewId":"rfm.transactionui::xRFMxCU_TransactionObjectPage","bindingPath":{"path":"","propertyPath":"/conditions","modelName":"$field"},"ancestor":{"controlType":"sap.ui.mdc.Field","viewName":"sap.fe.templates.ObjectPage.ObjectPage","viewId":"rfm.transactionui::xRFMxCU_TransactionObjectPage","bindingPath":{"path":"/xRFMxCU_Transaction(TransactionId='1040',IsActiveEntity=false)/_TransactionCFPart(TransactionId='1040',CashFlowPartType='1',IsActiveEntity=false)","propertyPath":"__EntityControl/Updatable"}},"interaction":{"idSuffix":"inner"}},"clearTextFirst":true,"interactionType":"ENTER_TEXT"}]}
COMMAND: POST /session/909e291bdfe5a7fe27e42a2188bdfad7/execute/async - {"script":"<script> [21 bytes]","args":[{"selector":{"id":"rfm.transactionui::xRFMxCU_TransactionObjectPage--fe::table::_TransactionCFPart::LineItem-innerTable-rows-row1","interaction":{"idSuffix":"col0"}},"wdio_ui5_key":"rfmtransactionui::xRFMxCU_TransactionObjectPage--fe::table::_TransactionCFPart::LineItem-innerTable-rows-row1"}]}
RESULT: {"script":"<script> [21 bytes]","args":[{"selector":{"id":"rfm.transactionui::xRFMxCU_TransactionObjectPage--fe::table::_TransactionCFPart::LineItem-innerTable-rows-row1","interaction":{"idSuffix":"col0"}},"wdio_ui5_key":"rfmtransactionui::xRFMxCU_TransactionObjectPage--fe::table::_TransactionCFPart::LineItem-innerTable-rows-row1"}]}
RESULT: undefined
COMMAND: POST /session/909e291bdfe5a7fe27e42a2188bdfad7/element - {"using":"xpath","value":"//*[@id=\"rfm.transactionui::xRFMxCU_TransactionObjectPage--fe::table::_TransactionCFPart::LineItem-innerTable-rows-row1\"]"}
RESULT: {"using":"xpath","value":"//*[@id=\"rfm.transactionui::xRFMxCU_TransactionObjectPage--fe::table::_TransactionCFPart::LineItem-innerTable-rows-row1\"]"}
COMMAND: POST /session/909e291bdfe5a7fe27e42a2188bdfad7/element/f.9331ADAAAA9C6029382C298C937C7F4B.d.BBE32D2E574A08647A1FBAFB7AD0ECF4.e.1851/click - {}
RESULT: {}
COMMAND: GET /session/909e291bdfe5a7fe27e42a2188bdfad7/screenshot - {}
RESULT: {}
COMMAND: POST /session/909e291bdfe5a7fe27e42a2188bdfad7/execute/async - {"script":"<script> [21 bytes]","args":[{"forceSelect":true,"selector":{"controlType":"sap.ui.mdc.field.FieldInput","viewName":"sap.fe.templates.ObjectPage.ObjectPage","viewId":"rfm.transactionui::xRFMxCU_TransactionObjectPage","bindingPath":{"path":"","propertyPath":"/conditions","modelName":"$field"},"ancestor":{"controlType":"sap.ui.mdc.Field","viewName":"sap.fe.templates.ObjectPage.ObjectPage","viewId":"rfm.transactionui::xRFMxCU_TransactionObjectPage","bindingPath":{"path":"/xRFMxCU_Transaction(TransactionId='1040',IsActiveEntity=false)/_TransactionCFPart(TransactionId='1040',CashFlowPartType='2',IsActiveEntity=false)","propertyPath":"__EntityControl/Updatable"}},"interaction":{"idSuffix":"inner"}},"wdio_ui5_key":"sapfe.templates.ObjectPage.ObjectPagesap.ui.mdc.field.FieldInput{\"path\":\"\",\"propertyPath\":\"/conditions\",\"modelName\":\"$field\"}{\"controlType\":\"sap.ui.mdc.Field\",\"viewName\":\"sap.fe.templates.ObjectPage.ObjectPage\",\"viewId\":\"rfm.transactionui::xRFMxCU_TransactionObjectPage\",\"bindingPath\":{\"path\":\"/xRFMxCU_Transaction(TransactionId='1040',IsActiveEntity=false)/_TransactionCFPart(TransactionId='1040',CashFlowPartType='2',IsActiveEntity=false)\",\"propertyPath\":\"__EntityControl/Updatable\"}}"}]}
RESULT: {"script":"<script> [21 bytes]","args":[{"forceSelect":true,"selector":{"controlType":"sap.ui.mdc.field.FieldInput","viewName":"sap.fe.templates.ObjectPage.ObjectPage","viewId":"rfm.transactionui::xRFMxCU_TransactionObjectPage","bindingPath":{"path":"","propertyPath":"/conditions","modelName":"$field"},"ancestor":{"controlType":"sap.ui.mdc.Field","viewName":"sap.fe.templates.ObjectPage.ObjectPage","viewId":"rfm.transactionui::xRFMxCU_TransactionObjectPage","bindingPath":{"path":"/xRFMxCU_Transaction(TransactionId='1040',IsActiveEntity=false)/_TransactionCFPart(TransactionId='1040',CashFlowPartType='2',IsActiveEntity=false)","propertyPath":"__EntityControl/Updatable"}},"interaction":{"idSuffix":"inner"}},"wdio_ui5_key":"sapfe.templates.ObjectPage.ObjectPagesap.ui.mdc.field.FieldInput{\"path\":\"\",\"propertyPath\":\"/conditions\",\"modelName\":\"$field\"}{\"controlType\":\"sap.ui.mdc.Field\",\"viewName\":\"sap.fe.templates.ObjectPage.ObjectPage\",\"viewId\":\"rfm.transactionui::xRFMxCU_TransactionObjectPage\",\"bindingPath\":{\"path\":\"/xRFMxCU_Transaction(TransactionId='1040',IsActiveEntity=false)/_TransactionCFPart(TransactionId='1040',CashFlowPartType='2',IsActiveEntity=false)\",\"propertyPath\":\"__EntityControl/Updatable\"}}"}]}
RESULT: undefined
COMMAND: POST /session/909e291bdfe5a7fe27e42a2188bdfad7/execute/async - {"script":"<script> [20 bytes]","args":[{"enterText":"Funding","selector":{"controlType":"sap.ui.mdc.field.FieldInput","viewName":"sap.fe.templates.ObjectPage.ObjectPage","viewId":"rfm.transactionui::xRFMxCU_TransactionObjectPage","bindingPath":{"path":"","propertyPath":"/conditions","modelName":"$field"},"ancestor":{"controlType":"sap.ui.mdc.Field","viewName":"sap.fe.templates.ObjectPage.ObjectPage","viewId":"rfm.transactionui::xRFMxCU_TransactionObjectPage","bindingPath":{"path":"/xRFMxCU_Transaction(TransactionId='1040',IsActiveEntity=false)/_TransactionCFPart(TransactionId='1040',CashFlowPartType='2',IsActiveEntity=false)","propertyPath":"__EntityControl/Updatable"}},"interaction":{"idSuffix":"inner"}},"clearTextFirst":true,"interactionType":"ENTER_TEXT"}]}
RESULT: {"script":"<script> [20 bytes]","args":[{"enterText":"Funding","selector":{"controlType":"sap.ui.mdc.field.FieldInput","viewName":"sap.fe.templates.ObjectPage.ObjectPage","viewId":"rfm.transactionui::xRFMxCU_TransactionObjectPage","bindingPath":{"path":"","propertyPath":"/conditions","modelName":"$field"},"ancestor":{"controlType":"sap.ui.mdc.Field","viewName":"sap.fe.templates.ObjectPage.ObjectPage","viewId":"rfm.transactionui::xRFMxCU_TransactionObjectPage","bindingPath":{"path":"/xRFMxCU_Transaction(TransactionId='1040',IsActiveEntity=false)/_TransactionCFPart(TransactionId='1040',CashFlowPartType='2',IsActiveEntity=false)","propertyPath":"__EntityControl/Updatable"}},"interaction":{"idSuffix":"inner"}},"clearTextFirst":true,"interactionType":"ENTER_TEXT"}]}
COMMAND: POST /session/909e291bdfe5a7fe27e42a2188bdfad7/execute/async - {"script":"<script> [21 bytes]","args":[{"selector":{"id":"rfm.transactionui::xRFMxCU_TransactionObjectPage--fe::FooterBar::StandardAction::Save","interaction":{"idSuffix":"BDI-content"}},"wdio_ui5_key":"rfmtransactionui::xRFMxCU_TransactionObjectPage--fe::FooterBar::StandardAction::Save"}]}
RESULT: {"script":"<script> [21 bytes]","args":[{"selector":{"id":"rfm.transactionui::xRFMxCU_TransactionObjectPage--fe::FooterBar::StandardAction::Save","interaction":{"idSuffix":"BDI-content"}},"wdio_ui5_key":"rfmtransactionui::xRFMxCU_TransactionObjectPage--fe::FooterBar::StandardAction::Save"}]}
RESULT: undefined
COMMAND: POST /session/909e291bdfe5a7fe27e42a2188bdfad7/element - {"using":"xpath","value":"//*[@id=\"rfm.transactionui::xRFMxCU_TransactionObjectPage--fe::FooterBar::StandardAction::Save\"]"}
RESULT: {"using":"xpath","value":"//*[@id=\"rfm.transactionui::xRFMxCU_TransactionObjectPage--fe::FooterBar::StandardAction::Save\"]"}
COMMAND: POST /session/909e291bdfe5a7fe27e42a2188bdfad7/element/f.9331ADAAAA9C6029382C298C937C7F4B.d.BBE32D2E574A08647A1FBAFB7AD0ECF4.e.1854/click - {}
RESULT: {}
COMMAND: POST /session/909e291bdfe5a7fe27e42a2188bdfad7/execute/async - {"script":"<script> [21 bytes]","args":[{"selector":{"id":"rfm.transactionui::xRFMxCU_TransactionObjectPage--fe::FooterBar::MessageButton-img"},"wdio_ui5_key":"rfmtransactionui::xRFMxCU_TransactionObjectPage--fe::FooterBar::MessageButton-img"}]}
COMMAND: GET /session/909e291bdfe5a7fe27e42a2188bdfad7/screenshot - {}
RESULT: {"script":"<script> [21 bytes]","args":[{"selector":{"id":"rfm.transactionui::xRFMxCU_TransactionObjectPage--fe::FooterBar::MessageButton-img"},"wdio_ui5_key":"rfmtransactionui::xRFMxCU_TransactionObjectPage--fe::FooterBar::MessageButton-img"}]}
RESULT: undefined
COMMAND: POST /session/909e291bdfe5a7fe27e42a2188bdfad7/execute/async - {"script":"<script> [21 bytes]","args":[{"selector":{"id":"rfm.transactionui::xRFMxCU_TransactionObjectPage--fe::DataFieldForAction::com.sap.gateway.srvd.rfm.ui_transaction.v0001.Fix::com.sap.gateway.srvd.rfm.ui_transaction.v0001.xRFMxCU_TransactionType","interaction":{"idSuffix":"BDI-content"}},"wdio_ui5_key":"rfmtransactionui::xRFMxCU_TransactionObjectPage--fe::DataFieldForAction::com.sap.gateway.srvd.rfm.ui_transaction.v0001.Fix::com.sap.gateway.srvd.rfm.ui_transaction.v0001.xRFMxCU_TransactionType"}]}
RESULT: {}
RESULT: {"script":"<script> [21 bytes]","args":[{"selector":{"id":"rfm.transactionui::xRFMxCU_TransactionObjectPage--fe::DataFieldForAction::com.sap.gateway.srvd.rfm.ui_transaction.v0001.Fix::com.sap.gateway.srvd.rfm.ui_transaction.v0001.xRFMxCU_TransactionType","interaction":{"idSuffix":"BDI-content"}},"wdio_ui5_key":"rfmtransactionui::xRFMxCU_TransactionObjectPage--fe::DataFieldForAction::com.sap.gateway.srvd.rfm.ui_transaction.v0001.Fix::com.sap.gateway.srvd.rfm.ui_transaction.v0001.xRFMxCU_TransactionType"}]}
RESULT: undefined
COMMAND: POST /session/909e291bdfe5a7fe27e42a2188bdfad7/element - {"using":"xpath","value":"//*[@id=\"rfm.transactionui::xRFMxCU_TransactionObjectPage--fe::DataFieldForAction::com.sap.gateway.srvd.rfm.ui_transaction.v0001.Fix::com.sap.gateway.srvd.rfm.ui_transaction.v0001.xRFMxCU_TransactionType\"]"}
RESULT: {"using":"xpath","value":"//*[@id=\"rfm.transactionui::xRFMxCU_TransactionObjectPage--fe::DataFieldForAction::com.sap.gateway.srvd.rfm.ui_transaction.v0001.Fix::com.sap.gateway.srvd.rfm.ui_transaction.v0001.xRFMxCU_TransactionType\"]"}
COMMAND: POST /session/909e291bdfe5a7fe27e42a2188bdfad7/element/f.9331ADAAAA9C6029382C298C937C7F4B.d.BBE32D2E574A08647A1FBAFB7AD0ECF4.e.1802/click - {}
RESULT: {}
COMMAND: GET /session/909e291bdfe5a7fe27e42a2188bdfad7/screenshot - {}
RESULT: {}
COMMAND: POST /session/909e291bdfe5a7fe27e42a2188bdfad7/execute/async - {"script":"<script> [21 bytes]","args":[{"selector":{"controlType":"sap.m.Text","properties":{"text":"Success"},"searchOpenDialogs":true},"wdio_ui5_key":"sapm.Text{\"text\":\"Success\"}"}]}
RESULT: {"script":"<script> [21 bytes]","args":[{"selector":{"controlType":"sap.m.Text","properties":{"text":"Success"},"searchOpenDialogs":true},"wdio_ui5_key":"sapm.Text{\"text\":\"Success\"}"}]}
RESULT: undefined
COMMAND: POST /session/909e291bdfe5a7fe27e42a2188bdfad7/execute/async - {"script":"<script> [21 bytes]","args":[{"element-6066-11e4-a52e-4f735466cecf":"f.9331ADAAAA9C6029382C298C937C7F4B.d.BBE32D2E574A08647A1FBAFB7AD0ECF4.e.1880"},"getText",[]]}
RESULT: {"script":"<script> [21 bytes]","args":[{"element-6066-11e4-a52e-4f735466cecf":"f.9331ADAAAA9C6029382C298C937C7F4B.d.BBE32D2E574A08647A1FBAFB7AD0ECF4.e.1880"},"getText",[]]}
COMMAND: POST /session/909e291bdfe5a7fe27e42a2188bdfad7/execute/async - {"script":"<script> [21 bytes]","args":[{"forceSelect":true,"selector":{"controlType":"sap.m.Button","properties":{"text":"Close"},"searchOpenDialogs":true,"interaction":{"idSuffix":"BDI-content"}},"wdio_ui5_key":"sapm.Button{\"text\":\"Close\"}"}]}
RESULT: {"script":"<script> [21 bytes]","args":[{"forceSelect":true,"selector":{"controlType":"sap.m.Button","properties":{"text":"Close"},"searchOpenDialogs":true,"interaction":{"idSuffix":"BDI-content"}},"wdio_ui5_key":"sapm.Button{\"text\":\"Close\"}"}]}
RESULT: undefined
COMMAND: POST /session/909e291bdfe5a7fe27e42a2188bdfad7/element - {"using":"xpath","value":"//*[@id=\"__button299\"]"}
RESULT: {"using":"xpath","value":"//*[@id=\"__button299\"]"}
COMMAND: POST /session/909e291bdfe5a7fe27e42a2188bdfad7/element/f.9331ADAAAA9C6029382C298C937C7F4B.d.BBE32D2E574A08647A1FBAFB7AD0ECF4.e.1882/click - {}
RESULT: {}
COMMAND: POST /session/909e291bdfe5a7fe27e42a2188bdfad7/url - {"url":"https://d4debac0-4a79-4bd3-a71c-dba92f957697.abap-web.eu10.hana.ondemand.com/ui#Shell-home"}
COMMAND: GET /session/909e291bdfe5a7fe27e42a2188bdfad7/screenshot - {}
RESULT: {"url":"https://d4debac0-4a79-4bd3-a71c-dba92f957697.abap-web.eu10.hana.ondemand.com/ui#Shell-home"}
RESULT: undefined
COMMAND: GET /session/909e291bdfe5a7fe27e42a2188bdfad7/screenshot - {}
RESULT: {}
RESULT: {}
COMMAND: GET /session/909e291bdfe5a7fe27e42a2188bdfad7/screenshot - {}
]]></system-out>
    </testcase>
    <testcase classname="chrome.138_0_7204_184.windows.ABS" name="Should filter created Transaction" time="14.288">
      <system-out><![CDATA[
COMMAND: POST /session/909e291bdfe5a7fe27e42a2188bdfad7/execute/async - {"script":"<script> [21 bytes]","args":[{"selector":{"controlType":"sap.m.GenericTile","properties":{"header":"ABS"}},"wdio_ui5_key":"sapm.GenericTile{\"header\":\"ABS\"}"}]}
RESULT: {}
RESULT: {"script":"<script> [21 bytes]","args":[{"selector":{"controlType":"sap.m.GenericTile","properties":{"header":"ABS"}},"wdio_ui5_key":"sapm.GenericTile{\"header\":\"ABS\"}"}]}
RESULT: undefined
COMMAND: POST /session/909e291bdfe5a7fe27e42a2188bdfad7/element - {"using":"xpath","value":"//*[@id=\"__tile37\"]"}
RESULT: {"using":"xpath","value":"//*[@id=\"__tile37\"]"}
COMMAND: POST /session/909e291bdfe5a7fe27e42a2188bdfad7/element/f.9331ADAAAA9C6029382C298C937C7F4B.d.BBE32D2E574A08647A1FBAFB7AD0ECF4.e.1888/click - {}
RESULT: {}
COMMAND: GET /session/909e291bdfe5a7fe27e42a2188bdfad7/screenshot - {}
RESULT: {}
COMMAND: POST /session/909e291bdfe5a7fe27e42a2188bdfad7/execute/async - {"script":"<script> [21 bytes]","args":[{"selector":{"id":"rfm.absui::xRFMxCU_ABSTransactionList--fe::FilterBar::xRFMxCU_ABSTransaction::FilterField::TransactionId-inner","interaction":{"idSuffix":"inner"}},"wdio_ui5_key":"rfmabsui::xRFMxCU_ABSTransactionList--fe::FilterBar::xRFMxCU_ABSTransaction::FilterField::TransactionId-inner"}]}
RESULT: {"script":"<script> [21 bytes]","args":[{"selector":{"id":"rfm.absui::xRFMxCU_ABSTransactionList--fe::FilterBar::xRFMxCU_ABSTransaction::FilterField::TransactionId-inner","interaction":{"idSuffix":"inner"}},"wdio_ui5_key":"rfmabsui::xRFMxCU_ABSTransactionList--fe::FilterBar::xRFMxCU_ABSTransaction::FilterField::TransactionId-inner"}]}
RESULT: undefined
COMMAND: POST /session/909e291bdfe5a7fe27e42a2188bdfad7/execute/async - {"script":"<script> [20 bytes]","args":[{"enterText":"1040","selector":{"id":"rfm.absui::xRFMxCU_ABSTransactionList--fe::FilterBar::xRFMxCU_ABSTransaction::FilterField::TransactionId-inner","interaction":{"idSuffix":"inner"}},"clearTextFirst":true,"interactionType":"ENTER_TEXT"}]}
RESULT: {"script":"<script> [20 bytes]","args":[{"enterText":"1040","selector":{"id":"rfm.absui::xRFMxCU_ABSTransactionList--fe::FilterBar::xRFMxCU_ABSTransaction::FilterField::TransactionId-inner","interaction":{"idSuffix":"inner"}},"clearTextFirst":true,"interactionType":"ENTER_TEXT"}]}
COMMAND: POST /session/909e291bdfe5a7fe27e42a2188bdfad7/execute/async - {"script":"<script> [21 bytes]","args":[{"selector":{"id":"rfm.absui::xRFMxCU_ABSTransactionList--fe::FilterBar::xRFMxCU_ABSTransaction-btnSearch","interaction":{"idSuffix":"BDI-content"}},"wdio_ui5_key":"rfmabsui::xRFMxCU_ABSTransactionList--fe::FilterBar::xRFMxCU_ABSTransaction-btnSearch"}]}
RESULT: {"script":"<script> [21 bytes]","args":[{"selector":{"id":"rfm.absui::xRFMxCU_ABSTransactionList--fe::FilterBar::xRFMxCU_ABSTransaction-btnSearch","interaction":{"idSuffix":"BDI-content"}},"wdio_ui5_key":"rfmabsui::xRFMxCU_ABSTransactionList--fe::FilterBar::xRFMxCU_ABSTransaction-btnSearch"}]}
RESULT: undefined
COMMAND: POST /session/909e291bdfe5a7fe27e42a2188bdfad7/element - {"using":"xpath","value":"//*[@id=\"rfm.absui::xRFMxCU_ABSTransactionList--fe::FilterBar::xRFMxCU_ABSTransaction-btnSearch\"]"}
RESULT: {"using":"xpath","value":"//*[@id=\"rfm.absui::xRFMxCU_ABSTransactionList--fe::FilterBar::xRFMxCU_ABSTransaction-btnSearch\"]"}
COMMAND: POST /session/909e291bdfe5a7fe27e42a2188bdfad7/element/f.9331ADAAAA9C6029382C298C937C7F4B.d.BBE32D2E574A08647A1FBAFB7AD0ECF4.e.2046/click - {}
RESULT: {}
COMMAND: GET /session/909e291bdfe5a7fe27e42a2188bdfad7/screenshot - {}
RESULT: {}
COMMAND: POST /session/909e291bdfe5a7fe27e42a2188bdfad7/execute/async - {"script":"<script> [21 bytes]","args":[{"selector":{"id":"rfm.absui::xRFMxCU_ABSTransactionList--fe::table::allTab::LineItem-innerTable-rows-row0"},"wdio_ui5_key":"rfmabsui::xRFMxCU_ABSTransactionList--fe::table::allTab::LineItem-innerTable-rows-row0"}]}
RESULT: {"script":"<script> [21 bytes]","args":[{"selector":{"id":"rfm.absui::xRFMxCU_ABSTransactionList--fe::table::allTab::LineItem-innerTable-rows-row0"},"wdio_ui5_key":"rfmabsui::xRFMxCU_ABSTransactionList--fe::table::allTab::LineItem-innerTable-rows-row0"}]}
RESULT: undefined
COMMAND: POST /session/909e291bdfe5a7fe27e42a2188bdfad7/element - {"using":"xpath","value":"//*[@id=\"rfm.absui::xRFMxCU_ABSTransactionList--fe::table::allTab::LineItem-innerTable-rows-row0\"]"}
RESULT: {"using":"xpath","value":"//*[@id=\"rfm.absui::xRFMxCU_ABSTransactionList--fe::table::allTab::LineItem-innerTable-rows-row0\"]"}
COMMAND: POST /session/909e291bdfe5a7fe27e42a2188bdfad7/element/f.9331ADAAAA9C6029382C298C937C7F4B.d.BBE32D2E574A08647A1FBAFB7AD0ECF4.e.2058/click - {}
RESULT: {}
COMMAND: POST /session/909e291bdfe5a7fe27e42a2188bdfad7/execute/async - {"script":"<script> [21 bytes]","args":[{"selector":{"controlType":"sap.m.Text","viewName":"sap.fe.templates.ListReport.ListReport","viewId":"rfm.absui::xRFMxCU_ABSTransactionList","bindingPath":{"path":"/xRFMxCU_ABSTransaction('1040')","propertyPath":"TransactionId"}},"wdio_ui5_key":"sapfe.templates.ListReport.ListReportsap.m.Text{\"path\":\"/xRFMxCU_ABSTransaction('1040')\",\"propertyPath\":\"TransactionId\"}"}]}
COMMAND: GET /session/909e291bdfe5a7fe27e42a2188bdfad7/screenshot - {}
RESULT: {"script":"<script> [21 bytes]","args":[{"selector":{"controlType":"sap.m.Text","viewName":"sap.fe.templates.ListReport.ListReport","viewId":"rfm.absui::xRFMxCU_ABSTransactionList","bindingPath":{"path":"/xRFMxCU_ABSTransaction('1040')","propertyPath":"TransactionId"}},"wdio_ui5_key":"sapfe.templates.ListReport.ListReportsap.m.Text{\"path\":\"/xRFMxCU_ABSTransaction('1040')\",\"propertyPath\":\"TransactionId\"}"}]}
RESULT: undefined
COMMAND: POST /session/909e291bdfe5a7fe27e42a2188bdfad7/execute/async - {"script":"<script> [21 bytes]","args":[{"element-6066-11e4-a52e-4f735466cecf":"f.9331ADAAAA9C6029382C298C937C7F4B.d.BBE32D2E574A08647A1FBAFB7AD0ECF4.e.2059"},"getText",[]]}
RESULT: {}
RESULT: {"script":"<script> [21 bytes]","args":[{"element-6066-11e4-a52e-4f735466cecf":"f.9331ADAAAA9C6029382C298C937C7F4B.d.BBE32D2E574A08647A1FBAFB7AD0ECF4.e.2059"},"getText",[]]}
COMMAND: POST /session/909e291bdfe5a7fe27e42a2188bdfad7/execute/async - {"script":"<script> [21 bytes]","args":[{"forceSelect":true,"selector":{"controlType":"sap.ui.core.Icon","viewName":"sap.fe.templates.ListReport.ListReport","viewId":"rfm.absui::xRFMxCU_ABSTransactionList","properties":{"src":{"regex":{"source":"navigation\\-right\\-arrow"}}}},"wdio_ui5_key":"sapfe.templates.ListReport.ListReportsap.ui.core.Icon{\"src\":{\"regex\":{\"source\":\"navigation\\\\-right\\\\-arrow\"}}}"}]}
RESULT: {"script":"<script> [21 bytes]","args":[{"forceSelect":true,"selector":{"controlType":"sap.ui.core.Icon","viewName":"sap.fe.templates.ListReport.ListReport","viewId":"rfm.absui::xRFMxCU_ABSTransactionList","properties":{"src":{"regex":{"source":"navigation\\-right\\-arrow"}}}},"wdio_ui5_key":"sapfe.templates.ListReport.ListReportsap.ui.core.Icon{\"src\":{\"regex\":{\"source\":\"navigation\\\\-right\\\\-arrow\"}}}"}]}
RESULT: undefined
COMMAND: POST /session/909e291bdfe5a7fe27e42a2188bdfad7/element - {"using":"xpath","value":"//*[@id=\"__action23-__clone1918-icon0\"]"}
RESULT: {"using":"xpath","value":"//*[@id=\"__action23-__clone1918-icon0\"]"}
COMMAND: POST /session/909e291bdfe5a7fe27e42a2188bdfad7/element/f.9331ADAAAA9C6029382C298C937C7F4B.d.BBE32D2E574A08647A1FBAFB7AD0ECF4.e.2060/click - {}
RESULT: {}
COMMAND: GET /session/909e291bdfe5a7fe27e42a2188bdfad7/screenshot - {}
]]></system-out>
    </testcase>
    <testcase classname="chrome.138_0_7204_184.windows.ABS" name="Should create offer" time="23.696">
      <system-out><![CDATA[
COMMAND: POST /session/909e291bdfe5a7fe27e42a2188bdfad7/execute/async - {"script":"<script> [21 bytes]","args":[{"selector":{"id":"rfm.absui::xRFMxCU_ABSTransactionObjectPage--fe::DataFieldForAction::com.sap.gateway.srvd.rfm.ui_abstransaction.v0001.CreateOffer::com.sap.gateway.srvd.rfm.ui_abstransaction.v0001.xRFMxCU_ABSTransactionType","interaction":{"idSuffix":"BDI-content"}},"wdio_ui5_key":"rfmabsui::xRFMxCU_ABSTransactionObjectPage--fe::DataFieldForAction::com.sap.gateway.srvd.rfm.ui_abstransaction.v0001.CreateOffer::com.sap.gateway.srvd.rfm.ui_abstransaction.v0001.xRFMxCU_ABSTransactionType"}]}
COMMAND: GET /session/909e291bdfe5a7fe27e42a2188bdfad7/screenshot - {}
RESULT: {"script":"<script> [21 bytes]","args":[{"selector":{"id":"rfm.absui::xRFMxCU_ABSTransactionObjectPage--fe::DataFieldForAction::com.sap.gateway.srvd.rfm.ui_abstransaction.v0001.CreateOffer::com.sap.gateway.srvd.rfm.ui_abstransaction.v0001.xRFMxCU_ABSTransactionType","interaction":{"idSuffix":"BDI-content"}},"wdio_ui5_key":"rfmabsui::xRFMxCU_ABSTransactionObjectPage--fe::DataFieldForAction::com.sap.gateway.srvd.rfm.ui_abstransaction.v0001.CreateOffer::com.sap.gateway.srvd.rfm.ui_abstransaction.v0001.xRFMxCU_ABSTransactionType"}]}
RESULT: undefined
COMMAND: POST /session/909e291bdfe5a7fe27e42a2188bdfad7/element - {"using":"xpath","value":"//*[@id=\"rfm.absui::xRFMxCU_ABSTransactionObjectPage--fe::DataFieldForAction::com.sap.gateway.srvd.rfm.ui_abstransaction.v0001.CreateOffer::com.sap.gateway.srvd.rfm.ui_abstransaction.v0001.xRFMxCU_ABSTransactionType\"]"}
RESULT: {}
RESULT: {}
RESULT: {"using":"xpath","value":"//*[@id=\"rfm.absui::xRFMxCU_ABSTransactionObjectPage--fe::DataFieldForAction::com.sap.gateway.srvd.rfm.ui_abstransaction.v0001.CreateOffer::com.sap.gateway.srvd.rfm.ui_abstransaction.v0001.xRFMxCU_ABSTransactionType\"]"}
COMMAND: POST /session/909e291bdfe5a7fe27e42a2188bdfad7/element/f.9331ADAAAA9C6029382C298C937C7F4B.d.BBE32D2E574A08647A1FBAFB7AD0ECF4.e.2126/click - {}
RESULT: {}
COMMAND: POST /session/909e291bdfe5a7fe27e42a2188bdfad7/execute/async - {"script":"<script> [21 bytes]","args":[{"selector":{"id":"APD_::KeyDate-inner","searchOpenDialogs":true,"interaction":{"idSuffix":"inner"}},"wdio_ui5_key":"APDKeyDate-inner"}]}
COMMAND: GET /session/909e291bdfe5a7fe27e42a2188bdfad7/screenshot - {}
RESULT: {"script":"<script> [21 bytes]","args":[{"selector":{"id":"APD_::KeyDate-inner","searchOpenDialogs":true,"interaction":{"idSuffix":"inner"}},"wdio_ui5_key":"APDKeyDate-inner"}]}
RESULT: undefined
COMMAND: POST /session/909e291bdfe5a7fe27e42a2188bdfad7/execute/async - {"script":"<script> [20 bytes]","args":[{"enterText":"01/01/2025","selector":{"id":"APD_::KeyDate-inner","searchOpenDialogs":true,"interaction":{"idSuffix":"inner"}},"clearTextFirst":true,"interactionType":"ENTER_TEXT"}]}
RESULT: {}
RESULT: {"script":"<script> [20 bytes]","args":[{"enterText":"01/01/2025","selector":{"id":"APD_::KeyDate-inner","searchOpenDialogs":true,"interaction":{"idSuffix":"inner"}},"clearTextFirst":true,"interactionType":"ENTER_TEXT"}]}
COMMAND: POST /session/909e291bdfe5a7fe27e42a2188bdfad7/execute/async - {"script":"<script> [21 bytes]","args":[{"forceSelect":true,"selector":{"id":"fe::APD_::com.sap.gateway.srvd.rfm.ui_abstransaction.v0001.CreateOffer::Action::Ok","searchOpenDialogs":true,"interaction":{"idSuffix":"BDI-content"}},"wdio_ui5_key":"feAPD_::com.sap.gateway.srvd.rfm.ui_abstransaction.v0001.CreateOffer::Action::Ok"}]}
RESULT: {"script":"<script> [21 bytes]","args":[{"forceSelect":true,"selector":{"id":"fe::APD_::com.sap.gateway.srvd.rfm.ui_abstransaction.v0001.CreateOffer::Action::Ok","searchOpenDialogs":true,"interaction":{"idSuffix":"BDI-content"}},"wdio_ui5_key":"feAPD_::com.sap.gateway.srvd.rfm.ui_abstransaction.v0001.CreateOffer::Action::Ok"}]}
RESULT: undefined
COMMAND: POST /session/909e291bdfe5a7fe27e42a2188bdfad7/element - {"using":"xpath","value":"//*[@id=\"fe::APD_::com.sap.gateway.srvd.rfm.ui_abstransaction.v0001.CreateOffer::Action::Ok\"]"}
RESULT: {"using":"xpath","value":"//*[@id=\"fe::APD_::com.sap.gateway.srvd.rfm.ui_abstransaction.v0001.CreateOffer::Action::Ok\"]"}
COMMAND: POST /session/909e291bdfe5a7fe27e42a2188bdfad7/element/f.9331ADAAAA9C6029382C298C937C7F4B.d.BBE32D2E574A08647A1FBAFB7AD0ECF4.e.2134/click - {}
RESULT: {}
COMMAND: POST /session/909e291bdfe5a7fe27e42a2188bdfad7/execute/async - {"script":"<script> [21 bytes]","args":[{"forceSelect":true,"selector":{"controlType":"sap.m.Text","properties":{"text":"Success"},"searchOpenDialogs":true},"wdio_ui5_key":"sapm.Text{\"text\":\"Success\"}"}]}
COMMAND: GET /session/909e291bdfe5a7fe27e42a2188bdfad7/screenshot - {}
RESULT: {"script":"<script> [21 bytes]","args":[{"forceSelect":true,"selector":{"controlType":"sap.m.Text","properties":{"text":"Success"},"searchOpenDialogs":true},"wdio_ui5_key":"sapm.Text{\"text\":\"Success\"}"}]}
RESULT: undefined
COMMAND: POST /session/909e291bdfe5a7fe27e42a2188bdfad7/execute/async - {"script":"<script> [21 bytes]","args":[{"selector":{"id":"__text984"}}]}
RESULT: {}
RESULT: {"script":"<script> [21 bytes]","args":[{"selector":{"id":"__text984"}}]}
COMMAND: POST /session/909e291bdfe5a7fe27e42a2188bdfad7/execute/async - {"script":"<script> [21 bytes]","args":[{"element-6066-11e4-a52e-4f735466cecf":"f.9331ADAAAA9C6029382C298C937C7F4B.d.BBE32D2E574A08647A1FBAFB7AD0ECF4.e.2140"},"getText",[]]}
RESULT: {"script":"<script> [21 bytes]","args":[{"element-6066-11e4-a52e-4f735466cecf":"f.9331ADAAAA9C6029382C298C937C7F4B.d.BBE32D2E574A08647A1FBAFB7AD0ECF4.e.2140"},"getText",[]]}
COMMAND: POST /session/909e291bdfe5a7fe27e42a2188bdfad7/execute/async - {"script":"<script> [21 bytes]","args":[{"forceSelect":true,"selector":{"controlType":"sap.m.Button","properties":{"text":"Close"},"searchOpenDialogs":true,"interaction":{"idSuffix":"content"}},"wdio_ui5_key":"sapm.Button{\"text\":\"Close\"}"}]}
RESULT: {"script":"<script> [21 bytes]","args":[{"forceSelect":true,"selector":{"controlType":"sap.m.Button","properties":{"text":"Close"},"searchOpenDialogs":true,"interaction":{"idSuffix":"content"}},"wdio_ui5_key":"sapm.Button{\"text\":\"Close\"}"}]}
RESULT: undefined
COMMAND: POST /session/909e291bdfe5a7fe27e42a2188bdfad7/element - {"using":"xpath","value":"//*[@id=\"__button337\"]"}
RESULT: {"using":"xpath","value":"//*[@id=\"__button337\"]"}
COMMAND: POST /session/909e291bdfe5a7fe27e42a2188bdfad7/element/f.9331ADAAAA9C6029382C298C937C7F4B.d.BBE32D2E574A08647A1FBAFB7AD0ECF4.e.2138/click - {}
RESULT: {}
COMMAND: GET /session/909e291bdfe5a7fe27e42a2188bdfad7/screenshot - {}
]]></system-out>
    </testcase>
    <testcase classname="chrome.138_0_7204_184.windows.ABS" name="Should check navigation to ABS Asset" time="22.845">
      <system-out><![CDATA[
COMMAND: POST /session/909e291bdfe5a7fe27e42a2188bdfad7/execute/async - {"script":"<script> [21 bytes]","args":[{"forceSelect":true,"selector":{"controlType":"sap.ui.core.Icon","viewName":"sap.fe.templates.ObjectPage.ObjectPage","viewId":"rfm.absui::xRFMxCU_ABSTransactionObjectPage","properties":{"src":{"regex":{"source":"navigation\\-right\\-arrow"}}}},"wdio_ui5_key":"sapfe.templates.ObjectPage.ObjectPagesap.ui.core.Icon{\"src\":{\"regex\":{\"source\":\"navigation\\\\-right\\\\-arrow\"}}}"}]}
COMMAND: GET /session/909e291bdfe5a7fe27e42a2188bdfad7/screenshot - {}
RESULT: {"script":"<script> [21 bytes]","args":[{"forceSelect":true,"selector":{"controlType":"sap.ui.core.Icon","viewName":"sap.fe.templates.ObjectPage.ObjectPage","viewId":"rfm.absui::xRFMxCU_ABSTransactionObjectPage","properties":{"src":{"regex":{"source":"navigation\\-right\\-arrow"}}}},"wdio_ui5_key":"sapfe.templates.ObjectPage.ObjectPagesap.ui.core.Icon{\"src\":{\"regex\":{\"source\":\"navigation\\\\-right\\\\-arrow\"}}}"}]}
RESULT: undefined
COMMAND: POST /session/909e291bdfe5a7fe27e42a2188bdfad7/element - {"using":"xpath","value":"//*[@id=\"__action34-__clone2056-icon0\"]"}
RESULT: {}
RESULT: {}
RESULT: {"using":"xpath","value":"//*[@id=\"__action34-__clone2056-icon0\"]"}
COMMAND: POST /session/909e291bdfe5a7fe27e42a2188bdfad7/element/f.9331ADAAAA9C6029382C298C937C7F4B.d.BBE32D2E574A08647A1FBAFB7AD0ECF4.e.2142/click - {}
RESULT: {}
COMMAND: POST /session/909e291bdfe5a7fe27e42a2188bdfad7/execute/async - {"script":"<script> [21 bytes]","args":[{"selector":{"id":"rfm.absui::xRFMxCU_ABSProcessObjectPage--fe::table::_ABSAsset::LineItem-innerTable-rows-row0"},"wdio_ui5_key":"rfmabsui::xRFMxCU_ABSProcessObjectPage--fe::table::_ABSAsset::LineItem-innerTable-rows-row0"}]}
COMMAND: GET /session/909e291bdfe5a7fe27e42a2188bdfad7/screenshot - {}
RESULT: {"script":"<script> [21 bytes]","args":[{"selector":{"id":"rfm.absui::xRFMxCU_ABSProcessObjectPage--fe::table::_ABSAsset::LineItem-innerTable-rows-row0"},"wdio_ui5_key":"rfmabsui::xRFMxCU_ABSProcessObjectPage--fe::table::_ABSAsset::LineItem-innerTable-rows-row0"}]}
RESULT: undefined
COMMAND: POST /session/909e291bdfe5a7fe27e42a2188bdfad7/element - {"using":"xpath","value":"//*[@id=\"rfm.absui::xRFMxCU_ABSProcessObjectPage--fe::table::_ABSAsset::LineItem-innerTable-rows-row0\"]"}
RESULT: {}
RESULT: {"using":"xpath","value":"//*[@id=\"rfm.absui::xRFMxCU_ABSProcessObjectPage--fe::table::_ABSAsset::LineItem-innerTable-rows-row0\"]"}
COMMAND: POST /session/909e291bdfe5a7fe27e42a2188bdfad7/element/f.9331ADAAAA9C6029382C298C937C7F4B.d.BBE32D2E574A08647A1FBAFB7AD0ECF4.e.2284/click - {}
RESULT: {}
RESULT: undefined
COMMAND: POST /session/909e291bdfe5a7fe27e42a2188bdfad7/execute/async - {"script":"<script> [21 bytes]","args":[{"element-6066-11e4-a52e-4f735466cecf":"f.9331ADAAAA9C6029382C298C937C7F4B.d.BBE32D2E574A08647A1FBAFB7AD0ECF4.e.2284"},"getBindingContext",[]]}
COMMAND: GET /session/909e291bdfe5a7fe27e42a2188bdfad7/screenshot - {}
RESULT: {"script":"<script> [21 bytes]","args":[{"element-6066-11e4-a52e-4f735466cecf":"f.9331ADAAAA9C6029382C298C937C7F4B.d.BBE32D2E574A08647A1FBAFB7AD0ECF4.e.2284"},"getBindingContext",[]]}
COMMAND: POST /session/909e291bdfe5a7fe27e42a2188bdfad7/execute/async - {"script":"<script> [21 bytes]","args":["ce0009ef-9cce-4b2f-ab21-30ab59b450a1","getPath",[]]}
RESULT: {}
RESULT: {"script":"<script> [21 bytes]","args":["ce0009ef-9cce-4b2f-ab21-30ab59b450a1","getPath",[]]}
COMMAND: POST /session/909e291bdfe5a7fe27e42a2188bdfad7/execute/async - {"script":"<script> [21 bytes]","args":[{"selector":{"controlType":"sap.m.Text","viewName":"sap.fe.templates.ObjectPage.ObjectPage","viewId":"rfm.absui::xRFMxCU_ABSProcessObjectPage","bindingPath":{"path":"/xRFMxCU_ABSTransaction('1040')/_ABSProcess(bea012ec-9d16-1fe0-9dfb-5448eddc6a46)/_ABSAsset(ProcessStepId=bea012ec-9d16-1fe0-9dfb-5448eddc6a46,AssetId=bea012ec-9d16-1fe0-9dfa-86b4eaf6ca46)","propertyPath":"AssetIdExtern"}},"wdio_ui5_key":"sapfe.templates.ObjectPage.ObjectPagesap.m.Text{\"path\":\"/xRFMxCU_ABSTransaction('1040')/_ABSProcess(bea012ec-9d16-1fe0-9dfb-5448eddc6a46)/_ABSAsset(ProcessStepId=bea012ec-9d16-1fe0-9dfb-5448eddc6a46,AssetId=bea012ec-9d16-1fe0-9dfa-86b4eaf6ca46)\",\"propertyPath\":\"AssetIdExtern\"}"}]}
RESULT: {"script":"<script> [21 bytes]","args":[{"selector":{"controlType":"sap.m.Text","viewName":"sap.fe.templates.ObjectPage.ObjectPage","viewId":"rfm.absui::xRFMxCU_ABSProcessObjectPage","bindingPath":{"path":"/xRFMxCU_ABSTransaction('1040')/_ABSProcess(bea012ec-9d16-1fe0-9dfb-5448eddc6a46)/_ABSAsset(ProcessStepId=bea012ec-9d16-1fe0-9dfb-5448eddc6a46,AssetId=bea012ec-9d16-1fe0-9dfa-86b4eaf6ca46)","propertyPath":"AssetIdExtern"}},"wdio_ui5_key":"sapfe.templates.ObjectPage.ObjectPagesap.m.Text{\"path\":\"/xRFMxCU_ABSTransaction('1040')/_ABSProcess(bea012ec-9d16-1fe0-9dfb-5448eddc6a46)/_ABSAsset(ProcessStepId=bea012ec-9d16-1fe0-9dfb-5448eddc6a46,AssetId=bea012ec-9d16-1fe0-9dfa-86b4eaf6ca46)\",\"propertyPath\":\"AssetIdExtern\"}"}]}
RESULT: undefined
COMMAND: POST /session/909e291bdfe5a7fe27e42a2188bdfad7/execute/async - {"script":"<script> [21 bytes]","args":[{"element-6066-11e4-a52e-4f735466cecf":"f.9331ADAAAA9C6029382C298C937C7F4B.d.BBE32D2E574A08647A1FBAFB7AD0ECF4.e.2285"},"getText",[]]}
RESULT: {"script":"<script> [21 bytes]","args":[{"element-6066-11e4-a52e-4f735466cecf":"f.9331ADAAAA9C6029382C298C937C7F4B.d.BBE32D2E574A08647A1FBAFB7AD0ECF4.e.2285"},"getText",[]]}
COMMAND: POST /session/909e291bdfe5a7fe27e42a2188bdfad7/execute/async - {"script":"<script> [21 bytes]","args":[{"selector":{"controlType":"sap.ui.core.Icon","viewName":"sap.fe.templates.ObjectPage.ObjectPage","viewId":"rfm.absui::xRFMxCU_ABSProcessObjectPage","properties":{"src":{"regex":{"source":"navigation\\-right\\-arrow"}}},"ancestor":{"id":"rfm.absui::xRFMxCU_ABSProcessObjectPage--fe::table::_ABSAsset::LineItem-innerTable-rows-row0"}},"wdio_ui5_key":"sapfe.templates.ObjectPage.ObjectPagesap.ui.core.Icon{\"src\":{\"regex\":{\"source\":\"navigation\\\\-right\\\\-arrow\"}}}{\"id\":\"rfm.absui::xRFMxCU_ABSProcessObjectPage--fe::table::_ABSAsset::LineItem-innerTable-rows-row0\"}"}]}
RESULT: {"script":"<script> [21 bytes]","args":[{"selector":{"controlType":"sap.ui.core.Icon","viewName":"sap.fe.templates.ObjectPage.ObjectPage","viewId":"rfm.absui::xRFMxCU_ABSProcessObjectPage","properties":{"src":{"regex":{"source":"navigation\\-right\\-arrow"}}},"ancestor":{"id":"rfm.absui::xRFMxCU_ABSProcessObjectPage--fe::table::_ABSAsset::LineItem-innerTable-rows-row0"}},"wdio_ui5_key":"sapfe.templates.ObjectPage.ObjectPagesap.ui.core.Icon{\"src\":{\"regex\":{\"source\":\"navigation\\\\-right\\\\-arrow\"}}}{\"id\":\"rfm.absui::xRFMxCU_ABSProcessObjectPage--fe::table::_ABSAsset::LineItem-innerTable-rows-row0\"}"}]}
RESULT: undefined
COMMAND: POST /session/909e291bdfe5a7fe27e42a2188bdfad7/element - {"using":"xpath","value":"//*[@id=\"__action35-__clone2315-icon0\"]"}
RESULT: {"using":"xpath","value":"//*[@id=\"__action35-__clone2315-icon0\"]"}
COMMAND: POST /session/909e291bdfe5a7fe27e42a2188bdfad7/element/f.9331ADAAAA9C6029382C298C937C7F4B.d.BBE32D2E574A08647A1FBAFB7AD0ECF4.e.2286/click - {}
RESULT: {}
COMMAND: POST /session/909e291bdfe5a7fe27e42a2188bdfad7/execute/async - {"script":"<script> [21 bytes]","args":[{"selector":{"controlType":"sap.m.Title","viewName":"sap.fe.templates.ObjectPage.ObjectPage","viewId":"rfm.assetui::xRFMxCU_AssetObjectPage","bindingPath":{"path":"/xRFMxCU_Asset(AssetId=bea012ec-9d16-1fe0-9dfa-86b4eaf6ca46,IsActiveEntity=true)","propertyPath":"AssetIdExtern"}},"wdio_ui5_key":"sapfe.templates.ObjectPage.ObjectPagesap.m.Title{\"path\":\"/xRFMxCU_Asset(AssetId=bea012ec-9d16-1fe0-9dfa-86b4eaf6ca46,IsActiveEntity=true)\",\"propertyPath\":\"AssetIdExtern\"}"}]}
COMMAND: GET /session/909e291bdfe5a7fe27e42a2188bdfad7/screenshot - {}
RESULT: {"script":"<script> [21 bytes]","args":[{"selector":{"controlType":"sap.m.Title","viewName":"sap.fe.templates.ObjectPage.ObjectPage","viewId":"rfm.assetui::xRFMxCU_AssetObjectPage","bindingPath":{"path":"/xRFMxCU_Asset(AssetId=bea012ec-9d16-1fe0-9dfa-86b4eaf6ca46,IsActiveEntity=true)","propertyPath":"AssetIdExtern"}},"wdio_ui5_key":"sapfe.templates.ObjectPage.ObjectPagesap.m.Title{\"path\":\"/xRFMxCU_Asset(AssetId=bea012ec-9d16-1fe0-9dfa-86b4eaf6ca46,IsActiveEntity=true)\",\"propertyPath\":\"AssetIdExtern\"}"}]}
RESULT: undefined
COMMAND: POST /session/909e291bdfe5a7fe27e42a2188bdfad7/execute/async - {"script":"<script> [21 bytes]","args":[{"element-6066-11e4-a52e-4f735466cecf":"f.9331ADAAAA9C6029382C298C937C7F4B.d.BBE32D2E574A08647A1FBAFB7AD0ECF4.e.2492"},"getText",[]]}
RESULT: {}
RESULT: {"script":"<script> [21 bytes]","args":[{"element-6066-11e4-a52e-4f735466cecf":"f.9331ADAAAA9C6029382C298C937C7F4B.d.BBE32D2E574A08647A1FBAFB7AD0ECF4.e.2492"},"getText",[]]}
RESULT: undefined
COMMAND: POST /session/909e291bdfe5a7fe27e42a2188bdfad7/element - {"using":"xpath","value":"//*[@id=\"backBtn\"]"}
RESULT: {"using":"xpath","value":"//*[@id=\"backBtn\"]"}
COMMAND: POST /session/909e291bdfe5a7fe27e42a2188bdfad7/element/f.9331ADAAAA9C6029382C298C937C7F4B.d.BBE32D2E574A08647A1FBAFB7AD0ECF4.e.2493/click - {}
RESULT: {}
COMMAND: GET /session/909e291bdfe5a7fe27e42a2188bdfad7/screenshot - {}
]]></system-out>
    </testcase>
    <testcase classname="chrome.138_0_7204_184.windows.ABS" name="Should cancel last offer" time="19.845">
      <system-out><![CDATA[
COMMAND: POST /session/909e291bdfe5a7fe27e42a2188bdfad7/execute/async - {"script":"<script> [21 bytes]","args":[{"selector":{"id":"rfm.absui::xRFMxCU_ABSProcessObjectPage--fe::FCLStandardAction::Close-img"},"wdio_ui5_key":"rfmabsui::xRFMxCU_ABSProcessObjectPage--fe::FCLStandardAction::Close-img"}]}
COMMAND: GET /session/909e291bdfe5a7fe27e42a2188bdfad7/screenshot - {}
RESULT: {"script":"<script> [21 bytes]","args":[{"selector":{"id":"rfm.absui::xRFMxCU_ABSProcessObjectPage--fe::FCLStandardAction::Close-img"},"wdio_ui5_key":"rfmabsui::xRFMxCU_ABSProcessObjectPage--fe::FCLStandardAction::Close-img"}]}
RESULT: undefined
COMMAND: POST /session/909e291bdfe5a7fe27e42a2188bdfad7/element - {"using":"xpath","value":"//*[@id=\"rfm.absui::xRFMxCU_ABSProcessObjectPage--fe::FCLStandardAction::Close-img\"]"}
RESULT: {}
RESULT: {}
RESULT: {"using":"xpath","value":"//*[@id=\"rfm.absui::xRFMxCU_ABSProcessObjectPage--fe::FCLStandardAction::Close-img\"]"}
COMMAND: POST /session/909e291bdfe5a7fe27e42a2188bdfad7/element/f.9331ADAAAA9C6029382C298C937C7F4B.d.BBE32D2E574A08647A1FBAFB7AD0ECF4.e.2626/click - {}
RESULT: {}
COMMAND: POST /session/909e291bdfe5a7fe27e42a2188bdfad7/execute/async - {"script":"<script> [21 bytes]","args":[{"selector":{"id":"rfm.absui::xRFMxCU_ABSTransactionObjectPage--fe::DataFieldForAction::com.sap.gateway.srvd.rfm.ui_abstransaction.v0001.CancelLastOffer::com.sap.gateway.srvd.rfm.ui_abstransaction.v0001.xRFMxCU_ABSTransactionType","interaction":{"idSuffix":"BDI-content"}},"wdio_ui5_key":"rfmabsui::xRFMxCU_ABSTransactionObjectPage--fe::DataFieldForAction::com.sap.gateway.srvd.rfm.ui_abstransaction.v0001.CancelLastOffer::com.sap.gateway.srvd.rfm.ui_abstransaction.v0001.xRFMxCU_ABSTransactionType"}]}
COMMAND: GET /session/909e291bdfe5a7fe27e42a2188bdfad7/screenshot - {}
RESULT: {"script":"<script> [21 bytes]","args":[{"selector":{"id":"rfm.absui::xRFMxCU_ABSTransactionObjectPage--fe::DataFieldForAction::com.sap.gateway.srvd.rfm.ui_abstransaction.v0001.CancelLastOffer::com.sap.gateway.srvd.rfm.ui_abstransaction.v0001.xRFMxCU_ABSTransactionType","interaction":{"idSuffix":"BDI-content"}},"wdio_ui5_key":"rfmabsui::xRFMxCU_ABSTransactionObjectPage--fe::DataFieldForAction::com.sap.gateway.srvd.rfm.ui_abstransaction.v0001.CancelLastOffer::com.sap.gateway.srvd.rfm.ui_abstransaction.v0001.xRFMxCU_ABSTransactionType"}]}
RESULT: undefined
COMMAND: POST /session/909e291bdfe5a7fe27e42a2188bdfad7/element - {"using":"xpath","value":"//*[@id=\"rfm.absui::xRFMxCU_ABSTransactionObjectPage--fe::DataFieldForAction::com.sap.gateway.srvd.rfm.ui_abstransaction.v0001.CancelLastOffer::com.sap.gateway.srvd.rfm.ui_abstransaction.v0001.xRFMxCU_ABSTransactionType\"]"}
RESULT: {}
RESULT: {"using":"xpath","value":"//*[@id=\"rfm.absui::xRFMxCU_ABSTransactionObjectPage--fe::DataFieldForAction::com.sap.gateway.srvd.rfm.ui_abstransaction.v0001.CancelLastOffer::com.sap.gateway.srvd.rfm.ui_abstransaction.v0001.xRFMxCU_ABSTransactionType\"]"}
COMMAND: POST /session/909e291bdfe5a7fe27e42a2188bdfad7/element/f.9331ADAAAA9C6029382C298C937C7F4B.d.BBE32D2E574A08647A1FBAFB7AD0ECF4.e.2561/click - {}
RESULT: {}
COMMAND: POST /session/909e291bdfe5a7fe27e42a2188bdfad7/execute/async - {"script":"<script> [21 bytes]","args":[{"forceSelect":true,"selector":{"controlType":"sap.m.Button","properties":{"text":"OK"},"searchOpenDialogs":true,"interaction":{"idSuffix":"inner"}},"wdio_ui5_key":"sapm.Button{\"text\":\"OK\"}"}]}
COMMAND: GET /session/909e291bdfe5a7fe27e42a2188bdfad7/screenshot - {}
RESULT: {"script":"<script> [21 bytes]","args":[{"forceSelect":true,"selector":{"controlType":"sap.m.Button","properties":{"text":"OK"},"searchOpenDialogs":true,"interaction":{"idSuffix":"inner"}},"wdio_ui5_key":"sapm.Button{\"text\":\"OK\"}"}]}
RESULT: undefined
COMMAND: POST /session/909e291bdfe5a7fe27e42a2188bdfad7/element - {"using":"xpath","value":"//*[@id=\"__mbox-btn-2\"]"}
RESULT: {}
RESULT: {"using":"xpath","value":"//*[@id=\"__mbox-btn-2\"]"}
COMMAND: POST /session/909e291bdfe5a7fe27e42a2188bdfad7/element/f.9331ADAAAA9C6029382C298C937C7F4B.d.BBE32D2E574A08647A1FBAFB7AD0ECF4.e.2775/click - {}
RESULT: {}
COMMAND: GET /session/909e291bdfe5a7fe27e42a2188bdfad7/screenshot - {}
RESULT: {}
COMMAND: POST /session/909e291bdfe5a7fe27e42a2188bdfad7/execute/async - {"script":"<script> [21 bytes]","args":[{"forceSelect":true,"selector":{"controlType":"sap.m.Text","properties":{"text":"Success"},"searchOpenDialogs":true},"wdio_ui5_key":"sapm.Text{\"text\":\"Success\"}"}]}
RESULT: {"script":"<script> [21 bytes]","args":[{"forceSelect":true,"selector":{"controlType":"sap.m.Text","properties":{"text":"Success"},"searchOpenDialogs":true},"wdio_ui5_key":"sapm.Text{\"text\":\"Success\"}"}]}
RESULT: undefined
COMMAND: POST /session/909e291bdfe5a7fe27e42a2188bdfad7/execute/async - {"script":"<script> [21 bytes]","args":[{"selector":{"id":"__text1282"}}]}
RESULT: {"script":"<script> [21 bytes]","args":[{"selector":{"id":"__text1282"}}]}
COMMAND: POST /session/909e291bdfe5a7fe27e42a2188bdfad7/execute/async - {"script":"<script> [21 bytes]","args":[{"element-6066-11e4-a52e-4f735466cecf":"f.9331ADAAAA9C6029382C298C937C7F4B.d.BBE32D2E574A08647A1FBAFB7AD0ECF4.e.2780"},"getText",[]]}
RESULT: {"script":"<script> [21 bytes]","args":[{"element-6066-11e4-a52e-4f735466cecf":"f.9331ADAAAA9C6029382C298C937C7F4B.d.BBE32D2E574A08647A1FBAFB7AD0ECF4.e.2780"},"getText",[]]}
COMMAND: POST /session/909e291bdfe5a7fe27e42a2188bdfad7/execute/async - {"script":"<script> [21 bytes]","args":[{"forceSelect":true,"selector":{"controlType":"sap.m.Button","properties":{"text":"Close"},"searchOpenDialogs":true,"interaction":{"idSuffix":"BDI-content"}},"wdio_ui5_key":"sapm.Button{\"text\":\"Close\"}"}]}
RESULT: {"script":"<script> [21 bytes]","args":[{"forceSelect":true,"selector":{"controlType":"sap.m.Button","properties":{"text":"Close"},"searchOpenDialogs":true,"interaction":{"idSuffix":"BDI-content"}},"wdio_ui5_key":"sapm.Button{\"text\":\"Close\"}"}]}
RESULT: undefined
COMMAND: POST /session/909e291bdfe5a7fe27e42a2188bdfad7/element - {"using":"xpath","value":"//*[@id=\"__button424\"]"}
RESULT: {"using":"xpath","value":"//*[@id=\"__button424\"]"}
COMMAND: POST /session/909e291bdfe5a7fe27e42a2188bdfad7/element/f.9331ADAAAA9C6029382C298C937C7F4B.d.BBE32D2E574A08647A1FBAFB7AD0ECF4.e.2779/click - {}
RESULT: {}
COMMAND: POST /session/909e291bdfe5a7fe27e42a2188bdfad7/execute/async - {"script":"<script> [21 bytes]","args":[{"selector":{"controlType":"sap.m.Title","viewName":"sap.fe.templates.ObjectPage.ObjectPage","viewId":"rfm.absui::xRFMxCU_ABSTransactionObjectPage","properties":{"text":"No items available"}},"wdio_ui5_key":"sapfe.templates.ObjectPage.ObjectPagesap.m.Title{\"text\":\"No items available\"}"}]}
COMMAND: GET /session/909e291bdfe5a7fe27e42a2188bdfad7/screenshot - {}
RESULT: {"script":"<script> [21 bytes]","args":[{"selector":{"controlType":"sap.m.Title","viewName":"sap.fe.templates.ObjectPage.ObjectPage","viewId":"rfm.absui::xRFMxCU_ABSTransactionObjectPage","properties":{"text":"No items available"}},"wdio_ui5_key":"sapfe.templates.ObjectPage.ObjectPagesap.m.Title{\"text\":\"No items available\"}"}]}
RESULT: undefined
COMMAND: POST /session/909e291bdfe5a7fe27e42a2188bdfad7/execute/async - {"script":"<script> [21 bytes]","args":[{"element-6066-11e4-a52e-4f735466cecf":"f.9331ADAAAA9C6029382C298C937C7F4B.d.BBE32D2E574A08647A1FBAFB7AD0ECF4.e.2783"},"getText",[]]}
RESULT: {}
RESULT: {"script":"<script> [21 bytes]","args":[{"element-6066-11e4-a52e-4f735466cecf":"f.9331ADAAAA9C6029382C298C937C7F4B.d.BBE32D2E574A08647A1FBAFB7AD0ECF4.e.2783"},"getText",[]]}
COMMAND: GET /session/909e291bdfe5a7fe27e42a2188bdfad7/screenshot - {}
COMMAND: DELETE /session/909e291bdfe5a7fe27e42a2188bdfad7 - {}
RESULT: {}
RESULT: {}
]]></system-out>
    </testcase>
  </testsuite>
</testsuites>