<?xml version="1.0" encoding="UTF-8"?>
<testsuites tests="6" failures="0" errors="0" skipped="0">
  <testsuite timestamp="2025-08-09T22:33:23" time="348.746" tests="6" failures="0" errors="0" skipped="0">
    <properties>
      <property name="specId" value="0"/>
      <property name="suiteName" value="Funding Transaction"/>
      <property name="capabilities" value="chrome.138_0_7204_184.windows"/>
      <property name="file" value="file:///D:/a/1/s/test/specs/BusinessObjects/FundingTransaction.spec.js"/>
    </properties>
    <testcase classname="chrome.138_0_7204_184.windows.Funding_Transaction" name="SETUP" time="122.685">
      <system-out><![CDATA[
COMMAND: POST /session/ae7958d9995f6607d2f30fb3cc4a3723/execute/async - {"script":"<script> [21 bytes]","args":[{"selector":{"controlType":"sap.m.GenericTile","properties":{"header":"Funding Program"}},"wdio_ui5_key":"sapm.GenericTile{\"header\":\"Funding Program\"}"}]}
RESULT: {"script":"<script> [21 bytes]","args":[{"selector":{"controlType":"sap.m.GenericTile","properties":{"header":"Funding Program"}},"wdio_ui5_key":"sapm.GenericTile{\"header\":\"Funding Program\"}"}]}
RESULT: undefined
COMMAND: POST /session/ae7958d9995f6607d2f30fb3cc4a3723/element - {"using":"xpath","value":"//*[@id=\"__tile29\"]"}
RESULT: {"using":"xpath","value":"//*[@id=\"__tile29\"]"}
COMMAND: POST /session/ae7958d9995f6607d2f30fb3cc4a3723/element/f.BDCA01536AC88C0F2E513AA87DC22218.d.25444CF401B770DA92A40CFE7F980DB9.e.79/click - {}
RESULT: {}
COMMAND: POST /session/ae7958d9995f6607d2f30fb3cc4a3723/execute/async - {"script":"<script> [21 bytes]","args":[{"selector":{"id":"rfm.programui::xRFMxCU_ProgramList--fe::table::allTab::LineItem::StandardAction::Create","controlType":"sap.m.Button"},"wdio_ui5_key":"rfmprogramui::xRFMxCU_ProgramList--fe::table::allTab::LineItem::StandardAction::Createsap.m.Button"}]}
COMMAND: GET /session/ae7958d9995f6607d2f30fb3cc4a3723/screenshot - {}
RESULT: {"script":"<script> [21 bytes]","args":[{"selector":{"id":"rfm.programui::xRFMxCU_ProgramList--fe::table::allTab::LineItem::StandardAction::Create","controlType":"sap.m.Button"},"wdio_ui5_key":"rfmprogramui::xRFMxCU_ProgramList--fe::table::allTab::LineItem::StandardAction::Createsap.m.Button"}]}
RESULT: undefined
COMMAND: POST /session/ae7958d9995f6607d2f30fb3cc4a3723/element - {"using":"xpath","value":"//*[@id=\"rfm.programui::xRFMxCU_ProgramList--fe::table::allTab::LineItem::StandardAction::Create\"]"}
RESULT: {}
RESULT: {"using":"xpath","value":"//*[@id=\"rfm.programui::xRFMxCU_ProgramList--fe::table::allTab::LineItem::StandardAction::Create\"]"}
COMMAND: POST /session/ae7958d9995f6607d2f30fb3cc4a3723/element/f.BDCA01536AC88C0F2E513AA87DC22218.d.25444CF401B770DA92A40CFE7F980DB9.e.144/click - {}
RESULT: {}
COMMAND: POST /session/ae7958d9995f6607d2f30fb3cc4a3723/execute/async - {"script":"<script> [21 bytes]","args":[{"selector":{"id":"CreateDialog::xRFMxCU_ProgramType::FundingScope-inner","searchOpenDialogs":true,"interaction":{"idSuffix":"inner"}},"wdio_ui5_key":"CreateDialogxRFMxCU_ProgramType::FundingScope-inner"}]}
COMMAND: GET /session/ae7958d9995f6607d2f30fb3cc4a3723/screenshot - {}
RESULT: {}
RESULT: {"script":"<script> [21 bytes]","args":[{"selector":{"id":"CreateDialog::xRFMxCU_ProgramType::FundingScope-inner","searchOpenDialogs":true,"interaction":{"idSuffix":"inner"}},"wdio_ui5_key":"CreateDialogxRFMxCU_ProgramType::FundingScope-inner"}]}
RESULT: undefined
COMMAND: POST /session/ae7958d9995f6607d2f30fb3cc4a3723/execute/async - {"script":"<script> [20 bytes]","args":[{"enterText":"Total","selector":{"id":"CreateDialog::xRFMxCU_ProgramType::FundingScope-inner","searchOpenDialogs":true,"interaction":{"idSuffix":"inner"}},"clearTextFirst":true,"interactionType":"ENTER_TEXT"}]}
RESULT: {"script":"<script> [20 bytes]","args":[{"enterText":"Total","selector":{"id":"CreateDialog::xRFMxCU_ProgramType::FundingScope-inner","searchOpenDialogs":true,"interaction":{"idSuffix":"inner"}},"clearTextFirst":true,"interactionType":"ENTER_TEXT"}]}
COMMAND: POST /session/ae7958d9995f6607d2f30fb3cc4a3723/execute/async - {"script":"<script> [21 bytes]","args":[{"selector":{"id":"CreateDialog::xRFMxCU_ProgramType::ValidFrom-inner","searchOpenDialogs":true,"interaction":{"idSuffix":"inner"}},"wdio_ui5_key":"CreateDialogxRFMxCU_ProgramType::ValidFrom-inner"}]}
RESULT: {"script":"<script> [21 bytes]","args":[{"selector":{"id":"CreateDialog::xRFMxCU_ProgramType::ValidFrom-inner","searchOpenDialogs":true,"interaction":{"idSuffix":"inner"}},"wdio_ui5_key":"CreateDialogxRFMxCU_ProgramType::ValidFrom-inner"}]}
RESULT: undefined
COMMAND: POST /session/ae7958d9995f6607d2f30fb3cc4a3723/execute/async - {"script":"<script> [21 bytes]","args":[{"element-6066-11e4-a52e-4f735466cecf":"f.BDCA01536AC88C0F2E513AA87DC22218.d.25444CF401B770DA92A40CFE7F980DB9.e.296"},"setValue",["2025-02-28"]]}
RESULT: {"script":"<script> [21 bytes]","args":[{"element-6066-11e4-a52e-4f735466cecf":"f.BDCA01536AC88C0F2E513AA87DC22218.d.25444CF401B770DA92A40CFE7F980DB9.e.296"},"setValue",["2025-02-28"]]}
COMMAND: POST /session/ae7958d9995f6607d2f30fb3cc4a3723/execute/async - {"script":"<script> [21 bytes]","args":[{"selector":{"id":"CreateDialog::xRFMxCU_ProgramType::PortfolioId-inner","searchOpenDialogs":true,"interaction":{"idSuffix":"inner"}},"wdio_ui5_key":"CreateDialogxRFMxCU_ProgramType::PortfolioId-inner"}]}
RESULT: {"script":"<script> [21 bytes]","args":[{"selector":{"id":"CreateDialog::xRFMxCU_ProgramType::PortfolioId-inner","searchOpenDialogs":true,"interaction":{"idSuffix":"inner"}},"wdio_ui5_key":"CreateDialogxRFMxCU_ProgramType::PortfolioId-inner"}]}
RESULT: undefined
COMMAND: POST /session/ae7958d9995f6607d2f30fb3cc4a3723/execute/async - {"script":"<script> [20 bytes]","args":[{"enterText":"2","selector":{"id":"CreateDialog::xRFMxCU_ProgramType::PortfolioId-inner","searchOpenDialogs":true,"interaction":{"idSuffix":"inner"}},"clearTextFirst":true,"interactionType":"ENTER_TEXT"}]}
RESULT: {"script":"<script> [20 bytes]","args":[{"enterText":"2","selector":{"id":"CreateDialog::xRFMxCU_ProgramType::PortfolioId-inner","searchOpenDialogs":true,"interaction":{"idSuffix":"inner"}},"clearTextFirst":true,"interactionType":"ENTER_TEXT"}]}
COMMAND: POST /session/ae7958d9995f6607d2f30fb3cc4a3723/execute/async - {"script":"<script> [21 bytes]","args":[{"forceSelect":true,"selector":{"controlType":"sap.m.Button","viewName":"sap.fe.templates.ObjectPage.ObjectPage","viewId":"rfm.programui::xRFMxCU_ProgramObjectPage","properties":{"text":"Continue"},"searchOpenDialogs":true,"interaction":{"idSuffix":"BDI-content"}},"wdio_ui5_key":"sapfe.templates.ObjectPage.ObjectPagesap.m.Button{\"text\":\"Continue\"}"}]}
RESULT: {"script":"<script> [21 bytes]","args":[{"forceSelect":true,"selector":{"controlType":"sap.m.Button","viewName":"sap.fe.templates.ObjectPage.ObjectPage","viewId":"rfm.programui::xRFMxCU_ProgramObjectPage","properties":{"text":"Continue"},"searchOpenDialogs":true,"interaction":{"idSuffix":"BDI-content"}},"wdio_ui5_key":"sapfe.templates.ObjectPage.ObjectPagesap.m.Button{\"text\":\"Continue\"}"}]}
RESULT: undefined
COMMAND: POST /session/ae7958d9995f6607d2f30fb3cc4a3723/element - {"using":"xpath","value":"//*[@id=\"__button187\"]"}
RESULT: {"using":"xpath","value":"//*[@id=\"__button187\"]"}
COMMAND: POST /session/ae7958d9995f6607d2f30fb3cc4a3723/element/f.BDCA01536AC88C0F2E513AA87DC22218.d.25444CF401B770DA92A40CFE7F980DB9.e.306/click - {}
RESULT: {}
COMMAND: POST /session/ae7958d9995f6607d2f30fb3cc4a3723/execute/async - {"script":"<script> [21 bytes]","args":[{"selector":{"id":"rfm.programui::xRFMxCU_ProgramObjectPage--fe::CustomSubSection::CustomDetailsSection--fe::FormContainer::FieldGroup::basicData1::FormElement::DataField::Currency::Field-edit-inner","interaction":{"idSuffix":"inner"}},"wdio_ui5_key":"rfmprogramui::xRFMxCU_ProgramObjectPage--fe::CustomSubSection::CustomDetailsSection--fe::FormContainer::FieldGroup::basicData1::FormElement::DataField::Currency::Field-edit-inner"}]}
COMMAND: GET /session/ae7958d9995f6607d2f30fb3cc4a3723/screenshot - {}
RESULT: {"script":"<script> [21 bytes]","args":[{"selector":{"id":"rfm.programui::xRFMxCU_ProgramObjectPage--fe::CustomSubSection::CustomDetailsSection--fe::FormContainer::FieldGroup::basicData1::FormElement::DataField::Currency::Field-edit-inner","interaction":{"idSuffix":"inner"}},"wdio_ui5_key":"rfmprogramui::xRFMxCU_ProgramObjectPage--fe::CustomSubSection::CustomDetailsSection--fe::FormContainer::FieldGroup::basicData1::FormElement::DataField::Currency::Field-edit-inner"}]}
RESULT: undefined
COMMAND: POST /session/ae7958d9995f6607d2f30fb3cc4a3723/execute/async - {"script":"<script> [20 bytes]","args":[{"enterText":"EUR","selector":{"id":"rfm.programui::xRFMxCU_ProgramObjectPage--fe::CustomSubSection::CustomDetailsSection--fe::FormContainer::FieldGroup::basicData1::FormElement::DataField::Currency::Field-edit-inner","interaction":{"idSuffix":"inner"}},"clearTextFirst":true,"interactionType":"ENTER_TEXT"}]}
RESULT: {}
RESULT: {"script":"<script> [20 bytes]","args":[{"enterText":"EUR","selector":{"id":"rfm.programui::xRFMxCU_ProgramObjectPage--fe::CustomSubSection::CustomDetailsSection--fe::FormContainer::FieldGroup::basicData1::FormElement::DataField::Currency::Field-edit-inner","interaction":{"idSuffix":"inner"}},"clearTextFirst":true,"interactionType":"ENTER_TEXT"}]}
COMMAND: POST /session/ae7958d9995f6607d2f30fb3cc4a3723/execute/async - {"script":"<script> [21 bytes]","args":[{"selector":{"id":"rfm.programui::xRFMxCU_ProgramObjectPage--fe::CustomSubSection::CustomDetailsSection--fe::FormContainer::FieldGroup::basicData1::FormElement::DataField::ValidTo::Field-edit","interaction":{"idSuffix":"inner"}},"wdio_ui5_key":"rfmprogramui::xRFMxCU_ProgramObjectPage--fe::CustomSubSection::CustomDetailsSection--fe::FormContainer::FieldGroup::basicData1::FormElement::DataField::ValidTo::Field-edit"}]}
RESULT: {"script":"<script> [21 bytes]","args":[{"selector":{"id":"rfm.programui::xRFMxCU_ProgramObjectPage--fe::CustomSubSection::CustomDetailsSection--fe::FormContainer::FieldGroup::basicData1::FormElement::DataField::ValidTo::Field-edit","interaction":{"idSuffix":"inner"}},"wdio_ui5_key":"rfmprogramui::xRFMxCU_ProgramObjectPage--fe::CustomSubSection::CustomDetailsSection--fe::FormContainer::FieldGroup::basicData1::FormElement::DataField::ValidTo::Field-edit"}]}
RESULT: undefined
COMMAND: POST /session/ae7958d9995f6607d2f30fb3cc4a3723/execute/async - {"script":"<script> [21 bytes]","args":[{"element-6066-11e4-a52e-4f735466cecf":"f.BDCA01536AC88C0F2E513AA87DC22218.d.25444CF401B770DA92A40CFE7F980DB9.e.351"},"setValue",["2027-12-31"]]}
RESULT: {"script":"<script> [21 bytes]","args":[{"element-6066-11e4-a52e-4f735466cecf":"f.BDCA01536AC88C0F2E513AA87DC22218.d.25444CF401B770DA92A40CFE7F980DB9.e.351"},"setValue",["2027-12-31"]]}
COMMAND: POST /session/ae7958d9995f6607d2f30fb3cc4a3723/execute/async - {"script":"<script> [21 bytes]","args":[{"selector":{"id":"rfm.programui::xRFMxCU_ProgramObjectPage--fe::CustomSubSection::CustomDetailsSection--fe::FormContainer::FieldGroup::basicData2::FormElement::DataField::CompanyCode::Field-edit-inner-vhi"},"wdio_ui5_key":"rfmprogramui::xRFMxCU_ProgramObjectPage--fe::CustomSubSection::CustomDetailsSection--fe::FormContainer::FieldGroup::basicData2::FormElement::DataField::CompanyCode::Field-edit-inner-vhi"}]}
RESULT: {"script":"<script> [21 bytes]","args":[{"selector":{"id":"rfm.programui::xRFMxCU_ProgramObjectPage--fe::CustomSubSection::CustomDetailsSection--fe::FormContainer::FieldGroup::basicData2::FormElement::DataField::CompanyCode::Field-edit-inner-vhi"},"wdio_ui5_key":"rfmprogramui::xRFMxCU_ProgramObjectPage--fe::CustomSubSection::CustomDetailsSection--fe::FormContainer::FieldGroup::basicData2::FormElement::DataField::CompanyCode::Field-edit-inner-vhi"}]}
RESULT: undefined
COMMAND: POST /session/ae7958d9995f6607d2f30fb3cc4a3723/element - {"using":"xpath","value":"//*[@id=\"rfm.programui::xRFMxCU_ProgramObjectPage--fe::CustomSubSection::CustomDetailsSection--fe::FormContainer::FieldGroup::basicData2::FormElement::DataField::CompanyCode::Field-edit-inner-vhi\"]"}
RESULT: {"using":"xpath","value":"//*[@id=\"rfm.programui::xRFMxCU_ProgramObjectPage--fe::CustomSubSection::CustomDetailsSection--fe::FormContainer::FieldGroup::basicData2::FormElement::DataField::CompanyCode::Field-edit-inner-vhi\"]"}
COMMAND: POST /session/ae7958d9995f6607d2f30fb3cc4a3723/element/f.BDCA01536AC88C0F2E513AA87DC22218.d.25444CF401B770DA92A40CFE7F980DB9.e.358/click - {}
RESULT: {}
RESULT: undefined
COMMAND: POST /session/ae7958d9995f6607d2f30fb3cc4a3723/element - {"using":"xpath","value":"//*[@id=\"rfm.programui::xRFMxCU_ProgramObjectPage--fe::CustomSubSection::CustomDetailsSection--fe::FormContainer::FieldGroup::basicData2::FormElement::DataField::CompanyCode::Field-edit-inner-vhi\"]"}
COMMAND: GET /session/ae7958d9995f6607d2f30fb3cc4a3723/screenshot - {}
RESULT: {"using":"xpath","value":"//*[@id=\"rfm.programui::xRFMxCU_ProgramObjectPage--fe::CustomSubSection::CustomDetailsSection--fe::FormContainer::FieldGroup::basicData2::FormElement::DataField::CompanyCode::Field-edit-inner-vhi\"]"}
COMMAND: POST /session/ae7958d9995f6607d2f30fb3cc4a3723/element/f.BDCA01536AC88C0F2E513AA87DC22218.d.25444CF401B770DA92A40CFE7F980DB9.e.358/click - {}
RESULT: {}
RESULT: {}
COMMAND: POST /session/ae7958d9995f6607d2f30fb3cc4a3723/execute/async - {"script":"<script> [21 bytes]","args":[{"selector":{"id":"rfm.programui::xRFMxCU_ProgramObjectPage--fe::CustomSubSection::CustomDetailsSection--DetailsFundingTypesTable-content::StandardAction::Create","interaction":{"idSuffix":"BDI-content"}},"wdio_ui5_key":"rfmprogramui::xRFMxCU_ProgramObjectPage--fe::CustomSubSection::CustomDetailsSection--DetailsFundingTypesTable-content::StandardAction::Create"}]}
COMMAND: GET /session/ae7958d9995f6607d2f30fb3cc4a3723/screenshot - {}
RESULT: {"script":"<script> [21 bytes]","args":[{"selector":{"id":"rfm.programui::xRFMxCU_ProgramObjectPage--fe::CustomSubSection::CustomDetailsSection--DetailsFundingTypesTable-content::StandardAction::Create","interaction":{"idSuffix":"BDI-content"}},"wdio_ui5_key":"rfmprogramui::xRFMxCU_ProgramObjectPage--fe::CustomSubSection::CustomDetailsSection--DetailsFundingTypesTable-content::StandardAction::Create"}]}
RESULT: undefined
COMMAND: POST /session/ae7958d9995f6607d2f30fb3cc4a3723/element - {"using":"xpath","value":"//*[@id=\"rfm.programui::xRFMxCU_ProgramObjectPage--fe::CustomSubSection::CustomDetailsSection--DetailsFundingTypesTable-content::StandardAction::Create\"]"}
RESULT: {}
RESULT: {"using":"xpath","value":"//*[@id=\"rfm.programui::xRFMxCU_ProgramObjectPage--fe::CustomSubSection::CustomDetailsSection--DetailsFundingTypesTable-content::StandardAction::Create\"]"}
COMMAND: POST /session/ae7958d9995f6607d2f30fb3cc4a3723/element/f.BDCA01536AC88C0F2E513AA87DC22218.d.25444CF401B770DA92A40CFE7F980DB9.e.360/click - {}
RESULT: {}
COMMAND: POST /session/ae7958d9995f6607d2f30fb3cc4a3723/execute/async - {"script":"<script> [21 bytes]","args":[{"selector":{"id":"CreateDialog::xRFMxCU_ProgramFundingTypeType::FundingType-inner-vhi","searchOpenDialogs":true},"wdio_ui5_key":"CreateDialogxRFMxCU_ProgramFundingTypeType::FundingType-inner-vhi"}]}
COMMAND: GET /session/ae7958d9995f6607d2f30fb3cc4a3723/screenshot - {}
RESULT: {"script":"<script> [21 bytes]","args":[{"selector":{"id":"CreateDialog::xRFMxCU_ProgramFundingTypeType::FundingType-inner-vhi","searchOpenDialogs":true},"wdio_ui5_key":"CreateDialogxRFMxCU_ProgramFundingTypeType::FundingType-inner-vhi"}]}
RESULT: undefined
COMMAND: POST /session/ae7958d9995f6607d2f30fb3cc4a3723/execute/async - {"script":"<script> [21 bytes]","args":[{"selector":{"id":"CreateDialog::xRFMxCU_ProgramFundingTypeType::FundingType-inner","searchOpenDialogs":true,"interaction":{"idSuffix":"inner"}},"wdio_ui5_key":"CreateDialogxRFMxCU_ProgramFundingTypeType::FundingType-inner"}]}
RESULT: {}
RESULT: {"script":"<script> [21 bytes]","args":[{"selector":{"id":"CreateDialog::xRFMxCU_ProgramFundingTypeType::FundingType-inner","searchOpenDialogs":true,"interaction":{"idSuffix":"inner"}},"wdio_ui5_key":"CreateDialogxRFMxCU_ProgramFundingTypeType::FundingType-inner"}]}
RESULT: undefined
COMMAND: POST /session/ae7958d9995f6607d2f30fb3cc4a3723/execute/async - {"script":"<script> [20 bytes]","args":[{"enterText":"10","selector":{"id":"CreateDialog::xRFMxCU_ProgramFundingTypeType::FundingType-inner","searchOpenDialogs":true,"interaction":{"idSuffix":"inner"}},"clearTextFirst":true,"interactionType":"ENTER_TEXT"}]}
RESULT: {"script":"<script> [20 bytes]","args":[{"enterText":"10","selector":{"id":"CreateDialog::xRFMxCU_ProgramFundingTypeType::FundingType-inner","searchOpenDialogs":true,"interaction":{"idSuffix":"inner"}},"clearTextFirst":true,"interactionType":"ENTER_TEXT"}]}
COMMAND: POST /session/ae7958d9995f6607d2f30fb3cc4a3723/execute/async - {"script":"<script> [21 bytes]","args":[{"selector":{"id":"CreateDialog::xRFMxCU_Program::_AllowedFundingType-footer","searchOpenDialogs":true},"wdio_ui5_key":"CreateDialogxRFMxCU_Program::_AllowedFundingType-footer"}]}
RESULT: {"script":"<script> [21 bytes]","args":[{"selector":{"id":"CreateDialog::xRFMxCU_Program::_AllowedFundingType-footer","searchOpenDialogs":true},"wdio_ui5_key":"CreateDialogxRFMxCU_Program::_AllowedFundingType-footer"}]}
RESULT: undefined
COMMAND: POST /session/ae7958d9995f6607d2f30fb3cc4a3723/element - {"using":"xpath","value":"//*[@id=\"CreateDialog::xRFMxCU_Program::_AllowedFundingType-footer\"]"}
RESULT: {"using":"xpath","value":"//*[@id=\"CreateDialog::xRFMxCU_Program::_AllowedFundingType-footer\"]"}
COMMAND: POST /session/ae7958d9995f6607d2f30fb3cc4a3723/element/f.BDCA01536AC88C0F2E513AA87DC22218.d.25444CF401B770DA92A40CFE7F980DB9.e.503/click - {}
RESULT: {}
COMMAND: POST /session/ae7958d9995f6607d2f30fb3cc4a3723/execute/async - {"script":"<script> [21 bytes]","args":[{"forceSelect":true,"selector":{"controlType":"sap.m.Button","viewName":"sap.fe.templates.ObjectPage.ObjectPage","viewId":"rfm.programui::xRFMxCU_Program__AllowedFundingTypeObjectPage","properties":{"text":"Continue"},"searchOpenDialogs":true,"interaction":{"idSuffix":"BDI-content"}},"wdio_ui5_key":"sapfe.templates.ObjectPage.ObjectPagesap.m.Button{\"text\":\"Continue\"}"}]}
COMMAND: GET /session/ae7958d9995f6607d2f30fb3cc4a3723/screenshot - {}
RESULT: {"script":"<script> [21 bytes]","args":[{"forceSelect":true,"selector":{"controlType":"sap.m.Button","viewName":"sap.fe.templates.ObjectPage.ObjectPage","viewId":"rfm.programui::xRFMxCU_Program__AllowedFundingTypeObjectPage","properties":{"text":"Continue"},"searchOpenDialogs":true,"interaction":{"idSuffix":"BDI-content"}},"wdio_ui5_key":"sapfe.templates.ObjectPage.ObjectPagesap.m.Button{\"text\":\"Continue\"}"}]}
RESULT: undefined
COMMAND: POST /session/ae7958d9995f6607d2f30fb3cc4a3723/element - {"using":"xpath","value":"//*[@id=\"__button199\"]"}
RESULT: {}
RESULT: {"using":"xpath","value":"//*[@id=\"__button199\"]"}
COMMAND: POST /session/ae7958d9995f6607d2f30fb3cc4a3723/element/f.BDCA01536AC88C0F2E513AA87DC22218.d.25444CF401B770DA92A40CFE7F980DB9.e.505/click - {}
RESULT: {}
COMMAND: POST /session/ae7958d9995f6607d2f30fb3cc4a3723/execute/async - {"script":"<script> [21 bytes]","args":[{"selector":{"id":"rfm.programui::xRFMxCU_Program__AllowedFundingTypeObjectPage--fe::FooterBar::StandardAction::Apply","interaction":{"idSuffix":"BDI-content"}},"wdio_ui5_key":"rfmprogramui::xRFMxCU_Program__AllowedFundingTypeObjectPage--fe::FooterBar::StandardAction::Apply"}]}
COMMAND: GET /session/ae7958d9995f6607d2f30fb3cc4a3723/screenshot - {}
RESULT: {"script":"<script> [21 bytes]","args":[{"selector":{"id":"rfm.programui::xRFMxCU_Program__AllowedFundingTypeObjectPage--fe::FooterBar::StandardAction::Apply","interaction":{"idSuffix":"BDI-content"}},"wdio_ui5_key":"rfmprogramui::xRFMxCU_Program__AllowedFundingTypeObjectPage--fe::FooterBar::StandardAction::Apply"}]}
RESULT: undefined
COMMAND: POST /session/ae7958d9995f6607d2f30fb3cc4a3723/element - {"using":"xpath","value":"//*[@id=\"rfm.programui::xRFMxCU_Program__AllowedFundingTypeObjectPage--fe::FooterBar::StandardAction::Apply\"]"}
RESULT: {}
RESULT: {"using":"xpath","value":"//*[@id=\"rfm.programui::xRFMxCU_Program__AllowedFundingTypeObjectPage--fe::FooterBar::StandardAction::Apply\"]"}
COMMAND: POST /session/ae7958d9995f6607d2f30fb3cc4a3723/element/f.BDCA01536AC88C0F2E513AA87DC22218.d.25444CF401B770DA92A40CFE7F980DB9.e.495/click - {}
RESULT: {}
COMMAND: POST /session/ae7958d9995f6607d2f30fb3cc4a3723/execute/async - {"script":"<script> [21 bytes]","args":[{"selector":{"id":"rfm.programui::xRFMxCU_ProgramObjectPage--fe::ObjectPage-anchBar-rfm.programui::xRFMxCU_ProgramObjectPage--fe::EditableHeaderSection-anchor","interaction":{"idSuffix":"text"}},"wdio_ui5_key":"rfmprogramui::xRFMxCU_ProgramObjectPage--fe::ObjectPage-anchBar-rfm.programui::xRFMxCU_ProgramObjectPage--fe::EditableHeaderSection-anchor"}]}
COMMAND: GET /session/ae7958d9995f6607d2f30fb3cc4a3723/screenshot - {}
RESULT: {"script":"<script> [21 bytes]","args":[{"selector":{"id":"rfm.programui::xRFMxCU_ProgramObjectPage--fe::ObjectPage-anchBar-rfm.programui::xRFMxCU_ProgramObjectPage--fe::EditableHeaderSection-anchor","interaction":{"idSuffix":"text"}},"wdio_ui5_key":"rfmprogramui::xRFMxCU_ProgramObjectPage--fe::ObjectPage-anchBar-rfm.programui::xRFMxCU_ProgramObjectPage--fe::EditableHeaderSection-anchor"}]}
RESULT: undefined
COMMAND: POST /session/ae7958d9995f6607d2f30fb3cc4a3723/element - {"using":"xpath","value":"//*[@id=\"rfm.programui::xRFMxCU_ProgramObjectPage--fe::ObjectPage-anchBar-rfm.programui::xRFMxCU_ProgramObjectPage--fe::EditableHeaderSection-anchor\"]"}
RESULT: {}
RESULT: {"using":"xpath","value":"//*[@id=\"rfm.programui::xRFMxCU_ProgramObjectPage--fe::ObjectPage-anchBar-rfm.programui::xRFMxCU_ProgramObjectPage--fe::EditableHeaderSection-anchor\"]"}
COMMAND: POST /session/ae7958d9995f6607d2f30fb3cc4a3723/element/f.BDCA01536AC88C0F2E513AA87DC22218.d.25444CF401B770DA92A40CFE7F980DB9.e.563/click - {}
RESULT: {}
COMMAND: POST /session/ae7958d9995f6607d2f30fb3cc4a3723/execute/async - {"script":"<script> [21 bytes]","args":[{"selector":{"id":"rfm.programui::xRFMxCU_ProgramObjectPage--fe::HeaderFacet::FormContainer::headerFieldsGP1::FormElement::DataField::Name::Field-edit","interaction":{"idSuffix":"inner"}},"wdio_ui5_key":"rfmprogramui::xRFMxCU_ProgramObjectPage--fe::HeaderFacet::FormContainer::headerFieldsGP1::FormElement::DataField::Name::Field-edit"}]}
COMMAND: GET /session/ae7958d9995f6607d2f30fb3cc4a3723/screenshot - {}
RESULT: {"script":"<script> [21 bytes]","args":[{"selector":{"id":"rfm.programui::xRFMxCU_ProgramObjectPage--fe::HeaderFacet::FormContainer::headerFieldsGP1::FormElement::DataField::Name::Field-edit","interaction":{"idSuffix":"inner"}},"wdio_ui5_key":"rfmprogramui::xRFMxCU_ProgramObjectPage--fe::HeaderFacet::FormContainer::headerFieldsGP1::FormElement::DataField::Name::Field-edit"}]}
RESULT: undefined
COMMAND: POST /session/ae7958d9995f6607d2f30fb3cc4a3723/execute/async - {"script":"<script> [20 bytes]","args":[{"enterText":"WDIO_2025-08-09","selector":{"id":"rfm.programui::xRFMxCU_ProgramObjectPage--fe::HeaderFacet::FormContainer::headerFieldsGP1::FormElement::DataField::Name::Field-edit","interaction":{"idSuffix":"inner"}},"clearTextFirst":true,"interactionType":"ENTER_TEXT"}]}
RESULT: {}
RESULT: {"script":"<script> [20 bytes]","args":[{"enterText":"WDIO_2025-08-09","selector":{"id":"rfm.programui::xRFMxCU_ProgramObjectPage--fe::HeaderFacet::FormContainer::headerFieldsGP1::FormElement::DataField::Name::Field-edit","interaction":{"idSuffix":"inner"}},"clearTextFirst":true,"interactionType":"ENTER_TEXT"}]}
COMMAND: POST /session/ae7958d9995f6607d2f30fb3cc4a3723/execute/async - {"script":"<script> [21 bytes]","args":[{"selector":{"id":"rfm.programui::xRFMxCU_ProgramObjectPage--fe::FooterBar::StandardAction::Save","interaction":{"idSuffix":"BDI-content"}},"wdio_ui5_key":"rfmprogramui::xRFMxCU_ProgramObjectPage--fe::FooterBar::StandardAction::Save"}]}
RESULT: {"script":"<script> [21 bytes]","args":[{"selector":{"id":"rfm.programui::xRFMxCU_ProgramObjectPage--fe::FooterBar::StandardAction::Save","interaction":{"idSuffix":"BDI-content"}},"wdio_ui5_key":"rfmprogramui::xRFMxCU_ProgramObjectPage--fe::FooterBar::StandardAction::Save"}]}
RESULT: undefined
COMMAND: POST /session/ae7958d9995f6607d2f30fb3cc4a3723/element - {"using":"xpath","value":"//*[@id=\"rfm.programui::xRFMxCU_ProgramObjectPage--fe::FooterBar::StandardAction::Save\"]"}
RESULT: {"using":"xpath","value":"//*[@id=\"rfm.programui::xRFMxCU_ProgramObjectPage--fe::FooterBar::StandardAction::Save\"]"}
COMMAND: POST /session/ae7958d9995f6607d2f30fb3cc4a3723/element/f.BDCA01536AC88C0F2E513AA87DC22218.d.25444CF401B770DA92A40CFE7F980DB9.e.417/click - {}
RESULT: {}
COMMAND: POST /session/ae7958d9995f6607d2f30fb3cc4a3723/execute/async - {"script":"<script> [21 bytes]","args":[{"selector":{"id":"rfm.programui::xRFMxCU_ProgramObjectPage--fe::HeaderFacet::Form::headerFieldsGP1::DataField::ProgramId::Field-content"},"wdio_ui5_key":"rfmprogramui::xRFMxCU_ProgramObjectPage--fe::HeaderFacet::Form::headerFieldsGP1::DataField::ProgramId::Field-content"}]}
COMMAND: GET /session/ae7958d9995f6607d2f30fb3cc4a3723/screenshot - {}
RESULT: {"script":"<script> [21 bytes]","args":[{"selector":{"id":"rfm.programui::xRFMxCU_ProgramObjectPage--fe::HeaderFacet::Form::headerFieldsGP1::DataField::ProgramId::Field-content"},"wdio_ui5_key":"rfmprogramui::xRFMxCU_ProgramObjectPage--fe::HeaderFacet::Form::headerFieldsGP1::DataField::ProgramId::Field-content"}]}
RESULT: undefined
COMMAND: POST /session/ae7958d9995f6607d2f30fb3cc4a3723/execute/async - {"script":"<script> [21 bytes]","args":[{"element-6066-11e4-a52e-4f735466cecf":"f.BDCA01536AC88C0F2E513AA87DC22218.d.25444CF401B770DA92A40CFE7F980DB9.e.578"},"getText",[]]}
RESULT: {}
RESULT: {"script":"<script> [21 bytes]","args":[{"element-6066-11e4-a52e-4f735466cecf":"f.BDCA01536AC88C0F2E513AA87DC22218.d.25444CF401B770DA92A40CFE7F980DB9.e.578"},"getText",[]]}
COMMAND: POST /session/ae7958d9995f6607d2f30fb3cc4a3723/execute/async - {"script":"<script> [21 bytes]","args":[{"selector":{"id":"rfm.programui::xRFMxCU_ProgramObjectPage--fe::DataFieldForAction::com.sap.gateway.srvd.rfm.ui_program.v0001.Open::com.sap.gateway.srvd.rfm.ui_program.v0001.xRFMxCU_ProgramType","interaction":{"idSuffix":"BDI-content"}},"wdio_ui5_key":"rfmprogramui::xRFMxCU_ProgramObjectPage--fe::DataFieldForAction::com.sap.gateway.srvd.rfm.ui_program.v0001.Open::com.sap.gateway.srvd.rfm.ui_program.v0001.xRFMxCU_ProgramType"}]}
RESULT: {"script":"<script> [21 bytes]","args":[{"selector":{"id":"rfm.programui::xRFMxCU_ProgramObjectPage--fe::DataFieldForAction::com.sap.gateway.srvd.rfm.ui_program.v0001.Open::com.sap.gateway.srvd.rfm.ui_program.v0001.xRFMxCU_ProgramType","interaction":{"idSuffix":"BDI-content"}},"wdio_ui5_key":"rfmprogramui::xRFMxCU_ProgramObjectPage--fe::DataFieldForAction::com.sap.gateway.srvd.rfm.ui_program.v0001.Open::com.sap.gateway.srvd.rfm.ui_program.v0001.xRFMxCU_ProgramType"}]}
RESULT: undefined
COMMAND: POST /session/ae7958d9995f6607d2f30fb3cc4a3723/element - {"using":"xpath","value":"//*[@id=\"rfm.programui::xRFMxCU_ProgramObjectPage--fe::DataFieldForAction::com.sap.gateway.srvd.rfm.ui_program.v0001.Open::com.sap.gateway.srvd.rfm.ui_program.v0001.xRFMxCU_ProgramType\"]"}
RESULT: {"using":"xpath","value":"//*[@id=\"rfm.programui::xRFMxCU_ProgramObjectPage--fe::DataFieldForAction::com.sap.gateway.srvd.rfm.ui_program.v0001.Open::com.sap.gateway.srvd.rfm.ui_program.v0001.xRFMxCU_ProgramType\"]"}
COMMAND: POST /session/ae7958d9995f6607d2f30fb3cc4a3723/element/f.BDCA01536AC88C0F2E513AA87DC22218.d.25444CF401B770DA92A40CFE7F980DB9.e.337/click - {}
RESULT: {}
COMMAND: POST /session/ae7958d9995f6607d2f30fb3cc4a3723/execute/async - {"script":"<script> [21 bytes]","args":[{"selector":{"controlType":"sap.m.Button","properties":{"text":"OK"},"searchOpenDialogs":true,"interaction":{"idSuffix":"BDI-content"}},"wdio_ui5_key":"sapm.Button{\"text\":\"OK\"}"}]}
COMMAND: GET /session/ae7958d9995f6607d2f30fb3cc4a3723/screenshot - {}
RESULT: {"script":"<script> [21 bytes]","args":[{"selector":{"controlType":"sap.m.Button","properties":{"text":"OK"},"searchOpenDialogs":true,"interaction":{"idSuffix":"BDI-content"}},"wdio_ui5_key":"sapm.Button{\"text\":\"OK\"}"}]}
RESULT: undefined
COMMAND: POST /session/ae7958d9995f6607d2f30fb3cc4a3723/element - {"using":"xpath","value":"//*[@id=\"__mbox-btn-0\"]"}
RESULT: {}
RESULT: {"using":"xpath","value":"//*[@id=\"__mbox-btn-0\"]"}
COMMAND: POST /session/ae7958d9995f6607d2f30fb3cc4a3723/element/f.BDCA01536AC88C0F2E513AA87DC22218.d.25444CF401B770DA92A40CFE7F980DB9.e.581/click - {}
RESULT: {}
COMMAND: POST /session/ae7958d9995f6607d2f30fb3cc4a3723/execute/async - {"script":"<script> [21 bytes]","args":[{"selector":{"id":"backBtn"},"wdio_ui5_key":"backBtn"}]}
COMMAND: GET /session/ae7958d9995f6607d2f30fb3cc4a3723/screenshot - {}
RESULT: {"script":"<script> [21 bytes]","args":[{"selector":{"id":"backBtn"},"wdio_ui5_key":"backBtn"}]}
RESULT: undefined
COMMAND: POST /session/ae7958d9995f6607d2f30fb3cc4a3723/element - {"using":"xpath","value":"//*[@id=\"backBtn\"]"}
RESULT: {}
RESULT: {"using":"xpath","value":"//*[@id=\"backBtn\"]"}
COMMAND: POST /session/ae7958d9995f6607d2f30fb3cc4a3723/element/f.BDCA01536AC88C0F2E513AA87DC22218.d.25444CF401B770DA92A40CFE7F980DB9.e.586/click - {}
RESULT: {}
COMMAND: GET /session/ae7958d9995f6607d2f30fb3cc4a3723/screenshot - {}
RESULT: {}
COMMAND: POST /session/ae7958d9995f6607d2f30fb3cc4a3723/element/f.BDCA01536AC88C0F2E513AA87DC22218.d.25444CF401B770DA92A40CFE7F980DB9.e.586/click - {}
COMMAND: GET /session/ae7958d9995f6607d2f30fb3cc4a3723/screenshot - {}
]]></system-out>
    </testcase>
    <testcase classname="chrome.138_0_7204_184.windows.Funding_Transaction" name="Should create Transaction" time="58">
      <system-out><![CDATA[
COMMAND: POST /session/ae7958d9995f6607d2f30fb3cc4a3723/execute/async - {"script":"<script> [21 bytes]","args":[{"selector":{"controlType":"sap.m.GenericTile","properties":{"header":"Funding Transaction"}},"wdio_ui5_key":"sapm.GenericTile{\"header\":\"Funding Transaction\"}"}]}
RESULT: {}
COMMAND: GET /session/ae7958d9995f6607d2f30fb3cc4a3723/screenshot - {}
RESULT: {}
RESULT: {"script":"<script> [21 bytes]","args":[{"selector":{"controlType":"sap.m.GenericTile","properties":{"header":"Funding Transaction"}},"wdio_ui5_key":"sapm.GenericTile{\"header\":\"Funding Transaction\"}"}]}
RESULT: undefined
COMMAND: POST /session/ae7958d9995f6607d2f30fb3cc4a3723/element - {"using":"xpath","value":"//*[@id=\"__tile30\"]"}
RESULT: {}
RESULT: {"using":"xpath","value":"//*[@id=\"__tile30\"]"}
COMMAND: POST /session/ae7958d9995f6607d2f30fb3cc4a3723/element/f.BDCA01536AC88C0F2E513AA87DC22218.d.25444CF401B770DA92A40CFE7F980DB9.e.639/click - {}
RESULT: {}
COMMAND: POST /session/ae7958d9995f6607d2f30fb3cc4a3723/execute/async - {"script":"<script> [21 bytes]","args":[{"selector":{"id":"rfm.transactionui::xRFMxCU_TransactionList--fe::table::allTab::LineItem::StandardAction::Create","controlType":"sap.m.Button"},"wdio_ui5_key":"rfmtransactionui::xRFMxCU_TransactionList--fe::table::allTab::LineItem::StandardAction::Createsap.m.Button"}]}
COMMAND: GET /session/ae7958d9995f6607d2f30fb3cc4a3723/screenshot - {}
RESULT: {"script":"<script> [21 bytes]","args":[{"selector":{"id":"rfm.transactionui::xRFMxCU_TransactionList--fe::table::allTab::LineItem::StandardAction::Create","controlType":"sap.m.Button"},"wdio_ui5_key":"rfmtransactionui::xRFMxCU_TransactionList--fe::table::allTab::LineItem::StandardAction::Createsap.m.Button"}]}
RESULT: undefined
COMMAND: POST /session/ae7958d9995f6607d2f30fb3cc4a3723/element - {"using":"xpath","value":"//*[@id=\"rfm.transactionui::xRFMxCU_TransactionList--fe::table::allTab::LineItem::StandardAction::Create\"]"}
RESULT: {}
RESULT: {"using":"xpath","value":"//*[@id=\"rfm.transactionui::xRFMxCU_TransactionList--fe::table::allTab::LineItem::StandardAction::Create\"]"}
COMMAND: POST /session/ae7958d9995f6607d2f30fb3cc4a3723/element/f.BDCA01536AC88C0F2E513AA87DC22218.d.25444CF401B770DA92A40CFE7F980DB9.e.697/click - {}
RESULT: {}
COMMAND: POST /session/ae7958d9995f6607d2f30fb3cc4a3723/execute/async - {"script":"<script> [21 bytes]","args":[{"selector":{"id":"CreateDialog::xRFMxCU_TransactionType::ProgramId-inner-vhi","searchOpenDialogs":true},"wdio_ui5_key":"CreateDialogxRFMxCU_TransactionType::ProgramId-inner-vhi"}]}
COMMAND: GET /session/ae7958d9995f6607d2f30fb3cc4a3723/screenshot - {}
RESULT: {"script":"<script> [21 bytes]","args":[{"selector":{"id":"CreateDialog::xRFMxCU_TransactionType::ProgramId-inner-vhi","searchOpenDialogs":true},"wdio_ui5_key":"CreateDialogxRFMxCU_TransactionType::ProgramId-inner-vhi"}]}
RESULT: undefined
COMMAND: POST /session/ae7958d9995f6607d2f30fb3cc4a3723/element - {"using":"xpath","value":"//*[@id=\"CreateDialog::xRFMxCU_TransactionType::ProgramId-inner-vhi\"]"}
RESULT: {}
RESULT: {"using":"xpath","value":"//*[@id=\"CreateDialog::xRFMxCU_TransactionType::ProgramId-inner-vhi\"]"}
COMMAND: POST /session/ae7958d9995f6607d2f30fb3cc4a3723/element/f.BDCA01536AC88C0F2E513AA87DC22218.d.25444CF401B770DA92A40CFE7F980DB9.e.882/click - {}
RESULT: {}
COMMAND: POST /session/ae7958d9995f6607d2f30fb3cc4a3723/execute/async - {"script":"<script> [21 bytes]","args":[{"selector":{"id":"ProgramId::VH::Dialog::qualifier::-search-inner","searchOpenDialogs":true,"interaction":{"idSuffix":"I"}},"wdio_ui5_key":"ProgramIdVH::Dialog::qualifier::-search-inner"}]}
COMMAND: GET /session/ae7958d9995f6607d2f30fb3cc4a3723/screenshot - {}
RESULT: {"script":"<script> [21 bytes]","args":[{"selector":{"id":"ProgramId::VH::Dialog::qualifier::-search-inner","searchOpenDialogs":true,"interaction":{"idSuffix":"I"}},"wdio_ui5_key":"ProgramIdVH::Dialog::qualifier::-search-inner"}]}
RESULT: undefined
COMMAND: POST /session/ae7958d9995f6607d2f30fb3cc4a3723/execute/async - {"script":"<script> [20 bytes]","args":[{"enterText":"*1465*","selector":{"id":"ProgramId::VH::Dialog::qualifier::-search-inner","searchOpenDialogs":true,"interaction":{"idSuffix":"I"}},"clearTextFirst":true,"interactionType":"ENTER_TEXT"}]}
RESULT: {}
RESULT: {"script":"<script> [20 bytes]","args":[{"enterText":"*1465*","selector":{"id":"ProgramId::VH::Dialog::qualifier::-search-inner","searchOpenDialogs":true,"interaction":{"idSuffix":"I"}},"clearTextFirst":true,"interactionType":"ENTER_TEXT"}]}
COMMAND: POST /session/ae7958d9995f6607d2f30fb3cc4a3723/execute/async - {"script":"<script> [21 bytes]","args":[{"selector":{"id":"ProgramId::VH::Dialog::qualifier::::Table-innerTable-rows-row0","searchOpenDialogs":true,"interaction":{"idSuffix":"col0"}},"wdio_ui5_key":"ProgramIdVH::Dialog::qualifier::::Table-innerTable-rows-row0"}]}
RESULT: {"script":"<script> [21 bytes]","args":[{"selector":{"id":"ProgramId::VH::Dialog::qualifier::::Table-innerTable-rows-row0","searchOpenDialogs":true,"interaction":{"idSuffix":"col0"}},"wdio_ui5_key":"ProgramIdVH::Dialog::qualifier::::Table-innerTable-rows-row0"}]}
RESULT: undefined
COMMAND: POST /session/ae7958d9995f6607d2f30fb3cc4a3723/element - {"using":"xpath","value":"//*[@id=\"ProgramId::VH::Dialog::qualifier::::Table-innerTable-rows-row0\"]"}
RESULT: {"using":"xpath","value":"//*[@id=\"ProgramId::VH::Dialog::qualifier::::Table-innerTable-rows-row0\"]"}
COMMAND: POST /session/ae7958d9995f6607d2f30fb3cc4a3723/element/f.BDCA01536AC88C0F2E513AA87DC22218.d.25444CF401B770DA92A40CFE7F980DB9.e.892/click - {}
RESULT: {}
COMMAND: GET /session/ae7958d9995f6607d2f30fb3cc4a3723/screenshot - {}
RESULT: {}
COMMAND: POST /session/ae7958d9995f6607d2f30fb3cc4a3723/execute/async - {"script":"<script> [21 bytes]","args":[{"selector":{"id":"CreateDialog::xRFMxCU_Transaction-footer","searchOpenDialogs":true},"wdio_ui5_key":"CreateDialogxRFMxCU_Transaction-footer"}]}
RESULT: {"script":"<script> [21 bytes]","args":[{"selector":{"id":"CreateDialog::xRFMxCU_Transaction-footer","searchOpenDialogs":true},"wdio_ui5_key":"CreateDialogxRFMxCU_Transaction-footer"}]}
RESULT: undefined
COMMAND: POST /session/ae7958d9995f6607d2f30fb3cc4a3723/element - {"using":"xpath","value":"//*[@id=\"CreateDialog::xRFMxCU_Transaction-footer\"]"}
RESULT: {"using":"xpath","value":"//*[@id=\"CreateDialog::xRFMxCU_Transaction-footer\"]"}
COMMAND: POST /session/ae7958d9995f6607d2f30fb3cc4a3723/element/f.BDCA01536AC88C0F2E513AA87DC22218.d.25444CF401B770DA92A40CFE7F980DB9.e.894/click - {}
RESULT: {}
COMMAND: POST /session/ae7958d9995f6607d2f30fb3cc4a3723/execute/async - {"script":"<script> [21 bytes]","args":[{"forceSelect":true,"selector":{"controlType":"sap.m.Button","viewName":"sap.fe.templates.ObjectPage.ObjectPage","viewId":"rfm.transactionui::xRFMxCU_TransactionObjectPage","properties":{"text":"Continue"},"searchOpenDialogs":true,"interaction":{"idSuffix":"BDI-content"}},"wdio_ui5_key":"sapfe.templates.ObjectPage.ObjectPagesap.m.Button{\"text\":\"Continue\"}"}]}
COMMAND: GET /session/ae7958d9995f6607d2f30fb3cc4a3723/screenshot - {}
RESULT: {"script":"<script> [21 bytes]","args":[{"forceSelect":true,"selector":{"controlType":"sap.m.Button","viewName":"sap.fe.templates.ObjectPage.ObjectPage","viewId":"rfm.transactionui::xRFMxCU_TransactionObjectPage","properties":{"text":"Continue"},"searchOpenDialogs":true,"interaction":{"idSuffix":"BDI-content"}},"wdio_ui5_key":"sapfe.templates.ObjectPage.ObjectPagesap.m.Button{\"text\":\"Continue\"}"}]}
RESULT: undefined
COMMAND: POST /session/ae7958d9995f6607d2f30fb3cc4a3723/element - {"using":"xpath","value":"//*[@id=\"__button245\"]"}
RESULT: {}
RESULT: {"using":"xpath","value":"//*[@id=\"__button245\"]"}
COMMAND: POST /session/ae7958d9995f6607d2f30fb3cc4a3723/element/f.BDCA01536AC88C0F2E513AA87DC22218.d.25444CF401B770DA92A40CFE7F980DB9.e.896/click - {}
RESULT: {}
COMMAND: POST /session/ae7958d9995f6607d2f30fb3cc4a3723/execute/async - {"script":"<script> [21 bytes]","args":[{"selector":{"id":"rfm.transactionui::xRFMxCU_TransactionObjectPage--fe::CustomSubSection::CustomDetailsSection--fe::FormContainer::FieldGroup::Term::FormElement::DataField::AssetCashflowDateFrom::Field-edit","interaction":{"idSuffix":"inner"}},"wdio_ui5_key":"rfmtransactionui::xRFMxCU_TransactionObjectPage--fe::CustomSubSection::CustomDetailsSection--fe::FormContainer::FieldGroup::Term::FormElement::DataField::AssetCashflowDateFrom::Field-edit"}]}
COMMAND: GET /session/ae7958d9995f6607d2f30fb3cc4a3723/screenshot - {}
RESULT: {"script":"<script> [21 bytes]","args":[{"selector":{"id":"rfm.transactionui::xRFMxCU_TransactionObjectPage--fe::CustomSubSection::CustomDetailsSection--fe::FormContainer::FieldGroup::Term::FormElement::DataField::AssetCashflowDateFrom::Field-edit","interaction":{"idSuffix":"inner"}},"wdio_ui5_key":"rfmtransactionui::xRFMxCU_TransactionObjectPage--fe::CustomSubSection::CustomDetailsSection--fe::FormContainer::FieldGroup::Term::FormElement::DataField::AssetCashflowDateFrom::Field-edit"}]}
RESULT: undefined
COMMAND: POST /session/ae7958d9995f6607d2f30fb3cc4a3723/execute/async - {"script":"<script> [20 bytes]","args":[{"enterText":"2025-02-28","selector":{"id":"rfm.transactionui::xRFMxCU_TransactionObjectPage--fe::CustomSubSection::CustomDetailsSection--fe::FormContainer::FieldGroup::Term::FormElement::DataField::AssetCashflowDateFrom::Field-edit","interaction":{"idSuffix":"inner"}},"clearTextFirst":true,"interactionType":"ENTER_TEXT"}]}
RESULT: {}
RESULT: {"script":"<script> [20 bytes]","args":[{"enterText":"2025-02-28","selector":{"id":"rfm.transactionui::xRFMxCU_TransactionObjectPage--fe::CustomSubSection::CustomDetailsSection--fe::FormContainer::FieldGroup::Term::FormElement::DataField::AssetCashflowDateFrom::Field-edit","interaction":{"idSuffix":"inner"}},"clearTextFirst":true,"interactionType":"ENTER_TEXT"}]}
COMMAND: POST /session/ae7958d9995f6607d2f30fb3cc4a3723/execute/async - {"script":"<script> [21 bytes]","args":[{"selector":{"id":"rfm.transactionui::xRFMxCU_TransactionObjectPage--fe::CustomSubSection::CustomDetailsSection--fe::FormContainer::FieldGroup::Term::FormElement::DataField::AssetCashflowDateTo::Field-edit","interaction":{"idSuffix":"inner"}},"wdio_ui5_key":"rfmtransactionui::xRFMxCU_TransactionObjectPage--fe::CustomSubSection::CustomDetailsSection--fe::FormContainer::FieldGroup::Term::FormElement::DataField::AssetCashflowDateTo::Field-edit"}]}
RESULT: {"script":"<script> [21 bytes]","args":[{"selector":{"id":"rfm.transactionui::xRFMxCU_TransactionObjectPage--fe::CustomSubSection::CustomDetailsSection--fe::FormContainer::FieldGroup::Term::FormElement::DataField::AssetCashflowDateTo::Field-edit","interaction":{"idSuffix":"inner"}},"wdio_ui5_key":"rfmtransactionui::xRFMxCU_TransactionObjectPage--fe::CustomSubSection::CustomDetailsSection--fe::FormContainer::FieldGroup::Term::FormElement::DataField::AssetCashflowDateTo::Field-edit"}]}
RESULT: undefined
COMMAND: POST /session/ae7958d9995f6607d2f30fb3cc4a3723/execute/async - {"script":"<script> [20 bytes]","args":[{"enterText":"2025-03-28","selector":{"id":"rfm.transactionui::xRFMxCU_TransactionObjectPage--fe::CustomSubSection::CustomDetailsSection--fe::FormContainer::FieldGroup::Term::FormElement::DataField::AssetCashflowDateTo::Field-edit","interaction":{"idSuffix":"inner"}},"clearTextFirst":true,"interactionType":"ENTER_TEXT"}]}
RESULT: {"script":"<script> [20 bytes]","args":[{"enterText":"2025-03-28","selector":{"id":"rfm.transactionui::xRFMxCU_TransactionObjectPage--fe::CustomSubSection::CustomDetailsSection--fe::FormContainer::FieldGroup::Term::FormElement::DataField::AssetCashflowDateTo::Field-edit","interaction":{"idSuffix":"inner"}},"clearTextFirst":true,"interactionType":"ENTER_TEXT"}]}
COMMAND: POST /session/ae7958d9995f6607d2f30fb3cc4a3723/execute/async - {"script":"<script> [21 bytes]","args":[{"selector":{"id":"rfm.transactionui::xRFMxCU_TransactionObjectPage--fe::ObjectPage-anchBar-rfm.transactionui::xRFMxCU_TransactionObjectPage--fe::EditableHeaderSection-anchor","interaction":{"idSuffix":"text"}},"wdio_ui5_key":"rfmtransactionui::xRFMxCU_TransactionObjectPage--fe::ObjectPage-anchBar-rfm.transactionui::xRFMxCU_TransactionObjectPage--fe::EditableHeaderSection-anchor"}]}
RESULT: {"script":"<script> [21 bytes]","args":[{"selector":{"id":"rfm.transactionui::xRFMxCU_TransactionObjectPage--fe::ObjectPage-anchBar-rfm.transactionui::xRFMxCU_TransactionObjectPage--fe::EditableHeaderSection-anchor","interaction":{"idSuffix":"text"}},"wdio_ui5_key":"rfmtransactionui::xRFMxCU_TransactionObjectPage--fe::ObjectPage-anchBar-rfm.transactionui::xRFMxCU_TransactionObjectPage--fe::EditableHeaderSection-anchor"}]}
RESULT: undefined
COMMAND: POST /session/ae7958d9995f6607d2f30fb3cc4a3723/element - {"using":"xpath","value":"//*[@id=\"rfm.transactionui::xRFMxCU_TransactionObjectPage--fe::ObjectPage-anchBar-rfm.transactionui::xRFMxCU_TransactionObjectPage--fe::EditableHeaderSection-anchor\"]"}
RESULT: {"using":"xpath","value":"//*[@id=\"rfm.transactionui::xRFMxCU_TransactionObjectPage--fe::ObjectPage-anchBar-rfm.transactionui::xRFMxCU_TransactionObjectPage--fe::EditableHeaderSection-anchor\"]"}
COMMAND: POST /session/ae7958d9995f6607d2f30fb3cc4a3723/element/f.BDCA01536AC88C0F2E513AA87DC22218.d.25444CF401B770DA92A40CFE7F980DB9.e.971/click - {}
RESULT: {}
COMMAND: POST /session/ae7958d9995f6607d2f30fb3cc4a3723/execute/async - {"script":"<script> [21 bytes]","args":[{"selector":{"id":"rfm.transactionui::xRFMxCU_TransactionObjectPage--fe::HeaderFacet::FormContainer::headerFieldsGP1::FormElement::DataField::Name::Field-edit","interaction":{"idSuffix":"inner"}},"wdio_ui5_key":"rfmtransactionui::xRFMxCU_TransactionObjectPage--fe::HeaderFacet::FormContainer::headerFieldsGP1::FormElement::DataField::Name::Field-edit"}]}
COMMAND: GET /session/ae7958d9995f6607d2f30fb3cc4a3723/screenshot - {}
RESULT: {"script":"<script> [21 bytes]","args":[{"selector":{"id":"rfm.transactionui::xRFMxCU_TransactionObjectPage--fe::HeaderFacet::FormContainer::headerFieldsGP1::FormElement::DataField::Name::Field-edit","interaction":{"idSuffix":"inner"}},"wdio_ui5_key":"rfmtransactionui::xRFMxCU_TransactionObjectPage--fe::HeaderFacet::FormContainer::headerFieldsGP1::FormElement::DataField::Name::Field-edit"}]}
RESULT: undefined
COMMAND: POST /session/ae7958d9995f6607d2f30fb3cc4a3723/execute/async - {"script":"<script> [20 bytes]","args":[{"enterText":"WDIO_2025-08-09","selector":{"id":"rfm.transactionui::xRFMxCU_TransactionObjectPage--fe::HeaderFacet::FormContainer::headerFieldsGP1::FormElement::DataField::Name::Field-edit","interaction":{"idSuffix":"inner"}},"clearTextFirst":true,"interactionType":"ENTER_TEXT"}]}
RESULT: {}
RESULT: {"script":"<script> [20 bytes]","args":[{"enterText":"WDIO_2025-08-09","selector":{"id":"rfm.transactionui::xRFMxCU_TransactionObjectPage--fe::HeaderFacet::FormContainer::headerFieldsGP1::FormElement::DataField::Name::Field-edit","interaction":{"idSuffix":"inner"}},"clearTextFirst":true,"interactionType":"ENTER_TEXT"}]}
COMMAND: POST /session/ae7958d9995f6607d2f30fb3cc4a3723/execute/async - {"script":"<script> [21 bytes]","args":[{"selector":{"id":"rfm.transactionui::xRFMxCU_TransactionObjectPage--fe::FooterBar::StandardAction::Save","interaction":{"idSuffix":"BDI-content"}},"wdio_ui5_key":"rfmtransactionui::xRFMxCU_TransactionObjectPage--fe::FooterBar::StandardAction::Save"}]}
RESULT: {"script":"<script> [21 bytes]","args":[{"selector":{"id":"rfm.transactionui::xRFMxCU_TransactionObjectPage--fe::FooterBar::StandardAction::Save","interaction":{"idSuffix":"BDI-content"}},"wdio_ui5_key":"rfmtransactionui::xRFMxCU_TransactionObjectPage--fe::FooterBar::StandardAction::Save"}]}
RESULT: undefined
COMMAND: POST /session/ae7958d9995f6607d2f30fb3cc4a3723/element - {"using":"xpath","value":"//*[@id=\"rfm.transactionui::xRFMxCU_TransactionObjectPage--fe::FooterBar::StandardAction::Save\"]"}
RESULT: {"using":"xpath","value":"//*[@id=\"rfm.transactionui::xRFMxCU_TransactionObjectPage--fe::FooterBar::StandardAction::Save\"]"}
COMMAND: POST /session/ae7958d9995f6607d2f30fb3cc4a3723/element/f.BDCA01536AC88C0F2E513AA87DC22218.d.25444CF401B770DA92A40CFE7F980DB9.e.980/click - {}
RESULT: {}
COMMAND: POST /session/ae7958d9995f6607d2f30fb3cc4a3723/execute/async - {"script":"<script> [21 bytes]","args":[{"selector":{"id":"rfm.transactionui::xRFMxCU_TransactionObjectPage--fe::FooterBar::MessageButton-img"},"wdio_ui5_key":"rfmtransactionui::xRFMxCU_TransactionObjectPage--fe::FooterBar::MessageButton-img"}]}
COMMAND: GET /session/ae7958d9995f6607d2f30fb3cc4a3723/screenshot - {}
RESULT: {"script":"<script> [21 bytes]","args":[{"selector":{"id":"rfm.transactionui::xRFMxCU_TransactionObjectPage--fe::FooterBar::MessageButton-img"},"wdio_ui5_key":"rfmtransactionui::xRFMxCU_TransactionObjectPage--fe::FooterBar::MessageButton-img"}]}
RESULT: undefined
COMMAND: GET /session/ae7958d9995f6607d2f30fb3cc4a3723/screenshot - {}
]]></system-out>
    </testcase>
    <testcase classname="chrome.138_0_7204_184.windows.Funding_Transaction" name="Should filter created Transaction" time="13.49">
      <system-out><![CDATA[
COMMAND: POST /session/ae7958d9995f6607d2f30fb3cc4a3723/execute/async - {"script":"<script> [21 bytes]","args":[{"selector":{"id":"rfm.transactionui::xRFMxCU_TransactionObjectPage--fe::FCLStandardAction::Close-img"},"wdio_ui5_key":"rfmtransactionui::xRFMxCU_TransactionObjectPage--fe::FCLStandardAction::Close-img"}]}
RESULT: {}
RESULT: {}
RESULT: {"script":"<script> [21 bytes]","args":[{"selector":{"id":"rfm.transactionui::xRFMxCU_TransactionObjectPage--fe::FCLStandardAction::Close-img"},"wdio_ui5_key":"rfmtransactionui::xRFMxCU_TransactionObjectPage--fe::FCLStandardAction::Close-img"}]}
RESULT: undefined
COMMAND: POST /session/ae7958d9995f6607d2f30fb3cc4a3723/element - {"using":"xpath","value":"//*[@id=\"rfm.transactionui::xRFMxCU_TransactionObjectPage--fe::FCLStandardAction::Close-img\"]"}
RESULT: {"using":"xpath","value":"//*[@id=\"rfm.transactionui::xRFMxCU_TransactionObjectPage--fe::FCLStandardAction::Close-img\"]"}
COMMAND: POST /session/ae7958d9995f6607d2f30fb3cc4a3723/element/f.BDCA01536AC88C0F2E513AA87DC22218.d.25444CF401B770DA92A40CFE7F980DB9.e.996/click - {}
RESULT: {}
COMMAND: POST /session/ae7958d9995f6607d2f30fb3cc4a3723/execute/async - {"script":"<script> [21 bytes]","args":[{"selector":{"id":"rfm.transactionui::xRFMxCU_TransactionList--fe::FilterBar::xRFMxCU_Transaction::FilterField::Name-inner","interaction":{"idSuffix":"inner"}},"wdio_ui5_key":"rfmtransactionui::xRFMxCU_TransactionList--fe::FilterBar::xRFMxCU_Transaction::FilterField::Name-inner"}]}
COMMAND: GET /session/ae7958d9995f6607d2f30fb3cc4a3723/screenshot - {}
RESULT: {"script":"<script> [21 bytes]","args":[{"selector":{"id":"rfm.transactionui::xRFMxCU_TransactionList--fe::FilterBar::xRFMxCU_Transaction::FilterField::Name-inner","interaction":{"idSuffix":"inner"}},"wdio_ui5_key":"rfmtransactionui::xRFMxCU_TransactionList--fe::FilterBar::xRFMxCU_Transaction::FilterField::Name-inner"}]}
RESULT: undefined
COMMAND: POST /session/ae7958d9995f6607d2f30fb3cc4a3723/execute/async - {"script":"<script> [20 bytes]","args":[{"enterText":"WDIO_2025-08-09","selector":{"id":"rfm.transactionui::xRFMxCU_TransactionList--fe::FilterBar::xRFMxCU_Transaction::FilterField::Name-inner","interaction":{"idSuffix":"inner"}},"clearTextFirst":true,"interactionType":"ENTER_TEXT"}]}
RESULT: {}
RESULT: {"script":"<script> [20 bytes]","args":[{"enterText":"WDIO_2025-08-09","selector":{"id":"rfm.transactionui::xRFMxCU_TransactionList--fe::FilterBar::xRFMxCU_Transaction::FilterField::Name-inner","interaction":{"idSuffix":"inner"}},"clearTextFirst":true,"interactionType":"ENTER_TEXT"}]}
COMMAND: POST /session/ae7958d9995f6607d2f30fb3cc4a3723/execute/async - {"script":"<script> [21 bytes]","args":[{"selector":{"id":"rfm.transactionui::xRFMxCU_TransactionList--fe::FilterBar::xRFMxCU_Transaction-btnSearch","interaction":{"idSuffix":"BDI-content"}},"wdio_ui5_key":"rfmtransactionui::xRFMxCU_TransactionList--fe::FilterBar::xRFMxCU_Transaction-btnSearch"}]}
RESULT: {"script":"<script> [21 bytes]","args":[{"selector":{"id":"rfm.transactionui::xRFMxCU_TransactionList--fe::FilterBar::xRFMxCU_Transaction-btnSearch","interaction":{"idSuffix":"BDI-content"}},"wdio_ui5_key":"rfmtransactionui::xRFMxCU_TransactionList--fe::FilterBar::xRFMxCU_Transaction-btnSearch"}]}
RESULT: undefined
COMMAND: POST /session/ae7958d9995f6607d2f30fb3cc4a3723/element - {"using":"xpath","value":"//*[@id=\"rfm.transactionui::xRFMxCU_TransactionList--fe::FilterBar::xRFMxCU_Transaction-btnSearch\"]"}
RESULT: {"using":"xpath","value":"//*[@id=\"rfm.transactionui::xRFMxCU_TransactionList--fe::FilterBar::xRFMxCU_Transaction-btnSearch\"]"}
COMMAND: POST /session/ae7958d9995f6607d2f30fb3cc4a3723/element/f.BDCA01536AC88C0F2E513AA87DC22218.d.25444CF401B770DA92A40CFE7F980DB9.e.1053/click - {}
RESULT: {}
COMMAND: GET /session/ae7958d9995f6607d2f30fb3cc4a3723/screenshot - {}
RESULT: {}
COMMAND: POST /session/ae7958d9995f6607d2f30fb3cc4a3723/execute/async - {"script":"<script> [21 bytes]","args":[{"selector":{"controlType":"sap.m.Text","viewName":"sap.fe.templates.ListReport.ListReport","viewId":"rfm.transactionui::xRFMxCU_TransactionList","bindingPath":{"propertyPath":"Name"}},"wdio_ui5_key":"sapfe.templates.ListReport.ListReportsap.m.Text{\"propertyPath\":\"Name\"}"}]}
RESULT: {"script":"<script> [21 bytes]","args":[{"selector":{"controlType":"sap.m.Text","viewName":"sap.fe.templates.ListReport.ListReport","viewId":"rfm.transactionui::xRFMxCU_TransactionList","bindingPath":{"propertyPath":"Name"}},"wdio_ui5_key":"sapfe.templates.ListReport.ListReportsap.m.Text{\"propertyPath\":\"Name\"}"}]}
RESULT: undefined
COMMAND: POST /session/ae7958d9995f6607d2f30fb3cc4a3723/execute/async - {"script":"<script> [21 bytes]","args":[{"element-6066-11e4-a52e-4f735466cecf":"f.BDCA01536AC88C0F2E513AA87DC22218.d.25444CF401B770DA92A40CFE7F980DB9.e.1095"},"getText",[]]}
RESULT: {"script":"<script> [21 bytes]","args":[{"element-6066-11e4-a52e-4f735466cecf":"f.BDCA01536AC88C0F2E513AA87DC22218.d.25444CF401B770DA92A40CFE7F980DB9.e.1095"},"getText",[]]}
COMMAND: GET /session/ae7958d9995f6607d2f30fb3cc4a3723/screenshot - {}
]]></system-out>
    </testcase>
    <testcase classname="chrome.138_0_7204_184.windows.Funding_Transaction" name="Should navigate to object page" time="46.818">
      <system-out><![CDATA[
COMMAND: POST /session/ae7958d9995f6607d2f30fb3cc4a3723/execute/async - {"script":"<script> [21 bytes]","args":[{"selector":{"controlType":"sap.ui.core.Icon","viewName":"sap.fe.templates.ListReport.ListReport","viewId":"rfm.transactionui::xRFMxCU_TransactionList","properties":{"src":{"regex":{"source":"navigation\\-right\\-arrow"}}},"ancestor":{"id":"rfm.transactionui::xRFMxCU_TransactionList--fe::table::allTab::LineItem-innerTable-rows-row0"}},"wdio_ui5_key":"sapfe.templates.ListReport.ListReportsap.ui.core.Icon{\"src\":{\"regex\":{\"source\":\"navigation\\\\-right\\\\-arrow\"}}}{\"id\":\"rfm.transactionui::xRFMxCU_TransactionList--fe::table::allTab::LineItem-innerTable-rows-row0\"}"}]}
RESULT: {}
RESULT: {"script":"<script> [21 bytes]","args":[{"selector":{"controlType":"sap.ui.core.Icon","viewName":"sap.fe.templates.ListReport.ListReport","viewId":"rfm.transactionui::xRFMxCU_TransactionList","properties":{"src":{"regex":{"source":"navigation\\-right\\-arrow"}}},"ancestor":{"id":"rfm.transactionui::xRFMxCU_TransactionList--fe::table::allTab::LineItem-innerTable-rows-row0"}},"wdio_ui5_key":"sapfe.templates.ListReport.ListReportsap.ui.core.Icon{\"src\":{\"regex\":{\"source\":\"navigation\\\\-right\\\\-arrow\"}}}{\"id\":\"rfm.transactionui::xRFMxCU_TransactionList--fe::table::allTab::LineItem-innerTable-rows-row0\"}"}]}
RESULT: undefined
COMMAND: POST /session/ae7958d9995f6607d2f30fb3cc4a3723/element - {"using":"xpath","value":"//*[@id=\"__action9-__clone512-icon0\"]"}
RESULT: {"using":"xpath","value":"//*[@id=\"__action9-__clone512-icon0\"]"}
COMMAND: POST /session/ae7958d9995f6607d2f30fb3cc4a3723/element/f.BDCA01536AC88C0F2E513AA87DC22218.d.25444CF401B770DA92A40CFE7F980DB9.e.1096/click - {}
RESULT: {}
COMMAND: GET /session/ae7958d9995f6607d2f30fb3cc4a3723/screenshot - {}
RESULT: {}
COMMAND: POST /session/ae7958d9995f6607d2f30fb3cc4a3723/execute/async - {"script":"<script> [21 bytes]","args":[{"selector":{"id":"rfm.transactionui::xRFMxCU_TransactionObjectPage--fe::FCLStandardAction::FullScreen","interaction":{"idSuffix":"inner"}},"wdio_ui5_key":"rfmtransactionui::xRFMxCU_TransactionObjectPage--fe::FCLStandardAction::FullScreen"}]}
RESULT: {"script":"<script> [21 bytes]","args":[{"selector":{"id":"rfm.transactionui::xRFMxCU_TransactionObjectPage--fe::FCLStandardAction::FullScreen","interaction":{"idSuffix":"inner"}},"wdio_ui5_key":"rfmtransactionui::xRFMxCU_TransactionObjectPage--fe::FCLStandardAction::FullScreen"}]}
RESULT: undefined
COMMAND: POST /session/ae7958d9995f6607d2f30fb3cc4a3723/element - {"using":"xpath","value":"//*[@id=\"rfm.transactionui::xRFMxCU_TransactionObjectPage--fe::FCLStandardAction::FullScreen\"]"}
RESULT: {"using":"xpath","value":"//*[@id=\"rfm.transactionui::xRFMxCU_TransactionObjectPage--fe::FCLStandardAction::FullScreen\"]"}
COMMAND: POST /session/ae7958d9995f6607d2f30fb3cc4a3723/element/f.BDCA01536AC88C0F2E513AA87DC22218.d.25444CF401B770DA92A40CFE7F980DB9.e.1098/click - {}
RESULT: {}
COMMAND: GET /session/ae7958d9995f6607d2f30fb3cc4a3723/screenshot - {}
RESULT: {}
COMMAND: POST /session/ae7958d9995f6607d2f30fb3cc4a3723/execute/async - {"script":"<script> [21 bytes]","args":[{"selector":{"id":"rfm.transactionui::xRFMxCU_TransactionObjectPage--fe::ObjectPage-anchBar-rfm.transactionui::xRFMxCU_TransactionObjectPage--fe::FacetSection::ProgramDetails-anchor"},"wdio_ui5_key":"rfmtransactionui::xRFMxCU_TransactionObjectPage--fe::ObjectPage-anchBar-rfm.transactionui::xRFMxCU_TransactionObjectPage--fe::FacetSection::ProgramDetails-anchor"}]}
RESULT: {"script":"<script> [21 bytes]","args":[{"selector":{"id":"rfm.transactionui::xRFMxCU_TransactionObjectPage--fe::ObjectPage-anchBar-rfm.transactionui::xRFMxCU_TransactionObjectPage--fe::FacetSection::ProgramDetails-anchor"},"wdio_ui5_key":"rfmtransactionui::xRFMxCU_TransactionObjectPage--fe::ObjectPage-anchBar-rfm.transactionui::xRFMxCU_TransactionObjectPage--fe::FacetSection::ProgramDetails-anchor"}]}
RESULT: undefined
COMMAND: POST /session/ae7958d9995f6607d2f30fb3cc4a3723/element - {"using":"xpath","value":"//*[@id=\"rfm.transactionui::xRFMxCU_TransactionObjectPage--fe::ObjectPage-anchBar-rfm.transactionui::xRFMxCU_TransactionObjectPage--fe::FacetSection::ProgramDetails-anchor\"]"}
RESULT: {"using":"xpath","value":"//*[@id=\"rfm.transactionui::xRFMxCU_TransactionObjectPage--fe::ObjectPage-anchBar-rfm.transactionui::xRFMxCU_TransactionObjectPage--fe::FacetSection::ProgramDetails-anchor\"]"}
COMMAND: POST /session/ae7958d9995f6607d2f30fb3cc4a3723/element/f.BDCA01536AC88C0F2E513AA87DC22218.d.25444CF401B770DA92A40CFE7F980DB9.e.1200/click - {}
RESULT: {}
COMMAND: GET /session/ae7958d9995f6607d2f30fb3cc4a3723/screenshot - {}
RESULT: {}
COMMAND: POST /session/ae7958d9995f6607d2f30fb3cc4a3723/execute/async - {"script":"<script> [21 bytes]","args":[{"selector":{"id":"rfm.transactionui::xRFMxCU_TransactionObjectPage--fe::ObjectPage-anchBar-rfm.transactionui::xRFMxCU_TransactionObjectPage--fe::FacetSection::TransactionAssetKF-anchor"},"wdio_ui5_key":"rfmtransactionui::xRFMxCU_TransactionObjectPage--fe::ObjectPage-anchBar-rfm.transactionui::xRFMxCU_TransactionObjectPage--fe::FacetSection::TransactionAssetKF-anchor"}]}
RESULT: {"script":"<script> [21 bytes]","args":[{"selector":{"id":"rfm.transactionui::xRFMxCU_TransactionObjectPage--fe::ObjectPage-anchBar-rfm.transactionui::xRFMxCU_TransactionObjectPage--fe::FacetSection::TransactionAssetKF-anchor"},"wdio_ui5_key":"rfmtransactionui::xRFMxCU_TransactionObjectPage--fe::ObjectPage-anchBar-rfm.transactionui::xRFMxCU_TransactionObjectPage--fe::FacetSection::TransactionAssetKF-anchor"}]}
RESULT: undefined
COMMAND: POST /session/ae7958d9995f6607d2f30fb3cc4a3723/element - {"using":"xpath","value":"//*[@id=\"rfm.transactionui::xRFMxCU_TransactionObjectPage--fe::ObjectPage-anchBar-rfm.transactionui::xRFMxCU_TransactionObjectPage--fe::FacetSection::TransactionAssetKF-anchor\"]"}
RESULT: {"using":"xpath","value":"//*[@id=\"rfm.transactionui::xRFMxCU_TransactionObjectPage--fe::ObjectPage-anchBar-rfm.transactionui::xRFMxCU_TransactionObjectPage--fe::FacetSection::TransactionAssetKF-anchor\"]"}
COMMAND: POST /session/ae7958d9995f6607d2f30fb3cc4a3723/element/f.BDCA01536AC88C0F2E513AA87DC22218.d.25444CF401B770DA92A40CFE7F980DB9.e.1203/click - {}
RESULT: {}
COMMAND: GET /session/ae7958d9995f6607d2f30fb3cc4a3723/screenshot - {}
RESULT: {}
COMMAND: POST /session/ae7958d9995f6607d2f30fb3cc4a3723/execute/async - {"script":"<script> [21 bytes]","args":[{"selector":{"id":"rfm.transactionui::xRFMxCU_TransactionObjectPage--fe::ObjectPage-anchBar-rfm.transactionui::xRFMxCU_TransactionObjectPage--fe::FacetSection::FundingScopeCollection-anchor"},"wdio_ui5_key":"rfmtransactionui::xRFMxCU_TransactionObjectPage--fe::ObjectPage-anchBar-rfm.transactionui::xRFMxCU_TransactionObjectPage--fe::FacetSection::FundingScopeCollection-anchor"}]}
RESULT: {"script":"<script> [21 bytes]","args":[{"selector":{"id":"rfm.transactionui::xRFMxCU_TransactionObjectPage--fe::ObjectPage-anchBar-rfm.transactionui::xRFMxCU_TransactionObjectPage--fe::FacetSection::FundingScopeCollection-anchor"},"wdio_ui5_key":"rfmtransactionui::xRFMxCU_TransactionObjectPage--fe::ObjectPage-anchBar-rfm.transactionui::xRFMxCU_TransactionObjectPage--fe::FacetSection::FundingScopeCollection-anchor"}]}
RESULT: undefined
COMMAND: POST /session/ae7958d9995f6607d2f30fb3cc4a3723/element - {"using":"xpath","value":"//*[@id=\"rfm.transactionui::xRFMxCU_TransactionObjectPage--fe::ObjectPage-anchBar-rfm.transactionui::xRFMxCU_TransactionObjectPage--fe::FacetSection::FundingScopeCollection-anchor\"]"}
RESULT: {"using":"xpath","value":"//*[@id=\"rfm.transactionui::xRFMxCU_TransactionObjectPage--fe::ObjectPage-anchBar-rfm.transactionui::xRFMxCU_TransactionObjectPage--fe::FacetSection::FundingScopeCollection-anchor\"]"}
COMMAND: POST /session/ae7958d9995f6607d2f30fb3cc4a3723/element/f.BDCA01536AC88C0F2E513AA87DC22218.d.25444CF401B770DA92A40CFE7F980DB9.e.1207/click - {}
RESULT: {}
COMMAND: GET /session/ae7958d9995f6607d2f30fb3cc4a3723/screenshot - {}
RESULT: {}
COMMAND: POST /session/ae7958d9995f6607d2f30fb3cc4a3723/execute/async - {"script":"<script> [21 bytes]","args":[{"selector":{"id":"rfm.transactionui::xRFMxCU_TransactionObjectPage--fe::ObjectPage-anchBar-rfm.transactionui::xRFMxCU_TransactionObjectPage--fe::FacetSection::Partner-anchor"},"wdio_ui5_key":"rfmtransactionui::xRFMxCU_TransactionObjectPage--fe::ObjectPage-anchBar-rfm.transactionui::xRFMxCU_TransactionObjectPage--fe::FacetSection::Partner-anchor"}]}
RESULT: {"script":"<script> [21 bytes]","args":[{"selector":{"id":"rfm.transactionui::xRFMxCU_TransactionObjectPage--fe::ObjectPage-anchBar-rfm.transactionui::xRFMxCU_TransactionObjectPage--fe::FacetSection::Partner-anchor"},"wdio_ui5_key":"rfmtransactionui::xRFMxCU_TransactionObjectPage--fe::ObjectPage-anchBar-rfm.transactionui::xRFMxCU_TransactionObjectPage--fe::FacetSection::Partner-anchor"}]}
RESULT: undefined
COMMAND: POST /session/ae7958d9995f6607d2f30fb3cc4a3723/element - {"using":"xpath","value":"//*[@id=\"rfm.transactionui::xRFMxCU_TransactionObjectPage--fe::ObjectPage-anchBar-rfm.transactionui::xRFMxCU_TransactionObjectPage--fe::FacetSection::Partner-anchor\"]"}
RESULT: {"using":"xpath","value":"//*[@id=\"rfm.transactionui::xRFMxCU_TransactionObjectPage--fe::ObjectPage-anchBar-rfm.transactionui::xRFMxCU_TransactionObjectPage--fe::FacetSection::Partner-anchor\"]"}
COMMAND: POST /session/ae7958d9995f6607d2f30fb3cc4a3723/element/f.BDCA01536AC88C0F2E513AA87DC22218.d.25444CF401B770DA92A40CFE7F980DB9.e.1211/click - {}
RESULT: {}
COMMAND: GET /session/ae7958d9995f6607d2f30fb3cc4a3723/screenshot - {}
RESULT: {}
COMMAND: POST /session/ae7958d9995f6607d2f30fb3cc4a3723/execute/async - {"script":"<script> [21 bytes]","args":[{"selector":{"id":"rfm.transactionui::xRFMxCU_TransactionObjectPage--fe::ObjectPage-anchBar-rfm.transactionui::xRFMxCU_TransactionObjectPage--fe::FacetSection::BusinessOperations-anchor"},"wdio_ui5_key":"rfmtransactionui::xRFMxCU_TransactionObjectPage--fe::ObjectPage-anchBar-rfm.transactionui::xRFMxCU_TransactionObjectPage--fe::FacetSection::BusinessOperations-anchor"}]}
RESULT: {"script":"<script> [21 bytes]","args":[{"selector":{"id":"rfm.transactionui::xRFMxCU_TransactionObjectPage--fe::ObjectPage-anchBar-rfm.transactionui::xRFMxCU_TransactionObjectPage--fe::FacetSection::BusinessOperations-anchor"},"wdio_ui5_key":"rfmtransactionui::xRFMxCU_TransactionObjectPage--fe::ObjectPage-anchBar-rfm.transactionui::xRFMxCU_TransactionObjectPage--fe::FacetSection::BusinessOperations-anchor"}]}
RESULT: undefined
COMMAND: POST /session/ae7958d9995f6607d2f30fb3cc4a3723/element - {"using":"xpath","value":"//*[@id=\"rfm.transactionui::xRFMxCU_TransactionObjectPage--fe::ObjectPage-anchBar-rfm.transactionui::xRFMxCU_TransactionObjectPage--fe::FacetSection::BusinessOperations-anchor\"]"}
RESULT: {"using":"xpath","value":"//*[@id=\"rfm.transactionui::xRFMxCU_TransactionObjectPage--fe::ObjectPage-anchBar-rfm.transactionui::xRFMxCU_TransactionObjectPage--fe::FacetSection::BusinessOperations-anchor\"]"}
COMMAND: POST /session/ae7958d9995f6607d2f30fb3cc4a3723/element/f.BDCA01536AC88C0F2E513AA87DC22218.d.25444CF401B770DA92A40CFE7F980DB9.e.1215/click - {}
RESULT: {}
COMMAND: GET /session/ae7958d9995f6607d2f30fb3cc4a3723/screenshot - {}
RESULT: {}
COMMAND: POST /session/ae7958d9995f6607d2f30fb3cc4a3723/execute/async - {"script":"<script> [21 bytes]","args":[{"selector":{"id":"rfm.transactionui::xRFMxCU_TransactionObjectPage--fe::ObjectPage-anchBar-rfm.transactionui::xRFMxCU_TransactionObjectPage--fe::FacetSection::TransactionPoolKFCollection-anchor"},"wdio_ui5_key":"rfmtransactionui::xRFMxCU_TransactionObjectPage--fe::ObjectPage-anchBar-rfm.transactionui::xRFMxCU_TransactionObjectPage--fe::FacetSection::TransactionPoolKFCollection-anchor"}]}
RESULT: {"script":"<script> [21 bytes]","args":[{"selector":{"id":"rfm.transactionui::xRFMxCU_TransactionObjectPage--fe::ObjectPage-anchBar-rfm.transactionui::xRFMxCU_TransactionObjectPage--fe::FacetSection::TransactionPoolKFCollection-anchor"},"wdio_ui5_key":"rfmtransactionui::xRFMxCU_TransactionObjectPage--fe::ObjectPage-anchBar-rfm.transactionui::xRFMxCU_TransactionObjectPage--fe::FacetSection::TransactionPoolKFCollection-anchor"}]}
RESULT: undefined
COMMAND: POST /session/ae7958d9995f6607d2f30fb3cc4a3723/element - {"using":"xpath","value":"//*[@id=\"rfm.transactionui::xRFMxCU_TransactionObjectPage--fe::ObjectPage-anchBar-rfm.transactionui::xRFMxCU_TransactionObjectPage--fe::FacetSection::TransactionPoolKFCollection-anchor\"]"}
RESULT: {"using":"xpath","value":"//*[@id=\"rfm.transactionui::xRFMxCU_TransactionObjectPage--fe::ObjectPage-anchBar-rfm.transactionui::xRFMxCU_TransactionObjectPage--fe::FacetSection::TransactionPoolKFCollection-anchor\"]"}
COMMAND: POST /session/ae7958d9995f6607d2f30fb3cc4a3723/element/f.BDCA01536AC88C0F2E513AA87DC22218.d.25444CF401B770DA92A40CFE7F980DB9.e.1219/click - {}
RESULT: {}
COMMAND: GET /session/ae7958d9995f6607d2f30fb3cc4a3723/screenshot - {}
COMMAND: POST /session/ae7958d9995f6607d2f30fb3cc4a3723/execute/async - {"script":"<script> [21 bytes]","args":[{"selector":{"id":"rfm.transactionui::xRFMxCU_TransactionObjectPage--fe::ObjectPage-anchBar-rfm.transactionui::xRFMxCU_TransactionObjectPage--fe::FacetSection::ChangeInfo-anchor"},"wdio_ui5_key":"rfmtransactionui::xRFMxCU_TransactionObjectPage--fe::ObjectPage-anchBar-rfm.transactionui::xRFMxCU_TransactionObjectPage--fe::FacetSection::ChangeInfo-anchor"}]}
RESULT: {}
RESULT: {"script":"<script> [21 bytes]","args":[{"selector":{"id":"rfm.transactionui::xRFMxCU_TransactionObjectPage--fe::ObjectPage-anchBar-rfm.transactionui::xRFMxCU_TransactionObjectPage--fe::FacetSection::ChangeInfo-anchor"},"wdio_ui5_key":"rfmtransactionui::xRFMxCU_TransactionObjectPage--fe::ObjectPage-anchBar-rfm.transactionui::xRFMxCU_TransactionObjectPage--fe::FacetSection::ChangeInfo-anchor"}]}
RESULT: undefined
COMMAND: POST /session/ae7958d9995f6607d2f30fb3cc4a3723/element - {"using":"xpath","value":"//*[@id=\"rfm.transactionui::xRFMxCU_TransactionObjectPage--fe::ObjectPage-anchBar-rfm.transactionui::xRFMxCU_TransactionObjectPage--fe::FacetSection::ChangeInfo-anchor\"]"}
RESULT: {"using":"xpath","value":"//*[@id=\"rfm.transactionui::xRFMxCU_TransactionObjectPage--fe::ObjectPage-anchBar-rfm.transactionui::xRFMxCU_TransactionObjectPage--fe::FacetSection::ChangeInfo-anchor\"]"}
COMMAND: POST /session/ae7958d9995f6607d2f30fb3cc4a3723/element/f.BDCA01536AC88C0F2E513AA87DC22218.d.25444CF401B770DA92A40CFE7F980DB9.e.1235/click - {}
RESULT: {}
COMMAND: GET /session/ae7958d9995f6607d2f30fb3cc4a3723/screenshot - {}
RESULT: {}
COMMAND: POST /session/ae7958d9995f6607d2f30fb3cc4a3723/execute/async - {"script":"<script> [21 bytes]","args":[{"selector":{"id":"rfm.transactionui::xRFMxCU_TransactionObjectPage--fe::ObjectPage-anchBar-rfm.transactionui::xRFMxCU_TransactionObjectPage--fe::CustomSection::CustomDetailsSection-anchor","interaction":{"idSuffix":"text"}},"wdio_ui5_key":"rfmtransactionui::xRFMxCU_TransactionObjectPage--fe::ObjectPage-anchBar-rfm.transactionui::xRFMxCU_TransactionObjectPage--fe::CustomSection::CustomDetailsSection-anchor"}]}
RESULT: {"script":"<script> [21 bytes]","args":[{"selector":{"id":"rfm.transactionui::xRFMxCU_TransactionObjectPage--fe::ObjectPage-anchBar-rfm.transactionui::xRFMxCU_TransactionObjectPage--fe::CustomSection::CustomDetailsSection-anchor","interaction":{"idSuffix":"text"}},"wdio_ui5_key":"rfmtransactionui::xRFMxCU_TransactionObjectPage--fe::ObjectPage-anchBar-rfm.transactionui::xRFMxCU_TransactionObjectPage--fe::CustomSection::CustomDetailsSection-anchor"}]}
RESULT: undefined
COMMAND: POST /session/ae7958d9995f6607d2f30fb3cc4a3723/element - {"using":"xpath","value":"//*[@id=\"rfm.transactionui::xRFMxCU_TransactionObjectPage--fe::ObjectPage-anchBar-rfm.transactionui::xRFMxCU_TransactionObjectPage--fe::CustomSection::CustomDetailsSection-anchor\"]"}
RESULT: {"using":"xpath","value":"//*[@id=\"rfm.transactionui::xRFMxCU_TransactionObjectPage--fe::ObjectPage-anchBar-rfm.transactionui::xRFMxCU_TransactionObjectPage--fe::CustomSection::CustomDetailsSection-anchor\"]"}
COMMAND: POST /session/ae7958d9995f6607d2f30fb3cc4a3723/element/f.BDCA01536AC88C0F2E513AA87DC22218.d.25444CF401B770DA92A40CFE7F980DB9.e.1238/click - {}
RESULT: {}
COMMAND: GET /session/ae7958d9995f6607d2f30fb3cc4a3723/screenshot - {}
]]></system-out>
    </testcase>
    <testcase classname="chrome.138_0_7204_184.windows.Funding_Transaction" name="Should press Related Apps button and then Funding Pool navigation button" time="15.354">
      <system-out><![CDATA[
COMMAND: POST /session/ae7958d9995f6607d2f30fb3cc4a3723/execute/async - {"script":"<script> [21 bytes]","args":[{"selector":{"id":"rfm.transactionui::xRFMxCU_TransactionObjectPage--fe::HeaderFacet::Form::headerFieldsGP1::DataField::Name::Field-content"},"wdio_ui5_key":"rfmtransactionui::xRFMxCU_TransactionObjectPage--fe::HeaderFacet::Form::headerFieldsGP1::DataField::Name::Field-content"}]}
COMMAND: GET /session/ae7958d9995f6607d2f30fb3cc4a3723/screenshot - {}
RESULT: {}
RESULT: {"script":"<script> [21 bytes]","args":[{"selector":{"id":"rfm.transactionui::xRFMxCU_TransactionObjectPage--fe::HeaderFacet::Form::headerFieldsGP1::DataField::Name::Field-content"},"wdio_ui5_key":"rfmtransactionui::xRFMxCU_TransactionObjectPage--fe::HeaderFacet::Form::headerFieldsGP1::DataField::Name::Field-content"}]}
RESULT: undefined
COMMAND: POST /session/ae7958d9995f6607d2f30fb3cc4a3723/execute/async - {"script":"<script> [21 bytes]","args":[{"element-6066-11e4-a52e-4f735466cecf":"f.BDCA01536AC88C0F2E513AA87DC22218.d.25444CF401B770DA92A40CFE7F980DB9.e.1145"},"getText",[]]}
RESULT: {}
RESULT: {"script":"<script> [21 bytes]","args":[{"element-6066-11e4-a52e-4f735466cecf":"f.BDCA01536AC88C0F2E513AA87DC22218.d.25444CF401B770DA92A40CFE7F980DB9.e.1145"},"getText",[]]}
COMMAND: POST /session/ae7958d9995f6607d2f30fb3cc4a3723/execute/async - {"script":"<script> [21 bytes]","args":[{"selector":{"id":"rfm.transactionui::xRFMxCU_TransactionObjectPage--fe::RelatedApps-internalBtn","interaction":{"idSuffix":"BDI-content"}},"wdio_ui5_key":"rfmtransactionui::xRFMxCU_TransactionObjectPage--fe::RelatedApps-internalBtn"}]}
RESULT: {"script":"<script> [21 bytes]","args":[{"selector":{"id":"rfm.transactionui::xRFMxCU_TransactionObjectPage--fe::RelatedApps-internalBtn","interaction":{"idSuffix":"BDI-content"}},"wdio_ui5_key":"rfmtransactionui::xRFMxCU_TransactionObjectPage--fe::RelatedApps-internalBtn"}]}
RESULT: undefined
COMMAND: POST /session/ae7958d9995f6607d2f30fb3cc4a3723/element - {"using":"xpath","value":"//*[@id=\"rfm.transactionui::xRFMxCU_TransactionObjectPage--fe::RelatedApps-internalBtn\"]"}
RESULT: {"using":"xpath","value":"//*[@id=\"rfm.transactionui::xRFMxCU_TransactionObjectPage--fe::RelatedApps-internalBtn\"]"}
COMMAND: POST /session/ae7958d9995f6607d2f30fb3cc4a3723/element/f.BDCA01536AC88C0F2E513AA87DC22218.d.25444CF401B770DA92A40CFE7F980DB9.e.1115/click - {}
RESULT: {}
COMMAND: POST /session/ae7958d9995f6607d2f30fb3cc4a3723/execute/async - {"script":"<script> [21 bytes]","args":[{"selector":{"controlType":"sap.ui.unified.MenuItem","viewName":"sap.fe.templates.ObjectPage.ObjectPage","viewId":"rfm.transactionui::xRFMxCU_TransactionObjectPage","properties":{"text":"Funding Pool"},"searchOpenDialogs":true,"interaction":{"idSuffix":"txt"}},"wdio_ui5_key":"sapfe.templates.ObjectPage.ObjectPagesap.ui.unified.MenuItem{\"text\":\"Funding Pool\"}"}]}
COMMAND: GET /session/ae7958d9995f6607d2f30fb3cc4a3723/screenshot - {}
RESULT: {"script":"<script> [21 bytes]","args":[{"selector":{"controlType":"sap.ui.unified.MenuItem","viewName":"sap.fe.templates.ObjectPage.ObjectPage","viewId":"rfm.transactionui::xRFMxCU_TransactionObjectPage","properties":{"text":"Funding Pool"},"searchOpenDialogs":true,"interaction":{"idSuffix":"txt"}},"wdio_ui5_key":"sapfe.templates.ObjectPage.ObjectPagesap.ui.unified.MenuItem{\"text\":\"Funding Pool\"}"}]}
RESULT: undefined
COMMAND: POST /session/ae7958d9995f6607d2f30fb3cc4a3723/element - {"using":"xpath","value":"//*[@id=\"__item156-__menu64-2-unifiedmenu\"]"}
RESULT: {}
RESULT: {"using":"xpath","value":"//*[@id=\"__item156-__menu64-2-unifiedmenu\"]"}
COMMAND: POST /session/ae7958d9995f6607d2f30fb3cc4a3723/element/f.BDCA01536AC88C0F2E513AA87DC22218.d.25444CF401B770DA92A40CFE7F980DB9.e.1243/click - {}
RESULT: {}
COMMAND: POST /session/ae7958d9995f6607d2f30fb3cc4a3723/execute/async - {"script":"<script> [21 bytes]","args":[{"selector":{"id":"rfm.poolui::xRFMxCU_PoolObjectPage--fe::HeaderFacet::Form::FieldGroup::TransactionHeaderGP::DataField::TransactionPoolName::Field-content"},"wdio_ui5_key":"rfmpoolui::xRFMxCU_PoolObjectPage--fe::HeaderFacet::Form::FieldGroup::TransactionHeaderGP::DataField::TransactionPoolName::Field-content"}]}
COMMAND: GET /session/ae7958d9995f6607d2f30fb3cc4a3723/screenshot - {}
RESULT: {"script":"<script> [21 bytes]","args":[{"selector":{"id":"rfm.poolui::xRFMxCU_PoolObjectPage--fe::HeaderFacet::Form::FieldGroup::TransactionHeaderGP::DataField::TransactionPoolName::Field-content"},"wdio_ui5_key":"rfmpoolui::xRFMxCU_PoolObjectPage--fe::HeaderFacet::Form::FieldGroup::TransactionHeaderGP::DataField::TransactionPoolName::Field-content"}]}
RESULT: undefined
COMMAND: POST /session/ae7958d9995f6607d2f30fb3cc4a3723/execute/async - {"script":"<script> [21 bytes]","args":[{"element-6066-11e4-a52e-4f735466cecf":"f.BDCA01536AC88C0F2E513AA87DC22218.d.25444CF401B770DA92A40CFE7F980DB9.e.1351"},"getText",[]]}
RESULT: {}
RESULT: {"script":"<script> [21 bytes]","args":[{"element-6066-11e4-a52e-4f735466cecf":"f.BDCA01536AC88C0F2E513AA87DC22218.d.25444CF401B770DA92A40CFE7F980DB9.e.1351"},"getText",[]]}
COMMAND: GET /session/ae7958d9995f6607d2f30fb3cc4a3723/screenshot - {}
]]></system-out>
    </testcase>
    <testcase classname="chrome.138_0_7204_184.windows.Funding_Transaction" name="Should navigate to Transaction and delete" time="36.089">
      <system-out><![CDATA[
RESULT: undefined
COMMAND: POST /session/ae7958d9995f6607d2f30fb3cc4a3723/element/f.BDCA01536AC88C0F2E513AA87DC22218.d.25444CF401B770DA92A40CFE7F980DB9.e.586/click - {}
RESULT: {}
RESULT: {}
COMMAND: GET /session/ae7958d9995f6607d2f30fb3cc4a3723/screenshot - {}
RESULT: {}
RESULT: undefined
COMMAND: POST /session/ae7958d9995f6607d2f30fb3cc4a3723/element - {"using":"xpath","value":"//*[@id=\"__tile30\"]"}
RESULT: {"using":"xpath","value":"//*[@id=\"__tile30\"]"}
COMMAND: POST /session/ae7958d9995f6607d2f30fb3cc4a3723/element/f.BDCA01536AC88C0F2E513AA87DC22218.d.25444CF401B770DA92A40CFE7F980DB9.e.1406/click - {}
RESULT: {}
RESULT: undefined
COMMAND: POST /session/ae7958d9995f6607d2f30fb3cc4a3723/execute/async - {"script":"<script> [20 bytes]","args":[{"enterText":"WDIO_2025-08-09","selector":{"id":"rfm.transactionui::xRFMxCU_TransactionList--fe::FilterBar::xRFMxCU_Transaction::FilterField::Name-inner","interaction":{"idSuffix":"inner"}},"clearTextFirst":true,"interactionType":"ENTER_TEXT"}]}
COMMAND: GET /session/ae7958d9995f6607d2f30fb3cc4a3723/screenshot - {}
RESULT: {"script":"<script> [20 bytes]","args":[{"enterText":"WDIO_2025-08-09","selector":{"id":"rfm.transactionui::xRFMxCU_TransactionList--fe::FilterBar::xRFMxCU_Transaction::FilterField::Name-inner","interaction":{"idSuffix":"inner"}},"clearTextFirst":true,"interactionType":"ENTER_TEXT"}]}
RESULT: {}
RESULT: undefined
COMMAND: POST /session/ae7958d9995f6607d2f30fb3cc4a3723/element - {"using":"xpath","value":"//*[@id=\"rfm.transactionui::xRFMxCU_TransactionList--fe::FilterBar::xRFMxCU_Transaction-btnSearch\"]"}
RESULT: {"using":"xpath","value":"//*[@id=\"rfm.transactionui::xRFMxCU_TransactionList--fe::FilterBar::xRFMxCU_Transaction-btnSearch\"]"}
COMMAND: POST /session/ae7958d9995f6607d2f30fb3cc4a3723/element/f.BDCA01536AC88C0F2E513AA87DC22218.d.25444CF401B770DA92A40CFE7F980DB9.e.1608/click - {}
RESULT: {}
COMMAND: GET /session/ae7958d9995f6607d2f30fb3cc4a3723/screenshot - {}
RESULT: {}
COMMAND: POST /session/ae7958d9995f6607d2f30fb3cc4a3723/execute/async - {"script":"<script> [21 bytes]","args":[{"selector":{"controlType":"sap.ui.core.Icon","viewName":"sap.fe.templates.ListReport.ListReport","viewId":"rfm.transactionui::xRFMxCU_TransactionList","properties":{"src":{"regex":{"source":"border"}}}},"wdio_ui5_key":"sapfe.templates.ListReport.ListReportsap.ui.core.Icon{\"src\":{\"regex\":{\"source\":\"border\"}}}"}]}
RESULT: {"script":"<script> [21 bytes]","args":[{"selector":{"controlType":"sap.ui.core.Icon","viewName":"sap.fe.templates.ListReport.ListReport","viewId":"rfm.transactionui::xRFMxCU_TransactionList","properties":{"src":{"regex":{"source":"border"}}}},"wdio_ui5_key":"sapfe.templates.ListReport.ListReportsap.ui.core.Icon{\"src\":{\"regex\":{\"source\":\"border\"}}}"}]}
RESULT: undefined
COMMAND: POST /session/ae7958d9995f6607d2f30fb3cc4a3723/element - {"using":"xpath","value":"//*[@id=\"__icon55\"]"}
RESULT: {"using":"xpath","value":"//*[@id=\"__icon55\"]"}
COMMAND: POST /session/ae7958d9995f6607d2f30fb3cc4a3723/element/f.BDCA01536AC88C0F2E513AA87DC22218.d.25444CF401B770DA92A40CFE7F980DB9.e.1611/click - {}
RESULT: {}
COMMAND: GET /session/ae7958d9995f6607d2f30fb3cc4a3723/screenshot - {}
RESULT: {}
COMMAND: POST /session/ae7958d9995f6607d2f30fb3cc4a3723/execute/async - {"script":"<script> [21 bytes]","args":[{"selector":{"id":"rfm.transactionui::xRFMxCU_TransactionList--fe::table::allTab::LineItem::StandardAction::Delete","interaction":{"idSuffix":"content"}},"wdio_ui5_key":"rfmtransactionui::xRFMxCU_TransactionList--fe::table::allTab::LineItem::StandardAction::Delete"}]}
RESULT: {"script":"<script> [21 bytes]","args":[{"selector":{"id":"rfm.transactionui::xRFMxCU_TransactionList--fe::table::allTab::LineItem::StandardAction::Delete","interaction":{"idSuffix":"content"}},"wdio_ui5_key":"rfmtransactionui::xRFMxCU_TransactionList--fe::table::allTab::LineItem::StandardAction::Delete"}]}
RESULT: undefined
COMMAND: POST /session/ae7958d9995f6607d2f30fb3cc4a3723/element - {"using":"xpath","value":"//*[@id=\"rfm.transactionui::xRFMxCU_TransactionList--fe::table::allTab::LineItem::StandardAction::Delete\"]"}
RESULT: {"using":"xpath","value":"//*[@id=\"rfm.transactionui::xRFMxCU_TransactionList--fe::table::allTab::LineItem::StandardAction::Delete\"]"}
COMMAND: POST /session/ae7958d9995f6607d2f30fb3cc4a3723/element/f.BDCA01536AC88C0F2E513AA87DC22218.d.25444CF401B770DA92A40CFE7F980DB9.e.1491/click - {}
RESULT: {}
COMMAND: POST /session/ae7958d9995f6607d2f30fb3cc4a3723/execute/async - {"script":"<script> [21 bytes]","args":[{"selector":{"controlType":"sap.m.Button","properties":{"text":"Delete"},"searchOpenDialogs":true,"interaction":{"idSuffix":"BDI-content"}},"wdio_ui5_key":"sapm.Button{\"text\":\"Delete\"}"}]}
COMMAND: GET /session/ae7958d9995f6607d2f30fb3cc4a3723/screenshot - {}
RESULT: {"script":"<script> [21 bytes]","args":[{"selector":{"controlType":"sap.m.Button","properties":{"text":"Delete"},"searchOpenDialogs":true,"interaction":{"idSuffix":"BDI-content"}},"wdio_ui5_key":"sapm.Button{\"text\":\"Delete\"}"}]}
RESULT: undefined
COMMAND: POST /session/ae7958d9995f6607d2f30fb3cc4a3723/element - {"using":"xpath","value":"//*[@id=\"__button297\"]"}
RESULT: {}
RESULT: {"using":"xpath","value":"//*[@id=\"__button297\"]"}
COMMAND: POST /session/ae7958d9995f6607d2f30fb3cc4a3723/element/f.BDCA01536AC88C0F2E513AA87DC22218.d.25444CF401B770DA92A40CFE7F980DB9.e.1615/click - {}
RESULT: {}
COMMAND: GET /session/ae7958d9995f6607d2f30fb3cc4a3723/screenshot - {}
RESULT: undefined
COMMAND: POST /session/ae7958d9995f6607d2f30fb3cc4a3723/element - {"using":"xpath","value":"//*[@id=\"rfm.transactionui::xRFMxCU_TransactionList--fe::FilterBar::xRFMxCU_Transaction-btnSearch\"]"}
RESULT: {}
RESULT: {"using":"xpath","value":"//*[@id=\"rfm.transactionui::xRFMxCU_TransactionList--fe::FilterBar::xRFMxCU_Transaction-btnSearch\"]"}
COMMAND: POST /session/ae7958d9995f6607d2f30fb3cc4a3723/element/f.BDCA01536AC88C0F2E513AA87DC22218.d.25444CF401B770DA92A40CFE7F980DB9.e.1608/click - {}
RESULT: {}
COMMAND: POST /session/ae7958d9995f6607d2f30fb3cc4a3723/execute/async - {"script":"<script> [21 bytes]","args":[{"selector":{"controlType":"sap.m.Title","viewName":"sap.fe.templates.ListReport.ListReport","viewId":"rfm.transactionui::xRFMxCU_TransactionList","properties":{"text":"No data found"}},"wdio_ui5_key":"sapfe.templates.ListReport.ListReportsap.m.Title{\"text\":\"No data found\"}"}]}
COMMAND: GET /session/ae7958d9995f6607d2f30fb3cc4a3723/screenshot - {}
RESULT: {"script":"<script> [21 bytes]","args":[{"selector":{"controlType":"sap.m.Title","viewName":"sap.fe.templates.ListReport.ListReport","viewId":"rfm.transactionui::xRFMxCU_TransactionList","properties":{"text":"No data found"}},"wdio_ui5_key":"sapfe.templates.ListReport.ListReportsap.m.Title{\"text\":\"No data found\"}"}]}
RESULT: undefined
COMMAND: POST /session/ae7958d9995f6607d2f30fb3cc4a3723/execute/async - {"script":"<script> [21 bytes]","args":[{"element-6066-11e4-a52e-4f735466cecf":"f.BDCA01536AC88C0F2E513AA87DC22218.d.25444CF401B770DA92A40CFE7F980DB9.e.1621"},"getText",[]]}
RESULT: {}
RESULT: {"script":"<script> [21 bytes]","args":[{"element-6066-11e4-a52e-4f735466cecf":"f.BDCA01536AC88C0F2E513AA87DC22218.d.25444CF401B770DA92A40CFE7F980DB9.e.1621"},"getText",[]]}
COMMAND: GET /session/ae7958d9995f6607d2f30fb3cc4a3723/screenshot - {}
COMMAND: DELETE /session/ae7958d9995f6607d2f30fb3cc4a3723 - {}
RESULT: {}
RESULT: {}
]]></system-out>
    </testcase>
  </testsuite>
</testsuites>