<?xml version="1.0" encoding="UTF-8"?>
<testsuites tests="10" failures="0" errors="0" skipped="0">
  <testsuite timestamp="2025-08-14T23:03:52" time="803.893" tests="10" failures="0" errors="0" skipped="0">
    <properties>
      <property name="specId" value="0"/>
      <property name="suiteName" value="Pool"/>
      <property name="capabilities" value="chrome.138_0_7204_184.windows"/>
      <property name="file" value="file:///D:/a/1/s/test/specs/BusinessObjects/Pool.spec.js"/>
    </properties>
    <testcase classname="chrome.138_0_7204_184.windows.Pool" name="Should create Program" time="132.485">
      <system-out><![CDATA[
COMMAND: POST /session/c73ab89c7a017c2778eef40b533b59ec/execute/async - {"script":"<script> [21 bytes]","args":[{"selector":{"controlType":"sap.m.GenericTile","properties":{"header":"Funding Program"}},"wdio_ui5_key":"sapm.GenericTile{\"header\":\"Funding Program\"}"}]}
RESULT: {"script":"<script> [21 bytes]","args":[{"selector":{"controlType":"sap.m.GenericTile","properties":{"header":"Funding Program"}},"wdio_ui5_key":"sapm.GenericTile{\"header\":\"Funding Program\"}"}]}
RESULT: undefined
COMMAND: POST /session/c73ab89c7a017c2778eef40b533b59ec/element - {"using":"xpath","value":"//*[@id=\"__tile29\"]"}
RESULT: {"using":"xpath","value":"//*[@id=\"__tile29\"]"}
COMMAND: POST /session/c73ab89c7a017c2778eef40b533b59ec/element/f.78A58C0CF28EEF12AF8F75C899055EE3.d.BC6093A0D175AD60CA7E7A0CFA6DB8AD.e.76/click - {}
RESULT: {}
COMMAND: POST /session/c73ab89c7a017c2778eef40b533b59ec/execute/async - {"script":"<script> [21 bytes]","args":[{"selector":{"id":"rfm.programui::xRFMxCU_ProgramList--fe::table::allTab::LineItem::StandardAction::Create","controlType":"sap.m.Button"},"wdio_ui5_key":"rfmprogramui::xRFMxCU_ProgramList--fe::table::allTab::LineItem::StandardAction::Createsap.m.Button"}]}
COMMAND: GET /session/c73ab89c7a017c2778eef40b533b59ec/screenshot - {}
RESULT: {"script":"<script> [21 bytes]","args":[{"selector":{"id":"rfm.programui::xRFMxCU_ProgramList--fe::table::allTab::LineItem::StandardAction::Create","controlType":"sap.m.Button"},"wdio_ui5_key":"rfmprogramui::xRFMxCU_ProgramList--fe::table::allTab::LineItem::StandardAction::Createsap.m.Button"}]}
RESULT: undefined
COMMAND: POST /session/c73ab89c7a017c2778eef40b533b59ec/element - {"using":"xpath","value":"//*[@id=\"rfm.programui::xRFMxCU_ProgramList--fe::table::allTab::LineItem::StandardAction::Create\"]"}
RESULT: {}
RESULT: {"using":"xpath","value":"//*[@id=\"rfm.programui::xRFMxCU_ProgramList--fe::table::allTab::LineItem::StandardAction::Create\"]"}
COMMAND: POST /session/c73ab89c7a017c2778eef40b533b59ec/element/f.78A58C0CF28EEF12AF8F75C899055EE3.d.BC6093A0D175AD60CA7E7A0CFA6DB8AD.e.141/click - {}
RESULT: {}
COMMAND: GET /session/c73ab89c7a017c2778eef40b533b59ec/screenshot - {}
RESULT: {}
COMMAND: POST /session/c73ab89c7a017c2778eef40b533b59ec/execute/async - {"script":"<script> [21 bytes]","args":[{"selector":{"id":"CreateDialog::xRFMxCU_ProgramType::FundingScope-inner","searchOpenDialogs":true,"interaction":{"idSuffix":"inner"}},"wdio_ui5_key":"CreateDialogxRFMxCU_ProgramType::FundingScope-inner"}]}
RESULT: {"script":"<script> [21 bytes]","args":[{"selector":{"id":"CreateDialog::xRFMxCU_ProgramType::FundingScope-inner","searchOpenDialogs":true,"interaction":{"idSuffix":"inner"}},"wdio_ui5_key":"CreateDialogxRFMxCU_ProgramType::FundingScope-inner"}]}
RESULT: undefined
COMMAND: POST /session/c73ab89c7a017c2778eef40b533b59ec/execute/async - {"script":"<script> [20 bytes]","args":[{"enterText":"Total","selector":{"id":"CreateDialog::xRFMxCU_ProgramType::FundingScope-inner","searchOpenDialogs":true,"interaction":{"idSuffix":"inner"}},"clearTextFirst":true,"interactionType":"ENTER_TEXT"}]}
RESULT: {"script":"<script> [20 bytes]","args":[{"enterText":"Total","selector":{"id":"CreateDialog::xRFMxCU_ProgramType::FundingScope-inner","searchOpenDialogs":true,"interaction":{"idSuffix":"inner"}},"clearTextFirst":true,"interactionType":"ENTER_TEXT"}]}
COMMAND: POST /session/c73ab89c7a017c2778eef40b533b59ec/execute/async - {"script":"<script> [21 bytes]","args":[{"selector":{"id":"CreateDialog::xRFMxCU_ProgramType::ValidFrom-inner","searchOpenDialogs":true,"interaction":{"idSuffix":"inner"}},"wdio_ui5_key":"CreateDialogxRFMxCU_ProgramType::ValidFrom-inner"}]}
RESULT: {"script":"<script> [21 bytes]","args":[{"selector":{"id":"CreateDialog::xRFMxCU_ProgramType::ValidFrom-inner","searchOpenDialogs":true,"interaction":{"idSuffix":"inner"}},"wdio_ui5_key":"CreateDialogxRFMxCU_ProgramType::ValidFrom-inner"}]}
RESULT: undefined
COMMAND: POST /session/c73ab89c7a017c2778eef40b533b59ec/execute/async - {"script":"<script> [20 bytes]","args":[{"enterText":"2025-01-01","selector":{"id":"CreateDialog::xRFMxCU_ProgramType::ValidFrom-inner","searchOpenDialogs":true,"interaction":{"idSuffix":"inner"}},"clearTextFirst":true,"interactionType":"ENTER_TEXT"}]}
RESULT: {"script":"<script> [20 bytes]","args":[{"enterText":"2025-01-01","selector":{"id":"CreateDialog::xRFMxCU_ProgramType::ValidFrom-inner","searchOpenDialogs":true,"interaction":{"idSuffix":"inner"}},"clearTextFirst":true,"interactionType":"ENTER_TEXT"}]}
COMMAND: POST /session/c73ab89c7a017c2778eef40b533b59ec/execute/async - {"script":"<script> [21 bytes]","args":[{"selector":{"id":"CreateDialog::xRFMxCU_ProgramType::PortfolioId-inner","searchOpenDialogs":true,"interaction":{"idSuffix":"inner"}},"wdio_ui5_key":"CreateDialogxRFMxCU_ProgramType::PortfolioId-inner"}]}
RESULT: {"script":"<script> [21 bytes]","args":[{"selector":{"id":"CreateDialog::xRFMxCU_ProgramType::PortfolioId-inner","searchOpenDialogs":true,"interaction":{"idSuffix":"inner"}},"wdio_ui5_key":"CreateDialogxRFMxCU_ProgramType::PortfolioId-inner"}]}
RESULT: undefined
COMMAND: POST /session/c73ab89c7a017c2778eef40b533b59ec/execute/async - {"script":"<script> [20 bytes]","args":[{"enterText":"1","selector":{"id":"CreateDialog::xRFMxCU_ProgramType::PortfolioId-inner","searchOpenDialogs":true,"interaction":{"idSuffix":"inner"}},"clearTextFirst":true,"interactionType":"ENTER_TEXT"}]}
RESULT: {"script":"<script> [20 bytes]","args":[{"enterText":"1","selector":{"id":"CreateDialog::xRFMxCU_ProgramType::PortfolioId-inner","searchOpenDialogs":true,"interaction":{"idSuffix":"inner"}},"clearTextFirst":true,"interactionType":"ENTER_TEXT"}]}
COMMAND: POST /session/c73ab89c7a017c2778eef40b533b59ec/execute/async - {"script":"<script> [21 bytes]","args":[{"selector":{"controlType":"sap.m.Button","viewName":"sap.fe.templates.ObjectPage.ObjectPage","viewId":"rfm.programui::xRFMxCU_ProgramObjectPage","properties":{"text":"Continue"},"searchOpenDialogs":true,"interaction":{"idSuffix":"BDI-content"}},"wdio_ui5_key":"sapfe.templates.ObjectPage.ObjectPagesap.m.Button{\"text\":\"Continue\"}"}]}
RESULT: {"script":"<script> [21 bytes]","args":[{"selector":{"controlType":"sap.m.Button","viewName":"sap.fe.templates.ObjectPage.ObjectPage","viewId":"rfm.programui::xRFMxCU_ProgramObjectPage","properties":{"text":"Continue"},"searchOpenDialogs":true,"interaction":{"idSuffix":"BDI-content"}},"wdio_ui5_key":"sapfe.templates.ObjectPage.ObjectPagesap.m.Button{\"text\":\"Continue\"}"}]}
RESULT: undefined
COMMAND: POST /session/c73ab89c7a017c2778eef40b533b59ec/element - {"using":"xpath","value":"//*[@id=\"__button187\"]"}
RESULT: {"using":"xpath","value":"//*[@id=\"__button187\"]"}
COMMAND: POST /session/c73ab89c7a017c2778eef40b533b59ec/element/f.78A58C0CF28EEF12AF8F75C899055EE3.d.BC6093A0D175AD60CA7E7A0CFA6DB8AD.e.315/click - {}
RESULT: {}
COMMAND: GET /session/c73ab89c7a017c2778eef40b533b59ec/screenshot - {}
RESULT: {}
COMMAND: POST /session/c73ab89c7a017c2778eef40b533b59ec/execute/async - {"script":"<script> [21 bytes]","args":[{"selector":{"id":"rfm.programui::xRFMxCU_ProgramObjectPage--fe::CustomSubSection::CustomDetailsSection--fe::FormContainer::FieldGroup::basicData1::FormElement::DataField::Currency::Field-edit-inner","interaction":{"idSuffix":"inner"}},"wdio_ui5_key":"rfmprogramui::xRFMxCU_ProgramObjectPage--fe::CustomSubSection::CustomDetailsSection--fe::FormContainer::FieldGroup::basicData1::FormElement::DataField::Currency::Field-edit-inner"}]}
RESULT: {"script":"<script> [21 bytes]","args":[{"selector":{"id":"rfm.programui::xRFMxCU_ProgramObjectPage--fe::CustomSubSection::CustomDetailsSection--fe::FormContainer::FieldGroup::basicData1::FormElement::DataField::Currency::Field-edit-inner","interaction":{"idSuffix":"inner"}},"wdio_ui5_key":"rfmprogramui::xRFMxCU_ProgramObjectPage--fe::CustomSubSection::CustomDetailsSection--fe::FormContainer::FieldGroup::basicData1::FormElement::DataField::Currency::Field-edit-inner"}]}
RESULT: undefined
COMMAND: POST /session/c73ab89c7a017c2778eef40b533b59ec/execute/async - {"script":"<script> [20 bytes]","args":[{"enterText":"EUR","selector":{"id":"rfm.programui::xRFMxCU_ProgramObjectPage--fe::CustomSubSection::CustomDetailsSection--fe::FormContainer::FieldGroup::basicData1::FormElement::DataField::Currency::Field-edit-inner","interaction":{"idSuffix":"inner"}},"clearTextFirst":true,"interactionType":"ENTER_TEXT"}]}
RESULT: {"script":"<script> [20 bytes]","args":[{"enterText":"EUR","selector":{"id":"rfm.programui::xRFMxCU_ProgramObjectPage--fe::CustomSubSection::CustomDetailsSection--fe::FormContainer::FieldGroup::basicData1::FormElement::DataField::Currency::Field-edit-inner","interaction":{"idSuffix":"inner"}},"clearTextFirst":true,"interactionType":"ENTER_TEXT"}]}
COMMAND: POST /session/c73ab89c7a017c2778eef40b533b59ec/execute/async - {"script":"<script> [21 bytes]","args":[{"selector":{"id":"rfm.programui::xRFMxCU_ProgramObjectPage--fe::CustomSubSection::CustomDetailsSection--fe::FormContainer::FieldGroup::basicData1::FormElement::DataField::Volume::Field-edit-inner","interaction":{"idSuffix":"inner"}},"wdio_ui5_key":"rfmprogramui::xRFMxCU_ProgramObjectPage--fe::CustomSubSection::CustomDetailsSection--fe::FormContainer::FieldGroup::basicData1::FormElement::DataField::Volume::Field-edit-inner"}]}
RESULT: {"script":"<script> [21 bytes]","args":[{"selector":{"id":"rfm.programui::xRFMxCU_ProgramObjectPage--fe::CustomSubSection::CustomDetailsSection--fe::FormContainer::FieldGroup::basicData1::FormElement::DataField::Volume::Field-edit-inner","interaction":{"idSuffix":"inner"}},"wdio_ui5_key":"rfmprogramui::xRFMxCU_ProgramObjectPage--fe::CustomSubSection::CustomDetailsSection--fe::FormContainer::FieldGroup::basicData1::FormElement::DataField::Volume::Field-edit-inner"}]}
RESULT: undefined
COMMAND: POST /session/c73ab89c7a017c2778eef40b533b59ec/execute/async - {"script":"<script> [20 bytes]","args":[{"enterText":"1,000,000,000.00","selector":{"id":"rfm.programui::xRFMxCU_ProgramObjectPage--fe::CustomSubSection::CustomDetailsSection--fe::FormContainer::FieldGroup::basicData1::FormElement::DataField::Volume::Field-edit-inner","interaction":{"idSuffix":"inner"}},"clearTextFirst":true,"interactionType":"ENTER_TEXT"}]}
RESULT: {"script":"<script> [20 bytes]","args":[{"enterText":"1,000,000,000.00","selector":{"id":"rfm.programui::xRFMxCU_ProgramObjectPage--fe::CustomSubSection::CustomDetailsSection--fe::FormContainer::FieldGroup::basicData1::FormElement::DataField::Volume::Field-edit-inner","interaction":{"idSuffix":"inner"}},"clearTextFirst":true,"interactionType":"ENTER_TEXT"}]}
COMMAND: POST /session/c73ab89c7a017c2778eef40b533b59ec/execute/async - {"script":"<script> [21 bytes]","args":[{"selector":{"id":"rfm.programui::xRFMxCU_ProgramObjectPage--fe::CustomSubSection::CustomDetailsSection--fe::FormContainer::FieldGroup::basicData1::FormElement::DataField::ValidTo::Field-edit","interaction":{"idSuffix":"inner"}},"wdio_ui5_key":"rfmprogramui::xRFMxCU_ProgramObjectPage--fe::CustomSubSection::CustomDetailsSection--fe::FormContainer::FieldGroup::basicData1::FormElement::DataField::ValidTo::Field-edit"}]}
RESULT: {"script":"<script> [21 bytes]","args":[{"selector":{"id":"rfm.programui::xRFMxCU_ProgramObjectPage--fe::CustomSubSection::CustomDetailsSection--fe::FormContainer::FieldGroup::basicData1::FormElement::DataField::ValidTo::Field-edit","interaction":{"idSuffix":"inner"}},"wdio_ui5_key":"rfmprogramui::xRFMxCU_ProgramObjectPage--fe::CustomSubSection::CustomDetailsSection--fe::FormContainer::FieldGroup::basicData1::FormElement::DataField::ValidTo::Field-edit"}]}
RESULT: undefined
COMMAND: POST /session/c73ab89c7a017c2778eef40b533b59ec/execute/async - {"script":"<script> [20 bytes]","args":[{"enterText":"2027-12-31","selector":{"id":"rfm.programui::xRFMxCU_ProgramObjectPage--fe::CustomSubSection::CustomDetailsSection--fe::FormContainer::FieldGroup::basicData1::FormElement::DataField::ValidTo::Field-edit","interaction":{"idSuffix":"inner"}},"clearTextFirst":true,"interactionType":"ENTER_TEXT"}]}
RESULT: {"script":"<script> [20 bytes]","args":[{"enterText":"2027-12-31","selector":{"id":"rfm.programui::xRFMxCU_ProgramObjectPage--fe::CustomSubSection::CustomDetailsSection--fe::FormContainer::FieldGroup::basicData1::FormElement::DataField::ValidTo::Field-edit","interaction":{"idSuffix":"inner"}},"clearTextFirst":true,"interactionType":"ENTER_TEXT"}]}
COMMAND: POST /session/c73ab89c7a017c2778eef40b533b59ec/execute/async - {"script":"<script> [21 bytes]","args":[{"selector":{"id":"rfm.programui::xRFMxCU_ProgramObjectPage--fe::CustomSubSection::CustomDetailsSection--fe::FormContainer::FieldGroup::basicData2::FormElement::DataField::CompanyCode::Field-edit-inner","interaction":{"idSuffix":"inner"}},"wdio_ui5_key":"rfmprogramui::xRFMxCU_ProgramObjectPage--fe::CustomSubSection::CustomDetailsSection--fe::FormContainer::FieldGroup::basicData2::FormElement::DataField::CompanyCode::Field-edit-inner"}]}
RESULT: {"script":"<script> [21 bytes]","args":[{"selector":{"id":"rfm.programui::xRFMxCU_ProgramObjectPage--fe::CustomSubSection::CustomDetailsSection--fe::FormContainer::FieldGroup::basicData2::FormElement::DataField::CompanyCode::Field-edit-inner","interaction":{"idSuffix":"inner"}},"wdio_ui5_key":"rfmprogramui::xRFMxCU_ProgramObjectPage--fe::CustomSubSection::CustomDetailsSection--fe::FormContainer::FieldGroup::basicData2::FormElement::DataField::CompanyCode::Field-edit-inner"}]}
RESULT: undefined
COMMAND: POST /session/c73ab89c7a017c2778eef40b533b59ec/execute/async - {"script":"<script> [20 bytes]","args":[{"enterText":"BearingPoint (0001)","selector":{"id":"rfm.programui::xRFMxCU_ProgramObjectPage--fe::CustomSubSection::CustomDetailsSection--fe::FormContainer::FieldGroup::basicData2::FormElement::DataField::CompanyCode::Field-edit-inner","interaction":{"idSuffix":"inner"}},"clearTextFirst":true,"interactionType":"ENTER_TEXT"}]}
RESULT: {"script":"<script> [20 bytes]","args":[{"enterText":"BearingPoint (0001)","selector":{"id":"rfm.programui::xRFMxCU_ProgramObjectPage--fe::CustomSubSection::CustomDetailsSection--fe::FormContainer::FieldGroup::basicData2::FormElement::DataField::CompanyCode::Field-edit-inner","interaction":{"idSuffix":"inner"}},"clearTextFirst":true,"interactionType":"ENTER_TEXT"}]}
COMMAND: POST /session/c73ab89c7a017c2778eef40b533b59ec/execute/async - {"script":"<script> [21 bytes]","args":[{"selector":{"id":"rfm.programui::xRFMxCU_ProgramObjectPage--fe::CustomSubSection::CustomDetailsSection--DetailsFundingTypesTable-content::StandardAction::Create","interaction":{"idSuffix":"BDI-content"}},"wdio_ui5_key":"rfmprogramui::xRFMxCU_ProgramObjectPage--fe::CustomSubSection::CustomDetailsSection--DetailsFundingTypesTable-content::StandardAction::Create"}]}
RESULT: {"script":"<script> [21 bytes]","args":[{"selector":{"id":"rfm.programui::xRFMxCU_ProgramObjectPage--fe::CustomSubSection::CustomDetailsSection--DetailsFundingTypesTable-content::StandardAction::Create","interaction":{"idSuffix":"BDI-content"}},"wdio_ui5_key":"rfmprogramui::xRFMxCU_ProgramObjectPage--fe::CustomSubSection::CustomDetailsSection--DetailsFundingTypesTable-content::StandardAction::Create"}]}
RESULT: undefined
COMMAND: POST /session/c73ab89c7a017c2778eef40b533b59ec/element - {"using":"xpath","value":"//*[@id=\"rfm.programui::xRFMxCU_ProgramObjectPage--fe::CustomSubSection::CustomDetailsSection--DetailsFundingTypesTable-content::StandardAction::Create\"]"}
RESULT: {"using":"xpath","value":"//*[@id=\"rfm.programui::xRFMxCU_ProgramObjectPage--fe::CustomSubSection::CustomDetailsSection--DetailsFundingTypesTable-content::StandardAction::Create\"]"}
COMMAND: POST /session/c73ab89c7a017c2778eef40b533b59ec/element/f.78A58C0CF28EEF12AF8F75C899055EE3.d.BC6093A0D175AD60CA7E7A0CFA6DB8AD.e.367/click - {}
RESULT: {}
COMMAND: POST /session/c73ab89c7a017c2778eef40b533b59ec/execute/async - {"script":"<script> [21 bytes]","args":[{"selector":{"id":"CreateDialog::xRFMxCU_ProgramFundingTypeType::FundingType-inner","searchOpenDialogs":true,"interaction":{"idSuffix":"inner"}},"wdio_ui5_key":"CreateDialogxRFMxCU_ProgramFundingTypeType::FundingType-inner"}]}
COMMAND: GET /session/c73ab89c7a017c2778eef40b533b59ec/screenshot - {}
RESULT: {"script":"<script> [21 bytes]","args":[{"selector":{"id":"CreateDialog::xRFMxCU_ProgramFundingTypeType::FundingType-inner","searchOpenDialogs":true,"interaction":{"idSuffix":"inner"}},"wdio_ui5_key":"CreateDialogxRFMxCU_ProgramFundingTypeType::FundingType-inner"}]}
RESULT: undefined
COMMAND: POST /session/c73ab89c7a017c2778eef40b533b59ec/execute/async - {"script":"<script> [20 bytes]","args":[{"enterText":"External Funding (40)","selector":{"id":"CreateDialog::xRFMxCU_ProgramFundingTypeType::FundingType-inner","searchOpenDialogs":true,"interaction":{"idSuffix":"inner"}},"clearTextFirst":true,"interactionType":"ENTER_TEXT"}]}
RESULT: {}
RESULT: {"script":"<script> [20 bytes]","args":[{"enterText":"External Funding (40)","selector":{"id":"CreateDialog::xRFMxCU_ProgramFundingTypeType::FundingType-inner","searchOpenDialogs":true,"interaction":{"idSuffix":"inner"}},"clearTextFirst":true,"interactionType":"ENTER_TEXT"}]}
COMMAND: POST /session/c73ab89c7a017c2778eef40b533b59ec/execute/async - {"script":"<script> [21 bytes]","args":[{"selector":{"id":"CreateDialog::xRFMxCU_Program::_AllowedFundingType-footer","searchOpenDialogs":true},"wdio_ui5_key":"CreateDialogxRFMxCU_Program::_AllowedFundingType-footer"}]}
RESULT: {"script":"<script> [21 bytes]","args":[{"selector":{"id":"CreateDialog::xRFMxCU_Program::_AllowedFundingType-footer","searchOpenDialogs":true},"wdio_ui5_key":"CreateDialogxRFMxCU_Program::_AllowedFundingType-footer"}]}
RESULT: undefined
COMMAND: POST /session/c73ab89c7a017c2778eef40b533b59ec/element - {"using":"xpath","value":"//*[@id=\"CreateDialog::xRFMxCU_Program::_AllowedFundingType-footer\"]"}
RESULT: {"using":"xpath","value":"//*[@id=\"CreateDialog::xRFMxCU_Program::_AllowedFundingType-footer\"]"}
COMMAND: POST /session/c73ab89c7a017c2778eef40b533b59ec/element/f.78A58C0CF28EEF12AF8F75C899055EE3.d.BC6093A0D175AD60CA7E7A0CFA6DB8AD.e.515/click - {}
RESULT: {}
COMMAND: GET /session/c73ab89c7a017c2778eef40b533b59ec/screenshot - {}
RESULT: {}
COMMAND: POST /session/c73ab89c7a017c2778eef40b533b59ec/execute/async - {"script":"<script> [21 bytes]","args":[{"forceSelect":true,"selector":{"controlType":"sap.m.Button","viewName":"sap.fe.templates.ObjectPage.ObjectPage","viewId":"rfm.programui::xRFMxCU_Program__AllowedFundingTypeObjectPage","properties":{"text":"Continue"},"searchOpenDialogs":true,"interaction":{"idSuffix":"content"}},"wdio_ui5_key":"sapfe.templates.ObjectPage.ObjectPagesap.m.Button{\"text\":\"Continue\"}"}]}
RESULT: {"script":"<script> [21 bytes]","args":[{"forceSelect":true,"selector":{"controlType":"sap.m.Button","viewName":"sap.fe.templates.ObjectPage.ObjectPage","viewId":"rfm.programui::xRFMxCU_Program__AllowedFundingTypeObjectPage","properties":{"text":"Continue"},"searchOpenDialogs":true,"interaction":{"idSuffix":"content"}},"wdio_ui5_key":"sapfe.templates.ObjectPage.ObjectPagesap.m.Button{\"text\":\"Continue\"}"}]}
RESULT: undefined
COMMAND: POST /session/c73ab89c7a017c2778eef40b533b59ec/element - {"using":"xpath","value":"//*[@id=\"__button199\"]"}
RESULT: {"using":"xpath","value":"//*[@id=\"__button199\"]"}
COMMAND: POST /session/c73ab89c7a017c2778eef40b533b59ec/element/f.78A58C0CF28EEF12AF8F75C899055EE3.d.BC6093A0D175AD60CA7E7A0CFA6DB8AD.e.517/click - {}
RESULT: {}
COMMAND: GET /session/c73ab89c7a017c2778eef40b533b59ec/screenshot - {}
RESULT: {}
COMMAND: POST /session/c73ab89c7a017c2778eef40b533b59ec/execute/async - {"script":"<script> [21 bytes]","args":[{"selector":{"id":"rfm.programui::xRFMxCU_Program__AllowedFundingTypeObjectPage--fe::FooterBar::_fc"},"wdio_ui5_key":"rfmprogramui::xRFMxCU_Program__AllowedFundingTypeObjectPage--fe::FooterBar::_fc"}]}
RESULT: {"script":"<script> [21 bytes]","args":[{"selector":{"id":"rfm.programui::xRFMxCU_Program__AllowedFundingTypeObjectPage--fe::FooterBar::_fc"},"wdio_ui5_key":"rfmprogramui::xRFMxCU_Program__AllowedFundingTypeObjectPage--fe::FooterBar::_fc"}]}
RESULT: undefined
COMMAND: POST /session/c73ab89c7a017c2778eef40b533b59ec/element - {"using":"xpath","value":"//*[@id=\"rfm.programui::xRFMxCU_Program__AllowedFundingTypeObjectPage--fe::FooterBar::_fc\"]"}
RESULT: {"using":"xpath","value":"//*[@id=\"rfm.programui::xRFMxCU_Program__AllowedFundingTypeObjectPage--fe::FooterBar::_fc\"]"}
COMMAND: POST /session/c73ab89c7a017c2778eef40b533b59ec/element/f.78A58C0CF28EEF12AF8F75C899055EE3.d.BC6093A0D175AD60CA7E7A0CFA6DB8AD.e.524/click - {}
RESULT: {}
COMMAND: GET /session/c73ab89c7a017c2778eef40b533b59ec/screenshot - {}
RESULT: {}
COMMAND: POST /session/c73ab89c7a017c2778eef40b533b59ec/execute/async - {"script":"<script> [21 bytes]","args":[{"forceSelect":true,"selector":{"id":"rfm.programui::xRFMxCU_Program__AllowedFundingTypeObjectPage--fe::FooterBar::StandardAction::Apply"},"wdio_ui5_key":"rfmprogramui::xRFMxCU_Program__AllowedFundingTypeObjectPage--fe::FooterBar::StandardAction::Apply"}]}
RESULT: {"script":"<script> [21 bytes]","args":[{"forceSelect":true,"selector":{"id":"rfm.programui::xRFMxCU_Program__AllowedFundingTypeObjectPage--fe::FooterBar::StandardAction::Apply"},"wdio_ui5_key":"rfmprogramui::xRFMxCU_Program__AllowedFundingTypeObjectPage--fe::FooterBar::StandardAction::Apply"}]}
RESULT: undefined
COMMAND: POST /session/c73ab89c7a017c2778eef40b533b59ec/element - {"using":"xpath","value":"//*[@id=\"rfm.programui::xRFMxCU_Program__AllowedFundingTypeObjectPage--fe::FooterBar::StandardAction::Apply\"]"}
RESULT: {"using":"xpath","value":"//*[@id=\"rfm.programui::xRFMxCU_Program__AllowedFundingTypeObjectPage--fe::FooterBar::StandardAction::Apply\"]"}
COMMAND: POST /session/c73ab89c7a017c2778eef40b533b59ec/element/f.78A58C0CF28EEF12AF8F75C899055EE3.d.BC6093A0D175AD60CA7E7A0CFA6DB8AD.e.506/click - {}
RESULT: {}
COMMAND: POST /session/c73ab89c7a017c2778eef40b533b59ec/execute/async - {"script":"<script> [21 bytes]","args":[{"selector":{"id":"rfm.programui::xRFMxCU_ProgramObjectPage--fe::ObjectPage-anchBar-rfm.programui::xRFMxCU_ProgramObjectPage--fe::EditableHeaderSection-anchor","interaction":{"idSuffix":"text"}},"wdio_ui5_key":"rfmprogramui::xRFMxCU_ProgramObjectPage--fe::ObjectPage-anchBar-rfm.programui::xRFMxCU_ProgramObjectPage--fe::EditableHeaderSection-anchor"}]}
COMMAND: GET /session/c73ab89c7a017c2778eef40b533b59ec/screenshot - {}
RESULT: {"script":"<script> [21 bytes]","args":[{"selector":{"id":"rfm.programui::xRFMxCU_ProgramObjectPage--fe::ObjectPage-anchBar-rfm.programui::xRFMxCU_ProgramObjectPage--fe::EditableHeaderSection-anchor","interaction":{"idSuffix":"text"}},"wdio_ui5_key":"rfmprogramui::xRFMxCU_ProgramObjectPage--fe::ObjectPage-anchBar-rfm.programui::xRFMxCU_ProgramObjectPage--fe::EditableHeaderSection-anchor"}]}
RESULT: undefined
COMMAND: POST /session/c73ab89c7a017c2778eef40b533b59ec/element - {"using":"xpath","value":"//*[@id=\"rfm.programui::xRFMxCU_ProgramObjectPage--fe::ObjectPage-anchBar-rfm.programui::xRFMxCU_ProgramObjectPage--fe::EditableHeaderSection-anchor\"]"}
RESULT: {}
RESULT: {"using":"xpath","value":"//*[@id=\"rfm.programui::xRFMxCU_ProgramObjectPage--fe::ObjectPage-anchBar-rfm.programui::xRFMxCU_ProgramObjectPage--fe::EditableHeaderSection-anchor\"]"}
COMMAND: POST /session/c73ab89c7a017c2778eef40b533b59ec/element/f.78A58C0CF28EEF12AF8F75C899055EE3.d.BC6093A0D175AD60CA7E7A0CFA6DB8AD.e.568/click - {}
RESULT: {}
COMMAND: GET /session/c73ab89c7a017c2778eef40b533b59ec/screenshot - {}
RESULT: {}
COMMAND: POST /session/c73ab89c7a017c2778eef40b533b59ec/execute/async - {"script":"<script> [21 bytes]","args":[{"selector":{"id":"rfm.programui::xRFMxCU_ProgramObjectPage--fe::HeaderFacet::FormContainer::headerFieldsGP1::FormElement::DataField::Name::Field-edit","interaction":{"idSuffix":"inner"}},"wdio_ui5_key":"rfmprogramui::xRFMxCU_ProgramObjectPage--fe::HeaderFacet::FormContainer::headerFieldsGP1::FormElement::DataField::Name::Field-edit"}]}
RESULT: {"script":"<script> [21 bytes]","args":[{"selector":{"id":"rfm.programui::xRFMxCU_ProgramObjectPage--fe::HeaderFacet::FormContainer::headerFieldsGP1::FormElement::DataField::Name::Field-edit","interaction":{"idSuffix":"inner"}},"wdio_ui5_key":"rfmprogramui::xRFMxCU_ProgramObjectPage--fe::HeaderFacet::FormContainer::headerFieldsGP1::FormElement::DataField::Name::Field-edit"}]}
RESULT: undefined
COMMAND: POST /session/c73ab89c7a017c2778eef40b533b59ec/execute/async - {"script":"<script> [20 bytes]","args":[{"enterText":"WDIO_Pool_2025-08-14_23-03-40","selector":{"id":"rfm.programui::xRFMxCU_ProgramObjectPage--fe::HeaderFacet::FormContainer::headerFieldsGP1::FormElement::DataField::Name::Field-edit","interaction":{"idSuffix":"inner"}},"clearTextFirst":true,"interactionType":"ENTER_TEXT"}]}
RESULT: {"script":"<script> [20 bytes]","args":[{"enterText":"WDIO_Pool_2025-08-14_23-03-40","selector":{"id":"rfm.programui::xRFMxCU_ProgramObjectPage--fe::HeaderFacet::FormContainer::headerFieldsGP1::FormElement::DataField::Name::Field-edit","interaction":{"idSuffix":"inner"}},"clearTextFirst":true,"interactionType":"ENTER_TEXT"}]}
COMMAND: POST /session/c73ab89c7a017c2778eef40b533b59ec/execute/async - {"script":"<script> [21 bytes]","args":[{"selector":{"id":"rfm.programui::xRFMxCU_ProgramObjectPage--fe::FooterBar::StandardAction::Save","interaction":{"idSuffix":"BDI-content"}},"wdio_ui5_key":"rfmprogramui::xRFMxCU_ProgramObjectPage--fe::FooterBar::StandardAction::Save"}]}
RESULT: {"script":"<script> [21 bytes]","args":[{"selector":{"id":"rfm.programui::xRFMxCU_ProgramObjectPage--fe::FooterBar::StandardAction::Save","interaction":{"idSuffix":"BDI-content"}},"wdio_ui5_key":"rfmprogramui::xRFMxCU_ProgramObjectPage--fe::FooterBar::StandardAction::Save"}]}
RESULT: undefined
COMMAND: POST /session/c73ab89c7a017c2778eef40b533b59ec/element - {"using":"xpath","value":"//*[@id=\"rfm.programui::xRFMxCU_ProgramObjectPage--fe::FooterBar::StandardAction::Save\"]"}
RESULT: {"using":"xpath","value":"//*[@id=\"rfm.programui::xRFMxCU_ProgramObjectPage--fe::FooterBar::StandardAction::Save\"]"}
COMMAND: POST /session/c73ab89c7a017c2778eef40b533b59ec/element/f.78A58C0CF28EEF12AF8F75C899055EE3.d.BC6093A0D175AD60CA7E7A0CFA6DB8AD.e.422/click - {}
RESULT: {}
COMMAND: POST /session/c73ab89c7a017c2778eef40b533b59ec/execute/async - {"script":"<script> [21 bytes]","args":[{"selector":{"id":"rfm.programui::xRFMxCU_ProgramObjectPage--fe::HeaderFacet::Form::headerFieldsGP1::DataField::ProgramId::Field-content"},"wdio_ui5_key":"rfmprogramui::xRFMxCU_ProgramObjectPage--fe::HeaderFacet::Form::headerFieldsGP1::DataField::ProgramId::Field-content"}]}
COMMAND: GET /session/c73ab89c7a017c2778eef40b533b59ec/screenshot - {}
RESULT: {"script":"<script> [21 bytes]","args":[{"selector":{"id":"rfm.programui::xRFMxCU_ProgramObjectPage--fe::HeaderFacet::Form::headerFieldsGP1::DataField::ProgramId::Field-content"},"wdio_ui5_key":"rfmprogramui::xRFMxCU_ProgramObjectPage--fe::HeaderFacet::Form::headerFieldsGP1::DataField::ProgramId::Field-content"}]}
RESULT: undefined
COMMAND: POST /session/c73ab89c7a017c2778eef40b533b59ec/execute/async - {"script":"<script> [21 bytes]","args":[{"element-6066-11e4-a52e-4f735466cecf":"f.78A58C0CF28EEF12AF8F75C899055EE3.d.BC6093A0D175AD60CA7E7A0CFA6DB8AD.e.585"},"getText",[]]}
RESULT: {}
RESULT: {"script":"<script> [21 bytes]","args":[{"element-6066-11e4-a52e-4f735466cecf":"f.78A58C0CF28EEF12AF8F75C899055EE3.d.BC6093A0D175AD60CA7E7A0CFA6DB8AD.e.585"},"getText",[]]}
COMMAND: POST /session/c73ab89c7a017c2778eef40b533b59ec/execute/async - {"script":"<script> [21 bytes]","args":[{"selector":{"id":"rfm.programui::xRFMxCU_ProgramObjectPage--fe::DataFieldForAction::com.sap.gateway.srvd.rfm.ui_program.v0001.Open::com.sap.gateway.srvd.rfm.ui_program.v0001.xRFMxCU_ProgramType","interaction":{"idSuffix":"BDI-content"}},"wdio_ui5_key":"rfmprogramui::xRFMxCU_ProgramObjectPage--fe::DataFieldForAction::com.sap.gateway.srvd.rfm.ui_program.v0001.Open::com.sap.gateway.srvd.rfm.ui_program.v0001.xRFMxCU_ProgramType"}]}
RESULT: {"script":"<script> [21 bytes]","args":[{"selector":{"id":"rfm.programui::xRFMxCU_ProgramObjectPage--fe::DataFieldForAction::com.sap.gateway.srvd.rfm.ui_program.v0001.Open::com.sap.gateway.srvd.rfm.ui_program.v0001.xRFMxCU_ProgramType","interaction":{"idSuffix":"BDI-content"}},"wdio_ui5_key":"rfmprogramui::xRFMxCU_ProgramObjectPage--fe::DataFieldForAction::com.sap.gateway.srvd.rfm.ui_program.v0001.Open::com.sap.gateway.srvd.rfm.ui_program.v0001.xRFMxCU_ProgramType"}]}
RESULT: undefined
COMMAND: POST /session/c73ab89c7a017c2778eef40b533b59ec/element - {"using":"xpath","value":"//*[@id=\"rfm.programui::xRFMxCU_ProgramObjectPage--fe::DataFieldForAction::com.sap.gateway.srvd.rfm.ui_program.v0001.Open::com.sap.gateway.srvd.rfm.ui_program.v0001.xRFMxCU_ProgramType\"]"}
RESULT: {"using":"xpath","value":"//*[@id=\"rfm.programui::xRFMxCU_ProgramObjectPage--fe::DataFieldForAction::com.sap.gateway.srvd.rfm.ui_program.v0001.Open::com.sap.gateway.srvd.rfm.ui_program.v0001.xRFMxCU_ProgramType\"]"}
COMMAND: POST /session/c73ab89c7a017c2778eef40b533b59ec/element/f.78A58C0CF28EEF12AF8F75C899055EE3.d.BC6093A0D175AD60CA7E7A0CFA6DB8AD.e.346/click - {}
RESULT: {}
COMMAND: GET /session/c73ab89c7a017c2778eef40b533b59ec/screenshot - {}
RESULT: {}
COMMAND: POST /session/c73ab89c7a017c2778eef40b533b59ec/execute/async - {"script":"<script> [21 bytes]","args":[{"selector":{"controlType":"sap.m.Button","properties":{"text":"OK"},"searchOpenDialogs":true,"interaction":{"idSuffix":"BDI-content"}},"wdio_ui5_key":"sapm.Button{\"text\":\"OK\"}"}]}
RESULT: {"script":"<script> [21 bytes]","args":[{"selector":{"controlType":"sap.m.Button","properties":{"text":"OK"},"searchOpenDialogs":true,"interaction":{"idSuffix":"BDI-content"}},"wdio_ui5_key":"sapm.Button{\"text\":\"OK\"}"}]}
RESULT: undefined
COMMAND: POST /session/c73ab89c7a017c2778eef40b533b59ec/element - {"using":"xpath","value":"//*[@id=\"__mbox-btn-0\"]"}
RESULT: {"using":"xpath","value":"//*[@id=\"__mbox-btn-0\"]"}
COMMAND: POST /session/c73ab89c7a017c2778eef40b533b59ec/element/f.78A58C0CF28EEF12AF8F75C899055EE3.d.BC6093A0D175AD60CA7E7A0CFA6DB8AD.e.587/click - {}
RESULT: {}
COMMAND: POST /session/c73ab89c7a017c2778eef40b533b59ec/execute/async - {"script":"<script> [21 bytes]","args":[{"selector":{"id":"backBtn"},"wdio_ui5_key":"backBtn"}]}
COMMAND: GET /session/c73ab89c7a017c2778eef40b533b59ec/screenshot - {}
RESULT: {"script":"<script> [21 bytes]","args":[{"selector":{"id":"backBtn"},"wdio_ui5_key":"backBtn"}]}
RESULT: undefined
COMMAND: POST /session/c73ab89c7a017c2778eef40b533b59ec/element - {"using":"xpath","value":"//*[@id=\"backBtn\"]"}
RESULT: {}
RESULT: {"using":"xpath","value":"//*[@id=\"backBtn\"]"}
COMMAND: POST /session/c73ab89c7a017c2778eef40b533b59ec/element/f.78A58C0CF28EEF12AF8F75C899055EE3.d.BC6093A0D175AD60CA7E7A0CFA6DB8AD.e.592/click - {}
RESULT: {}
COMMAND: GET /session/c73ab89c7a017c2778eef40b533b59ec/screenshot - {}
RESULT: {}
COMMAND: POST /session/c73ab89c7a017c2778eef40b533b59ec/element/f.78A58C0CF28EEF12AF8F75C899055EE3.d.BC6093A0D175AD60CA7E7A0CFA6DB8AD.e.592/click - {}
COMMAND: GET /session/c73ab89c7a017c2778eef40b533b59ec/screenshot - {}
]]></system-out>
    </testcase>
    <testcase classname="chrome.138_0_7204_184.windows.Pool" name="Should create asset 1" time="194.2">
      <system-out><![CDATA[
RESULT: {}
COMMAND: GET /session/c73ab89c7a017c2778eef40b533b59ec/screenshot - {}
RESULT: {}
RESULT: {}
COMMAND: POST /session/c73ab89c7a017c2778eef40b533b59ec/execute/async - {"script":"<script> [21 bytes]","args":[{"selector":{"controlType":"sap.m.GenericTile","properties":{"header":"Funding Asset"}},"wdio_ui5_key":"sapm.GenericTile{\"header\":\"Funding Asset\"}"}]}
RESULT: {"script":"<script> [21 bytes]","args":[{"selector":{"controlType":"sap.m.GenericTile","properties":{"header":"Funding Asset"}},"wdio_ui5_key":"sapm.GenericTile{\"header\":\"Funding Asset\"}"}]}
RESULT: undefined
COMMAND: POST /session/c73ab89c7a017c2778eef40b533b59ec/element - {"using":"xpath","value":"//*[@id=\"__tile53\"]"}
RESULT: {"using":"xpath","value":"//*[@id=\"__tile53\"]"}
COMMAND: POST /session/c73ab89c7a017c2778eef40b533b59ec/element/f.78A58C0CF28EEF12AF8F75C899055EE3.d.BC6093A0D175AD60CA7E7A0CFA6DB8AD.e.642/click - {}
RESULT: {}
COMMAND: POST /session/c73ab89c7a017c2778eef40b533b59ec/execute/async - {"script":"<script> [21 bytes]","args":[{"selector":{"id":"rfm.assetui::xRFMxCU_AssetList--fe::table::allTab::LineItem::StandardAction::Create","controlType":"sap.m.Button"},"wdio_ui5_key":"rfmassetui::xRFMxCU_AssetList--fe::table::allTab::LineItem::StandardAction::Createsap.m.Button"}]}
COMMAND: GET /session/c73ab89c7a017c2778eef40b533b59ec/screenshot - {}
RESULT: {"script":"<script> [21 bytes]","args":[{"selector":{"id":"rfm.assetui::xRFMxCU_AssetList--fe::table::allTab::LineItem::StandardAction::Create","controlType":"sap.m.Button"},"wdio_ui5_key":"rfmassetui::xRFMxCU_AssetList--fe::table::allTab::LineItem::StandardAction::Createsap.m.Button"}]}
RESULT: undefined
COMMAND: POST /session/c73ab89c7a017c2778eef40b533b59ec/element - {"using":"xpath","value":"//*[@id=\"rfm.assetui::xRFMxCU_AssetList--fe::table::allTab::LineItem::StandardAction::Create\"]"}
RESULT: {}
RESULT: {"using":"xpath","value":"//*[@id=\"rfm.assetui::xRFMxCU_AssetList--fe::table::allTab::LineItem::StandardAction::Create\"]"}
COMMAND: POST /session/c73ab89c7a017c2778eef40b533b59ec/element/f.78A58C0CF28EEF12AF8F75C899055EE3.d.BC6093A0D175AD60CA7E7A0CFA6DB8AD.e.748/click - {}
RESULT: {}
COMMAND: GET /session/c73ab89c7a017c2778eef40b533b59ec/screenshot - {}
COMMAND: POST /session/c73ab89c7a017c2778eef40b533b59ec/execute/async - {"script":"<script> [21 bytes]","args":[{"selector":{"id":"CreateDialog::xRFMxCU_AssetType::AssetIdExtern-inner","searchOpenDialogs":true,"interaction":{"idSuffix":"inner"}},"wdio_ui5_key":"CreateDialogxRFMxCU_AssetType::AssetIdExtern-inner"}]}
RESULT: {}
RESULT: {"script":"<script> [21 bytes]","args":[{"selector":{"id":"CreateDialog::xRFMxCU_AssetType::AssetIdExtern-inner","searchOpenDialogs":true,"interaction":{"idSuffix":"inner"}},"wdio_ui5_key":"CreateDialogxRFMxCU_AssetType::AssetIdExtern-inner"}]}
RESULT: undefined
COMMAND: POST /session/c73ab89c7a017c2778eef40b533b59ec/execute/async - {"script":"<script> [20 bytes]","args":[{"enterText":"WDIO_Pool_2025-08-14_23-03-40","selector":{"id":"CreateDialog::xRFMxCU_AssetType::AssetIdExtern-inner","searchOpenDialogs":true,"interaction":{"idSuffix":"inner"}},"clearTextFirst":true,"interactionType":"ENTER_TEXT"}]}
RESULT: {"script":"<script> [20 bytes]","args":[{"enterText":"WDIO_Pool_2025-08-14_23-03-40","selector":{"id":"CreateDialog::xRFMxCU_AssetType::AssetIdExtern-inner","searchOpenDialogs":true,"interaction":{"idSuffix":"inner"}},"clearTextFirst":true,"interactionType":"ENTER_TEXT"}]}
COMMAND: POST /session/c73ab89c7a017c2778eef40b533b59ec/execute/async - {"script":"<script> [21 bytes]","args":[{"selector":{"id":"CreateDialog::xRFMxCU_AssetType::ExternalSystem-inner","searchOpenDialogs":true,"interaction":{"idSuffix":"inner"}},"wdio_ui5_key":"CreateDialogxRFMxCU_AssetType::ExternalSystem-inner"}]}
RESULT: {"script":"<script> [21 bytes]","args":[{"selector":{"id":"CreateDialog::xRFMxCU_AssetType::ExternalSystem-inner","searchOpenDialogs":true,"interaction":{"idSuffix":"inner"}},"wdio_ui5_key":"CreateDialogxRFMxCU_AssetType::ExternalSystem-inner"}]}
RESULT: undefined
COMMAND: POST /session/c73ab89c7a017c2778eef40b533b59ec/execute/async - {"script":"<script> [20 bytes]","args":[{"enterText":"Test","selector":{"id":"CreateDialog::xRFMxCU_AssetType::ExternalSystem-inner","searchOpenDialogs":true,"interaction":{"idSuffix":"inner"}},"clearTextFirst":true,"interactionType":"ENTER_TEXT"}]}
RESULT: {"script":"<script> [20 bytes]","args":[{"enterText":"Test","selector":{"id":"CreateDialog::xRFMxCU_AssetType::ExternalSystem-inner","searchOpenDialogs":true,"interaction":{"idSuffix":"inner"}},"clearTextFirst":true,"interactionType":"ENTER_TEXT"}]}
COMMAND: POST /session/c73ab89c7a017c2778eef40b533b59ec/execute/async - {"script":"<script> [21 bytes]","args":[{"selector":{"id":"CreateDialog::xRFMxCU_AssetType::InitiationDate-inner","controlType":"sap.m.DatePicker","searchOpenDialogs":true},"wdio_ui5_key":"CreateDialogxRFMxCU_AssetType::InitiationDate-innersap.m.DatePicker"}]}
RESULT: {"script":"<script> [21 bytes]","args":[{"selector":{"id":"CreateDialog::xRFMxCU_AssetType::InitiationDate-inner","controlType":"sap.m.DatePicker","searchOpenDialogs":true},"wdio_ui5_key":"CreateDialogxRFMxCU_AssetType::InitiationDate-innersap.m.DatePicker"}]}
RESULT: undefined
COMMAND: POST /session/c73ab89c7a017c2778eef40b533b59ec/execute/async - {"script":"<script> [21 bytes]","args":[{"element-6066-11e4-a52e-4f735466cecf":"f.78A58C0CF28EEF12AF8F75C899055EE3.d.BC6093A0D175AD60CA7E7A0CFA6DB8AD.e.859"},"setValue",["2025-01-01"]]}
RESULT: {"script":"<script> [21 bytes]","args":[{"element-6066-11e4-a52e-4f735466cecf":"f.78A58C0CF28EEF12AF8F75C899055EE3.d.BC6093A0D175AD60CA7E7A0CFA6DB8AD.e.859"},"setValue",["2025-01-01"]]}
COMMAND: POST /session/c73ab89c7a017c2778eef40b533b59ec/execute/async - {"script":"<script> [21 bytes]","args":[{"selector":{"id":"CreateDialog::xRFMxCU_AssetType::ClosingDate-inner","controlType":"sap.m.DatePicker","searchOpenDialogs":true},"wdio_ui5_key":"CreateDialogxRFMxCU_AssetType::ClosingDate-innersap.m.DatePicker"}]}
RESULT: {"script":"<script> [21 bytes]","args":[{"selector":{"id":"CreateDialog::xRFMxCU_AssetType::ClosingDate-inner","controlType":"sap.m.DatePicker","searchOpenDialogs":true},"wdio_ui5_key":"CreateDialogxRFMxCU_AssetType::ClosingDate-innersap.m.DatePicker"}]}
RESULT: undefined
COMMAND: POST /session/c73ab89c7a017c2778eef40b533b59ec/execute/async - {"script":"<script> [21 bytes]","args":[{"element-6066-11e4-a52e-4f735466cecf":"f.78A58C0CF28EEF12AF8F75C899055EE3.d.BC6093A0D175AD60CA7E7A0CFA6DB8AD.e.860"},"setValue",["2027-12-31"]]}
RESULT: {"script":"<script> [21 bytes]","args":[{"element-6066-11e4-a52e-4f735466cecf":"f.78A58C0CF28EEF12AF8F75C899055EE3.d.BC6093A0D175AD60CA7E7A0CFA6DB8AD.e.860"},"setValue",["2027-12-31"]]}
COMMAND: POST /session/c73ab89c7a017c2778eef40b533b59ec/execute/async - {"script":"<script> [21 bytes]","args":[{"forceSelect":true,"selector":{"controlType":"sap.m.Button","properties":{"text":"Continue"},"searchOpenDialogs":true},"wdio_ui5_key":"sapm.Button{\"text\":\"Continue\"}"}]}
RESULT: {"script":"<script> [21 bytes]","args":[{"forceSelect":true,"selector":{"controlType":"sap.m.Button","properties":{"text":"Continue"},"searchOpenDialogs":true},"wdio_ui5_key":"sapm.Button{\"text\":\"Continue\"}"}]}
RESULT: undefined
COMMAND: POST /session/c73ab89c7a017c2778eef40b533b59ec/element - {"using":"xpath","value":"//*[@id=\"__button233\"]"}
RESULT: {"using":"xpath","value":"//*[@id=\"__button233\"]"}
COMMAND: POST /session/c73ab89c7a017c2778eef40b533b59ec/element/f.78A58C0CF28EEF12AF8F75C899055EE3.d.BC6093A0D175AD60CA7E7A0CFA6DB8AD.e.873/click - {}
RESULT: {}
COMMAND: POST /session/c73ab89c7a017c2778eef40b533b59ec/execute/async - {"script":"<script> [21 bytes]","args":[{"selector":{"id":"rfm.assetui::xRFMxCU_AssetObjectPage--fe::FCLStandardAction::FullScreen","interaction":{"idSuffix":"inner"}},"wdio_ui5_key":"rfmassetui::xRFMxCU_AssetObjectPage--fe::FCLStandardAction::FullScreen"}]}
COMMAND: GET /session/c73ab89c7a017c2778eef40b533b59ec/screenshot - {}
RESULT: {"script":"<script> [21 bytes]","args":[{"selector":{"id":"rfm.assetui::xRFMxCU_AssetObjectPage--fe::FCLStandardAction::FullScreen","interaction":{"idSuffix":"inner"}},"wdio_ui5_key":"rfmassetui::xRFMxCU_AssetObjectPage--fe::FCLStandardAction::FullScreen"}]}
RESULT: undefined
COMMAND: POST /session/c73ab89c7a017c2778eef40b533b59ec/element - {"using":"xpath","value":"//*[@id=\"rfm.assetui::xRFMxCU_AssetObjectPage--fe::FCLStandardAction::FullScreen\"]"}
RESULT: {}
RESULT: {"using":"xpath","value":"//*[@id=\"rfm.assetui::xRFMxCU_AssetObjectPage--fe::FCLStandardAction::FullScreen\"]"}
COMMAND: POST /session/c73ab89c7a017c2778eef40b533b59ec/element/f.78A58C0CF28EEF12AF8F75C899055EE3.d.BC6093A0D175AD60CA7E7A0CFA6DB8AD.e.938/click - {}
RESULT: {}
COMMAND: POST /session/c73ab89c7a017c2778eef40b533b59ec/execute/async - {"script":"<script> [21 bytes]","args":[{"selector":{"id":"rfm.assetui::xRFMxCU_AssetObjectPage--fe::FormContainer::FieldGroup::detailsFieldsGP1::FormElement::DataFieldWithIntentBasedNavigation::PartnerId::Debtor::Manage::Field-edit","interaction":{"idSuffix":"inner"}},"wdio_ui5_key":"rfmassetui::xRFMxCU_AssetObjectPage--fe::FormContainer::FieldGroup::detailsFieldsGP1::FormElement::DataFieldWithIntentBasedNavigation::PartnerId::Debtor::Manage::Field-edit"}]}
COMMAND: GET /session/c73ab89c7a017c2778eef40b533b59ec/screenshot - {}
RESULT: {"script":"<script> [21 bytes]","args":[{"selector":{"id":"rfm.assetui::xRFMxCU_AssetObjectPage--fe::FormContainer::FieldGroup::detailsFieldsGP1::FormElement::DataFieldWithIntentBasedNavigation::PartnerId::Debtor::Manage::Field-edit","interaction":{"idSuffix":"inner"}},"wdio_ui5_key":"rfmassetui::xRFMxCU_AssetObjectPage--fe::FormContainer::FieldGroup::detailsFieldsGP1::FormElement::DataFieldWithIntentBasedNavigation::PartnerId::Debtor::Manage::Field-edit"}]}
RESULT: undefined
COMMAND: POST /session/c73ab89c7a017c2778eef40b533b59ec/execute/async - {"script":"<script> [20 bytes]","args":[{"enterText":"117009960","selector":{"id":"rfm.assetui::xRFMxCU_AssetObjectPage--fe::FormContainer::FieldGroup::detailsFieldsGP1::FormElement::DataFieldWithIntentBasedNavigation::PartnerId::Debtor::Manage::Field-edit","interaction":{"idSuffix":"inner"}},"clearTextFirst":true,"interactionType":"ENTER_TEXT"}]}
RESULT: {}
RESULT: {"script":"<script> [20 bytes]","args":[{"enterText":"117009960","selector":{"id":"rfm.assetui::xRFMxCU_AssetObjectPage--fe::FormContainer::FieldGroup::detailsFieldsGP1::FormElement::DataFieldWithIntentBasedNavigation::PartnerId::Debtor::Manage::Field-edit","interaction":{"idSuffix":"inner"}},"clearTextFirst":true,"interactionType":"ENTER_TEXT"}]}
COMMAND: POST /session/c73ab89c7a017c2778eef40b533b59ec/execute/async - {"script":"<script> [21 bytes]","args":[{"selector":{"id":"rfm.assetui::xRFMxCU_AssetObjectPage--fe::FormContainer::FieldGroup::detailsFieldsGP1::FormElement::DataField::NominalValue::Field-edit-inner","interaction":{"idSuffix":"inner"}},"wdio_ui5_key":"rfmassetui::xRFMxCU_AssetObjectPage--fe::FormContainer::FieldGroup::detailsFieldsGP1::FormElement::DataField::NominalValue::Field-edit-inner"}]}
RESULT: {"script":"<script> [21 bytes]","args":[{"selector":{"id":"rfm.assetui::xRFMxCU_AssetObjectPage--fe::FormContainer::FieldGroup::detailsFieldsGP1::FormElement::DataField::NominalValue::Field-edit-inner","interaction":{"idSuffix":"inner"}},"wdio_ui5_key":"rfmassetui::xRFMxCU_AssetObjectPage--fe::FormContainer::FieldGroup::detailsFieldsGP1::FormElement::DataField::NominalValue::Field-edit-inner"}]}
RESULT: undefined
COMMAND: POST /session/c73ab89c7a017c2778eef40b533b59ec/execute/async - {"script":"<script> [20 bytes]","args":[{"enterText":"47,611.20","selector":{"id":"rfm.assetui::xRFMxCU_AssetObjectPage--fe::FormContainer::FieldGroup::detailsFieldsGP1::FormElement::DataField::NominalValue::Field-edit-inner","interaction":{"idSuffix":"inner"}},"clearTextFirst":true,"interactionType":"ENTER_TEXT"}]}
RESULT: {"script":"<script> [20 bytes]","args":[{"enterText":"47,611.20","selector":{"id":"rfm.assetui::xRFMxCU_AssetObjectPage--fe::FormContainer::FieldGroup::detailsFieldsGP1::FormElement::DataField::NominalValue::Field-edit-inner","interaction":{"idSuffix":"inner"}},"clearTextFirst":true,"interactionType":"ENTER_TEXT"}]}
COMMAND: POST /session/c73ab89c7a017c2778eef40b533b59ec/execute/async - {"script":"<script> [21 bytes]","args":[{"selector":{"id":"rfm.assetui::xRFMxCU_AssetObjectPage--fe::FormContainer::FieldGroup::detailsFieldsGP1::FormElement::DataField::NominalValue::Field-edit-inner-unit","interaction":{"idSuffix":"inner"}},"wdio_ui5_key":"rfmassetui::xRFMxCU_AssetObjectPage--fe::FormContainer::FieldGroup::detailsFieldsGP1::FormElement::DataField::NominalValue::Field-edit-inner-unit"}]}
RESULT: {"script":"<script> [21 bytes]","args":[{"selector":{"id":"rfm.assetui::xRFMxCU_AssetObjectPage--fe::FormContainer::FieldGroup::detailsFieldsGP1::FormElement::DataField::NominalValue::Field-edit-inner-unit","interaction":{"idSuffix":"inner"}},"wdio_ui5_key":"rfmassetui::xRFMxCU_AssetObjectPage--fe::FormContainer::FieldGroup::detailsFieldsGP1::FormElement::DataField::NominalValue::Field-edit-inner-unit"}]}
RESULT: undefined
COMMAND: POST /session/c73ab89c7a017c2778eef40b533b59ec/execute/async - {"script":"<script> [20 bytes]","args":[{"enterText":"EUR","selector":{"id":"rfm.assetui::xRFMxCU_AssetObjectPage--fe::FormContainer::FieldGroup::detailsFieldsGP1::FormElement::DataField::NominalValue::Field-edit-inner-unit","interaction":{"idSuffix":"inner"}},"clearTextFirst":true,"interactionType":"ENTER_TEXT"}]}
RESULT: {"script":"<script> [20 bytes]","args":[{"enterText":"EUR","selector":{"id":"rfm.assetui::xRFMxCU_AssetObjectPage--fe::FormContainer::FieldGroup::detailsFieldsGP1::FormElement::DataField::NominalValue::Field-edit-inner-unit","interaction":{"idSuffix":"inner"}},"clearTextFirst":true,"interactionType":"ENTER_TEXT"}]}
COMMAND: POST /session/c73ab89c7a017c2778eef40b533b59ec/execute/async - {"script":"<script> [21 bytes]","args":[{"selector":{"id":"rfm.assetui::xRFMxCU_AssetObjectPage--fe::FormContainer::FieldGroup::detailsFieldsGP2::FormElement::DataField::AssetCategory::Field-edit-inner","interaction":{"idSuffix":"inner"}},"wdio_ui5_key":"rfmassetui::xRFMxCU_AssetObjectPage--fe::FormContainer::FieldGroup::detailsFieldsGP2::FormElement::DataField::AssetCategory::Field-edit-inner"}]}
RESULT: {"script":"<script> [21 bytes]","args":[{"selector":{"id":"rfm.assetui::xRFMxCU_AssetObjectPage--fe::FormContainer::FieldGroup::detailsFieldsGP2::FormElement::DataField::AssetCategory::Field-edit-inner","interaction":{"idSuffix":"inner"}},"wdio_ui5_key":"rfmassetui::xRFMxCU_AssetObjectPage--fe::FormContainer::FieldGroup::detailsFieldsGP2::FormElement::DataField::AssetCategory::Field-edit-inner"}]}
RESULT: undefined
COMMAND: POST /session/c73ab89c7a017c2778eef40b533b59ec/execute/async - {"script":"<script> [20 bytes]","args":[{"enterText":"Leasing","selector":{"id":"rfm.assetui::xRFMxCU_AssetObjectPage--fe::FormContainer::FieldGroup::detailsFieldsGP2::FormElement::DataField::AssetCategory::Field-edit-inner","interaction":{"idSuffix":"inner"}},"clearTextFirst":true,"interactionType":"ENTER_TEXT"}]}
RESULT: {"script":"<script> [20 bytes]","args":[{"enterText":"Leasing","selector":{"id":"rfm.assetui::xRFMxCU_AssetObjectPage--fe::FormContainer::FieldGroup::detailsFieldsGP2::FormElement::DataField::AssetCategory::Field-edit-inner","interaction":{"idSuffix":"inner"}},"clearTextFirst":true,"interactionType":"ENTER_TEXT"}]}
COMMAND: POST /session/c73ab89c7a017c2778eef40b533b59ec/execute/async - {"script":"<script> [21 bytes]","args":[{"selector":{"id":"rfm.assetui::xRFMxCU_AssetObjectPage--fe::FormContainer::FieldGroup::detailsFieldsGP2::FormElement::DataField::ContractType::Field-edit-inner","interaction":{"idSuffix":"inner"}},"wdio_ui5_key":"rfmassetui::xRFMxCU_AssetObjectPage--fe::FormContainer::FieldGroup::detailsFieldsGP2::FormElement::DataField::ContractType::Field-edit-inner"}]}
RESULT: {"script":"<script> [21 bytes]","args":[{"selector":{"id":"rfm.assetui::xRFMxCU_AssetObjectPage--fe::FormContainer::FieldGroup::detailsFieldsGP2::FormElement::DataField::ContractType::Field-edit-inner","interaction":{"idSuffix":"inner"}},"wdio_ui5_key":"rfmassetui::xRFMxCU_AssetObjectPage--fe::FormContainer::FieldGroup::detailsFieldsGP2::FormElement::DataField::ContractType::Field-edit-inner"}]}
RESULT: undefined
COMMAND: POST /session/c73ab89c7a017c2778eef40b533b59ec/execute/async - {"script":"<script> [20 bytes]","args":[{"enterText":"Operating Lease (100)","selector":{"id":"rfm.assetui::xRFMxCU_AssetObjectPage--fe::FormContainer::FieldGroup::detailsFieldsGP2::FormElement::DataField::ContractType::Field-edit-inner","interaction":{"idSuffix":"inner"}},"clearTextFirst":true,"interactionType":"ENTER_TEXT"}]}
RESULT: {"script":"<script> [20 bytes]","args":[{"enterText":"Operating Lease (100)","selector":{"id":"rfm.assetui::xRFMxCU_AssetObjectPage--fe::FormContainer::FieldGroup::detailsFieldsGP2::FormElement::DataField::ContractType::Field-edit-inner","interaction":{"idSuffix":"inner"}},"clearTextFirst":true,"interactionType":"ENTER_TEXT"}]}
COMMAND: POST /session/c73ab89c7a017c2778eef40b533b59ec/execute/async - {"script":"<script> [21 bytes]","args":[{"selector":{"id":"rfm.assetui::xRFMxCU_AssetObjectPage--fe::FormContainer::FieldGroup::detailsFieldsGP2::FormElement::DataField::Status::Field-edit-inner","interaction":{"idSuffix":"inner"}},"wdio_ui5_key":"rfmassetui::xRFMxCU_AssetObjectPage--fe::FormContainer::FieldGroup::detailsFieldsGP2::FormElement::DataField::Status::Field-edit-inner"}]}
RESULT: {"script":"<script> [21 bytes]","args":[{"selector":{"id":"rfm.assetui::xRFMxCU_AssetObjectPage--fe::FormContainer::FieldGroup::detailsFieldsGP2::FormElement::DataField::Status::Field-edit-inner","interaction":{"idSuffix":"inner"}},"wdio_ui5_key":"rfmassetui::xRFMxCU_AssetObjectPage--fe::FormContainer::FieldGroup::detailsFieldsGP2::FormElement::DataField::Status::Field-edit-inner"}]}
RESULT: undefined
COMMAND: POST /session/c73ab89c7a017c2778eef40b533b59ec/execute/async - {"script":"<script> [20 bytes]","args":[{"enterText":"Active","selector":{"id":"rfm.assetui::xRFMxCU_AssetObjectPage--fe::FormContainer::FieldGroup::detailsFieldsGP2::FormElement::DataField::Status::Field-edit-inner","interaction":{"idSuffix":"inner"}},"clearTextFirst":true,"interactionType":"ENTER_TEXT"}]}
RESULT: {"script":"<script> [20 bytes]","args":[{"enterText":"Active","selector":{"id":"rfm.assetui::xRFMxCU_AssetObjectPage--fe::FormContainer::FieldGroup::detailsFieldsGP2::FormElement::DataField::Status::Field-edit-inner","interaction":{"idSuffix":"inner"}},"clearTextFirst":true,"interactionType":"ENTER_TEXT"}]}
COMMAND: POST /session/c73ab89c7a017c2778eef40b533b59ec/execute/async - {"script":"<script> [21 bytes]","args":[{"selector":{"id":"rfm.assetui::xRFMxCU_AssetObjectPage--fe::ObjectPage-anchBar-rfm.assetui::xRFMxCU_AssetObjectPage--fe::FacetSection::CashFlowCollection-anchor","interaction":{"idSuffix":"text"}},"wdio_ui5_key":"rfmassetui::xRFMxCU_AssetObjectPage--fe::ObjectPage-anchBar-rfm.assetui::xRFMxCU_AssetObjectPage--fe::FacetSection::CashFlowCollection-anchor"}]}
RESULT: {"script":"<script> [21 bytes]","args":[{"selector":{"id":"rfm.assetui::xRFMxCU_AssetObjectPage--fe::ObjectPage-anchBar-rfm.assetui::xRFMxCU_AssetObjectPage--fe::FacetSection::CashFlowCollection-anchor","interaction":{"idSuffix":"text"}},"wdio_ui5_key":"rfmassetui::xRFMxCU_AssetObjectPage--fe::ObjectPage-anchBar-rfm.assetui::xRFMxCU_AssetObjectPage--fe::FacetSection::CashFlowCollection-anchor"}]}
RESULT: undefined
COMMAND: POST /session/c73ab89c7a017c2778eef40b533b59ec/element - {"using":"xpath","value":"//*[@id=\"rfm.assetui::xRFMxCU_AssetObjectPage--fe::ObjectPage-anchBar-rfm.assetui::xRFMxCU_AssetObjectPage--fe::FacetSection::CashFlowCollection-anchor\"]"}
RESULT: {"using":"xpath","value":"//*[@id=\"rfm.assetui::xRFMxCU_AssetObjectPage--fe::ObjectPage-anchBar-rfm.assetui::xRFMxCU_AssetObjectPage--fe::FacetSection::CashFlowCollection-anchor\"]"}
COMMAND: POST /session/c73ab89c7a017c2778eef40b533b59ec/element/f.78A58C0CF28EEF12AF8F75C899055EE3.d.BC6093A0D175AD60CA7E7A0CFA6DB8AD.e.1035/click - {}
RESULT: {}
COMMAND: GET /session/c73ab89c7a017c2778eef40b533b59ec/screenshot - {}
RESULT: {}
COMMAND: POST /session/c73ab89c7a017c2778eef40b533b59ec/execute/async - {"script":"<script> [21 bytes]","args":[{"selector":{"id":"rfm.assetui::xRFMxCU_AssetObjectPage--fe::FacetSubSection::PlannedCFCollection"},"wdio_ui5_key":"rfmassetui::xRFMxCU_AssetObjectPage--fe::FacetSubSection::PlannedCFCollection"}]}
RESULT: {"script":"<script> [21 bytes]","args":[{"selector":{"id":"rfm.assetui::xRFMxCU_AssetObjectPage--fe::FacetSubSection::PlannedCFCollection"},"wdio_ui5_key":"rfmassetui::xRFMxCU_AssetObjectPage--fe::FacetSubSection::PlannedCFCollection"}]}
RESULT: undefined
COMMAND: POST /session/c73ab89c7a017c2778eef40b533b59ec/element - {"using":"xpath","value":"//*[@id=\"rfm.assetui::xRFMxCU_AssetObjectPage--fe::FacetSubSection::PlannedCFCollection\"]"}
RESULT: {"using":"xpath","value":"//*[@id=\"rfm.assetui::xRFMxCU_AssetObjectPage--fe::FacetSubSection::PlannedCFCollection\"]"}
COMMAND: POST /session/c73ab89c7a017c2778eef40b533b59ec/element/f.78A58C0CF28EEF12AF8F75C899055EE3.d.BC6093A0D175AD60CA7E7A0CFA6DB8AD.e.1080/click - {}
RESULT: {}
COMMAND: POST /session/c73ab89c7a017c2778eef40b533b59ec/execute/async - {"script":"<script> [21 bytes]","args":[{"selector":{"id":"rfm.assetui::xRFMxCU_AssetObjectPage--fe::table::_AssetCashflow::LineItem::StandardAction::Create","interaction":{"idSuffix":"BDI-content"}},"wdio_ui5_key":"rfmassetui::xRFMxCU_AssetObjectPage--fe::table::_AssetCashflow::LineItem::StandardAction::Create"}]}
COMMAND: GET /session/c73ab89c7a017c2778eef40b533b59ec/screenshot - {}
RESULT: {"script":"<script> [21 bytes]","args":[{"selector":{"id":"rfm.assetui::xRFMxCU_AssetObjectPage--fe::table::_AssetCashflow::LineItem::StandardAction::Create","interaction":{"idSuffix":"BDI-content"}},"wdio_ui5_key":"rfmassetui::xRFMxCU_AssetObjectPage--fe::table::_AssetCashflow::LineItem::StandardAction::Create"}]}
RESULT: undefined
COMMAND: POST /session/c73ab89c7a017c2778eef40b533b59ec/element - {"using":"xpath","value":"//*[@id=\"rfm.assetui::xRFMxCU_AssetObjectPage--fe::table::_AssetCashflow::LineItem::StandardAction::Create\"]"}
RESULT: {}
RESULT: {"using":"xpath","value":"//*[@id=\"rfm.assetui::xRFMxCU_AssetObjectPage--fe::table::_AssetCashflow::LineItem::StandardAction::Create\"]"}
COMMAND: POST /session/c73ab89c7a017c2778eef40b533b59ec/element/f.78A58C0CF28EEF12AF8F75C899055EE3.d.BC6093A0D175AD60CA7E7A0CFA6DB8AD.e.1036/click - {}
RESULT: {}
COMMAND: GET /session/c73ab89c7a017c2778eef40b533b59ec/screenshot - {}
RESULT: {}
COMMAND: POST /session/c73ab89c7a017c2778eef40b533b59ec/execute/async - {"script":"<script> [21 bytes]","args":[{"selector":{"id":"CreateDialog::xRFMxCU_AssetCashflowType::CashflowPartType-inner","searchOpenDialogs":true,"interaction":{"idSuffix":"inner"}},"wdio_ui5_key":"CreateDialogxRFMxCU_AssetCashflowType::CashflowPartType-inner"}]}
RESULT: {"script":"<script> [21 bytes]","args":[{"selector":{"id":"CreateDialog::xRFMxCU_AssetCashflowType::CashflowPartType-inner","searchOpenDialogs":true,"interaction":{"idSuffix":"inner"}},"wdio_ui5_key":"CreateDialogxRFMxCU_AssetCashflowType::CashflowPartType-inner"}]}
RESULT: undefined
COMMAND: POST /session/c73ab89c7a017c2778eef40b533b59ec/execute/async - {"script":"<script> [20 bytes]","args":[{"enterText":"Interest","selector":{"id":"CreateDialog::xRFMxCU_AssetCashflowType::CashflowPartType-inner","searchOpenDialogs":true,"interaction":{"idSuffix":"inner"}},"clearTextFirst":true,"interactionType":"ENTER_TEXT"}]}
RESULT: {"script":"<script> [20 bytes]","args":[{"enterText":"Interest","selector":{"id":"CreateDialog::xRFMxCU_AssetCashflowType::CashflowPartType-inner","searchOpenDialogs":true,"interaction":{"idSuffix":"inner"}},"clearTextFirst":true,"interactionType":"ENTER_TEXT"}]}
COMMAND: POST /session/c73ab89c7a017c2778eef40b533b59ec/execute/async - {"script":"<script> [21 bytes]","args":[{"selector":{"id":"CreateDialog::xRFMxCU_AssetCashflowType::DueDate-inner","searchOpenDialogs":true,"interaction":{"idSuffix":"inner"}},"wdio_ui5_key":"CreateDialogxRFMxCU_AssetCashflowType::DueDate-inner"}]}
RESULT: {"script":"<script> [21 bytes]","args":[{"selector":{"id":"CreateDialog::xRFMxCU_AssetCashflowType::DueDate-inner","searchOpenDialogs":true,"interaction":{"idSuffix":"inner"}},"wdio_ui5_key":"CreateDialogxRFMxCU_AssetCashflowType::DueDate-inner"}]}
RESULT: undefined
COMMAND: POST /session/c73ab89c7a017c2778eef40b533b59ec/execute/async - {"script":"<script> [20 bytes]","args":[{"enterText":"2025-01-01","selector":{"id":"CreateDialog::xRFMxCU_AssetCashflowType::DueDate-inner","searchOpenDialogs":true,"interaction":{"idSuffix":"inner"}},"clearTextFirst":true,"interactionType":"ENTER_TEXT"}]}
RESULT: {"script":"<script> [20 bytes]","args":[{"enterText":"2025-01-01","selector":{"id":"CreateDialog::xRFMxCU_AssetCashflowType::DueDate-inner","searchOpenDialogs":true,"interaction":{"idSuffix":"inner"}},"clearTextFirst":true,"interactionType":"ENTER_TEXT"}]}
COMMAND: POST /session/c73ab89c7a017c2778eef40b533b59ec/execute/async - {"script":"<script> [21 bytes]","args":[{"forceSelect":true,"selector":{"controlType":"sap.m.Button","viewName":"sap.fe.templates.ObjectPage.ObjectPage","viewId":"rfm.assetui::xRFMxCU_Asset__AssetCashflowObjectPage","properties":{"text":"Continue"},"searchOpenDialogs":true},"wdio_ui5_key":"sapfe.templates.ObjectPage.ObjectPagesap.m.Button{\"text\":\"Continue\"}"}]}
RESULT: {"script":"<script> [21 bytes]","args":[{"forceSelect":true,"selector":{"controlType":"sap.m.Button","viewName":"sap.fe.templates.ObjectPage.ObjectPage","viewId":"rfm.assetui::xRFMxCU_Asset__AssetCashflowObjectPage","properties":{"text":"Continue"},"searchOpenDialogs":true},"wdio_ui5_key":"sapfe.templates.ObjectPage.ObjectPagesap.m.Button{\"text\":\"Continue\"}"}]}
RESULT: undefined
COMMAND: POST /session/c73ab89c7a017c2778eef40b533b59ec/execute/async - {"script":"<script> [21 bytes]","args":[{"selector":{"id":"__button246"}}]}
RESULT: {"script":"<script> [21 bytes]","args":[{"selector":{"id":"__button246"}}]}
COMMAND: POST /session/c73ab89c7a017c2778eef40b533b59ec/execute/async - {"script":"<script> [21 bytes]","args":[{"element-6066-11e4-a52e-4f735466cecf":"f.78A58C0CF28EEF12AF8F75C899055EE3.d.BC6093A0D175AD60CA7E7A0CFA6DB8AD.e.1141"},"getEnabled",[]]}
RESULT: {"script":"<script> [21 bytes]","args":[{"element-6066-11e4-a52e-4f735466cecf":"f.78A58C0CF28EEF12AF8F75C899055EE3.d.BC6093A0D175AD60CA7E7A0CFA6DB8AD.e.1141"},"getEnabled",[]]}
COMMAND: POST /session/c73ab89c7a017c2778eef40b533b59ec/element - {"using":"xpath","value":"//*[@id=\"__button246\"]"}
RESULT: {"using":"xpath","value":"//*[@id=\"__button246\"]"}
COMMAND: POST /session/c73ab89c7a017c2778eef40b533b59ec/element/f.78A58C0CF28EEF12AF8F75C899055EE3.d.BC6093A0D175AD60CA7E7A0CFA6DB8AD.e.1141/click - {}
RESULT: {}
COMMAND: GET /session/c73ab89c7a017c2778eef40b533b59ec/screenshot - {}
RESULT: {}
COMMAND: POST /session/c73ab89c7a017c2778eef40b533b59ec/execute/async - {"script":"<script> [21 bytes]","args":[{"selector":{"id":"rfm.assetui::xRFMxCU_Asset__AssetCashflowObjectPage--fe::FormContainer::CashFlow::FormElement::DataField::Amount::Field-edit-inner","interaction":{"idSuffix":"inner"}},"wdio_ui5_key":"rfmassetui::xRFMxCU_Asset__AssetCashflowObjectPage--fe::FormContainer::CashFlow::FormElement::DataField::Amount::Field-edit-inner"}]}
RESULT: {"script":"<script> [21 bytes]","args":[{"selector":{"id":"rfm.assetui::xRFMxCU_Asset__AssetCashflowObjectPage--fe::FormContainer::CashFlow::FormElement::DataField::Amount::Field-edit-inner","interaction":{"idSuffix":"inner"}},"wdio_ui5_key":"rfmassetui::xRFMxCU_Asset__AssetCashflowObjectPage--fe::FormContainer::CashFlow::FormElement::DataField::Amount::Field-edit-inner"}]}
RESULT: undefined
COMMAND: POST /session/c73ab89c7a017c2778eef40b533b59ec/execute/async - {"script":"<script> [20 bytes]","args":[{"enterText":"141.77","selector":{"id":"rfm.assetui::xRFMxCU_Asset__AssetCashflowObjectPage--fe::FormContainer::CashFlow::FormElement::DataField::Amount::Field-edit-inner","interaction":{"idSuffix":"inner"}},"clearTextFirst":true,"interactionType":"ENTER_TEXT"}]}
RESULT: {"script":"<script> [20 bytes]","args":[{"enterText":"141.77","selector":{"id":"rfm.assetui::xRFMxCU_Asset__AssetCashflowObjectPage--fe::FormContainer::CashFlow::FormElement::DataField::Amount::Field-edit-inner","interaction":{"idSuffix":"inner"}},"clearTextFirst":true,"interactionType":"ENTER_TEXT"}]}
COMMAND: POST /session/c73ab89c7a017c2778eef40b533b59ec/execute/async - {"script":"<script> [21 bytes]","args":[{"selector":{"id":"rfm.assetui::xRFMxCU_Asset__AssetCashflowObjectPage--fe::FormContainer::CashFlow::FormElement::DataField::Amount::Field-edit-inner-unit-vhi"},"wdio_ui5_key":"rfmassetui::xRFMxCU_Asset__AssetCashflowObjectPage--fe::FormContainer::CashFlow::FormElement::DataField::Amount::Field-edit-inner-unit-vhi"}]}
RESULT: {"script":"<script> [21 bytes]","args":[{"selector":{"id":"rfm.assetui::xRFMxCU_Asset__AssetCashflowObjectPage--fe::FormContainer::CashFlow::FormElement::DataField::Amount::Field-edit-inner-unit-vhi"},"wdio_ui5_key":"rfmassetui::xRFMxCU_Asset__AssetCashflowObjectPage--fe::FormContainer::CashFlow::FormElement::DataField::Amount::Field-edit-inner-unit-vhi"}]}
RESULT: undefined
COMMAND: POST /session/c73ab89c7a017c2778eef40b533b59ec/element - {"using":"xpath","value":"//*[@id=\"rfm.assetui::xRFMxCU_Asset__AssetCashflowObjectPage--fe::FormContainer::CashFlow::FormElement::DataField::Amount::Field-edit-inner-unit-vhi\"]"}
RESULT: {"using":"xpath","value":"//*[@id=\"rfm.assetui::xRFMxCU_Asset__AssetCashflowObjectPage--fe::FormContainer::CashFlow::FormElement::DataField::Amount::Field-edit-inner-unit-vhi\"]"}
COMMAND: POST /session/c73ab89c7a017c2778eef40b533b59ec/element/f.78A58C0CF28EEF12AF8F75C899055EE3.d.BC6093A0D175AD60CA7E7A0CFA6DB8AD.e.1162/click - {}
RESULT: {}
COMMAND: POST /session/c73ab89c7a017c2778eef40b533b59ec/execute/async - {"script":"<script> [21 bytes]","args":[{"selector":{"id":"rfm.assetui::xRFMxCU_Asset__AssetCashflowObjectPage--fe::FormContainer::CashFlow::FieldValueHelp::_AssetCashflow::Amount::_AssetCashflow::Currency::Dialog::qualifier::-search-inner","searchOpenDialogs":true,"interaction":{"idSuffix":"I"}},"wdio_ui5_key":"rfmassetui::xRFMxCU_Asset__AssetCashflowObjectPage--fe::FormContainer::CashFlow::FieldValueHelp::_AssetCashflow::Amount::_AssetCashflow::Currency::Dialog::qualifier::-search-inner"}]}
COMMAND: GET /session/c73ab89c7a017c2778eef40b533b59ec/screenshot - {}
RESULT: {"script":"<script> [21 bytes]","args":[{"selector":{"id":"rfm.assetui::xRFMxCU_Asset__AssetCashflowObjectPage--fe::FormContainer::CashFlow::FieldValueHelp::_AssetCashflow::Amount::_AssetCashflow::Currency::Dialog::qualifier::-search-inner","searchOpenDialogs":true,"interaction":{"idSuffix":"I"}},"wdio_ui5_key":"rfmassetui::xRFMxCU_Asset__AssetCashflowObjectPage--fe::FormContainer::CashFlow::FieldValueHelp::_AssetCashflow::Amount::_AssetCashflow::Currency::Dialog::qualifier::-search-inner"}]}
RESULT: undefined
COMMAND: POST /session/c73ab89c7a017c2778eef40b533b59ec/execute/async - {"script":"<script> [20 bytes]","args":[{"enterText":"EUR","selector":{"id":"rfm.assetui::xRFMxCU_Asset__AssetCashflowObjectPage--fe::FormContainer::CashFlow::FieldValueHelp::_AssetCashflow::Amount::_AssetCashflow::Currency::Dialog::qualifier::-search-inner","searchOpenDialogs":true,"interaction":{"idSuffix":"I"}},"clearTextFirst":true,"interactionType":"ENTER_TEXT"}]}
RESULT: {}
RESULT: {"script":"<script> [20 bytes]","args":[{"enterText":"EUR","selector":{"id":"rfm.assetui::xRFMxCU_Asset__AssetCashflowObjectPage--fe::FormContainer::CashFlow::FieldValueHelp::_AssetCashflow::Amount::_AssetCashflow::Currency::Dialog::qualifier::-search-inner","searchOpenDialogs":true,"interaction":{"idSuffix":"I"}},"clearTextFirst":true,"interactionType":"ENTER_TEXT"}]}
COMMAND: POST /session/c73ab89c7a017c2778eef40b533b59ec/execute/async - {"script":"<script> [21 bytes]","args":[{"selector":{"id":"rfm.assetui::xRFMxCU_Asset__AssetCashflowObjectPage--fe::FormContainer::CashFlow::FieldValueHelp::_AssetCashflow::Amount::_AssetCashflow::Currency::Dialog::qualifier::::Table-innerTable-rows-row0","searchOpenDialogs":true,"interaction":{"idSuffix":"col0"}},"wdio_ui5_key":"rfmassetui::xRFMxCU_Asset__AssetCashflowObjectPage--fe::FormContainer::CashFlow::FieldValueHelp::_AssetCashflow::Amount::_AssetCashflow::Currency::Dialog::qualifier::::Table-innerTable-rows-row0"}]}
RESULT: {"script":"<script> [21 bytes]","args":[{"selector":{"id":"rfm.assetui::xRFMxCU_Asset__AssetCashflowObjectPage--fe::FormContainer::CashFlow::FieldValueHelp::_AssetCashflow::Amount::_AssetCashflow::Currency::Dialog::qualifier::::Table-innerTable-rows-row0","searchOpenDialogs":true,"interaction":{"idSuffix":"col0"}},"wdio_ui5_key":"rfmassetui::xRFMxCU_Asset__AssetCashflowObjectPage--fe::FormContainer::CashFlow::FieldValueHelp::_AssetCashflow::Amount::_AssetCashflow::Currency::Dialog::qualifier::::Table-innerTable-rows-row0"}]}
RESULT: undefined
COMMAND: POST /session/c73ab89c7a017c2778eef40b533b59ec/element - {"using":"xpath","value":"//*[@id=\"rfm.assetui::xRFMxCU_Asset__AssetCashflowObjectPage--fe::FormContainer::CashFlow::FieldValueHelp::_AssetCashflow::Amount::_AssetCashflow::Currency::Dialog::qualifier::::Table-innerTable-rows-row0\"]"}
RESULT: {"using":"xpath","value":"//*[@id=\"rfm.assetui::xRFMxCU_Asset__AssetCashflowObjectPage--fe::FormContainer::CashFlow::FieldValueHelp::_AssetCashflow::Amount::_AssetCashflow::Currency::Dialog::qualifier::::Table-innerTable-rows-row0\"]"}
COMMAND: POST /session/c73ab89c7a017c2778eef40b533b59ec/element/f.78A58C0CF28EEF12AF8F75C899055EE3.d.BC6093A0D175AD60CA7E7A0CFA6DB8AD.e.1173/click - {}
RESULT: {}
COMMAND: POST /session/c73ab89c7a017c2778eef40b533b59ec/execute/async - {"script":"<script> [21 bytes]","args":[{"forceSelect":true,"selector":{"id":"rfm.assetui::xRFMxCU_Asset__AssetCashflowObjectPage--fe::FooterBar::StandardAction::Apply","interaction":{"idSuffix":"BDI-content"}},"wdio_ui5_key":"rfmassetui::xRFMxCU_Asset__AssetCashflowObjectPage--fe::FooterBar::StandardAction::Apply"}]}
COMMAND: GET /session/c73ab89c7a017c2778eef40b533b59ec/screenshot - {}
RESULT: {"script":"<script> [21 bytes]","args":[{"forceSelect":true,"selector":{"id":"rfm.assetui::xRFMxCU_Asset__AssetCashflowObjectPage--fe::FooterBar::StandardAction::Apply","interaction":{"idSuffix":"BDI-content"}},"wdio_ui5_key":"rfmassetui::xRFMxCU_Asset__AssetCashflowObjectPage--fe::FooterBar::StandardAction::Apply"}]}
RESULT: undefined
COMMAND: POST /session/c73ab89c7a017c2778eef40b533b59ec/element - {"using":"xpath","value":"//*[@id=\"rfm.assetui::xRFMxCU_Asset__AssetCashflowObjectPage--fe::FooterBar::StandardAction::Apply\"]"}
RESULT: {}
RESULT: {"using":"xpath","value":"//*[@id=\"rfm.assetui::xRFMxCU_Asset__AssetCashflowObjectPage--fe::FooterBar::StandardAction::Apply\"]"}
COMMAND: POST /session/c73ab89c7a017c2778eef40b533b59ec/element/f.78A58C0CF28EEF12AF8F75C899055EE3.d.BC6093A0D175AD60CA7E7A0CFA6DB8AD.e.1135/click - {}
RESULT: {}
COMMAND: GET /session/c73ab89c7a017c2778eef40b533b59ec/screenshot - {}
RESULT: {}
COMMAND: POST /session/c73ab89c7a017c2778eef40b533b59ec/execute/async - {"script":"<script> [21 bytes]","args":[{"selector":{"id":"rfm.assetui::xRFMxCU_AssetObjectPage--fe::FooterBar::StandardAction::Save","controlType":"sap.m.Button"},"wdio_ui5_key":"rfmassetui::xRFMxCU_AssetObjectPage--fe::FooterBar::StandardAction::Savesap.m.Button"}]}
RESULT: {"script":"<script> [21 bytes]","args":[{"selector":{"id":"rfm.assetui::xRFMxCU_AssetObjectPage--fe::FooterBar::StandardAction::Save","controlType":"sap.m.Button"},"wdio_ui5_key":"rfmassetui::xRFMxCU_AssetObjectPage--fe::FooterBar::StandardAction::Savesap.m.Button"}]}
RESULT: undefined
COMMAND: POST /session/c73ab89c7a017c2778eef40b533b59ec/element - {"using":"xpath","value":"//*[@id=\"rfm.assetui::xRFMxCU_AssetObjectPage--fe::FooterBar::StandardAction::Save\"]"}
RESULT: {"using":"xpath","value":"//*[@id=\"rfm.assetui::xRFMxCU_AssetObjectPage--fe::FooterBar::StandardAction::Save\"]"}
COMMAND: POST /session/c73ab89c7a017c2778eef40b533b59ec/element/f.78A58C0CF28EEF12AF8F75C899055EE3.d.BC6093A0D175AD60CA7E7A0CFA6DB8AD.e.979/click - {}
RESULT: {}
COMMAND: GET /session/c73ab89c7a017c2778eef40b533b59ec/screenshot - {}
RESULT: {}
COMMAND: POST /session/c73ab89c7a017c2778eef40b533b59ec/execute/async - {"script":"<script> [21 bytes]","args":[{"selector":{"id":"rfm.assetui::xRFMxCU_AssetObjectPage--fe::StandardAction::Edit","interaction":{"idSuffix":"content"}},"wdio_ui5_key":"rfmassetui::xRFMxCU_AssetObjectPage--fe::StandardAction::Edit"}]}
RESULT: {"script":"<script> [21 bytes]","args":[{"selector":{"id":"rfm.assetui::xRFMxCU_AssetObjectPage--fe::StandardAction::Edit","interaction":{"idSuffix":"content"}},"wdio_ui5_key":"rfmassetui::xRFMxCU_AssetObjectPage--fe::StandardAction::Edit"}]}
RESULT: undefined
COMMAND: POST /session/c73ab89c7a017c2778eef40b533b59ec/element - {"using":"xpath","value":"//*[@id=\"rfm.assetui::xRFMxCU_AssetObjectPage--fe::StandardAction::Edit\"]"}
RESULT: {"using":"xpath","value":"//*[@id=\"rfm.assetui::xRFMxCU_AssetObjectPage--fe::StandardAction::Edit\"]"}
COMMAND: POST /session/c73ab89c7a017c2778eef40b533b59ec/element/f.78A58C0CF28EEF12AF8F75C899055EE3.d.BC6093A0D175AD60CA7E7A0CFA6DB8AD.e.1317/click - {}
RESULT: {}
RESULT: undefined
COMMAND: POST /session/c73ab89c7a017c2778eef40b533b59ec/element - {"using":"xpath","value":"//*[@id=\"rfm.assetui::xRFMxCU_AssetObjectPage--fe::ObjectPage-anchBar-rfm.assetui::xRFMxCU_AssetObjectPage--fe::FacetSection::CashFlowCollection-anchor\"]"}
COMMAND: GET /session/c73ab89c7a017c2778eef40b533b59ec/screenshot - {}
RESULT: {"using":"xpath","value":"//*[@id=\"rfm.assetui::xRFMxCU_AssetObjectPage--fe::ObjectPage-anchBar-rfm.assetui::xRFMxCU_AssetObjectPage--fe::FacetSection::CashFlowCollection-anchor\"]"}
COMMAND: POST /session/c73ab89c7a017c2778eef40b533b59ec/element/f.78A58C0CF28EEF12AF8F75C899055EE3.d.BC6093A0D175AD60CA7E7A0CFA6DB8AD.e.1320/click - {}
RESULT: {}
RESULT: {}
RESULT: undefined
COMMAND: POST /session/c73ab89c7a017c2778eef40b533b59ec/element - {"using":"xpath","value":"//*[@id=\"rfm.assetui::xRFMxCU_AssetObjectPage--fe::table::_AssetCashflow::LineItem::StandardAction::Create\"]"}
COMMAND: GET /session/c73ab89c7a017c2778eef40b533b59ec/screenshot - {}
RESULT: {"using":"xpath","value":"//*[@id=\"rfm.assetui::xRFMxCU_AssetObjectPage--fe::table::_AssetCashflow::LineItem::StandardAction::Create\"]"}
COMMAND: POST /session/c73ab89c7a017c2778eef40b533b59ec/element/f.78A58C0CF28EEF12AF8F75C899055EE3.d.BC6093A0D175AD60CA7E7A0CFA6DB8AD.e.1322/click - {}
RESULT: {}
RESULT: {}
COMMAND: GET /session/c73ab89c7a017c2778eef40b533b59ec/screenshot - {}
RESULT: {}
RESULT: undefined
COMMAND: POST /session/c73ab89c7a017c2778eef40b533b59ec/execute/async - {"script":"<script> [20 bytes]","args":[{"enterText":"Principal","selector":{"id":"CreateDialog::xRFMxCU_AssetCashflowType::CashflowPartType-inner","searchOpenDialogs":true,"interaction":{"idSuffix":"inner"}},"clearTextFirst":true,"interactionType":"ENTER_TEXT"}]}
RESULT: {"script":"<script> [20 bytes]","args":[{"enterText":"Principal","selector":{"id":"CreateDialog::xRFMxCU_AssetCashflowType::CashflowPartType-inner","searchOpenDialogs":true,"interaction":{"idSuffix":"inner"}},"clearTextFirst":true,"interactionType":"ENTER_TEXT"}]}
RESULT: undefined
COMMAND: POST /session/c73ab89c7a017c2778eef40b533b59ec/execute/async - {"script":"<script> [20 bytes]","args":[{"enterText":"2025-01-01","selector":{"id":"CreateDialog::xRFMxCU_AssetCashflowType::DueDate-inner","searchOpenDialogs":true,"interaction":{"idSuffix":"inner"}},"clearTextFirst":true,"interactionType":"ENTER_TEXT"}]}
RESULT: {"script":"<script> [20 bytes]","args":[{"enterText":"2025-01-01","selector":{"id":"CreateDialog::xRFMxCU_AssetCashflowType::DueDate-inner","searchOpenDialogs":true,"interaction":{"idSuffix":"inner"}},"clearTextFirst":true,"interactionType":"ENTER_TEXT"}]}
COMMAND: POST /session/c73ab89c7a017c2778eef40b533b59ec/execute/async - {"script":"<script> [21 bytes]","args":[{"selector":{"id":"CreateDialog::xRFMxCU_Asset::_AssetCashflow-footer","searchOpenDialogs":true},"wdio_ui5_key":"CreateDialogxRFMxCU_Asset::_AssetCashflow-footer"}]}
RESULT: {"script":"<script> [21 bytes]","args":[{"selector":{"id":"CreateDialog::xRFMxCU_Asset::_AssetCashflow-footer","searchOpenDialogs":true},"wdio_ui5_key":"CreateDialogxRFMxCU_Asset::_AssetCashflow-footer"}]}
RESULT: undefined
COMMAND: POST /session/c73ab89c7a017c2778eef40b533b59ec/execute/async - {"script":"<script> [21 bytes]","args":[{"element-6066-11e4-a52e-4f735466cecf":"f.78A58C0CF28EEF12AF8F75C899055EE3.d.BC6093A0D175AD60CA7E7A0CFA6DB8AD.e.1371"},"getEnabled",[]]}
RESULT: {"script":"<script> [21 bytes]","args":[{"element-6066-11e4-a52e-4f735466cecf":"f.78A58C0CF28EEF12AF8F75C899055EE3.d.BC6093A0D175AD60CA7E7A0CFA6DB8AD.e.1371"},"getEnabled",[]]}
COMMAND: POST /session/c73ab89c7a017c2778eef40b533b59ec/element - {"using":"xpath","value":"//*[@id=\"CreateDialog::xRFMxCU_Asset::_AssetCashflow-footer\"]"}
RESULT: {"using":"xpath","value":"//*[@id=\"CreateDialog::xRFMxCU_Asset::_AssetCashflow-footer\"]"}
COMMAND: POST /session/c73ab89c7a017c2778eef40b533b59ec/element/f.78A58C0CF28EEF12AF8F75C899055EE3.d.BC6093A0D175AD60CA7E7A0CFA6DB8AD.e.1371/click - {}
RESULT: {}
COMMAND: GET /session/c73ab89c7a017c2778eef40b533b59ec/screenshot - {}
RESULT: {}
COMMAND: POST /session/c73ab89c7a017c2778eef40b533b59ec/execute/async - {"script":"<script> [21 bytes]","args":[{"forceSelect":true,"selector":{"controlType":"sap.m.Button","properties":{"text":"Continue"},"searchOpenDialogs":true},"wdio_ui5_key":"sapm.Button{\"text\":\"Continue\"}"}]}
RESULT: {"script":"<script> [21 bytes]","args":[{"forceSelect":true,"selector":{"controlType":"sap.m.Button","properties":{"text":"Continue"},"searchOpenDialogs":true},"wdio_ui5_key":"sapm.Button{\"text\":\"Continue\"}"}]}
RESULT: undefined
COMMAND: POST /session/c73ab89c7a017c2778eef40b533b59ec/execute/async - {"script":"<script> [21 bytes]","args":[{"selector":{"id":"__button248"}}]}
RESULT: {"script":"<script> [21 bytes]","args":[{"selector":{"id":"__button248"}}]}
COMMAND: POST /session/c73ab89c7a017c2778eef40b533b59ec/execute/async - {"script":"<script> [21 bytes]","args":[{"element-6066-11e4-a52e-4f735466cecf":"f.78A58C0CF28EEF12AF8F75C899055EE3.d.BC6093A0D175AD60CA7E7A0CFA6DB8AD.e.1372"},"getVisible",[]]}
RESULT: {"script":"<script> [21 bytes]","args":[{"element-6066-11e4-a52e-4f735466cecf":"f.78A58C0CF28EEF12AF8F75C899055EE3.d.BC6093A0D175AD60CA7E7A0CFA6DB8AD.e.1372"},"getVisible",[]]}
COMMAND: POST /session/c73ab89c7a017c2778eef40b533b59ec/execute/async - {"script":"<script> [21 bytes]","args":[{"selector":{"id":"__button248"}}]}
RESULT: {"script":"<script> [21 bytes]","args":[{"selector":{"id":"__button248"}}]}
COMMAND: POST /session/c73ab89c7a017c2778eef40b533b59ec/execute/async - {"script":"<script> [21 bytes]","args":[{"element-6066-11e4-a52e-4f735466cecf":"f.78A58C0CF28EEF12AF8F75C899055EE3.d.BC6093A0D175AD60CA7E7A0CFA6DB8AD.e.1372"},"getEnabled",[]]}
RESULT: {"script":"<script> [21 bytes]","args":[{"element-6066-11e4-a52e-4f735466cecf":"f.78A58C0CF28EEF12AF8F75C899055EE3.d.BC6093A0D175AD60CA7E7A0CFA6DB8AD.e.1372"},"getEnabled",[]]}
COMMAND: POST /session/c73ab89c7a017c2778eef40b533b59ec/execute/async - {"script":"<script> [21 bytes]","args":[{"selector":{"id":"__button248"}}]}
RESULT: {"script":"<script> [21 bytes]","args":[{"selector":{"id":"__button248"}}]}
COMMAND: POST /session/c73ab89c7a017c2778eef40b533b59ec/execute/async - {"script":"<script> [21 bytes]","args":[{"element-6066-11e4-a52e-4f735466cecf":"f.78A58C0CF28EEF12AF8F75C899055EE3.d.BC6093A0D175AD60CA7E7A0CFA6DB8AD.e.1372"},"focus",[]]}
RESULT: {"script":"<script> [21 bytes]","args":[{"element-6066-11e4-a52e-4f735466cecf":"f.78A58C0CF28EEF12AF8F75C899055EE3.d.BC6093A0D175AD60CA7E7A0CFA6DB8AD.e.1372"},"focus",[]]}
COMMAND: POST /session/c73ab89c7a017c2778eef40b533b59ec/element - {"using":"xpath","value":"//*[@id=\"__button248\"]"}
RESULT: {"using":"xpath","value":"//*[@id=\"__button248\"]"}
COMMAND: POST /session/c73ab89c7a017c2778eef40b533b59ec/element/f.78A58C0CF28EEF12AF8F75C899055EE3.d.BC6093A0D175AD60CA7E7A0CFA6DB8AD.e.1372/click - {}
RESULT: {}
COMMAND: GET /session/c73ab89c7a017c2778eef40b533b59ec/screenshot - {}
RESULT: {}
RESULT: undefined
COMMAND: POST /session/c73ab89c7a017c2778eef40b533b59ec/execute/async - {"script":"<script> [20 bytes]","args":[{"enterText":"1,445.27","selector":{"id":"rfm.assetui::xRFMxCU_Asset__AssetCashflowObjectPage--fe::FormContainer::CashFlow::FormElement::DataField::Amount::Field-edit-inner","interaction":{"idSuffix":"inner"}},"clearTextFirst":true,"interactionType":"ENTER_TEXT"}]}
RESULT: {"script":"<script> [20 bytes]","args":[{"enterText":"1,445.27","selector":{"id":"rfm.assetui::xRFMxCU_Asset__AssetCashflowObjectPage--fe::FormContainer::CashFlow::FormElement::DataField::Amount::Field-edit-inner","interaction":{"idSuffix":"inner"}},"clearTextFirst":true,"interactionType":"ENTER_TEXT"}]}
COMMAND: POST /session/c73ab89c7a017c2778eef40b533b59ec/execute/async - {"script":"<script> [21 bytes]","args":[{"selector":{"id":"rfm.assetui::xRFMxCU_Asset__AssetCashflowObjectPage--fe::FormContainer::CashFlow::FormElement::DataField::Amount::Field-edit-inner-unit","interaction":{"idSuffix":"inner"}},"wdio_ui5_key":"rfmassetui::xRFMxCU_Asset__AssetCashflowObjectPage--fe::FormContainer::CashFlow::FormElement::DataField::Amount::Field-edit-inner-unit"}]}
RESULT: {"script":"<script> [21 bytes]","args":[{"selector":{"id":"rfm.assetui::xRFMxCU_Asset__AssetCashflowObjectPage--fe::FormContainer::CashFlow::FormElement::DataField::Amount::Field-edit-inner-unit","interaction":{"idSuffix":"inner"}},"wdio_ui5_key":"rfmassetui::xRFMxCU_Asset__AssetCashflowObjectPage--fe::FormContainer::CashFlow::FormElement::DataField::Amount::Field-edit-inner-unit"}]}
RESULT: undefined
COMMAND: POST /session/c73ab89c7a017c2778eef40b533b59ec/execute/async - {"script":"<script> [20 bytes]","args":[{"enterText":"EUR","selector":{"id":"rfm.assetui::xRFMxCU_Asset__AssetCashflowObjectPage--fe::FormContainer::CashFlow::FormElement::DataField::Amount::Field-edit-inner-unit","interaction":{"idSuffix":"inner"}},"clearTextFirst":true,"interactionType":"ENTER_TEXT"}]}
RESULT: {"script":"<script> [20 bytes]","args":[{"enterText":"EUR","selector":{"id":"rfm.assetui::xRFMxCU_Asset__AssetCashflowObjectPage--fe::FormContainer::CashFlow::FormElement::DataField::Amount::Field-edit-inner-unit","interaction":{"idSuffix":"inner"}},"clearTextFirst":true,"interactionType":"ENTER_TEXT"}]}
COMMAND: POST /session/c73ab89c7a017c2778eef40b533b59ec/execute/async - {"script":"<script> [21 bytes]","args":[{"forceSelect":true,"selector":{"id":"rfm.assetui::xRFMxCU_Asset__AssetCashflowObjectPage--fe::FooterBar::StandardAction::Apply","interaction":{"idSuffix":"content"}},"wdio_ui5_key":"rfmassetui::xRFMxCU_Asset__AssetCashflowObjectPage--fe::FooterBar::StandardAction::Apply"}]}
RESULT: {"script":"<script> [21 bytes]","args":[{"forceSelect":true,"selector":{"id":"rfm.assetui::xRFMxCU_Asset__AssetCashflowObjectPage--fe::FooterBar::StandardAction::Apply","interaction":{"idSuffix":"content"}},"wdio_ui5_key":"rfmassetui::xRFMxCU_Asset__AssetCashflowObjectPage--fe::FooterBar::StandardAction::Apply"}]}
RESULT: undefined
COMMAND: POST /session/c73ab89c7a017c2778eef40b533b59ec/element - {"using":"xpath","value":"//*[@id=\"rfm.assetui::xRFMxCU_Asset__AssetCashflowObjectPage--fe::FooterBar::StandardAction::Apply\"]"}
RESULT: {"using":"xpath","value":"//*[@id=\"rfm.assetui::xRFMxCU_Asset__AssetCashflowObjectPage--fe::FooterBar::StandardAction::Apply\"]"}
COMMAND: POST /session/c73ab89c7a017c2778eef40b533b59ec/element/f.78A58C0CF28EEF12AF8F75C899055EE3.d.BC6093A0D175AD60CA7E7A0CFA6DB8AD.e.1369/click - {}
RESULT: {}
COMMAND: GET /session/c73ab89c7a017c2778eef40b533b59ec/screenshot - {}
RESULT: {}
RESULT: undefined
COMMAND: POST /session/c73ab89c7a017c2778eef40b533b59ec/element/f.78A58C0CF28EEF12AF8F75C899055EE3.d.BC6093A0D175AD60CA7E7A0CFA6DB8AD.e.979/click - {}
COMMAND: POST /session/c73ab89c7a017c2778eef40b533b59ec/element - {"using":"xpath","value":"//*[@id=\"rfm.assetui::xRFMxCU_AssetObjectPage--fe::FooterBar::StandardAction::Save\"]"}
RESULT: {"using":"xpath","value":"//*[@id=\"rfm.assetui::xRFMxCU_AssetObjectPage--fe::FooterBar::StandardAction::Save\"]"}
COMMAND: POST /session/c73ab89c7a017c2778eef40b533b59ec/element/f.78A58C0CF28EEF12AF8F75C899055EE3.d.BC6093A0D175AD60CA7E7A0CFA6DB8AD.e.979/click - {}
COMMAND: POST /session/c73ab89c7a017c2778eef40b533b59ec/element - {"using":"xpath","value":"//*[@id=\"rfm.assetui::xRFMxCU_AssetObjectPage--fe::FooterBar::StandardAction::Save\"]"}
RESULT: {"using":"xpath","value":"//*[@id=\"rfm.assetui::xRFMxCU_AssetObjectPage--fe::FooterBar::StandardAction::Save\"]"}
COMMAND: POST /session/c73ab89c7a017c2778eef40b533b59ec/element/f.78A58C0CF28EEF12AF8F75C899055EE3.d.BC6093A0D175AD60CA7E7A0CFA6DB8AD.e.1406/click - {}
RESULT: {}
COMMAND: GET /session/c73ab89c7a017c2778eef40b533b59ec/screenshot - {}
RESULT: {}
COMMAND: POST /session/c73ab89c7a017c2778eef40b533b59ec/execute/async - {"script":"<script> [21 bytes]","args":[{"selector":{"id":"rfm.assetui::xRFMxCU_AssetObjectPage--fe::FooterBar::MessageButton-img"},"wdio_ui5_key":"rfmassetui::xRFMxCU_AssetObjectPage--fe::FooterBar::MessageButton-img"}]}
RESULT: {"script":"<script> [21 bytes]","args":[{"selector":{"id":"rfm.assetui::xRFMxCU_AssetObjectPage--fe::FooterBar::MessageButton-img"},"wdio_ui5_key":"rfmassetui::xRFMxCU_AssetObjectPage--fe::FooterBar::MessageButton-img"}]}
RESULT: undefined
COMMAND: POST /session/c73ab89c7a017c2778eef40b533b59ec/execute/async - {"script":"<script> [21 bytes]","args":[{"selector":{"id":"rfm.assetui::xRFMxCU_AssetObjectPage--fe::ObjectPage-anchBar-rfm.assetui::xRFMxCU_AssetObjectPage--fe::FacetSection::Object-anchor"},"wdio_ui5_key":"rfmassetui::xRFMxCU_AssetObjectPage--fe::ObjectPage-anchBar-rfm.assetui::xRFMxCU_AssetObjectPage--fe::FacetSection::Object-anchor"}]}
RESULT: {"script":"<script> [21 bytes]","args":[{"selector":{"id":"rfm.assetui::xRFMxCU_AssetObjectPage--fe::ObjectPage-anchBar-rfm.assetui::xRFMxCU_AssetObjectPage--fe::FacetSection::Object-anchor"},"wdio_ui5_key":"rfmassetui::xRFMxCU_AssetObjectPage--fe::ObjectPage-anchBar-rfm.assetui::xRFMxCU_AssetObjectPage--fe::FacetSection::Object-anchor"}]}
RESULT: undefined
COMMAND: POST /session/c73ab89c7a017c2778eef40b533b59ec/element - {"using":"xpath","value":"//*[@id=\"rfm.assetui::xRFMxCU_AssetObjectPage--fe::ObjectPage-anchBar-rfm.assetui::xRFMxCU_AssetObjectPage--fe::FacetSection::Object-anchor\"]"}
RESULT: {"using":"xpath","value":"//*[@id=\"rfm.assetui::xRFMxCU_AssetObjectPage--fe::ObjectPage-anchBar-rfm.assetui::xRFMxCU_AssetObjectPage--fe::FacetSection::Object-anchor\"]"}
COMMAND: POST /session/c73ab89c7a017c2778eef40b533b59ec/element/f.78A58C0CF28EEF12AF8F75C899055EE3.d.BC6093A0D175AD60CA7E7A0CFA6DB8AD.e.1415/click - {}
RESULT: {}
COMMAND: GET /session/c73ab89c7a017c2778eef40b533b59ec/screenshot - {}
RESULT: {}
COMMAND: GET /session/c73ab89c7a017c2778eef40b533b59ec/url - {}
RESULT: {}
RESULT: undefined
COMMAND: POST /session/c73ab89c7a017c2778eef40b533b59ec/element/f.78A58C0CF28EEF12AF8F75C899055EE3.d.BC6093A0D175AD60CA7E7A0CFA6DB8AD.e.592/click - {}
COMMAND: GET /session/c73ab89c7a017c2778eef40b533b59ec/screenshot - {}
COMMAND: POST /session/c73ab89c7a017c2778eef40b533b59ec/element/f.78A58C0CF28EEF12AF8F75C899055EE3.d.BC6093A0D175AD60CA7E7A0CFA6DB8AD.e.592/click - {}
COMMAND: POST /session/c73ab89c7a017c2778eef40b533b59ec/element/f.78A58C0CF28EEF12AF8F75C899055EE3.d.BC6093A0D175AD60CA7E7A0CFA6DB8AD.e.592/click - {}
COMMAND: GET /session/c73ab89c7a017c2778eef40b533b59ec/screenshot - {}
RESULT: {}
]]></system-out>
    </testcase>
    <testcase classname="chrome.138_0_7204_184.windows.Pool" name="Should create asset 2" time="182.145">
      <system-out><![CDATA[
COMMAND: GET /session/c73ab89c7a017c2778eef40b533b59ec/screenshot - {}
RESULT: {}
COMMAND: POST /session/c73ab89c7a017c2778eef40b533b59ec/element - {"using":"xpath","value":"//*[@id=\"backBtn\"]"}
COMMAND: POST /session/c73ab89c7a017c2778eef40b533b59ec/element - {"using":"xpath","value":"//*[@id=\"backBtn\"]"}
RESULT: {}
RESULT: {}
RESULT: {"using":"xpath","value":"//*[@id=\"backBtn\"]"}
COMMAND: POST /session/c73ab89c7a017c2778eef40b533b59ec/elements - {"using":"xpath","value":"//*[@id=\"backBtn\"]"}
RESULT: {"using":"xpath","value":"//*[@id=\"backBtn\"]"}
COMMAND: POST /session/c73ab89c7a017c2778eef40b533b59ec/elements - {"using":"xpath","value":"//*[@id=\"backBtn\"]"}
RESULT: {"using":"xpath","value":"//*[@id=\"backBtn\"]"}
RESULT: {"using":"xpath","value":"//*[@id=\"backBtn\"]"}
COMMAND: POST /session/c73ab89c7a017c2778eef40b533b59ec/elements - {"using":"xpath","value":"//*[@id=\"backBtn\"]"}
COMMAND: POST /session/c73ab89c7a017c2778eef40b533b59ec/elements - {"using":"xpath","value":"//*[@id=\"backBtn\"]"}
RESULT: {"using":"xpath","value":"//*[@id=\"backBtn\"]"}
RESULT: {"using":"xpath","value":"//*[@id=\"backBtn\"]"}
COMMAND: POST /session/c73ab89c7a017c2778eef40b533b59ec/elements - {"using":"xpath","value":"//*[@id=\"backBtn\"]"}
COMMAND: POST /session/c73ab89c7a017c2778eef40b533b59ec/elements - {"using":"xpath","value":"//*[@id=\"backBtn\"]"}
RESULT: {"using":"xpath","value":"//*[@id=\"backBtn\"]"}
RESULT: {"using":"xpath","value":"//*[@id=\"backBtn\"]"}
COMMAND: POST /session/c73ab89c7a017c2778eef40b533b59ec/elements - {"using":"xpath","value":"//*[@id=\"backBtn\"]"}
COMMAND: POST /session/c73ab89c7a017c2778eef40b533b59ec/elements - {"using":"xpath","value":"//*[@id=\"backBtn\"]"}
RESULT: {"using":"xpath","value":"//*[@id=\"backBtn\"]"}
RESULT: {"using":"xpath","value":"//*[@id=\"backBtn\"]"}
COMMAND: POST /session/c73ab89c7a017c2778eef40b533b59ec/elements - {"using":"xpath","value":"//*[@id=\"backBtn\"]"}
RESULT: {"using":"xpath","value":"//*[@id=\"backBtn\"]"}
COMMAND: POST /session/c73ab89c7a017c2778eef40b533b59ec/elements - {"using":"xpath","value":"//*[@id=\"backBtn\"]"}
RESULT: {"using":"xpath","value":"//*[@id=\"backBtn\"]"}
COMMAND: POST /session/c73ab89c7a017c2778eef40b533b59ec/elements - {"using":"xpath","value":"//*[@id=\"backBtn\"]"}
COMMAND: POST /session/c73ab89c7a017c2778eef40b533b59ec/elements - {"using":"xpath","value":"//*[@id=\"backBtn\"]"}
RESULT: {"using":"xpath","value":"//*[@id=\"backBtn\"]"}
RESULT: {"using":"xpath","value":"//*[@id=\"backBtn\"]"}
COMMAND: POST /session/c73ab89c7a017c2778eef40b533b59ec/elements - {"using":"xpath","value":"//*[@id=\"backBtn\"]"}
RESULT: {"using":"xpath","value":"//*[@id=\"backBtn\"]"}
COMMAND: POST /session/c73ab89c7a017c2778eef40b533b59ec/elements - {"using":"xpath","value":"//*[@id=\"backBtn\"]"}
RESULT: {"using":"xpath","value":"//*[@id=\"backBtn\"]"}
COMMAND: POST /session/c73ab89c7a017c2778eef40b533b59ec/elements - {"using":"xpath","value":"//*[@id=\"backBtn\"]"}
COMMAND: POST /session/c73ab89c7a017c2778eef40b533b59ec/elements - {"using":"xpath","value":"//*[@id=\"backBtn\"]"}
RESULT: {"using":"xpath","value":"//*[@id=\"backBtn\"]"}
RESULT: {"using":"xpath","value":"//*[@id=\"backBtn\"]"}
RESULT: undefined
COMMAND: POST /session/c73ab89c7a017c2778eef40b533b59ec/element - {"using":"xpath","value":"//*[@id=\"__tile53\"]"}
RESULT: {"using":"xpath","value":"//*[@id=\"__tile53\"]"}
COMMAND: POST /session/c73ab89c7a017c2778eef40b533b59ec/element/f.78A58C0CF28EEF12AF8F75C899055EE3.d.BC6093A0D175AD60CA7E7A0CFA6DB8AD.e.1432/click - {}
COMMAND: POST /session/c73ab89c7a017c2778eef40b533b59ec/elements - {"using":"xpath","value":"//*[@id=\"backBtn\"]"}
COMMAND: POST /session/c73ab89c7a017c2778eef40b533b59ec/elements - {"using":"xpath","value":"//*[@id=\"backBtn\"]"}
RESULT: {}
COMMAND: GET /session/c73ab89c7a017c2778eef40b533b59ec/screenshot - {}
RESULT: {"using":"xpath","value":"//*[@id=\"backBtn\"]"}
RESULT: {"using":"xpath","value":"//*[@id=\"backBtn\"]"}
COMMAND: POST /session/c73ab89c7a017c2778eef40b533b59ec/elements - {"using":"xpath","value":"//*[@id=\"backBtn\"]"}
COMMAND: POST /session/c73ab89c7a017c2778eef40b533b59ec/elements - {"using":"xpath","value":"//*[@id=\"backBtn\"]"}
RESULT: {}
RESULT: {"using":"xpath","value":"//*[@id=\"backBtn\"]"}
COMMAND: POST /session/c73ab89c7a017c2778eef40b533b59ec/element - {"using":"xpath","value":"//*[@id=\"backBtn\"]"}
RESULT: {"using":"xpath","value":"//*[@id=\"backBtn\"]"}
COMMAND: POST /session/c73ab89c7a017c2778eef40b533b59ec/element - {"using":"xpath","value":"//*[@id=\"backBtn\"]"}
RESULT: undefined
COMMAND: POST /session/c73ab89c7a017c2778eef40b533b59ec/element - {"using":"xpath","value":"//*[@id=\"__tile53\"]"}
RESULT: {"using":"xpath","value":"//*[@id=\"backBtn\"]"}
COMMAND: POST /session/c73ab89c7a017c2778eef40b533b59ec/element/f.78A58C0CF28EEF12AF8F75C899055EE3.d.BC6093A0D175AD60CA7E7A0CFA6DB8AD.e.592/click - {}
RESULT: {"using":"xpath","value":"//*[@id=\"backBtn\"]"}
COMMAND: POST /session/c73ab89c7a017c2778eef40b533b59ec/element/f.78A58C0CF28EEF12AF8F75C899055EE3.d.BC6093A0D175AD60CA7E7A0CFA6DB8AD.e.592/click - {}
RESULT: {"using":"xpath","value":"//*[@id=\"__tile53\"]"}
COMMAND: POST /session/c73ab89c7a017c2778eef40b533b59ec/element/f.78A58C0CF28EEF12AF8F75C899055EE3.d.BC6093A0D175AD60CA7E7A0CFA6DB8AD.e.1538/click - {}
COMMAND: POST /session/c73ab89c7a017c2778eef40b533b59ec/element - {"using":"xpath","value":"//*[@id=\"backBtn\"]"}
COMMAND: POST /session/c73ab89c7a017c2778eef40b533b59ec/element - {"using":"xpath","value":"//*[@id=\"backBtn\"]"}
RESULT: {"using":"xpath","value":"//*[@id=\"backBtn\"]"}
COMMAND: POST /session/c73ab89c7a017c2778eef40b533b59ec/element/f.78A58C0CF28EEF12AF8F75C899055EE3.d.BC6093A0D175AD60CA7E7A0CFA6DB8AD.e.1505/click - {}
RESULT: {"using":"xpath","value":"//*[@id=\"backBtn\"]"}
COMMAND: POST /session/c73ab89c7a017c2778eef40b533b59ec/element/f.78A58C0CF28EEF12AF8F75C899055EE3.d.BC6093A0D175AD60CA7E7A0CFA6DB8AD.e.1505/click - {}
RESULT: {}
COMMAND: GET /session/c73ab89c7a017c2778eef40b533b59ec/screenshot - {}
RESULT: {}
COMMAND: GET /session/c73ab89c7a017c2778eef40b533b59ec/screenshot - {}
COMMAND: POST /session/c73ab89c7a017c2778eef40b533b59ec/element - {"using":"xpath","value":"//*[@id=\"__tile53\"]"}
RESULT: {}
RESULT: {}
RESULT: {"using":"xpath","value":"//*[@id=\"__tile53\"]"}
COMMAND: POST /session/c73ab89c7a017c2778eef40b533b59ec/element/f.78A58C0CF28EEF12AF8F75C899055EE3.d.BC6093A0D175AD60CA7E7A0CFA6DB8AD.e.1538/click - {}
COMMAND: POST /session/c73ab89c7a017c2778eef40b533b59ec/element - {"using":"xpath","value":"//*[@id=\"__tile53\"]"}
RESULT: {"using":"xpath","value":"//*[@id=\"__tile53\"]"}
COMMAND: POST /session/c73ab89c7a017c2778eef40b533b59ec/element/f.78A58C0CF28EEF12AF8F75C899055EE3.d.BC6093A0D175AD60CA7E7A0CFA6DB8AD.e.1543/click - {}
RESULT: {}
COMMAND: GET /session/c73ab89c7a017c2778eef40b533b59ec/screenshot - {}
RESULT: {}
COMMAND: POST /session/c73ab89c7a017c2778eef40b533b59ec/execute/async - {"script":"<script> [21 bytes]","args":[{"forceSelect":true,"selector":{"id":"rfm.assetui::xRFMxCU_AssetList--fe::table::allTab::LineItem::StandardAction::Create","interaction":{"idSuffix":"BDI-content"}},"wdio_ui5_key":"rfmassetui::xRFMxCU_AssetList--fe::table::allTab::LineItem::StandardAction::Create"}]}
RESULT: {"script":"<script> [21 bytes]","args":[{"forceSelect":true,"selector":{"id":"rfm.assetui::xRFMxCU_AssetList--fe::table::allTab::LineItem::StandardAction::Create","interaction":{"idSuffix":"BDI-content"}},"wdio_ui5_key":"rfmassetui::xRFMxCU_AssetList--fe::table::allTab::LineItem::StandardAction::Create"}]}
RESULT: undefined
COMMAND: POST /session/c73ab89c7a017c2778eef40b533b59ec/element - {"using":"xpath","value":"//*[@id=\"rfm.assetui::xRFMxCU_AssetList--fe::table::allTab::LineItem::StandardAction::Create\"]"}
RESULT: {"using":"xpath","value":"//*[@id=\"rfm.assetui::xRFMxCU_AssetList--fe::table::allTab::LineItem::StandardAction::Create\"]"}
COMMAND: POST /session/c73ab89c7a017c2778eef40b533b59ec/element/f.78A58C0CF28EEF12AF8F75C899055EE3.d.BC6093A0D175AD60CA7E7A0CFA6DB8AD.e.1595/click - {}
RESULT: {}
COMMAND: GET /session/c73ab89c7a017c2778eef40b533b59ec/screenshot - {}
RESULT: {}
RESULT: undefined
COMMAND: POST /session/c73ab89c7a017c2778eef40b533b59ec/execute/async - {"script":"<script> [20 bytes]","args":[{"enterText":"WDIO_Pool2_2025-08-14_23-03-40","selector":{"id":"CreateDialog::xRFMxCU_AssetType::AssetIdExtern-inner","searchOpenDialogs":true,"interaction":{"idSuffix":"inner"}},"clearTextFirst":true,"interactionType":"ENTER_TEXT"}]}
RESULT: {"script":"<script> [20 bytes]","args":[{"enterText":"WDIO_Pool2_2025-08-14_23-03-40","selector":{"id":"CreateDialog::xRFMxCU_AssetType::AssetIdExtern-inner","searchOpenDialogs":true,"interaction":{"idSuffix":"inner"}},"clearTextFirst":true,"interactionType":"ENTER_TEXT"}]}
RESULT: undefined
COMMAND: POST /session/c73ab89c7a017c2778eef40b533b59ec/execute/async - {"script":"<script> [20 bytes]","args":[{"enterText":"Test","selector":{"id":"CreateDialog::xRFMxCU_AssetType::ExternalSystem-inner","searchOpenDialogs":true,"interaction":{"idSuffix":"inner"}},"clearTextFirst":true,"interactionType":"ENTER_TEXT"}]}
RESULT: {"script":"<script> [20 bytes]","args":[{"enterText":"Test","selector":{"id":"CreateDialog::xRFMxCU_AssetType::ExternalSystem-inner","searchOpenDialogs":true,"interaction":{"idSuffix":"inner"}},"clearTextFirst":true,"interactionType":"ENTER_TEXT"}]}
RESULT: undefined
COMMAND: POST /session/c73ab89c7a017c2778eef40b533b59ec/execute/async - {"script":"<script> [21 bytes]","args":[{"element-6066-11e4-a52e-4f735466cecf":"f.78A58C0CF28EEF12AF8F75C899055EE3.d.BC6093A0D175AD60CA7E7A0CFA6DB8AD.e.859"},"setValue",["2025-01-01"]]}
COMMAND: POST /session/c73ab89c7a017c2778eef40b533b59ec/execute/async - {"script":"<script> [21 bytes]","args":[{"selector":{"id":"CreateDialog::xRFMxCU_AssetType::InitiationDate-inner","controlType":"sap.m.DatePicker","searchOpenDialogs":true},"wdio_ui5_key":"CreateDialogxRFMxCU_AssetType::InitiationDate-innersap.m.DatePicker"}]}
RESULT: {"script":"<script> [21 bytes]","args":[{"selector":{"id":"CreateDialog::xRFMxCU_AssetType::InitiationDate-inner","controlType":"sap.m.DatePicker","searchOpenDialogs":true},"wdio_ui5_key":"CreateDialogxRFMxCU_AssetType::InitiationDate-innersap.m.DatePicker"}]}
COMMAND: POST /session/c73ab89c7a017c2778eef40b533b59ec/execute/async - {"script":"<script> [21 bytes]","args":[{"element-6066-11e4-a52e-4f735466cecf":"f.78A58C0CF28EEF12AF8F75C899055EE3.d.BC6093A0D175AD60CA7E7A0CFA6DB8AD.e.1797"},"setValue",["2025-01-01"]]}
RESULT: {"script":"<script> [21 bytes]","args":[{"element-6066-11e4-a52e-4f735466cecf":"f.78A58C0CF28EEF12AF8F75C899055EE3.d.BC6093A0D175AD60CA7E7A0CFA6DB8AD.e.1797"},"setValue",["2025-01-01"]]}
RESULT: undefined
COMMAND: POST /session/c73ab89c7a017c2778eef40b533b59ec/execute/async - {"script":"<script> [21 bytes]","args":[{"element-6066-11e4-a52e-4f735466cecf":"f.78A58C0CF28EEF12AF8F75C899055EE3.d.BC6093A0D175AD60CA7E7A0CFA6DB8AD.e.860"},"setValue",["2027-12-31"]]}
COMMAND: POST /session/c73ab89c7a017c2778eef40b533b59ec/execute/async - {"script":"<script> [21 bytes]","args":[{"selector":{"id":"CreateDialog::xRFMxCU_AssetType::ClosingDate-inner","controlType":"sap.m.DatePicker","searchOpenDialogs":true},"wdio_ui5_key":"CreateDialogxRFMxCU_AssetType::ClosingDate-innersap.m.DatePicker"}]}
RESULT: {"script":"<script> [21 bytes]","args":[{"selector":{"id":"CreateDialog::xRFMxCU_AssetType::ClosingDate-inner","controlType":"sap.m.DatePicker","searchOpenDialogs":true},"wdio_ui5_key":"CreateDialogxRFMxCU_AssetType::ClosingDate-innersap.m.DatePicker"}]}
COMMAND: POST /session/c73ab89c7a017c2778eef40b533b59ec/execute/async - {"script":"<script> [21 bytes]","args":[{"element-6066-11e4-a52e-4f735466cecf":"f.78A58C0CF28EEF12AF8F75C899055EE3.d.BC6093A0D175AD60CA7E7A0CFA6DB8AD.e.1798"},"setValue",["2027-12-31"]]}
RESULT: {"script":"<script> [21 bytes]","args":[{"element-6066-11e4-a52e-4f735466cecf":"f.78A58C0CF28EEF12AF8F75C899055EE3.d.BC6093A0D175AD60CA7E7A0CFA6DB8AD.e.1798"},"setValue",["2027-12-31"]]}
COMMAND: POST /session/c73ab89c7a017c2778eef40b533b59ec/execute/async - {"script":"<script> [21 bytes]","args":[{"selector":{"id":"CreateDialog::xRFMxCU_Asset-footer","searchOpenDialogs":true},"wdio_ui5_key":"CreateDialogxRFMxCU_Asset-footer"}]}
RESULT: {"script":"<script> [21 bytes]","args":[{"selector":{"id":"CreateDialog::xRFMxCU_Asset-footer","searchOpenDialogs":true},"wdio_ui5_key":"CreateDialogxRFMxCU_Asset-footer"}]}
RESULT: undefined
COMMAND: POST /session/c73ab89c7a017c2778eef40b533b59ec/element - {"using":"xpath","value":"//*[@id=\"CreateDialog::xRFMxCU_Asset-footer\"]"}
RESULT: {"using":"xpath","value":"//*[@id=\"CreateDialog::xRFMxCU_Asset-footer\"]"}
COMMAND: POST /session/c73ab89c7a017c2778eef40b533b59ec/element/f.78A58C0CF28EEF12AF8F75C899055EE3.d.BC6093A0D175AD60CA7E7A0CFA6DB8AD.e.1804/click - {}
RESULT: {}
COMMAND: POST /session/c73ab89c7a017c2778eef40b533b59ec/execute/async - {"script":"<script> [21 bytes]","args":[{"forceSelect":true,"selector":{"controlType":"sap.m.Button","viewName":"sap.fe.templates.ObjectPage.ObjectPage","viewId":"rfm.assetui::xRFMxCU_AssetObjectPage","properties":{"text":"Continue"},"searchOpenDialogs":true},"wdio_ui5_key":"sapfe.templates.ObjectPage.ObjectPagesap.m.Button{\"text\":\"Continue\"}"}]}
COMMAND: GET /session/c73ab89c7a017c2778eef40b533b59ec/screenshot - {}
RESULT: {"script":"<script> [21 bytes]","args":[{"forceSelect":true,"selector":{"controlType":"sap.m.Button","viewName":"sap.fe.templates.ObjectPage.ObjectPage","viewId":"rfm.assetui::xRFMxCU_AssetObjectPage","properties":{"text":"Continue"},"searchOpenDialogs":true},"wdio_ui5_key":"sapfe.templates.ObjectPage.ObjectPagesap.m.Button{\"text\":\"Continue\"}"}]}
RESULT: undefined
COMMAND: POST /session/c73ab89c7a017c2778eef40b533b59ec/element - {"using":"xpath","value":"//*[@id=\"__button291\"]"}
RESULT: {}
RESULT: {"using":"xpath","value":"//*[@id=\"__button291\"]"}
COMMAND: POST /session/c73ab89c7a017c2778eef40b533b59ec/element/f.78A58C0CF28EEF12AF8F75C899055EE3.d.BC6093A0D175AD60CA7E7A0CFA6DB8AD.e.1805/click - {}
RESULT: {}
COMMAND: GET /session/c73ab89c7a017c2778eef40b533b59ec/screenshot - {}
RESULT: undefined
COMMAND: POST /session/c73ab89c7a017c2778eef40b533b59ec/element - {"using":"xpath","value":"//*[@id=\"rfm.assetui::xRFMxCU_AssetObjectPage--fe::FCLStandardAction::FullScreen\"]"}
RESULT: {}
RESULT: {"using":"xpath","value":"//*[@id=\"rfm.assetui::xRFMxCU_AssetObjectPage--fe::FCLStandardAction::FullScreen\"]"}
COMMAND: POST /session/c73ab89c7a017c2778eef40b533b59ec/element/f.78A58C0CF28EEF12AF8F75C899055EE3.d.BC6093A0D175AD60CA7E7A0CFA6DB8AD.e.1856/click - {}
RESULT: {}
COMMAND: GET /session/c73ab89c7a017c2778eef40b533b59ec/screenshot - {}
RESULT: {}
RESULT: undefined
COMMAND: POST /session/c73ab89c7a017c2778eef40b533b59ec/execute/async - {"script":"<script> [20 bytes]","args":[{"enterText":"117009960","selector":{"id":"rfm.assetui::xRFMxCU_AssetObjectPage--fe::FormContainer::FieldGroup::detailsFieldsGP1::FormElement::DataFieldWithIntentBasedNavigation::PartnerId::Debtor::Manage::Field-edit","interaction":{"idSuffix":"inner"}},"clearTextFirst":true,"interactionType":"ENTER_TEXT"}]}
RESULT: {"script":"<script> [20 bytes]","args":[{"enterText":"117009960","selector":{"id":"rfm.assetui::xRFMxCU_AssetObjectPage--fe::FormContainer::FieldGroup::detailsFieldsGP1::FormElement::DataFieldWithIntentBasedNavigation::PartnerId::Debtor::Manage::Field-edit","interaction":{"idSuffix":"inner"}},"clearTextFirst":true,"interactionType":"ENTER_TEXT"}]}
RESULT: undefined
COMMAND: POST /session/c73ab89c7a017c2778eef40b533b59ec/execute/async - {"script":"<script> [20 bytes]","args":[{"enterText":"19,765.44","selector":{"id":"rfm.assetui::xRFMxCU_AssetObjectPage--fe::FormContainer::FieldGroup::detailsFieldsGP1::FormElement::DataField::NominalValue::Field-edit-inner","interaction":{"idSuffix":"inner"}},"clearTextFirst":true,"interactionType":"ENTER_TEXT"}]}
RESULT: {"script":"<script> [20 bytes]","args":[{"enterText":"19,765.44","selector":{"id":"rfm.assetui::xRFMxCU_AssetObjectPage--fe::FormContainer::FieldGroup::detailsFieldsGP1::FormElement::DataField::NominalValue::Field-edit-inner","interaction":{"idSuffix":"inner"}},"clearTextFirst":true,"interactionType":"ENTER_TEXT"}]}
RESULT: undefined
COMMAND: POST /session/c73ab89c7a017c2778eef40b533b59ec/execute/async - {"script":"<script> [20 bytes]","args":[{"enterText":"EUR","selector":{"id":"rfm.assetui::xRFMxCU_AssetObjectPage--fe::FormContainer::FieldGroup::detailsFieldsGP1::FormElement::DataField::NominalValue::Field-edit-inner-unit","interaction":{"idSuffix":"inner"}},"clearTextFirst":true,"interactionType":"ENTER_TEXT"}]}
RESULT: {"script":"<script> [20 bytes]","args":[{"enterText":"EUR","selector":{"id":"rfm.assetui::xRFMxCU_AssetObjectPage--fe::FormContainer::FieldGroup::detailsFieldsGP1::FormElement::DataField::NominalValue::Field-edit-inner-unit","interaction":{"idSuffix":"inner"}},"clearTextFirst":true,"interactionType":"ENTER_TEXT"}]}
RESULT: undefined
COMMAND: POST /session/c73ab89c7a017c2778eef40b533b59ec/execute/async - {"script":"<script> [20 bytes]","args":[{"enterText":"Leasing","selector":{"id":"rfm.assetui::xRFMxCU_AssetObjectPage--fe::FormContainer::FieldGroup::detailsFieldsGP2::FormElement::DataField::AssetCategory::Field-edit-inner","interaction":{"idSuffix":"inner"}},"clearTextFirst":true,"interactionType":"ENTER_TEXT"}]}
RESULT: {"script":"<script> [20 bytes]","args":[{"enterText":"Leasing","selector":{"id":"rfm.assetui::xRFMxCU_AssetObjectPage--fe::FormContainer::FieldGroup::detailsFieldsGP2::FormElement::DataField::AssetCategory::Field-edit-inner","interaction":{"idSuffix":"inner"}},"clearTextFirst":true,"interactionType":"ENTER_TEXT"}]}
RESULT: undefined
COMMAND: POST /session/c73ab89c7a017c2778eef40b533b59ec/execute/async - {"script":"<script> [20 bytes]","args":[{"enterText":"2","selector":{"id":"rfm.assetui::xRFMxCU_AssetObjectPage--fe::FormContainer::FieldGroup::detailsFieldsGP2::FormElement::DataField::ContractType::Field-edit-inner","interaction":{"idSuffix":"inner"}},"clearTextFirst":true,"interactionType":"ENTER_TEXT"}]}
RESULT: {"script":"<script> [20 bytes]","args":[{"enterText":"2","selector":{"id":"rfm.assetui::xRFMxCU_AssetObjectPage--fe::FormContainer::FieldGroup::detailsFieldsGP2::FormElement::DataField::ContractType::Field-edit-inner","interaction":{"idSuffix":"inner"}},"clearTextFirst":true,"interactionType":"ENTER_TEXT"}]}
RESULT: undefined
COMMAND: POST /session/c73ab89c7a017c2778eef40b533b59ec/execute/async - {"script":"<script> [20 bytes]","args":[{"enterText":"Active","selector":{"id":"rfm.assetui::xRFMxCU_AssetObjectPage--fe::FormContainer::FieldGroup::detailsFieldsGP2::FormElement::DataField::Status::Field-edit-inner","interaction":{"idSuffix":"inner"}},"clearTextFirst":true,"interactionType":"ENTER_TEXT"}]}
RESULT: {"script":"<script> [20 bytes]","args":[{"enterText":"Active","selector":{"id":"rfm.assetui::xRFMxCU_AssetObjectPage--fe::FormContainer::FieldGroup::detailsFieldsGP2::FormElement::DataField::Status::Field-edit-inner","interaction":{"idSuffix":"inner"}},"clearTextFirst":true,"interactionType":"ENTER_TEXT"}]}
RESULT: undefined
COMMAND: POST /session/c73ab89c7a017c2778eef40b533b59ec/element - {"using":"xpath","value":"//*[@id=\"rfm.assetui::xRFMxCU_AssetObjectPage--fe::ObjectPage-anchBar-rfm.assetui::xRFMxCU_AssetObjectPage--fe::FacetSection::CashFlowCollection-anchor\"]"}
RESULT: {"using":"xpath","value":"//*[@id=\"rfm.assetui::xRFMxCU_AssetObjectPage--fe::ObjectPage-anchBar-rfm.assetui::xRFMxCU_AssetObjectPage--fe::FacetSection::CashFlowCollection-anchor\"]"}
COMMAND: POST /session/c73ab89c7a017c2778eef40b533b59ec/element/f.78A58C0CF28EEF12AF8F75C899055EE3.d.BC6093A0D175AD60CA7E7A0CFA6DB8AD.e.1931/click - {}
RESULT: {}
COMMAND: GET /session/c73ab89c7a017c2778eef40b533b59ec/screenshot - {}
RESULT: {}
RESULT: undefined
COMMAND: POST /session/c73ab89c7a017c2778eef40b533b59ec/element - {"using":"xpath","value":"//*[@id=\"rfm.assetui::xRFMxCU_AssetObjectPage--fe::FacetSubSection::PlannedCFCollection\"]"}
RESULT: {"using":"xpath","value":"//*[@id=\"rfm.assetui::xRFMxCU_AssetObjectPage--fe::FacetSubSection::PlannedCFCollection\"]"}
COMMAND: POST /session/c73ab89c7a017c2778eef40b533b59ec/element/f.78A58C0CF28EEF12AF8F75C899055EE3.d.BC6093A0D175AD60CA7E7A0CFA6DB8AD.e.1975/click - {}
RESULT: {}
RESULT: undefined
COMMAND: POST /session/c73ab89c7a017c2778eef40b533b59ec/element - {"using":"xpath","value":"//*[@id=\"rfm.assetui::xRFMxCU_AssetObjectPage--fe::table::_AssetCashflow::LineItem::StandardAction::Create\"]"}
COMMAND: GET /session/c73ab89c7a017c2778eef40b533b59ec/screenshot - {}
RESULT: {"using":"xpath","value":"//*[@id=\"rfm.assetui::xRFMxCU_AssetObjectPage--fe::table::_AssetCashflow::LineItem::StandardAction::Create\"]"}
COMMAND: POST /session/c73ab89c7a017c2778eef40b533b59ec/element/f.78A58C0CF28EEF12AF8F75C899055EE3.d.BC6093A0D175AD60CA7E7A0CFA6DB8AD.e.1932/click - {}
RESULT: {}
RESULT: {}
COMMAND: GET /session/c73ab89c7a017c2778eef40b533b59ec/screenshot - {}
RESULT: {}
RESULT: undefined
COMMAND: POST /session/c73ab89c7a017c2778eef40b533b59ec/execute/async - {"script":"<script> [20 bytes]","args":[{"enterText":"Interest","selector":{"id":"CreateDialog::xRFMxCU_AssetCashflowType::CashflowPartType-inner","searchOpenDialogs":true,"interaction":{"idSuffix":"inner"}},"clearTextFirst":true,"interactionType":"ENTER_TEXT"}]}
RESULT: {"script":"<script> [20 bytes]","args":[{"enterText":"Interest","selector":{"id":"CreateDialog::xRFMxCU_AssetCashflowType::CashflowPartType-inner","searchOpenDialogs":true,"interaction":{"idSuffix":"inner"}},"clearTextFirst":true,"interactionType":"ENTER_TEXT"}]}
RESULT: undefined
COMMAND: POST /session/c73ab89c7a017c2778eef40b533b59ec/execute/async - {"script":"<script> [20 bytes]","args":[{"enterText":"2025-01-01","selector":{"id":"CreateDialog::xRFMxCU_AssetCashflowType::DueDate-inner","searchOpenDialogs":true,"interaction":{"idSuffix":"inner"}},"clearTextFirst":true,"interactionType":"ENTER_TEXT"}]}
RESULT: {"script":"<script> [20 bytes]","args":[{"enterText":"2025-01-01","selector":{"id":"CreateDialog::xRFMxCU_AssetCashflowType::DueDate-inner","searchOpenDialogs":true,"interaction":{"idSuffix":"inner"}},"clearTextFirst":true,"interactionType":"ENTER_TEXT"}]}
RESULT: undefined
COMMAND: POST /session/c73ab89c7a017c2778eef40b533b59ec/element - {"using":"xpath","value":"//*[@id=\"CreateDialog::xRFMxCU_Asset::_AssetCashflow-footer\"]"}
RESULT: {"using":"xpath","value":"//*[@id=\"CreateDialog::xRFMxCU_Asset::_AssetCashflow-footer\"]"}
COMMAND: POST /session/c73ab89c7a017c2778eef40b533b59ec/element/f.78A58C0CF28EEF12AF8F75C899055EE3.d.BC6093A0D175AD60CA7E7A0CFA6DB8AD.e.2017/click - {}
RESULT: {}
COMMAND: POST /session/c73ab89c7a017c2778eef40b533b59ec/execute/async - {"script":"<script> [21 bytes]","args":[{"forceSelect":true,"selector":{"controlType":"sap.m.Button","viewName":"sap.fe.templates.ObjectPage.ObjectPage","viewId":"rfm.assetui::xRFMxCU_Asset__AssetCashflowObjectPage","properties":{"text":"Continue"},"searchOpenDialogs":true,"interaction":{"idSuffix":"content"}},"wdio_ui5_key":"sapfe.templates.ObjectPage.ObjectPagesap.m.Button{\"text\":\"Continue\"}"}]}
COMMAND: GET /session/c73ab89c7a017c2778eef40b533b59ec/screenshot - {}
RESULT: {"script":"<script> [21 bytes]","args":[{"forceSelect":true,"selector":{"controlType":"sap.m.Button","viewName":"sap.fe.templates.ObjectPage.ObjectPage","viewId":"rfm.assetui::xRFMxCU_Asset__AssetCashflowObjectPage","properties":{"text":"Continue"},"searchOpenDialogs":true,"interaction":{"idSuffix":"content"}},"wdio_ui5_key":"sapfe.templates.ObjectPage.ObjectPagesap.m.Button{\"text\":\"Continue\"}"}]}
RESULT: undefined
COMMAND: POST /session/c73ab89c7a017c2778eef40b533b59ec/element - {"using":"xpath","value":"//*[@id=\"__button304\"]"}
RESULT: {}
RESULT: {"using":"xpath","value":"//*[@id=\"__button304\"]"}
COMMAND: POST /session/c73ab89c7a017c2778eef40b533b59ec/element/f.78A58C0CF28EEF12AF8F75C899055EE3.d.BC6093A0D175AD60CA7E7A0CFA6DB8AD.e.2019/click - {}
RESULT: {}
COMMAND: GET /session/c73ab89c7a017c2778eef40b533b59ec/screenshot - {}
RESULT: {}
RESULT: undefined
COMMAND: POST /session/c73ab89c7a017c2778eef40b533b59ec/execute/async - {"script":"<script> [20 bytes]","args":[{"enterText":"19.49","selector":{"id":"rfm.assetui::xRFMxCU_Asset__AssetCashflowObjectPage--fe::FormContainer::CashFlow::FormElement::DataField::Amount::Field-edit-inner","interaction":{"idSuffix":"inner"}},"clearTextFirst":true,"interactionType":"ENTER_TEXT"}]}
RESULT: {"script":"<script> [20 bytes]","args":[{"enterText":"19.49","selector":{"id":"rfm.assetui::xRFMxCU_Asset__AssetCashflowObjectPage--fe::FormContainer::CashFlow::FormElement::DataField::Amount::Field-edit-inner","interaction":{"idSuffix":"inner"}},"clearTextFirst":true,"interactionType":"ENTER_TEXT"}]}
RESULT: undefined
COMMAND: POST /session/c73ab89c7a017c2778eef40b533b59ec/element - {"using":"xpath","value":"//*[@id=\"rfm.assetui::xRFMxCU_Asset__AssetCashflowObjectPage--fe::FormContainer::CashFlow::FormElement::DataField::Amount::Field-edit-inner-unit-vhi\"]"}
RESULT: {"using":"xpath","value":"//*[@id=\"rfm.assetui::xRFMxCU_Asset__AssetCashflowObjectPage--fe::FormContainer::CashFlow::FormElement::DataField::Amount::Field-edit-inner-unit-vhi\"]"}
COMMAND: POST /session/c73ab89c7a017c2778eef40b533b59ec/element/f.78A58C0CF28EEF12AF8F75C899055EE3.d.BC6093A0D175AD60CA7E7A0CFA6DB8AD.e.2036/click - {}
RESULT: {}
RESULT: undefined
COMMAND: POST /session/c73ab89c7a017c2778eef40b533b59ec/execute/async - {"script":"<script> [20 bytes]","args":[{"enterText":"EUR","selector":{"id":"rfm.assetui::xRFMxCU_Asset__AssetCashflowObjectPage--fe::FormContainer::CashFlow::FieldValueHelp::_AssetCashflow::Amount::_AssetCashflow::Currency::Dialog::qualifier::-search-inner","searchOpenDialogs":true,"interaction":{"idSuffix":"I"}},"clearTextFirst":true,"interactionType":"ENTER_TEXT"}]}
COMMAND: GET /session/c73ab89c7a017c2778eef40b533b59ec/screenshot - {}
RESULT: {"script":"<script> [20 bytes]","args":[{"enterText":"EUR","selector":{"id":"rfm.assetui::xRFMxCU_Asset__AssetCashflowObjectPage--fe::FormContainer::CashFlow::FieldValueHelp::_AssetCashflow::Amount::_AssetCashflow::Currency::Dialog::qualifier::-search-inner","searchOpenDialogs":true,"interaction":{"idSuffix":"I"}},"clearTextFirst":true,"interactionType":"ENTER_TEXT"}]}
RESULT: undefined
COMMAND: POST /session/c73ab89c7a017c2778eef40b533b59ec/element - {"using":"xpath","value":"//*[@id=\"rfm.assetui::xRFMxCU_Asset__AssetCashflowObjectPage--fe::FormContainer::CashFlow::FieldValueHelp::_AssetCashflow::Amount::_AssetCashflow::Currency::Dialog::qualifier::::Table-innerTable-rows-row0\"]"}
RESULT: {}
RESULT: {"using":"xpath","value":"//*[@id=\"rfm.assetui::xRFMxCU_Asset__AssetCashflowObjectPage--fe::FormContainer::CashFlow::FieldValueHelp::_AssetCashflow::Amount::_AssetCashflow::Currency::Dialog::qualifier::::Table-innerTable-rows-row0\"]"}
COMMAND: POST /session/c73ab89c7a017c2778eef40b533b59ec/element/f.78A58C0CF28EEF12AF8F75C899055EE3.d.BC6093A0D175AD60CA7E7A0CFA6DB8AD.e.2044/click - {}
RESULT: {}
COMMAND: POST /session/c73ab89c7a017c2778eef40b533b59ec/execute/async - {"script":"<script> [21 bytes]","args":[{"forceSelect":true,"selector":{"id":"rfm.assetui::xRFMxCU_Asset__AssetCashflowObjectPage--fe::FooterBar::StandardAction::Apply","interaction":{"idSuffix":"BDI-content"}},"wdio_ui5_key":"rfmassetui::xRFMxCU_Asset__AssetCashflowObjectPage--fe::FooterBar::StandardAction::Apply"}]}
COMMAND: GET /session/c73ab89c7a017c2778eef40b533b59ec/screenshot - {}
RESULT: {"script":"<script> [21 bytes]","args":[{"forceSelect":true,"selector":{"id":"rfm.assetui::xRFMxCU_Asset__AssetCashflowObjectPage--fe::FooterBar::StandardAction::Apply","interaction":{"idSuffix":"BDI-content"}},"wdio_ui5_key":"rfmassetui::xRFMxCU_Asset__AssetCashflowObjectPage--fe::FooterBar::StandardAction::Apply"}]}
RESULT: undefined
COMMAND: POST /session/c73ab89c7a017c2778eef40b533b59ec/element - {"using":"xpath","value":"//*[@id=\"rfm.assetui::xRFMxCU_Asset__AssetCashflowObjectPage--fe::FooterBar::StandardAction::Apply\"]"}
RESULT: {}
RESULT: {"using":"xpath","value":"//*[@id=\"rfm.assetui::xRFMxCU_Asset__AssetCashflowObjectPage--fe::FooterBar::StandardAction::Apply\"]"}
COMMAND: POST /session/c73ab89c7a017c2778eef40b533b59ec/element/f.78A58C0CF28EEF12AF8F75C899055EE3.d.BC6093A0D175AD60CA7E7A0CFA6DB8AD.e.2011/click - {}
RESULT: {}
COMMAND: GET /session/c73ab89c7a017c2778eef40b533b59ec/screenshot - {}
RESULT: {}
RESULT: undefined
COMMAND: POST /session/c73ab89c7a017c2778eef40b533b59ec/element - {"using":"xpath","value":"//*[@id=\"rfm.assetui::xRFMxCU_AssetObjectPage--fe::table::_AssetCashflow::LineItem::StandardAction::Create\"]"}
RESULT: {"using":"xpath","value":"//*[@id=\"rfm.assetui::xRFMxCU_AssetObjectPage--fe::table::_AssetCashflow::LineItem::StandardAction::Create\"]"}
COMMAND: POST /session/c73ab89c7a017c2778eef40b533b59ec/element/f.78A58C0CF28EEF12AF8F75C899055EE3.d.BC6093A0D175AD60CA7E7A0CFA6DB8AD.e.1932/click - {}
RESULT: {}
COMMAND: GET /session/c73ab89c7a017c2778eef40b533b59ec/screenshot - {}
RESULT: {}
RESULT: undefined
COMMAND: POST /session/c73ab89c7a017c2778eef40b533b59ec/execute/async - {"script":"<script> [20 bytes]","args":[{"enterText":"Principal","selector":{"id":"CreateDialog::xRFMxCU_AssetCashflowType::CashflowPartType-inner","searchOpenDialogs":true,"interaction":{"idSuffix":"inner"}},"clearTextFirst":true,"interactionType":"ENTER_TEXT"}]}
RESULT: {"script":"<script> [20 bytes]","args":[{"enterText":"Principal","selector":{"id":"CreateDialog::xRFMxCU_AssetCashflowType::CashflowPartType-inner","searchOpenDialogs":true,"interaction":{"idSuffix":"inner"}},"clearTextFirst":true,"interactionType":"ENTER_TEXT"}]}
RESULT: undefined
COMMAND: POST /session/c73ab89c7a017c2778eef40b533b59ec/execute/async - {"script":"<script> [20 bytes]","args":[{"enterText":"2025-01-01","selector":{"id":"CreateDialog::xRFMxCU_AssetCashflowType::DueDate-inner","searchOpenDialogs":true,"interaction":{"idSuffix":"inner"}},"clearTextFirst":true,"interactionType":"ENTER_TEXT"}]}
RESULT: {"script":"<script> [20 bytes]","args":[{"enterText":"2025-01-01","selector":{"id":"CreateDialog::xRFMxCU_AssetCashflowType::DueDate-inner","searchOpenDialogs":true,"interaction":{"idSuffix":"inner"}},"clearTextFirst":true,"interactionType":"ENTER_TEXT"}]}
RESULT: undefined
COMMAND: POST /session/c73ab89c7a017c2778eef40b533b59ec/element - {"using":"xpath","value":"//*[@id=\"CreateDialog::xRFMxCU_Asset::_AssetCashflow-footer\"]"}
RESULT: {"using":"xpath","value":"//*[@id=\"CreateDialog::xRFMxCU_Asset::_AssetCashflow-footer\"]"}
COMMAND: POST /session/c73ab89c7a017c2778eef40b533b59ec/element/f.78A58C0CF28EEF12AF8F75C899055EE3.d.BC6093A0D175AD60CA7E7A0CFA6DB8AD.e.2083/click - {}
RESULT: {}
COMMAND: GET /session/c73ab89c7a017c2778eef40b533b59ec/screenshot - {}
RESULT: {}
COMMAND: POST /session/c73ab89c7a017c2778eef40b533b59ec/execute/async - {"script":"<script> [21 bytes]","args":[{"forceSelect":true,"selector":{"controlType":"sap.m.Button","viewName":"sap.fe.templates.ObjectPage.ObjectPage","viewId":"rfm.assetui::xRFMxCU_Asset__AssetCashflowObjectPage","properties":{"text":"Continue"},"searchOpenDialogs":true,"interaction":{"idSuffix":"content"}},"wdio_ui5_key":"sapfe.templates.ObjectPage.ObjectPagesap.m.Button{\"text\":\"Continue\"}"}]}
RESULT: {"script":"<script> [21 bytes]","args":[{"forceSelect":true,"selector":{"controlType":"sap.m.Button","viewName":"sap.fe.templates.ObjectPage.ObjectPage","viewId":"rfm.assetui::xRFMxCU_Asset__AssetCashflowObjectPage","properties":{"text":"Continue"},"searchOpenDialogs":true,"interaction":{"idSuffix":"content"}},"wdio_ui5_key":"sapfe.templates.ObjectPage.ObjectPagesap.m.Button{\"text\":\"Continue\"}"}]}
RESULT: undefined
COMMAND: POST /session/c73ab89c7a017c2778eef40b533b59ec/element - {"using":"xpath","value":"//*[@id=\"__button306\"]"}
RESULT: {"using":"xpath","value":"//*[@id=\"__button306\"]"}
COMMAND: POST /session/c73ab89c7a017c2778eef40b533b59ec/element/f.78A58C0CF28EEF12AF8F75C899055EE3.d.BC6093A0D175AD60CA7E7A0CFA6DB8AD.e.2085/click - {}
RESULT: {}
COMMAND: GET /session/c73ab89c7a017c2778eef40b533b59ec/screenshot - {}
RESULT: {}
RESULT: undefined
COMMAND: POST /session/c73ab89c7a017c2778eef40b533b59ec/execute/async - {"script":"<script> [20 bytes]","args":[{"enterText":"52.55","selector":{"id":"rfm.assetui::xRFMxCU_Asset__AssetCashflowObjectPage--fe::FormContainer::CashFlow::FormElement::DataField::Amount::Field-edit-inner","interaction":{"idSuffix":"inner"}},"clearTextFirst":true,"interactionType":"ENTER_TEXT"}]}
RESULT: {"script":"<script> [20 bytes]","args":[{"enterText":"52.55","selector":{"id":"rfm.assetui::xRFMxCU_Asset__AssetCashflowObjectPage--fe::FormContainer::CashFlow::FormElement::DataField::Amount::Field-edit-inner","interaction":{"idSuffix":"inner"}},"clearTextFirst":true,"interactionType":"ENTER_TEXT"}]}
RESULT: undefined
COMMAND: POST /session/c73ab89c7a017c2778eef40b533b59ec/execute/async - {"script":"<script> [20 bytes]","args":[{"enterText":"EUR","selector":{"id":"rfm.assetui::xRFMxCU_Asset__AssetCashflowObjectPage--fe::FormContainer::CashFlow::FormElement::DataField::Amount::Field-edit-inner-unit","interaction":{"idSuffix":"inner"}},"clearTextFirst":true,"interactionType":"ENTER_TEXT"}]}
RESULT: {"script":"<script> [20 bytes]","args":[{"enterText":"EUR","selector":{"id":"rfm.assetui::xRFMxCU_Asset__AssetCashflowObjectPage--fe::FormContainer::CashFlow::FormElement::DataField::Amount::Field-edit-inner-unit","interaction":{"idSuffix":"inner"}},"clearTextFirst":true,"interactionType":"ENTER_TEXT"}]}
COMMAND: POST /session/c73ab89c7a017c2778eef40b533b59ec/execute/async - {"script":"<script> [21 bytes]","args":[{"forceSelect":true,"selector":{"id":"rfm.assetui::xRFMxCU_Asset__AssetCashflowObjectPage--fe::FooterBar::StandardAction::Apply","interaction":{"idSuffix":"content"}},"wdio_ui5_key":"rfmassetui::xRFMxCU_Asset__AssetCashflowObjectPage--fe::FooterBar::StandardAction::Apply"}]}
RESULT: {"script":"<script> [21 bytes]","args":[{"forceSelect":true,"selector":{"id":"rfm.assetui::xRFMxCU_Asset__AssetCashflowObjectPage--fe::FooterBar::StandardAction::Apply","interaction":{"idSuffix":"content"}},"wdio_ui5_key":"rfmassetui::xRFMxCU_Asset__AssetCashflowObjectPage--fe::FooterBar::StandardAction::Apply"}]}
RESULT: undefined
COMMAND: POST /session/c73ab89c7a017c2778eef40b533b59ec/element - {"using":"xpath","value":"//*[@id=\"rfm.assetui::xRFMxCU_Asset__AssetCashflowObjectPage--fe::FooterBar::StandardAction::Apply\"]"}
RESULT: {"using":"xpath","value":"//*[@id=\"rfm.assetui::xRFMxCU_Asset__AssetCashflowObjectPage--fe::FooterBar::StandardAction::Apply\"]"}
COMMAND: POST /session/c73ab89c7a017c2778eef40b533b59ec/element/f.78A58C0CF28EEF12AF8F75C899055EE3.d.BC6093A0D175AD60CA7E7A0CFA6DB8AD.e.2011/click - {}
RESULT: {}
COMMAND: GET /session/c73ab89c7a017c2778eef40b533b59ec/screenshot - {}
RESULT: {}
RESULT: undefined
COMMAND: POST /session/c73ab89c7a017c2778eef40b533b59ec/element/f.78A58C0CF28EEF12AF8F75C899055EE3.d.BC6093A0D175AD60CA7E7A0CFA6DB8AD.e.1406/click - {}
COMMAND: POST /session/c73ab89c7a017c2778eef40b533b59ec/element - {"using":"xpath","value":"//*[@id=\"rfm.assetui::xRFMxCU_AssetObjectPage--fe::FooterBar::StandardAction::Save\"]"}
RESULT: {"using":"xpath","value":"//*[@id=\"rfm.assetui::xRFMxCU_AssetObjectPage--fe::FooterBar::StandardAction::Save\"]"}
COMMAND: POST /session/c73ab89c7a017c2778eef40b533b59ec/element/f.78A58C0CF28EEF12AF8F75C899055EE3.d.BC6093A0D175AD60CA7E7A0CFA6DB8AD.e.1406/click - {}
COMMAND: POST /session/c73ab89c7a017c2778eef40b533b59ec/element - {"using":"xpath","value":"//*[@id=\"rfm.assetui::xRFMxCU_AssetObjectPage--fe::FooterBar::StandardAction::Save\"]"}
RESULT: {"using":"xpath","value":"//*[@id=\"rfm.assetui::xRFMxCU_AssetObjectPage--fe::FooterBar::StandardAction::Save\"]"}
COMMAND: POST /session/c73ab89c7a017c2778eef40b533b59ec/element/f.78A58C0CF28EEF12AF8F75C899055EE3.d.BC6093A0D175AD60CA7E7A0CFA6DB8AD.e.1895/click - {}
RESULT: {}
COMMAND: GET /session/c73ab89c7a017c2778eef40b533b59ec/screenshot - {}
RESULT: {}
RESULT: undefined
RESULT: undefined
COMMAND: POST /session/c73ab89c7a017c2778eef40b533b59ec/element - {"using":"xpath","value":"//*[@id=\"rfm.assetui::xRFMxCU_AssetObjectPage--fe::ObjectPage-anchBar-rfm.assetui::xRFMxCU_AssetObjectPage--fe::FacetSection::Object-anchor\"]"}
RESULT: {"using":"xpath","value":"//*[@id=\"rfm.assetui::xRFMxCU_AssetObjectPage--fe::ObjectPage-anchBar-rfm.assetui::xRFMxCU_AssetObjectPage--fe::FacetSection::Object-anchor\"]"}
COMMAND: POST /session/c73ab89c7a017c2778eef40b533b59ec/element/f.78A58C0CF28EEF12AF8F75C899055EE3.d.BC6093A0D175AD60CA7E7A0CFA6DB8AD.e.2242/click - {}
RESULT: {}
COMMAND: GET /session/c73ab89c7a017c2778eef40b533b59ec/screenshot - {}
RESULT: {}
COMMAND: GET /session/c73ab89c7a017c2778eef40b533b59ec/url - {}
RESULT: {}
RESULT: undefined
COMMAND: POST /session/c73ab89c7a017c2778eef40b533b59ec/element/f.78A58C0CF28EEF12AF8F75C899055EE3.d.BC6093A0D175AD60CA7E7A0CFA6DB8AD.e.1505/click - {}
COMMAND: GET /session/c73ab89c7a017c2778eef40b533b59ec/screenshot - {}
COMMAND: POST /session/c73ab89c7a017c2778eef40b533b59ec/element/f.78A58C0CF28EEF12AF8F75C899055EE3.d.BC6093A0D175AD60CA7E7A0CFA6DB8AD.e.1505/click - {}
COMMAND: POST /session/c73ab89c7a017c2778eef40b533b59ec/element/f.78A58C0CF28EEF12AF8F75C899055EE3.d.BC6093A0D175AD60CA7E7A0CFA6DB8AD.e.1505/click - {}
RESULT: {}
COMMAND: GET /session/c73ab89c7a017c2778eef40b533b59ec/screenshot - {}
RESULT: {}
COMMAND: POST /session/c73ab89c7a017c2778eef40b533b59ec/element - {"using":"xpath","value":"//*[@id=\"backBtn\"]"}
COMMAND: POST /session/c73ab89c7a017c2778eef40b533b59ec/element - {"using":"xpath","value":"//*[@id=\"backBtn\"]"}
RESULT: {}
RESULT: {"using":"xpath","value":"//*[@id=\"backBtn\"]"}
COMMAND: POST /session/c73ab89c7a017c2778eef40b533b59ec/elements - {"using":"xpath","value":"//*[@id=\"backBtn\"]"}
RESULT: {"using":"xpath","value":"//*[@id=\"backBtn\"]"}
COMMAND: POST /session/c73ab89c7a017c2778eef40b533b59ec/elements - {"using":"xpath","value":"//*[@id=\"backBtn\"]"}
RESULT: {"using":"xpath","value":"//*[@id=\"backBtn\"]"}
RESULT: {"using":"xpath","value":"//*[@id=\"backBtn\"]"}
COMMAND: POST /session/c73ab89c7a017c2778eef40b533b59ec/elements - {"using":"xpath","value":"//*[@id=\"backBtn\"]"}
RESULT: {"using":"xpath","value":"//*[@id=\"backBtn\"]"}
COMMAND: POST /session/c73ab89c7a017c2778eef40b533b59ec/elements - {"using":"xpath","value":"//*[@id=\"backBtn\"]"}
RESULT: {"using":"xpath","value":"//*[@id=\"backBtn\"]"}
COMMAND: POST /session/c73ab89c7a017c2778eef40b533b59ec/elements - {"using":"xpath","value":"//*[@id=\"backBtn\"]"}
RESULT: {"using":"xpath","value":"//*[@id=\"backBtn\"]"}
COMMAND: POST /session/c73ab89c7a017c2778eef40b533b59ec/elements - {"using":"xpath","value":"//*[@id=\"backBtn\"]"}
RESULT: {"using":"xpath","value":"//*[@id=\"backBtn\"]"}
COMMAND: GET /session/c73ab89c7a017c2778eef40b533b59ec/screenshot - {}
]]></system-out>
    </testcase>
    <testcase classname="chrome.138_0_7204_184.windows.Pool" name="Should create Transaction" time="133.671">
      <system-out><![CDATA[
COMMAND: POST /session/c73ab89c7a017c2778eef40b533b59ec/execute/async - {"script":"<script> [21 bytes]","args":[{"selector":{"controlType":"sap.m.GenericTile","properties":{"header":"Funding Transaction"}},"wdio_ui5_key":"sapm.GenericTile{\"header\":\"Funding Transaction\"}"}]}
COMMAND: POST /session/c73ab89c7a017c2778eef40b533b59ec/elements - {"using":"xpath","value":"//*[@id=\"backBtn\"]"}
COMMAND: POST /session/c73ab89c7a017c2778eef40b533b59ec/elements - {"using":"xpath","value":"//*[@id=\"backBtn\"]"}
RESULT: {}
RESULT: {"script":"<script> [21 bytes]","args":[{"selector":{"controlType":"sap.m.GenericTile","properties":{"header":"Funding Transaction"}},"wdio_ui5_key":"sapm.GenericTile{\"header\":\"Funding Transaction\"}"}]}
RESULT: undefined
COMMAND: POST /session/c73ab89c7a017c2778eef40b533b59ec/element - {"using":"xpath","value":"//*[@id=\"__tile30\"]"}
RESULT: {"using":"xpath","value":"//*[@id=\"backBtn\"]"}
COMMAND: POST /session/c73ab89c7a017c2778eef40b533b59ec/elements - {"using":"xpath","value":"//*[@id=\"backBtn\"]"}
RESULT: {"using":"xpath","value":"//*[@id=\"backBtn\"]"}
COMMAND: POST /session/c73ab89c7a017c2778eef40b533b59ec/elements - {"using":"xpath","value":"//*[@id=\"backBtn\"]"}
RESULT: {"using":"xpath","value":"//*[@id=\"__tile30\"]"}
COMMAND: POST /session/c73ab89c7a017c2778eef40b533b59ec/element/f.78A58C0CF28EEF12AF8F75C899055EE3.d.BC6093A0D175AD60CA7E7A0CFA6DB8AD.e.2267/click - {}
RESULT: {"using":"xpath","value":"//*[@id=\"backBtn\"]"}
RESULT: {"using":"xpath","value":"//*[@id=\"backBtn\"]"}
COMMAND: POST /session/c73ab89c7a017c2778eef40b533b59ec/elements - {"using":"xpath","value":"//*[@id=\"backBtn\"]"}
COMMAND: POST /session/c73ab89c7a017c2778eef40b533b59ec/elements - {"using":"xpath","value":"//*[@id=\"backBtn\"]"}
RESULT: {}
COMMAND: POST /session/c73ab89c7a017c2778eef40b533b59ec/execute/async - {"script":"<script> [21 bytes]","args":[{"selector":{"id":"rfm.transactionui::xRFMxCU_TransactionList--fe::table::allTab::LineItem::StandardAction::Create","controlType":"sap.m.Button"},"wdio_ui5_key":"rfmtransactionui::xRFMxCU_TransactionList--fe::table::allTab::LineItem::StandardAction::Createsap.m.Button"}]}
COMMAND: GET /session/c73ab89c7a017c2778eef40b533b59ec/screenshot - {}
RESULT: {"using":"xpath","value":"//*[@id=\"backBtn\"]"}
COMMAND: POST /session/c73ab89c7a017c2778eef40b533b59ec/elements - {"using":"xpath","value":"//*[@id=\"backBtn\"]"}
RESULT: {"using":"xpath","value":"//*[@id=\"backBtn\"]"}
COMMAND: POST /session/c73ab89c7a017c2778eef40b533b59ec/elements - {"using":"xpath","value":"//*[@id=\"backBtn\"]"}
RESULT: {"script":"<script> [21 bytes]","args":[{"selector":{"id":"rfm.transactionui::xRFMxCU_TransactionList--fe::table::allTab::LineItem::StandardAction::Create","controlType":"sap.m.Button"},"wdio_ui5_key":"rfmtransactionui::xRFMxCU_TransactionList--fe::table::allTab::LineItem::StandardAction::Createsap.m.Button"}]}
RESULT: undefined
COMMAND: POST /session/c73ab89c7a017c2778eef40b533b59ec/element - {"using":"xpath","value":"//*[@id=\"rfm.transactionui::xRFMxCU_TransactionList--fe::table::allTab::LineItem::StandardAction::Create\"]"}
RESULT: {}
RESULT: {"using":"xpath","value":"//*[@id=\"backBtn\"]"}
COMMAND: POST /session/c73ab89c7a017c2778eef40b533b59ec/element - {"using":"xpath","value":"//*[@id=\"backBtn\"]"}
RESULT: {"using":"xpath","value":"//*[@id=\"backBtn\"]"}
COMMAND: POST /session/c73ab89c7a017c2778eef40b533b59ec/element - {"using":"xpath","value":"//*[@id=\"backBtn\"]"}
RESULT: {"using":"xpath","value":"//*[@id=\"rfm.transactionui::xRFMxCU_TransactionList--fe::table::allTab::LineItem::StandardAction::Create\"]"}
COMMAND: POST /session/c73ab89c7a017c2778eef40b533b59ec/element/f.78A58C0CF28EEF12AF8F75C899055EE3.d.BC6093A0D175AD60CA7E7A0CFA6DB8AD.e.2325/click - {}
RESULT: {"using":"xpath","value":"//*[@id=\"backBtn\"]"}
COMMAND: POST /session/c73ab89c7a017c2778eef40b533b59ec/element/f.78A58C0CF28EEF12AF8F75C899055EE3.d.BC6093A0D175AD60CA7E7A0CFA6DB8AD.e.1505/click - {}
RESULT: {"using":"xpath","value":"//*[@id=\"backBtn\"]"}
COMMAND: POST /session/c73ab89c7a017c2778eef40b533b59ec/element/f.78A58C0CF28EEF12AF8F75C899055EE3.d.BC6093A0D175AD60CA7E7A0CFA6DB8AD.e.1505/click - {}
RESULT: {}
COMMAND: GET /session/c73ab89c7a017c2778eef40b533b59ec/screenshot - {}
COMMAND: POST /session/c73ab89c7a017c2778eef40b533b59ec/element - {"using":"xpath","value":"//*[@id=\"backBtn\"]"}
COMMAND: POST /session/c73ab89c7a017c2778eef40b533b59ec/element - {"using":"xpath","value":"//*[@id=\"backBtn\"]"}
RESULT: {}
RESULT: {"using":"xpath","value":"//*[@id=\"backBtn\"]"}
COMMAND: POST /session/c73ab89c7a017c2778eef40b533b59ec/element/f.78A58C0CF28EEF12AF8F75C899055EE3.d.BC6093A0D175AD60CA7E7A0CFA6DB8AD.e.2423/click - {}
RESULT: {"using":"xpath","value":"//*[@id=\"backBtn\"]"}
COMMAND: POST /session/c73ab89c7a017c2778eef40b533b59ec/element/f.78A58C0CF28EEF12AF8F75C899055EE3.d.BC6093A0D175AD60CA7E7A0CFA6DB8AD.e.2423/click - {}
COMMAND: POST /session/c73ab89c7a017c2778eef40b533b59ec/execute/async - {"script":"<script> [21 bytes]","args":[{"selector":{"id":"CreateDialog::xRFMxCU_TransactionType::ProgramId-inner-vhi","searchOpenDialogs":true},"wdio_ui5_key":"CreateDialogxRFMxCU_TransactionType::ProgramId-inner-vhi"}]}
RESULT: {"script":"<script> [21 bytes]","args":[{"selector":{"id":"CreateDialog::xRFMxCU_TransactionType::ProgramId-inner-vhi","searchOpenDialogs":true},"wdio_ui5_key":"CreateDialogxRFMxCU_TransactionType::ProgramId-inner-vhi"}]}
RESULT: undefined
COMMAND: POST /session/c73ab89c7a017c2778eef40b533b59ec/element - {"using":"xpath","value":"//*[@id=\"CreateDialog::xRFMxCU_TransactionType::ProgramId-inner-vhi\"]"}
RESULT: {"using":"xpath","value":"//*[@id=\"CreateDialog::xRFMxCU_TransactionType::ProgramId-inner-vhi\"]"}
COMMAND: POST /session/c73ab89c7a017c2778eef40b533b59ec/element/f.78A58C0CF28EEF12AF8F75C899055EE3.d.BC6093A0D175AD60CA7E7A0CFA6DB8AD.e.2507/click - {}
RESULT: {}
COMMAND: POST /session/c73ab89c7a017c2778eef40b533b59ec/execute/async - {"script":"<script> [21 bytes]","args":[{"selector":{"id":"ProgramId::VH::Dialog::qualifier::-search-inner","searchOpenDialogs":true,"interaction":{"idSuffix":"I"}},"wdio_ui5_key":"ProgramIdVH::Dialog::qualifier::-search-inner"}]}
COMMAND: GET /session/c73ab89c7a017c2778eef40b533b59ec/screenshot - {}
RESULT: {"script":"<script> [21 bytes]","args":[{"selector":{"id":"ProgramId::VH::Dialog::qualifier::-search-inner","searchOpenDialogs":true,"interaction":{"idSuffix":"I"}},"wdio_ui5_key":"ProgramIdVH::Dialog::qualifier::-search-inner"}]}
RESULT: undefined
COMMAND: POST /session/c73ab89c7a017c2778eef40b533b59ec/execute/async - {"script":"<script> [20 bytes]","args":[{"enterText":"*1623*","selector":{"id":"ProgramId::VH::Dialog::qualifier::-search-inner","searchOpenDialogs":true,"interaction":{"idSuffix":"I"}},"clearTextFirst":true,"interactionType":"ENTER_TEXT"}]}
RESULT: {}
RESULT: {"script":"<script> [20 bytes]","args":[{"enterText":"*1623*","selector":{"id":"ProgramId::VH::Dialog::qualifier::-search-inner","searchOpenDialogs":true,"interaction":{"idSuffix":"I"}},"clearTextFirst":true,"interactionType":"ENTER_TEXT"}]}
COMMAND: POST /session/c73ab89c7a017c2778eef40b533b59ec/execute/async - {"script":"<script> [21 bytes]","args":[{"selector":{"id":"ProgramId::VH::Dialog::qualifier::::Table-innerTable-rows-row0","searchOpenDialogs":true},"wdio_ui5_key":"ProgramIdVH::Dialog::qualifier::::Table-innerTable-rows-row0"}]}
RESULT: {"script":"<script> [21 bytes]","args":[{"selector":{"id":"ProgramId::VH::Dialog::qualifier::::Table-innerTable-rows-row0","searchOpenDialogs":true},"wdio_ui5_key":"ProgramIdVH::Dialog::qualifier::::Table-innerTable-rows-row0"}]}
RESULT: undefined
COMMAND: POST /session/c73ab89c7a017c2778eef40b533b59ec/element - {"using":"xpath","value":"//*[@id=\"ProgramId::VH::Dialog::qualifier::::Table-innerTable-rows-row0\"]"}
RESULT: {"using":"xpath","value":"//*[@id=\"ProgramId::VH::Dialog::qualifier::::Table-innerTable-rows-row0\"]"}
COMMAND: POST /session/c73ab89c7a017c2778eef40b533b59ec/element/f.78A58C0CF28EEF12AF8F75C899055EE3.d.BC6093A0D175AD60CA7E7A0CFA6DB8AD.e.2517/click - {}
RESULT: {}
COMMAND: GET /session/c73ab89c7a017c2778eef40b533b59ec/screenshot - {}
RESULT: {}
COMMAND: POST /session/c73ab89c7a017c2778eef40b533b59ec/execute/async - {"script":"<script> [21 bytes]","args":[{"selector":{"id":"CreateDialog::xRFMxCU_Transaction-footer","searchOpenDialogs":true},"wdio_ui5_key":"CreateDialogxRFMxCU_Transaction-footer"}]}
RESULT: {"script":"<script> [21 bytes]","args":[{"selector":{"id":"CreateDialog::xRFMxCU_Transaction-footer","searchOpenDialogs":true},"wdio_ui5_key":"CreateDialogxRFMxCU_Transaction-footer"}]}
RESULT: undefined
COMMAND: POST /session/c73ab89c7a017c2778eef40b533b59ec/element - {"using":"xpath","value":"//*[@id=\"CreateDialog::xRFMxCU_Transaction-footer\"]"}
RESULT: {"using":"xpath","value":"//*[@id=\"CreateDialog::xRFMxCU_Transaction-footer\"]"}
COMMAND: POST /session/c73ab89c7a017c2778eef40b533b59ec/element/f.78A58C0CF28EEF12AF8F75C899055EE3.d.BC6093A0D175AD60CA7E7A0CFA6DB8AD.e.2520/click - {}
RESULT: {}
COMMAND: POST /session/c73ab89c7a017c2778eef40b533b59ec/execute/async - {"script":"<script> [21 bytes]","args":[{"forceSelect":true,"selector":{"controlType":"sap.m.Button","viewName":"sap.fe.templates.ObjectPage.ObjectPage","viewId":"rfm.transactionui::xRFMxCU_TransactionObjectPage","properties":{"text":"Continue"},"searchOpenDialogs":true,"interaction":{"idSuffix":"BDI-content"}},"wdio_ui5_key":"sapfe.templates.ObjectPage.ObjectPagesap.m.Button{\"text\":\"Continue\"}"}]}
COMMAND: GET /session/c73ab89c7a017c2778eef40b533b59ec/screenshot - {}
RESULT: {"script":"<script> [21 bytes]","args":[{"forceSelect":true,"selector":{"controlType":"sap.m.Button","viewName":"sap.fe.templates.ObjectPage.ObjectPage","viewId":"rfm.transactionui::xRFMxCU_TransactionObjectPage","properties":{"text":"Continue"},"searchOpenDialogs":true,"interaction":{"idSuffix":"BDI-content"}},"wdio_ui5_key":"sapfe.templates.ObjectPage.ObjectPagesap.m.Button{\"text\":\"Continue\"}"}]}
RESULT: undefined
COMMAND: POST /session/c73ab89c7a017c2778eef40b533b59ec/element - {"using":"xpath","value":"//*[@id=\"__button352\"]"}
RESULT: {}
RESULT: {"using":"xpath","value":"//*[@id=\"__button352\"]"}
COMMAND: POST /session/c73ab89c7a017c2778eef40b533b59ec/element/f.78A58C0CF28EEF12AF8F75C899055EE3.d.BC6093A0D175AD60CA7E7A0CFA6DB8AD.e.2522/click - {}
RESULT: {}
COMMAND: GET /session/c73ab89c7a017c2778eef40b533b59ec/screenshot - {}
RESULT: {}
COMMAND: POST /session/c73ab89c7a017c2778eef40b533b59ec/execute/async - {"script":"<script> [21 bytes]","args":[{"selector":{"id":"rfm.transactionui::xRFMxCU_TransactionObjectPage--fe::CustomSubSection::CustomDetailsSection--fe::FormContainer::FieldGroup::Term::FormElement::DataField::AssetCashflowDateFrom::Field-edit","interaction":{"idSuffix":"inner"}},"wdio_ui5_key":"rfmtransactionui::xRFMxCU_TransactionObjectPage--fe::CustomSubSection::CustomDetailsSection--fe::FormContainer::FieldGroup::Term::FormElement::DataField::AssetCashflowDateFrom::Field-edit"}]}
RESULT: {"script":"<script> [21 bytes]","args":[{"selector":{"id":"rfm.transactionui::xRFMxCU_TransactionObjectPage--fe::CustomSubSection::CustomDetailsSection--fe::FormContainer::FieldGroup::Term::FormElement::DataField::AssetCashflowDateFrom::Field-edit","interaction":{"idSuffix":"inner"}},"wdio_ui5_key":"rfmtransactionui::xRFMxCU_TransactionObjectPage--fe::CustomSubSection::CustomDetailsSection--fe::FormContainer::FieldGroup::Term::FormElement::DataField::AssetCashflowDateFrom::Field-edit"}]}
RESULT: undefined
COMMAND: POST /session/c73ab89c7a017c2778eef40b533b59ec/execute/async - {"script":"<script> [20 bytes]","args":[{"enterText":"2025-01-01","selector":{"id":"rfm.transactionui::xRFMxCU_TransactionObjectPage--fe::CustomSubSection::CustomDetailsSection--fe::FormContainer::FieldGroup::Term::FormElement::DataField::AssetCashflowDateFrom::Field-edit","interaction":{"idSuffix":"inner"}},"clearTextFirst":true,"interactionType":"ENTER_TEXT"}]}
RESULT: {"script":"<script> [20 bytes]","args":[{"enterText":"2025-01-01","selector":{"id":"rfm.transactionui::xRFMxCU_TransactionObjectPage--fe::CustomSubSection::CustomDetailsSection--fe::FormContainer::FieldGroup::Term::FormElement::DataField::AssetCashflowDateFrom::Field-edit","interaction":{"idSuffix":"inner"}},"clearTextFirst":true,"interactionType":"ENTER_TEXT"}]}
COMMAND: POST /session/c73ab89c7a017c2778eef40b533b59ec/execute/async - {"script":"<script> [21 bytes]","args":[{"selector":{"id":"rfm.transactionui::xRFMxCU_TransactionObjectPage--fe::CustomSubSection::CustomDetailsSection--fe::FormContainer::FieldGroup::Term::FormElement::DataField::AssetCashflowDateTo::Field-edit","interaction":{"idSuffix":"inner"}},"wdio_ui5_key":"rfmtransactionui::xRFMxCU_TransactionObjectPage--fe::CustomSubSection::CustomDetailsSection--fe::FormContainer::FieldGroup::Term::FormElement::DataField::AssetCashflowDateTo::Field-edit"}]}
RESULT: {"script":"<script> [21 bytes]","args":[{"selector":{"id":"rfm.transactionui::xRFMxCU_TransactionObjectPage--fe::CustomSubSection::CustomDetailsSection--fe::FormContainer::FieldGroup::Term::FormElement::DataField::AssetCashflowDateTo::Field-edit","interaction":{"idSuffix":"inner"}},"wdio_ui5_key":"rfmtransactionui::xRFMxCU_TransactionObjectPage--fe::CustomSubSection::CustomDetailsSection--fe::FormContainer::FieldGroup::Term::FormElement::DataField::AssetCashflowDateTo::Field-edit"}]}
RESULT: undefined
COMMAND: POST /session/c73ab89c7a017c2778eef40b533b59ec/execute/async - {"script":"<script> [20 bytes]","args":[{"enterText":"2027-12-31","selector":{"id":"rfm.transactionui::xRFMxCU_TransactionObjectPage--fe::CustomSubSection::CustomDetailsSection--fe::FormContainer::FieldGroup::Term::FormElement::DataField::AssetCashflowDateTo::Field-edit","interaction":{"idSuffix":"inner"}},"clearTextFirst":true,"interactionType":"ENTER_TEXT"}]}
RESULT: {"script":"<script> [20 bytes]","args":[{"enterText":"2027-12-31","selector":{"id":"rfm.transactionui::xRFMxCU_TransactionObjectPage--fe::CustomSubSection::CustomDetailsSection--fe::FormContainer::FieldGroup::Term::FormElement::DataField::AssetCashflowDateTo::Field-edit","interaction":{"idSuffix":"inner"}},"clearTextFirst":true,"interactionType":"ENTER_TEXT"}]}
COMMAND: POST /session/c73ab89c7a017c2778eef40b533b59ec/execute/async - {"script":"<script> [21 bytes]","args":[{"selector":{"id":"rfm.transactionui::xRFMxCU_TransactionObjectPage--fe::ObjectPage-anchBar-rfm.transactionui::xRFMxCU_TransactionObjectPage--fe::EditableHeaderSection-anchor","interaction":{"idSuffix":"text"}},"wdio_ui5_key":"rfmtransactionui::xRFMxCU_TransactionObjectPage--fe::ObjectPage-anchBar-rfm.transactionui::xRFMxCU_TransactionObjectPage--fe::EditableHeaderSection-anchor"}]}
RESULT: {"script":"<script> [21 bytes]","args":[{"selector":{"id":"rfm.transactionui::xRFMxCU_TransactionObjectPage--fe::ObjectPage-anchBar-rfm.transactionui::xRFMxCU_TransactionObjectPage--fe::EditableHeaderSection-anchor","interaction":{"idSuffix":"text"}},"wdio_ui5_key":"rfmtransactionui::xRFMxCU_TransactionObjectPage--fe::ObjectPage-anchBar-rfm.transactionui::xRFMxCU_TransactionObjectPage--fe::EditableHeaderSection-anchor"}]}
RESULT: undefined
COMMAND: POST /session/c73ab89c7a017c2778eef40b533b59ec/element - {"using":"xpath","value":"//*[@id=\"rfm.transactionui::xRFMxCU_TransactionObjectPage--fe::ObjectPage-anchBar-rfm.transactionui::xRFMxCU_TransactionObjectPage--fe::EditableHeaderSection-anchor\"]"}
RESULT: {"using":"xpath","value":"//*[@id=\"rfm.transactionui::xRFMxCU_TransactionObjectPage--fe::ObjectPage-anchBar-rfm.transactionui::xRFMxCU_TransactionObjectPage--fe::EditableHeaderSection-anchor\"]"}
COMMAND: POST /session/c73ab89c7a017c2778eef40b533b59ec/element/f.78A58C0CF28EEF12AF8F75C899055EE3.d.BC6093A0D175AD60CA7E7A0CFA6DB8AD.e.2602/click - {}
RESULT: {}
COMMAND: GET /session/c73ab89c7a017c2778eef40b533b59ec/screenshot - {}
RESULT: {}
COMMAND: POST /session/c73ab89c7a017c2778eef40b533b59ec/execute/async - {"script":"<script> [21 bytes]","args":[{"selector":{"id":"rfm.transactionui::xRFMxCU_TransactionObjectPage--fe::HeaderFacet::FormContainer::headerFieldsGP1::FormElement::DataField::Name::Field-edit","interaction":{"idSuffix":"inner"}},"wdio_ui5_key":"rfmtransactionui::xRFMxCU_TransactionObjectPage--fe::HeaderFacet::FormContainer::headerFieldsGP1::FormElement::DataField::Name::Field-edit"}]}
RESULT: {"script":"<script> [21 bytes]","args":[{"selector":{"id":"rfm.transactionui::xRFMxCU_TransactionObjectPage--fe::HeaderFacet::FormContainer::headerFieldsGP1::FormElement::DataField::Name::Field-edit","interaction":{"idSuffix":"inner"}},"wdio_ui5_key":"rfmtransactionui::xRFMxCU_TransactionObjectPage--fe::HeaderFacet::FormContainer::headerFieldsGP1::FormElement::DataField::Name::Field-edit"}]}
RESULT: undefined
COMMAND: POST /session/c73ab89c7a017c2778eef40b533b59ec/execute/async - {"script":"<script> [20 bytes]","args":[{"enterText":"WDIO_Pool_2025-08-14_23-03-40","selector":{"id":"rfm.transactionui::xRFMxCU_TransactionObjectPage--fe::HeaderFacet::FormContainer::headerFieldsGP1::FormElement::DataField::Name::Field-edit","interaction":{"idSuffix":"inner"}},"clearTextFirst":true,"interactionType":"ENTER_TEXT"}]}
RESULT: {"script":"<script> [20 bytes]","args":[{"enterText":"WDIO_Pool_2025-08-14_23-03-40","selector":{"id":"rfm.transactionui::xRFMxCU_TransactionObjectPage--fe::HeaderFacet::FormContainer::headerFieldsGP1::FormElement::DataField::Name::Field-edit","interaction":{"idSuffix":"inner"}},"clearTextFirst":true,"interactionType":"ENTER_TEXT"}]}
COMMAND: POST /session/c73ab89c7a017c2778eef40b533b59ec/execute/async - {"script":"<script> [21 bytes]","args":[{"selector":{"id":"rfm.transactionui::xRFMxCU_TransactionObjectPage--fe::HeaderFacet::FormContainer::headerFieldsGP1::FormElement::DataField::TransactionId::Field-display"},"wdio_ui5_key":"rfmtransactionui::xRFMxCU_TransactionObjectPage--fe::HeaderFacet::FormContainer::headerFieldsGP1::FormElement::DataField::TransactionId::Field-display"}]}
RESULT: {"script":"<script> [21 bytes]","args":[{"selector":{"id":"rfm.transactionui::xRFMxCU_TransactionObjectPage--fe::HeaderFacet::FormContainer::headerFieldsGP1::FormElement::DataField::TransactionId::Field-display"},"wdio_ui5_key":"rfmtransactionui::xRFMxCU_TransactionObjectPage--fe::HeaderFacet::FormContainer::headerFieldsGP1::FormElement::DataField::TransactionId::Field-display"}]}
RESULT: undefined
COMMAND: POST /session/c73ab89c7a017c2778eef40b533b59ec/execute/async - {"script":"<script> [21 bytes]","args":[{"element-6066-11e4-a52e-4f735466cecf":"f.78A58C0CF28EEF12AF8F75C899055EE3.d.BC6093A0D175AD60CA7E7A0CFA6DB8AD.e.2610"},"getText",[]]}
RESULT: {"script":"<script> [21 bytes]","args":[{"element-6066-11e4-a52e-4f735466cecf":"f.78A58C0CF28EEF12AF8F75C899055EE3.d.BC6093A0D175AD60CA7E7A0CFA6DB8AD.e.2610"},"getText",[]]}
COMMAND: POST /session/c73ab89c7a017c2778eef40b533b59ec/execute/async - {"script":"<script> [21 bytes]","args":[{"selector":{"id":"rfm.transactionui::xRFMxCU_TransactionObjectPage--fe::ObjectPage-anchBar-rfm.transactionui::xRFMxCU_TransactionObjectPage--fe::FacetSection::FundingScopeCollection-anchor"},"wdio_ui5_key":"rfmtransactionui::xRFMxCU_TransactionObjectPage--fe::ObjectPage-anchBar-rfm.transactionui::xRFMxCU_TransactionObjectPage--fe::FacetSection::FundingScopeCollection-anchor"}]}
RESULT: {"script":"<script> [21 bytes]","args":[{"selector":{"id":"rfm.transactionui::xRFMxCU_TransactionObjectPage--fe::ObjectPage-anchBar-rfm.transactionui::xRFMxCU_TransactionObjectPage--fe::FacetSection::FundingScopeCollection-anchor"},"wdio_ui5_key":"rfmtransactionui::xRFMxCU_TransactionObjectPage--fe::ObjectPage-anchBar-rfm.transactionui::xRFMxCU_TransactionObjectPage--fe::FacetSection::FundingScopeCollection-anchor"}]}
RESULT: undefined
COMMAND: POST /session/c73ab89c7a017c2778eef40b533b59ec/element - {"using":"xpath","value":"//*[@id=\"rfm.transactionui::xRFMxCU_TransactionObjectPage--fe::ObjectPage-anchBar-rfm.transactionui::xRFMxCU_TransactionObjectPage--fe::FacetSection::FundingScopeCollection-anchor\"]"}
RESULT: {"using":"xpath","value":"//*[@id=\"rfm.transactionui::xRFMxCU_TransactionObjectPage--fe::ObjectPage-anchBar-rfm.transactionui::xRFMxCU_TransactionObjectPage--fe::FacetSection::FundingScopeCollection-anchor\"]"}
COMMAND: POST /session/c73ab89c7a017c2778eef40b533b59ec/element/f.78A58C0CF28EEF12AF8F75C899055EE3.d.BC6093A0D175AD60CA7E7A0CFA6DB8AD.e.2611/click - {}
RESULT: {}
COMMAND: GET /session/c73ab89c7a017c2778eef40b533b59ec/screenshot - {}
RESULT: {}
COMMAND: POST /session/c73ab89c7a017c2778eef40b533b59ec/execute/async - {"script":"<script> [21 bytes]","args":[{"selector":{"controlType":"sap.ui.mdc.field.FieldInput","viewName":"sap.fe.templates.ObjectPage.ObjectPage","viewId":"rfm.transactionui::xRFMxCU_TransactionObjectPage","bindingPath":{"path":"","propertyPath":"/conditions","modelName":"$field"},"ancestor":{"controlType":"sap.ui.mdc.Field","viewName":"sap.fe.templates.ObjectPage.ObjectPage","viewId":"rfm.transactionui::xRFMxCU_TransactionObjectPage","bindingPath":{"path":"/xRFMxCU_Transaction(TransactionId='1083',IsActiveEntity=false)/_TransactionCFPart(TransactionId='1083',CashFlowPartType='1',IsActiveEntity=false)","propertyPath":"__EntityControl/Updatable"}},"interaction":{"idSuffix":"inner"}},"wdio_ui5_key":"sapfe.templates.ObjectPage.ObjectPagesap.ui.mdc.field.FieldInput{\"path\":\"\",\"propertyPath\":\"/conditions\",\"modelName\":\"$field\"}{\"controlType\":\"sap.ui.mdc.Field\",\"viewName\":\"sap.fe.templates.ObjectPage.ObjectPage\",\"viewId\":\"rfm.transactionui::xRFMxCU_TransactionObjectPage\",\"bindingPath\":{\"path\":\"/xRFMxCU_Transaction(TransactionId='1083',IsActiveEntity=false)/_TransactionCFPart(TransactionId='1083',CashFlowPartType='1',IsActiveEntity=false)\",\"propertyPath\":\"__EntityControl/Updatable\"}}"}]}
RESULT: {"script":"<script> [21 bytes]","args":[{"selector":{"controlType":"sap.ui.mdc.field.FieldInput","viewName":"sap.fe.templates.ObjectPage.ObjectPage","viewId":"rfm.transactionui::xRFMxCU_TransactionObjectPage","bindingPath":{"path":"","propertyPath":"/conditions","modelName":"$field"},"ancestor":{"controlType":"sap.ui.mdc.Field","viewName":"sap.fe.templates.ObjectPage.ObjectPage","viewId":"rfm.transactionui::xRFMxCU_TransactionObjectPage","bindingPath":{"path":"/xRFMxCU_Transaction(TransactionId='1083',IsActiveEntity=false)/_TransactionCFPart(TransactionId='1083',CashFlowPartType='1',IsActiveEntity=false)","propertyPath":"__EntityControl/Updatable"}},"interaction":{"idSuffix":"inner"}},"wdio_ui5_key":"sapfe.templates.ObjectPage.ObjectPagesap.ui.mdc.field.FieldInput{\"path\":\"\",\"propertyPath\":\"/conditions\",\"modelName\":\"$field\"}{\"controlType\":\"sap.ui.mdc.Field\",\"viewName\":\"sap.fe.templates.ObjectPage.ObjectPage\",\"viewId\":\"rfm.transactionui::xRFMxCU_TransactionObjectPage\",\"bindingPath\":{\"path\":\"/xRFMxCU_Transaction(TransactionId='1083',IsActiveEntity=false)/_TransactionCFPart(TransactionId='1083',CashFlowPartType='1',IsActiveEntity=false)\",\"propertyPath\":\"__EntityControl/Updatable\"}}"}]}
RESULT: undefined
COMMAND: POST /session/c73ab89c7a017c2778eef40b533b59ec/execute/async - {"script":"<script> [20 bytes]","args":[{"enterText":"Funding","selector":{"controlType":"sap.ui.mdc.field.FieldInput","viewName":"sap.fe.templates.ObjectPage.ObjectPage","viewId":"rfm.transactionui::xRFMxCU_TransactionObjectPage","bindingPath":{"path":"","propertyPath":"/conditions","modelName":"$field"},"ancestor":{"controlType":"sap.ui.mdc.Field","viewName":"sap.fe.templates.ObjectPage.ObjectPage","viewId":"rfm.transactionui::xRFMxCU_TransactionObjectPage","bindingPath":{"path":"/xRFMxCU_Transaction(TransactionId='1083',IsActiveEntity=false)/_TransactionCFPart(TransactionId='1083',CashFlowPartType='1',IsActiveEntity=false)","propertyPath":"__EntityControl/Updatable"}},"interaction":{"idSuffix":"inner"}},"clearTextFirst":true,"interactionType":"ENTER_TEXT"}]}
RESULT: {"script":"<script> [20 bytes]","args":[{"enterText":"Funding","selector":{"controlType":"sap.ui.mdc.field.FieldInput","viewName":"sap.fe.templates.ObjectPage.ObjectPage","viewId":"rfm.transactionui::xRFMxCU_TransactionObjectPage","bindingPath":{"path":"","propertyPath":"/conditions","modelName":"$field"},"ancestor":{"controlType":"sap.ui.mdc.Field","viewName":"sap.fe.templates.ObjectPage.ObjectPage","viewId":"rfm.transactionui::xRFMxCU_TransactionObjectPage","bindingPath":{"path":"/xRFMxCU_Transaction(TransactionId='1083',IsActiveEntity=false)/_TransactionCFPart(TransactionId='1083',CashFlowPartType='1',IsActiveEntity=false)","propertyPath":"__EntityControl/Updatable"}},"interaction":{"idSuffix":"inner"}},"clearTextFirst":true,"interactionType":"ENTER_TEXT"}]}
COMMAND: POST /session/c73ab89c7a017c2778eef40b533b59ec/execute/async - {"script":"<script> [21 bytes]","args":[{"selector":{"id":"rfm.transactionui::xRFMxCU_TransactionObjectPage--fe::table::_TransactionCFPart::LineItem-innerTable-rows-row1","interaction":{"idSuffix":"col0"}},"wdio_ui5_key":"rfmtransactionui::xRFMxCU_TransactionObjectPage--fe::table::_TransactionCFPart::LineItem-innerTable-rows-row1"}]}
RESULT: {"script":"<script> [21 bytes]","args":[{"selector":{"id":"rfm.transactionui::xRFMxCU_TransactionObjectPage--fe::table::_TransactionCFPart::LineItem-innerTable-rows-row1","interaction":{"idSuffix":"col0"}},"wdio_ui5_key":"rfmtransactionui::xRFMxCU_TransactionObjectPage--fe::table::_TransactionCFPart::LineItem-innerTable-rows-row1"}]}
RESULT: undefined
COMMAND: POST /session/c73ab89c7a017c2778eef40b533b59ec/element - {"using":"xpath","value":"//*[@id=\"rfm.transactionui::xRFMxCU_TransactionObjectPage--fe::table::_TransactionCFPart::LineItem-innerTable-rows-row1\"]"}
RESULT: {"using":"xpath","value":"//*[@id=\"rfm.transactionui::xRFMxCU_TransactionObjectPage--fe::table::_TransactionCFPart::LineItem-innerTable-rows-row1\"]"}
COMMAND: POST /session/c73ab89c7a017c2778eef40b533b59ec/element/f.78A58C0CF28EEF12AF8F75C899055EE3.d.BC6093A0D175AD60CA7E7A0CFA6DB8AD.e.2628/click - {}
RESULT: {}
COMMAND: GET /session/c73ab89c7a017c2778eef40b533b59ec/screenshot - {}
RESULT: {}
COMMAND: POST /session/c73ab89c7a017c2778eef40b533b59ec/execute/async - {"script":"<script> [21 bytes]","args":[{"forceSelect":true,"selector":{"controlType":"sap.ui.mdc.field.FieldInput","viewName":"sap.fe.templates.ObjectPage.ObjectPage","viewId":"rfm.transactionui::xRFMxCU_TransactionObjectPage","bindingPath":{"path":"","propertyPath":"/conditions","modelName":"$field"},"ancestor":{"controlType":"sap.ui.mdc.Field","viewName":"sap.fe.templates.ObjectPage.ObjectPage","viewId":"rfm.transactionui::xRFMxCU_TransactionObjectPage","bindingPath":{"path":"/xRFMxCU_Transaction(TransactionId='1083',IsActiveEntity=false)/_TransactionCFPart(TransactionId='1083',CashFlowPartType='2',IsActiveEntity=false)","propertyPath":"__EntityControl/Updatable"}},"interaction":{"idSuffix":"inner"}},"wdio_ui5_key":"sapfe.templates.ObjectPage.ObjectPagesap.ui.mdc.field.FieldInput{\"path\":\"\",\"propertyPath\":\"/conditions\",\"modelName\":\"$field\"}{\"controlType\":\"sap.ui.mdc.Field\",\"viewName\":\"sap.fe.templates.ObjectPage.ObjectPage\",\"viewId\":\"rfm.transactionui::xRFMxCU_TransactionObjectPage\",\"bindingPath\":{\"path\":\"/xRFMxCU_Transaction(TransactionId='1083',IsActiveEntity=false)/_TransactionCFPart(TransactionId='1083',CashFlowPartType='2',IsActiveEntity=false)\",\"propertyPath\":\"__EntityControl/Updatable\"}}"}]}
RESULT: {"script":"<script> [21 bytes]","args":[{"forceSelect":true,"selector":{"controlType":"sap.ui.mdc.field.FieldInput","viewName":"sap.fe.templates.ObjectPage.ObjectPage","viewId":"rfm.transactionui::xRFMxCU_TransactionObjectPage","bindingPath":{"path":"","propertyPath":"/conditions","modelName":"$field"},"ancestor":{"controlType":"sap.ui.mdc.Field","viewName":"sap.fe.templates.ObjectPage.ObjectPage","viewId":"rfm.transactionui::xRFMxCU_TransactionObjectPage","bindingPath":{"path":"/xRFMxCU_Transaction(TransactionId='1083',IsActiveEntity=false)/_TransactionCFPart(TransactionId='1083',CashFlowPartType='2',IsActiveEntity=false)","propertyPath":"__EntityControl/Updatable"}},"interaction":{"idSuffix":"inner"}},"wdio_ui5_key":"sapfe.templates.ObjectPage.ObjectPagesap.ui.mdc.field.FieldInput{\"path\":\"\",\"propertyPath\":\"/conditions\",\"modelName\":\"$field\"}{\"controlType\":\"sap.ui.mdc.Field\",\"viewName\":\"sap.fe.templates.ObjectPage.ObjectPage\",\"viewId\":\"rfm.transactionui::xRFMxCU_TransactionObjectPage\",\"bindingPath\":{\"path\":\"/xRFMxCU_Transaction(TransactionId='1083',IsActiveEntity=false)/_TransactionCFPart(TransactionId='1083',CashFlowPartType='2',IsActiveEntity=false)\",\"propertyPath\":\"__EntityControl/Updatable\"}}"}]}
RESULT: undefined
COMMAND: POST /session/c73ab89c7a017c2778eef40b533b59ec/execute/async - {"script":"<script> [20 bytes]","args":[{"enterText":"Funding","selector":{"controlType":"sap.ui.mdc.field.FieldInput","viewName":"sap.fe.templates.ObjectPage.ObjectPage","viewId":"rfm.transactionui::xRFMxCU_TransactionObjectPage","bindingPath":{"path":"","propertyPath":"/conditions","modelName":"$field"},"ancestor":{"controlType":"sap.ui.mdc.Field","viewName":"sap.fe.templates.ObjectPage.ObjectPage","viewId":"rfm.transactionui::xRFMxCU_TransactionObjectPage","bindingPath":{"path":"/xRFMxCU_Transaction(TransactionId='1083',IsActiveEntity=false)/_TransactionCFPart(TransactionId='1083',CashFlowPartType='2',IsActiveEntity=false)","propertyPath":"__EntityControl/Updatable"}},"interaction":{"idSuffix":"inner"}},"clearTextFirst":true,"interactionType":"ENTER_TEXT"}]}
RESULT: {"script":"<script> [20 bytes]","args":[{"enterText":"Funding","selector":{"controlType":"sap.ui.mdc.field.FieldInput","viewName":"sap.fe.templates.ObjectPage.ObjectPage","viewId":"rfm.transactionui::xRFMxCU_TransactionObjectPage","bindingPath":{"path":"","propertyPath":"/conditions","modelName":"$field"},"ancestor":{"controlType":"sap.ui.mdc.Field","viewName":"sap.fe.templates.ObjectPage.ObjectPage","viewId":"rfm.transactionui::xRFMxCU_TransactionObjectPage","bindingPath":{"path":"/xRFMxCU_Transaction(TransactionId='1083',IsActiveEntity=false)/_TransactionCFPart(TransactionId='1083',CashFlowPartType='2',IsActiveEntity=false)","propertyPath":"__EntityControl/Updatable"}},"interaction":{"idSuffix":"inner"}},"clearTextFirst":true,"interactionType":"ENTER_TEXT"}]}
COMMAND: POST /session/c73ab89c7a017c2778eef40b533b59ec/execute/async - {"script":"<script> [21 bytes]","args":[{"selector":{"id":"rfm.transactionui::xRFMxCU_TransactionObjectPage--fe::FooterBar::StandardAction::Save","interaction":{"idSuffix":"BDI-content"}},"wdio_ui5_key":"rfmtransactionui::xRFMxCU_TransactionObjectPage--fe::FooterBar::StandardAction::Save"}]}
RESULT: {"script":"<script> [21 bytes]","args":[{"selector":{"id":"rfm.transactionui::xRFMxCU_TransactionObjectPage--fe::FooterBar::StandardAction::Save","interaction":{"idSuffix":"BDI-content"}},"wdio_ui5_key":"rfmtransactionui::xRFMxCU_TransactionObjectPage--fe::FooterBar::StandardAction::Save"}]}
RESULT: undefined
COMMAND: POST /session/c73ab89c7a017c2778eef40b533b59ec/element - {"using":"xpath","value":"//*[@id=\"rfm.transactionui::xRFMxCU_TransactionObjectPage--fe::FooterBar::StandardAction::Save\"]"}
RESULT: {"using":"xpath","value":"//*[@id=\"rfm.transactionui::xRFMxCU_TransactionObjectPage--fe::FooterBar::StandardAction::Save\"]"}
COMMAND: POST /session/c73ab89c7a017c2778eef40b533b59ec/element/f.78A58C0CF28EEF12AF8F75C899055EE3.d.BC6093A0D175AD60CA7E7A0CFA6DB8AD.e.2632/click - {}
RESULT: {}
COMMAND: POST /session/c73ab89c7a017c2778eef40b533b59ec/execute/async - {"script":"<script> [21 bytes]","args":[{"selector":{"id":"rfm.transactionui::xRFMxCU_TransactionObjectPage--fe::FooterBar::MessageButton-img"},"wdio_ui5_key":"rfmtransactionui::xRFMxCU_TransactionObjectPage--fe::FooterBar::MessageButton-img"}]}
COMMAND: GET /session/c73ab89c7a017c2778eef40b533b59ec/screenshot - {}
RESULT: {"script":"<script> [21 bytes]","args":[{"selector":{"id":"rfm.transactionui::xRFMxCU_TransactionObjectPage--fe::FooterBar::MessageButton-img"},"wdio_ui5_key":"rfmtransactionui::xRFMxCU_TransactionObjectPage--fe::FooterBar::MessageButton-img"}]}
RESULT: undefined
RESULT: {}
RESULT: undefined
COMMAND: POST /session/c73ab89c7a017c2778eef40b533b59ec/element/f.78A58C0CF28EEF12AF8F75C899055EE3.d.BC6093A0D175AD60CA7E7A0CFA6DB8AD.e.2423/click - {}
COMMAND: POST /session/c73ab89c7a017c2778eef40b533b59ec/element/f.78A58C0CF28EEF12AF8F75C899055EE3.d.BC6093A0D175AD60CA7E7A0CFA6DB8AD.e.2423/click - {}
COMMAND: GET /session/c73ab89c7a017c2778eef40b533b59ec/screenshot - {}
]]></system-out>
    </testcase>
    <testcase classname="chrome.138_0_7204_184.windows.Pool" name="Should filter created Program" time="30.617">
      <system-out><![CDATA[
RESULT: {}
COMMAND: GET /session/c73ab89c7a017c2778eef40b533b59ec/screenshot - {}
RESULT: {}
COMMAND: GET /session/c73ab89c7a017c2778eef40b533b59ec/screenshot - {}
RESULT: {}
RESULT: {}
RESULT: {}
COMMAND: POST /session/c73ab89c7a017c2778eef40b533b59ec/execute/async - {"script":"<script> [21 bytes]","args":[{"selector":{"controlType":"sap.m.GenericTile","properties":{"header":"Funding Pool"}},"wdio_ui5_key":"sapm.GenericTile{\"header\":\"Funding Pool\"}"}]}
RESULT: {"script":"<script> [21 bytes]","args":[{"selector":{"controlType":"sap.m.GenericTile","properties":{"header":"Funding Pool"}},"wdio_ui5_key":"sapm.GenericTile{\"header\":\"Funding Pool\"}"}]}
RESULT: undefined
COMMAND: POST /session/c73ab89c7a017c2778eef40b533b59ec/element - {"using":"xpath","value":"//*[@id=\"__tile57\"]"}
RESULT: {"using":"xpath","value":"//*[@id=\"__tile57\"]"}
COMMAND: POST /session/c73ab89c7a017c2778eef40b533b59ec/element/f.78A58C0CF28EEF12AF8F75C899055EE3.d.BC6093A0D175AD60CA7E7A0CFA6DB8AD.e.2701/click - {}
RESULT: {}
COMMAND: GET /session/c73ab89c7a017c2778eef40b533b59ec/screenshot - {}
RESULT: {}
RESULT: undefined
COMMAND: POST /session/c73ab89c7a017c2778eef40b533b59ec/element - {"using":"xpath","value":"//*[@id=\"__tile57\"]"}
RESULT: {"using":"xpath","value":"//*[@id=\"__tile57\"]"}
COMMAND: POST /session/c73ab89c7a017c2778eef40b533b59ec/element/f.78A58C0CF28EEF12AF8F75C899055EE3.d.BC6093A0D175AD60CA7E7A0CFA6DB8AD.e.2897/click - {}
COMMAND: POST /session/c73ab89c7a017c2778eef40b533b59ec/execute/async - {"script":"<script> [21 bytes]","args":[{"selector":{"id":"rfm.poolui::xRFMxCU_PoolList--fe::FilterBar::xRFMxCU_Pool::FilterField::OwnerId-inner","interaction":{"idSuffix":"inner"}},"wdio_ui5_key":"rfmpoolui::xRFMxCU_PoolList--fe::FilterBar::xRFMxCU_Pool::FilterField::OwnerId-inner"}]}
RESULT: {"script":"<script> [21 bytes]","args":[{"selector":{"id":"rfm.poolui::xRFMxCU_PoolList--fe::FilterBar::xRFMxCU_Pool::FilterField::OwnerId-inner","interaction":{"idSuffix":"inner"}},"wdio_ui5_key":"rfmpoolui::xRFMxCU_PoolList--fe::FilterBar::xRFMxCU_Pool::FilterField::OwnerId-inner"}]}
RESULT: undefined
COMMAND: POST /session/c73ab89c7a017c2778eef40b533b59ec/execute/async - {"script":"<script> [20 bytes]","args":[{"enterText":"1623","selector":{"id":"rfm.poolui::xRFMxCU_PoolList--fe::FilterBar::xRFMxCU_Pool::FilterField::OwnerId-inner","interaction":{"idSuffix":"inner"}},"clearTextFirst":true,"interactionType":"ENTER_TEXT"}]}
RESULT: {"script":"<script> [20 bytes]","args":[{"enterText":"1623","selector":{"id":"rfm.poolui::xRFMxCU_PoolList--fe::FilterBar::xRFMxCU_Pool::FilterField::OwnerId-inner","interaction":{"idSuffix":"inner"}},"clearTextFirst":true,"interactionType":"ENTER_TEXT"}]}
COMMAND: POST /session/c73ab89c7a017c2778eef40b533b59ec/execute/async - {"script":"<script> [21 bytes]","args":[{"selector":{"id":"rfm.poolui::xRFMxCU_PoolList--fe::FilterBar::xRFMxCU_Pool::FilterField::OwnerCategory-inner","interaction":{"idSuffix":"inner"}},"wdio_ui5_key":"rfmpoolui::xRFMxCU_PoolList--fe::FilterBar::xRFMxCU_Pool::FilterField::OwnerCategory-inner"}]}
RESULT: {"script":"<script> [21 bytes]","args":[{"selector":{"id":"rfm.poolui::xRFMxCU_PoolList--fe::FilterBar::xRFMxCU_Pool::FilterField::OwnerCategory-inner","interaction":{"idSuffix":"inner"}},"wdio_ui5_key":"rfmpoolui::xRFMxCU_PoolList--fe::FilterBar::xRFMxCU_Pool::FilterField::OwnerCategory-inner"}]}
RESULT: undefined
COMMAND: POST /session/c73ab89c7a017c2778eef40b533b59ec/execute/async - {"script":"<script> [20 bytes]","args":[{"enterText":"Funding Program","selector":{"id":"rfm.poolui::xRFMxCU_PoolList--fe::FilterBar::xRFMxCU_Pool::FilterField::OwnerCategory-inner","interaction":{"idSuffix":"inner"}},"clearTextFirst":true,"interactionType":"ENTER_TEXT"}]}
RESULT: {"script":"<script> [20 bytes]","args":[{"enterText":"Funding Program","selector":{"id":"rfm.poolui::xRFMxCU_PoolList--fe::FilterBar::xRFMxCU_Pool::FilterField::OwnerCategory-inner","interaction":{"idSuffix":"inner"}},"clearTextFirst":true,"interactionType":"ENTER_TEXT"}]}
COMMAND: POST /session/c73ab89c7a017c2778eef40b533b59ec/execute/async - {"script":"<script> [21 bytes]","args":[{"selector":{"id":"rfm.poolui::xRFMxCU_PoolList--fe::FilterBar::xRFMxCU_Pool-btnSearch","interaction":{"idSuffix":"BDI-content"}},"wdio_ui5_key":"rfmpoolui::xRFMxCU_PoolList--fe::FilterBar::xRFMxCU_Pool-btnSearch"}]}
RESULT: {"script":"<script> [21 bytes]","args":[{"selector":{"id":"rfm.poolui::xRFMxCU_PoolList--fe::FilterBar::xRFMxCU_Pool-btnSearch","interaction":{"idSuffix":"BDI-content"}},"wdio_ui5_key":"rfmpoolui::xRFMxCU_PoolList--fe::FilterBar::xRFMxCU_Pool-btnSearch"}]}
RESULT: undefined
COMMAND: POST /session/c73ab89c7a017c2778eef40b533b59ec/element - {"using":"xpath","value":"//*[@id=\"rfm.poolui::xRFMxCU_PoolList--fe::FilterBar::xRFMxCU_Pool-btnSearch\"]"}
RESULT: {"using":"xpath","value":"//*[@id=\"rfm.poolui::xRFMxCU_PoolList--fe::FilterBar::xRFMxCU_Pool-btnSearch\"]"}
COMMAND: POST /session/c73ab89c7a017c2778eef40b533b59ec/element/f.78A58C0CF28EEF12AF8F75C899055EE3.d.BC6093A0D175AD60CA7E7A0CFA6DB8AD.e.2905/click - {}
RESULT: {}
COMMAND: GET /session/c73ab89c7a017c2778eef40b533b59ec/screenshot - {}
RESULT: {}
COMMAND: POST /session/c73ab89c7a017c2778eef40b533b59ec/execute/async - {"script":"<script> [21 bytes]","args":[{"selector":{"id":"rfm.poolui::xRFMxCU_PoolList--fe::table::allTab::LineItem-innerTable-rows-row0"},"wdio_ui5_key":"rfmpoolui::xRFMxCU_PoolList--fe::table::allTab::LineItem-innerTable-rows-row0"}]}
RESULT: {"script":"<script> [21 bytes]","args":[{"selector":{"id":"rfm.poolui::xRFMxCU_PoolList--fe::table::allTab::LineItem-innerTable-rows-row0"},"wdio_ui5_key":"rfmpoolui::xRFMxCU_PoolList--fe::table::allTab::LineItem-innerTable-rows-row0"}]}
RESULT: undefined
COMMAND: POST /session/c73ab89c7a017c2778eef40b533b59ec/element - {"using":"xpath","value":"//*[@id=\"rfm.poolui::xRFMxCU_PoolList--fe::table::allTab::LineItem-innerTable-rows-row0\"]"}
RESULT: {"using":"xpath","value":"//*[@id=\"rfm.poolui::xRFMxCU_PoolList--fe::table::allTab::LineItem-innerTable-rows-row0\"]"}
COMMAND: POST /session/c73ab89c7a017c2778eef40b533b59ec/element/f.78A58C0CF28EEF12AF8F75C899055EE3.d.BC6093A0D175AD60CA7E7A0CFA6DB8AD.e.2907/click - {}
RESULT: {}
RESULT: undefined
COMMAND: POST /session/c73ab89c7a017c2778eef40b533b59ec/execute/async - {"script":"<script> [21 bytes]","args":[{"element-6066-11e4-a52e-4f735466cecf":"f.78A58C0CF28EEF12AF8F75C899055EE3.d.BC6093A0D175AD60CA7E7A0CFA6DB8AD.e.2907"},"getBindingContext",[]]}
COMMAND: GET /session/c73ab89c7a017c2778eef40b533b59ec/screenshot - {}
RESULT: {"script":"<script> [21 bytes]","args":[{"element-6066-11e4-a52e-4f735466cecf":"f.78A58C0CF28EEF12AF8F75C899055EE3.d.BC6093A0D175AD60CA7E7A0CFA6DB8AD.e.2907"},"getBindingContext",[]]}
COMMAND: POST /session/c73ab89c7a017c2778eef40b533b59ec/execute/async - {"script":"<script> [21 bytes]","args":["12566495-3bc2-4430-9c48-21693f934775","getPath",[]]}
RESULT: {}
RESULT: {"script":"<script> [21 bytes]","args":["12566495-3bc2-4430-9c48-21693f934775","getPath",[]]}
COMMAND: POST /session/c73ab89c7a017c2778eef40b533b59ec/execute/async - {"script":"<script> [21 bytes]","args":[{"selector":{"controlType":"sap.m.Text","viewName":"sap.fe.templates.ListReport.ListReport","viewId":"rfm.poolui::xRFMxCU_PoolList","bindingPath":{"path":"/xRFMxCU_Pool(4e4439c8-6b75-1fd0-9eac-6ab0d4735bf0)","propertyPath":"OwnerId"}},"wdio_ui5_key":"sapfe.templates.ListReport.ListReportsap.m.Text{\"path\":\"/xRFMxCU_Pool(4e4439c8-6b75-1fd0-9eac-6ab0d4735bf0)\",\"propertyPath\":\"OwnerId\"}"}]}
RESULT: {"script":"<script> [21 bytes]","args":[{"selector":{"controlType":"sap.m.Text","viewName":"sap.fe.templates.ListReport.ListReport","viewId":"rfm.poolui::xRFMxCU_PoolList","bindingPath":{"path":"/xRFMxCU_Pool(4e4439c8-6b75-1fd0-9eac-6ab0d4735bf0)","propertyPath":"OwnerId"}},"wdio_ui5_key":"sapfe.templates.ListReport.ListReportsap.m.Text{\"path\":\"/xRFMxCU_Pool(4e4439c8-6b75-1fd0-9eac-6ab0d4735bf0)\",\"propertyPath\":\"OwnerId\"}"}]}
RESULT: undefined
COMMAND: POST /session/c73ab89c7a017c2778eef40b533b59ec/execute/async - {"script":"<script> [21 bytes]","args":[{"element-6066-11e4-a52e-4f735466cecf":"f.78A58C0CF28EEF12AF8F75C899055EE3.d.BC6093A0D175AD60CA7E7A0CFA6DB8AD.e.2908"},"getText",[]]}
RESULT: {"script":"<script> [21 bytes]","args":[{"element-6066-11e4-a52e-4f735466cecf":"f.78A58C0CF28EEF12AF8F75C899055EE3.d.BC6093A0D175AD60CA7E7A0CFA6DB8AD.e.2908"},"getText",[]]}
COMMAND: POST /session/c73ab89c7a017c2778eef40b533b59ec/execute/async - {"script":"<script> [21 bytes]","args":[{"selector":{"controlType":"sap.ui.core.Icon","viewName":"sap.fe.templates.ListReport.ListReport","viewId":"rfm.poolui::xRFMxCU_PoolList","properties":{"src":{"regex":{"source":"navigation\\-right\\-arrow"}}}},"wdio_ui5_key":"sapfe.templates.ListReport.ListReportsap.ui.core.Icon{\"src\":{\"regex\":{\"source\":\"navigation\\\\-right\\\\-arrow\"}}}"}]}
RESULT: {"script":"<script> [21 bytes]","args":[{"selector":{"controlType":"sap.ui.core.Icon","viewName":"sap.fe.templates.ListReport.ListReport","viewId":"rfm.poolui::xRFMxCU_PoolList","properties":{"src":{"regex":{"source":"navigation\\-right\\-arrow"}}}},"wdio_ui5_key":"sapfe.templates.ListReport.ListReportsap.ui.core.Icon{\"src\":{\"regex\":{\"source\":\"navigation\\\\-right\\\\-arrow\"}}}"}]}
RESULT: undefined
COMMAND: POST /session/c73ab89c7a017c2778eef40b533b59ec/element - {"using":"xpath","value":"//*[@id=\"__action31-__clone2970-icon0\"]"}
RESULT: {"using":"xpath","value":"//*[@id=\"__action31-__clone2970-icon0\"]"}
COMMAND: POST /session/c73ab89c7a017c2778eef40b533b59ec/element/f.78A58C0CF28EEF12AF8F75C899055EE3.d.BC6093A0D175AD60CA7E7A0CFA6DB8AD.e.2909/click - {}
RESULT: {}
COMMAND: GET /session/c73ab89c7a017c2778eef40b533b59ec/screenshot - {}
COMMAND: GET /session/c73ab89c7a017c2778eef40b533b59ec/screenshot - {}
]]></system-out>
    </testcase>
    <testcase classname="chrome.138_0_7204_184.windows.Pool" name="Should check navigation to selection rules" time="14.373">
      <system-out><![CDATA[
COMMAND: POST /session/c73ab89c7a017c2778eef40b533b59ec/execute/async - {"script":"<script> [21 bytes]","args":[{"selector":{"id":"rfm.poolui::xRFMxCU_PoolObjectPage--fe::DataFieldForIntentBasedNavigation::SelectionRule::manage","interaction":{"idSuffix":"content"}},"wdio_ui5_key":"rfmpoolui::xRFMxCU_PoolObjectPage--fe::DataFieldForIntentBasedNavigation::SelectionRule::manage"}]}
RESULT: {}
RESULT: {"script":"<script> [21 bytes]","args":[{"selector":{"id":"rfm.poolui::xRFMxCU_PoolObjectPage--fe::DataFieldForIntentBasedNavigation::SelectionRule::manage","interaction":{"idSuffix":"content"}},"wdio_ui5_key":"rfmpoolui::xRFMxCU_PoolObjectPage--fe::DataFieldForIntentBasedNavigation::SelectionRule::manage"}]}
RESULT: undefined
COMMAND: POST /session/c73ab89c7a017c2778eef40b533b59ec/element - {"using":"xpath","value":"//*[@id=\"rfm.poolui::xRFMxCU_PoolObjectPage--fe::DataFieldForIntentBasedNavigation::SelectionRule::manage\"]"}
RESULT: {}
RESULT: {"using":"xpath","value":"//*[@id=\"rfm.poolui::xRFMxCU_PoolObjectPage--fe::DataFieldForIntentBasedNavigation::SelectionRule::manage\"]"}
COMMAND: POST /session/c73ab89c7a017c2778eef40b533b59ec/element/f.78A58C0CF28EEF12AF8F75C899055EE3.d.BC6093A0D175AD60CA7E7A0CFA6DB8AD.e.2946/click - {}
RESULT: {}
COMMAND: GET /session/c73ab89c7a017c2778eef40b533b59ec/screenshot - {}
RESULT: {}
COMMAND: POST /session/c73ab89c7a017c2778eef40b533b59ec/execute/async - {"script":"<script> [21 bytes]","args":[{"selector":{"id":"shellAppTitle"},"wdio_ui5_key":"shellAppTitle"}]}
RESULT: {"script":"<script> [21 bytes]","args":[{"selector":{"id":"shellAppTitle"},"wdio_ui5_key":"shellAppTitle"}]}
RESULT: undefined
COMMAND: POST /session/c73ab89c7a017c2778eef40b533b59ec/execute/async - {"script":"<script> [21 bytes]","args":[{"element-6066-11e4-a52e-4f735466cecf":"f.78A58C0CF28EEF12AF8F75C899055EE3.d.BC6093A0D175AD60CA7E7A0CFA6DB8AD.e.2971"},"getTitle",[]]}
RESULT: {"script":"<script> [21 bytes]","args":[{"element-6066-11e4-a52e-4f735466cecf":"f.78A58C0CF28EEF12AF8F75C899055EE3.d.BC6093A0D175AD60CA7E7A0CFA6DB8AD.e.2971"},"getTitle",[]]}
RESULT: undefined
COMMAND: POST /session/c73ab89c7a017c2778eef40b533b59ec/element - {"using":"xpath","value":"//*[@id=\"backBtn\"]"}
RESULT: {"using":"xpath","value":"//*[@id=\"backBtn\"]"}
COMMAND: POST /session/c73ab89c7a017c2778eef40b533b59ec/element/f.78A58C0CF28EEF12AF8F75C899055EE3.d.BC6093A0D175AD60CA7E7A0CFA6DB8AD.e.2972/click - {}
RESULT: {}
COMMAND: GET /session/c73ab89c7a017c2778eef40b533b59ec/screenshot - {}
]]></system-out>
    </testcase>
    <testcase classname="chrome.138_0_7204_184.windows.Pool" name="Should check the action Reserve" time="33.619">
      <system-out><![CDATA[
COMMAND: POST /session/c73ab89c7a017c2778eef40b533b59ec/execute/async - {"script":"<script> [21 bytes]","args":[{"selector":{"id":"rfm.poolui::xRFMxCU_PoolObjectPage--fe::ObjectPage-anchBar-rfm.poolui::xRFMxCU_PoolObjectPage--fe::FacetSection::PoolAsset-anchor","interaction":{"idSuffix":"text"}},"wdio_ui5_key":"rfmpoolui::xRFMxCU_PoolObjectPage--fe::ObjectPage-anchBar-rfm.poolui::xRFMxCU_PoolObjectPage--fe::FacetSection::PoolAsset-anchor"}]}
COMMAND: GET /session/c73ab89c7a017c2778eef40b533b59ec/screenshot - {}
RESULT: {}
RESULT: {"script":"<script> [21 bytes]","args":[{"selector":{"id":"rfm.poolui::xRFMxCU_PoolObjectPage--fe::ObjectPage-anchBar-rfm.poolui::xRFMxCU_PoolObjectPage--fe::FacetSection::PoolAsset-anchor","interaction":{"idSuffix":"text"}},"wdio_ui5_key":"rfmpoolui::xRFMxCU_PoolObjectPage--fe::ObjectPage-anchBar-rfm.poolui::xRFMxCU_PoolObjectPage--fe::FacetSection::PoolAsset-anchor"}]}
RESULT: undefined
COMMAND: POST /session/c73ab89c7a017c2778eef40b533b59ec/element - {"using":"xpath","value":"//*[@id=\"rfm.poolui::xRFMxCU_PoolObjectPage--fe::ObjectPage-anchBar-rfm.poolui::xRFMxCU_PoolObjectPage--fe::FacetSection::PoolAsset-anchor\"]"}
RESULT: {}
RESULT: {"using":"xpath","value":"//*[@id=\"rfm.poolui::xRFMxCU_PoolObjectPage--fe::ObjectPage-anchBar-rfm.poolui::xRFMxCU_PoolObjectPage--fe::FacetSection::PoolAsset-anchor\"]"}
COMMAND: POST /session/c73ab89c7a017c2778eef40b533b59ec/element/f.78A58C0CF28EEF12AF8F75C899055EE3.d.BC6093A0D175AD60CA7E7A0CFA6DB8AD.e.3113/click - {}
RESULT: {}
COMMAND: GET /session/c73ab89c7a017c2778eef40b533b59ec/screenshot - {}
RESULT: {}
COMMAND: POST /session/c73ab89c7a017c2778eef40b533b59ec/execute/async - {"script":"<script> [21 bytes]","args":[{"selector":{"id":"rfm.poolui::xRFMxCU_PoolObjectPage--fe::table::_PoolAsset::LineItem-innerTable"},"wdio_ui5_key":"rfmpoolui::xRFMxCU_PoolObjectPage--fe::table::_PoolAsset::LineItem-innerTable"}]}
RESULT: {"script":"<script> [21 bytes]","args":[{"selector":{"id":"rfm.poolui::xRFMxCU_PoolObjectPage--fe::table::_PoolAsset::LineItem-innerTable"},"wdio_ui5_key":"rfmpoolui::xRFMxCU_PoolObjectPage--fe::table::_PoolAsset::LineItem-innerTable"}]}
RESULT: undefined
COMMAND: POST /session/c73ab89c7a017c2778eef40b533b59ec/element - {"using":"xpath","value":"//*[@id=\"rfm.poolui::xRFMxCU_PoolObjectPage--fe::table::_PoolAsset::LineItem::C::AssetIdExtern-innerColumn\"]"}
RESULT: {"using":"xpath","value":"//*[@id=\"rfm.poolui::xRFMxCU_PoolObjectPage--fe::table::_PoolAsset::LineItem::C::AssetIdExtern-innerColumn\"]"}
COMMAND: POST /session/c73ab89c7a017c2778eef40b533b59ec/element/f.78A58C0CF28EEF12AF8F75C899055EE3.d.BC6093A0D175AD60CA7E7A0CFA6DB8AD.e.3114/click - {}
RESULT: {}
COMMAND: POST /session/c73ab89c7a017c2778eef40b533b59ec/execute/async - {"script":"<script> [21 bytes]","args":[{"selector":{"id":"rfm.poolui::xRFMxCU_PoolObjectPage--fe::table::_PoolAsset::LineItem-settings-img"},"wdio_ui5_key":"rfmpoolui::xRFMxCU_PoolObjectPage--fe::table::_PoolAsset::LineItem-settings-img"}]}
COMMAND: GET /session/c73ab89c7a017c2778eef40b533b59ec/screenshot - {}
RESULT: {"script":"<script> [21 bytes]","args":[{"selector":{"id":"rfm.poolui::xRFMxCU_PoolObjectPage--fe::table::_PoolAsset::LineItem-settings-img"},"wdio_ui5_key":"rfmpoolui::xRFMxCU_PoolObjectPage--fe::table::_PoolAsset::LineItem-settings-img"}]}
RESULT: undefined
COMMAND: POST /session/c73ab89c7a017c2778eef40b533b59ec/element - {"using":"xpath","value":"//*[@id=\"rfm.poolui::xRFMxCU_PoolObjectPage--fe::table::_PoolAsset::LineItem-settings-img\"]"}
RESULT: {}
RESULT: {"using":"xpath","value":"//*[@id=\"rfm.poolui::xRFMxCU_PoolObjectPage--fe::table::_PoolAsset::LineItem-settings-img\"]"}
COMMAND: POST /session/c73ab89c7a017c2778eef40b533b59ec/element/f.78A58C0CF28EEF12AF8F75C899055EE3.d.BC6093A0D175AD60CA7E7A0CFA6DB8AD.e.3116/click - {}
RESULT: {}
COMMAND: POST /session/c73ab89c7a017c2778eef40b533b59ec/execute/async - {"script":"<script> [21 bytes]","args":[{"forceSelect":true,"selector":{"controlType":"sap.m.IconTabFilter","viewName":"sap.fe.templates.ObjectPage.ObjectPage","viewId":"rfm.poolui::xRFMxCU_PoolObjectPage","properties":{"text":"Filter"},"searchOpenDialogs":true},"wdio_ui5_key":"sapfe.templates.ObjectPage.ObjectPagesap.m.IconTabFilter{\"text\":\"Filter\"}"}]}
COMMAND: GET /session/c73ab89c7a017c2778eef40b533b59ec/screenshot - {}
RESULT: {"script":"<script> [21 bytes]","args":[{"forceSelect":true,"selector":{"controlType":"sap.m.IconTabFilter","viewName":"sap.fe.templates.ObjectPage.ObjectPage","viewId":"rfm.poolui::xRFMxCU_PoolObjectPage","properties":{"text":"Filter"},"searchOpenDialogs":true},"wdio_ui5_key":"sapfe.templates.ObjectPage.ObjectPagesap.m.IconTabFilter{\"text\":\"Filter\"}"}]}
RESULT: undefined
COMMAND: POST /session/c73ab89c7a017c2778eef40b533b59ec/element - {"using":"xpath","value":"//*[@id=\"__filter34\"]"}
RESULT: {}
RESULT: {"using":"xpath","value":"//*[@id=\"__filter34\"]"}
COMMAND: POST /session/c73ab89c7a017c2778eef40b533b59ec/element/f.78A58C0CF28EEF12AF8F75C899055EE3.d.BC6093A0D175AD60CA7E7A0CFA6DB8AD.e.3136/click - {}
RESULT: {}
COMMAND: POST /session/c73ab89c7a017c2778eef40b533b59ec/execute/async - {"script":"<script> [21 bytes]","args":[{"selector":{"controlType":"sap.m.ComboBox","viewName":"sap.fe.templates.ObjectPage.ObjectPage","viewId":"rfm.poolui::xRFMxCU_PoolObjectPage","properties":{"valueState":"None"},"searchOpenDialogs":true,"interaction":{"idSuffix":"inner"}},"wdio_ui5_key":"sapfe.templates.ObjectPage.ObjectPagesap.m.ComboBox{\"valueState\":\"None\"}"}]}
COMMAND: GET /session/c73ab89c7a017c2778eef40b533b59ec/screenshot - {}
RESULT: {"script":"<script> [21 bytes]","args":[{"selector":{"controlType":"sap.m.ComboBox","viewName":"sap.fe.templates.ObjectPage.ObjectPage","viewId":"rfm.poolui::xRFMxCU_PoolObjectPage","properties":{"valueState":"None"},"searchOpenDialogs":true,"interaction":{"idSuffix":"inner"}},"wdio_ui5_key":"sapfe.templates.ObjectPage.ObjectPagesap.m.ComboBox{\"valueState\":\"None\"}"}]}
RESULT: undefined
COMMAND: POST /session/c73ab89c7a017c2778eef40b533b59ec/execute/async - {"script":"<script> [20 bytes]","args":[{"enterText":"Ext. Asset ID","selector":{"controlType":"sap.m.ComboBox","viewName":"sap.fe.templates.ObjectPage.ObjectPage","viewId":"rfm.poolui::xRFMxCU_PoolObjectPage","properties":{"valueState":"None"},"searchOpenDialogs":true,"interaction":{"idSuffix":"inner"}},"clearTextFirst":true,"interactionType":"ENTER_TEXT"}]}
RESULT: {}
RESULT: {"script":"<script> [20 bytes]","args":[{"enterText":"Ext. Asset ID","selector":{"controlType":"sap.m.ComboBox","viewName":"sap.fe.templates.ObjectPage.ObjectPage","viewId":"rfm.poolui::xRFMxCU_PoolObjectPage","properties":{"valueState":"None"},"searchOpenDialogs":true,"interaction":{"idSuffix":"inner"}},"clearTextFirst":true,"interactionType":"ENTER_TEXT"}]}
COMMAND: POST /session/c73ab89c7a017c2778eef40b533b59ec/execute/async - {"script":"<script> [21 bytes]","args":[{"selector":{"id":"rfm.poolui::xRFMxCU_PoolObjectPage--fe::table::_PoolAsset::LineItem::AdaptationFilterField::AssetIdExtern-inner","searchOpenDialogs":true,"interaction":{"idSuffix":"inner"}},"wdio_ui5_key":"rfmpoolui::xRFMxCU_PoolObjectPage--fe::table::_PoolAsset::LineItem::AdaptationFilterField::AssetIdExtern-inner"}]}
RESULT: {"script":"<script> [21 bytes]","args":[{"selector":{"id":"rfm.poolui::xRFMxCU_PoolObjectPage--fe::table::_PoolAsset::LineItem::AdaptationFilterField::AssetIdExtern-inner","searchOpenDialogs":true,"interaction":{"idSuffix":"inner"}},"wdio_ui5_key":"rfmpoolui::xRFMxCU_PoolObjectPage--fe::table::_PoolAsset::LineItem::AdaptationFilterField::AssetIdExtern-inner"}]}
RESULT: undefined
COMMAND: POST /session/c73ab89c7a017c2778eef40b533b59ec/execute/async - {"script":"<script> [20 bytes]","args":[{"enterText":"WDIO_Pool*","selector":{"id":"rfm.poolui::xRFMxCU_PoolObjectPage--fe::table::_PoolAsset::LineItem::AdaptationFilterField::AssetIdExtern-inner","searchOpenDialogs":true,"interaction":{"idSuffix":"inner"}},"clearTextFirst":true,"interactionType":"ENTER_TEXT"}]}
RESULT: {"script":"<script> [20 bytes]","args":[{"enterText":"WDIO_Pool*","selector":{"id":"rfm.poolui::xRFMxCU_PoolObjectPage--fe::table::_PoolAsset::LineItem::AdaptationFilterField::AssetIdExtern-inner","searchOpenDialogs":true,"interaction":{"idSuffix":"inner"}},"clearTextFirst":true,"interactionType":"ENTER_TEXT"}]}
COMMAND: POST /session/c73ab89c7a017c2778eef40b533b59ec/execute/async - {"script":"<script> [21 bytes]","args":[{"forceSelect":true,"selector":{"controlType":"sap.m.Button","viewName":"sap.fe.templates.ObjectPage.ObjectPage","viewId":"rfm.poolui::xRFMxCU_PoolObjectPage","bindingPath":{"path":"","propertyPath":"/confirmText","modelName":"$p13nPopupLocalization"},"searchOpenDialogs":true,"interaction":{"idSuffix":"BDI-content"}},"wdio_ui5_key":"sapfe.templates.ObjectPage.ObjectPagesap.m.Button{\"path\":\"\",\"propertyPath\":\"/confirmText\",\"modelName\":\"$p13nPopupLocalization\"}"}]}
RESULT: {"script":"<script> [21 bytes]","args":[{"forceSelect":true,"selector":{"controlType":"sap.m.Button","viewName":"sap.fe.templates.ObjectPage.ObjectPage","viewId":"rfm.poolui::xRFMxCU_PoolObjectPage","bindingPath":{"path":"","propertyPath":"/confirmText","modelName":"$p13nPopupLocalization"},"searchOpenDialogs":true,"interaction":{"idSuffix":"BDI-content"}},"wdio_ui5_key":"sapfe.templates.ObjectPage.ObjectPagesap.m.Button{\"path\":\"\",\"propertyPath\":\"/confirmText\",\"modelName\":\"$p13nPopupLocalization\"}"}]}
RESULT: undefined
COMMAND: POST /session/c73ab89c7a017c2778eef40b533b59ec/element - {"using":"xpath","value":"//*[@id=\"__popup1174-confirmBtn\"]"}
RESULT: {"using":"xpath","value":"//*[@id=\"__popup1174-confirmBtn\"]"}
COMMAND: POST /session/c73ab89c7a017c2778eef40b533b59ec/element/f.78A58C0CF28EEF12AF8F75C899055EE3.d.BC6093A0D175AD60CA7E7A0CFA6DB8AD.e.3144/click - {}
RESULT: {}
COMMAND: GET /session/c73ab89c7a017c2778eef40b533b59ec/screenshot - {}
RESULT: {}
COMMAND: POST /session/c73ab89c7a017c2778eef40b533b59ec/element - {"using":"css selector","value":"div[id='rfm.poolui::xRFMxCU_PoolObjectPage--fe::table::_PoolAsset::LineItem-innerTable-rowsel0']"}
RESULT: {"using":"css selector","value":"div[id='rfm.poolui::xRFMxCU_PoolObjectPage--fe::table::_PoolAsset::LineItem-innerTable-rowsel0']"}
COMMAND: POST /session/c73ab89c7a017c2778eef40b533b59ec/element/f.78A58C0CF28EEF12AF8F75C899055EE3.d.BC6093A0D175AD60CA7E7A0CFA6DB8AD.e.3162/click - {}
RESULT: {}
COMMAND: POST /session/c73ab89c7a017c2778eef40b533b59ec/execute/async - {"script":"<script> [21 bytes]","args":[{"selector":{"id":"rfm.poolui::xRFMxCU_PoolObjectPage--fe::table::_PoolAsset::LineItem::CustomAction::ReserveAsset","interaction":{"idSuffix":"BDI-content"}},"wdio_ui5_key":"rfmpoolui::xRFMxCU_PoolObjectPage--fe::table::_PoolAsset::LineItem::CustomAction::ReserveAsset"}]}
COMMAND: GET /session/c73ab89c7a017c2778eef40b533b59ec/screenshot - {}
RESULT: {"script":"<script> [21 bytes]","args":[{"selector":{"id":"rfm.poolui::xRFMxCU_PoolObjectPage--fe::table::_PoolAsset::LineItem::CustomAction::ReserveAsset","interaction":{"idSuffix":"BDI-content"}},"wdio_ui5_key":"rfmpoolui::xRFMxCU_PoolObjectPage--fe::table::_PoolAsset::LineItem::CustomAction::ReserveAsset"}]}
RESULT: undefined
COMMAND: POST /session/c73ab89c7a017c2778eef40b533b59ec/element - {"using":"xpath","value":"//*[@id=\"rfm.poolui::xRFMxCU_PoolObjectPage--fe::table::_PoolAsset::LineItem::CustomAction::ReserveAsset\"]"}
RESULT: {}
RESULT: {"using":"xpath","value":"//*[@id=\"rfm.poolui::xRFMxCU_PoolObjectPage--fe::table::_PoolAsset::LineItem::CustomAction::ReserveAsset\"]"}
COMMAND: POST /session/c73ab89c7a017c2778eef40b533b59ec/element/f.78A58C0CF28EEF12AF8F75C899055EE3.d.BC6093A0D175AD60CA7E7A0CFA6DB8AD.e.3058/click - {}
RESULT: {}
COMMAND: GET /session/c73ab89c7a017c2778eef40b533b59ec/screenshot - {}
RESULT: {}
COMMAND: POST /session/c73ab89c7a017c2778eef40b533b59ec/execute/async - {"script":"<script> [21 bytes]","args":[{"selector":{"controlType":"sap.m.Text","viewName":"sap.fe.templates.ObjectPage.ObjectPage","viewId":"rfm.poolui::xRFMxCU_PoolObjectPage","bindingPath":{"path":"/xRFMxCU_Pool(4e4439c8-6b75-1fd0-9eac-6ab0d4735bf0)/_PoolAsset(PoolId=4e4439c8-6b75-1fd0-9eac-6ab0d4735bf0,AssetId=bea012ec-9d16-1fe0-9eac-6f4793eb8a46)","propertyPath":"Reserved"}},"wdio_ui5_key":"sapfe.templates.ObjectPage.ObjectPagesap.m.Text{\"path\":\"/xRFMxCU_Pool(4e4439c8-6b75-1fd0-9eac-6ab0d4735bf0)/_PoolAsset(PoolId=4e4439c8-6b75-1fd0-9eac-6ab0d4735bf0,AssetId=bea012ec-9d16-1fe0-9eac-6f4793eb8a46)\",\"propertyPath\":\"Reserved\"}"}]}
RESULT: {"script":"<script> [21 bytes]","args":[{"selector":{"controlType":"sap.m.Text","viewName":"sap.fe.templates.ObjectPage.ObjectPage","viewId":"rfm.poolui::xRFMxCU_PoolObjectPage","bindingPath":{"path":"/xRFMxCU_Pool(4e4439c8-6b75-1fd0-9eac-6ab0d4735bf0)/_PoolAsset(PoolId=4e4439c8-6b75-1fd0-9eac-6ab0d4735bf0,AssetId=bea012ec-9d16-1fe0-9eac-6f4793eb8a46)","propertyPath":"Reserved"}},"wdio_ui5_key":"sapfe.templates.ObjectPage.ObjectPagesap.m.Text{\"path\":\"/xRFMxCU_Pool(4e4439c8-6b75-1fd0-9eac-6ab0d4735bf0)/_PoolAsset(PoolId=4e4439c8-6b75-1fd0-9eac-6ab0d4735bf0,AssetId=bea012ec-9d16-1fe0-9eac-6f4793eb8a46)\",\"propertyPath\":\"Reserved\"}"}]}
RESULT: undefined
COMMAND: POST /session/c73ab89c7a017c2778eef40b533b59ec/execute/async - {"script":"<script> [21 bytes]","args":[{"element-6066-11e4-a52e-4f735466cecf":"f.78A58C0CF28EEF12AF8F75C899055EE3.d.BC6093A0D175AD60CA7E7A0CFA6DB8AD.e.3168"},"getText",[]]}
RESULT: {"script":"<script> [21 bytes]","args":[{"element-6066-11e4-a52e-4f735466cecf":"f.78A58C0CF28EEF12AF8F75C899055EE3.d.BC6093A0D175AD60CA7E7A0CFA6DB8AD.e.3168"},"getText",[]]}
COMMAND: GET /session/c73ab89c7a017c2778eef40b533b59ec/screenshot - {}
]]></system-out>
    </testcase>
    <testcase classname="chrome.138_0_7204_184.windows.Pool" name="Should check the action Release" time="7.327">
      <system-out><![CDATA[
RESULT: undefined
COMMAND: POST /session/c73ab89c7a017c2778eef40b533b59ec/element - {"using":"xpath","value":"//*[@id=\"rfm.poolui::xRFMxCU_PoolObjectPage--fe::ObjectPage-anchBar-rfm.poolui::xRFMxCU_PoolObjectPage--fe::FacetSection::PoolAsset-anchor\"]"}
RESULT: {"using":"xpath","value":"//*[@id=\"rfm.poolui::xRFMxCU_PoolObjectPage--fe::ObjectPage-anchBar-rfm.poolui::xRFMxCU_PoolObjectPage--fe::FacetSection::PoolAsset-anchor\"]"}
COMMAND: POST /session/c73ab89c7a017c2778eef40b533b59ec/element/f.78A58C0CF28EEF12AF8F75C899055EE3.d.BC6093A0D175AD60CA7E7A0CFA6DB8AD.e.3113/click - {}
RESULT: {}
RESULT: {}
COMMAND: GET /session/c73ab89c7a017c2778eef40b533b59ec/screenshot - {}
RESULT: {}
COMMAND: POST /session/c73ab89c7a017c2778eef40b533b59ec/element - {"using":"css selector","value":"div[id='rfm.poolui::xRFMxCU_PoolObjectPage--fe::table::_PoolAsset::LineItem-innerTable-rowsel0']"}
RESULT: {"using":"css selector","value":"div[id='rfm.poolui::xRFMxCU_PoolObjectPage--fe::table::_PoolAsset::LineItem-innerTable-rowsel0']"}
COMMAND: POST /session/c73ab89c7a017c2778eef40b533b59ec/element/f.78A58C0CF28EEF12AF8F75C899055EE3.d.BC6093A0D175AD60CA7E7A0CFA6DB8AD.e.3162/click - {}
RESULT: {}
COMMAND: POST /session/c73ab89c7a017c2778eef40b533b59ec/execute/async - {"script":"<script> [21 bytes]","args":[{"selector":{"id":"rfm.poolui::xRFMxCU_PoolObjectPage--fe::table::_PoolAsset::LineItem::CustomAction::ReleaseAsset","interaction":{"idSuffix":"BDI-content"}},"wdio_ui5_key":"rfmpoolui::xRFMxCU_PoolObjectPage--fe::table::_PoolAsset::LineItem::CustomAction::ReleaseAsset"}]}
COMMAND: GET /session/c73ab89c7a017c2778eef40b533b59ec/screenshot - {}
RESULT: {"script":"<script> [21 bytes]","args":[{"selector":{"id":"rfm.poolui::xRFMxCU_PoolObjectPage--fe::table::_PoolAsset::LineItem::CustomAction::ReleaseAsset","interaction":{"idSuffix":"BDI-content"}},"wdio_ui5_key":"rfmpoolui::xRFMxCU_PoolObjectPage--fe::table::_PoolAsset::LineItem::CustomAction::ReleaseAsset"}]}
RESULT: undefined
COMMAND: POST /session/c73ab89c7a017c2778eef40b533b59ec/element - {"using":"xpath","value":"//*[@id=\"rfm.poolui::xRFMxCU_PoolObjectPage--fe::table::_PoolAsset::LineItem::CustomAction::ReleaseAsset\"]"}
RESULT: {"using":"xpath","value":"//*[@id=\"rfm.poolui::xRFMxCU_PoolObjectPage--fe::table::_PoolAsset::LineItem::CustomAction::ReleaseAsset\"]"}
COMMAND: POST /session/c73ab89c7a017c2778eef40b533b59ec/element/f.78A58C0CF28EEF12AF8F75C899055EE3.d.BC6093A0D175AD60CA7E7A0CFA6DB8AD.e.3164/click - {}
RESULT: {}
RESULT: {}
COMMAND: GET /session/c73ab89c7a017c2778eef40b533b59ec/screenshot - {}
RESULT: {}
RESULT: undefined
COMMAND: POST /session/c73ab89c7a017c2778eef40b533b59ec/execute/async - {"script":"<script> [21 bytes]","args":[{"element-6066-11e4-a52e-4f735466cecf":"f.78A58C0CF28EEF12AF8F75C899055EE3.d.BC6093A0D175AD60CA7E7A0CFA6DB8AD.e.3168"},"getText",[]]}
RESULT: {"script":"<script> [21 bytes]","args":[{"element-6066-11e4-a52e-4f735466cecf":"f.78A58C0CF28EEF12AF8F75C899055EE3.d.BC6093A0D175AD60CA7E7A0CFA6DB8AD.e.3168"},"getText",[]]}
COMMAND: GET /session/c73ab89c7a017c2778eef40b533b59ec/screenshot - {}
]]></system-out>
    </testcase>
    <testcase classname="chrome.138_0_7204_184.windows.Pool" name="Should check addition of an asset to the Exclusion List" time="11.432">
      <system-out><![CDATA[
COMMAND: POST /session/c73ab89c7a017c2778eef40b533b59ec/execute/async - {"script":"<script> [21 bytes]","args":[{"selector":{"controlType":"sap.m.Link","viewName":"sap.fe.templates.ObjectPage.ObjectPage","viewId":"rfm.poolui::xRFMxCU_PoolObjectPage","bindingPath":{"path":"/xRFMxCU_Pool(4e4439c8-6b75-1fd0-9eac-6ab0d4735bf0)/_PoolAsset(PoolId=4e4439c8-6b75-1fd0-9eac-6ab0d4735bf0,AssetId=bea012ec-9d16-1fe0-9eac-6f4793eb8a46)","propertyPath":"AssetIdExtern"}},"wdio_ui5_key":"sapfe.templates.ObjectPage.ObjectPagesap.m.Link{\"path\":\"/xRFMxCU_Pool(4e4439c8-6b75-1fd0-9eac-6ab0d4735bf0)/_PoolAsset(PoolId=4e4439c8-6b75-1fd0-9eac-6ab0d4735bf0,AssetId=bea012ec-9d16-1fe0-9eac-6f4793eb8a46)\",\"propertyPath\":\"AssetIdExtern\"}"}]}
RESULT: {}
RESULT: {"script":"<script> [21 bytes]","args":[{"selector":{"controlType":"sap.m.Link","viewName":"sap.fe.templates.ObjectPage.ObjectPage","viewId":"rfm.poolui::xRFMxCU_PoolObjectPage","bindingPath":{"path":"/xRFMxCU_Pool(4e4439c8-6b75-1fd0-9eac-6ab0d4735bf0)/_PoolAsset(PoolId=4e4439c8-6b75-1fd0-9eac-6ab0d4735bf0,AssetId=bea012ec-9d16-1fe0-9eac-6f4793eb8a46)","propertyPath":"AssetIdExtern"}},"wdio_ui5_key":"sapfe.templates.ObjectPage.ObjectPagesap.m.Link{\"path\":\"/xRFMxCU_Pool(4e4439c8-6b75-1fd0-9eac-6ab0d4735bf0)/_PoolAsset(PoolId=4e4439c8-6b75-1fd0-9eac-6ab0d4735bf0,AssetId=bea012ec-9d16-1fe0-9eac-6f4793eb8a46)\",\"propertyPath\":\"AssetIdExtern\"}"}]}
RESULT: undefined
COMMAND: POST /session/c73ab89c7a017c2778eef40b533b59ec/execute/async - {"script":"<script> [21 bytes]","args":[{"element-6066-11e4-a52e-4f735466cecf":"f.78A58C0CF28EEF12AF8F75C899055EE3.d.BC6093A0D175AD60CA7E7A0CFA6DB8AD.e.3171"},"getText",[]]}
RESULT: {"script":"<script> [21 bytes]","args":[{"element-6066-11e4-a52e-4f735466cecf":"f.78A58C0CF28EEF12AF8F75C899055EE3.d.BC6093A0D175AD60CA7E7A0CFA6DB8AD.e.3171"},"getText",[]]}
COMMAND: POST /session/c73ab89c7a017c2778eef40b533b59ec/element - {"using":"css selector","value":"div[id='rfm.poolui::xRFMxCU_PoolObjectPage--fe::table::_PoolAsset::LineItem-innerTable-rowsel0']"}
RESULT: {"using":"css selector","value":"div[id='rfm.poolui::xRFMxCU_PoolObjectPage--fe::table::_PoolAsset::LineItem-innerTable-rowsel0']"}
COMMAND: POST /session/c73ab89c7a017c2778eef40b533b59ec/element/f.78A58C0CF28EEF12AF8F75C899055EE3.d.BC6093A0D175AD60CA7E7A0CFA6DB8AD.e.3162/click - {}
RESULT: {}
COMMAND: GET /session/c73ab89c7a017c2778eef40b533b59ec/screenshot - {}
RESULT: {}
COMMAND: POST /session/c73ab89c7a017c2778eef40b533b59ec/execute/async - {"script":"<script> [21 bytes]","args":[{"selector":{"id":"rfm.poolui::xRFMxCU_PoolObjectPage--fe::table::_PoolAsset::LineItem::CustomAction::AddAssetsToExclusionList"},"wdio_ui5_key":"rfmpoolui::xRFMxCU_PoolObjectPage--fe::table::_PoolAsset::LineItem::CustomAction::AddAssetsToExclusionList"}]}
RESULT: {"script":"<script> [21 bytes]","args":[{"selector":{"id":"rfm.poolui::xRFMxCU_PoolObjectPage--fe::table::_PoolAsset::LineItem::CustomAction::AddAssetsToExclusionList"},"wdio_ui5_key":"rfmpoolui::xRFMxCU_PoolObjectPage--fe::table::_PoolAsset::LineItem::CustomAction::AddAssetsToExclusionList"}]}
RESULT: undefined
COMMAND: POST /session/c73ab89c7a017c2778eef40b533b59ec/element - {"using":"xpath","value":"//*[@id=\"rfm.poolui::xRFMxCU_PoolObjectPage--fe::table::_PoolAsset::LineItem::CustomAction::AddAssetsToExclusionList\"]"}
RESULT: {"using":"xpath","value":"//*[@id=\"rfm.poolui::xRFMxCU_PoolObjectPage--fe::table::_PoolAsset::LineItem::CustomAction::AddAssetsToExclusionList\"]"}
COMMAND: POST /session/c73ab89c7a017c2778eef40b533b59ec/element/f.78A58C0CF28EEF12AF8F75C899055EE3.d.BC6093A0D175AD60CA7E7A0CFA6DB8AD.e.3032/click - {}
RESULT: {}
COMMAND: GET /session/c73ab89c7a017c2778eef40b533b59ec/screenshot - {}
RESULT: {}
COMMAND: POST /session/c73ab89c7a017c2778eef40b533b59ec/execute/async - {"script":"<script> [21 bytes]","args":[{"selector":{"id":"rfm.poolui::xRFMxCU_PoolObjectPage--fe::ObjectPage-anchBar-rfm.poolui::xRFMxCU_PoolObjectPage--fe::FacetSection::ExclusionList2-anchor"},"wdio_ui5_key":"rfmpoolui::xRFMxCU_PoolObjectPage--fe::ObjectPage-anchBar-rfm.poolui::xRFMxCU_PoolObjectPage--fe::FacetSection::ExclusionList2-anchor"}]}
RESULT: {"script":"<script> [21 bytes]","args":[{"selector":{"id":"rfm.poolui::xRFMxCU_PoolObjectPage--fe::ObjectPage-anchBar-rfm.poolui::xRFMxCU_PoolObjectPage--fe::FacetSection::ExclusionList2-anchor"},"wdio_ui5_key":"rfmpoolui::xRFMxCU_PoolObjectPage--fe::ObjectPage-anchBar-rfm.poolui::xRFMxCU_PoolObjectPage--fe::FacetSection::ExclusionList2-anchor"}]}
RESULT: undefined
COMMAND: POST /session/c73ab89c7a017c2778eef40b533b59ec/element - {"using":"xpath","value":"//*[@id=\"rfm.poolui::xRFMxCU_PoolObjectPage--fe::ObjectPage-anchBar-rfm.poolui::xRFMxCU_PoolObjectPage--fe::FacetSection::ExclusionList2-anchor\"]"}
RESULT: {"using":"xpath","value":"//*[@id=\"rfm.poolui::xRFMxCU_PoolObjectPage--fe::ObjectPage-anchBar-rfm.poolui::xRFMxCU_PoolObjectPage--fe::FacetSection::ExclusionList2-anchor\"]"}
COMMAND: POST /session/c73ab89c7a017c2778eef40b533b59ec/element/f.78A58C0CF28EEF12AF8F75C899055EE3.d.BC6093A0D175AD60CA7E7A0CFA6DB8AD.e.3173/click - {}
RESULT: {}
COMMAND: POST /session/c73ab89c7a017c2778eef40b533b59ec/execute/async - {"script":"<script> [21 bytes]","args":[{"selector":{"controlType":"sap.m.Link","viewName":"sap.fe.templates.ObjectPage.ObjectPage","viewId":"rfm.poolui::xRFMxCU_PoolObjectPage","bindingPath":{"path":"/xRFMxCU_Pool(4e4439c8-6b75-1fd0-9eac-6ab0d4735bf0)/_ExcludedAsset(PoolId=4e4439c8-6b75-1fd0-9eac-6ab0d4735bf0,AssetId=bea012ec-9d16-1fe0-9eac-6f4793eb8a46)","propertyPath":"AssetIdExtern"}},"wdio_ui5_key":"sapfe.templates.ObjectPage.ObjectPagesap.m.Link{\"path\":\"/xRFMxCU_Pool(4e4439c8-6b75-1fd0-9eac-6ab0d4735bf0)/_ExcludedAsset(PoolId=4e4439c8-6b75-1fd0-9eac-6ab0d4735bf0,AssetId=bea012ec-9d16-1fe0-9eac-6f4793eb8a46)\",\"propertyPath\":\"AssetIdExtern\"}"}]}
COMMAND: GET /session/c73ab89c7a017c2778eef40b533b59ec/screenshot - {}
RESULT: {"script":"<script> [21 bytes]","args":[{"selector":{"controlType":"sap.m.Link","viewName":"sap.fe.templates.ObjectPage.ObjectPage","viewId":"rfm.poolui::xRFMxCU_PoolObjectPage","bindingPath":{"path":"/xRFMxCU_Pool(4e4439c8-6b75-1fd0-9eac-6ab0d4735bf0)/_ExcludedAsset(PoolId=4e4439c8-6b75-1fd0-9eac-6ab0d4735bf0,AssetId=bea012ec-9d16-1fe0-9eac-6f4793eb8a46)","propertyPath":"AssetIdExtern"}},"wdio_ui5_key":"sapfe.templates.ObjectPage.ObjectPagesap.m.Link{\"path\":\"/xRFMxCU_Pool(4e4439c8-6b75-1fd0-9eac-6ab0d4735bf0)/_ExcludedAsset(PoolId=4e4439c8-6b75-1fd0-9eac-6ab0d4735bf0,AssetId=bea012ec-9d16-1fe0-9eac-6f4793eb8a46)\",\"propertyPath\":\"AssetIdExtern\"}"}]}
RESULT: undefined
COMMAND: POST /session/c73ab89c7a017c2778eef40b533b59ec/execute/async - {"script":"<script> [21 bytes]","args":[{"element-6066-11e4-a52e-4f735466cecf":"f.78A58C0CF28EEF12AF8F75C899055EE3.d.BC6093A0D175AD60CA7E7A0CFA6DB8AD.e.3176"},"getText",[]]}
RESULT: {}
RESULT: {"script":"<script> [21 bytes]","args":[{"element-6066-11e4-a52e-4f735466cecf":"f.78A58C0CF28EEF12AF8F75C899055EE3.d.BC6093A0D175AD60CA7E7A0CFA6DB8AD.e.3176"},"getText",[]]}
COMMAND: GET /session/c73ab89c7a017c2778eef40b533b59ec/screenshot - {}
]]></system-out>
    </testcase>
    <testcase classname="chrome.138_0_7204_184.windows.Pool" name="Should check the removal of an asset from the Exclusion List" time="10.448">
      <system-out><![CDATA[
RESULT: undefined
COMMAND: POST /session/c73ab89c7a017c2778eef40b533b59ec/execute/async - {"script":"<script> [21 bytes]","args":[{"element-6066-11e4-a52e-4f735466cecf":"f.78A58C0CF28EEF12AF8F75C899055EE3.d.BC6093A0D175AD60CA7E7A0CFA6DB8AD.e.3176"},"getText",[]]}
RESULT: {}
RESULT: {"script":"<script> [21 bytes]","args":[{"element-6066-11e4-a52e-4f735466cecf":"f.78A58C0CF28EEF12AF8F75C899055EE3.d.BC6093A0D175AD60CA7E7A0CFA6DB8AD.e.3176"},"getText",[]]}
COMMAND: POST /session/c73ab89c7a017c2778eef40b533b59ec/element - {"using":"css selector","value":"div[id='rfm.poolui::xRFMxCU_PoolObjectPage--fe::table::_ExcludedAsset::LineItem::ExclusionList2-innerTable-rowsel0']"}
RESULT: {"using":"css selector","value":"div[id='rfm.poolui::xRFMxCU_PoolObjectPage--fe::table::_ExcludedAsset::LineItem::ExclusionList2-innerTable-rowsel0']"}
COMMAND: POST /session/c73ab89c7a017c2778eef40b533b59ec/element/f.78A58C0CF28EEF12AF8F75C899055EE3.d.BC6093A0D175AD60CA7E7A0CFA6DB8AD.e.3178/click - {}
RESULT: {}
COMMAND: GET /session/c73ab89c7a017c2778eef40b533b59ec/screenshot - {}
RESULT: {}
COMMAND: POST /session/c73ab89c7a017c2778eef40b533b59ec/execute/async - {"script":"<script> [21 bytes]","args":[{"selector":{"id":"rfm.poolui::xRFMxCU_PoolObjectPage--fe::table::_ExcludedAsset::LineItem::ExclusionList2::CustomAction::RemoveFromExclusionList"},"wdio_ui5_key":"rfmpoolui::xRFMxCU_PoolObjectPage--fe::table::_ExcludedAsset::LineItem::ExclusionList2::CustomAction::RemoveFromExclusionList"}]}
RESULT: {"script":"<script> [21 bytes]","args":[{"selector":{"id":"rfm.poolui::xRFMxCU_PoolObjectPage--fe::table::_ExcludedAsset::LineItem::ExclusionList2::CustomAction::RemoveFromExclusionList"},"wdio_ui5_key":"rfmpoolui::xRFMxCU_PoolObjectPage--fe::table::_ExcludedAsset::LineItem::ExclusionList2::CustomAction::RemoveFromExclusionList"}]}
RESULT: undefined
COMMAND: POST /session/c73ab89c7a017c2778eef40b533b59ec/element - {"using":"xpath","value":"//*[@id=\"rfm.poolui::xRFMxCU_PoolObjectPage--fe::table::_ExcludedAsset::LineItem::ExclusionList2::CustomAction::RemoveFromExclusionList\"]"}
RESULT: {"using":"xpath","value":"//*[@id=\"rfm.poolui::xRFMxCU_PoolObjectPage--fe::table::_ExcludedAsset::LineItem::ExclusionList2::CustomAction::RemoveFromExclusionList\"]"}
COMMAND: POST /session/c73ab89c7a017c2778eef40b533b59ec/element/f.78A58C0CF28EEF12AF8F75C899055EE3.d.BC6093A0D175AD60CA7E7A0CFA6DB8AD.e.3174/click - {}
RESULT: {}
COMMAND: GET /session/c73ab89c7a017c2778eef40b533b59ec/screenshot - {}
RESULT: {}
RESULT: undefined
COMMAND: POST /session/c73ab89c7a017c2778eef40b533b59ec/element - {"using":"xpath","value":"//*[@id=\"rfm.poolui::xRFMxCU_PoolObjectPage--fe::ObjectPage-anchBar-rfm.poolui::xRFMxCU_PoolObjectPage--fe::FacetSection::PoolAsset-anchor\"]"}
RESULT: {"using":"xpath","value":"//*[@id=\"rfm.poolui::xRFMxCU_PoolObjectPage--fe::ObjectPage-anchBar-rfm.poolui::xRFMxCU_PoolObjectPage--fe::FacetSection::PoolAsset-anchor\"]"}
COMMAND: POST /session/c73ab89c7a017c2778eef40b533b59ec/element/f.78A58C0CF28EEF12AF8F75C899055EE3.d.BC6093A0D175AD60CA7E7A0CFA6DB8AD.e.3113/click - {}
RESULT: {}
RESULT: undefined
COMMAND: POST /session/c73ab89c7a017c2778eef40b533b59ec/execute/async - {"script":"<script> [21 bytes]","args":[{"element-6066-11e4-a52e-4f735466cecf":"f.78A58C0CF28EEF12AF8F75C899055EE3.d.BC6093A0D175AD60CA7E7A0CFA6DB8AD.e.3171"},"getText",[]]}
COMMAND: GET /session/c73ab89c7a017c2778eef40b533b59ec/screenshot - {}
COMMAND: POST /session/c73ab89c7a017c2778eef40b533b59ec/execute/async - {"script":"<script> [21 bytes]","args":[{"selector":{"controlType":"sap.m.Link","viewName":"sap.fe.templates.ObjectPage.ObjectPage","viewId":"rfm.poolui::xRFMxCU_PoolObjectPage","bindingPath":{"path":"/xRFMxCU_Pool(4e4439c8-6b75-1fd0-9eac-6ab0d4735bf0)/_PoolAsset(PoolId=4e4439c8-6b75-1fd0-9eac-6ab0d4735bf0,AssetId=bea012ec-9d16-1fe0-9eac-6f4793eb8a46)","propertyPath":"AssetIdExtern"}},"wdio_ui5_key":"sapfe.templates.ObjectPage.ObjectPagesap.m.Link{\"path\":\"/xRFMxCU_Pool(4e4439c8-6b75-1fd0-9eac-6ab0d4735bf0)/_PoolAsset(PoolId=4e4439c8-6b75-1fd0-9eac-6ab0d4735bf0,AssetId=bea012ec-9d16-1fe0-9eac-6f4793eb8a46)\",\"propertyPath\":\"AssetIdExtern\"}"}]}
RESULT: {}
RESULT: {"script":"<script> [21 bytes]","args":[{"selector":{"controlType":"sap.m.Link","viewName":"sap.fe.templates.ObjectPage.ObjectPage","viewId":"rfm.poolui::xRFMxCU_PoolObjectPage","bindingPath":{"path":"/xRFMxCU_Pool(4e4439c8-6b75-1fd0-9eac-6ab0d4735bf0)/_PoolAsset(PoolId=4e4439c8-6b75-1fd0-9eac-6ab0d4735bf0,AssetId=bea012ec-9d16-1fe0-9eac-6f4793eb8a46)","propertyPath":"AssetIdExtern"}},"wdio_ui5_key":"sapfe.templates.ObjectPage.ObjectPagesap.m.Link{\"path\":\"/xRFMxCU_Pool(4e4439c8-6b75-1fd0-9eac-6ab0d4735bf0)/_PoolAsset(PoolId=4e4439c8-6b75-1fd0-9eac-6ab0d4735bf0,AssetId=bea012ec-9d16-1fe0-9eac-6f4793eb8a46)\",\"propertyPath\":\"AssetIdExtern\"}"}]}
COMMAND: POST /session/c73ab89c7a017c2778eef40b533b59ec/execute/async - {"script":"<script> [21 bytes]","args":[{"element-6066-11e4-a52e-4f735466cecf":"f.78A58C0CF28EEF12AF8F75C899055EE3.d.BC6093A0D175AD60CA7E7A0CFA6DB8AD.e.3185"},"getText",[]]}
RESULT: {"script":"<script> [21 bytes]","args":[{"element-6066-11e4-a52e-4f735466cecf":"f.78A58C0CF28EEF12AF8F75C899055EE3.d.BC6093A0D175AD60CA7E7A0CFA6DB8AD.e.3185"},"getText",[]]}
COMMAND: GET /session/c73ab89c7a017c2778eef40b533b59ec/screenshot - {}
COMMAND: DELETE /session/c73ab89c7a017c2778eef40b533b59ec - {}
RESULT: {}
RESULT: {}
]]></system-out>
    </testcase>
  </testsuite>
</testsuites>