<?xml version="1.0" encoding="UTF-8"?>
<testsuites tests="3" failures="0" errors="0" skipped="0">
  <testsuite timestamp="2025-08-14T22:04:07" time="157.655" tests="3" failures="0" errors="0" skipped="0">
    <properties>
      <property name="specId" value="0"/>
      <property name="suiteName" value="Sanity Tests"/>
      <property name="capabilities" value="chrome.138_0_7204_184.windows"/>
      <property name="file" value="file:///D:/a/1/s/test/specs/General/sanity.spec.js"/>
    </properties>
    <testcase classname="chrome.138_0_7204_184.windows.Sanity_Tests" name="Should open Funding Asset page" time="33.277">
      <system-out><![CDATA[
COMMAND: POST /session/a2cbb0ae037dbf32cc605adf945a1d6a/execute/async - {"script":"<script> [21 bytes]","args":[{"selector":{"controlType":"sap.m.GenericTile","properties":{"header":"Funding Asset"}},"wdio_ui5_key":"sapm.GenericTile{\"header\":\"Funding Asset\"}"}]}
RESULT: {"script":"<script> [21 bytes]","args":[{"selector":{"controlType":"sap.m.GenericTile","properties":{"header":"Funding Asset"}},"wdio_ui5_key":"sapm.GenericTile{\"header\":\"Funding Asset\"}"}]}
RESULT: undefined
COMMAND: POST /session/a2cbb0ae037dbf32cc605adf945a1d6a/element - {"using":"xpath","value":"//*[@id=\"__tile53\"]"}
RESULT: {"using":"xpath","value":"//*[@id=\"__tile53\"]"}
COMMAND: POST /session/a2cbb0ae037dbf32cc605adf945a1d6a/element/f.D0195B6D19436701F2DAA8C6A0E8C05C.d.1B86929D72B23331ABD31F0586ACCEDD.e.79/click - {}
RESULT: {}
COMMAND: GET /session/a2cbb0ae037dbf32cc605adf945a1d6a/screenshot - {}
RESULT: {}
RESULT: undefined
COMMAND: POST /session/a2cbb0ae037dbf32cc605adf945a1d6a/element - {"using":"xpath","value":"//*[@id=\"__tile53\"]"}
RESULT: {"using":"xpath","value":"//*[@id=\"__tile53\"]"}
COMMAND: POST /session/a2cbb0ae037dbf32cc605adf945a1d6a/element/f.D0195B6D19436701F2DAA8C6A0E8C05C.d.1B86929D72B23331ABD31F0586ACCEDD.e.117/click - {}
RESULT: undefined
COMMAND: POST /session/a2cbb0ae037dbf32cc605adf945a1d6a/element - {"using":"xpath","value":"//*[@id=\"__tile53\"]"}
RESULT: {"using":"xpath","value":"//*[@id=\"__tile53\"]"}
COMMAND: POST /session/a2cbb0ae037dbf32cc605adf945a1d6a/element/f.D0195B6D19436701F2DAA8C6A0E8C05C.d.1B86929D72B23331ABD31F0586ACCEDD.e.117/click - {}
COMMAND: POST /session/a2cbb0ae037dbf32cc605adf945a1d6a/execute/async - {"script":"<script> [21 bytes]","args":[{"selector":{"id":"shellAppTitle"},"wdio_ui5_key":"shellAppTitle"}]}
RESULT: {"script":"<script> [21 bytes]","args":[{"selector":{"id":"shellAppTitle"},"wdio_ui5_key":"shellAppTitle"}]}
RESULT: undefined
COMMAND: POST /session/a2cbb0ae037dbf32cc605adf945a1d6a/execute/async - {"script":"<script> [21 bytes]","args":[{"element-6066-11e4-a52e-4f735466cecf":"f.D0195B6D19436701F2DAA8C6A0E8C05C.d.1B86929D72B23331ABD31F0586ACCEDD.e.191"},"getTitle",[]]}
RESULT: {"script":"<script> [21 bytes]","args":[{"element-6066-11e4-a52e-4f735466cecf":"f.D0195B6D19436701F2DAA8C6A0E8C05C.d.1B86929D72B23331ABD31F0586ACCEDD.e.191"},"getTitle",[]]}
COMMAND: POST /session/a2cbb0ae037dbf32cc605adf945a1d6a/execute/async - {"script":"<script> [21 bytes]","args":[{"selector":{"id":"backBtn"},"wdio_ui5_key":"backBtn"}]}
RESULT: {"script":"<script> [21 bytes]","args":[{"selector":{"id":"backBtn"},"wdio_ui5_key":"backBtn"}]}
RESULT: undefined
COMMAND: POST /session/a2cbb0ae037dbf32cc605adf945a1d6a/element - {"using":"xpath","value":"//*[@id=\"backBtn\"]"}
RESULT: {"using":"xpath","value":"//*[@id=\"backBtn\"]"}
COMMAND: POST /session/a2cbb0ae037dbf32cc605adf945a1d6a/element/f.D0195B6D19436701F2DAA8C6A0E8C05C.d.1B86929D72B23331ABD31F0586ACCEDD.e.192/click - {}
RESULT: {}
COMMAND: GET /session/a2cbb0ae037dbf32cc605adf945a1d6a/screenshot - {}
RESULT: {}
COMMAND: GET /session/a2cbb0ae037dbf32cc605adf945a1d6a/screenshot - {}
]]></system-out>
    </testcase>
    <testcase classname="chrome.138_0_7204_184.windows.Sanity_Tests" name="Should open Funding Debtor page" time="28.789">
      <system-out><![CDATA[
COMMAND: POST /session/a2cbb0ae037dbf32cc605adf945a1d6a/execute/async - {"script":"<script> [21 bytes]","args":[{"selector":{"controlType":"sap.m.GenericTile","properties":{"header":"Funding Debtor"}},"wdio_ui5_key":"sapm.GenericTile{\"header\":\"Funding Debtor\"}"}]}
RESULT: {}
RESULT: {"script":"<script> [21 bytes]","args":[{"selector":{"controlType":"sap.m.GenericTile","properties":{"header":"Funding Debtor"}},"wdio_ui5_key":"sapm.GenericTile{\"header\":\"Funding Debtor\"}"}]}
RESULT: undefined
COMMAND: POST /session/a2cbb0ae037dbf32cc605adf945a1d6a/element - {"using":"xpath","value":"//*[@id=\"__tile54\"]"}
RESULT: {"using":"xpath","value":"//*[@id=\"__tile54\"]"}
COMMAND: POST /session/a2cbb0ae037dbf32cc605adf945a1d6a/element/f.D0195B6D19436701F2DAA8C6A0E8C05C.d.1B86929D72B23331ABD31F0586ACCEDD.e.196/click - {}
RESULT: {}
COMMAND: GET /session/a2cbb0ae037dbf32cc605adf945a1d6a/screenshot - {}
RESULT: {}
RESULT: undefined
COMMAND: POST /session/a2cbb0ae037dbf32cc605adf945a1d6a/element - {"using":"xpath","value":"//*[@id=\"__tile54\"]"}
RESULT: {"using":"xpath","value":"//*[@id=\"__tile54\"]"}
COMMAND: POST /session/a2cbb0ae037dbf32cc605adf945a1d6a/element/f.D0195B6D19436701F2DAA8C6A0E8C05C.d.1B86929D72B23331ABD31F0586ACCEDD.e.296/click - {}
RESULT: undefined
COMMAND: POST /session/a2cbb0ae037dbf32cc605adf945a1d6a/element - {"using":"xpath","value":"//*[@id=\"__tile54\"]"}
RESULT: {"using":"xpath","value":"//*[@id=\"__tile54\"]"}
COMMAND: POST /session/a2cbb0ae037dbf32cc605adf945a1d6a/element/f.D0195B6D19436701F2DAA8C6A0E8C05C.d.1B86929D72B23331ABD31F0586ACCEDD.e.296/click - {}
RESULT: undefined
COMMAND: POST /session/a2cbb0ae037dbf32cc605adf945a1d6a/execute/async - {"script":"<script> [21 bytes]","args":[{"element-6066-11e4-a52e-4f735466cecf":"f.D0195B6D19436701F2DAA8C6A0E8C05C.d.1B86929D72B23331ABD31F0586ACCEDD.e.191"},"getTitle",[]]}
RESULT: {"script":"<script> [21 bytes]","args":[{"element-6066-11e4-a52e-4f735466cecf":"f.D0195B6D19436701F2DAA8C6A0E8C05C.d.1B86929D72B23331ABD31F0586ACCEDD.e.191"},"getTitle",[]]}
RESULT: undefined
COMMAND: POST /session/a2cbb0ae037dbf32cc605adf945a1d6a/element/f.D0195B6D19436701F2DAA8C6A0E8C05C.d.1B86929D72B23331ABD31F0586ACCEDD.e.192/click - {}
RESULT: {}
COMMAND: GET /session/a2cbb0ae037dbf32cc605adf945a1d6a/screenshot - {}
RESULT: {}
COMMAND: GET /session/a2cbb0ae037dbf32cc605adf945a1d6a/screenshot - {}
]]></system-out>
    </testcase>
    <testcase classname="chrome.138_0_7204_184.windows.Sanity_Tests" name="Should open Asset Warehouse page" time="28.165">
      <system-out><![CDATA[
COMMAND: POST /session/a2cbb0ae037dbf32cc605adf945a1d6a/execute/async - {"script":"<script> [21 bytes]","args":[{"selector":{"controlType":"sap.m.GenericTile","properties":{"header":"Asset Warehouse"}},"wdio_ui5_key":"sapm.GenericTile{\"header\":\"Asset Warehouse\"}"}]}
RESULT: {}
RESULT: {"script":"<script> [21 bytes]","args":[{"selector":{"controlType":"sap.m.GenericTile","properties":{"header":"Asset Warehouse"}},"wdio_ui5_key":"sapm.GenericTile{\"header\":\"Asset Warehouse\"}"}]}
RESULT: undefined
COMMAND: POST /session/a2cbb0ae037dbf32cc605adf945a1d6a/element - {"using":"xpath","value":"//*[@id=\"__tile55\"]"}
RESULT: {"using":"xpath","value":"//*[@id=\"__tile55\"]"}
COMMAND: POST /session/a2cbb0ae037dbf32cc605adf945a1d6a/element/f.D0195B6D19436701F2DAA8C6A0E8C05C.d.1B86929D72B23331ABD31F0586ACCEDD.e.351/click - {}
RESULT: {}
COMMAND: GET /session/a2cbb0ae037dbf32cc605adf945a1d6a/screenshot - {}
RESULT: {}
RESULT: undefined
COMMAND: POST /session/a2cbb0ae037dbf32cc605adf945a1d6a/element - {"using":"xpath","value":"//*[@id=\"__tile55\"]"}
RESULT: {"using":"xpath","value":"//*[@id=\"__tile55\"]"}
COMMAND: POST /session/a2cbb0ae037dbf32cc605adf945a1d6a/element/f.D0195B6D19436701F2DAA8C6A0E8C05C.d.1B86929D72B23331ABD31F0586ACCEDD.e.494/click - {}
RESULT: undefined
COMMAND: POST /session/a2cbb0ae037dbf32cc605adf945a1d6a/element - {"using":"xpath","value":"//*[@id=\"__tile55\"]"}
RESULT: {"using":"xpath","value":"//*[@id=\"__tile55\"]"}
COMMAND: POST /session/a2cbb0ae037dbf32cc605adf945a1d6a/element/f.D0195B6D19436701F2DAA8C6A0E8C05C.d.1B86929D72B23331ABD31F0586ACCEDD.e.494/click - {}
RESULT: undefined
COMMAND: POST /session/a2cbb0ae037dbf32cc605adf945a1d6a/execute/async - {"script":"<script> [21 bytes]","args":[{"element-6066-11e4-a52e-4f735466cecf":"f.D0195B6D19436701F2DAA8C6A0E8C05C.d.1B86929D72B23331ABD31F0586ACCEDD.e.191"},"getTitle",[]]}
RESULT: {"script":"<script> [21 bytes]","args":[{"element-6066-11e4-a52e-4f735466cecf":"f.D0195B6D19436701F2DAA8C6A0E8C05C.d.1B86929D72B23331ABD31F0586ACCEDD.e.191"},"getTitle",[]]}
RESULT: undefined
COMMAND: POST /session/a2cbb0ae037dbf32cc605adf945a1d6a/element/f.D0195B6D19436701F2DAA8C6A0E8C05C.d.1B86929D72B23331ABD31F0586ACCEDD.e.192/click - {}
COMMAND: POST /session/a2cbb0ae037dbf32cc605adf945a1d6a/element - {"using":"xpath","value":"//*[@id=\"backBtn\"]"}
RESULT: {"using":"xpath","value":"//*[@id=\"backBtn\"]"}
COMMAND: POST /session/a2cbb0ae037dbf32cc605adf945a1d6a/element/f.D0195B6D19436701F2DAA8C6A0E8C05C.d.1B86929D72B23331ABD31F0586ACCEDD.e.192/click - {}
COMMAND: POST /session/a2cbb0ae037dbf32cc605adf945a1d6a/element - {"using":"xpath","value":"//*[@id=\"backBtn\"]"}
RESULT: {"using":"xpath","value":"//*[@id=\"backBtn\"]"}
COMMAND: POST /session/a2cbb0ae037dbf32cc605adf945a1d6a/element/f.D0195B6D19436701F2DAA8C6A0E8C05C.d.1B86929D72B23331ABD31F0586ACCEDD.e.507/click - {}
RESULT: {}
COMMAND: GET /session/a2cbb0ae037dbf32cc605adf945a1d6a/screenshot - {}
RESULT: {}
COMMAND: GET /session/a2cbb0ae037dbf32cc605adf945a1d6a/screenshot - {}
COMMAND: DELETE /session/a2cbb0ae037dbf32cc605adf945a1d6a - {}
RESULT: {}
RESULT: {}
]]></system-out>
    </testcase>
  </testsuite>
</testsuites>