<?xml version="1.0" encoding="UTF-8"?>
<testsuites tests="3" failures="0" errors="0" skipped="0">
  <testsuite timestamp="2025-10-01T22:03:45" time="132.827" tests="3" failures="0" errors="0" skipped="0">
    <properties>
      <property name="specId" value="0"/>
      <property name="suiteName" value="Sanity Tests"/>
      <property name="capabilities" value="chrome.140_0_7339_186.windows"/>
      <property name="file" value="file:///D:/a/1/s/test/specs/General/sanity.spec.js"/>
    </properties>
    <testcase classname="chrome.140_0_7339_186.windows.Sanity_Tests" name="Should open Funding Asset page" time="28.878">
      <system-out><![CDATA[
COMMAND: POST /session/5e435d16f86e8cf0abe1fbbd02b0f6b4/execute/async - {"script":"<script> [21 bytes]","args":[{"selector":{"controlType":"sap.m.GenericTile","properties":{"header":"Funding Asset"}},"wdio_ui5_key":"sapm.GenericTile{\"header\":\"Funding Asset\"}"}]}
RESULT: {"script":"<script> [21 bytes]","args":[{"selector":{"controlType":"sap.m.GenericTile","properties":{"header":"Funding Asset"}},"wdio_ui5_key":"sapm.GenericTile{\"header\":\"Funding Asset\"}"}]}
RESULT: undefined
COMMAND: POST /session/5e435d16f86e8cf0abe1fbbd02b0f6b4/element - {"using":"xpath","value":"//*[@id=\"__tile53\"]"}
RESULT: {"using":"xpath","value":"//*[@id=\"__tile53\"]"}
COMMAND: POST /session/5e435d16f86e8cf0abe1fbbd02b0f6b4/element/f.9915187B3D36C1875E28CF61FF0DA8FA.d.2B7D7034CFF77BF5620FD4BF5C243110.e.71/click - {}
RESULT: {}
COMMAND: GET /session/5e435d16f86e8cf0abe1fbbd02b0f6b4/screenshot - {}
RESULT: {}
RESULT: undefined
COMMAND: POST /session/5e435d16f86e8cf0abe1fbbd02b0f6b4/element - {"using":"xpath","value":"//*[@id=\"__tile53\"]"}
RESULT: {"using":"xpath","value":"//*[@id=\"__tile53\"]"}
COMMAND: POST /session/5e435d16f86e8cf0abe1fbbd02b0f6b4/element/f.9915187B3D36C1875E28CF61FF0DA8FA.d.2B7D7034CFF77BF5620FD4BF5C243110.e.181/click - {}
RESULT: undefined
COMMAND: POST /session/5e435d16f86e8cf0abe1fbbd02b0f6b4/element - {"using":"xpath","value":"//*[@id=\"__tile53\"]"}
RESULT: {"using":"xpath","value":"//*[@id=\"__tile53\"]"}
COMMAND: POST /session/5e435d16f86e8cf0abe1fbbd02b0f6b4/element/f.9915187B3D36C1875E28CF61FF0DA8FA.d.2B7D7034CFF77BF5620FD4BF5C243110.e.181/click - {}
COMMAND: POST /session/5e435d16f86e8cf0abe1fbbd02b0f6b4/execute/async - {"script":"<script> [21 bytes]","args":[{"selector":{"id":"shellAppTitle"},"wdio_ui5_key":"shellAppTitle"}]}
RESULT: {"script":"<script> [21 bytes]","args":[{"selector":{"id":"shellAppTitle"},"wdio_ui5_key":"shellAppTitle"}]}
RESULT: undefined
COMMAND: POST /session/5e435d16f86e8cf0abe1fbbd02b0f6b4/execute/async - {"script":"<script> [21 bytes]","args":[{"element-6066-11e4-a52e-4f735466cecf":"f.9915187B3D36C1875E28CF61FF0DA8FA.d.2B7D7034CFF77BF5620FD4BF5C243110.e.184"},"getTitle",[]]}
RESULT: {"script":"<script> [21 bytes]","args":[{"element-6066-11e4-a52e-4f735466cecf":"f.9915187B3D36C1875E28CF61FF0DA8FA.d.2B7D7034CFF77BF5620FD4BF5C243110.e.184"},"getTitle",[]]}
COMMAND: POST /session/5e435d16f86e8cf0abe1fbbd02b0f6b4/execute/async - {"script":"<script> [21 bytes]","args":[{"selector":{"id":"backBtn"},"wdio_ui5_key":"backBtn"}]}
RESULT: {"script":"<script> [21 bytes]","args":[{"selector":{"id":"backBtn"},"wdio_ui5_key":"backBtn"}]}
RESULT: undefined
COMMAND: POST /session/5e435d16f86e8cf0abe1fbbd02b0f6b4/element - {"using":"xpath","value":"//*[@id=\"backBtn\"]"}
RESULT: {"using":"xpath","value":"//*[@id=\"backBtn\"]"}
COMMAND: POST /session/5e435d16f86e8cf0abe1fbbd02b0f6b4/element/f.9915187B3D36C1875E28CF61FF0DA8FA.d.2B7D7034CFF77BF5620FD4BF5C243110.e.185/click - {}
RESULT: {}
COMMAND: GET /session/5e435d16f86e8cf0abe1fbbd02b0f6b4/screenshot - {}
RESULT: {}
COMMAND: GET /session/5e435d16f86e8cf0abe1fbbd02b0f6b4/screenshot - {}
]]></system-out>
    </testcase>
    <testcase classname="chrome.140_0_7339_186.windows.Sanity_Tests" name="Should open Funding Debtor page" time="25.69">
      <system-out><![CDATA[
COMMAND: POST /session/5e435d16f86e8cf0abe1fbbd02b0f6b4/execute/async - {"script":"<script> [21 bytes]","args":[{"selector":{"controlType":"sap.m.GenericTile","properties":{"header":"Funding Debtor"}},"wdio_ui5_key":"sapm.GenericTile{\"header\":\"Funding Debtor\"}"}]}
RESULT: {}
RESULT: {"script":"<script> [21 bytes]","args":[{"selector":{"controlType":"sap.m.GenericTile","properties":{"header":"Funding Debtor"}},"wdio_ui5_key":"sapm.GenericTile{\"header\":\"Funding Debtor\"}"}]}
RESULT: undefined
COMMAND: POST /session/5e435d16f86e8cf0abe1fbbd02b0f6b4/element - {"using":"xpath","value":"//*[@id=\"__tile54\"]"}
RESULT: {"using":"xpath","value":"//*[@id=\"__tile54\"]"}
COMMAND: POST /session/5e435d16f86e8cf0abe1fbbd02b0f6b4/element/f.9915187B3D36C1875E28CF61FF0DA8FA.d.2B7D7034CFF77BF5620FD4BF5C243110.e.189/click - {}
RESULT: {}
COMMAND: GET /session/5e435d16f86e8cf0abe1fbbd02b0f6b4/screenshot - {}
RESULT: {}
RESULT: undefined
COMMAND: POST /session/5e435d16f86e8cf0abe1fbbd02b0f6b4/element - {"using":"xpath","value":"//*[@id=\"__tile54\"]"}
RESULT: {"using":"xpath","value":"//*[@id=\"__tile54\"]"}
COMMAND: POST /session/5e435d16f86e8cf0abe1fbbd02b0f6b4/element/f.9915187B3D36C1875E28CF61FF0DA8FA.d.2B7D7034CFF77BF5620FD4BF5C243110.e.277/click - {}
RESULT: undefined
COMMAND: POST /session/5e435d16f86e8cf0abe1fbbd02b0f6b4/element - {"using":"xpath","value":"//*[@id=\"__tile54\"]"}
RESULT: {"using":"xpath","value":"//*[@id=\"__tile54\"]"}
COMMAND: POST /session/5e435d16f86e8cf0abe1fbbd02b0f6b4/element/f.9915187B3D36C1875E28CF61FF0DA8FA.d.2B7D7034CFF77BF5620FD4BF5C243110.e.277/click - {}
RESULT: undefined
COMMAND: POST /session/5e435d16f86e8cf0abe1fbbd02b0f6b4/execute/async - {"script":"<script> [21 bytes]","args":[{"element-6066-11e4-a52e-4f735466cecf":"f.9915187B3D36C1875E28CF61FF0DA8FA.d.2B7D7034CFF77BF5620FD4BF5C243110.e.184"},"getTitle",[]]}
RESULT: {"script":"<script> [21 bytes]","args":[{"element-6066-11e4-a52e-4f735466cecf":"f.9915187B3D36C1875E28CF61FF0DA8FA.d.2B7D7034CFF77BF5620FD4BF5C243110.e.184"},"getTitle",[]]}
RESULT: undefined
COMMAND: POST /session/5e435d16f86e8cf0abe1fbbd02b0f6b4/element/f.9915187B3D36C1875E28CF61FF0DA8FA.d.2B7D7034CFF77BF5620FD4BF5C243110.e.185/click - {}
RESULT: {}
COMMAND: GET /session/5e435d16f86e8cf0abe1fbbd02b0f6b4/screenshot - {}
RESULT: {}
COMMAND: GET /session/5e435d16f86e8cf0abe1fbbd02b0f6b4/screenshot - {}
]]></system-out>
    </testcase>
    <testcase classname="chrome.140_0_7339_186.windows.Sanity_Tests" name="Should open Asset Warehouse page" time="26.607">
      <system-out><![CDATA[
COMMAND: POST /session/5e435d16f86e8cf0abe1fbbd02b0f6b4/execute/async - {"script":"<script> [21 bytes]","args":[{"selector":{"controlType":"sap.m.GenericTile","properties":{"header":"Asset Warehouse"}},"wdio_ui5_key":"sapm.GenericTile{\"header\":\"Asset Warehouse\"}"}]}
RESULT: {}
RESULT: {"script":"<script> [21 bytes]","args":[{"selector":{"controlType":"sap.m.GenericTile","properties":{"header":"Asset Warehouse"}},"wdio_ui5_key":"sapm.GenericTile{\"header\":\"Asset Warehouse\"}"}]}
RESULT: undefined
COMMAND: POST /session/5e435d16f86e8cf0abe1fbbd02b0f6b4/element - {"using":"xpath","value":"//*[@id=\"__tile55\"]"}
RESULT: {"using":"xpath","value":"//*[@id=\"__tile55\"]"}
COMMAND: POST /session/5e435d16f86e8cf0abe1fbbd02b0f6b4/element/f.9915187B3D36C1875E28CF61FF0DA8FA.d.2B7D7034CFF77BF5620FD4BF5C243110.e.283/click - {}
RESULT: {}
COMMAND: GET /session/5e435d16f86e8cf0abe1fbbd02b0f6b4/screenshot - {}
RESULT: {}
RESULT: undefined
COMMAND: POST /session/5e435d16f86e8cf0abe1fbbd02b0f6b4/element - {"using":"xpath","value":"//*[@id=\"__tile55\"]"}
RESULT: {"using":"xpath","value":"//*[@id=\"__tile55\"]"}
COMMAND: POST /session/5e435d16f86e8cf0abe1fbbd02b0f6b4/element/f.9915187B3D36C1875E28CF61FF0DA8FA.d.2B7D7034CFF77BF5620FD4BF5C243110.e.396/click - {}
RESULT: undefined
COMMAND: POST /session/5e435d16f86e8cf0abe1fbbd02b0f6b4/element - {"using":"xpath","value":"//*[@id=\"__tile55\"]"}
RESULT: {"using":"xpath","value":"//*[@id=\"__tile55\"]"}
COMMAND: POST /session/5e435d16f86e8cf0abe1fbbd02b0f6b4/element/f.9915187B3D36C1875E28CF61FF0DA8FA.d.2B7D7034CFF77BF5620FD4BF5C243110.e.396/click - {}
RESULT: undefined
COMMAND: POST /session/5e435d16f86e8cf0abe1fbbd02b0f6b4/execute/async - {"script":"<script> [21 bytes]","args":[{"element-6066-11e4-a52e-4f735466cecf":"f.9915187B3D36C1875E28CF61FF0DA8FA.d.2B7D7034CFF77BF5620FD4BF5C243110.e.184"},"getTitle",[]]}
RESULT: {"script":"<script> [21 bytes]","args":[{"element-6066-11e4-a52e-4f735466cecf":"f.9915187B3D36C1875E28CF61FF0DA8FA.d.2B7D7034CFF77BF5620FD4BF5C243110.e.184"},"getTitle",[]]}
RESULT: undefined
COMMAND: POST /session/5e435d16f86e8cf0abe1fbbd02b0f6b4/element/f.9915187B3D36C1875E28CF61FF0DA8FA.d.2B7D7034CFF77BF5620FD4BF5C243110.e.185/click - {}
COMMAND: POST /session/5e435d16f86e8cf0abe1fbbd02b0f6b4/element - {"using":"xpath","value":"//*[@id=\"backBtn\"]"}
RESULT: {"using":"xpath","value":"//*[@id=\"backBtn\"]"}
COMMAND: POST /session/5e435d16f86e8cf0abe1fbbd02b0f6b4/element/f.9915187B3D36C1875E28CF61FF0DA8FA.d.2B7D7034CFF77BF5620FD4BF5C243110.e.185/click - {}
COMMAND: POST /session/5e435d16f86e8cf0abe1fbbd02b0f6b4/element - {"using":"xpath","value":"//*[@id=\"backBtn\"]"}
RESULT: {"using":"xpath","value":"//*[@id=\"backBtn\"]"}
COMMAND: POST /session/5e435d16f86e8cf0abe1fbbd02b0f6b4/element/f.9915187B3D36C1875E28CF61FF0DA8FA.d.2B7D7034CFF77BF5620FD4BF5C243110.e.403/click - {}
RESULT: {}
COMMAND: GET /session/5e435d16f86e8cf0abe1fbbd02b0f6b4/screenshot - {}
RESULT: {}
COMMAND: GET /session/5e435d16f86e8cf0abe1fbbd02b0f6b4/screenshot - {}
COMMAND: DELETE /session/5e435d16f86e8cf0abe1fbbd02b0f6b4 - {}
RESULT: {}
RESULT: {}
]]></system-out>
    </testcase>
  </testsuite>
</testsuites>