<?xml version="1.0" encoding="UTF-8"?>
<testsuites tests="3" failures="0" errors="0" skipped="0">
  <testsuite timestamp="2025-08-05T22:04:13" time="146.423" tests="3" failures="0" errors="0" skipped="0">
    <properties>
      <property name="specId" value="0"/>
      <property name="suiteName" value="Sanity Tests"/>
      <property name="capabilities" value="chrome.138_0_7204_169.windows"/>
      <property name="file" value="file:///D:/a/1/s/test/specs/General/sanity.spec.js"/>
    </properties>
    <testcase classname="chrome.138_0_7204_169.windows.Sanity_Tests" name="Should open Funding Asset page" time="30.37">
      <system-out><![CDATA[
COMMAND: POST /session/da282528c9a71f89062efcb5a5fd14a6/execute/async - {"script":"<script> [21 bytes]","args":[{"selector":{"controlType":"sap.m.GenericTile","properties":{"header":"Funding Asset"}},"wdio_ui5_key":"sapm.GenericTile{\"header\":\"Funding Asset\"}"}]}
RESULT: {"script":"<script> [21 bytes]","args":[{"selector":{"controlType":"sap.m.GenericTile","properties":{"header":"Funding Asset"}},"wdio_ui5_key":"sapm.GenericTile{\"header\":\"Funding Asset\"}"}]}
RESULT: undefined
COMMAND: POST /session/da282528c9a71f89062efcb5a5fd14a6/element - {"using":"xpath","value":"//*[@id=\"__tile53\"]"}
RESULT: {"using":"xpath","value":"//*[@id=\"__tile53\"]"}
COMMAND: POST /session/da282528c9a71f89062efcb5a5fd14a6/element/f.67D4DAA2111BE158459CFCFF77127AE0.d.DAF62E716C7D0433AC73870A27713F45.e.77/click - {}
RESULT: {}
COMMAND: GET /session/da282528c9a71f89062efcb5a5fd14a6/screenshot - {}
RESULT: {}
RESULT: undefined
COMMAND: POST /session/da282528c9a71f89062efcb5a5fd14a6/element - {"using":"xpath","value":"//*[@id=\"__tile53\"]"}
RESULT: {"using":"xpath","value":"//*[@id=\"__tile53\"]"}
COMMAND: POST /session/da282528c9a71f89062efcb5a5fd14a6/element/f.67D4DAA2111BE158459CFCFF77127AE0.d.DAF62E716C7D0433AC73870A27713F45.e.188/click - {}
RESULT: undefined
COMMAND: POST /session/da282528c9a71f89062efcb5a5fd14a6/element - {"using":"xpath","value":"//*[@id=\"__tile53\"]"}
RESULT: {"using":"xpath","value":"//*[@id=\"__tile53\"]"}
COMMAND: POST /session/da282528c9a71f89062efcb5a5fd14a6/element/f.67D4DAA2111BE158459CFCFF77127AE0.d.DAF62E716C7D0433AC73870A27713F45.e.188/click - {}
COMMAND: POST /session/da282528c9a71f89062efcb5a5fd14a6/execute/async - {"script":"<script> [21 bytes]","args":[{"selector":{"id":"shellAppTitle"},"wdio_ui5_key":"shellAppTitle"}]}
RESULT: {"script":"<script> [21 bytes]","args":[{"selector":{"id":"shellAppTitle"},"wdio_ui5_key":"shellAppTitle"}]}
RESULT: undefined
COMMAND: POST /session/da282528c9a71f89062efcb5a5fd14a6/execute/async - {"script":"<script> [21 bytes]","args":[{"element-6066-11e4-a52e-4f735466cecf":"f.67D4DAA2111BE158459CFCFF77127AE0.d.DAF62E716C7D0433AC73870A27713F45.e.189"},"getTitle",[]]}
RESULT: {"script":"<script> [21 bytes]","args":[{"element-6066-11e4-a52e-4f735466cecf":"f.67D4DAA2111BE158459CFCFF77127AE0.d.DAF62E716C7D0433AC73870A27713F45.e.189"},"getTitle",[]]}
COMMAND: POST /session/da282528c9a71f89062efcb5a5fd14a6/execute/async - {"script":"<script> [21 bytes]","args":[{"selector":{"id":"backBtn"},"wdio_ui5_key":"backBtn"}]}
RESULT: {"script":"<script> [21 bytes]","args":[{"selector":{"id":"backBtn"},"wdio_ui5_key":"backBtn"}]}
RESULT: undefined
COMMAND: POST /session/da282528c9a71f89062efcb5a5fd14a6/element - {"using":"xpath","value":"//*[@id=\"backBtn\"]"}
RESULT: {"using":"xpath","value":"//*[@id=\"backBtn\"]"}
COMMAND: POST /session/da282528c9a71f89062efcb5a5fd14a6/element/f.67D4DAA2111BE158459CFCFF77127AE0.d.DAF62E716C7D0433AC73870A27713F45.e.190/click - {}
RESULT: {}
COMMAND: GET /session/da282528c9a71f89062efcb5a5fd14a6/screenshot - {}
RESULT: {}
COMMAND: GET /session/da282528c9a71f89062efcb5a5fd14a6/screenshot - {}
]]></system-out>
    </testcase>
    <testcase classname="chrome.138_0_7204_169.windows.Sanity_Tests" name="Should open Funding Debtor page" time="28.536">
      <system-out><![CDATA[
COMMAND: POST /session/da282528c9a71f89062efcb5a5fd14a6/execute/async - {"script":"<script> [21 bytes]","args":[{"selector":{"controlType":"sap.m.GenericTile","properties":{"header":"Funding Debtor"}},"wdio_ui5_key":"sapm.GenericTile{\"header\":\"Funding Debtor\"}"}]}
RESULT: {}
RESULT: {"script":"<script> [21 bytes]","args":[{"selector":{"controlType":"sap.m.GenericTile","properties":{"header":"Funding Debtor"}},"wdio_ui5_key":"sapm.GenericTile{\"header\":\"Funding Debtor\"}"}]}
RESULT: undefined
COMMAND: POST /session/da282528c9a71f89062efcb5a5fd14a6/element - {"using":"xpath","value":"//*[@id=\"__tile54\"]"}
RESULT: {"using":"xpath","value":"//*[@id=\"__tile54\"]"}
COMMAND: POST /session/da282528c9a71f89062efcb5a5fd14a6/element/f.67D4DAA2111BE158459CFCFF77127AE0.d.DAF62E716C7D0433AC73870A27713F45.e.194/click - {}
RESULT: {}
COMMAND: GET /session/da282528c9a71f89062efcb5a5fd14a6/screenshot - {}
RESULT: {}
RESULT: undefined
COMMAND: POST /session/da282528c9a71f89062efcb5a5fd14a6/element - {"using":"xpath","value":"//*[@id=\"__tile54\"]"}
RESULT: {"using":"xpath","value":"//*[@id=\"__tile54\"]"}
COMMAND: POST /session/da282528c9a71f89062efcb5a5fd14a6/element/f.67D4DAA2111BE158459CFCFF77127AE0.d.DAF62E716C7D0433AC73870A27713F45.e.309/click - {}
RESULT: undefined
COMMAND: POST /session/da282528c9a71f89062efcb5a5fd14a6/element - {"using":"xpath","value":"//*[@id=\"__tile54\"]"}
RESULT: {"using":"xpath","value":"//*[@id=\"__tile54\"]"}
COMMAND: POST /session/da282528c9a71f89062efcb5a5fd14a6/element/f.67D4DAA2111BE158459CFCFF77127AE0.d.DAF62E716C7D0433AC73870A27713F45.e.309/click - {}
RESULT: undefined
COMMAND: POST /session/da282528c9a71f89062efcb5a5fd14a6/execute/async - {"script":"<script> [21 bytes]","args":[{"element-6066-11e4-a52e-4f735466cecf":"f.67D4DAA2111BE158459CFCFF77127AE0.d.DAF62E716C7D0433AC73870A27713F45.e.189"},"getTitle",[]]}
RESULT: {"script":"<script> [21 bytes]","args":[{"element-6066-11e4-a52e-4f735466cecf":"f.67D4DAA2111BE158459CFCFF77127AE0.d.DAF62E716C7D0433AC73870A27713F45.e.189"},"getTitle",[]]}
RESULT: undefined
COMMAND: POST /session/da282528c9a71f89062efcb5a5fd14a6/element/f.67D4DAA2111BE158459CFCFF77127AE0.d.DAF62E716C7D0433AC73870A27713F45.e.190/click - {}
RESULT: {}
COMMAND: GET /session/da282528c9a71f89062efcb5a5fd14a6/screenshot - {}
RESULT: {}
COMMAND: GET /session/da282528c9a71f89062efcb5a5fd14a6/screenshot - {}
]]></system-out>
    </testcase>
    <testcase classname="chrome.138_0_7204_169.windows.Sanity_Tests" name="Should open Asset Warehouse page" time="32.304">
      <system-out><![CDATA[
COMMAND: POST /session/da282528c9a71f89062efcb5a5fd14a6/execute/async - {"script":"<script> [21 bytes]","args":[{"selector":{"controlType":"sap.m.GenericTile","properties":{"header":"Asset Warehouse"}},"wdio_ui5_key":"sapm.GenericTile{\"header\":\"Asset Warehouse\"}"}]}
RESULT: {}
RESULT: {"script":"<script> [21 bytes]","args":[{"selector":{"controlType":"sap.m.GenericTile","properties":{"header":"Asset Warehouse"}},"wdio_ui5_key":"sapm.GenericTile{\"header\":\"Asset Warehouse\"}"}]}
RESULT: undefined
COMMAND: POST /session/da282528c9a71f89062efcb5a5fd14a6/element - {"using":"xpath","value":"//*[@id=\"__tile55\"]"}
RESULT: {"using":"xpath","value":"//*[@id=\"__tile55\"]"}
COMMAND: POST /session/da282528c9a71f89062efcb5a5fd14a6/element/f.67D4DAA2111BE158459CFCFF77127AE0.d.DAF62E716C7D0433AC73870A27713F45.e.365/click - {}
RESULT: {}
COMMAND: GET /session/da282528c9a71f89062efcb5a5fd14a6/screenshot - {}
RESULT: {}
RESULT: undefined
COMMAND: POST /session/da282528c9a71f89062efcb5a5fd14a6/element - {"using":"xpath","value":"//*[@id=\"__tile55\"]"}
RESULT: {"using":"xpath","value":"//*[@id=\"__tile55\"]"}
COMMAND: POST /session/da282528c9a71f89062efcb5a5fd14a6/element/f.67D4DAA2111BE158459CFCFF77127AE0.d.DAF62E716C7D0433AC73870A27713F45.e.455/click - {}
RESULT: undefined
COMMAND: POST /session/da282528c9a71f89062efcb5a5fd14a6/element - {"using":"xpath","value":"//*[@id=\"__tile55\"]"}
RESULT: {"using":"xpath","value":"//*[@id=\"__tile55\"]"}
COMMAND: POST /session/da282528c9a71f89062efcb5a5fd14a6/element/f.67D4DAA2111BE158459CFCFF77127AE0.d.DAF62E716C7D0433AC73870A27713F45.e.455/click - {}
RESULT: undefined
COMMAND: POST /session/da282528c9a71f89062efcb5a5fd14a6/execute/async - {"script":"<script> [21 bytes]","args":[{"element-6066-11e4-a52e-4f735466cecf":"f.67D4DAA2111BE158459CFCFF77127AE0.d.DAF62E716C7D0433AC73870A27713F45.e.189"},"getTitle",[]]}
RESULT: {"script":"<script> [21 bytes]","args":[{"element-6066-11e4-a52e-4f735466cecf":"f.67D4DAA2111BE158459CFCFF77127AE0.d.DAF62E716C7D0433AC73870A27713F45.e.189"},"getTitle",[]]}
RESULT: undefined
COMMAND: POST /session/da282528c9a71f89062efcb5a5fd14a6/element/f.67D4DAA2111BE158459CFCFF77127AE0.d.DAF62E716C7D0433AC73870A27713F45.e.190/click - {}
COMMAND: POST /session/da282528c9a71f89062efcb5a5fd14a6/element - {"using":"xpath","value":"//*[@id=\"backBtn\"]"}
RESULT: {"using":"xpath","value":"//*[@id=\"backBtn\"]"}
COMMAND: POST /session/da282528c9a71f89062efcb5a5fd14a6/element/f.67D4DAA2111BE158459CFCFF77127AE0.d.DAF62E716C7D0433AC73870A27713F45.e.190/click - {}
COMMAND: POST /session/da282528c9a71f89062efcb5a5fd14a6/element - {"using":"xpath","value":"//*[@id=\"backBtn\"]"}
RESULT: {"using":"xpath","value":"//*[@id=\"backBtn\"]"}
COMMAND: POST /session/da282528c9a71f89062efcb5a5fd14a6/element/f.67D4DAA2111BE158459CFCFF77127AE0.d.DAF62E716C7D0433AC73870A27713F45.e.477/click - {}
RESULT: {}
COMMAND: GET /session/da282528c9a71f89062efcb5a5fd14a6/screenshot - {}
RESULT: {}
COMMAND: GET /session/da282528c9a71f89062efcb5a5fd14a6/screenshot - {}
COMMAND: DELETE /session/da282528c9a71f89062efcb5a5fd14a6 - {}
RESULT: {}
RESULT: {}
]]></system-out>
    </testcase>
  </testsuite>
</testsuites>